{
  "workload_id": 2601,
  "metadata": {
    "strategy_template": "Momentum Investing Style",
    "ml_model_used": null
  },
  "sql_query": "SELECT sdi.close_price, sdi.company_name, sdi.ma_20d, sdi.market_cap, sdi.momentum_12m, sdi.momentum_3m, sdi.rsi_14, sdi.ticker, sdi.volatility_20d FROM stocks_daily_info sdi WHERE sdi.market = 'KOSPI' AND sdi.market_cap >= 69000000000 AND sdi.event_date = DATE '2023-07-23' ORDER BY sdi.momentum_3m desc, sdi.momentum_12m desc LIMIT 15;",
  "baseline_execution_plan": {
    "Plan": {
      "Node Type": "Limit",
      "Parallel Aware": false,
      "Async Capable": false,
      "Startup Cost": 20.41,
      "Total Cost": 20.41,
      "Plan Rows": 1,
      "Plan Width": 64,
      "Plans": [
        {
          "Node Type": "Sort",
          "Parent Relationship": "Outer",
          "Parallel Aware": false,
          "Async Capable": false,
          "Startup Cost": 20.41,
          "Total Cost": 20.41,
          "Plan Rows": 1,
          "Plan Width": 64,
          "Sort Key": [
            "momentum_3m DESC",
            "momentum_12m DESC"
          ],
          "Plans": [
            {
              "Node Type": "Bitmap Heap Scan",
              "Parent Relationship": "Outer",
              "Parallel Aware": false,
              "Async Capable": false,
              "Relation Name": "stocks_daily_info",
              "Alias": "sdi",
              "Startup Cost": 2.36,
              "Total Cost": 20.4,
              "Plan Rows": 1,
              "Plan Width": 64,
              "Recheck Cond": "(event_date = '2023-07-23'::date)",
              "Filter": "((market_cap >= '69000000000'::numeric) AND (market = 'KOSPI'::text))",
              "Plans": [
                {
                  "Node Type": "Bitmap Index Scan",
                  "Parent Relationship": "Outer",
                  "Parallel Aware": false,
                  "Async Capable": false,
                  "Index Name": "idx_sdi_event_date",
                  "Startup Cost": 0.0,
                  "Total Cost": 2.36,
                  "Plan Rows": 10,
                  "Plan Width": 0,
                  "Index Cond": "(event_date = '2023-07-23'::date)"
                }
              ]
            }
          ]
        }
      ]
    }
  },
  "db_statistics": {
    "table_stats": {
      "stocks_daily_info": {
        "row_count": 12700,
        "size_mb": 1.71
      },
      "fundamentals_daily": {
        "row_count": 12080,
        "size_mb": 2.33
      },
      "financials_quarterly": {
        "row_count": 8634,
        "size_mb": 0.8
      }
    },
    "existing_indexes": [
      "backtest_results_pkey",
      "community_posts_pkey",
      "financials_quarterly_pkey",
      "fundamentals_daily_pkey",
      "idx_finq_period_end",
      "idx_finq_ticker",
      "idx_fund_event_date",
      "idx_fund_ticker",
      "idx_sdi_event_date",
      "idx_sdi_ticker",
      "ix_backtest_results_strategy_id",
      "ix_community_posts_author_id",
      "ix_community_posts_strategy_id",
      "ix_ml_models_owner_id",
      "ix_strategies_owner_id",
      "ix_users_email",
      "ml_models_pkey",
      "stocks_daily_info_pkey",
      "strategies_pkey",
      "users_pkey"
    ]
  }
}
---
{
  "workload_id": 2602,
  "metadata": {
    "strategy_template": "Momentum Investing Style",
    "ml_model_used": null
  },
  "sql_query": "SELECT ( SELECT COALESCE(SUM(value), 0) FROM ( SELECT value FROM financials_quarterly fq WHERE fq.ticker = sdi.ticker AND fq.item_name = 'OperatingIncome' AND fq.statement_type IN ('IS_Q','CF_Q') AND fq.period_end <= DATE '2023-08-14' ORDER BY fq.period_end DESC LIMIT 4 ) as recent_quarters ) AS ttm_operatingincome , sdi.close_price, sdi.company_name, sdi.ma_20d, sdi.market_cap, sdi.momentum_12m, sdi.momentum_3m, sdi.rsi_14, sdi.ticker, sdi.volatility_20d FROM stocks_daily_info sdi WHERE sdi.market = 'KOSPI' AND sdi.market_cap >= 167800000000 AND sdi.event_date = DATE '2023-08-14' ORDER BY sdi.momentum_3m desc, sdi.momentum_12m asc, sdi.volatility_20d desc, sdi.rsi_14 asc LIMIT 43;",
  "baseline_execution_plan": {
    "Plan": {
      "Node Type": "Limit",
      "Parallel Aware": false,
      "Async Capable": false,
      "Startup Cost": 20.41,
      "Total Cost": 24.7,
      "Plan Rows": 1,
      "Plan Width": 96,
      "Plans": [
        {
          "Node Type": "Result",
          "Parent Relationship": "Outer",
          "Parallel Aware": false,
          "Async Capable": false,
          "Startup Cost": 20.41,
          "Total Cost": 24.7,
          "Plan Rows": 1,
          "Plan Width": 96,
          "Plans": [
            {
              "Node Type": "Sort",
              "Parent Relationship": "Outer",
              "Parallel Aware": false,
              "Async Capable": false,
              "Startup Cost": 20.41,
              "Total Cost": 20.41,
              "Plan Rows": 1,
              "Plan Width": 64,
              "Sort Key": [
                "sdi.momentum_3m DESC",
                "sdi.momentum_12m",
                "sdi.volatility_20d DESC",
                "sdi.rsi_14"
              ],
              "Plans": [
                {
                  "Node Type": "Bitmap Heap Scan",
                  "Parent Relationship": "Outer",
                  "Parallel Aware": false,
                  "Async Capable": false,
                  "Relation Name": "stocks_daily_info",
                  "Alias": "sdi",
                  "Startup Cost": 2.36,
                  "Total Cost": 20.4,
                  "Plan Rows": 1,
                  "Plan Width": 64,
                  "Recheck Cond": "(event_date = '2023-08-14'::date)",
                  "Filter": "((market_cap >= '167800000000'::numeric) AND (market = 'KOSPI'::text))",
                  "Plans": [
                    {
                      "Node Type": "Bitmap Index Scan",
                      "Parent Relationship": "Outer",
                      "Parallel Aware": false,
                      "Async Capable": false,
                      "Index Name": "idx_sdi_event_date",
                      "Startup Cost": 0.0,
                      "Total Cost": 2.36,
                      "Plan Rows": 10,
                      "Plan Width": 0,
                      "Index Cond": "(event_date = '2023-08-14'::date)"
                    }
                  ]
                }
              ]
            },
            {
              "Node Type": "Aggregate",
              "Strategy": "Plain",
              "Partial Mode": "Simple",
              "Parent Relationship": "SubPlan",
              "Subplan Name": "SubPlan 1",
              "Parallel Aware": false,
              "Async Capable": false,
              "Startup Cost": 4.27,
              "Total Cost": 4.28,
              "Plan Rows": 1,
              "Plan Width": 32,
              "Plans": [
                {
                  "Node Type": "Limit",
                  "Parent Relationship": "Outer",
                  "Parallel Aware": false,
                  "Async Capable": false,
                  "Startup Cost": 0.29,
                  "Total Cost": 4.25,
                  "Plan Rows": 1,
                  "Plan Width": 12,
                  "Plans": [
                    {
                      "Node Type": "Index Scan",
                      "Parent Relationship": "Outer",
                      "Parallel Aware": false,
                      "Async Capable": false,
                      "Scan Direction": "Backward",
                      "Index Name": "idx_finq_period_end",
                      "Relation Name": "financials_quarterly",
                      "Alias": "fq",
                      "Startup Cost": 0.29,
                      "Total Cost": 4.25,
                      "Plan Rows": 1,
                      "Plan Width": 12,
                      "Index Cond": "(period_end <= '2023-08-14'::date)",
                      "Filter": "((statement_type = ANY ('{IS_Q,CF_Q}'::text[])) AND (ticker = sdi.ticker) AND (item_name = 'OperatingIncome'::text))"
                    }
                  ]
                }
              ]
            }
          ]
        }
      ]
    }
  },
  "db_statistics": {
    "table_stats": {
      "stocks_daily_info": {
        "row_count": 12700,
        "size_mb": 1.71
      },
      "fundamentals_daily": {
        "row_count": 12080,
        "size_mb": 2.33
      },
      "financials_quarterly": {
        "row_count": 8634,
        "size_mb": 0.8
      }
    },
    "existing_indexes": [
      "backtest_results_pkey",
      "community_posts_pkey",
      "financials_quarterly_pkey",
      "fundamentals_daily_pkey",
      "idx_finq_period_end",
      "idx_finq_ticker",
      "idx_fund_event_date",
      "idx_fund_ticker",
      "idx_sdi_event_date",
      "idx_sdi_ticker",
      "ix_backtest_results_strategy_id",
      "ix_community_posts_author_id",
      "ix_community_posts_strategy_id",
      "ix_ml_models_owner_id",
      "ix_strategies_owner_id",
      "ix_users_email",
      "ml_models_pkey",
      "stocks_daily_info_pkey",
      "strategies_pkey",
      "users_pkey"
    ]
  }
}
---
{
  "workload_id": 2603,
  "metadata": {
    "strategy_template": "Momentum Investing Style",
    "ml_model_used": null
  },
  "sql_query": "SELECT ( SELECT COALESCE(SUM(value), 0) FROM ( SELECT value FROM financials_quarterly fq WHERE fq.ticker = sdi.ticker AND fq.item_name = 'OperatingCashFlow' AND fq.statement_type IN ('IS_Q','CF_Q') AND fq.period_end <= DATE '2023-09-20' ORDER BY fq.period_end DESC LIMIT 4 ) as recent_quarters ) AS ttm_operatingcashflow , sdi.close_price, sdi.company_name, sdi.ma_20d, sdi.market_cap, sdi.momentum_12m, sdi.momentum_3m, sdi.rsi_14, sdi.ticker, sdi.volatility_20d FROM stocks_daily_info sdi WHERE sdi.market = 'KOSDAQ' AND sdi.market_cap >= 83000000000 AND sdi.event_date = DATE '2023-09-20' ORDER BY sdi.momentum_3m asc, sdi.momentum_12m asc LIMIT 32;",
  "baseline_execution_plan": {
    "Plan": {
      "Node Type": "Limit",
      "Parallel Aware": false,
      "Async Capable": false,
      "Startup Cost": 20.41,
      "Total Cost": 24.7,
      "Plan Rows": 1,
      "Plan Width": 96,
      "Plans": [
        {
          "Node Type": "Result",
          "Parent Relationship": "Outer",
          "Parallel Aware": false,
          "Async Capable": false,
          "Startup Cost": 20.41,
          "Total Cost": 24.7,
          "Plan Rows": 1,
          "Plan Width": 96,
          "Plans": [
            {
              "Node Type": "Sort",
              "Parent Relationship": "Outer",
              "Parallel Aware": false,
              "Async Capable": false,
              "Startup Cost": 20.41,
              "Total Cost": 20.41,
              "Plan Rows": 1,
              "Plan Width": 64,
              "Sort Key": [
                "sdi.momentum_3m",
                "sdi.momentum_12m"
              ],
              "Plans": [
                {
                  "Node Type": "Bitmap Heap Scan",
                  "Parent Relationship": "Outer",
                  "Parallel Aware": false,
                  "Async Capable": false,
                  "Relation Name": "stocks_daily_info",
                  "Alias": "sdi",
                  "Startup Cost": 2.36,
                  "Total Cost": 20.4,
                  "Plan Rows": 1,
                  "Plan Width": 64,
                  "Recheck Cond": "(event_date = '2023-09-20'::date)",
                  "Filter": "((market_cap >= '83000000000'::numeric) AND (market = 'KOSDAQ'::text))",
                  "Plans": [
                    {
                      "Node Type": "Bitmap Index Scan",
                      "Parent Relationship": "Outer",
                      "Parallel Aware": false,
                      "Async Capable": false,
                      "Index Name": "idx_sdi_event_date",
                      "Startup Cost": 0.0,
                      "Total Cost": 2.36,
                      "Plan Rows": 10,
                      "Plan Width": 0,
                      "Index Cond": "(event_date = '2023-09-20'::date)"
                    }
                  ]
                }
              ]
            },
            {
              "Node Type": "Aggregate",
              "Strategy": "Plain",
              "Partial Mode": "Simple",
              "Parent Relationship": "SubPlan",
              "Subplan Name": "SubPlan 1",
              "Parallel Aware": false,
              "Async Capable": false,
              "Startup Cost": 4.27,
              "Total Cost": 4.28,
              "Plan Rows": 1,
              "Plan Width": 32,
              "Plans": [
                {
                  "Node Type": "Limit",
                  "Parent Relationship": "Outer",
                  "Parallel Aware": false,
                  "Async Capable": false,
                  "Startup Cost": 0.29,
                  "Total Cost": 4.25,
                  "Plan Rows": 1,
                  "Plan Width": 12,
                  "Plans": [
                    {
                      "Node Type": "Index Scan",
                      "Parent Relationship": "Outer",
                      "Parallel Aware": false,
                      "Async Capable": false,
                      "Scan Direction": "Backward",
                      "Index Name": "idx_finq_period_end",
                      "Relation Name": "financials_quarterly",
                      "Alias": "fq",
                      "Startup Cost": 0.29,
                      "Total Cost": 4.25,
                      "Plan Rows": 1,
                      "Plan Width": 12,
                      "Index Cond": "(period_end <= '2023-09-20'::date)",
                      "Filter": "((statement_type = ANY ('{IS_Q,CF_Q}'::text[])) AND (ticker = sdi.ticker) AND (item_name = 'OperatingCashFlow'::text))"
                    }
                  ]
                }
              ]
            }
          ]
        }
      ]
    }
  },
  "db_statistics": {
    "table_stats": {
      "stocks_daily_info": {
        "row_count": 12700,
        "size_mb": 1.71
      },
      "fundamentals_daily": {
        "row_count": 12080,
        "size_mb": 2.33
      },
      "financials_quarterly": {
        "row_count": 8634,
        "size_mb": 0.8
      }
    },
    "existing_indexes": [
      "backtest_results_pkey",
      "community_posts_pkey",
      "financials_quarterly_pkey",
      "fundamentals_daily_pkey",
      "idx_finq_period_end",
      "idx_finq_ticker",
      "idx_fund_event_date",
      "idx_fund_ticker",
      "idx_sdi_event_date",
      "idx_sdi_ticker",
      "ix_backtest_results_strategy_id",
      "ix_community_posts_author_id",
      "ix_community_posts_strategy_id",
      "ix_ml_models_owner_id",
      "ix_strategies_owner_id",
      "ix_users_email",
      "ml_models_pkey",
      "stocks_daily_info_pkey",
      "strategies_pkey",
      "users_pkey"
    ]
  }
}
---
{
  "workload_id": 2604,
  "metadata": {
    "strategy_template": "Value Investing Style",
    "ml_model_used": null
  },
  "sql_query": "SELECT fd.bps, fd.dividend_yield, fd.eps, fd.pbr, fd.per, sdi.close_price, sdi.company_name, sdi.ma_20d, sdi.market_cap, sdi.momentum_12m, sdi.momentum_3m, sdi.rsi_14, sdi.ticker, sdi.volatility_20d FROM stocks_daily_info sdi LEFT JOIN fundamentals_daily fd ON fd.ticker = sdi.ticker AND fd.event_date = sdi.event_date WHERE sdi.market = 'KOSPI' AND sdi.market_cap >= 217500000000 AND sdi.event_date = DATE '2023-10-08' ORDER BY fd.pbr desc, fd.per asc, fd.eps desc LIMIT 22;",
  "baseline_execution_plan": {
    "Plan": {
      "Node Type": "Limit",
      "Parallel Aware": false,
      "Async Capable": false,
      "Startup Cost": 24.72,
      "Total Cost": 24.73,
      "Plan Rows": 1,
      "Plan Width": 105,
      "Plans": [
        {
          "Node Type": "Sort",
          "Parent Relationship": "Outer",
          "Parallel Aware": false,
          "Async Capable": false,
          "Startup Cost": 24.72,
          "Total Cost": 24.73,
          "Plan Rows": 1,
          "Plan Width": 105,
          "Sort Key": [
            "fd.pbr DESC",
            "fd.per",
            "fd.eps DESC"
          ],
          "Plans": [
            {
              "Node Type": "Nested Loop",
              "Parent Relationship": "Outer",
              "Parallel Aware": false,
              "Async Capable": false,
              "Join Type": "Left",
              "Startup Cost": 2.65,
              "Total Cost": 24.71,
              "Plan Rows": 1,
              "Plan Width": 105,
              "Inner Unique": true,
              "Plans": [
                {
                  "Node Type": "Bitmap Heap Scan",
                  "Parent Relationship": "Outer",
                  "Parallel Aware": false,
                  "Async Capable": false,
                  "Relation Name": "stocks_daily_info",
                  "Alias": "sdi",
                  "Startup Cost": 2.36,
                  "Total Cost": 20.4,
                  "Plan Rows": 1,
                  "Plan Width": 68,
                  "Recheck Cond": "(event_date = '2023-10-08'::date)",
                  "Filter": "((market_cap >= '217500000000'::numeric) AND (market = 'KOSPI'::text))",
                  "Plans": [
                    {
                      "Node Type": "Bitmap Index Scan",
                      "Parent Relationship": "Outer",
                      "Parallel Aware": false,
                      "Async Capable": false,
                      "Index Name": "idx_sdi_event_date",
                      "Startup Cost": 0.0,
                      "Total Cost": 2.36,
                      "Plan Rows": 10,
                      "Plan Width": 0,
                      "Index Cond": "(event_date = '2023-10-08'::date)"
                    }
                  ]
                },
                {
                  "Node Type": "Index Scan",
                  "Parent Relationship": "Inner",
                  "Parallel Aware": false,
                  "Async Capable": false,
                  "Scan Direction": "Forward",
                  "Index Name": "fundamentals_daily_pkey",
                  "Relation Name": "fundamentals_daily",
                  "Alias": "fd",
                  "Startup Cost": 0.29,
                  "Total Cost": 4.3,
                  "Plan Rows": 1,
                  "Plan Width": 55,
                  "Index Cond": "((event_date = '2023-10-08'::date) AND (ticker = sdi.ticker))"
                }
              ]
            }
          ]
        }
      ]
    }
  },
  "db_statistics": {
    "table_stats": {
      "stocks_daily_info": {
        "row_count": 12700,
        "size_mb": 1.71
      },
      "fundamentals_daily": {
        "row_count": 12080,
        "size_mb": 2.33
      },
      "financials_quarterly": {
        "row_count": 8634,
        "size_mb": 0.8
      }
    },
    "existing_indexes": [
      "backtest_results_pkey",
      "community_posts_pkey",
      "financials_quarterly_pkey",
      "fundamentals_daily_pkey",
      "idx_finq_period_end",
      "idx_finq_ticker",
      "idx_fund_event_date",
      "idx_fund_ticker",
      "idx_sdi_event_date",
      "idx_sdi_ticker",
      "ix_backtest_results_strategy_id",
      "ix_community_posts_author_id",
      "ix_community_posts_strategy_id",
      "ix_ml_models_owner_id",
      "ix_strategies_owner_id",
      "ix_users_email",
      "ml_models_pkey",
      "stocks_daily_info_pkey",
      "strategies_pkey",
      "users_pkey"
    ]
  }
}
---
{
  "workload_id": 2605,
  "metadata": {
    "strategy_template": "Momentum Investing Style",
    "ml_model_used": null
  },
  "sql_query": "SELECT sdi.close_price, sdi.company_name, sdi.ma_20d, sdi.market_cap, sdi.momentum_12m, sdi.momentum_3m, sdi.rsi_14, sdi.ticker, sdi.volatility_20d FROM stocks_daily_info sdi WHERE sdi.market = 'KOSPI' AND sdi.market_cap >= 306100000000 AND sdi.event_date = DATE '2023-09-01' ORDER BY sdi.momentum_3m desc, sdi.momentum_12m asc, sdi.volatility_20d asc LIMIT 32;",
  "baseline_execution_plan": {
    "Plan": {
      "Node Type": "Limit",
      "Parallel Aware": false,
      "Async Capable": false,
      "Startup Cost": 20.41,
      "Total Cost": 20.41,
      "Plan Rows": 1,
      "Plan Width": 64,
      "Plans": [
        {
          "Node Type": "Sort",
          "Parent Relationship": "Outer",
          "Parallel Aware": false,
          "Async Capable": false,
          "Startup Cost": 20.41,
          "Total Cost": 20.41,
          "Plan Rows": 1,
          "Plan Width": 64,
          "Sort Key": [
            "momentum_3m DESC",
            "momentum_12m",
            "volatility_20d"
          ],
          "Plans": [
            {
              "Node Type": "Bitmap Heap Scan",
              "Parent Relationship": "Outer",
              "Parallel Aware": false,
              "Async Capable": false,
              "Relation Name": "stocks_daily_info",
              "Alias": "sdi",
              "Startup Cost": 2.36,
              "Total Cost": 20.4,
              "Plan Rows": 1,
              "Plan Width": 64,
              "Recheck Cond": "(event_date = '2023-09-01'::date)",
              "Filter": "((market_cap >= '306100000000'::numeric) AND (market = 'KOSPI'::text))",
              "Plans": [
                {
                  "Node Type": "Bitmap Index Scan",
                  "Parent Relationship": "Outer",
                  "Parallel Aware": false,
                  "Async Capable": false,
                  "Index Name": "idx_sdi_event_date",
                  "Startup Cost": 0.0,
                  "Total Cost": 2.36,
                  "Plan Rows": 10,
                  "Plan Width": 0,
                  "Index Cond": "(event_date = '2023-09-01'::date)"
                }
              ]
            }
          ]
        }
      ]
    }
  },
  "db_statistics": {
    "table_stats": {
      "stocks_daily_info": {
        "row_count": 12700,
        "size_mb": 1.71
      },
      "fundamentals_daily": {
        "row_count": 12080,
        "size_mb": 2.33
      },
      "financials_quarterly": {
        "row_count": 8634,
        "size_mb": 0.8
      }
    },
    "existing_indexes": [
      "backtest_results_pkey",
      "community_posts_pkey",
      "financials_quarterly_pkey",
      "fundamentals_daily_pkey",
      "idx_finq_period_end",
      "idx_finq_ticker",
      "idx_fund_event_date",
      "idx_fund_ticker",
      "idx_sdi_event_date",
      "idx_sdi_ticker",
      "ix_backtest_results_strategy_id",
      "ix_community_posts_author_id",
      "ix_community_posts_strategy_id",
      "ix_ml_models_owner_id",
      "ix_strategies_owner_id",
      "ix_users_email",
      "ml_models_pkey",
      "stocks_daily_info_pkey",
      "strategies_pkey",
      "users_pkey"
    ]
  }
}
---
{
  "workload_id": 2606,
  "metadata": {
    "strategy_template": "ML Hybrid Style",
    "ml_model_used": null
  },
  "sql_query": "SELECT fd.bps, fd.dividend_yield, fd.eps, fd.pbr, fd.per, sdi.close_price, sdi.company_name, sdi.ma_20d, sdi.market_cap, sdi.momentum_12m, sdi.momentum_3m, sdi.rsi_14, sdi.ticker, sdi.volatility_20d FROM stocks_daily_info sdi LEFT JOIN fundamentals_daily fd ON fd.ticker = sdi.ticker AND fd.event_date = sdi.event_date WHERE sdi.market = 'KOSDAQ' AND sdi.market_cap >= 128600000000 AND sdi.event_date = DATE '2023-05-06' ORDER BY sdi.momentum_3m desc, fd.pbr desc, sdi.volatility_20d desc LIMIT 35;",
  "baseline_execution_plan": {
    "Plan": {
      "Node Type": "Limit",
      "Parallel Aware": false,
      "Async Capable": false,
      "Startup Cost": 24.72,
      "Total Cost": 24.73,
      "Plan Rows": 1,
      "Plan Width": 105,
      "Plans": [
        {
          "Node Type": "Sort",
          "Parent Relationship": "Outer",
          "Parallel Aware": false,
          "Async Capable": false,
          "Startup Cost": 24.72,
          "Total Cost": 24.73,
          "Plan Rows": 1,
          "Plan Width": 105,
          "Sort Key": [
            "sdi.momentum_3m DESC",
            "fd.pbr DESC",
            "sdi.volatility_20d DESC"
          ],
          "Plans": [
            {
              "Node Type": "Nested Loop",
              "Parent Relationship": "Outer",
              "Parallel Aware": false,
              "Async Capable": false,
              "Join Type": "Left",
              "Startup Cost": 2.65,
              "Total Cost": 24.71,
              "Plan Rows": 1,
              "Plan Width": 105,
              "Inner Unique": true,
              "Plans": [
                {
                  "Node Type": "Bitmap Heap Scan",
                  "Parent Relationship": "Outer",
                  "Parallel Aware": false,
                  "Async Capable": false,
                  "Relation Name": "stocks_daily_info",
                  "Alias": "sdi",
                  "Startup Cost": 2.36,
                  "Total Cost": 20.4,
                  "Plan Rows": 1,
                  "Plan Width": 68,
                  "Recheck Cond": "(event_date = '2023-05-06'::date)",
                  "Filter": "((market_cap >= '128600000000'::numeric) AND (market = 'KOSDAQ'::text))",
                  "Plans": [
                    {
                      "Node Type": "Bitmap Index Scan",
                      "Parent Relationship": "Outer",
                      "Parallel Aware": false,
                      "Async Capable": false,
                      "Index Name": "idx_sdi_event_date",
                      "Startup Cost": 0.0,
                      "Total Cost": 2.36,
                      "Plan Rows": 10,
                      "Plan Width": 0,
                      "Index Cond": "(event_date = '2023-05-06'::date)"
                    }
                  ]
                },
                {
                  "Node Type": "Index Scan",
                  "Parent Relationship": "Inner",
                  "Parallel Aware": false,
                  "Async Capable": false,
                  "Scan Direction": "Forward",
                  "Index Name": "fundamentals_daily_pkey",
                  "Relation Name": "fundamentals_daily",
                  "Alias": "fd",
                  "Startup Cost": 0.29,
                  "Total Cost": 4.3,
                  "Plan Rows": 1,
                  "Plan Width": 55,
                  "Index Cond": "((event_date = '2023-05-06'::date) AND (ticker = sdi.ticker))"
                }
              ]
            }
          ]
        }
      ]
    }
  },
  "db_statistics": {
    "table_stats": {
      "stocks_daily_info": {
        "row_count": 12700,
        "size_mb": 1.71
      },
      "fundamentals_daily": {
        "row_count": 12080,
        "size_mb": 2.33
      },
      "financials_quarterly": {
        "row_count": 8634,
        "size_mb": 0.8
      }
    },
    "existing_indexes": [
      "backtest_results_pkey",
      "community_posts_pkey",
      "financials_quarterly_pkey",
      "fundamentals_daily_pkey",
      "idx_finq_period_end",
      "idx_finq_ticker",
      "idx_fund_event_date",
      "idx_fund_ticker",
      "idx_sdi_event_date",
      "idx_sdi_ticker",
      "ix_backtest_results_strategy_id",
      "ix_community_posts_author_id",
      "ix_community_posts_strategy_id",
      "ix_ml_models_owner_id",
      "ix_strategies_owner_id",
      "ix_users_email",
      "ml_models_pkey",
      "stocks_daily_info_pkey",
      "strategies_pkey",
      "users_pkey"
    ]
  }
}
---
{
  "workload_id": 2607,
  "metadata": {
    "strategy_template": "Momentum Investing Style",
    "ml_model_used": null
  },
  "sql_query": "SELECT sdi.close_price, sdi.company_name, sdi.ma_20d, sdi.market_cap, sdi.momentum_12m, sdi.momentum_3m, sdi.rsi_14, sdi.ticker, sdi.volatility_20d FROM stocks_daily_info sdi WHERE sdi.market = 'KOSPI' AND sdi.market_cap >= 76900000000 AND sdi.event_date = DATE '2023-06-13' ORDER BY sdi.momentum_3m desc, sdi.momentum_12m desc, sdi.volatility_20d asc LIMIT 49;",
  "baseline_execution_plan": {
    "Plan": {
      "Node Type": "Limit",
      "Parallel Aware": false,
      "Async Capable": false,
      "Startup Cost": 20.41,
      "Total Cost": 20.41,
      "Plan Rows": 1,
      "Plan Width": 64,
      "Plans": [
        {
          "Node Type": "Sort",
          "Parent Relationship": "Outer",
          "Parallel Aware": false,
          "Async Capable": false,
          "Startup Cost": 20.41,
          "Total Cost": 20.41,
          "Plan Rows": 1,
          "Plan Width": 64,
          "Sort Key": [
            "momentum_3m DESC",
            "momentum_12m DESC",
            "volatility_20d"
          ],
          "Plans": [
            {
              "Node Type": "Bitmap Heap Scan",
              "Parent Relationship": "Outer",
              "Parallel Aware": false,
              "Async Capable": false,
              "Relation Name": "stocks_daily_info",
              "Alias": "sdi",
              "Startup Cost": 2.36,
              "Total Cost": 20.4,
              "Plan Rows": 1,
              "Plan Width": 64,
              "Recheck Cond": "(event_date = '2023-06-13'::date)",
              "Filter": "((market_cap >= '76900000000'::numeric) AND (market = 'KOSPI'::text))",
              "Plans": [
                {
                  "Node Type": "Bitmap Index Scan",
                  "Parent Relationship": "Outer",
                  "Parallel Aware": false,
                  "Async Capable": false,
                  "Index Name": "idx_sdi_event_date",
                  "Startup Cost": 0.0,
                  "Total Cost": 2.36,
                  "Plan Rows": 10,
                  "Plan Width": 0,
                  "Index Cond": "(event_date = '2023-06-13'::date)"
                }
              ]
            }
          ]
        }
      ]
    }
  },
  "db_statistics": {
    "table_stats": {
      "stocks_daily_info": {
        "row_count": 12700,
        "size_mb": 1.71
      },
      "fundamentals_daily": {
        "row_count": 12080,
        "size_mb": 2.33
      },
      "financials_quarterly": {
        "row_count": 8634,
        "size_mb": 0.8
      }
    },
    "existing_indexes": [
      "backtest_results_pkey",
      "community_posts_pkey",
      "financials_quarterly_pkey",
      "fundamentals_daily_pkey",
      "idx_finq_period_end",
      "idx_finq_ticker",
      "idx_fund_event_date",
      "idx_fund_ticker",
      "idx_sdi_event_date",
      "idx_sdi_ticker",
      "ix_backtest_results_strategy_id",
      "ix_community_posts_author_id",
      "ix_community_posts_strategy_id",
      "ix_ml_models_owner_id",
      "ix_strategies_owner_id",
      "ix_users_email",
      "ml_models_pkey",
      "stocks_daily_info_pkey",
      "strategies_pkey",
      "users_pkey"
    ]
  }
}
---
{
  "workload_id": 2608,
  "metadata": {
    "strategy_template": "Value Investing Style",
    "ml_model_used": null
  },
  "sql_query": "SELECT fd.bps, fd.dividend_yield, fd.eps, fd.pbr, fd.per, sdi.close_price, sdi.company_name, sdi.ma_20d, sdi.market_cap, sdi.momentum_12m, sdi.momentum_3m, sdi.rsi_14, sdi.ticker, sdi.volatility_20d FROM stocks_daily_info sdi LEFT JOIN fundamentals_daily fd ON fd.ticker = sdi.ticker AND fd.event_date = sdi.event_date WHERE sdi.market = 'KOSDAQ' AND sdi.market_cap >= 227600000000 AND sdi.event_date = DATE '2023-10-12' ORDER BY fd.pbr asc, fd.per desc, fd.dividend_yield desc LIMIT 13;",
  "baseline_execution_plan": {
    "Plan": {
      "Node Type": "Limit",
      "Parallel Aware": false,
      "Async Capable": false,
      "Startup Cost": 24.72,
      "Total Cost": 24.73,
      "Plan Rows": 1,
      "Plan Width": 105,
      "Plans": [
        {
          "Node Type": "Sort",
          "Parent Relationship": "Outer",
          "Parallel Aware": false,
          "Async Capable": false,
          "Startup Cost": 24.72,
          "Total Cost": 24.73,
          "Plan Rows": 1,
          "Plan Width": 105,
          "Sort Key": [
            "fd.pbr",
            "fd.per DESC",
            "fd.dividend_yield DESC"
          ],
          "Plans": [
            {
              "Node Type": "Nested Loop",
              "Parent Relationship": "Outer",
              "Parallel Aware": false,
              "Async Capable": false,
              "Join Type": "Left",
              "Startup Cost": 2.65,
              "Total Cost": 24.71,
              "Plan Rows": 1,
              "Plan Width": 105,
              "Inner Unique": true,
              "Plans": [
                {
                  "Node Type": "Bitmap Heap Scan",
                  "Parent Relationship": "Outer",
                  "Parallel Aware": false,
                  "Async Capable": false,
                  "Relation Name": "stocks_daily_info",
                  "Alias": "sdi",
                  "Startup Cost": 2.36,
                  "Total Cost": 20.4,
                  "Plan Rows": 1,
                  "Plan Width": 68,
                  "Recheck Cond": "(event_date = '2023-10-12'::date)",
                  "Filter": "((market_cap >= '227600000000'::numeric) AND (market = 'KOSDAQ'::text))",
                  "Plans": [
                    {
                      "Node Type": "Bitmap Index Scan",
                      "Parent Relationship": "Outer",
                      "Parallel Aware": false,
                      "Async Capable": false,
                      "Index Name": "idx_sdi_event_date",
                      "Startup Cost": 0.0,
                      "Total Cost": 2.36,
                      "Plan Rows": 10,
                      "Plan Width": 0,
                      "Index Cond": "(event_date = '2023-10-12'::date)"
                    }
                  ]
                },
                {
                  "Node Type": "Index Scan",
                  "Parent Relationship": "Inner",
                  "Parallel Aware": false,
                  "Async Capable": false,
                  "Scan Direction": "Forward",
                  "Index Name": "fundamentals_daily_pkey",
                  "Relation Name": "fundamentals_daily",
                  "Alias": "fd",
                  "Startup Cost": 0.29,
                  "Total Cost": 4.3,
                  "Plan Rows": 1,
                  "Plan Width": 55,
                  "Index Cond": "((event_date = '2023-10-12'::date) AND (ticker = sdi.ticker))"
                }
              ]
            }
          ]
        }
      ]
    }
  },
  "db_statistics": {
    "table_stats": {
      "stocks_daily_info": {
        "row_count": 12700,
        "size_mb": 1.71
      },
      "fundamentals_daily": {
        "row_count": 12080,
        "size_mb": 2.33
      },
      "financials_quarterly": {
        "row_count": 8634,
        "size_mb": 0.8
      }
    },
    "existing_indexes": [
      "backtest_results_pkey",
      "community_posts_pkey",
      "financials_quarterly_pkey",
      "fundamentals_daily_pkey",
      "idx_finq_period_end",
      "idx_finq_ticker",
      "idx_fund_event_date",
      "idx_fund_ticker",
      "idx_sdi_event_date",
      "idx_sdi_ticker",
      "ix_backtest_results_strategy_id",
      "ix_community_posts_author_id",
      "ix_community_posts_strategy_id",
      "ix_ml_models_owner_id",
      "ix_strategies_owner_id",
      "ix_users_email",
      "ml_models_pkey",
      "stocks_daily_info_pkey",
      "strategies_pkey",
      "users_pkey"
    ]
  }
}
---
{
  "workload_id": 2609,
  "metadata": {
    "strategy_template": "ML Hybrid Style",
    "ml_model_used": "Return Forecast Model"
  },
  "sql_query": "SELECT ( SELECT COALESCE(SUM(value), 0) FROM ( SELECT value FROM financials_quarterly fq WHERE fq.ticker = sdi.ticker AND fq.item_name = 'OperatingIncome' AND fq.statement_type IN ('IS_Q','CF_Q') AND fq.period_end <= DATE '2023-05-18' ORDER BY fq.period_end DESC LIMIT 4 ) as recent_quarters ) AS ttm_operatingincome , sdi.close_price, sdi.company_name, sdi.ma_20d, sdi.market_cap, sdi.momentum_12m, sdi.momentum_3m, sdi.rsi_14, sdi.ticker, sdi.volatility_20d FROM stocks_daily_info sdi WHERE sdi.market = 'KOSPI' AND sdi.market_cap >= 392600000000 AND sdi.event_date = DATE '2023-05-18' ORDER BY CASE sdi.ticker WHEN '000660.KS' THEN 1 WHEN '005930.KS' THEN 2 WHEN '068270.KQ' THEN 3 WHEN '207940.KS' THEN 4 WHEN '035420.KS' THEN 5 WHEN '005380.KS' THEN 6 WHEN '051910.KS' THEN 7 WHEN '012330.KS' THEN 8 WHEN '035720.KS' THEN 9 WHEN '105560.KS' THEN 10 ELSE 11 END LIMIT 35;",
  "baseline_execution_plan": {
    "Plan": {
      "Node Type": "Limit",
      "Parallel Aware": false,
      "Async Capable": false,
      "Startup Cost": 20.43,
      "Total Cost": 24.75,
      "Plan Rows": 1,
      "Plan Width": 100,
      "Plans": [
        {
          "Node Type": "Result",
          "Parent Relationship": "Outer",
          "Parallel Aware": false,
          "Async Capable": false,
          "Startup Cost": 20.43,
          "Total Cost": 24.75,
          "Plan Rows": 1,
          "Plan Width": 100,
          "Plans": [
            {
              "Node Type": "Sort",
              "Parent Relationship": "Outer",
              "Parallel Aware": false,
              "Async Capable": false,
              "Startup Cost": 20.43,
              "Total Cost": 20.44,
              "Plan Rows": 1,
              "Plan Width": 68,
              "Sort Key": [
                "(CASE sdi.ticker WHEN '000660.KS'::text THEN 1 WHEN '005930.KS'::text THEN 2 WHEN '068270.KQ'::text THEN 3 WHEN '207940.KS'::text THEN 4 WHEN '035420.KS'::text THEN 5 WHEN '005380.KS'::text THEN 6 WHEN '051910.KS'::text THEN 7 WHEN '012330.KS'::text THEN 8 WHEN '035720.KS'::text THEN 9 WHEN '105560.KS'::text THEN 10 ELSE 11 END)"
              ],
              "Plans": [
                {
                  "Node Type": "Bitmap Heap Scan",
                  "Parent Relationship": "Outer",
                  "Parallel Aware": false,
                  "Async Capable": false,
                  "Relation Name": "stocks_daily_info",
                  "Alias": "sdi",
                  "Startup Cost": 2.36,
                  "Total Cost": 20.42,
                  "Plan Rows": 1,
                  "Plan Width": 68,
                  "Recheck Cond": "(event_date = '2023-05-18'::date)",
                  "Filter": "((market_cap >= '392600000000'::numeric) AND (market = 'KOSPI'::text))",
                  "Plans": [
                    {
                      "Node Type": "Bitmap Index Scan",
                      "Parent Relationship": "Outer",
                      "Parallel Aware": false,
                      "Async Capable": false,
                      "Index Name": "idx_sdi_event_date",
                      "Startup Cost": 0.0,
                      "Total Cost": 2.36,
                      "Plan Rows": 10,
                      "Plan Width": 0,
                      "Index Cond": "(event_date = '2023-05-18'::date)"
                    }
                  ]
                }
              ]
            },
            {
              "Node Type": "Aggregate",
              "Strategy": "Plain",
              "Partial Mode": "Simple",
              "Parent Relationship": "SubPlan",
              "Subplan Name": "SubPlan 1",
              "Parallel Aware": false,
              "Async Capable": false,
              "Startup Cost": 4.27,
              "Total Cost": 4.28,
              "Plan Rows": 1,
              "Plan Width": 32,
              "Plans": [
                {
                  "Node Type": "Limit",
                  "Parent Relationship": "Outer",
                  "Parallel Aware": false,
                  "Async Capable": false,
                  "Startup Cost": 0.29,
                  "Total Cost": 4.25,
                  "Plan Rows": 1,
                  "Plan Width": 12,
                  "Plans": [
                    {
                      "Node Type": "Index Scan",
                      "Parent Relationship": "Outer",
                      "Parallel Aware": false,
                      "Async Capable": false,
                      "Scan Direction": "Backward",
                      "Index Name": "idx_finq_period_end",
                      "Relation Name": "financials_quarterly",
                      "Alias": "fq",
                      "Startup Cost": 0.29,
                      "Total Cost": 4.25,
                      "Plan Rows": 1,
                      "Plan Width": 12,
                      "Index Cond": "(period_end <= '2023-05-18'::date)",
                      "Filter": "((statement_type = ANY ('{IS_Q,CF_Q}'::text[])) AND (ticker = sdi.ticker) AND (item_name = 'OperatingIncome'::text))"
                    }
                  ]
                }
              ]
            }
          ]
        }
      ]
    }
  },
  "db_statistics": {
    "table_stats": {
      "stocks_daily_info": {
        "row_count": 12700,
        "size_mb": 1.71
      },
      "fundamentals_daily": {
        "row_count": 12080,
        "size_mb": 2.33
      },
      "financials_quarterly": {
        "row_count": 8634,
        "size_mb": 0.8
      }
    },
    "existing_indexes": [
      "backtest_results_pkey",
      "community_posts_pkey",
      "financials_quarterly_pkey",
      "fundamentals_daily_pkey",
      "idx_finq_period_end",
      "idx_finq_ticker",
      "idx_fund_event_date",
      "idx_fund_ticker",
      "idx_sdi_event_date",
      "idx_sdi_ticker",
      "ix_backtest_results_strategy_id",
      "ix_community_posts_author_id",
      "ix_community_posts_strategy_id",
      "ix_ml_models_owner_id",
      "ix_strategies_owner_id",
      "ix_users_email",
      "ml_models_pkey",
      "stocks_daily_info_pkey",
      "strategies_pkey",
      "users_pkey"
    ]
  }
}
---
{
  "workload_id": 2610,
  "metadata": {
    "strategy_template": "Value Investing Style",
    "ml_model_used": null
  },
  "sql_query": "SELECT fd.bps, fd.dividend_yield, fd.eps, fd.pbr, fd.per, sdi.close_price, sdi.company_name, sdi.ma_20d, sdi.market_cap, sdi.momentum_12m, sdi.momentum_3m, sdi.rsi_14, sdi.ticker, sdi.volatility_20d FROM stocks_daily_info sdi LEFT JOIN fundamentals_daily fd ON fd.ticker = sdi.ticker AND fd.event_date = sdi.event_date WHERE sdi.market = 'KOSPI' AND sdi.market_cap >= 461100000000 AND sdi.event_date = DATE '2023-09-26' ORDER BY fd.pbr asc, fd.per asc LIMIT 14;",
  "baseline_execution_plan": {
    "Plan": {
      "Node Type": "Limit",
      "Parallel Aware": false,
      "Async Capable": false,
      "Startup Cost": 24.72,
      "Total Cost": 24.73,
      "Plan Rows": 1,
      "Plan Width": 105,
      "Plans": [
        {
          "Node Type": "Sort",
          "Parent Relationship": "Outer",
          "Parallel Aware": false,
          "Async Capable": false,
          "Startup Cost": 24.72,
          "Total Cost": 24.73,
          "Plan Rows": 1,
          "Plan Width": 105,
          "Sort Key": [
            "fd.pbr",
            "fd.per"
          ],
          "Plans": [
            {
              "Node Type": "Nested Loop",
              "Parent Relationship": "Outer",
              "Parallel Aware": false,
              "Async Capable": false,
              "Join Type": "Left",
              "Startup Cost": 2.65,
              "Total Cost": 24.71,
              "Plan Rows": 1,
              "Plan Width": 105,
              "Inner Unique": true,
              "Plans": [
                {
                  "Node Type": "Bitmap Heap Scan",
                  "Parent Relationship": "Outer",
                  "Parallel Aware": false,
                  "Async Capable": false,
                  "Relation Name": "stocks_daily_info",
                  "Alias": "sdi",
                  "Startup Cost": 2.36,
                  "Total Cost": 20.4,
                  "Plan Rows": 1,
                  "Plan Width": 68,
                  "Recheck Cond": "(event_date = '2023-09-26'::date)",
                  "Filter": "((market_cap >= '461100000000'::numeric) AND (market = 'KOSPI'::text))",
                  "Plans": [
                    {
                      "Node Type": "Bitmap Index Scan",
                      "Parent Relationship": "Outer",
                      "Parallel Aware": false,
                      "Async Capable": false,
                      "Index Name": "idx_sdi_event_date",
                      "Startup Cost": 0.0,
                      "Total Cost": 2.36,
                      "Plan Rows": 10,
                      "Plan Width": 0,
                      "Index Cond": "(event_date = '2023-09-26'::date)"
                    }
                  ]
                },
                {
                  "Node Type": "Index Scan",
                  "Parent Relationship": "Inner",
                  "Parallel Aware": false,
                  "Async Capable": false,
                  "Scan Direction": "Forward",
                  "Index Name": "fundamentals_daily_pkey",
                  "Relation Name": "fundamentals_daily",
                  "Alias": "fd",
                  "Startup Cost": 0.29,
                  "Total Cost": 4.3,
                  "Plan Rows": 1,
                  "Plan Width": 55,
                  "Index Cond": "((event_date = '2023-09-26'::date) AND (ticker = sdi.ticker))"
                }
              ]
            }
          ]
        }
      ]
    }
  },
  "db_statistics": {
    "table_stats": {
      "stocks_daily_info": {
        "row_count": 12700,
        "size_mb": 1.71
      },
      "fundamentals_daily": {
        "row_count": 12080,
        "size_mb": 2.33
      },
      "financials_quarterly": {
        "row_count": 8634,
        "size_mb": 0.8
      }
    },
    "existing_indexes": [
      "backtest_results_pkey",
      "community_posts_pkey",
      "financials_quarterly_pkey",
      "fundamentals_daily_pkey",
      "idx_finq_period_end",
      "idx_finq_ticker",
      "idx_fund_event_date",
      "idx_fund_ticker",
      "idx_sdi_event_date",
      "idx_sdi_ticker",
      "ix_backtest_results_strategy_id",
      "ix_community_posts_author_id",
      "ix_community_posts_strategy_id",
      "ix_ml_models_owner_id",
      "ix_strategies_owner_id",
      "ix_users_email",
      "ml_models_pkey",
      "stocks_daily_info_pkey",
      "strategies_pkey",
      "users_pkey"
    ]
  }
}
---
{
  "workload_id": 2611,
  "metadata": {
    "strategy_template": "ML Hybrid Style",
    "ml_model_used": null
  },
  "sql_query": "SELECT ( SELECT COALESCE(SUM(value), 0) FROM ( SELECT value FROM financials_quarterly fq WHERE fq.ticker = sdi.ticker AND fq.item_name = 'OperatingCashFlow' AND fq.statement_type IN ('IS_Q','CF_Q') AND fq.period_end <= DATE '2023-05-06' ORDER BY fq.period_end DESC LIMIT 4 ) as recent_quarters ) AS ttm_operatingcashflow , sdi.close_price, sdi.company_name, sdi.ma_20d, sdi.market_cap, sdi.momentum_12m, sdi.momentum_3m, sdi.rsi_14, sdi.ticker, sdi.volatility_20d FROM stocks_daily_info sdi WHERE sdi.market = 'KOSPI' AND sdi.market_cap >= 317200000000 AND sdi.event_date = DATE '2023-05-06' ORDER BY sdi.market_cap DESC LIMIT 17;",
  "baseline_execution_plan": {
    "Plan": {
      "Node Type": "Limit",
      "Parallel Aware": false,
      "Async Capable": false,
      "Startup Cost": 20.41,
      "Total Cost": 24.7,
      "Plan Rows": 1,
      "Plan Width": 96,
      "Plans": [
        {
          "Node Type": "Result",
          "Parent Relationship": "Outer",
          "Parallel Aware": false,
          "Async Capable": false,
          "Startup Cost": 20.41,
          "Total Cost": 24.7,
          "Plan Rows": 1,
          "Plan Width": 96,
          "Plans": [
            {
              "Node Type": "Sort",
              "Parent Relationship": "Outer",
              "Parallel Aware": false,
              "Async Capable": false,
              "Startup Cost": 20.41,
              "Total Cost": 20.41,
              "Plan Rows": 1,
              "Plan Width": 64,
              "Sort Key": [
                "sdi.market_cap DESC"
              ],
              "Plans": [
                {
                  "Node Type": "Bitmap Heap Scan",
                  "Parent Relationship": "Outer",
                  "Parallel Aware": false,
                  "Async Capable": false,
                  "Relation Name": "stocks_daily_info",
                  "Alias": "sdi",
                  "Startup Cost": 2.36,
                  "Total Cost": 20.4,
                  "Plan Rows": 1,
                  "Plan Width": 64,
                  "Recheck Cond": "(event_date = '2023-05-06'::date)",
                  "Filter": "((market_cap >= '317200000000'::numeric) AND (market = 'KOSPI'::text))",
                  "Plans": [
                    {
                      "Node Type": "Bitmap Index Scan",
                      "Parent Relationship": "Outer",
                      "Parallel Aware": false,
                      "Async Capable": false,
                      "Index Name": "idx_sdi_event_date",
                      "Startup Cost": 0.0,
                      "Total Cost": 2.36,
                      "Plan Rows": 10,
                      "Plan Width": 0,
                      "Index Cond": "(event_date = '2023-05-06'::date)"
                    }
                  ]
                }
              ]
            },
            {
              "Node Type": "Aggregate",
              "Strategy": "Plain",
              "Partial Mode": "Simple",
              "Parent Relationship": "SubPlan",
              "Subplan Name": "SubPlan 1",
              "Parallel Aware": false,
              "Async Capable": false,
              "Startup Cost": 4.27,
              "Total Cost": 4.28,
              "Plan Rows": 1,
              "Plan Width": 32,
              "Plans": [
                {
                  "Node Type": "Limit",
                  "Parent Relationship": "Outer",
                  "Parallel Aware": false,
                  "Async Capable": false,
                  "Startup Cost": 0.29,
                  "Total Cost": 4.25,
                  "Plan Rows": 1,
                  "Plan Width": 12,
                  "Plans": [
                    {
                      "Node Type": "Index Scan",
                      "Parent Relationship": "Outer",
                      "Parallel Aware": false,
                      "Async Capable": false,
                      "Scan Direction": "Backward",
                      "Index Name": "idx_finq_period_end",
                      "Relation Name": "financials_quarterly",
                      "Alias": "fq",
                      "Startup Cost": 0.29,
                      "Total Cost": 4.25,
                      "Plan Rows": 1,
                      "Plan Width": 12,
                      "Index Cond": "(period_end <= '2023-05-06'::date)",
                      "Filter": "((statement_type = ANY ('{IS_Q,CF_Q}'::text[])) AND (ticker = sdi.ticker) AND (item_name = 'OperatingCashFlow'::text))"
                    }
                  ]
                }
              ]
            }
          ]
        }
      ]
    }
  },
  "db_statistics": {
    "table_stats": {
      "stocks_daily_info": {
        "row_count": 12700,
        "size_mb": 1.71
      },
      "fundamentals_daily": {
        "row_count": 12080,
        "size_mb": 2.33
      },
      "financials_quarterly": {
        "row_count": 8634,
        "size_mb": 0.8
      }
    },
    "existing_indexes": [
      "backtest_results_pkey",
      "community_posts_pkey",
      "financials_quarterly_pkey",
      "fundamentals_daily_pkey",
      "idx_finq_period_end",
      "idx_finq_ticker",
      "idx_fund_event_date",
      "idx_fund_ticker",
      "idx_sdi_event_date",
      "idx_sdi_ticker",
      "ix_backtest_results_strategy_id",
      "ix_community_posts_author_id",
      "ix_community_posts_strategy_id",
      "ix_ml_models_owner_id",
      "ix_strategies_owner_id",
      "ix_users_email",
      "ml_models_pkey",
      "stocks_daily_info_pkey",
      "strategies_pkey",
      "users_pkey"
    ]
  }
}
---
{
  "workload_id": 2612,
  "metadata": {
    "strategy_template": "ML Hybrid Style",
    "ml_model_used": "Return Forecast Model"
  },
  "sql_query": "SELECT sdi.close_price, sdi.company_name, sdi.ma_20d, sdi.market_cap, sdi.momentum_12m, sdi.momentum_3m, sdi.rsi_14, sdi.ticker, sdi.volatility_20d FROM stocks_daily_info sdi WHERE sdi.market = 'KOSPI' AND sdi.market_cap >= 206100000000 AND sdi.event_date = DATE '2023-08-21' ORDER BY CASE sdi.ticker WHEN '000660.KS' THEN 1 WHEN '005930.KS' THEN 2 WHEN '068270.KQ' THEN 3 WHEN '207940.KS' THEN 4 WHEN '035420.KS' THEN 5 WHEN '005380.KS' THEN 6 WHEN '051910.KS' THEN 7 WHEN '012330.KS' THEN 8 WHEN '035720.KS' THEN 9 WHEN '105560.KS' THEN 10 ELSE 11 END LIMIT 17;",
  "baseline_execution_plan": {
    "Plan": {
      "Node Type": "Limit",
      "Parallel Aware": false,
      "Async Capable": false,
      "Startup Cost": 20.43,
      "Total Cost": 20.44,
      "Plan Rows": 1,
      "Plan Width": 68,
      "Plans": [
        {
          "Node Type": "Sort",
          "Parent Relationship": "Outer",
          "Parallel Aware": false,
          "Async Capable": false,
          "Startup Cost": 20.43,
          "Total Cost": 20.44,
          "Plan Rows": 1,
          "Plan Width": 68,
          "Sort Key": [
            "(CASE ticker WHEN '000660.KS'::text THEN 1 WHEN '005930.KS'::text THEN 2 WHEN '068270.KQ'::text THEN 3 WHEN '207940.KS'::text THEN 4 WHEN '035420.KS'::text THEN 5 WHEN '005380.KS'::text THEN 6 WHEN '051910.KS'::text THEN 7 WHEN '012330.KS'::text THEN 8 WHEN '035720.KS'::text THEN 9 WHEN '105560.KS'::text THEN 10 ELSE 11 END)"
          ],
          "Plans": [
            {
              "Node Type": "Bitmap Heap Scan",
              "Parent Relationship": "Outer",
              "Parallel Aware": false,
              "Async Capable": false,
              "Relation Name": "stocks_daily_info",
              "Alias": "sdi",
              "Startup Cost": 2.36,
              "Total Cost": 20.42,
              "Plan Rows": 1,
              "Plan Width": 68,
              "Recheck Cond": "(event_date = '2023-08-21'::date)",
              "Filter": "((market_cap >= '206100000000'::numeric) AND (market = 'KOSPI'::text))",
              "Plans": [
                {
                  "Node Type": "Bitmap Index Scan",
                  "Parent Relationship": "Outer",
                  "Parallel Aware": false,
                  "Async Capable": false,
                  "Index Name": "idx_sdi_event_date",
                  "Startup Cost": 0.0,
                  "Total Cost": 2.36,
                  "Plan Rows": 10,
                  "Plan Width": 0,
                  "Index Cond": "(event_date = '2023-08-21'::date)"
                }
              ]
            }
          ]
        }
      ]
    }
  },
  "db_statistics": {
    "table_stats": {
      "stocks_daily_info": {
        "row_count": 12700,
        "size_mb": 1.71
      },
      "fundamentals_daily": {
        "row_count": 12080,
        "size_mb": 2.33
      },
      "financials_quarterly": {
        "row_count": 8634,
        "size_mb": 0.8
      }
    },
    "existing_indexes": [
      "backtest_results_pkey",
      "community_posts_pkey",
      "financials_quarterly_pkey",
      "fundamentals_daily_pkey",
      "idx_finq_period_end",
      "idx_finq_ticker",
      "idx_fund_event_date",
      "idx_fund_ticker",
      "idx_sdi_event_date",
      "idx_sdi_ticker",
      "ix_backtest_results_strategy_id",
      "ix_community_posts_author_id",
      "ix_community_posts_strategy_id",
      "ix_ml_models_owner_id",
      "ix_strategies_owner_id",
      "ix_users_email",
      "ml_models_pkey",
      "stocks_daily_info_pkey",
      "strategies_pkey",
      "users_pkey"
    ]
  }
}
---
{
  "workload_id": 2613,
  "metadata": {
    "strategy_template": "Value Investing Style",
    "ml_model_used": null
  },
  "sql_query": "SELECT ( SELECT COALESCE(SUM(value), 0) FROM ( SELECT value FROM financials_quarterly fq WHERE fq.ticker = sdi.ticker AND fq.item_name = 'OperatingCashFlow' AND fq.statement_type IN ('IS_Q','CF_Q') AND fq.period_end <= DATE '2023-06-11' ORDER BY fq.period_end DESC LIMIT 4 ) as recent_quarters ) AS ttm_operatingcashflow , fd.bps, fd.dividend_yield, fd.eps, fd.pbr, fd.per, sdi.close_price, sdi.company_name, sdi.ma_20d, sdi.market_cap, sdi.momentum_12m, sdi.momentum_3m, sdi.rsi_14, sdi.ticker, sdi.volatility_20d FROM stocks_daily_info sdi LEFT JOIN fundamentals_daily fd ON fd.ticker = sdi.ticker AND fd.event_date = sdi.event_date WHERE sdi.market = 'KOSPI' AND sdi.market_cap >= 124100000000 AND sdi.event_date = DATE '2023-06-11' ORDER BY fd.pbr asc, fd.per asc LIMIT 14;",
  "baseline_execution_plan": {
    "Plan": {
      "Node Type": "Limit",
      "Parallel Aware": false,
      "Async Capable": false,
      "Startup Cost": 24.72,
      "Total Cost": 29.02,
      "Plan Rows": 1,
      "Plan Width": 137,
      "Plans": [
        {
          "Node Type": "Result",
          "Parent Relationship": "Outer",
          "Parallel Aware": false,
          "Async Capable": false,
          "Startup Cost": 24.72,
          "Total Cost": 29.02,
          "Plan Rows": 1,
          "Plan Width": 137,
          "Plans": [
            {
              "Node Type": "Sort",
              "Parent Relationship": "Outer",
              "Parallel Aware": false,
              "Async Capable": false,
              "Startup Cost": 24.72,
              "Total Cost": 24.73,
              "Plan Rows": 1,
              "Plan Width": 105,
              "Sort Key": [
                "fd.pbr",
                "fd.per"
              ],
              "Plans": [
                {
                  "Node Type": "Nested Loop",
                  "Parent Relationship": "Outer",
                  "Parallel Aware": false,
                  "Async Capable": false,
                  "Join Type": "Left",
                  "Startup Cost": 2.65,
                  "Total Cost": 24.71,
                  "Plan Rows": 1,
                  "Plan Width": 105,
                  "Inner Unique": true,
                  "Plans": [
                    {
                      "Node Type": "Bitmap Heap Scan",
                      "Parent Relationship": "Outer",
                      "Parallel Aware": false,
                      "Async Capable": false,
                      "Relation Name": "stocks_daily_info",
                      "Alias": "sdi",
                      "Startup Cost": 2.36,
                      "Total Cost": 20.4,
                      "Plan Rows": 1,
                      "Plan Width": 68,
                      "Recheck Cond": "(event_date = '2023-06-11'::date)",
                      "Filter": "((market_cap >= '124100000000'::numeric) AND (market = 'KOSPI'::text))",
                      "Plans": [
                        {
                          "Node Type": "Bitmap Index Scan",
                          "Parent Relationship": "Outer",
                          "Parallel Aware": false,
                          "Async Capable": false,
                          "Index Name": "idx_sdi_event_date",
                          "Startup Cost": 0.0,
                          "Total Cost": 2.36,
                          "Plan Rows": 10,
                          "Plan Width": 0,
                          "Index Cond": "(event_date = '2023-06-11'::date)"
                        }
                      ]
                    },
                    {
                      "Node Type": "Index Scan",
                      "Parent Relationship": "Inner",
                      "Parallel Aware": false,
                      "Async Capable": false,
                      "Scan Direction": "Forward",
                      "Index Name": "fundamentals_daily_pkey",
                      "Relation Name": "fundamentals_daily",
                      "Alias": "fd",
                      "Startup Cost": 0.29,
                      "Total Cost": 4.3,
                      "Plan Rows": 1,
                      "Plan Width": 55,
                      "Index Cond": "((event_date = '2023-06-11'::date) AND (ticker = sdi.ticker))"
                    }
                  ]
                }
              ]
            },
            {
              "Node Type": "Aggregate",
              "Strategy": "Plain",
              "Partial Mode": "Simple",
              "Parent Relationship": "SubPlan",
              "Subplan Name": "SubPlan 1",
              "Parallel Aware": false,
              "Async Capable": false,
              "Startup Cost": 4.27,
              "Total Cost": 4.28,
              "Plan Rows": 1,
              "Plan Width": 32,
              "Plans": [
                {
                  "Node Type": "Limit",
                  "Parent Relationship": "Outer",
                  "Parallel Aware": false,
                  "Async Capable": false,
                  "Startup Cost": 0.29,
                  "Total Cost": 4.25,
                  "Plan Rows": 1,
                  "Plan Width": 12,
                  "Plans": [
                    {
                      "Node Type": "Index Scan",
                      "Parent Relationship": "Outer",
                      "Parallel Aware": false,
                      "Async Capable": false,
                      "Scan Direction": "Backward",
                      "Index Name": "idx_finq_period_end",
                      "Relation Name": "financials_quarterly",
                      "Alias": "fq",
                      "Startup Cost": 0.29,
                      "Total Cost": 4.25,
                      "Plan Rows": 1,
                      "Plan Width": 12,
                      "Index Cond": "(period_end <= '2023-06-11'::date)",
                      "Filter": "((statement_type = ANY ('{IS_Q,CF_Q}'::text[])) AND (ticker = sdi.ticker) AND (item_name = 'OperatingCashFlow'::text))"
                    }
                  ]
                }
              ]
            }
          ]
        }
      ]
    }
  },
  "db_statistics": {
    "table_stats": {
      "stocks_daily_info": {
        "row_count": 12700,
        "size_mb": 1.71
      },
      "fundamentals_daily": {
        "row_count": 12080,
        "size_mb": 2.33
      },
      "financials_quarterly": {
        "row_count": 8634,
        "size_mb": 0.8
      }
    },
    "existing_indexes": [
      "backtest_results_pkey",
      "community_posts_pkey",
      "financials_quarterly_pkey",
      "fundamentals_daily_pkey",
      "idx_finq_period_end",
      "idx_finq_ticker",
      "idx_fund_event_date",
      "idx_fund_ticker",
      "idx_sdi_event_date",
      "idx_sdi_ticker",
      "ix_backtest_results_strategy_id",
      "ix_community_posts_author_id",
      "ix_community_posts_strategy_id",
      "ix_ml_models_owner_id",
      "ix_strategies_owner_id",
      "ix_users_email",
      "ml_models_pkey",
      "stocks_daily_info_pkey",
      "strategies_pkey",
      "users_pkey"
    ]
  }
}
---
{
  "workload_id": 2614,
  "metadata": {
    "strategy_template": "Value Investing Style",
    "ml_model_used": null
  },
  "sql_query": "SELECT ( SELECT COALESCE(SUM(value), 0) FROM ( SELECT value FROM financials_quarterly fq WHERE fq.ticker = sdi.ticker AND fq.item_name = 'NetIncome' AND fq.statement_type IN ('IS_Q','CF_Q') AND fq.period_end <= DATE '2023-06-04' ORDER BY fq.period_end DESC LIMIT 4 ) as recent_quarters ) AS ttm_netincome , fd.bps, fd.dividend_yield, fd.eps, fd.pbr, fd.per, sdi.close_price, sdi.company_name, sdi.ma_20d, sdi.market_cap, sdi.momentum_12m, sdi.momentum_3m, sdi.rsi_14, sdi.ticker, sdi.volatility_20d FROM stocks_daily_info sdi LEFT JOIN fundamentals_daily fd ON fd.ticker = sdi.ticker AND fd.event_date = sdi.event_date WHERE sdi.market = 'KOSDAQ' AND sdi.market_cap >= 288200000000 AND sdi.event_date = DATE '2023-06-04' ORDER BY fd.pbr asc, fd.per asc LIMIT 38;",
  "baseline_execution_plan": {
    "Plan": {
      "Node Type": "Limit",
      "Parallel Aware": false,
      "Async Capable": false,
      "Startup Cost": 24.72,
      "Total Cost": 29.02,
      "Plan Rows": 1,
      "Plan Width": 137,
      "Plans": [
        {
          "Node Type": "Result",
          "Parent Relationship": "Outer",
          "Parallel Aware": false,
          "Async Capable": false,
          "Startup Cost": 24.72,
          "Total Cost": 29.02,
          "Plan Rows": 1,
          "Plan Width": 137,
          "Plans": [
            {
              "Node Type": "Sort",
              "Parent Relationship": "Outer",
              "Parallel Aware": false,
              "Async Capable": false,
              "Startup Cost": 24.72,
              "Total Cost": 24.73,
              "Plan Rows": 1,
              "Plan Width": 105,
              "Sort Key": [
                "fd.pbr",
                "fd.per"
              ],
              "Plans": [
                {
                  "Node Type": "Nested Loop",
                  "Parent Relationship": "Outer",
                  "Parallel Aware": false,
                  "Async Capable": false,
                  "Join Type": "Left",
                  "Startup Cost": 2.65,
                  "Total Cost": 24.71,
                  "Plan Rows": 1,
                  "Plan Width": 105,
                  "Inner Unique": true,
                  "Plans": [
                    {
                      "Node Type": "Bitmap Heap Scan",
                      "Parent Relationship": "Outer",
                      "Parallel Aware": false,
                      "Async Capable": false,
                      "Relation Name": "stocks_daily_info",
                      "Alias": "sdi",
                      "Startup Cost": 2.36,
                      "Total Cost": 20.4,
                      "Plan Rows": 1,
                      "Plan Width": 68,
                      "Recheck Cond": "(event_date = '2023-06-04'::date)",
                      "Filter": "((market_cap >= '288200000000'::numeric) AND (market = 'KOSDAQ'::text))",
                      "Plans": [
                        {
                          "Node Type": "Bitmap Index Scan",
                          "Parent Relationship": "Outer",
                          "Parallel Aware": false,
                          "Async Capable": false,
                          "Index Name": "idx_sdi_event_date",
                          "Startup Cost": 0.0,
                          "Total Cost": 2.36,
                          "Plan Rows": 10,
                          "Plan Width": 0,
                          "Index Cond": "(event_date = '2023-06-04'::date)"
                        }
                      ]
                    },
                    {
                      "Node Type": "Index Scan",
                      "Parent Relationship": "Inner",
                      "Parallel Aware": false,
                      "Async Capable": false,
                      "Scan Direction": "Forward",
                      "Index Name": "fundamentals_daily_pkey",
                      "Relation Name": "fundamentals_daily",
                      "Alias": "fd",
                      "Startup Cost": 0.29,
                      "Total Cost": 4.3,
                      "Plan Rows": 1,
                      "Plan Width": 55,
                      "Index Cond": "((event_date = '2023-06-04'::date) AND (ticker = sdi.ticker))"
                    }
                  ]
                }
              ]
            },
            {
              "Node Type": "Aggregate",
              "Strategy": "Plain",
              "Partial Mode": "Simple",
              "Parent Relationship": "SubPlan",
              "Subplan Name": "SubPlan 1",
              "Parallel Aware": false,
              "Async Capable": false,
              "Startup Cost": 4.27,
              "Total Cost": 4.28,
              "Plan Rows": 1,
              "Plan Width": 32,
              "Plans": [
                {
                  "Node Type": "Limit",
                  "Parent Relationship": "Outer",
                  "Parallel Aware": false,
                  "Async Capable": false,
                  "Startup Cost": 0.29,
                  "Total Cost": 4.25,
                  "Plan Rows": 1,
                  "Plan Width": 12,
                  "Plans": [
                    {
                      "Node Type": "Index Scan",
                      "Parent Relationship": "Outer",
                      "Parallel Aware": false,
                      "Async Capable": false,
                      "Scan Direction": "Backward",
                      "Index Name": "idx_finq_period_end",
                      "Relation Name": "financials_quarterly",
                      "Alias": "fq",
                      "Startup Cost": 0.29,
                      "Total Cost": 4.25,
                      "Plan Rows": 1,
                      "Plan Width": 12,
                      "Index Cond": "(period_end <= '2023-06-04'::date)",
                      "Filter": "((statement_type = ANY ('{IS_Q,CF_Q}'::text[])) AND (ticker = sdi.ticker) AND (item_name = 'NetIncome'::text))"
                    }
                  ]
                }
              ]
            }
          ]
        }
      ]
    }
  },
  "db_statistics": {
    "table_stats": {
      "stocks_daily_info": {
        "row_count": 12700,
        "size_mb": 1.71
      },
      "fundamentals_daily": {
        "row_count": 12080,
        "size_mb": 2.33
      },
      "financials_quarterly": {
        "row_count": 8634,
        "size_mb": 0.8
      }
    },
    "existing_indexes": [
      "backtest_results_pkey",
      "community_posts_pkey",
      "financials_quarterly_pkey",
      "fundamentals_daily_pkey",
      "idx_finq_period_end",
      "idx_finq_ticker",
      "idx_fund_event_date",
      "idx_fund_ticker",
      "idx_sdi_event_date",
      "idx_sdi_ticker",
      "ix_backtest_results_strategy_id",
      "ix_community_posts_author_id",
      "ix_community_posts_strategy_id",
      "ix_ml_models_owner_id",
      "ix_strategies_owner_id",
      "ix_users_email",
      "ml_models_pkey",
      "stocks_daily_info_pkey",
      "strategies_pkey",
      "users_pkey"
    ]
  }
}
---
{
  "workload_id": 2615,
  "metadata": {
    "strategy_template": "Momentum Investing Style",
    "ml_model_used": null
  },
  "sql_query": "SELECT sdi.close_price, sdi.company_name, sdi.ma_20d, sdi.market_cap, sdi.momentum_12m, sdi.momentum_3m, sdi.rsi_14, sdi.ticker, sdi.volatility_20d FROM stocks_daily_info sdi WHERE sdi.market = 'KOSPI' AND sdi.market_cap >= 473500000000 AND sdi.event_date = DATE '2023-09-14' ORDER BY sdi.momentum_3m asc, sdi.momentum_12m asc, sdi.volatility_20d desc LIMIT 31;",
  "baseline_execution_plan": {
    "Plan": {
      "Node Type": "Limit",
      "Parallel Aware": false,
      "Async Capable": false,
      "Startup Cost": 20.41,
      "Total Cost": 20.41,
      "Plan Rows": 1,
      "Plan Width": 64,
      "Plans": [
        {
          "Node Type": "Sort",
          "Parent Relationship": "Outer",
          "Parallel Aware": false,
          "Async Capable": false,
          "Startup Cost": 20.41,
          "Total Cost": 20.41,
          "Plan Rows": 1,
          "Plan Width": 64,
          "Sort Key": [
            "momentum_3m",
            "momentum_12m",
            "volatility_20d DESC"
          ],
          "Plans": [
            {
              "Node Type": "Bitmap Heap Scan",
              "Parent Relationship": "Outer",
              "Parallel Aware": false,
              "Async Capable": false,
              "Relation Name": "stocks_daily_info",
              "Alias": "sdi",
              "Startup Cost": 2.36,
              "Total Cost": 20.4,
              "Plan Rows": 1,
              "Plan Width": 64,
              "Recheck Cond": "(event_date = '2023-09-14'::date)",
              "Filter": "((market_cap >= '473500000000'::numeric) AND (market = 'KOSPI'::text))",
              "Plans": [
                {
                  "Node Type": "Bitmap Index Scan",
                  "Parent Relationship": "Outer",
                  "Parallel Aware": false,
                  "Async Capable": false,
                  "Index Name": "idx_sdi_event_date",
                  "Startup Cost": 0.0,
                  "Total Cost": 2.36,
                  "Plan Rows": 10,
                  "Plan Width": 0,
                  "Index Cond": "(event_date = '2023-09-14'::date)"
                }
              ]
            }
          ]
        }
      ]
    }
  },
  "db_statistics": {
    "table_stats": {
      "stocks_daily_info": {
        "row_count": 12700,
        "size_mb": 1.71
      },
      "fundamentals_daily": {
        "row_count": 12080,
        "size_mb": 2.33
      },
      "financials_quarterly": {
        "row_count": 8634,
        "size_mb": 0.8
      }
    },
    "existing_indexes": [
      "backtest_results_pkey",
      "community_posts_pkey",
      "financials_quarterly_pkey",
      "fundamentals_daily_pkey",
      "idx_finq_period_end",
      "idx_finq_ticker",
      "idx_fund_event_date",
      "idx_fund_ticker",
      "idx_sdi_event_date",
      "idx_sdi_ticker",
      "ix_backtest_results_strategy_id",
      "ix_community_posts_author_id",
      "ix_community_posts_strategy_id",
      "ix_ml_models_owner_id",
      "ix_strategies_owner_id",
      "ix_users_email",
      "ml_models_pkey",
      "stocks_daily_info_pkey",
      "strategies_pkey",
      "users_pkey"
    ]
  }
}
---
{
  "workload_id": 2616,
  "metadata": {
    "strategy_template": "ML Hybrid Style",
    "ml_model_used": "Return Forecast Model"
  },
  "sql_query": "SELECT sdi.close_price, sdi.company_name, sdi.ma_20d, sdi.market_cap, sdi.momentum_12m, sdi.momentum_3m, sdi.rsi_14, sdi.ticker, sdi.volatility_20d FROM stocks_daily_info sdi WHERE sdi.market = 'KOSDAQ' AND sdi.market_cap >= 467500000000 AND sdi.event_date = DATE '2023-05-02' ORDER BY CASE sdi.ticker WHEN '000660.KS' THEN 1 WHEN '005930.KS' THEN 2 WHEN '068270.KQ' THEN 3 WHEN '207940.KS' THEN 4 WHEN '035420.KS' THEN 5 WHEN '005380.KS' THEN 6 WHEN '051910.KS' THEN 7 WHEN '012330.KS' THEN 8 WHEN '035720.KS' THEN 9 WHEN '105560.KS' THEN 10 ELSE 11 END LIMIT 46;",
  "baseline_execution_plan": {
    "Plan": {
      "Node Type": "Limit",
      "Parallel Aware": false,
      "Async Capable": false,
      "Startup Cost": 20.43,
      "Total Cost": 20.44,
      "Plan Rows": 1,
      "Plan Width": 68,
      "Plans": [
        {
          "Node Type": "Sort",
          "Parent Relationship": "Outer",
          "Parallel Aware": false,
          "Async Capable": false,
          "Startup Cost": 20.43,
          "Total Cost": 20.44,
          "Plan Rows": 1,
          "Plan Width": 68,
          "Sort Key": [
            "(CASE ticker WHEN '000660.KS'::text THEN 1 WHEN '005930.KS'::text THEN 2 WHEN '068270.KQ'::text THEN 3 WHEN '207940.KS'::text THEN 4 WHEN '035420.KS'::text THEN 5 WHEN '005380.KS'::text THEN 6 WHEN '051910.KS'::text THEN 7 WHEN '012330.KS'::text THEN 8 WHEN '035720.KS'::text THEN 9 WHEN '105560.KS'::text THEN 10 ELSE 11 END)"
          ],
          "Plans": [
            {
              "Node Type": "Bitmap Heap Scan",
              "Parent Relationship": "Outer",
              "Parallel Aware": false,
              "Async Capable": false,
              "Relation Name": "stocks_daily_info",
              "Alias": "sdi",
              "Startup Cost": 2.36,
              "Total Cost": 20.42,
              "Plan Rows": 1,
              "Plan Width": 68,
              "Recheck Cond": "(event_date = '2023-05-02'::date)",
              "Filter": "((market_cap >= '467500000000'::numeric) AND (market = 'KOSDAQ'::text))",
              "Plans": [
                {
                  "Node Type": "Bitmap Index Scan",
                  "Parent Relationship": "Outer",
                  "Parallel Aware": false,
                  "Async Capable": false,
                  "Index Name": "idx_sdi_event_date",
                  "Startup Cost": 0.0,
                  "Total Cost": 2.36,
                  "Plan Rows": 10,
                  "Plan Width": 0,
                  "Index Cond": "(event_date = '2023-05-02'::date)"
                }
              ]
            }
          ]
        }
      ]
    }
  },
  "db_statistics": {
    "table_stats": {
      "stocks_daily_info": {
        "row_count": 12700,
        "size_mb": 1.71
      },
      "fundamentals_daily": {
        "row_count": 12080,
        "size_mb": 2.33
      },
      "financials_quarterly": {
        "row_count": 8634,
        "size_mb": 0.8
      }
    },
    "existing_indexes": [
      "backtest_results_pkey",
      "community_posts_pkey",
      "financials_quarterly_pkey",
      "fundamentals_daily_pkey",
      "idx_finq_period_end",
      "idx_finq_ticker",
      "idx_fund_event_date",
      "idx_fund_ticker",
      "idx_sdi_event_date",
      "idx_sdi_ticker",
      "ix_backtest_results_strategy_id",
      "ix_community_posts_author_id",
      "ix_community_posts_strategy_id",
      "ix_ml_models_owner_id",
      "ix_strategies_owner_id",
      "ix_users_email",
      "ml_models_pkey",
      "stocks_daily_info_pkey",
      "strategies_pkey",
      "users_pkey"
    ]
  }
}
---
{
  "workload_id": 2617,
  "metadata": {
    "strategy_template": "Value Investing Style",
    "ml_model_used": null
  },
  "sql_query": "SELECT fd.bps, fd.dividend_yield, fd.eps, fd.pbr, fd.per, sdi.close_price, sdi.company_name, sdi.ma_20d, sdi.market_cap, sdi.momentum_12m, sdi.momentum_3m, sdi.rsi_14, sdi.ticker, sdi.volatility_20d FROM stocks_daily_info sdi LEFT JOIN fundamentals_daily fd ON fd.ticker = sdi.ticker AND fd.event_date = sdi.event_date WHERE sdi.market = 'KOSPI' AND sdi.market_cap >= 227100000000 AND sdi.event_date = DATE '2023-07-24' ORDER BY fd.pbr asc, fd.per desc, fd.dividend_yield asc, fd.eps asc LIMIT 32;",
  "baseline_execution_plan": {
    "Plan": {
      "Node Type": "Limit",
      "Parallel Aware": false,
      "Async Capable": false,
      "Startup Cost": 24.72,
      "Total Cost": 24.73,
      "Plan Rows": 1,
      "Plan Width": 105,
      "Plans": [
        {
          "Node Type": "Sort",
          "Parent Relationship": "Outer",
          "Parallel Aware": false,
          "Async Capable": false,
          "Startup Cost": 24.72,
          "Total Cost": 24.73,
          "Plan Rows": 1,
          "Plan Width": 105,
          "Sort Key": [
            "fd.pbr",
            "fd.per DESC",
            "fd.dividend_yield",
            "fd.eps"
          ],
          "Plans": [
            {
              "Node Type": "Nested Loop",
              "Parent Relationship": "Outer",
              "Parallel Aware": false,
              "Async Capable": false,
              "Join Type": "Left",
              "Startup Cost": 2.65,
              "Total Cost": 24.71,
              "Plan Rows": 1,
              "Plan Width": 105,
              "Inner Unique": true,
              "Plans": [
                {
                  "Node Type": "Bitmap Heap Scan",
                  "Parent Relationship": "Outer",
                  "Parallel Aware": false,
                  "Async Capable": false,
                  "Relation Name": "stocks_daily_info",
                  "Alias": "sdi",
                  "Startup Cost": 2.36,
                  "Total Cost": 20.4,
                  "Plan Rows": 1,
                  "Plan Width": 68,
                  "Recheck Cond": "(event_date = '2023-07-24'::date)",
                  "Filter": "((market_cap >= '227100000000'::numeric) AND (market = 'KOSPI'::text))",
                  "Plans": [
                    {
                      "Node Type": "Bitmap Index Scan",
                      "Parent Relationship": "Outer",
                      "Parallel Aware": false,
                      "Async Capable": false,
                      "Index Name": "idx_sdi_event_date",
                      "Startup Cost": 0.0,
                      "Total Cost": 2.36,
                      "Plan Rows": 10,
                      "Plan Width": 0,
                      "Index Cond": "(event_date = '2023-07-24'::date)"
                    }
                  ]
                },
                {
                  "Node Type": "Index Scan",
                  "Parent Relationship": "Inner",
                  "Parallel Aware": false,
                  "Async Capable": false,
                  "Scan Direction": "Forward",
                  "Index Name": "fundamentals_daily_pkey",
                  "Relation Name": "fundamentals_daily",
                  "Alias": "fd",
                  "Startup Cost": 0.29,
                  "Total Cost": 4.3,
                  "Plan Rows": 1,
                  "Plan Width": 55,
                  "Index Cond": "((event_date = '2023-07-24'::date) AND (ticker = sdi.ticker))"
                }
              ]
            }
          ]
        }
      ]
    }
  },
  "db_statistics": {
    "table_stats": {
      "stocks_daily_info": {
        "row_count": 12700,
        "size_mb": 1.71
      },
      "fundamentals_daily": {
        "row_count": 12080,
        "size_mb": 2.33
      },
      "financials_quarterly": {
        "row_count": 8634,
        "size_mb": 0.8
      }
    },
    "existing_indexes": [
      "backtest_results_pkey",
      "community_posts_pkey",
      "financials_quarterly_pkey",
      "fundamentals_daily_pkey",
      "idx_finq_period_end",
      "idx_finq_ticker",
      "idx_fund_event_date",
      "idx_fund_ticker",
      "idx_sdi_event_date",
      "idx_sdi_ticker",
      "ix_backtest_results_strategy_id",
      "ix_community_posts_author_id",
      "ix_community_posts_strategy_id",
      "ix_ml_models_owner_id",
      "ix_strategies_owner_id",
      "ix_users_email",
      "ml_models_pkey",
      "stocks_daily_info_pkey",
      "strategies_pkey",
      "users_pkey"
    ]
  }
}
---
{
  "workload_id": 2618,
  "metadata": {
    "strategy_template": "Momentum Investing Style",
    "ml_model_used": null
  },
  "sql_query": "SELECT sdi.close_price, sdi.company_name, sdi.ma_20d, sdi.market_cap, sdi.momentum_12m, sdi.momentum_3m, sdi.rsi_14, sdi.ticker, sdi.volatility_20d FROM stocks_daily_info sdi WHERE sdi.market = 'KOSPI' AND sdi.market_cap >= 286300000000 AND sdi.event_date = DATE '2023-10-17' ORDER BY sdi.momentum_3m asc, sdi.momentum_12m desc LIMIT 10;",
  "baseline_execution_plan": {
    "Plan": {
      "Node Type": "Limit",
      "Parallel Aware": false,
      "Async Capable": false,
      "Startup Cost": 20.41,
      "Total Cost": 20.41,
      "Plan Rows": 1,
      "Plan Width": 64,
      "Plans": [
        {
          "Node Type": "Sort",
          "Parent Relationship": "Outer",
          "Parallel Aware": false,
          "Async Capable": false,
          "Startup Cost": 20.41,
          "Total Cost": 20.41,
          "Plan Rows": 1,
          "Plan Width": 64,
          "Sort Key": [
            "momentum_3m",
            "momentum_12m DESC"
          ],
          "Plans": [
            {
              "Node Type": "Bitmap Heap Scan",
              "Parent Relationship": "Outer",
              "Parallel Aware": false,
              "Async Capable": false,
              "Relation Name": "stocks_daily_info",
              "Alias": "sdi",
              "Startup Cost": 2.36,
              "Total Cost": 20.4,
              "Plan Rows": 1,
              "Plan Width": 64,
              "Recheck Cond": "(event_date = '2023-10-17'::date)",
              "Filter": "((market_cap >= '286300000000'::numeric) AND (market = 'KOSPI'::text))",
              "Plans": [
                {
                  "Node Type": "Bitmap Index Scan",
                  "Parent Relationship": "Outer",
                  "Parallel Aware": false,
                  "Async Capable": false,
                  "Index Name": "idx_sdi_event_date",
                  "Startup Cost": 0.0,
                  "Total Cost": 2.36,
                  "Plan Rows": 10,
                  "Plan Width": 0,
                  "Index Cond": "(event_date = '2023-10-17'::date)"
                }
              ]
            }
          ]
        }
      ]
    }
  },
  "db_statistics": {
    "table_stats": {
      "stocks_daily_info": {
        "row_count": 12700,
        "size_mb": 1.71
      },
      "fundamentals_daily": {
        "row_count": 12080,
        "size_mb": 2.33
      },
      "financials_quarterly": {
        "row_count": 8634,
        "size_mb": 0.8
      }
    },
    "existing_indexes": [
      "backtest_results_pkey",
      "community_posts_pkey",
      "financials_quarterly_pkey",
      "fundamentals_daily_pkey",
      "idx_finq_period_end",
      "idx_finq_ticker",
      "idx_fund_event_date",
      "idx_fund_ticker",
      "idx_sdi_event_date",
      "idx_sdi_ticker",
      "ix_backtest_results_strategy_id",
      "ix_community_posts_author_id",
      "ix_community_posts_strategy_id",
      "ix_ml_models_owner_id",
      "ix_strategies_owner_id",
      "ix_users_email",
      "ml_models_pkey",
      "stocks_daily_info_pkey",
      "strategies_pkey",
      "users_pkey"
    ]
  }
}
---
{
  "workload_id": 2619,
  "metadata": {
    "strategy_template": "Value Investing Style",
    "ml_model_used": null
  },
  "sql_query": "SELECT fd.bps, fd.dividend_yield, fd.eps, fd.pbr, fd.per, sdi.close_price, sdi.company_name, sdi.ma_20d, sdi.market_cap, sdi.momentum_12m, sdi.momentum_3m, sdi.rsi_14, sdi.ticker, sdi.volatility_20d FROM stocks_daily_info sdi LEFT JOIN fundamentals_daily fd ON fd.ticker = sdi.ticker AND fd.event_date = sdi.event_date WHERE sdi.market = 'KOSDAQ' AND sdi.market_cap >= 141600000000 AND sdi.event_date = DATE '2023-05-30' ORDER BY fd.pbr desc, fd.per desc, fd.eps desc LIMIT 14;",
  "baseline_execution_plan": {
    "Plan": {
      "Node Type": "Limit",
      "Parallel Aware": false,
      "Async Capable": false,
      "Startup Cost": 24.72,
      "Total Cost": 24.73,
      "Plan Rows": 1,
      "Plan Width": 105,
      "Plans": [
        {
          "Node Type": "Sort",
          "Parent Relationship": "Outer",
          "Parallel Aware": false,
          "Async Capable": false,
          "Startup Cost": 24.72,
          "Total Cost": 24.73,
          "Plan Rows": 1,
          "Plan Width": 105,
          "Sort Key": [
            "fd.pbr DESC",
            "fd.per DESC",
            "fd.eps DESC"
          ],
          "Plans": [
            {
              "Node Type": "Nested Loop",
              "Parent Relationship": "Outer",
              "Parallel Aware": false,
              "Async Capable": false,
              "Join Type": "Left",
              "Startup Cost": 2.65,
              "Total Cost": 24.71,
              "Plan Rows": 1,
              "Plan Width": 105,
              "Inner Unique": true,
              "Plans": [
                {
                  "Node Type": "Bitmap Heap Scan",
                  "Parent Relationship": "Outer",
                  "Parallel Aware": false,
                  "Async Capable": false,
                  "Relation Name": "stocks_daily_info",
                  "Alias": "sdi",
                  "Startup Cost": 2.36,
                  "Total Cost": 20.4,
                  "Plan Rows": 1,
                  "Plan Width": 68,
                  "Recheck Cond": "(event_date = '2023-05-30'::date)",
                  "Filter": "((market_cap >= '141600000000'::numeric) AND (market = 'KOSDAQ'::text))",
                  "Plans": [
                    {
                      "Node Type": "Bitmap Index Scan",
                      "Parent Relationship": "Outer",
                      "Parallel Aware": false,
                      "Async Capable": false,
                      "Index Name": "idx_sdi_event_date",
                      "Startup Cost": 0.0,
                      "Total Cost": 2.36,
                      "Plan Rows": 10,
                      "Plan Width": 0,
                      "Index Cond": "(event_date = '2023-05-30'::date)"
                    }
                  ]
                },
                {
                  "Node Type": "Index Scan",
                  "Parent Relationship": "Inner",
                  "Parallel Aware": false,
                  "Async Capable": false,
                  "Scan Direction": "Forward",
                  "Index Name": "fundamentals_daily_pkey",
                  "Relation Name": "fundamentals_daily",
                  "Alias": "fd",
                  "Startup Cost": 0.29,
                  "Total Cost": 4.3,
                  "Plan Rows": 1,
                  "Plan Width": 55,
                  "Index Cond": "((event_date = '2023-05-30'::date) AND (ticker = sdi.ticker))"
                }
              ]
            }
          ]
        }
      ]
    }
  },
  "db_statistics": {
    "table_stats": {
      "stocks_daily_info": {
        "row_count": 12700,
        "size_mb": 1.71
      },
      "fundamentals_daily": {
        "row_count": 12080,
        "size_mb": 2.33
      },
      "financials_quarterly": {
        "row_count": 8634,
        "size_mb": 0.8
      }
    },
    "existing_indexes": [
      "backtest_results_pkey",
      "community_posts_pkey",
      "financials_quarterly_pkey",
      "fundamentals_daily_pkey",
      "idx_finq_period_end",
      "idx_finq_ticker",
      "idx_fund_event_date",
      "idx_fund_ticker",
      "idx_sdi_event_date",
      "idx_sdi_ticker",
      "ix_backtest_results_strategy_id",
      "ix_community_posts_author_id",
      "ix_community_posts_strategy_id",
      "ix_ml_models_owner_id",
      "ix_strategies_owner_id",
      "ix_users_email",
      "ml_models_pkey",
      "stocks_daily_info_pkey",
      "strategies_pkey",
      "users_pkey"
    ]
  }
}
---
{
  "workload_id": 2620,
  "metadata": {
    "strategy_template": "ML Hybrid Style",
    "ml_model_used": "Return Forecast Model"
  },
  "sql_query": "SELECT sdi.close_price, sdi.company_name, sdi.ma_20d, sdi.market_cap, sdi.momentum_12m, sdi.momentum_3m, sdi.rsi_14, sdi.ticker, sdi.volatility_20d FROM stocks_daily_info sdi WHERE sdi.market = 'KOSPI' AND sdi.market_cap >= 67100000000 AND sdi.event_date = DATE '2023-07-04' ORDER BY CASE sdi.ticker WHEN '000660.KS' THEN 1 WHEN '005930.KS' THEN 2 WHEN '068270.KQ' THEN 3 WHEN '207940.KS' THEN 4 WHEN '035420.KS' THEN 5 WHEN '005380.KS' THEN 6 WHEN '051910.KS' THEN 7 WHEN '012330.KS' THEN 8 WHEN '035720.KS' THEN 9 WHEN '105560.KS' THEN 10 ELSE 11 END LIMIT 32;",
  "baseline_execution_plan": {
    "Plan": {
      "Node Type": "Limit",
      "Parallel Aware": false,
      "Async Capable": false,
      "Startup Cost": 20.43,
      "Total Cost": 20.44,
      "Plan Rows": 1,
      "Plan Width": 68,
      "Plans": [
        {
          "Node Type": "Sort",
          "Parent Relationship": "Outer",
          "Parallel Aware": false,
          "Async Capable": false,
          "Startup Cost": 20.43,
          "Total Cost": 20.44,
          "Plan Rows": 1,
          "Plan Width": 68,
          "Sort Key": [
            "(CASE ticker WHEN '000660.KS'::text THEN 1 WHEN '005930.KS'::text THEN 2 WHEN '068270.KQ'::text THEN 3 WHEN '207940.KS'::text THEN 4 WHEN '035420.KS'::text THEN 5 WHEN '005380.KS'::text THEN 6 WHEN '051910.KS'::text THEN 7 WHEN '012330.KS'::text THEN 8 WHEN '035720.KS'::text THEN 9 WHEN '105560.KS'::text THEN 10 ELSE 11 END)"
          ],
          "Plans": [
            {
              "Node Type": "Bitmap Heap Scan",
              "Parent Relationship": "Outer",
              "Parallel Aware": false,
              "Async Capable": false,
              "Relation Name": "stocks_daily_info",
              "Alias": "sdi",
              "Startup Cost": 2.36,
              "Total Cost": 20.42,
              "Plan Rows": 1,
              "Plan Width": 68,
              "Recheck Cond": "(event_date = '2023-07-04'::date)",
              "Filter": "((market_cap >= '67100000000'::numeric) AND (market = 'KOSPI'::text))",
              "Plans": [
                {
                  "Node Type": "Bitmap Index Scan",
                  "Parent Relationship": "Outer",
                  "Parallel Aware": false,
                  "Async Capable": false,
                  "Index Name": "idx_sdi_event_date",
                  "Startup Cost": 0.0,
                  "Total Cost": 2.36,
                  "Plan Rows": 10,
                  "Plan Width": 0,
                  "Index Cond": "(event_date = '2023-07-04'::date)"
                }
              ]
            }
          ]
        }
      ]
    }
  },
  "db_statistics": {
    "table_stats": {
      "stocks_daily_info": {
        "row_count": 12700,
        "size_mb": 1.71
      },
      "fundamentals_daily": {
        "row_count": 12080,
        "size_mb": 2.33
      },
      "financials_quarterly": {
        "row_count": 8634,
        "size_mb": 0.8
      }
    },
    "existing_indexes": [
      "backtest_results_pkey",
      "community_posts_pkey",
      "financials_quarterly_pkey",
      "fundamentals_daily_pkey",
      "idx_finq_period_end",
      "idx_finq_ticker",
      "idx_fund_event_date",
      "idx_fund_ticker",
      "idx_sdi_event_date",
      "idx_sdi_ticker",
      "ix_backtest_results_strategy_id",
      "ix_community_posts_author_id",
      "ix_community_posts_strategy_id",
      "ix_ml_models_owner_id",
      "ix_strategies_owner_id",
      "ix_users_email",
      "ml_models_pkey",
      "stocks_daily_info_pkey",
      "strategies_pkey",
      "users_pkey"
    ]
  }
}
---
{
  "workload_id": 2621,
  "metadata": {
    "strategy_template": "Value Investing Style",
    "ml_model_used": null
  },
  "sql_query": "SELECT fd.bps, fd.dividend_yield, fd.eps, fd.pbr, fd.per, sdi.close_price, sdi.company_name, sdi.ma_20d, sdi.market_cap, sdi.momentum_12m, sdi.momentum_3m, sdi.rsi_14, sdi.ticker, sdi.volatility_20d FROM stocks_daily_info sdi LEFT JOIN fundamentals_daily fd ON fd.ticker = sdi.ticker AND fd.event_date = sdi.event_date WHERE sdi.market = 'KOSDAQ' AND sdi.market_cap >= 53900000000 AND sdi.event_date = DATE '2023-09-26' ORDER BY fd.pbr asc, fd.per desc LIMIT 14;",
  "baseline_execution_plan": {
    "Plan": {
      "Node Type": "Limit",
      "Parallel Aware": false,
      "Async Capable": false,
      "Startup Cost": 24.72,
      "Total Cost": 24.73,
      "Plan Rows": 1,
      "Plan Width": 105,
      "Plans": [
        {
          "Node Type": "Sort",
          "Parent Relationship": "Outer",
          "Parallel Aware": false,
          "Async Capable": false,
          "Startup Cost": 24.72,
          "Total Cost": 24.73,
          "Plan Rows": 1,
          "Plan Width": 105,
          "Sort Key": [
            "fd.pbr",
            "fd.per DESC"
          ],
          "Plans": [
            {
              "Node Type": "Nested Loop",
              "Parent Relationship": "Outer",
              "Parallel Aware": false,
              "Async Capable": false,
              "Join Type": "Left",
              "Startup Cost": 2.65,
              "Total Cost": 24.71,
              "Plan Rows": 1,
              "Plan Width": 105,
              "Inner Unique": true,
              "Plans": [
                {
                  "Node Type": "Bitmap Heap Scan",
                  "Parent Relationship": "Outer",
                  "Parallel Aware": false,
                  "Async Capable": false,
                  "Relation Name": "stocks_daily_info",
                  "Alias": "sdi",
                  "Startup Cost": 2.36,
                  "Total Cost": 20.4,
                  "Plan Rows": 1,
                  "Plan Width": 68,
                  "Recheck Cond": "(event_date = '2023-09-26'::date)",
                  "Filter": "((market_cap >= '53900000000'::numeric) AND (market = 'KOSDAQ'::text))",
                  "Plans": [
                    {
                      "Node Type": "Bitmap Index Scan",
                      "Parent Relationship": "Outer",
                      "Parallel Aware": false,
                      "Async Capable": false,
                      "Index Name": "idx_sdi_event_date",
                      "Startup Cost": 0.0,
                      "Total Cost": 2.36,
                      "Plan Rows": 10,
                      "Plan Width": 0,
                      "Index Cond": "(event_date = '2023-09-26'::date)"
                    }
                  ]
                },
                {
                  "Node Type": "Index Scan",
                  "Parent Relationship": "Inner",
                  "Parallel Aware": false,
                  "Async Capable": false,
                  "Scan Direction": "Forward",
                  "Index Name": "fundamentals_daily_pkey",
                  "Relation Name": "fundamentals_daily",
                  "Alias": "fd",
                  "Startup Cost": 0.29,
                  "Total Cost": 4.3,
                  "Plan Rows": 1,
                  "Plan Width": 55,
                  "Index Cond": "((event_date = '2023-09-26'::date) AND (ticker = sdi.ticker))"
                }
              ]
            }
          ]
        }
      ]
    }
  },
  "db_statistics": {
    "table_stats": {
      "stocks_daily_info": {
        "row_count": 12700,
        "size_mb": 1.71
      },
      "fundamentals_daily": {
        "row_count": 12080,
        "size_mb": 2.33
      },
      "financials_quarterly": {
        "row_count": 8634,
        "size_mb": 0.8
      }
    },
    "existing_indexes": [
      "backtest_results_pkey",
      "community_posts_pkey",
      "financials_quarterly_pkey",
      "fundamentals_daily_pkey",
      "idx_finq_period_end",
      "idx_finq_ticker",
      "idx_fund_event_date",
      "idx_fund_ticker",
      "idx_sdi_event_date",
      "idx_sdi_ticker",
      "ix_backtest_results_strategy_id",
      "ix_community_posts_author_id",
      "ix_community_posts_strategy_id",
      "ix_ml_models_owner_id",
      "ix_strategies_owner_id",
      "ix_users_email",
      "ml_models_pkey",
      "stocks_daily_info_pkey",
      "strategies_pkey",
      "users_pkey"
    ]
  }
}
---
{
  "workload_id": 2622,
  "metadata": {
    "strategy_template": "Value Investing Style",
    "ml_model_used": null
  },
  "sql_query": "SELECT ( SELECT COALESCE(SUM(value), 0) FROM ( SELECT value FROM financials_quarterly fq WHERE fq.ticker = sdi.ticker AND fq.item_name = 'NetIncome' AND fq.statement_type IN ('IS_Q','CF_Q') AND fq.period_end <= DATE '2023-10-06' ORDER BY fq.period_end DESC LIMIT 4 ) as recent_quarters ) AS ttm_netincome , fd.bps, fd.dividend_yield, fd.eps, fd.pbr, fd.per, sdi.close_price, sdi.company_name, sdi.ma_20d, sdi.market_cap, sdi.momentum_12m, sdi.momentum_3m, sdi.rsi_14, sdi.ticker, sdi.volatility_20d FROM stocks_daily_info sdi LEFT JOIN fundamentals_daily fd ON fd.ticker = sdi.ticker AND fd.event_date = sdi.event_date WHERE sdi.market = 'KOSPI' AND sdi.market_cap >= 408000000000 AND sdi.event_date = DATE '2023-10-06' ORDER BY fd.pbr desc, fd.per desc, fd.dividend_yield desc LIMIT 43;",
  "baseline_execution_plan": {
    "Plan": {
      "Node Type": "Limit",
      "Parallel Aware": false,
      "Async Capable": false,
      "Startup Cost": 24.72,
      "Total Cost": 29.02,
      "Plan Rows": 1,
      "Plan Width": 137,
      "Plans": [
        {
          "Node Type": "Result",
          "Parent Relationship": "Outer",
          "Parallel Aware": false,
          "Async Capable": false,
          "Startup Cost": 24.72,
          "Total Cost": 29.02,
          "Plan Rows": 1,
          "Plan Width": 137,
          "Plans": [
            {
              "Node Type": "Sort",
              "Parent Relationship": "Outer",
              "Parallel Aware": false,
              "Async Capable": false,
              "Startup Cost": 24.72,
              "Total Cost": 24.73,
              "Plan Rows": 1,
              "Plan Width": 105,
              "Sort Key": [
                "fd.pbr DESC",
                "fd.per DESC",
                "fd.dividend_yield DESC"
              ],
              "Plans": [
                {
                  "Node Type": "Nested Loop",
                  "Parent Relationship": "Outer",
                  "Parallel Aware": false,
                  "Async Capable": false,
                  "Join Type": "Left",
                  "Startup Cost": 2.65,
                  "Total Cost": 24.71,
                  "Plan Rows": 1,
                  "Plan Width": 105,
                  "Inner Unique": true,
                  "Plans": [
                    {
                      "Node Type": "Bitmap Heap Scan",
                      "Parent Relationship": "Outer",
                      "Parallel Aware": false,
                      "Async Capable": false,
                      "Relation Name": "stocks_daily_info",
                      "Alias": "sdi",
                      "Startup Cost": 2.36,
                      "Total Cost": 20.4,
                      "Plan Rows": 1,
                      "Plan Width": 68,
                      "Recheck Cond": "(event_date = '2023-10-06'::date)",
                      "Filter": "((market_cap >= '408000000000'::numeric) AND (market = 'KOSPI'::text))",
                      "Plans": [
                        {
                          "Node Type": "Bitmap Index Scan",
                          "Parent Relationship": "Outer",
                          "Parallel Aware": false,
                          "Async Capable": false,
                          "Index Name": "idx_sdi_event_date",
                          "Startup Cost": 0.0,
                          "Total Cost": 2.36,
                          "Plan Rows": 10,
                          "Plan Width": 0,
                          "Index Cond": "(event_date = '2023-10-06'::date)"
                        }
                      ]
                    },
                    {
                      "Node Type": "Index Scan",
                      "Parent Relationship": "Inner",
                      "Parallel Aware": false,
                      "Async Capable": false,
                      "Scan Direction": "Forward",
                      "Index Name": "fundamentals_daily_pkey",
                      "Relation Name": "fundamentals_daily",
                      "Alias": "fd",
                      "Startup Cost": 0.29,
                      "Total Cost": 4.3,
                      "Plan Rows": 1,
                      "Plan Width": 55,
                      "Index Cond": "((event_date = '2023-10-06'::date) AND (ticker = sdi.ticker))"
                    }
                  ]
                }
              ]
            },
            {
              "Node Type": "Aggregate",
              "Strategy": "Plain",
              "Partial Mode": "Simple",
              "Parent Relationship": "SubPlan",
              "Subplan Name": "SubPlan 1",
              "Parallel Aware": false,
              "Async Capable": false,
              "Startup Cost": 4.27,
              "Total Cost": 4.28,
              "Plan Rows": 1,
              "Plan Width": 32,
              "Plans": [
                {
                  "Node Type": "Limit",
                  "Parent Relationship": "Outer",
                  "Parallel Aware": false,
                  "Async Capable": false,
                  "Startup Cost": 0.29,
                  "Total Cost": 4.25,
                  "Plan Rows": 1,
                  "Plan Width": 12,
                  "Plans": [
                    {
                      "Node Type": "Index Scan",
                      "Parent Relationship": "Outer",
                      "Parallel Aware": false,
                      "Async Capable": false,
                      "Scan Direction": "Backward",
                      "Index Name": "idx_finq_period_end",
                      "Relation Name": "financials_quarterly",
                      "Alias": "fq",
                      "Startup Cost": 0.29,
                      "Total Cost": 4.25,
                      "Plan Rows": 1,
                      "Plan Width": 12,
                      "Index Cond": "(period_end <= '2023-10-06'::date)",
                      "Filter": "((statement_type = ANY ('{IS_Q,CF_Q}'::text[])) AND (ticker = sdi.ticker) AND (item_name = 'NetIncome'::text))"
                    }
                  ]
                }
              ]
            }
          ]
        }
      ]
    }
  },
  "db_statistics": {
    "table_stats": {
      "stocks_daily_info": {
        "row_count": 12700,
        "size_mb": 1.71
      },
      "fundamentals_daily": {
        "row_count": 12080,
        "size_mb": 2.33
      },
      "financials_quarterly": {
        "row_count": 8634,
        "size_mb": 0.8
      }
    },
    "existing_indexes": [
      "backtest_results_pkey",
      "community_posts_pkey",
      "financials_quarterly_pkey",
      "fundamentals_daily_pkey",
      "idx_finq_period_end",
      "idx_finq_ticker",
      "idx_fund_event_date",
      "idx_fund_ticker",
      "idx_sdi_event_date",
      "idx_sdi_ticker",
      "ix_backtest_results_strategy_id",
      "ix_community_posts_author_id",
      "ix_community_posts_strategy_id",
      "ix_ml_models_owner_id",
      "ix_strategies_owner_id",
      "ix_users_email",
      "ml_models_pkey",
      "stocks_daily_info_pkey",
      "strategies_pkey",
      "users_pkey"
    ]
  }
}
---
{
  "workload_id": 2623,
  "metadata": {
    "strategy_template": "Value Investing Style",
    "ml_model_used": null
  },
  "sql_query": "SELECT fd.bps, fd.dividend_yield, fd.eps, fd.pbr, fd.per, sdi.close_price, sdi.company_name, sdi.ma_20d, sdi.market_cap, sdi.momentum_12m, sdi.momentum_3m, sdi.rsi_14, sdi.ticker, sdi.volatility_20d FROM stocks_daily_info sdi LEFT JOIN fundamentals_daily fd ON fd.ticker = sdi.ticker AND fd.event_date = sdi.event_date WHERE sdi.market = 'KOSPI' AND sdi.market_cap >= 98300000000 AND sdi.event_date = DATE '2023-06-17' ORDER BY fd.pbr asc, fd.per desc LIMIT 19;",
  "baseline_execution_plan": {
    "Plan": {
      "Node Type": "Limit",
      "Parallel Aware": false,
      "Async Capable": false,
      "Startup Cost": 24.72,
      "Total Cost": 24.73,
      "Plan Rows": 1,
      "Plan Width": 105,
      "Plans": [
        {
          "Node Type": "Sort",
          "Parent Relationship": "Outer",
          "Parallel Aware": false,
          "Async Capable": false,
          "Startup Cost": 24.72,
          "Total Cost": 24.73,
          "Plan Rows": 1,
          "Plan Width": 105,
          "Sort Key": [
            "fd.pbr",
            "fd.per DESC"
          ],
          "Plans": [
            {
              "Node Type": "Nested Loop",
              "Parent Relationship": "Outer",
              "Parallel Aware": false,
              "Async Capable": false,
              "Join Type": "Left",
              "Startup Cost": 2.65,
              "Total Cost": 24.71,
              "Plan Rows": 1,
              "Plan Width": 105,
              "Inner Unique": true,
              "Plans": [
                {
                  "Node Type": "Bitmap Heap Scan",
                  "Parent Relationship": "Outer",
                  "Parallel Aware": false,
                  "Async Capable": false,
                  "Relation Name": "stocks_daily_info",
                  "Alias": "sdi",
                  "Startup Cost": 2.36,
                  "Total Cost": 20.4,
                  "Plan Rows": 1,
                  "Plan Width": 68,
                  "Recheck Cond": "(event_date = '2023-06-17'::date)",
                  "Filter": "((market_cap >= '98300000000'::numeric) AND (market = 'KOSPI'::text))",
                  "Plans": [
                    {
                      "Node Type": "Bitmap Index Scan",
                      "Parent Relationship": "Outer",
                      "Parallel Aware": false,
                      "Async Capable": false,
                      "Index Name": "idx_sdi_event_date",
                      "Startup Cost": 0.0,
                      "Total Cost": 2.36,
                      "Plan Rows": 10,
                      "Plan Width": 0,
                      "Index Cond": "(event_date = '2023-06-17'::date)"
                    }
                  ]
                },
                {
                  "Node Type": "Index Scan",
                  "Parent Relationship": "Inner",
                  "Parallel Aware": false,
                  "Async Capable": false,
                  "Scan Direction": "Forward",
                  "Index Name": "fundamentals_daily_pkey",
                  "Relation Name": "fundamentals_daily",
                  "Alias": "fd",
                  "Startup Cost": 0.29,
                  "Total Cost": 4.3,
                  "Plan Rows": 1,
                  "Plan Width": 55,
                  "Index Cond": "((event_date = '2023-06-17'::date) AND (ticker = sdi.ticker))"
                }
              ]
            }
          ]
        }
      ]
    }
  },
  "db_statistics": {
    "table_stats": {
      "stocks_daily_info": {
        "row_count": 12700,
        "size_mb": 1.71
      },
      "fundamentals_daily": {
        "row_count": 12080,
        "size_mb": 2.33
      },
      "financials_quarterly": {
        "row_count": 8634,
        "size_mb": 0.8
      }
    },
    "existing_indexes": [
      "backtest_results_pkey",
      "community_posts_pkey",
      "financials_quarterly_pkey",
      "fundamentals_daily_pkey",
      "idx_finq_period_end",
      "idx_finq_ticker",
      "idx_fund_event_date",
      "idx_fund_ticker",
      "idx_sdi_event_date",
      "idx_sdi_ticker",
      "ix_backtest_results_strategy_id",
      "ix_community_posts_author_id",
      "ix_community_posts_strategy_id",
      "ix_ml_models_owner_id",
      "ix_strategies_owner_id",
      "ix_users_email",
      "ml_models_pkey",
      "stocks_daily_info_pkey",
      "strategies_pkey",
      "users_pkey"
    ]
  }
}
---
{
  "workload_id": 2624,
  "metadata": {
    "strategy_template": "ML Hybrid Style",
    "ml_model_used": "Return Forecast Model"
  },
  "sql_query": "SELECT fd.bps, fd.dividend_yield, fd.eps, fd.pbr, fd.per, sdi.close_price, sdi.company_name, sdi.ma_20d, sdi.market_cap, sdi.momentum_12m, sdi.momentum_3m, sdi.rsi_14, sdi.ticker, sdi.volatility_20d FROM stocks_daily_info sdi LEFT JOIN fundamentals_daily fd ON fd.ticker = sdi.ticker AND fd.event_date = sdi.event_date WHERE sdi.market = 'KOSPI' AND sdi.market_cap >= 424900000000 AND sdi.event_date = DATE '2023-08-31' ORDER BY CASE sdi.ticker WHEN '000660.KS' THEN 1 WHEN '005930.KS' THEN 2 WHEN '068270.KQ' THEN 3 WHEN '207940.KS' THEN 4 WHEN '035420.KS' THEN 5 WHEN '005380.KS' THEN 6 WHEN '051910.KS' THEN 7 WHEN '012330.KS' THEN 8 WHEN '035720.KS' THEN 9 WHEN '105560.KS' THEN 10 ELSE 11 END LIMIT 27;",
  "baseline_execution_plan": {
    "Plan": {
      "Node Type": "Limit",
      "Parallel Aware": false,
      "Async Capable": false,
      "Startup Cost": 24.75,
      "Total Cost": 24.75,
      "Plan Rows": 1,
      "Plan Width": 109,
      "Plans": [
        {
          "Node Type": "Sort",
          "Parent Relationship": "Outer",
          "Parallel Aware": false,
          "Async Capable": false,
          "Startup Cost": 24.75,
          "Total Cost": 24.75,
          "Plan Rows": 1,
          "Plan Width": 109,
          "Sort Key": [
            "(CASE sdi.ticker WHEN '000660.KS'::text THEN 1 WHEN '005930.KS'::text THEN 2 WHEN '068270.KQ'::text THEN 3 WHEN '207940.KS'::text THEN 4 WHEN '035420.KS'::text THEN 5 WHEN '005380.KS'::text THEN 6 WHEN '051910.KS'::text THEN 7 WHEN '012330.KS'::text THEN 8 WHEN '035720.KS'::text THEN 9 WHEN '105560.KS'::text THEN 10 ELSE 11 END)"
          ],
          "Plans": [
            {
              "Node Type": "Nested Loop",
              "Parent Relationship": "Outer",
              "Parallel Aware": false,
              "Async Capable": false,
              "Join Type": "Left",
              "Startup Cost": 2.65,
              "Total Cost": 24.74,
              "Plan Rows": 1,
              "Plan Width": 109,
              "Inner Unique": true,
              "Plans": [
                {
                  "Node Type": "Bitmap Heap Scan",
                  "Parent Relationship": "Outer",
                  "Parallel Aware": false,
                  "Async Capable": false,
                  "Relation Name": "stocks_daily_info",
                  "Alias": "sdi",
                  "Startup Cost": 2.36,
                  "Total Cost": 20.4,
                  "Plan Rows": 1,
                  "Plan Width": 68,
                  "Recheck Cond": "(event_date = '2023-08-31'::date)",
                  "Filter": "((market_cap >= '424900000000'::numeric) AND (market = 'KOSPI'::text))",
                  "Plans": [
                    {
                      "Node Type": "Bitmap Index Scan",
                      "Parent Relationship": "Outer",
                      "Parallel Aware": false,
                      "Async Capable": false,
                      "Index Name": "idx_sdi_event_date",
                      "Startup Cost": 0.0,
                      "Total Cost": 2.36,
                      "Plan Rows": 10,
                      "Plan Width": 0,
                      "Index Cond": "(event_date = '2023-08-31'::date)"
                    }
                  ]
                },
                {
                  "Node Type": "Index Scan",
                  "Parent Relationship": "Inner",
                  "Parallel Aware": false,
                  "Async Capable": false,
                  "Scan Direction": "Forward",
                  "Index Name": "fundamentals_daily_pkey",
                  "Relation Name": "fundamentals_daily",
                  "Alias": "fd",
                  "Startup Cost": 0.29,
                  "Total Cost": 4.3,
                  "Plan Rows": 1,
                  "Plan Width": 55,
                  "Index Cond": "((event_date = '2023-08-31'::date) AND (ticker = sdi.ticker))"
                }
              ]
            }
          ]
        }
      ]
    }
  },
  "db_statistics": {
    "table_stats": {
      "stocks_daily_info": {
        "row_count": 12700,
        "size_mb": 1.71
      },
      "fundamentals_daily": {
        "row_count": 12080,
        "size_mb": 2.33
      },
      "financials_quarterly": {
        "row_count": 8634,
        "size_mb": 0.8
      }
    },
    "existing_indexes": [
      "backtest_results_pkey",
      "community_posts_pkey",
      "financials_quarterly_pkey",
      "fundamentals_daily_pkey",
      "idx_finq_period_end",
      "idx_finq_ticker",
      "idx_fund_event_date",
      "idx_fund_ticker",
      "idx_sdi_event_date",
      "idx_sdi_ticker",
      "ix_backtest_results_strategy_id",
      "ix_community_posts_author_id",
      "ix_community_posts_strategy_id",
      "ix_ml_models_owner_id",
      "ix_strategies_owner_id",
      "ix_users_email",
      "ml_models_pkey",
      "stocks_daily_info_pkey",
      "strategies_pkey",
      "users_pkey"
    ]
  }
}
---
{
  "workload_id": 2625,
  "metadata": {
    "strategy_template": "ML Hybrid Style",
    "ml_model_used": null
  },
  "sql_query": "SELECT sdi.close_price, sdi.company_name, sdi.ma_20d, sdi.market_cap, sdi.momentum_12m, sdi.momentum_3m, sdi.rsi_14, sdi.ticker, sdi.volatility_20d FROM stocks_daily_info sdi WHERE sdi.market = 'KOSPI' AND sdi.market_cap >= 495700000000 AND sdi.event_date = DATE '2023-09-24' ORDER BY sdi.momentum_3m asc LIMIT 32;",
  "baseline_execution_plan": {
    "Plan": {
      "Node Type": "Limit",
      "Parallel Aware": false,
      "Async Capable": false,
      "Startup Cost": 20.41,
      "Total Cost": 20.41,
      "Plan Rows": 1,
      "Plan Width": 64,
      "Plans": [
        {
          "Node Type": "Sort",
          "Parent Relationship": "Outer",
          "Parallel Aware": false,
          "Async Capable": false,
          "Startup Cost": 20.41,
          "Total Cost": 20.41,
          "Plan Rows": 1,
          "Plan Width": 64,
          "Sort Key": [
            "momentum_3m"
          ],
          "Plans": [
            {
              "Node Type": "Bitmap Heap Scan",
              "Parent Relationship": "Outer",
              "Parallel Aware": false,
              "Async Capable": false,
              "Relation Name": "stocks_daily_info",
              "Alias": "sdi",
              "Startup Cost": 2.36,
              "Total Cost": 20.4,
              "Plan Rows": 1,
              "Plan Width": 64,
              "Recheck Cond": "(event_date = '2023-09-24'::date)",
              "Filter": "((market_cap >= '495700000000'::numeric) AND (market = 'KOSPI'::text))",
              "Plans": [
                {
                  "Node Type": "Bitmap Index Scan",
                  "Parent Relationship": "Outer",
                  "Parallel Aware": false,
                  "Async Capable": false,
                  "Index Name": "idx_sdi_event_date",
                  "Startup Cost": 0.0,
                  "Total Cost": 2.36,
                  "Plan Rows": 10,
                  "Plan Width": 0,
                  "Index Cond": "(event_date = '2023-09-24'::date)"
                }
              ]
            }
          ]
        }
      ]
    }
  },
  "db_statistics": {
    "table_stats": {
      "stocks_daily_info": {
        "row_count": 12700,
        "size_mb": 1.71
      },
      "fundamentals_daily": {
        "row_count": 12080,
        "size_mb": 2.33
      },
      "financials_quarterly": {
        "row_count": 8634,
        "size_mb": 0.8
      }
    },
    "existing_indexes": [
      "backtest_results_pkey",
      "community_posts_pkey",
      "financials_quarterly_pkey",
      "fundamentals_daily_pkey",
      "idx_finq_period_end",
      "idx_finq_ticker",
      "idx_fund_event_date",
      "idx_fund_ticker",
      "idx_sdi_event_date",
      "idx_sdi_ticker",
      "ix_backtest_results_strategy_id",
      "ix_community_posts_author_id",
      "ix_community_posts_strategy_id",
      "ix_ml_models_owner_id",
      "ix_strategies_owner_id",
      "ix_users_email",
      "ml_models_pkey",
      "stocks_daily_info_pkey",
      "strategies_pkey",
      "users_pkey"
    ]
  }
}
---
{
  "workload_id": 2626,
  "metadata": {
    "strategy_template": "Momentum Investing Style",
    "ml_model_used": null
  },
  "sql_query": "SELECT sdi.close_price, sdi.company_name, sdi.ma_20d, sdi.market_cap, sdi.momentum_12m, sdi.momentum_3m, sdi.rsi_14, sdi.ticker, sdi.volatility_20d FROM stocks_daily_info sdi WHERE sdi.market = 'KOSDAQ' AND sdi.market_cap >= 279300000000 AND sdi.event_date = DATE '2023-09-12' ORDER BY sdi.momentum_3m desc, sdi.momentum_12m desc LIMIT 32;",
  "baseline_execution_plan": {
    "Plan": {
      "Node Type": "Limit",
      "Parallel Aware": false,
      "Async Capable": false,
      "Startup Cost": 20.41,
      "Total Cost": 20.41,
      "Plan Rows": 1,
      "Plan Width": 64,
      "Plans": [
        {
          "Node Type": "Sort",
          "Parent Relationship": "Outer",
          "Parallel Aware": false,
          "Async Capable": false,
          "Startup Cost": 20.41,
          "Total Cost": 20.41,
          "Plan Rows": 1,
          "Plan Width": 64,
          "Sort Key": [
            "momentum_3m DESC",
            "momentum_12m DESC"
          ],
          "Plans": [
            {
              "Node Type": "Bitmap Heap Scan",
              "Parent Relationship": "Outer",
              "Parallel Aware": false,
              "Async Capable": false,
              "Relation Name": "stocks_daily_info",
              "Alias": "sdi",
              "Startup Cost": 2.36,
              "Total Cost": 20.4,
              "Plan Rows": 1,
              "Plan Width": 64,
              "Recheck Cond": "(event_date = '2023-09-12'::date)",
              "Filter": "((market_cap >= '279300000000'::numeric) AND (market = 'KOSDAQ'::text))",
              "Plans": [
                {
                  "Node Type": "Bitmap Index Scan",
                  "Parent Relationship": "Outer",
                  "Parallel Aware": false,
                  "Async Capable": false,
                  "Index Name": "idx_sdi_event_date",
                  "Startup Cost": 0.0,
                  "Total Cost": 2.36,
                  "Plan Rows": 10,
                  "Plan Width": 0,
                  "Index Cond": "(event_date = '2023-09-12'::date)"
                }
              ]
            }
          ]
        }
      ]
    }
  },
  "db_statistics": {
    "table_stats": {
      "stocks_daily_info": {
        "row_count": 12700,
        "size_mb": 1.71
      },
      "fundamentals_daily": {
        "row_count": 12080,
        "size_mb": 2.33
      },
      "financials_quarterly": {
        "row_count": 8634,
        "size_mb": 0.8
      }
    },
    "existing_indexes": [
      "backtest_results_pkey",
      "community_posts_pkey",
      "financials_quarterly_pkey",
      "fundamentals_daily_pkey",
      "idx_finq_period_end",
      "idx_finq_ticker",
      "idx_fund_event_date",
      "idx_fund_ticker",
      "idx_sdi_event_date",
      "idx_sdi_ticker",
      "ix_backtest_results_strategy_id",
      "ix_community_posts_author_id",
      "ix_community_posts_strategy_id",
      "ix_ml_models_owner_id",
      "ix_strategies_owner_id",
      "ix_users_email",
      "ml_models_pkey",
      "stocks_daily_info_pkey",
      "strategies_pkey",
      "users_pkey"
    ]
  }
}
---
{
  "workload_id": 2627,
  "metadata": {
    "strategy_template": "Momentum Investing Style",
    "ml_model_used": null
  },
  "sql_query": "SELECT ( SELECT COALESCE(SUM(value), 0) FROM ( SELECT value FROM financials_quarterly fq WHERE fq.ticker = sdi.ticker AND fq.item_name = 'NetIncome' AND fq.statement_type IN ('IS_Q','CF_Q') AND fq.period_end <= DATE '2023-08-20' ORDER BY fq.period_end DESC LIMIT 4 ) as recent_quarters ) AS ttm_netincome , sdi.close_price, sdi.company_name, sdi.ma_20d, sdi.market_cap, sdi.momentum_12m, sdi.momentum_3m, sdi.rsi_14, sdi.ticker, sdi.volatility_20d FROM stocks_daily_info sdi WHERE sdi.market = 'KOSPI' AND sdi.market_cap >= 135700000000 AND sdi.event_date = DATE '2023-08-20' ORDER BY sdi.momentum_3m desc, sdi.momentum_12m asc LIMIT 10;",
  "baseline_execution_plan": {
    "Plan": {
      "Node Type": "Limit",
      "Parallel Aware": false,
      "Async Capable": false,
      "Startup Cost": 20.41,
      "Total Cost": 24.7,
      "Plan Rows": 1,
      "Plan Width": 96,
      "Plans": [
        {
          "Node Type": "Result",
          "Parent Relationship": "Outer",
          "Parallel Aware": false,
          "Async Capable": false,
          "Startup Cost": 20.41,
          "Total Cost": 24.7,
          "Plan Rows": 1,
          "Plan Width": 96,
          "Plans": [
            {
              "Node Type": "Sort",
              "Parent Relationship": "Outer",
              "Parallel Aware": false,
              "Async Capable": false,
              "Startup Cost": 20.41,
              "Total Cost": 20.41,
              "Plan Rows": 1,
              "Plan Width": 64,
              "Sort Key": [
                "sdi.momentum_3m DESC",
                "sdi.momentum_12m"
              ],
              "Plans": [
                {
                  "Node Type": "Bitmap Heap Scan",
                  "Parent Relationship": "Outer",
                  "Parallel Aware": false,
                  "Async Capable": false,
                  "Relation Name": "stocks_daily_info",
                  "Alias": "sdi",
                  "Startup Cost": 2.36,
                  "Total Cost": 20.4,
                  "Plan Rows": 1,
                  "Plan Width": 64,
                  "Recheck Cond": "(event_date = '2023-08-20'::date)",
                  "Filter": "((market_cap >= '135700000000'::numeric) AND (market = 'KOSPI'::text))",
                  "Plans": [
                    {
                      "Node Type": "Bitmap Index Scan",
                      "Parent Relationship": "Outer",
                      "Parallel Aware": false,
                      "Async Capable": false,
                      "Index Name": "idx_sdi_event_date",
                      "Startup Cost": 0.0,
                      "Total Cost": 2.36,
                      "Plan Rows": 10,
                      "Plan Width": 0,
                      "Index Cond": "(event_date = '2023-08-20'::date)"
                    }
                  ]
                }
              ]
            },
            {
              "Node Type": "Aggregate",
              "Strategy": "Plain",
              "Partial Mode": "Simple",
              "Parent Relationship": "SubPlan",
              "Subplan Name": "SubPlan 1",
              "Parallel Aware": false,
              "Async Capable": false,
              "Startup Cost": 4.27,
              "Total Cost": 4.28,
              "Plan Rows": 1,
              "Plan Width": 32,
              "Plans": [
                {
                  "Node Type": "Limit",
                  "Parent Relationship": "Outer",
                  "Parallel Aware": false,
                  "Async Capable": false,
                  "Startup Cost": 0.29,
                  "Total Cost": 4.25,
                  "Plan Rows": 1,
                  "Plan Width": 12,
                  "Plans": [
                    {
                      "Node Type": "Index Scan",
                      "Parent Relationship": "Outer",
                      "Parallel Aware": false,
                      "Async Capable": false,
                      "Scan Direction": "Backward",
                      "Index Name": "idx_finq_period_end",
                      "Relation Name": "financials_quarterly",
                      "Alias": "fq",
                      "Startup Cost": 0.29,
                      "Total Cost": 4.25,
                      "Plan Rows": 1,
                      "Plan Width": 12,
                      "Index Cond": "(period_end <= '2023-08-20'::date)",
                      "Filter": "((statement_type = ANY ('{IS_Q,CF_Q}'::text[])) AND (ticker = sdi.ticker) AND (item_name = 'NetIncome'::text))"
                    }
                  ]
                }
              ]
            }
          ]
        }
      ]
    }
  },
  "db_statistics": {
    "table_stats": {
      "stocks_daily_info": {
        "row_count": 12700,
        "size_mb": 1.71
      },
      "fundamentals_daily": {
        "row_count": 12080,
        "size_mb": 2.33
      },
      "financials_quarterly": {
        "row_count": 8634,
        "size_mb": 0.8
      }
    },
    "existing_indexes": [
      "backtest_results_pkey",
      "community_posts_pkey",
      "financials_quarterly_pkey",
      "fundamentals_daily_pkey",
      "idx_finq_period_end",
      "idx_finq_ticker",
      "idx_fund_event_date",
      "idx_fund_ticker",
      "idx_sdi_event_date",
      "idx_sdi_ticker",
      "ix_backtest_results_strategy_id",
      "ix_community_posts_author_id",
      "ix_community_posts_strategy_id",
      "ix_ml_models_owner_id",
      "ix_strategies_owner_id",
      "ix_users_email",
      "ml_models_pkey",
      "stocks_daily_info_pkey",
      "strategies_pkey",
      "users_pkey"
    ]
  }
}
---
{
  "workload_id": 2628,
  "metadata": {
    "strategy_template": "ML Hybrid Style",
    "ml_model_used": null
  },
  "sql_query": "SELECT sdi.close_price, sdi.company_name, sdi.ma_20d, sdi.market_cap, sdi.momentum_12m, sdi.momentum_3m, sdi.rsi_14, sdi.ticker, sdi.volatility_20d FROM stocks_daily_info sdi WHERE sdi.market = 'KOSDAQ' AND sdi.market_cap >= 401000000000 AND sdi.event_date = DATE '2023-07-08' ORDER BY sdi.volatility_20d asc, sdi.rsi_14 asc LIMIT 32;",
  "baseline_execution_plan": {
    "Plan": {
      "Node Type": "Limit",
      "Parallel Aware": false,
      "Async Capable": false,
      "Startup Cost": 20.41,
      "Total Cost": 20.41,
      "Plan Rows": 1,
      "Plan Width": 64,
      "Plans": [
        {
          "Node Type": "Sort",
          "Parent Relationship": "Outer",
          "Parallel Aware": false,
          "Async Capable": false,
          "Startup Cost": 20.41,
          "Total Cost": 20.41,
          "Plan Rows": 1,
          "Plan Width": 64,
          "Sort Key": [
            "volatility_20d",
            "rsi_14"
          ],
          "Plans": [
            {
              "Node Type": "Bitmap Heap Scan",
              "Parent Relationship": "Outer",
              "Parallel Aware": false,
              "Async Capable": false,
              "Relation Name": "stocks_daily_info",
              "Alias": "sdi",
              "Startup Cost": 2.36,
              "Total Cost": 20.4,
              "Plan Rows": 1,
              "Plan Width": 64,
              "Recheck Cond": "(event_date = '2023-07-08'::date)",
              "Filter": "((market_cap >= '401000000000'::numeric) AND (market = 'KOSDAQ'::text))",
              "Plans": [
                {
                  "Node Type": "Bitmap Index Scan",
                  "Parent Relationship": "Outer",
                  "Parallel Aware": false,
                  "Async Capable": false,
                  "Index Name": "idx_sdi_event_date",
                  "Startup Cost": 0.0,
                  "Total Cost": 2.36,
                  "Plan Rows": 10,
                  "Plan Width": 0,
                  "Index Cond": "(event_date = '2023-07-08'::date)"
                }
              ]
            }
          ]
        }
      ]
    }
  },
  "db_statistics": {
    "table_stats": {
      "stocks_daily_info": {
        "row_count": 12700,
        "size_mb": 1.71
      },
      "fundamentals_daily": {
        "row_count": 12080,
        "size_mb": 2.33
      },
      "financials_quarterly": {
        "row_count": 8634,
        "size_mb": 0.8
      }
    },
    "existing_indexes": [
      "backtest_results_pkey",
      "community_posts_pkey",
      "financials_quarterly_pkey",
      "fundamentals_daily_pkey",
      "idx_finq_period_end",
      "idx_finq_ticker",
      "idx_fund_event_date",
      "idx_fund_ticker",
      "idx_sdi_event_date",
      "idx_sdi_ticker",
      "ix_backtest_results_strategy_id",
      "ix_community_posts_author_id",
      "ix_community_posts_strategy_id",
      "ix_ml_models_owner_id",
      "ix_strategies_owner_id",
      "ix_users_email",
      "ml_models_pkey",
      "stocks_daily_info_pkey",
      "strategies_pkey",
      "users_pkey"
    ]
  }
}
---
{
  "workload_id": 2629,
  "metadata": {
    "strategy_template": "Momentum Investing Style",
    "ml_model_used": null
  },
  "sql_query": "SELECT ( SELECT COALESCE(SUM(value), 0) FROM ( SELECT value FROM financials_quarterly fq WHERE fq.ticker = sdi.ticker AND fq.item_name = 'NetIncome' AND fq.statement_type IN ('IS_Q','CF_Q') AND fq.period_end <= DATE '2023-07-12' ORDER BY fq.period_end DESC LIMIT 4 ) as recent_quarters ) AS ttm_netincome , sdi.close_price, sdi.company_name, sdi.ma_20d, sdi.market_cap, sdi.momentum_12m, sdi.momentum_3m, sdi.rsi_14, sdi.ticker, sdi.volatility_20d FROM stocks_daily_info sdi WHERE sdi.market = 'KOSPI' AND sdi.market_cap >= 254900000000 AND sdi.event_date = DATE '2023-07-12' ORDER BY sdi.momentum_3m asc, sdi.momentum_12m desc, sdi.rsi_14 desc LIMIT 35;",
  "baseline_execution_plan": {
    "Plan": {
      "Node Type": "Limit",
      "Parallel Aware": false,
      "Async Capable": false,
      "Startup Cost": 20.41,
      "Total Cost": 24.7,
      "Plan Rows": 1,
      "Plan Width": 96,
      "Plans": [
        {
          "Node Type": "Result",
          "Parent Relationship": "Outer",
          "Parallel Aware": false,
          "Async Capable": false,
          "Startup Cost": 20.41,
          "Total Cost": 24.7,
          "Plan Rows": 1,
          "Plan Width": 96,
          "Plans": [
            {
              "Node Type": "Sort",
              "Parent Relationship": "Outer",
              "Parallel Aware": false,
              "Async Capable": false,
              "Startup Cost": 20.41,
              "Total Cost": 20.41,
              "Plan Rows": 1,
              "Plan Width": 64,
              "Sort Key": [
                "sdi.momentum_3m",
                "sdi.momentum_12m DESC",
                "sdi.rsi_14 DESC"
              ],
              "Plans": [
                {
                  "Node Type": "Bitmap Heap Scan",
                  "Parent Relationship": "Outer",
                  "Parallel Aware": false,
                  "Async Capable": false,
                  "Relation Name": "stocks_daily_info",
                  "Alias": "sdi",
                  "Startup Cost": 2.36,
                  "Total Cost": 20.4,
                  "Plan Rows": 1,
                  "Plan Width": 64,
                  "Recheck Cond": "(event_date = '2023-07-12'::date)",
                  "Filter": "((market_cap >= '254900000000'::numeric) AND (market = 'KOSPI'::text))",
                  "Plans": [
                    {
                      "Node Type": "Bitmap Index Scan",
                      "Parent Relationship": "Outer",
                      "Parallel Aware": false,
                      "Async Capable": false,
                      "Index Name": "idx_sdi_event_date",
                      "Startup Cost": 0.0,
                      "Total Cost": 2.36,
                      "Plan Rows": 10,
                      "Plan Width": 0,
                      "Index Cond": "(event_date = '2023-07-12'::date)"
                    }
                  ]
                }
              ]
            },
            {
              "Node Type": "Aggregate",
              "Strategy": "Plain",
              "Partial Mode": "Simple",
              "Parent Relationship": "SubPlan",
              "Subplan Name": "SubPlan 1",
              "Parallel Aware": false,
              "Async Capable": false,
              "Startup Cost": 4.27,
              "Total Cost": 4.28,
              "Plan Rows": 1,
              "Plan Width": 32,
              "Plans": [
                {
                  "Node Type": "Limit",
                  "Parent Relationship": "Outer",
                  "Parallel Aware": false,
                  "Async Capable": false,
                  "Startup Cost": 0.29,
                  "Total Cost": 4.25,
                  "Plan Rows": 1,
                  "Plan Width": 12,
                  "Plans": [
                    {
                      "Node Type": "Index Scan",
                      "Parent Relationship": "Outer",
                      "Parallel Aware": false,
                      "Async Capable": false,
                      "Scan Direction": "Backward",
                      "Index Name": "idx_finq_period_end",
                      "Relation Name": "financials_quarterly",
                      "Alias": "fq",
                      "Startup Cost": 0.29,
                      "Total Cost": 4.25,
                      "Plan Rows": 1,
                      "Plan Width": 12,
                      "Index Cond": "(period_end <= '2023-07-12'::date)",
                      "Filter": "((statement_type = ANY ('{IS_Q,CF_Q}'::text[])) AND (ticker = sdi.ticker) AND (item_name = 'NetIncome'::text))"
                    }
                  ]
                }
              ]
            }
          ]
        }
      ]
    }
  },
  "db_statistics": {
    "table_stats": {
      "stocks_daily_info": {
        "row_count": 12700,
        "size_mb": 1.71
      },
      "fundamentals_daily": {
        "row_count": 12080,
        "size_mb": 2.33
      },
      "financials_quarterly": {
        "row_count": 8634,
        "size_mb": 0.8
      }
    },
    "existing_indexes": [
      "backtest_results_pkey",
      "community_posts_pkey",
      "financials_quarterly_pkey",
      "fundamentals_daily_pkey",
      "idx_finq_period_end",
      "idx_finq_ticker",
      "idx_fund_event_date",
      "idx_fund_ticker",
      "idx_sdi_event_date",
      "idx_sdi_ticker",
      "ix_backtest_results_strategy_id",
      "ix_community_posts_author_id",
      "ix_community_posts_strategy_id",
      "ix_ml_models_owner_id",
      "ix_strategies_owner_id",
      "ix_users_email",
      "ml_models_pkey",
      "stocks_daily_info_pkey",
      "strategies_pkey",
      "users_pkey"
    ]
  }
}
---
{
  "workload_id": 2630,
  "metadata": {
    "strategy_template": "Momentum Investing Style",
    "ml_model_used": null
  },
  "sql_query": "SELECT ( SELECT COALESCE(SUM(value), 0) FROM ( SELECT value FROM financials_quarterly fq WHERE fq.ticker = sdi.ticker AND fq.item_name = 'OperatingCashFlow' AND fq.statement_type IN ('IS_Q','CF_Q') AND fq.period_end <= DATE '2023-08-01' ORDER BY fq.period_end DESC LIMIT 4 ) as recent_quarters ) AS ttm_operatingcashflow , sdi.close_price, sdi.company_name, sdi.ma_20d, sdi.market_cap, sdi.momentum_12m, sdi.momentum_3m, sdi.rsi_14, sdi.ticker, sdi.volatility_20d FROM stocks_daily_info sdi WHERE sdi.market = 'KOSDAQ' AND sdi.market_cap >= 355500000000 AND sdi.event_date = DATE '2023-08-01' ORDER BY sdi.momentum_3m asc, sdi.momentum_12m desc LIMIT 11;",
  "baseline_execution_plan": {
    "Plan": {
      "Node Type": "Limit",
      "Parallel Aware": false,
      "Async Capable": false,
      "Startup Cost": 20.41,
      "Total Cost": 24.7,
      "Plan Rows": 1,
      "Plan Width": 96,
      "Plans": [
        {
          "Node Type": "Result",
          "Parent Relationship": "Outer",
          "Parallel Aware": false,
          "Async Capable": false,
          "Startup Cost": 20.41,
          "Total Cost": 24.7,
          "Plan Rows": 1,
          "Plan Width": 96,
          "Plans": [
            {
              "Node Type": "Sort",
              "Parent Relationship": "Outer",
              "Parallel Aware": false,
              "Async Capable": false,
              "Startup Cost": 20.41,
              "Total Cost": 20.41,
              "Plan Rows": 1,
              "Plan Width": 64,
              "Sort Key": [
                "sdi.momentum_3m",
                "sdi.momentum_12m DESC"
              ],
              "Plans": [
                {
                  "Node Type": "Bitmap Heap Scan",
                  "Parent Relationship": "Outer",
                  "Parallel Aware": false,
                  "Async Capable": false,
                  "Relation Name": "stocks_daily_info",
                  "Alias": "sdi",
                  "Startup Cost": 2.36,
                  "Total Cost": 20.4,
                  "Plan Rows": 1,
                  "Plan Width": 64,
                  "Recheck Cond": "(event_date = '2023-08-01'::date)",
                  "Filter": "((market_cap >= '355500000000'::numeric) AND (market = 'KOSDAQ'::text))",
                  "Plans": [
                    {
                      "Node Type": "Bitmap Index Scan",
                      "Parent Relationship": "Outer",
                      "Parallel Aware": false,
                      "Async Capable": false,
                      "Index Name": "idx_sdi_event_date",
                      "Startup Cost": 0.0,
                      "Total Cost": 2.36,
                      "Plan Rows": 10,
                      "Plan Width": 0,
                      "Index Cond": "(event_date = '2023-08-01'::date)"
                    }
                  ]
                }
              ]
            },
            {
              "Node Type": "Aggregate",
              "Strategy": "Plain",
              "Partial Mode": "Simple",
              "Parent Relationship": "SubPlan",
              "Subplan Name": "SubPlan 1",
              "Parallel Aware": false,
              "Async Capable": false,
              "Startup Cost": 4.27,
              "Total Cost": 4.28,
              "Plan Rows": 1,
              "Plan Width": 32,
              "Plans": [
                {
                  "Node Type": "Limit",
                  "Parent Relationship": "Outer",
                  "Parallel Aware": false,
                  "Async Capable": false,
                  "Startup Cost": 0.29,
                  "Total Cost": 4.25,
                  "Plan Rows": 1,
                  "Plan Width": 12,
                  "Plans": [
                    {
                      "Node Type": "Index Scan",
                      "Parent Relationship": "Outer",
                      "Parallel Aware": false,
                      "Async Capable": false,
                      "Scan Direction": "Backward",
                      "Index Name": "idx_finq_period_end",
                      "Relation Name": "financials_quarterly",
                      "Alias": "fq",
                      "Startup Cost": 0.29,
                      "Total Cost": 4.25,
                      "Plan Rows": 1,
                      "Plan Width": 12,
                      "Index Cond": "(period_end <= '2023-08-01'::date)",
                      "Filter": "((statement_type = ANY ('{IS_Q,CF_Q}'::text[])) AND (ticker = sdi.ticker) AND (item_name = 'OperatingCashFlow'::text))"
                    }
                  ]
                }
              ]
            }
          ]
        }
      ]
    }
  },
  "db_statistics": {
    "table_stats": {
      "stocks_daily_info": {
        "row_count": 12700,
        "size_mb": 1.71
      },
      "fundamentals_daily": {
        "row_count": 12080,
        "size_mb": 2.33
      },
      "financials_quarterly": {
        "row_count": 8634,
        "size_mb": 0.8
      }
    },
    "existing_indexes": [
      "backtest_results_pkey",
      "community_posts_pkey",
      "financials_quarterly_pkey",
      "fundamentals_daily_pkey",
      "idx_finq_period_end",
      "idx_finq_ticker",
      "idx_fund_event_date",
      "idx_fund_ticker",
      "idx_sdi_event_date",
      "idx_sdi_ticker",
      "ix_backtest_results_strategy_id",
      "ix_community_posts_author_id",
      "ix_community_posts_strategy_id",
      "ix_ml_models_owner_id",
      "ix_strategies_owner_id",
      "ix_users_email",
      "ml_models_pkey",
      "stocks_daily_info_pkey",
      "strategies_pkey",
      "users_pkey"
    ]
  }
}
---
{
  "workload_id": 2631,
  "metadata": {
    "strategy_template": "Momentum Investing Style",
    "ml_model_used": null
  },
  "sql_query": "SELECT ( SELECT COALESCE(SUM(value), 0) FROM ( SELECT value FROM financials_quarterly fq WHERE fq.ticker = sdi.ticker AND fq.item_name = 'NetIncome' AND fq.statement_type IN ('IS_Q','CF_Q') AND fq.period_end <= DATE '2023-05-03' ORDER BY fq.period_end DESC LIMIT 4 ) as recent_quarters ) AS ttm_netincome , sdi.close_price, sdi.company_name, sdi.ma_20d, sdi.market_cap, sdi.momentum_12m, sdi.momentum_3m, sdi.rsi_14, sdi.ticker, sdi.volatility_20d FROM stocks_daily_info sdi WHERE sdi.market = 'KOSPI' AND sdi.market_cap >= 128500000000 AND sdi.event_date = DATE '2023-05-03' ORDER BY sdi.momentum_3m desc, sdi.momentum_12m desc, sdi.rsi_14 asc LIMIT 37;",
  "baseline_execution_plan": {
    "Plan": {
      "Node Type": "Limit",
      "Parallel Aware": false,
      "Async Capable": false,
      "Startup Cost": 20.41,
      "Total Cost": 24.7,
      "Plan Rows": 1,
      "Plan Width": 96,
      "Plans": [
        {
          "Node Type": "Result",
          "Parent Relationship": "Outer",
          "Parallel Aware": false,
          "Async Capable": false,
          "Startup Cost": 20.41,
          "Total Cost": 24.7,
          "Plan Rows": 1,
          "Plan Width": 96,
          "Plans": [
            {
              "Node Type": "Sort",
              "Parent Relationship": "Outer",
              "Parallel Aware": false,
              "Async Capable": false,
              "Startup Cost": 20.41,
              "Total Cost": 20.41,
              "Plan Rows": 1,
              "Plan Width": 64,
              "Sort Key": [
                "sdi.momentum_3m DESC",
                "sdi.momentum_12m DESC",
                "sdi.rsi_14"
              ],
              "Plans": [
                {
                  "Node Type": "Bitmap Heap Scan",
                  "Parent Relationship": "Outer",
                  "Parallel Aware": false,
                  "Async Capable": false,
                  "Relation Name": "stocks_daily_info",
                  "Alias": "sdi",
                  "Startup Cost": 2.36,
                  "Total Cost": 20.4,
                  "Plan Rows": 1,
                  "Plan Width": 64,
                  "Recheck Cond": "(event_date = '2023-05-03'::date)",
                  "Filter": "((market_cap >= '128500000000'::numeric) AND (market = 'KOSPI'::text))",
                  "Plans": [
                    {
                      "Node Type": "Bitmap Index Scan",
                      "Parent Relationship": "Outer",
                      "Parallel Aware": false,
                      "Async Capable": false,
                      "Index Name": "idx_sdi_event_date",
                      "Startup Cost": 0.0,
                      "Total Cost": 2.36,
                      "Plan Rows": 10,
                      "Plan Width": 0,
                      "Index Cond": "(event_date = '2023-05-03'::date)"
                    }
                  ]
                }
              ]
            },
            {
              "Node Type": "Aggregate",
              "Strategy": "Plain",
              "Partial Mode": "Simple",
              "Parent Relationship": "SubPlan",
              "Subplan Name": "SubPlan 1",
              "Parallel Aware": false,
              "Async Capable": false,
              "Startup Cost": 4.27,
              "Total Cost": 4.28,
              "Plan Rows": 1,
              "Plan Width": 32,
              "Plans": [
                {
                  "Node Type": "Limit",
                  "Parent Relationship": "Outer",
                  "Parallel Aware": false,
                  "Async Capable": false,
                  "Startup Cost": 0.29,
                  "Total Cost": 4.25,
                  "Plan Rows": 1,
                  "Plan Width": 12,
                  "Plans": [
                    {
                      "Node Type": "Index Scan",
                      "Parent Relationship": "Outer",
                      "Parallel Aware": false,
                      "Async Capable": false,
                      "Scan Direction": "Backward",
                      "Index Name": "idx_finq_period_end",
                      "Relation Name": "financials_quarterly",
                      "Alias": "fq",
                      "Startup Cost": 0.29,
                      "Total Cost": 4.25,
                      "Plan Rows": 1,
                      "Plan Width": 12,
                      "Index Cond": "(period_end <= '2023-05-03'::date)",
                      "Filter": "((statement_type = ANY ('{IS_Q,CF_Q}'::text[])) AND (ticker = sdi.ticker) AND (item_name = 'NetIncome'::text))"
                    }
                  ]
                }
              ]
            }
          ]
        }
      ]
    }
  },
  "db_statistics": {
    "table_stats": {
      "stocks_daily_info": {
        "row_count": 12700,
        "size_mb": 1.71
      },
      "fundamentals_daily": {
        "row_count": 12080,
        "size_mb": 2.33
      },
      "financials_quarterly": {
        "row_count": 8634,
        "size_mb": 0.8
      }
    },
    "existing_indexes": [
      "backtest_results_pkey",
      "community_posts_pkey",
      "financials_quarterly_pkey",
      "fundamentals_daily_pkey",
      "idx_finq_period_end",
      "idx_finq_ticker",
      "idx_fund_event_date",
      "idx_fund_ticker",
      "idx_sdi_event_date",
      "idx_sdi_ticker",
      "ix_backtest_results_strategy_id",
      "ix_community_posts_author_id",
      "ix_community_posts_strategy_id",
      "ix_ml_models_owner_id",
      "ix_strategies_owner_id",
      "ix_users_email",
      "ml_models_pkey",
      "stocks_daily_info_pkey",
      "strategies_pkey",
      "users_pkey"
    ]
  }
}
---
{
  "workload_id": 2632,
  "metadata": {
    "strategy_template": "ML Hybrid Style",
    "ml_model_used": null
  },
  "sql_query": "SELECT sdi.close_price, sdi.company_name, sdi.ma_20d, sdi.market_cap, sdi.momentum_12m, sdi.momentum_3m, sdi.rsi_14, sdi.ticker, sdi.volatility_20d FROM stocks_daily_info sdi WHERE sdi.market = 'KOSPI' AND sdi.market_cap >= 89800000000 AND sdi.event_date = DATE '2023-09-03' ORDER BY sdi.market_cap DESC LIMIT 29;",
  "baseline_execution_plan": {
    "Plan": {
      "Node Type": "Limit",
      "Parallel Aware": false,
      "Async Capable": false,
      "Startup Cost": 20.41,
      "Total Cost": 20.41,
      "Plan Rows": 1,
      "Plan Width": 64,
      "Plans": [
        {
          "Node Type": "Sort",
          "Parent Relationship": "Outer",
          "Parallel Aware": false,
          "Async Capable": false,
          "Startup Cost": 20.41,
          "Total Cost": 20.41,
          "Plan Rows": 1,
          "Plan Width": 64,
          "Sort Key": [
            "market_cap DESC"
          ],
          "Plans": [
            {
              "Node Type": "Bitmap Heap Scan",
              "Parent Relationship": "Outer",
              "Parallel Aware": false,
              "Async Capable": false,
              "Relation Name": "stocks_daily_info",
              "Alias": "sdi",
              "Startup Cost": 2.36,
              "Total Cost": 20.4,
              "Plan Rows": 1,
              "Plan Width": 64,
              "Recheck Cond": "(event_date = '2023-09-03'::date)",
              "Filter": "((market_cap >= '89800000000'::numeric) AND (market = 'KOSPI'::text))",
              "Plans": [
                {
                  "Node Type": "Bitmap Index Scan",
                  "Parent Relationship": "Outer",
                  "Parallel Aware": false,
                  "Async Capable": false,
                  "Index Name": "idx_sdi_event_date",
                  "Startup Cost": 0.0,
                  "Total Cost": 2.36,
                  "Plan Rows": 10,
                  "Plan Width": 0,
                  "Index Cond": "(event_date = '2023-09-03'::date)"
                }
              ]
            }
          ]
        }
      ]
    }
  },
  "db_statistics": {
    "table_stats": {
      "stocks_daily_info": {
        "row_count": 12700,
        "size_mb": 1.71
      },
      "fundamentals_daily": {
        "row_count": 12080,
        "size_mb": 2.33
      },
      "financials_quarterly": {
        "row_count": 8634,
        "size_mb": 0.8
      }
    },
    "existing_indexes": [
      "backtest_results_pkey",
      "community_posts_pkey",
      "financials_quarterly_pkey",
      "fundamentals_daily_pkey",
      "idx_finq_period_end",
      "idx_finq_ticker",
      "idx_fund_event_date",
      "idx_fund_ticker",
      "idx_sdi_event_date",
      "idx_sdi_ticker",
      "ix_backtest_results_strategy_id",
      "ix_community_posts_author_id",
      "ix_community_posts_strategy_id",
      "ix_ml_models_owner_id",
      "ix_strategies_owner_id",
      "ix_users_email",
      "ml_models_pkey",
      "stocks_daily_info_pkey",
      "strategies_pkey",
      "users_pkey"
    ]
  }
}
---
{
  "workload_id": 2633,
  "metadata": {
    "strategy_template": "ML Hybrid Style",
    "ml_model_used": "Return Forecast Model"
  },
  "sql_query": "SELECT fd.bps, fd.dividend_yield, fd.eps, fd.pbr, fd.per, sdi.close_price, sdi.company_name, sdi.ma_20d, sdi.market_cap, sdi.momentum_12m, sdi.momentum_3m, sdi.rsi_14, sdi.ticker, sdi.volatility_20d FROM stocks_daily_info sdi LEFT JOIN fundamentals_daily fd ON fd.ticker = sdi.ticker AND fd.event_date = sdi.event_date WHERE sdi.market = 'KOSPI' AND sdi.market_cap >= 440200000000 AND sdi.event_date = DATE '2023-07-20' ORDER BY CASE sdi.ticker WHEN '000660.KS' THEN 1 WHEN '005930.KS' THEN 2 WHEN '068270.KQ' THEN 3 WHEN '207940.KS' THEN 4 WHEN '035420.KS' THEN 5 WHEN '005380.KS' THEN 6 WHEN '051910.KS' THEN 7 WHEN '012330.KS' THEN 8 WHEN '035720.KS' THEN 9 WHEN '105560.KS' THEN 10 ELSE 11 END LIMIT 48;",
  "baseline_execution_plan": {
    "Plan": {
      "Node Type": "Limit",
      "Parallel Aware": false,
      "Async Capable": false,
      "Startup Cost": 24.75,
      "Total Cost": 24.75,
      "Plan Rows": 1,
      "Plan Width": 109,
      "Plans": [
        {
          "Node Type": "Sort",
          "Parent Relationship": "Outer",
          "Parallel Aware": false,
          "Async Capable": false,
          "Startup Cost": 24.75,
          "Total Cost": 24.75,
          "Plan Rows": 1,
          "Plan Width": 109,
          "Sort Key": [
            "(CASE sdi.ticker WHEN '000660.KS'::text THEN 1 WHEN '005930.KS'::text THEN 2 WHEN '068270.KQ'::text THEN 3 WHEN '207940.KS'::text THEN 4 WHEN '035420.KS'::text THEN 5 WHEN '005380.KS'::text THEN 6 WHEN '051910.KS'::text THEN 7 WHEN '012330.KS'::text THEN 8 WHEN '035720.KS'::text THEN 9 WHEN '105560.KS'::text THEN 10 ELSE 11 END)"
          ],
          "Plans": [
            {
              "Node Type": "Nested Loop",
              "Parent Relationship": "Outer",
              "Parallel Aware": false,
              "Async Capable": false,
              "Join Type": "Left",
              "Startup Cost": 2.65,
              "Total Cost": 24.74,
              "Plan Rows": 1,
              "Plan Width": 109,
              "Inner Unique": true,
              "Plans": [
                {
                  "Node Type": "Bitmap Heap Scan",
                  "Parent Relationship": "Outer",
                  "Parallel Aware": false,
                  "Async Capable": false,
                  "Relation Name": "stocks_daily_info",
                  "Alias": "sdi",
                  "Startup Cost": 2.36,
                  "Total Cost": 20.4,
                  "Plan Rows": 1,
                  "Plan Width": 68,
                  "Recheck Cond": "(event_date = '2023-07-20'::date)",
                  "Filter": "((market_cap >= '440200000000'::numeric) AND (market = 'KOSPI'::text))",
                  "Plans": [
                    {
                      "Node Type": "Bitmap Index Scan",
                      "Parent Relationship": "Outer",
                      "Parallel Aware": false,
                      "Async Capable": false,
                      "Index Name": "idx_sdi_event_date",
                      "Startup Cost": 0.0,
                      "Total Cost": 2.36,
                      "Plan Rows": 10,
                      "Plan Width": 0,
                      "Index Cond": "(event_date = '2023-07-20'::date)"
                    }
                  ]
                },
                {
                  "Node Type": "Index Scan",
                  "Parent Relationship": "Inner",
                  "Parallel Aware": false,
                  "Async Capable": false,
                  "Scan Direction": "Forward",
                  "Index Name": "fundamentals_daily_pkey",
                  "Relation Name": "fundamentals_daily",
                  "Alias": "fd",
                  "Startup Cost": 0.29,
                  "Total Cost": 4.3,
                  "Plan Rows": 1,
                  "Plan Width": 55,
                  "Index Cond": "((event_date = '2023-07-20'::date) AND (ticker = sdi.ticker))"
                }
              ]
            }
          ]
        }
      ]
    }
  },
  "db_statistics": {
    "table_stats": {
      "stocks_daily_info": {
        "row_count": 12700,
        "size_mb": 1.71
      },
      "fundamentals_daily": {
        "row_count": 12080,
        "size_mb": 2.33
      },
      "financials_quarterly": {
        "row_count": 8634,
        "size_mb": 0.8
      }
    },
    "existing_indexes": [
      "backtest_results_pkey",
      "community_posts_pkey",
      "financials_quarterly_pkey",
      "fundamentals_daily_pkey",
      "idx_finq_period_end",
      "idx_finq_ticker",
      "idx_fund_event_date",
      "idx_fund_ticker",
      "idx_sdi_event_date",
      "idx_sdi_ticker",
      "ix_backtest_results_strategy_id",
      "ix_community_posts_author_id",
      "ix_community_posts_strategy_id",
      "ix_ml_models_owner_id",
      "ix_strategies_owner_id",
      "ix_users_email",
      "ml_models_pkey",
      "stocks_daily_info_pkey",
      "strategies_pkey",
      "users_pkey"
    ]
  }
}
---
{
  "workload_id": 2634,
  "metadata": {
    "strategy_template": "ML Hybrid Style",
    "ml_model_used": null
  },
  "sql_query": "SELECT fd.bps, fd.dividend_yield, fd.eps, fd.pbr, fd.per, sdi.close_price, sdi.company_name, sdi.ma_20d, sdi.market_cap, sdi.momentum_12m, sdi.momentum_3m, sdi.rsi_14, sdi.ticker, sdi.volatility_20d FROM stocks_daily_info sdi LEFT JOIN fundamentals_daily fd ON fd.ticker = sdi.ticker AND fd.event_date = sdi.event_date WHERE sdi.market = 'KOSPI' AND sdi.market_cap >= 206300000000 AND sdi.event_date = DATE '2023-10-03' ORDER BY fd.pbr desc, sdi.volatility_20d desc, sdi.momentum_3m desc, sdi.rsi_14 asc LIMIT 27;",
  "baseline_execution_plan": {
    "Plan": {
      "Node Type": "Limit",
      "Parallel Aware": false,
      "Async Capable": false,
      "Startup Cost": 24.72,
      "Total Cost": 24.73,
      "Plan Rows": 1,
      "Plan Width": 105,
      "Plans": [
        {
          "Node Type": "Sort",
          "Parent Relationship": "Outer",
          "Parallel Aware": false,
          "Async Capable": false,
          "Startup Cost": 24.72,
          "Total Cost": 24.73,
          "Plan Rows": 1,
          "Plan Width": 105,
          "Sort Key": [
            "fd.pbr DESC",
            "sdi.volatility_20d DESC",
            "sdi.momentum_3m DESC",
            "sdi.rsi_14"
          ],
          "Plans": [
            {
              "Node Type": "Nested Loop",
              "Parent Relationship": "Outer",
              "Parallel Aware": false,
              "Async Capable": false,
              "Join Type": "Left",
              "Startup Cost": 2.65,
              "Total Cost": 24.71,
              "Plan Rows": 1,
              "Plan Width": 105,
              "Inner Unique": true,
              "Plans": [
                {
                  "Node Type": "Bitmap Heap Scan",
                  "Parent Relationship": "Outer",
                  "Parallel Aware": false,
                  "Async Capable": false,
                  "Relation Name": "stocks_daily_info",
                  "Alias": "sdi",
                  "Startup Cost": 2.36,
                  "Total Cost": 20.4,
                  "Plan Rows": 1,
                  "Plan Width": 68,
                  "Recheck Cond": "(event_date = '2023-10-03'::date)",
                  "Filter": "((market_cap >= '206300000000'::numeric) AND (market = 'KOSPI'::text))",
                  "Plans": [
                    {
                      "Node Type": "Bitmap Index Scan",
                      "Parent Relationship": "Outer",
                      "Parallel Aware": false,
                      "Async Capable": false,
                      "Index Name": "idx_sdi_event_date",
                      "Startup Cost": 0.0,
                      "Total Cost": 2.36,
                      "Plan Rows": 10,
                      "Plan Width": 0,
                      "Index Cond": "(event_date = '2023-10-03'::date)"
                    }
                  ]
                },
                {
                  "Node Type": "Index Scan",
                  "Parent Relationship": "Inner",
                  "Parallel Aware": false,
                  "Async Capable": false,
                  "Scan Direction": "Forward",
                  "Index Name": "fundamentals_daily_pkey",
                  "Relation Name": "fundamentals_daily",
                  "Alias": "fd",
                  "Startup Cost": 0.29,
                  "Total Cost": 4.3,
                  "Plan Rows": 1,
                  "Plan Width": 55,
                  "Index Cond": "((event_date = '2023-10-03'::date) AND (ticker = sdi.ticker))"
                }
              ]
            }
          ]
        }
      ]
    }
  },
  "db_statistics": {
    "table_stats": {
      "stocks_daily_info": {
        "row_count": 12700,
        "size_mb": 1.71
      },
      "fundamentals_daily": {
        "row_count": 12080,
        "size_mb": 2.33
      },
      "financials_quarterly": {
        "row_count": 8634,
        "size_mb": 0.8
      }
    },
    "existing_indexes": [
      "backtest_results_pkey",
      "community_posts_pkey",
      "financials_quarterly_pkey",
      "fundamentals_daily_pkey",
      "idx_finq_period_end",
      "idx_finq_ticker",
      "idx_fund_event_date",
      "idx_fund_ticker",
      "idx_sdi_event_date",
      "idx_sdi_ticker",
      "ix_backtest_results_strategy_id",
      "ix_community_posts_author_id",
      "ix_community_posts_strategy_id",
      "ix_ml_models_owner_id",
      "ix_strategies_owner_id",
      "ix_users_email",
      "ml_models_pkey",
      "stocks_daily_info_pkey",
      "strategies_pkey",
      "users_pkey"
    ]
  }
}
---
{
  "workload_id": 2635,
  "metadata": {
    "strategy_template": "Value Investing Style",
    "ml_model_used": null
  },
  "sql_query": "SELECT fd.bps, fd.dividend_yield, fd.eps, fd.pbr, fd.per, sdi.close_price, sdi.company_name, sdi.ma_20d, sdi.market_cap, sdi.momentum_12m, sdi.momentum_3m, sdi.rsi_14, sdi.ticker, sdi.volatility_20d FROM stocks_daily_info sdi LEFT JOIN fundamentals_daily fd ON fd.ticker = sdi.ticker AND fd.event_date = sdi.event_date WHERE sdi.market = 'KOSDAQ' AND sdi.market_cap >= 77800000000 AND sdi.event_date = DATE '2023-09-12' ORDER BY fd.pbr desc, fd.per asc, fd.eps desc LIMIT 33;",
  "baseline_execution_plan": {
    "Plan": {
      "Node Type": "Limit",
      "Parallel Aware": false,
      "Async Capable": false,
      "Startup Cost": 24.72,
      "Total Cost": 24.73,
      "Plan Rows": 1,
      "Plan Width": 105,
      "Plans": [
        {
          "Node Type": "Sort",
          "Parent Relationship": "Outer",
          "Parallel Aware": false,
          "Async Capable": false,
          "Startup Cost": 24.72,
          "Total Cost": 24.73,
          "Plan Rows": 1,
          "Plan Width": 105,
          "Sort Key": [
            "fd.pbr DESC",
            "fd.per",
            "fd.eps DESC"
          ],
          "Plans": [
            {
              "Node Type": "Nested Loop",
              "Parent Relationship": "Outer",
              "Parallel Aware": false,
              "Async Capable": false,
              "Join Type": "Left",
              "Startup Cost": 2.65,
              "Total Cost": 24.71,
              "Plan Rows": 1,
              "Plan Width": 105,
              "Inner Unique": true,
              "Plans": [
                {
                  "Node Type": "Bitmap Heap Scan",
                  "Parent Relationship": "Outer",
                  "Parallel Aware": false,
                  "Async Capable": false,
                  "Relation Name": "stocks_daily_info",
                  "Alias": "sdi",
                  "Startup Cost": 2.36,
                  "Total Cost": 20.4,
                  "Plan Rows": 1,
                  "Plan Width": 68,
                  "Recheck Cond": "(event_date = '2023-09-12'::date)",
                  "Filter": "((market_cap >= '77800000000'::numeric) AND (market = 'KOSDAQ'::text))",
                  "Plans": [
                    {
                      "Node Type": "Bitmap Index Scan",
                      "Parent Relationship": "Outer",
                      "Parallel Aware": false,
                      "Async Capable": false,
                      "Index Name": "idx_sdi_event_date",
                      "Startup Cost": 0.0,
                      "Total Cost": 2.36,
                      "Plan Rows": 10,
                      "Plan Width": 0,
                      "Index Cond": "(event_date = '2023-09-12'::date)"
                    }
                  ]
                },
                {
                  "Node Type": "Index Scan",
                  "Parent Relationship": "Inner",
                  "Parallel Aware": false,
                  "Async Capable": false,
                  "Scan Direction": "Forward",
                  "Index Name": "fundamentals_daily_pkey",
                  "Relation Name": "fundamentals_daily",
                  "Alias": "fd",
                  "Startup Cost": 0.29,
                  "Total Cost": 4.3,
                  "Plan Rows": 1,
                  "Plan Width": 55,
                  "Index Cond": "((event_date = '2023-09-12'::date) AND (ticker = sdi.ticker))"
                }
              ]
            }
          ]
        }
      ]
    }
  },
  "db_statistics": {
    "table_stats": {
      "stocks_daily_info": {
        "row_count": 12700,
        "size_mb": 1.71
      },
      "fundamentals_daily": {
        "row_count": 12080,
        "size_mb": 2.33
      },
      "financials_quarterly": {
        "row_count": 8634,
        "size_mb": 0.8
      }
    },
    "existing_indexes": [
      "backtest_results_pkey",
      "community_posts_pkey",
      "financials_quarterly_pkey",
      "fundamentals_daily_pkey",
      "idx_finq_period_end",
      "idx_finq_ticker",
      "idx_fund_event_date",
      "idx_fund_ticker",
      "idx_sdi_event_date",
      "idx_sdi_ticker",
      "ix_backtest_results_strategy_id",
      "ix_community_posts_author_id",
      "ix_community_posts_strategy_id",
      "ix_ml_models_owner_id",
      "ix_strategies_owner_id",
      "ix_users_email",
      "ml_models_pkey",
      "stocks_daily_info_pkey",
      "strategies_pkey",
      "users_pkey"
    ]
  }
}
---
{
  "workload_id": 2636,
  "metadata": {
    "strategy_template": "Value Investing Style",
    "ml_model_used": null
  },
  "sql_query": "SELECT fd.bps, fd.dividend_yield, fd.eps, fd.pbr, fd.per, sdi.close_price, sdi.company_name, sdi.ma_20d, sdi.market_cap, sdi.momentum_12m, sdi.momentum_3m, sdi.rsi_14, sdi.ticker, sdi.volatility_20d FROM stocks_daily_info sdi LEFT JOIN fundamentals_daily fd ON fd.ticker = sdi.ticker AND fd.event_date = sdi.event_date WHERE sdi.market = 'KOSDAQ' AND sdi.market_cap >= 424300000000 AND sdi.event_date = DATE '2023-07-03' ORDER BY fd.pbr asc, fd.per desc LIMIT 45;",
  "baseline_execution_plan": {
    "Plan": {
      "Node Type": "Limit",
      "Parallel Aware": false,
      "Async Capable": false,
      "Startup Cost": 24.72,
      "Total Cost": 24.73,
      "Plan Rows": 1,
      "Plan Width": 105,
      "Plans": [
        {
          "Node Type": "Sort",
          "Parent Relationship": "Outer",
          "Parallel Aware": false,
          "Async Capable": false,
          "Startup Cost": 24.72,
          "Total Cost": 24.73,
          "Plan Rows": 1,
          "Plan Width": 105,
          "Sort Key": [
            "fd.pbr",
            "fd.per DESC"
          ],
          "Plans": [
            {
              "Node Type": "Nested Loop",
              "Parent Relationship": "Outer",
              "Parallel Aware": false,
              "Async Capable": false,
              "Join Type": "Left",
              "Startup Cost": 2.65,
              "Total Cost": 24.71,
              "Plan Rows": 1,
              "Plan Width": 105,
              "Inner Unique": true,
              "Plans": [
                {
                  "Node Type": "Bitmap Heap Scan",
                  "Parent Relationship": "Outer",
                  "Parallel Aware": false,
                  "Async Capable": false,
                  "Relation Name": "stocks_daily_info",
                  "Alias": "sdi",
                  "Startup Cost": 2.36,
                  "Total Cost": 20.4,
                  "Plan Rows": 1,
                  "Plan Width": 68,
                  "Recheck Cond": "(event_date = '2023-07-03'::date)",
                  "Filter": "((market_cap >= '424300000000'::numeric) AND (market = 'KOSDAQ'::text))",
                  "Plans": [
                    {
                      "Node Type": "Bitmap Index Scan",
                      "Parent Relationship": "Outer",
                      "Parallel Aware": false,
                      "Async Capable": false,
                      "Index Name": "idx_sdi_event_date",
                      "Startup Cost": 0.0,
                      "Total Cost": 2.36,
                      "Plan Rows": 10,
                      "Plan Width": 0,
                      "Index Cond": "(event_date = '2023-07-03'::date)"
                    }
                  ]
                },
                {
                  "Node Type": "Index Scan",
                  "Parent Relationship": "Inner",
                  "Parallel Aware": false,
                  "Async Capable": false,
                  "Scan Direction": "Forward",
                  "Index Name": "fundamentals_daily_pkey",
                  "Relation Name": "fundamentals_daily",
                  "Alias": "fd",
                  "Startup Cost": 0.29,
                  "Total Cost": 4.3,
                  "Plan Rows": 1,
                  "Plan Width": 55,
                  "Index Cond": "((event_date = '2023-07-03'::date) AND (ticker = sdi.ticker))"
                }
              ]
            }
          ]
        }
      ]
    }
  },
  "db_statistics": {
    "table_stats": {
      "stocks_daily_info": {
        "row_count": 12700,
        "size_mb": 1.71
      },
      "fundamentals_daily": {
        "row_count": 12080,
        "size_mb": 2.33
      },
      "financials_quarterly": {
        "row_count": 8634,
        "size_mb": 0.8
      }
    },
    "existing_indexes": [
      "backtest_results_pkey",
      "community_posts_pkey",
      "financials_quarterly_pkey",
      "fundamentals_daily_pkey",
      "idx_finq_period_end",
      "idx_finq_ticker",
      "idx_fund_event_date",
      "idx_fund_ticker",
      "idx_sdi_event_date",
      "idx_sdi_ticker",
      "ix_backtest_results_strategy_id",
      "ix_community_posts_author_id",
      "ix_community_posts_strategy_id",
      "ix_ml_models_owner_id",
      "ix_strategies_owner_id",
      "ix_users_email",
      "ml_models_pkey",
      "stocks_daily_info_pkey",
      "strategies_pkey",
      "users_pkey"
    ]
  }
}
---
{
  "workload_id": 2637,
  "metadata": {
    "strategy_template": "ML Hybrid Style",
    "ml_model_used": "Return Forecast Model"
  },
  "sql_query": "SELECT sdi.close_price, sdi.company_name, sdi.ma_20d, sdi.market_cap, sdi.momentum_12m, sdi.momentum_3m, sdi.rsi_14, sdi.ticker, sdi.volatility_20d FROM stocks_daily_info sdi WHERE sdi.market = 'KOSDAQ' AND sdi.market_cap >= 478100000000 AND sdi.event_date = DATE '2023-06-02' ORDER BY CASE sdi.ticker WHEN '000660.KS' THEN 1 WHEN '005930.KS' THEN 2 WHEN '068270.KQ' THEN 3 WHEN '207940.KS' THEN 4 WHEN '035420.KS' THEN 5 WHEN '005380.KS' THEN 6 WHEN '051910.KS' THEN 7 WHEN '012330.KS' THEN 8 WHEN '035720.KS' THEN 9 WHEN '105560.KS' THEN 10 ELSE 11 END LIMIT 15;",
  "baseline_execution_plan": {
    "Plan": {
      "Node Type": "Limit",
      "Parallel Aware": false,
      "Async Capable": false,
      "Startup Cost": 20.43,
      "Total Cost": 20.44,
      "Plan Rows": 1,
      "Plan Width": 68,
      "Plans": [
        {
          "Node Type": "Sort",
          "Parent Relationship": "Outer",
          "Parallel Aware": false,
          "Async Capable": false,
          "Startup Cost": 20.43,
          "Total Cost": 20.44,
          "Plan Rows": 1,
          "Plan Width": 68,
          "Sort Key": [
            "(CASE ticker WHEN '000660.KS'::text THEN 1 WHEN '005930.KS'::text THEN 2 WHEN '068270.KQ'::text THEN 3 WHEN '207940.KS'::text THEN 4 WHEN '035420.KS'::text THEN 5 WHEN '005380.KS'::text THEN 6 WHEN '051910.KS'::text THEN 7 WHEN '012330.KS'::text THEN 8 WHEN '035720.KS'::text THEN 9 WHEN '105560.KS'::text THEN 10 ELSE 11 END)"
          ],
          "Plans": [
            {
              "Node Type": "Bitmap Heap Scan",
              "Parent Relationship": "Outer",
              "Parallel Aware": false,
              "Async Capable": false,
              "Relation Name": "stocks_daily_info",
              "Alias": "sdi",
              "Startup Cost": 2.36,
              "Total Cost": 20.42,
              "Plan Rows": 1,
              "Plan Width": 68,
              "Recheck Cond": "(event_date = '2023-06-02'::date)",
              "Filter": "((market_cap >= '478100000000'::numeric) AND (market = 'KOSDAQ'::text))",
              "Plans": [
                {
                  "Node Type": "Bitmap Index Scan",
                  "Parent Relationship": "Outer",
                  "Parallel Aware": false,
                  "Async Capable": false,
                  "Index Name": "idx_sdi_event_date",
                  "Startup Cost": 0.0,
                  "Total Cost": 2.36,
                  "Plan Rows": 10,
                  "Plan Width": 0,
                  "Index Cond": "(event_date = '2023-06-02'::date)"
                }
              ]
            }
          ]
        }
      ]
    }
  },
  "db_statistics": {
    "table_stats": {
      "stocks_daily_info": {
        "row_count": 12700,
        "size_mb": 1.71
      },
      "fundamentals_daily": {
        "row_count": 12080,
        "size_mb": 2.33
      },
      "financials_quarterly": {
        "row_count": 8634,
        "size_mb": 0.8
      }
    },
    "existing_indexes": [
      "backtest_results_pkey",
      "community_posts_pkey",
      "financials_quarterly_pkey",
      "fundamentals_daily_pkey",
      "idx_finq_period_end",
      "idx_finq_ticker",
      "idx_fund_event_date",
      "idx_fund_ticker",
      "idx_sdi_event_date",
      "idx_sdi_ticker",
      "ix_backtest_results_strategy_id",
      "ix_community_posts_author_id",
      "ix_community_posts_strategy_id",
      "ix_ml_models_owner_id",
      "ix_strategies_owner_id",
      "ix_users_email",
      "ml_models_pkey",
      "stocks_daily_info_pkey",
      "strategies_pkey",
      "users_pkey"
    ]
  }
}
---
{
  "workload_id": 2638,
  "metadata": {
    "strategy_template": "Value Investing Style",
    "ml_model_used": null
  },
  "sql_query": "SELECT fd.bps, fd.dividend_yield, fd.eps, fd.pbr, fd.per, sdi.close_price, sdi.company_name, sdi.ma_20d, sdi.market_cap, sdi.momentum_12m, sdi.momentum_3m, sdi.rsi_14, sdi.ticker, sdi.volatility_20d FROM stocks_daily_info sdi LEFT JOIN fundamentals_daily fd ON fd.ticker = sdi.ticker AND fd.event_date = sdi.event_date WHERE sdi.market = 'KOSPI' AND sdi.market_cap >= 177900000000 AND sdi.event_date = DATE '2023-05-22' ORDER BY fd.pbr desc, fd.per desc, fd.eps asc, fd.dividend_yield asc LIMIT 45;",
  "baseline_execution_plan": {
    "Plan": {
      "Node Type": "Limit",
      "Parallel Aware": false,
      "Async Capable": false,
      "Startup Cost": 24.72,
      "Total Cost": 24.73,
      "Plan Rows": 1,
      "Plan Width": 105,
      "Plans": [
        {
          "Node Type": "Sort",
          "Parent Relationship": "Outer",
          "Parallel Aware": false,
          "Async Capable": false,
          "Startup Cost": 24.72,
          "Total Cost": 24.73,
          "Plan Rows": 1,
          "Plan Width": 105,
          "Sort Key": [
            "fd.pbr DESC",
            "fd.per DESC",
            "fd.eps",
            "fd.dividend_yield"
          ],
          "Plans": [
            {
              "Node Type": "Nested Loop",
              "Parent Relationship": "Outer",
              "Parallel Aware": false,
              "Async Capable": false,
              "Join Type": "Left",
              "Startup Cost": 2.65,
              "Total Cost": 24.71,
              "Plan Rows": 1,
              "Plan Width": 105,
              "Inner Unique": true,
              "Plans": [
                {
                  "Node Type": "Bitmap Heap Scan",
                  "Parent Relationship": "Outer",
                  "Parallel Aware": false,
                  "Async Capable": false,
                  "Relation Name": "stocks_daily_info",
                  "Alias": "sdi",
                  "Startup Cost": 2.36,
                  "Total Cost": 20.4,
                  "Plan Rows": 1,
                  "Plan Width": 68,
                  "Recheck Cond": "(event_date = '2023-05-22'::date)",
                  "Filter": "((market_cap >= '177900000000'::numeric) AND (market = 'KOSPI'::text))",
                  "Plans": [
                    {
                      "Node Type": "Bitmap Index Scan",
                      "Parent Relationship": "Outer",
                      "Parallel Aware": false,
                      "Async Capable": false,
                      "Index Name": "idx_sdi_event_date",
                      "Startup Cost": 0.0,
                      "Total Cost": 2.36,
                      "Plan Rows": 10,
                      "Plan Width": 0,
                      "Index Cond": "(event_date = '2023-05-22'::date)"
                    }
                  ]
                },
                {
                  "Node Type": "Index Scan",
                  "Parent Relationship": "Inner",
                  "Parallel Aware": false,
                  "Async Capable": false,
                  "Scan Direction": "Forward",
                  "Index Name": "fundamentals_daily_pkey",
                  "Relation Name": "fundamentals_daily",
                  "Alias": "fd",
                  "Startup Cost": 0.29,
                  "Total Cost": 4.3,
                  "Plan Rows": 1,
                  "Plan Width": 55,
                  "Index Cond": "((event_date = '2023-05-22'::date) AND (ticker = sdi.ticker))"
                }
              ]
            }
          ]
        }
      ]
    }
  },
  "db_statistics": {
    "table_stats": {
      "stocks_daily_info": {
        "row_count": 12700,
        "size_mb": 1.71
      },
      "fundamentals_daily": {
        "row_count": 12080,
        "size_mb": 2.33
      },
      "financials_quarterly": {
        "row_count": 8634,
        "size_mb": 0.8
      }
    },
    "existing_indexes": [
      "backtest_results_pkey",
      "community_posts_pkey",
      "financials_quarterly_pkey",
      "fundamentals_daily_pkey",
      "idx_finq_period_end",
      "idx_finq_ticker",
      "idx_fund_event_date",
      "idx_fund_ticker",
      "idx_sdi_event_date",
      "idx_sdi_ticker",
      "ix_backtest_results_strategy_id",
      "ix_community_posts_author_id",
      "ix_community_posts_strategy_id",
      "ix_ml_models_owner_id",
      "ix_strategies_owner_id",
      "ix_users_email",
      "ml_models_pkey",
      "stocks_daily_info_pkey",
      "strategies_pkey",
      "users_pkey"
    ]
  }
}
---
{
  "workload_id": 2639,
  "metadata": {
    "strategy_template": "Value Investing Style",
    "ml_model_used": null
  },
  "sql_query": "SELECT fd.bps, fd.dividend_yield, fd.eps, fd.pbr, fd.per, sdi.close_price, sdi.company_name, sdi.ma_20d, sdi.market_cap, sdi.momentum_12m, sdi.momentum_3m, sdi.rsi_14, sdi.ticker, sdi.volatility_20d FROM stocks_daily_info sdi LEFT JOIN fundamentals_daily fd ON fd.ticker = sdi.ticker AND fd.event_date = sdi.event_date WHERE sdi.market = 'KOSDAQ' AND sdi.market_cap >= 262600000000 AND sdi.event_date = DATE '2023-06-04' ORDER BY fd.pbr desc, fd.per asc, fd.dividend_yield asc, fd.eps desc LIMIT 22;",
  "baseline_execution_plan": {
    "Plan": {
      "Node Type": "Limit",
      "Parallel Aware": false,
      "Async Capable": false,
      "Startup Cost": 24.72,
      "Total Cost": 24.73,
      "Plan Rows": 1,
      "Plan Width": 105,
      "Plans": [
        {
          "Node Type": "Sort",
          "Parent Relationship": "Outer",
          "Parallel Aware": false,
          "Async Capable": false,
          "Startup Cost": 24.72,
          "Total Cost": 24.73,
          "Plan Rows": 1,
          "Plan Width": 105,
          "Sort Key": [
            "fd.pbr DESC",
            "fd.per",
            "fd.dividend_yield",
            "fd.eps DESC"
          ],
          "Plans": [
            {
              "Node Type": "Nested Loop",
              "Parent Relationship": "Outer",
              "Parallel Aware": false,
              "Async Capable": false,
              "Join Type": "Left",
              "Startup Cost": 2.65,
              "Total Cost": 24.71,
              "Plan Rows": 1,
              "Plan Width": 105,
              "Inner Unique": true,
              "Plans": [
                {
                  "Node Type": "Bitmap Heap Scan",
                  "Parent Relationship": "Outer",
                  "Parallel Aware": false,
                  "Async Capable": false,
                  "Relation Name": "stocks_daily_info",
                  "Alias": "sdi",
                  "Startup Cost": 2.36,
                  "Total Cost": 20.4,
                  "Plan Rows": 1,
                  "Plan Width": 68,
                  "Recheck Cond": "(event_date = '2023-06-04'::date)",
                  "Filter": "((market_cap >= '262600000000'::numeric) AND (market = 'KOSDAQ'::text))",
                  "Plans": [
                    {
                      "Node Type": "Bitmap Index Scan",
                      "Parent Relationship": "Outer",
                      "Parallel Aware": false,
                      "Async Capable": false,
                      "Index Name": "idx_sdi_event_date",
                      "Startup Cost": 0.0,
                      "Total Cost": 2.36,
                      "Plan Rows": 10,
                      "Plan Width": 0,
                      "Index Cond": "(event_date = '2023-06-04'::date)"
                    }
                  ]
                },
                {
                  "Node Type": "Index Scan",
                  "Parent Relationship": "Inner",
                  "Parallel Aware": false,
                  "Async Capable": false,
                  "Scan Direction": "Forward",
                  "Index Name": "fundamentals_daily_pkey",
                  "Relation Name": "fundamentals_daily",
                  "Alias": "fd",
                  "Startup Cost": 0.29,
                  "Total Cost": 4.3,
                  "Plan Rows": 1,
                  "Plan Width": 55,
                  "Index Cond": "((event_date = '2023-06-04'::date) AND (ticker = sdi.ticker))"
                }
              ]
            }
          ]
        }
      ]
    }
  },
  "db_statistics": {
    "table_stats": {
      "stocks_daily_info": {
        "row_count": 12700,
        "size_mb": 1.71
      },
      "fundamentals_daily": {
        "row_count": 12080,
        "size_mb": 2.33
      },
      "financials_quarterly": {
        "row_count": 8634,
        "size_mb": 0.8
      }
    },
    "existing_indexes": [
      "backtest_results_pkey",
      "community_posts_pkey",
      "financials_quarterly_pkey",
      "fundamentals_daily_pkey",
      "idx_finq_period_end",
      "idx_finq_ticker",
      "idx_fund_event_date",
      "idx_fund_ticker",
      "idx_sdi_event_date",
      "idx_sdi_ticker",
      "ix_backtest_results_strategy_id",
      "ix_community_posts_author_id",
      "ix_community_posts_strategy_id",
      "ix_ml_models_owner_id",
      "ix_strategies_owner_id",
      "ix_users_email",
      "ml_models_pkey",
      "stocks_daily_info_pkey",
      "strategies_pkey",
      "users_pkey"
    ]
  }
}
---
{
  "workload_id": 2640,
  "metadata": {
    "strategy_template": "Value Investing Style",
    "ml_model_used": null
  },
  "sql_query": "SELECT fd.bps, fd.dividend_yield, fd.eps, fd.pbr, fd.per, sdi.close_price, sdi.company_name, sdi.ma_20d, sdi.market_cap, sdi.momentum_12m, sdi.momentum_3m, sdi.rsi_14, sdi.ticker, sdi.volatility_20d FROM stocks_daily_info sdi LEFT JOIN fundamentals_daily fd ON fd.ticker = sdi.ticker AND fd.event_date = sdi.event_date WHERE sdi.market = 'KOSPI' AND sdi.market_cap >= 467400000000 AND sdi.event_date = DATE '2023-05-30' ORDER BY fd.pbr desc, fd.per desc, fd.dividend_yield asc LIMIT 37;",
  "baseline_execution_plan": {
    "Plan": {
      "Node Type": "Limit",
      "Parallel Aware": false,
      "Async Capable": false,
      "Startup Cost": 24.72,
      "Total Cost": 24.73,
      "Plan Rows": 1,
      "Plan Width": 105,
      "Plans": [
        {
          "Node Type": "Sort",
          "Parent Relationship": "Outer",
          "Parallel Aware": false,
          "Async Capable": false,
          "Startup Cost": 24.72,
          "Total Cost": 24.73,
          "Plan Rows": 1,
          "Plan Width": 105,
          "Sort Key": [
            "fd.pbr DESC",
            "fd.per DESC",
            "fd.dividend_yield"
          ],
          "Plans": [
            {
              "Node Type": "Nested Loop",
              "Parent Relationship": "Outer",
              "Parallel Aware": false,
              "Async Capable": false,
              "Join Type": "Left",
              "Startup Cost": 2.65,
              "Total Cost": 24.71,
              "Plan Rows": 1,
              "Plan Width": 105,
              "Inner Unique": true,
              "Plans": [
                {
                  "Node Type": "Bitmap Heap Scan",
                  "Parent Relationship": "Outer",
                  "Parallel Aware": false,
                  "Async Capable": false,
                  "Relation Name": "stocks_daily_info",
                  "Alias": "sdi",
                  "Startup Cost": 2.36,
                  "Total Cost": 20.4,
                  "Plan Rows": 1,
                  "Plan Width": 68,
                  "Recheck Cond": "(event_date = '2023-05-30'::date)",
                  "Filter": "((market_cap >= '467400000000'::numeric) AND (market = 'KOSPI'::text))",
                  "Plans": [
                    {
                      "Node Type": "Bitmap Index Scan",
                      "Parent Relationship": "Outer",
                      "Parallel Aware": false,
                      "Async Capable": false,
                      "Index Name": "idx_sdi_event_date",
                      "Startup Cost": 0.0,
                      "Total Cost": 2.36,
                      "Plan Rows": 10,
                      "Plan Width": 0,
                      "Index Cond": "(event_date = '2023-05-30'::date)"
                    }
                  ]
                },
                {
                  "Node Type": "Index Scan",
                  "Parent Relationship": "Inner",
                  "Parallel Aware": false,
                  "Async Capable": false,
                  "Scan Direction": "Forward",
                  "Index Name": "fundamentals_daily_pkey",
                  "Relation Name": "fundamentals_daily",
                  "Alias": "fd",
                  "Startup Cost": 0.29,
                  "Total Cost": 4.3,
                  "Plan Rows": 1,
                  "Plan Width": 55,
                  "Index Cond": "((event_date = '2023-05-30'::date) AND (ticker = sdi.ticker))"
                }
              ]
            }
          ]
        }
      ]
    }
  },
  "db_statistics": {
    "table_stats": {
      "stocks_daily_info": {
        "row_count": 12700,
        "size_mb": 1.71
      },
      "fundamentals_daily": {
        "row_count": 12080,
        "size_mb": 2.33
      },
      "financials_quarterly": {
        "row_count": 8634,
        "size_mb": 0.8
      }
    },
    "existing_indexes": [
      "backtest_results_pkey",
      "community_posts_pkey",
      "financials_quarterly_pkey",
      "fundamentals_daily_pkey",
      "idx_finq_period_end",
      "idx_finq_ticker",
      "idx_fund_event_date",
      "idx_fund_ticker",
      "idx_sdi_event_date",
      "idx_sdi_ticker",
      "ix_backtest_results_strategy_id",
      "ix_community_posts_author_id",
      "ix_community_posts_strategy_id",
      "ix_ml_models_owner_id",
      "ix_strategies_owner_id",
      "ix_users_email",
      "ml_models_pkey",
      "stocks_daily_info_pkey",
      "strategies_pkey",
      "users_pkey"
    ]
  }
}
---
{
  "workload_id": 2641,
  "metadata": {
    "strategy_template": "Value Investing Style",
    "ml_model_used": null
  },
  "sql_query": "SELECT ( SELECT COALESCE(SUM(value), 0) FROM ( SELECT value FROM financials_quarterly fq WHERE fq.ticker = sdi.ticker AND fq.item_name = 'OperatingCashFlow' AND fq.statement_type IN ('IS_Q','CF_Q') AND fq.period_end <= DATE '2023-05-03' ORDER BY fq.period_end DESC LIMIT 4 ) as recent_quarters ) AS ttm_operatingcashflow , fd.bps, fd.dividend_yield, fd.eps, fd.pbr, fd.per, sdi.close_price, sdi.company_name, sdi.ma_20d, sdi.market_cap, sdi.momentum_12m, sdi.momentum_3m, sdi.rsi_14, sdi.ticker, sdi.volatility_20d FROM stocks_daily_info sdi LEFT JOIN fundamentals_daily fd ON fd.ticker = sdi.ticker AND fd.event_date = sdi.event_date WHERE sdi.market = 'KOSDAQ' AND sdi.market_cap >= 70000000000 AND sdi.event_date = DATE '2023-05-03' ORDER BY fd.pbr asc, fd.per desc, fd.eps desc LIMIT 30;",
  "baseline_execution_plan": {
    "Plan": {
      "Node Type": "Limit",
      "Parallel Aware": false,
      "Async Capable": false,
      "Startup Cost": 24.72,
      "Total Cost": 29.02,
      "Plan Rows": 1,
      "Plan Width": 137,
      "Plans": [
        {
          "Node Type": "Result",
          "Parent Relationship": "Outer",
          "Parallel Aware": false,
          "Async Capable": false,
          "Startup Cost": 24.72,
          "Total Cost": 29.02,
          "Plan Rows": 1,
          "Plan Width": 137,
          "Plans": [
            {
              "Node Type": "Sort",
              "Parent Relationship": "Outer",
              "Parallel Aware": false,
              "Async Capable": false,
              "Startup Cost": 24.72,
              "Total Cost": 24.73,
              "Plan Rows": 1,
              "Plan Width": 105,
              "Sort Key": [
                "fd.pbr",
                "fd.per DESC",
                "fd.eps DESC"
              ],
              "Plans": [
                {
                  "Node Type": "Nested Loop",
                  "Parent Relationship": "Outer",
                  "Parallel Aware": false,
                  "Async Capable": false,
                  "Join Type": "Left",
                  "Startup Cost": 2.65,
                  "Total Cost": 24.71,
                  "Plan Rows": 1,
                  "Plan Width": 105,
                  "Inner Unique": true,
                  "Plans": [
                    {
                      "Node Type": "Bitmap Heap Scan",
                      "Parent Relationship": "Outer",
                      "Parallel Aware": false,
                      "Async Capable": false,
                      "Relation Name": "stocks_daily_info",
                      "Alias": "sdi",
                      "Startup Cost": 2.36,
                      "Total Cost": 20.4,
                      "Plan Rows": 1,
                      "Plan Width": 68,
                      "Recheck Cond": "(event_date = '2023-05-03'::date)",
                      "Filter": "((market_cap >= '70000000000'::numeric) AND (market = 'KOSDAQ'::text))",
                      "Plans": [
                        {
                          "Node Type": "Bitmap Index Scan",
                          "Parent Relationship": "Outer",
                          "Parallel Aware": false,
                          "Async Capable": false,
                          "Index Name": "idx_sdi_event_date",
                          "Startup Cost": 0.0,
                          "Total Cost": 2.36,
                          "Plan Rows": 10,
                          "Plan Width": 0,
                          "Index Cond": "(event_date = '2023-05-03'::date)"
                        }
                      ]
                    },
                    {
                      "Node Type": "Index Scan",
                      "Parent Relationship": "Inner",
                      "Parallel Aware": false,
                      "Async Capable": false,
                      "Scan Direction": "Forward",
                      "Index Name": "fundamentals_daily_pkey",
                      "Relation Name": "fundamentals_daily",
                      "Alias": "fd",
                      "Startup Cost": 0.29,
                      "Total Cost": 4.3,
                      "Plan Rows": 1,
                      "Plan Width": 55,
                      "Index Cond": "((event_date = '2023-05-03'::date) AND (ticker = sdi.ticker))"
                    }
                  ]
                }
              ]
            },
            {
              "Node Type": "Aggregate",
              "Strategy": "Plain",
              "Partial Mode": "Simple",
              "Parent Relationship": "SubPlan",
              "Subplan Name": "SubPlan 1",
              "Parallel Aware": false,
              "Async Capable": false,
              "Startup Cost": 4.27,
              "Total Cost": 4.28,
              "Plan Rows": 1,
              "Plan Width": 32,
              "Plans": [
                {
                  "Node Type": "Limit",
                  "Parent Relationship": "Outer",
                  "Parallel Aware": false,
                  "Async Capable": false,
                  "Startup Cost": 0.29,
                  "Total Cost": 4.25,
                  "Plan Rows": 1,
                  "Plan Width": 12,
                  "Plans": [
                    {
                      "Node Type": "Index Scan",
                      "Parent Relationship": "Outer",
                      "Parallel Aware": false,
                      "Async Capable": false,
                      "Scan Direction": "Backward",
                      "Index Name": "idx_finq_period_end",
                      "Relation Name": "financials_quarterly",
                      "Alias": "fq",
                      "Startup Cost": 0.29,
                      "Total Cost": 4.25,
                      "Plan Rows": 1,
                      "Plan Width": 12,
                      "Index Cond": "(period_end <= '2023-05-03'::date)",
                      "Filter": "((statement_type = ANY ('{IS_Q,CF_Q}'::text[])) AND (ticker = sdi.ticker) AND (item_name = 'OperatingCashFlow'::text))"
                    }
                  ]
                }
              ]
            }
          ]
        }
      ]
    }
  },
  "db_statistics": {
    "table_stats": {
      "stocks_daily_info": {
        "row_count": 12700,
        "size_mb": 1.71
      },
      "fundamentals_daily": {
        "row_count": 12080,
        "size_mb": 2.33
      },
      "financials_quarterly": {
        "row_count": 8634,
        "size_mb": 0.8
      }
    },
    "existing_indexes": [
      "backtest_results_pkey",
      "community_posts_pkey",
      "financials_quarterly_pkey",
      "fundamentals_daily_pkey",
      "idx_finq_period_end",
      "idx_finq_ticker",
      "idx_fund_event_date",
      "idx_fund_ticker",
      "idx_sdi_event_date",
      "idx_sdi_ticker",
      "ix_backtest_results_strategy_id",
      "ix_community_posts_author_id",
      "ix_community_posts_strategy_id",
      "ix_ml_models_owner_id",
      "ix_strategies_owner_id",
      "ix_users_email",
      "ml_models_pkey",
      "stocks_daily_info_pkey",
      "strategies_pkey",
      "users_pkey"
    ]
  }
}
---
{
  "workload_id": 2642,
  "metadata": {
    "strategy_template": "Momentum Investing Style",
    "ml_model_used": null
  },
  "sql_query": "SELECT sdi.close_price, sdi.company_name, sdi.ma_20d, sdi.market_cap, sdi.momentum_12m, sdi.momentum_3m, sdi.rsi_14, sdi.ticker, sdi.volatility_20d FROM stocks_daily_info sdi WHERE sdi.market = 'KOSPI' AND sdi.market_cap >= 268300000000 AND sdi.event_date = DATE '2023-07-14' ORDER BY sdi.momentum_3m desc, sdi.momentum_12m asc, sdi.rsi_14 asc LIMIT 44;",
  "baseline_execution_plan": {
    "Plan": {
      "Node Type": "Limit",
      "Parallel Aware": false,
      "Async Capable": false,
      "Startup Cost": 20.41,
      "Total Cost": 20.41,
      "Plan Rows": 1,
      "Plan Width": 64,
      "Plans": [
        {
          "Node Type": "Sort",
          "Parent Relationship": "Outer",
          "Parallel Aware": false,
          "Async Capable": false,
          "Startup Cost": 20.41,
          "Total Cost": 20.41,
          "Plan Rows": 1,
          "Plan Width": 64,
          "Sort Key": [
            "momentum_3m DESC",
            "momentum_12m",
            "rsi_14"
          ],
          "Plans": [
            {
              "Node Type": "Bitmap Heap Scan",
              "Parent Relationship": "Outer",
              "Parallel Aware": false,
              "Async Capable": false,
              "Relation Name": "stocks_daily_info",
              "Alias": "sdi",
              "Startup Cost": 2.36,
              "Total Cost": 20.4,
              "Plan Rows": 1,
              "Plan Width": 64,
              "Recheck Cond": "(event_date = '2023-07-14'::date)",
              "Filter": "((market_cap >= '268300000000'::numeric) AND (market = 'KOSPI'::text))",
              "Plans": [
                {
                  "Node Type": "Bitmap Index Scan",
                  "Parent Relationship": "Outer",
                  "Parallel Aware": false,
                  "Async Capable": false,
                  "Index Name": "idx_sdi_event_date",
                  "Startup Cost": 0.0,
                  "Total Cost": 2.36,
                  "Plan Rows": 10,
                  "Plan Width": 0,
                  "Index Cond": "(event_date = '2023-07-14'::date)"
                }
              ]
            }
          ]
        }
      ]
    }
  },
  "db_statistics": {
    "table_stats": {
      "stocks_daily_info": {
        "row_count": 12700,
        "size_mb": 1.71
      },
      "fundamentals_daily": {
        "row_count": 12080,
        "size_mb": 2.33
      },
      "financials_quarterly": {
        "row_count": 8634,
        "size_mb": 0.8
      }
    },
    "existing_indexes": [
      "backtest_results_pkey",
      "community_posts_pkey",
      "financials_quarterly_pkey",
      "fundamentals_daily_pkey",
      "idx_finq_period_end",
      "idx_finq_ticker",
      "idx_fund_event_date",
      "idx_fund_ticker",
      "idx_sdi_event_date",
      "idx_sdi_ticker",
      "ix_backtest_results_strategy_id",
      "ix_community_posts_author_id",
      "ix_community_posts_strategy_id",
      "ix_ml_models_owner_id",
      "ix_strategies_owner_id",
      "ix_users_email",
      "ml_models_pkey",
      "stocks_daily_info_pkey",
      "strategies_pkey",
      "users_pkey"
    ]
  }
}
---
{
  "workload_id": 2643,
  "metadata": {
    "strategy_template": "ML Hybrid Style",
    "ml_model_used": "Return Forecast Model"
  },
  "sql_query": "SELECT ( SELECT COALESCE(SUM(value), 0) FROM ( SELECT value FROM financials_quarterly fq WHERE fq.ticker = sdi.ticker AND fq.item_name = 'OperatingIncome' AND fq.statement_type IN ('IS_Q','CF_Q') AND fq.period_end <= DATE '2023-05-02' ORDER BY fq.period_end DESC LIMIT 4 ) as recent_quarters ) AS ttm_operatingincome , fd.bps, fd.dividend_yield, fd.eps, fd.pbr, fd.per, sdi.close_price, sdi.company_name, sdi.ma_20d, sdi.market_cap, sdi.momentum_12m, sdi.momentum_3m, sdi.rsi_14, sdi.ticker, sdi.volatility_20d FROM stocks_daily_info sdi LEFT JOIN fundamentals_daily fd ON fd.ticker = sdi.ticker AND fd.event_date = sdi.event_date WHERE sdi.market = 'KOSPI' AND sdi.market_cap >= 197800000000 AND sdi.event_date = DATE '2023-05-02' ORDER BY CASE sdi.ticker WHEN '000660.KS' THEN 1 WHEN '005930.KS' THEN 2 WHEN '068270.KQ' THEN 3 WHEN '207940.KS' THEN 4 WHEN '035420.KS' THEN 5 WHEN '005380.KS' THEN 6 WHEN '051910.KS' THEN 7 WHEN '012330.KS' THEN 8 WHEN '035720.KS' THEN 9 WHEN '105560.KS' THEN 10 ELSE 11 END LIMIT 12;",
  "baseline_execution_plan": {
    "Plan": {
      "Node Type": "Limit",
      "Parallel Aware": false,
      "Async Capable": false,
      "Startup Cost": 24.75,
      "Total Cost": 29.07,
      "Plan Rows": 1,
      "Plan Width": 141,
      "Plans": [
        {
          "Node Type": "Result",
          "Parent Relationship": "Outer",
          "Parallel Aware": false,
          "Async Capable": false,
          "Startup Cost": 24.75,
          "Total Cost": 29.07,
          "Plan Rows": 1,
          "Plan Width": 141,
          "Plans": [
            {
              "Node Type": "Sort",
              "Parent Relationship": "Outer",
              "Parallel Aware": false,
              "Async Capable": false,
              "Startup Cost": 24.75,
              "Total Cost": 24.75,
              "Plan Rows": 1,
              "Plan Width": 109,
              "Sort Key": [
                "(CASE sdi.ticker WHEN '000660.KS'::text THEN 1 WHEN '005930.KS'::text THEN 2 WHEN '068270.KQ'::text THEN 3 WHEN '207940.KS'::text THEN 4 WHEN '035420.KS'::text THEN 5 WHEN '005380.KS'::text THEN 6 WHEN '051910.KS'::text THEN 7 WHEN '012330.KS'::text THEN 8 WHEN '035720.KS'::text THEN 9 WHEN '105560.KS'::text THEN 10 ELSE 11 END)"
              ],
              "Plans": [
                {
                  "Node Type": "Nested Loop",
                  "Parent Relationship": "Outer",
                  "Parallel Aware": false,
                  "Async Capable": false,
                  "Join Type": "Left",
                  "Startup Cost": 2.65,
                  "Total Cost": 24.74,
                  "Plan Rows": 1,
                  "Plan Width": 109,
                  "Inner Unique": true,
                  "Plans": [
                    {
                      "Node Type": "Bitmap Heap Scan",
                      "Parent Relationship": "Outer",
                      "Parallel Aware": false,
                      "Async Capable": false,
                      "Relation Name": "stocks_daily_info",
                      "Alias": "sdi",
                      "Startup Cost": 2.36,
                      "Total Cost": 20.4,
                      "Plan Rows": 1,
                      "Plan Width": 68,
                      "Recheck Cond": "(event_date = '2023-05-02'::date)",
                      "Filter": "((market_cap >= '197800000000'::numeric) AND (market = 'KOSPI'::text))",
                      "Plans": [
                        {
                          "Node Type": "Bitmap Index Scan",
                          "Parent Relationship": "Outer",
                          "Parallel Aware": false,
                          "Async Capable": false,
                          "Index Name": "idx_sdi_event_date",
                          "Startup Cost": 0.0,
                          "Total Cost": 2.36,
                          "Plan Rows": 10,
                          "Plan Width": 0,
                          "Index Cond": "(event_date = '2023-05-02'::date)"
                        }
                      ]
                    },
                    {
                      "Node Type": "Index Scan",
                      "Parent Relationship": "Inner",
                      "Parallel Aware": false,
                      "Async Capable": false,
                      "Scan Direction": "Forward",
                      "Index Name": "fundamentals_daily_pkey",
                      "Relation Name": "fundamentals_daily",
                      "Alias": "fd",
                      "Startup Cost": 0.29,
                      "Total Cost": 4.3,
                      "Plan Rows": 1,
                      "Plan Width": 55,
                      "Index Cond": "((event_date = '2023-05-02'::date) AND (ticker = sdi.ticker))"
                    }
                  ]
                }
              ]
            },
            {
              "Node Type": "Aggregate",
              "Strategy": "Plain",
              "Partial Mode": "Simple",
              "Parent Relationship": "SubPlan",
              "Subplan Name": "SubPlan 1",
              "Parallel Aware": false,
              "Async Capable": false,
              "Startup Cost": 4.27,
              "Total Cost": 4.28,
              "Plan Rows": 1,
              "Plan Width": 32,
              "Plans": [
                {
                  "Node Type": "Limit",
                  "Parent Relationship": "Outer",
                  "Parallel Aware": false,
                  "Async Capable": false,
                  "Startup Cost": 0.29,
                  "Total Cost": 4.25,
                  "Plan Rows": 1,
                  "Plan Width": 12,
                  "Plans": [
                    {
                      "Node Type": "Index Scan",
                      "Parent Relationship": "Outer",
                      "Parallel Aware": false,
                      "Async Capable": false,
                      "Scan Direction": "Backward",
                      "Index Name": "idx_finq_period_end",
                      "Relation Name": "financials_quarterly",
                      "Alias": "fq",
                      "Startup Cost": 0.29,
                      "Total Cost": 4.25,
                      "Plan Rows": 1,
                      "Plan Width": 12,
                      "Index Cond": "(period_end <= '2023-05-02'::date)",
                      "Filter": "((statement_type = ANY ('{IS_Q,CF_Q}'::text[])) AND (ticker = sdi.ticker) AND (item_name = 'OperatingIncome'::text))"
                    }
                  ]
                }
              ]
            }
          ]
        }
      ]
    }
  },
  "db_statistics": {
    "table_stats": {
      "stocks_daily_info": {
        "row_count": 12700,
        "size_mb": 1.71
      },
      "fundamentals_daily": {
        "row_count": 12080,
        "size_mb": 2.33
      },
      "financials_quarterly": {
        "row_count": 8634,
        "size_mb": 0.8
      }
    },
    "existing_indexes": [
      "backtest_results_pkey",
      "community_posts_pkey",
      "financials_quarterly_pkey",
      "fundamentals_daily_pkey",
      "idx_finq_period_end",
      "idx_finq_ticker",
      "idx_fund_event_date",
      "idx_fund_ticker",
      "idx_sdi_event_date",
      "idx_sdi_ticker",
      "ix_backtest_results_strategy_id",
      "ix_community_posts_author_id",
      "ix_community_posts_strategy_id",
      "ix_ml_models_owner_id",
      "ix_strategies_owner_id",
      "ix_users_email",
      "ml_models_pkey",
      "stocks_daily_info_pkey",
      "strategies_pkey",
      "users_pkey"
    ]
  }
}
---
{
  "workload_id": 2644,
  "metadata": {
    "strategy_template": "Value Investing Style",
    "ml_model_used": null
  },
  "sql_query": "SELECT ( SELECT COALESCE(SUM(value), 0) FROM ( SELECT value FROM financials_quarterly fq WHERE fq.ticker = sdi.ticker AND fq.item_name = 'OperatingIncome' AND fq.statement_type IN ('IS_Q','CF_Q') AND fq.period_end <= DATE '2023-10-08' ORDER BY fq.period_end DESC LIMIT 4 ) as recent_quarters ) AS ttm_operatingincome , fd.bps, fd.dividend_yield, fd.eps, fd.pbr, fd.per, sdi.close_price, sdi.company_name, sdi.ma_20d, sdi.market_cap, sdi.momentum_12m, sdi.momentum_3m, sdi.rsi_14, sdi.ticker, sdi.volatility_20d FROM stocks_daily_info sdi LEFT JOIN fundamentals_daily fd ON fd.ticker = sdi.ticker AND fd.event_date = sdi.event_date WHERE sdi.market = 'KOSPI' AND sdi.market_cap >= 370600000000 AND sdi.event_date = DATE '2023-10-08' ORDER BY fd.pbr asc, fd.per asc, fd.eps desc LIMIT 28;",
  "baseline_execution_plan": {
    "Plan": {
      "Node Type": "Limit",
      "Parallel Aware": false,
      "Async Capable": false,
      "Startup Cost": 24.72,
      "Total Cost": 29.02,
      "Plan Rows": 1,
      "Plan Width": 137,
      "Plans": [
        {
          "Node Type": "Result",
          "Parent Relationship": "Outer",
          "Parallel Aware": false,
          "Async Capable": false,
          "Startup Cost": 24.72,
          "Total Cost": 29.02,
          "Plan Rows": 1,
          "Plan Width": 137,
          "Plans": [
            {
              "Node Type": "Sort",
              "Parent Relationship": "Outer",
              "Parallel Aware": false,
              "Async Capable": false,
              "Startup Cost": 24.72,
              "Total Cost": 24.73,
              "Plan Rows": 1,
              "Plan Width": 105,
              "Sort Key": [
                "fd.pbr",
                "fd.per",
                "fd.eps DESC"
              ],
              "Plans": [
                {
                  "Node Type": "Nested Loop",
                  "Parent Relationship": "Outer",
                  "Parallel Aware": false,
                  "Async Capable": false,
                  "Join Type": "Left",
                  "Startup Cost": 2.65,
                  "Total Cost": 24.71,
                  "Plan Rows": 1,
                  "Plan Width": 105,
                  "Inner Unique": true,
                  "Plans": [
                    {
                      "Node Type": "Bitmap Heap Scan",
                      "Parent Relationship": "Outer",
                      "Parallel Aware": false,
                      "Async Capable": false,
                      "Relation Name": "stocks_daily_info",
                      "Alias": "sdi",
                      "Startup Cost": 2.36,
                      "Total Cost": 20.4,
                      "Plan Rows": 1,
                      "Plan Width": 68,
                      "Recheck Cond": "(event_date = '2023-10-08'::date)",
                      "Filter": "((market_cap >= '370600000000'::numeric) AND (market = 'KOSPI'::text))",
                      "Plans": [
                        {
                          "Node Type": "Bitmap Index Scan",
                          "Parent Relationship": "Outer",
                          "Parallel Aware": false,
                          "Async Capable": false,
                          "Index Name": "idx_sdi_event_date",
                          "Startup Cost": 0.0,
                          "Total Cost": 2.36,
                          "Plan Rows": 10,
                          "Plan Width": 0,
                          "Index Cond": "(event_date = '2023-10-08'::date)"
                        }
                      ]
                    },
                    {
                      "Node Type": "Index Scan",
                      "Parent Relationship": "Inner",
                      "Parallel Aware": false,
                      "Async Capable": false,
                      "Scan Direction": "Forward",
                      "Index Name": "fundamentals_daily_pkey",
                      "Relation Name": "fundamentals_daily",
                      "Alias": "fd",
                      "Startup Cost": 0.29,
                      "Total Cost": 4.3,
                      "Plan Rows": 1,
                      "Plan Width": 55,
                      "Index Cond": "((event_date = '2023-10-08'::date) AND (ticker = sdi.ticker))"
                    }
                  ]
                }
              ]
            },
            {
              "Node Type": "Aggregate",
              "Strategy": "Plain",
              "Partial Mode": "Simple",
              "Parent Relationship": "SubPlan",
              "Subplan Name": "SubPlan 1",
              "Parallel Aware": false,
              "Async Capable": false,
              "Startup Cost": 4.27,
              "Total Cost": 4.28,
              "Plan Rows": 1,
              "Plan Width": 32,
              "Plans": [
                {
                  "Node Type": "Limit",
                  "Parent Relationship": "Outer",
                  "Parallel Aware": false,
                  "Async Capable": false,
                  "Startup Cost": 0.29,
                  "Total Cost": 4.25,
                  "Plan Rows": 1,
                  "Plan Width": 12,
                  "Plans": [
                    {
                      "Node Type": "Index Scan",
                      "Parent Relationship": "Outer",
                      "Parallel Aware": false,
                      "Async Capable": false,
                      "Scan Direction": "Backward",
                      "Index Name": "idx_finq_period_end",
                      "Relation Name": "financials_quarterly",
                      "Alias": "fq",
                      "Startup Cost": 0.29,
                      "Total Cost": 4.25,
                      "Plan Rows": 1,
                      "Plan Width": 12,
                      "Index Cond": "(period_end <= '2023-10-08'::date)",
                      "Filter": "((statement_type = ANY ('{IS_Q,CF_Q}'::text[])) AND (ticker = sdi.ticker) AND (item_name = 'OperatingIncome'::text))"
                    }
                  ]
                }
              ]
            }
          ]
        }
      ]
    }
  },
  "db_statistics": {
    "table_stats": {
      "stocks_daily_info": {
        "row_count": 12700,
        "size_mb": 1.71
      },
      "fundamentals_daily": {
        "row_count": 12080,
        "size_mb": 2.33
      },
      "financials_quarterly": {
        "row_count": 8634,
        "size_mb": 0.8
      }
    },
    "existing_indexes": [
      "backtest_results_pkey",
      "community_posts_pkey",
      "financials_quarterly_pkey",
      "fundamentals_daily_pkey",
      "idx_finq_period_end",
      "idx_finq_ticker",
      "idx_fund_event_date",
      "idx_fund_ticker",
      "idx_sdi_event_date",
      "idx_sdi_ticker",
      "ix_backtest_results_strategy_id",
      "ix_community_posts_author_id",
      "ix_community_posts_strategy_id",
      "ix_ml_models_owner_id",
      "ix_strategies_owner_id",
      "ix_users_email",
      "ml_models_pkey",
      "stocks_daily_info_pkey",
      "strategies_pkey",
      "users_pkey"
    ]
  }
}
---
{
  "workload_id": 2645,
  "metadata": {
    "strategy_template": "ML Hybrid Style",
    "ml_model_used": "Return Forecast Model"
  },
  "sql_query": "SELECT sdi.close_price, sdi.company_name, sdi.ma_20d, sdi.market_cap, sdi.momentum_12m, sdi.momentum_3m, sdi.rsi_14, sdi.ticker, sdi.volatility_20d FROM stocks_daily_info sdi WHERE sdi.market = 'KOSPI' AND sdi.market_cap >= 194900000000 AND sdi.event_date = DATE '2023-05-15' ORDER BY CASE sdi.ticker WHEN '000660.KS' THEN 1 WHEN '005930.KS' THEN 2 WHEN '068270.KQ' THEN 3 WHEN '207940.KS' THEN 4 WHEN '035420.KS' THEN 5 WHEN '005380.KS' THEN 6 WHEN '051910.KS' THEN 7 WHEN '012330.KS' THEN 8 WHEN '035720.KS' THEN 9 WHEN '105560.KS' THEN 10 ELSE 11 END LIMIT 25;",
  "baseline_execution_plan": {
    "Plan": {
      "Node Type": "Limit",
      "Parallel Aware": false,
      "Async Capable": false,
      "Startup Cost": 20.43,
      "Total Cost": 20.44,
      "Plan Rows": 1,
      "Plan Width": 68,
      "Plans": [
        {
          "Node Type": "Sort",
          "Parent Relationship": "Outer",
          "Parallel Aware": false,
          "Async Capable": false,
          "Startup Cost": 20.43,
          "Total Cost": 20.44,
          "Plan Rows": 1,
          "Plan Width": 68,
          "Sort Key": [
            "(CASE ticker WHEN '000660.KS'::text THEN 1 WHEN '005930.KS'::text THEN 2 WHEN '068270.KQ'::text THEN 3 WHEN '207940.KS'::text THEN 4 WHEN '035420.KS'::text THEN 5 WHEN '005380.KS'::text THEN 6 WHEN '051910.KS'::text THEN 7 WHEN '012330.KS'::text THEN 8 WHEN '035720.KS'::text THEN 9 WHEN '105560.KS'::text THEN 10 ELSE 11 END)"
          ],
          "Plans": [
            {
              "Node Type": "Bitmap Heap Scan",
              "Parent Relationship": "Outer",
              "Parallel Aware": false,
              "Async Capable": false,
              "Relation Name": "stocks_daily_info",
              "Alias": "sdi",
              "Startup Cost": 2.36,
              "Total Cost": 20.42,
              "Plan Rows": 1,
              "Plan Width": 68,
              "Recheck Cond": "(event_date = '2023-05-15'::date)",
              "Filter": "((market_cap >= '194900000000'::numeric) AND (market = 'KOSPI'::text))",
              "Plans": [
                {
                  "Node Type": "Bitmap Index Scan",
                  "Parent Relationship": "Outer",
                  "Parallel Aware": false,
                  "Async Capable": false,
                  "Index Name": "idx_sdi_event_date",
                  "Startup Cost": 0.0,
                  "Total Cost": 2.36,
                  "Plan Rows": 10,
                  "Plan Width": 0,
                  "Index Cond": "(event_date = '2023-05-15'::date)"
                }
              ]
            }
          ]
        }
      ]
    }
  },
  "db_statistics": {
    "table_stats": {
      "stocks_daily_info": {
        "row_count": 12700,
        "size_mb": 1.71
      },
      "fundamentals_daily": {
        "row_count": 12080,
        "size_mb": 2.33
      },
      "financials_quarterly": {
        "row_count": 8634,
        "size_mb": 0.8
      }
    },
    "existing_indexes": [
      "backtest_results_pkey",
      "community_posts_pkey",
      "financials_quarterly_pkey",
      "fundamentals_daily_pkey",
      "idx_finq_period_end",
      "idx_finq_ticker",
      "idx_fund_event_date",
      "idx_fund_ticker",
      "idx_sdi_event_date",
      "idx_sdi_ticker",
      "ix_backtest_results_strategy_id",
      "ix_community_posts_author_id",
      "ix_community_posts_strategy_id",
      "ix_ml_models_owner_id",
      "ix_strategies_owner_id",
      "ix_users_email",
      "ml_models_pkey",
      "stocks_daily_info_pkey",
      "strategies_pkey",
      "users_pkey"
    ]
  }
}
---
{
  "workload_id": 2646,
  "metadata": {
    "strategy_template": "ML Hybrid Style",
    "ml_model_used": "Return Forecast Model"
  },
  "sql_query": "SELECT ( SELECT COALESCE(SUM(value), 0) FROM ( SELECT value FROM financials_quarterly fq WHERE fq.ticker = sdi.ticker AND fq.item_name = 'OperatingIncome' AND fq.statement_type IN ('IS_Q','CF_Q') AND fq.period_end <= DATE '2023-06-12' ORDER BY fq.period_end DESC LIMIT 4 ) as recent_quarters ) AS ttm_operatingincome , sdi.close_price, sdi.company_name, sdi.ma_20d, sdi.market_cap, sdi.momentum_12m, sdi.momentum_3m, sdi.rsi_14, sdi.ticker, sdi.volatility_20d FROM stocks_daily_info sdi WHERE sdi.market = 'KOSPI' AND sdi.market_cap >= 57800000000 AND sdi.event_date = DATE '2023-06-12' ORDER BY CASE sdi.ticker WHEN '000660.KS' THEN 1 WHEN '005930.KS' THEN 2 WHEN '068270.KQ' THEN 3 WHEN '207940.KS' THEN 4 WHEN '035420.KS' THEN 5 WHEN '005380.KS' THEN 6 WHEN '051910.KS' THEN 7 WHEN '012330.KS' THEN 8 WHEN '035720.KS' THEN 9 WHEN '105560.KS' THEN 10 ELSE 11 END LIMIT 29;",
  "baseline_execution_plan": {
    "Plan": {
      "Node Type": "Limit",
      "Parallel Aware": false,
      "Async Capable": false,
      "Startup Cost": 20.43,
      "Total Cost": 24.75,
      "Plan Rows": 1,
      "Plan Width": 100,
      "Plans": [
        {
          "Node Type": "Result",
          "Parent Relationship": "Outer",
          "Parallel Aware": false,
          "Async Capable": false,
          "Startup Cost": 20.43,
          "Total Cost": 24.75,
          "Plan Rows": 1,
          "Plan Width": 100,
          "Plans": [
            {
              "Node Type": "Sort",
              "Parent Relationship": "Outer",
              "Parallel Aware": false,
              "Async Capable": false,
              "Startup Cost": 20.43,
              "Total Cost": 20.44,
              "Plan Rows": 1,
              "Plan Width": 68,
              "Sort Key": [
                "(CASE sdi.ticker WHEN '000660.KS'::text THEN 1 WHEN '005930.KS'::text THEN 2 WHEN '068270.KQ'::text THEN 3 WHEN '207940.KS'::text THEN 4 WHEN '035420.KS'::text THEN 5 WHEN '005380.KS'::text THEN 6 WHEN '051910.KS'::text THEN 7 WHEN '012330.KS'::text THEN 8 WHEN '035720.KS'::text THEN 9 WHEN '105560.KS'::text THEN 10 ELSE 11 END)"
              ],
              "Plans": [
                {
                  "Node Type": "Bitmap Heap Scan",
                  "Parent Relationship": "Outer",
                  "Parallel Aware": false,
                  "Async Capable": false,
                  "Relation Name": "stocks_daily_info",
                  "Alias": "sdi",
                  "Startup Cost": 2.36,
                  "Total Cost": 20.42,
                  "Plan Rows": 1,
                  "Plan Width": 68,
                  "Recheck Cond": "(event_date = '2023-06-12'::date)",
                  "Filter": "((market_cap >= '57800000000'::numeric) AND (market = 'KOSPI'::text))",
                  "Plans": [
                    {
                      "Node Type": "Bitmap Index Scan",
                      "Parent Relationship": "Outer",
                      "Parallel Aware": false,
                      "Async Capable": false,
                      "Index Name": "idx_sdi_event_date",
                      "Startup Cost": 0.0,
                      "Total Cost": 2.36,
                      "Plan Rows": 10,
                      "Plan Width": 0,
                      "Index Cond": "(event_date = '2023-06-12'::date)"
                    }
                  ]
                }
              ]
            },
            {
              "Node Type": "Aggregate",
              "Strategy": "Plain",
              "Partial Mode": "Simple",
              "Parent Relationship": "SubPlan",
              "Subplan Name": "SubPlan 1",
              "Parallel Aware": false,
              "Async Capable": false,
              "Startup Cost": 4.27,
              "Total Cost": 4.28,
              "Plan Rows": 1,
              "Plan Width": 32,
              "Plans": [
                {
                  "Node Type": "Limit",
                  "Parent Relationship": "Outer",
                  "Parallel Aware": false,
                  "Async Capable": false,
                  "Startup Cost": 0.29,
                  "Total Cost": 4.25,
                  "Plan Rows": 1,
                  "Plan Width": 12,
                  "Plans": [
                    {
                      "Node Type": "Index Scan",
                      "Parent Relationship": "Outer",
                      "Parallel Aware": false,
                      "Async Capable": false,
                      "Scan Direction": "Backward",
                      "Index Name": "idx_finq_period_end",
                      "Relation Name": "financials_quarterly",
                      "Alias": "fq",
                      "Startup Cost": 0.29,
                      "Total Cost": 4.25,
                      "Plan Rows": 1,
                      "Plan Width": 12,
                      "Index Cond": "(period_end <= '2023-06-12'::date)",
                      "Filter": "((statement_type = ANY ('{IS_Q,CF_Q}'::text[])) AND (ticker = sdi.ticker) AND (item_name = 'OperatingIncome'::text))"
                    }
                  ]
                }
              ]
            }
          ]
        }
      ]
    }
  },
  "db_statistics": {
    "table_stats": {
      "stocks_daily_info": {
        "row_count": 12700,
        "size_mb": 1.71
      },
      "fundamentals_daily": {
        "row_count": 12080,
        "size_mb": 2.33
      },
      "financials_quarterly": {
        "row_count": 8634,
        "size_mb": 0.8
      }
    },
    "existing_indexes": [
      "backtest_results_pkey",
      "community_posts_pkey",
      "financials_quarterly_pkey",
      "fundamentals_daily_pkey",
      "idx_finq_period_end",
      "idx_finq_ticker",
      "idx_fund_event_date",
      "idx_fund_ticker",
      "idx_sdi_event_date",
      "idx_sdi_ticker",
      "ix_backtest_results_strategy_id",
      "ix_community_posts_author_id",
      "ix_community_posts_strategy_id",
      "ix_ml_models_owner_id",
      "ix_strategies_owner_id",
      "ix_users_email",
      "ml_models_pkey",
      "stocks_daily_info_pkey",
      "strategies_pkey",
      "users_pkey"
    ]
  }
}
---
{
  "workload_id": 2647,
  "metadata": {
    "strategy_template": "Momentum Investing Style",
    "ml_model_used": null
  },
  "sql_query": "SELECT ( SELECT COALESCE(SUM(value), 0) FROM ( SELECT value FROM financials_quarterly fq WHERE fq.ticker = sdi.ticker AND fq.item_name = 'OperatingIncome' AND fq.statement_type IN ('IS_Q','CF_Q') AND fq.period_end <= DATE '2023-08-27' ORDER BY fq.period_end DESC LIMIT 4 ) as recent_quarters ) AS ttm_operatingincome , sdi.close_price, sdi.company_name, sdi.ma_20d, sdi.market_cap, sdi.momentum_12m, sdi.momentum_3m, sdi.rsi_14, sdi.ticker, sdi.volatility_20d FROM stocks_daily_info sdi WHERE sdi.market = 'KOSPI' AND sdi.market_cap >= 411400000000 AND sdi.event_date = DATE '2023-08-27' ORDER BY sdi.momentum_3m asc, sdi.momentum_12m desc, sdi.rsi_14 asc, sdi.volatility_20d desc LIMIT 45;",
  "baseline_execution_plan": {
    "Plan": {
      "Node Type": "Limit",
      "Parallel Aware": false,
      "Async Capable": false,
      "Startup Cost": 20.41,
      "Total Cost": 24.7,
      "Plan Rows": 1,
      "Plan Width": 96,
      "Plans": [
        {
          "Node Type": "Result",
          "Parent Relationship": "Outer",
          "Parallel Aware": false,
          "Async Capable": false,
          "Startup Cost": 20.41,
          "Total Cost": 24.7,
          "Plan Rows": 1,
          "Plan Width": 96,
          "Plans": [
            {
              "Node Type": "Sort",
              "Parent Relationship": "Outer",
              "Parallel Aware": false,
              "Async Capable": false,
              "Startup Cost": 20.41,
              "Total Cost": 20.41,
              "Plan Rows": 1,
              "Plan Width": 64,
              "Sort Key": [
                "sdi.momentum_3m",
                "sdi.momentum_12m DESC",
                "sdi.rsi_14",
                "sdi.volatility_20d DESC"
              ],
              "Plans": [
                {
                  "Node Type": "Bitmap Heap Scan",
                  "Parent Relationship": "Outer",
                  "Parallel Aware": false,
                  "Async Capable": false,
                  "Relation Name": "stocks_daily_info",
                  "Alias": "sdi",
                  "Startup Cost": 2.36,
                  "Total Cost": 20.4,
                  "Plan Rows": 1,
                  "Plan Width": 64,
                  "Recheck Cond": "(event_date = '2023-08-27'::date)",
                  "Filter": "((market_cap >= '411400000000'::numeric) AND (market = 'KOSPI'::text))",
                  "Plans": [
                    {
                      "Node Type": "Bitmap Index Scan",
                      "Parent Relationship": "Outer",
                      "Parallel Aware": false,
                      "Async Capable": false,
                      "Index Name": "idx_sdi_event_date",
                      "Startup Cost": 0.0,
                      "Total Cost": 2.36,
                      "Plan Rows": 10,
                      "Plan Width": 0,
                      "Index Cond": "(event_date = '2023-08-27'::date)"
                    }
                  ]
                }
              ]
            },
            {
              "Node Type": "Aggregate",
              "Strategy": "Plain",
              "Partial Mode": "Simple",
              "Parent Relationship": "SubPlan",
              "Subplan Name": "SubPlan 1",
              "Parallel Aware": false,
              "Async Capable": false,
              "Startup Cost": 4.27,
              "Total Cost": 4.28,
              "Plan Rows": 1,
              "Plan Width": 32,
              "Plans": [
                {
                  "Node Type": "Limit",
                  "Parent Relationship": "Outer",
                  "Parallel Aware": false,
                  "Async Capable": false,
                  "Startup Cost": 0.29,
                  "Total Cost": 4.25,
                  "Plan Rows": 1,
                  "Plan Width": 12,
                  "Plans": [
                    {
                      "Node Type": "Index Scan",
                      "Parent Relationship": "Outer",
                      "Parallel Aware": false,
                      "Async Capable": false,
                      "Scan Direction": "Backward",
                      "Index Name": "idx_finq_period_end",
                      "Relation Name": "financials_quarterly",
                      "Alias": "fq",
                      "Startup Cost": 0.29,
                      "Total Cost": 4.25,
                      "Plan Rows": 1,
                      "Plan Width": 12,
                      "Index Cond": "(period_end <= '2023-08-27'::date)",
                      "Filter": "((statement_type = ANY ('{IS_Q,CF_Q}'::text[])) AND (ticker = sdi.ticker) AND (item_name = 'OperatingIncome'::text))"
                    }
                  ]
                }
              ]
            }
          ]
        }
      ]
    }
  },
  "db_statistics": {
    "table_stats": {
      "stocks_daily_info": {
        "row_count": 12700,
        "size_mb": 1.71
      },
      "fundamentals_daily": {
        "row_count": 12080,
        "size_mb": 2.33
      },
      "financials_quarterly": {
        "row_count": 8634,
        "size_mb": 0.8
      }
    },
    "existing_indexes": [
      "backtest_results_pkey",
      "community_posts_pkey",
      "financials_quarterly_pkey",
      "fundamentals_daily_pkey",
      "idx_finq_period_end",
      "idx_finq_ticker",
      "idx_fund_event_date",
      "idx_fund_ticker",
      "idx_sdi_event_date",
      "idx_sdi_ticker",
      "ix_backtest_results_strategy_id",
      "ix_community_posts_author_id",
      "ix_community_posts_strategy_id",
      "ix_ml_models_owner_id",
      "ix_strategies_owner_id",
      "ix_users_email",
      "ml_models_pkey",
      "stocks_daily_info_pkey",
      "strategies_pkey",
      "users_pkey"
    ]
  }
}
---
{
  "workload_id": 2648,
  "metadata": {
    "strategy_template": "Momentum Investing Style",
    "ml_model_used": null
  },
  "sql_query": "SELECT sdi.close_price, sdi.company_name, sdi.ma_20d, sdi.market_cap, sdi.momentum_12m, sdi.momentum_3m, sdi.rsi_14, sdi.ticker, sdi.volatility_20d FROM stocks_daily_info sdi WHERE sdi.market = 'KOSPI' AND sdi.market_cap >= 301300000000 AND sdi.event_date = DATE '2023-09-05' ORDER BY sdi.momentum_3m desc, sdi.momentum_12m asc, sdi.volatility_20d desc, sdi.rsi_14 asc LIMIT 24;",
  "baseline_execution_plan": {
    "Plan": {
      "Node Type": "Limit",
      "Parallel Aware": false,
      "Async Capable": false,
      "Startup Cost": 20.41,
      "Total Cost": 20.41,
      "Plan Rows": 1,
      "Plan Width": 64,
      "Plans": [
        {
          "Node Type": "Sort",
          "Parent Relationship": "Outer",
          "Parallel Aware": false,
          "Async Capable": false,
          "Startup Cost": 20.41,
          "Total Cost": 20.41,
          "Plan Rows": 1,
          "Plan Width": 64,
          "Sort Key": [
            "momentum_3m DESC",
            "momentum_12m",
            "volatility_20d DESC",
            "rsi_14"
          ],
          "Plans": [
            {
              "Node Type": "Bitmap Heap Scan",
              "Parent Relationship": "Outer",
              "Parallel Aware": false,
              "Async Capable": false,
              "Relation Name": "stocks_daily_info",
              "Alias": "sdi",
              "Startup Cost": 2.36,
              "Total Cost": 20.4,
              "Plan Rows": 1,
              "Plan Width": 64,
              "Recheck Cond": "(event_date = '2023-09-05'::date)",
              "Filter": "((market_cap >= '301300000000'::numeric) AND (market = 'KOSPI'::text))",
              "Plans": [
                {
                  "Node Type": "Bitmap Index Scan",
                  "Parent Relationship": "Outer",
                  "Parallel Aware": false,
                  "Async Capable": false,
                  "Index Name": "idx_sdi_event_date",
                  "Startup Cost": 0.0,
                  "Total Cost": 2.36,
                  "Plan Rows": 10,
                  "Plan Width": 0,
                  "Index Cond": "(event_date = '2023-09-05'::date)"
                }
              ]
            }
          ]
        }
      ]
    }
  },
  "db_statistics": {
    "table_stats": {
      "stocks_daily_info": {
        "row_count": 12700,
        "size_mb": 1.71
      },
      "fundamentals_daily": {
        "row_count": 12080,
        "size_mb": 2.33
      },
      "financials_quarterly": {
        "row_count": 8634,
        "size_mb": 0.8
      }
    },
    "existing_indexes": [
      "backtest_results_pkey",
      "community_posts_pkey",
      "financials_quarterly_pkey",
      "fundamentals_daily_pkey",
      "idx_finq_period_end",
      "idx_finq_ticker",
      "idx_fund_event_date",
      "idx_fund_ticker",
      "idx_sdi_event_date",
      "idx_sdi_ticker",
      "ix_backtest_results_strategy_id",
      "ix_community_posts_author_id",
      "ix_community_posts_strategy_id",
      "ix_ml_models_owner_id",
      "ix_strategies_owner_id",
      "ix_users_email",
      "ml_models_pkey",
      "stocks_daily_info_pkey",
      "strategies_pkey",
      "users_pkey"
    ]
  }
}
---
{
  "workload_id": 2649,
  "metadata": {
    "strategy_template": "Value Investing Style",
    "ml_model_used": null
  },
  "sql_query": "SELECT fd.bps, fd.dividend_yield, fd.eps, fd.pbr, fd.per, sdi.close_price, sdi.company_name, sdi.ma_20d, sdi.market_cap, sdi.momentum_12m, sdi.momentum_3m, sdi.rsi_14, sdi.ticker, sdi.volatility_20d FROM stocks_daily_info sdi LEFT JOIN fundamentals_daily fd ON fd.ticker = sdi.ticker AND fd.event_date = sdi.event_date WHERE sdi.market = 'KOSPI' AND sdi.market_cap >= 74500000000 AND sdi.event_date = DATE '2023-07-09' ORDER BY fd.pbr asc, fd.per asc, fd.eps desc, fd.dividend_yield asc LIMIT 11;",
  "baseline_execution_plan": {
    "Plan": {
      "Node Type": "Limit",
      "Parallel Aware": false,
      "Async Capable": false,
      "Startup Cost": 24.72,
      "Total Cost": 24.73,
      "Plan Rows": 1,
      "Plan Width": 105,
      "Plans": [
        {
          "Node Type": "Sort",
          "Parent Relationship": "Outer",
          "Parallel Aware": false,
          "Async Capable": false,
          "Startup Cost": 24.72,
          "Total Cost": 24.73,
          "Plan Rows": 1,
          "Plan Width": 105,
          "Sort Key": [
            "fd.pbr",
            "fd.per",
            "fd.eps DESC",
            "fd.dividend_yield"
          ],
          "Plans": [
            {
              "Node Type": "Nested Loop",
              "Parent Relationship": "Outer",
              "Parallel Aware": false,
              "Async Capable": false,
              "Join Type": "Left",
              "Startup Cost": 2.65,
              "Total Cost": 24.71,
              "Plan Rows": 1,
              "Plan Width": 105,
              "Inner Unique": true,
              "Plans": [
                {
                  "Node Type": "Bitmap Heap Scan",
                  "Parent Relationship": "Outer",
                  "Parallel Aware": false,
                  "Async Capable": false,
                  "Relation Name": "stocks_daily_info",
                  "Alias": "sdi",
                  "Startup Cost": 2.36,
                  "Total Cost": 20.4,
                  "Plan Rows": 1,
                  "Plan Width": 68,
                  "Recheck Cond": "(event_date = '2023-07-09'::date)",
                  "Filter": "((market_cap >= '74500000000'::numeric) AND (market = 'KOSPI'::text))",
                  "Plans": [
                    {
                      "Node Type": "Bitmap Index Scan",
                      "Parent Relationship": "Outer",
                      "Parallel Aware": false,
                      "Async Capable": false,
                      "Index Name": "idx_sdi_event_date",
                      "Startup Cost": 0.0,
                      "Total Cost": 2.36,
                      "Plan Rows": 10,
                      "Plan Width": 0,
                      "Index Cond": "(event_date = '2023-07-09'::date)"
                    }
                  ]
                },
                {
                  "Node Type": "Index Scan",
                  "Parent Relationship": "Inner",
                  "Parallel Aware": false,
                  "Async Capable": false,
                  "Scan Direction": "Forward",
                  "Index Name": "fundamentals_daily_pkey",
                  "Relation Name": "fundamentals_daily",
                  "Alias": "fd",
                  "Startup Cost": 0.29,
                  "Total Cost": 4.3,
                  "Plan Rows": 1,
                  "Plan Width": 55,
                  "Index Cond": "((event_date = '2023-07-09'::date) AND (ticker = sdi.ticker))"
                }
              ]
            }
          ]
        }
      ]
    }
  },
  "db_statistics": {
    "table_stats": {
      "stocks_daily_info": {
        "row_count": 12700,
        "size_mb": 1.71
      },
      "fundamentals_daily": {
        "row_count": 12080,
        "size_mb": 2.33
      },
      "financials_quarterly": {
        "row_count": 8634,
        "size_mb": 0.8
      }
    },
    "existing_indexes": [
      "backtest_results_pkey",
      "community_posts_pkey",
      "financials_quarterly_pkey",
      "fundamentals_daily_pkey",
      "idx_finq_period_end",
      "idx_finq_ticker",
      "idx_fund_event_date",
      "idx_fund_ticker",
      "idx_sdi_event_date",
      "idx_sdi_ticker",
      "ix_backtest_results_strategy_id",
      "ix_community_posts_author_id",
      "ix_community_posts_strategy_id",
      "ix_ml_models_owner_id",
      "ix_strategies_owner_id",
      "ix_users_email",
      "ml_models_pkey",
      "stocks_daily_info_pkey",
      "strategies_pkey",
      "users_pkey"
    ]
  }
}
---
{
  "workload_id": 2650,
  "metadata": {
    "strategy_template": "ML Hybrid Style",
    "ml_model_used": null
  },
  "sql_query": "SELECT fd.bps, fd.dividend_yield, fd.eps, fd.pbr, fd.per, sdi.close_price, sdi.company_name, sdi.ma_20d, sdi.market_cap, sdi.momentum_12m, sdi.momentum_3m, sdi.rsi_14, sdi.ticker, sdi.volatility_20d FROM stocks_daily_info sdi LEFT JOIN fundamentals_daily fd ON fd.ticker = sdi.ticker AND fd.event_date = sdi.event_date WHERE sdi.market = 'KOSPI' AND sdi.market_cap >= 345100000000 AND sdi.event_date = DATE '2023-08-06' ORDER BY sdi.rsi_14 asc, sdi.volatility_20d desc, fd.pbr desc, sdi.momentum_3m asc LIMIT 12;",
  "baseline_execution_plan": {
    "Plan": {
      "Node Type": "Limit",
      "Parallel Aware": false,
      "Async Capable": false,
      "Startup Cost": 24.72,
      "Total Cost": 24.73,
      "Plan Rows": 1,
      "Plan Width": 105,
      "Plans": [
        {
          "Node Type": "Sort",
          "Parent Relationship": "Outer",
          "Parallel Aware": false,
          "Async Capable": false,
          "Startup Cost": 24.72,
          "Total Cost": 24.73,
          "Plan Rows": 1,
          "Plan Width": 105,
          "Sort Key": [
            "sdi.rsi_14",
            "sdi.volatility_20d DESC",
            "fd.pbr DESC",
            "sdi.momentum_3m"
          ],
          "Plans": [
            {
              "Node Type": "Nested Loop",
              "Parent Relationship": "Outer",
              "Parallel Aware": false,
              "Async Capable": false,
              "Join Type": "Left",
              "Startup Cost": 2.65,
              "Total Cost": 24.71,
              "Plan Rows": 1,
              "Plan Width": 105,
              "Inner Unique": true,
              "Plans": [
                {
                  "Node Type": "Bitmap Heap Scan",
                  "Parent Relationship": "Outer",
                  "Parallel Aware": false,
                  "Async Capable": false,
                  "Relation Name": "stocks_daily_info",
                  "Alias": "sdi",
                  "Startup Cost": 2.36,
                  "Total Cost": 20.4,
                  "Plan Rows": 1,
                  "Plan Width": 68,
                  "Recheck Cond": "(event_date = '2023-08-06'::date)",
                  "Filter": "((market_cap >= '345100000000'::numeric) AND (market = 'KOSPI'::text))",
                  "Plans": [
                    {
                      "Node Type": "Bitmap Index Scan",
                      "Parent Relationship": "Outer",
                      "Parallel Aware": false,
                      "Async Capable": false,
                      "Index Name": "idx_sdi_event_date",
                      "Startup Cost": 0.0,
                      "Total Cost": 2.36,
                      "Plan Rows": 10,
                      "Plan Width": 0,
                      "Index Cond": "(event_date = '2023-08-06'::date)"
                    }
                  ]
                },
                {
                  "Node Type": "Index Scan",
                  "Parent Relationship": "Inner",
                  "Parallel Aware": false,
                  "Async Capable": false,
                  "Scan Direction": "Forward",
                  "Index Name": "fundamentals_daily_pkey",
                  "Relation Name": "fundamentals_daily",
                  "Alias": "fd",
                  "Startup Cost": 0.29,
                  "Total Cost": 4.3,
                  "Plan Rows": 1,
                  "Plan Width": 55,
                  "Index Cond": "((event_date = '2023-08-06'::date) AND (ticker = sdi.ticker))"
                }
              ]
            }
          ]
        }
      ]
    }
  },
  "db_statistics": {
    "table_stats": {
      "stocks_daily_info": {
        "row_count": 12700,
        "size_mb": 1.71
      },
      "fundamentals_daily": {
        "row_count": 12080,
        "size_mb": 2.33
      },
      "financials_quarterly": {
        "row_count": 8634,
        "size_mb": 0.8
      }
    },
    "existing_indexes": [
      "backtest_results_pkey",
      "community_posts_pkey",
      "financials_quarterly_pkey",
      "fundamentals_daily_pkey",
      "idx_finq_period_end",
      "idx_finq_ticker",
      "idx_fund_event_date",
      "idx_fund_ticker",
      "idx_sdi_event_date",
      "idx_sdi_ticker",
      "ix_backtest_results_strategy_id",
      "ix_community_posts_author_id",
      "ix_community_posts_strategy_id",
      "ix_ml_models_owner_id",
      "ix_strategies_owner_id",
      "ix_users_email",
      "ml_models_pkey",
      "stocks_daily_info_pkey",
      "strategies_pkey",
      "users_pkey"
    ]
  }
}
---
{
  "workload_id": 2651,
  "metadata": {
    "strategy_template": "Value Investing Style",
    "ml_model_used": null
  },
  "sql_query": "SELECT fd.bps, fd.dividend_yield, fd.eps, fd.pbr, fd.per, sdi.close_price, sdi.company_name, sdi.ma_20d, sdi.market_cap, sdi.momentum_12m, sdi.momentum_3m, sdi.rsi_14, sdi.ticker, sdi.volatility_20d FROM stocks_daily_info sdi LEFT JOIN fundamentals_daily fd ON fd.ticker = sdi.ticker AND fd.event_date = sdi.event_date WHERE sdi.market = 'KOSDAQ' AND sdi.market_cap >= 366000000000 AND sdi.event_date = DATE '2023-05-07' ORDER BY fd.pbr desc, fd.per desc LIMIT 30;",
  "baseline_execution_plan": {
    "Plan": {
      "Node Type": "Limit",
      "Parallel Aware": false,
      "Async Capable": false,
      "Startup Cost": 24.72,
      "Total Cost": 24.73,
      "Plan Rows": 1,
      "Plan Width": 105,
      "Plans": [
        {
          "Node Type": "Sort",
          "Parent Relationship": "Outer",
          "Parallel Aware": false,
          "Async Capable": false,
          "Startup Cost": 24.72,
          "Total Cost": 24.73,
          "Plan Rows": 1,
          "Plan Width": 105,
          "Sort Key": [
            "fd.pbr DESC",
            "fd.per DESC"
          ],
          "Plans": [
            {
              "Node Type": "Nested Loop",
              "Parent Relationship": "Outer",
              "Parallel Aware": false,
              "Async Capable": false,
              "Join Type": "Left",
              "Startup Cost": 2.65,
              "Total Cost": 24.71,
              "Plan Rows": 1,
              "Plan Width": 105,
              "Inner Unique": true,
              "Plans": [
                {
                  "Node Type": "Bitmap Heap Scan",
                  "Parent Relationship": "Outer",
                  "Parallel Aware": false,
                  "Async Capable": false,
                  "Relation Name": "stocks_daily_info",
                  "Alias": "sdi",
                  "Startup Cost": 2.36,
                  "Total Cost": 20.4,
                  "Plan Rows": 1,
                  "Plan Width": 68,
                  "Recheck Cond": "(event_date = '2023-05-07'::date)",
                  "Filter": "((market_cap >= '366000000000'::numeric) AND (market = 'KOSDAQ'::text))",
                  "Plans": [
                    {
                      "Node Type": "Bitmap Index Scan",
                      "Parent Relationship": "Outer",
                      "Parallel Aware": false,
                      "Async Capable": false,
                      "Index Name": "idx_sdi_event_date",
                      "Startup Cost": 0.0,
                      "Total Cost": 2.36,
                      "Plan Rows": 10,
                      "Plan Width": 0,
                      "Index Cond": "(event_date = '2023-05-07'::date)"
                    }
                  ]
                },
                {
                  "Node Type": "Index Scan",
                  "Parent Relationship": "Inner",
                  "Parallel Aware": false,
                  "Async Capable": false,
                  "Scan Direction": "Forward",
                  "Index Name": "fundamentals_daily_pkey",
                  "Relation Name": "fundamentals_daily",
                  "Alias": "fd",
                  "Startup Cost": 0.29,
                  "Total Cost": 4.3,
                  "Plan Rows": 1,
                  "Plan Width": 55,
                  "Index Cond": "((event_date = '2023-05-07'::date) AND (ticker = sdi.ticker))"
                }
              ]
            }
          ]
        }
      ]
    }
  },
  "db_statistics": {
    "table_stats": {
      "stocks_daily_info": {
        "row_count": 12700,
        "size_mb": 1.71
      },
      "fundamentals_daily": {
        "row_count": 12080,
        "size_mb": 2.33
      },
      "financials_quarterly": {
        "row_count": 8634,
        "size_mb": 0.8
      }
    },
    "existing_indexes": [
      "backtest_results_pkey",
      "community_posts_pkey",
      "financials_quarterly_pkey",
      "fundamentals_daily_pkey",
      "idx_finq_period_end",
      "idx_finq_ticker",
      "idx_fund_event_date",
      "idx_fund_ticker",
      "idx_sdi_event_date",
      "idx_sdi_ticker",
      "ix_backtest_results_strategy_id",
      "ix_community_posts_author_id",
      "ix_community_posts_strategy_id",
      "ix_ml_models_owner_id",
      "ix_strategies_owner_id",
      "ix_users_email",
      "ml_models_pkey",
      "stocks_daily_info_pkey",
      "strategies_pkey",
      "users_pkey"
    ]
  }
}
---
{
  "workload_id": 2652,
  "metadata": {
    "strategy_template": "Momentum Investing Style",
    "ml_model_used": null
  },
  "sql_query": "SELECT sdi.close_price, sdi.company_name, sdi.ma_20d, sdi.market_cap, sdi.momentum_12m, sdi.momentum_3m, sdi.rsi_14, sdi.ticker, sdi.volatility_20d FROM stocks_daily_info sdi WHERE sdi.market = 'KOSDAQ' AND sdi.market_cap >= 430200000000 AND sdi.event_date = DATE '2023-06-27' ORDER BY sdi.momentum_3m desc, sdi.momentum_12m asc, sdi.rsi_14 asc LIMIT 49;",
  "baseline_execution_plan": {
    "Plan": {
      "Node Type": "Limit",
      "Parallel Aware": false,
      "Async Capable": false,
      "Startup Cost": 20.41,
      "Total Cost": 20.41,
      "Plan Rows": 1,
      "Plan Width": 64,
      "Plans": [
        {
          "Node Type": "Sort",
          "Parent Relationship": "Outer",
          "Parallel Aware": false,
          "Async Capable": false,
          "Startup Cost": 20.41,
          "Total Cost": 20.41,
          "Plan Rows": 1,
          "Plan Width": 64,
          "Sort Key": [
            "momentum_3m DESC",
            "momentum_12m",
            "rsi_14"
          ],
          "Plans": [
            {
              "Node Type": "Bitmap Heap Scan",
              "Parent Relationship": "Outer",
              "Parallel Aware": false,
              "Async Capable": false,
              "Relation Name": "stocks_daily_info",
              "Alias": "sdi",
              "Startup Cost": 2.36,
              "Total Cost": 20.4,
              "Plan Rows": 1,
              "Plan Width": 64,
              "Recheck Cond": "(event_date = '2023-06-27'::date)",
              "Filter": "((market_cap >= '430200000000'::numeric) AND (market = 'KOSDAQ'::text))",
              "Plans": [
                {
                  "Node Type": "Bitmap Index Scan",
                  "Parent Relationship": "Outer",
                  "Parallel Aware": false,
                  "Async Capable": false,
                  "Index Name": "idx_sdi_event_date",
                  "Startup Cost": 0.0,
                  "Total Cost": 2.36,
                  "Plan Rows": 10,
                  "Plan Width": 0,
                  "Index Cond": "(event_date = '2023-06-27'::date)"
                }
              ]
            }
          ]
        }
      ]
    }
  },
  "db_statistics": {
    "table_stats": {
      "stocks_daily_info": {
        "row_count": 12700,
        "size_mb": 1.71
      },
      "fundamentals_daily": {
        "row_count": 12080,
        "size_mb": 2.33
      },
      "financials_quarterly": {
        "row_count": 8634,
        "size_mb": 0.8
      }
    },
    "existing_indexes": [
      "backtest_results_pkey",
      "community_posts_pkey",
      "financials_quarterly_pkey",
      "fundamentals_daily_pkey",
      "idx_finq_period_end",
      "idx_finq_ticker",
      "idx_fund_event_date",
      "idx_fund_ticker",
      "idx_sdi_event_date",
      "idx_sdi_ticker",
      "ix_backtest_results_strategy_id",
      "ix_community_posts_author_id",
      "ix_community_posts_strategy_id",
      "ix_ml_models_owner_id",
      "ix_strategies_owner_id",
      "ix_users_email",
      "ml_models_pkey",
      "stocks_daily_info_pkey",
      "strategies_pkey",
      "users_pkey"
    ]
  }
}
---
{
  "workload_id": 2653,
  "metadata": {
    "strategy_template": "Momentum Investing Style",
    "ml_model_used": null
  },
  "sql_query": "SELECT sdi.close_price, sdi.company_name, sdi.ma_20d, sdi.market_cap, sdi.momentum_12m, sdi.momentum_3m, sdi.rsi_14, sdi.ticker, sdi.volatility_20d FROM stocks_daily_info sdi WHERE sdi.market = 'KOSPI' AND sdi.market_cap >= 60800000000 AND sdi.event_date = DATE '2023-07-21' ORDER BY sdi.momentum_3m asc, sdi.momentum_12m desc, sdi.rsi_14 asc LIMIT 27;",
  "baseline_execution_plan": {
    "Plan": {
      "Node Type": "Limit",
      "Parallel Aware": false,
      "Async Capable": false,
      "Startup Cost": 20.41,
      "Total Cost": 20.41,
      "Plan Rows": 1,
      "Plan Width": 64,
      "Plans": [
        {
          "Node Type": "Sort",
          "Parent Relationship": "Outer",
          "Parallel Aware": false,
          "Async Capable": false,
          "Startup Cost": 20.41,
          "Total Cost": 20.41,
          "Plan Rows": 1,
          "Plan Width": 64,
          "Sort Key": [
            "momentum_3m",
            "momentum_12m DESC",
            "rsi_14"
          ],
          "Plans": [
            {
              "Node Type": "Bitmap Heap Scan",
              "Parent Relationship": "Outer",
              "Parallel Aware": false,
              "Async Capable": false,
              "Relation Name": "stocks_daily_info",
              "Alias": "sdi",
              "Startup Cost": 2.36,
              "Total Cost": 20.4,
              "Plan Rows": 1,
              "Plan Width": 64,
              "Recheck Cond": "(event_date = '2023-07-21'::date)",
              "Filter": "((market_cap >= '60800000000'::numeric) AND (market = 'KOSPI'::text))",
              "Plans": [
                {
                  "Node Type": "Bitmap Index Scan",
                  "Parent Relationship": "Outer",
                  "Parallel Aware": false,
                  "Async Capable": false,
                  "Index Name": "idx_sdi_event_date",
                  "Startup Cost": 0.0,
                  "Total Cost": 2.36,
                  "Plan Rows": 10,
                  "Plan Width": 0,
                  "Index Cond": "(event_date = '2023-07-21'::date)"
                }
              ]
            }
          ]
        }
      ]
    }
  },
  "db_statistics": {
    "table_stats": {
      "stocks_daily_info": {
        "row_count": 12700,
        "size_mb": 1.71
      },
      "fundamentals_daily": {
        "row_count": 12080,
        "size_mb": 2.33
      },
      "financials_quarterly": {
        "row_count": 8634,
        "size_mb": 0.8
      }
    },
    "existing_indexes": [
      "backtest_results_pkey",
      "community_posts_pkey",
      "financials_quarterly_pkey",
      "fundamentals_daily_pkey",
      "idx_finq_period_end",
      "idx_finq_ticker",
      "idx_fund_event_date",
      "idx_fund_ticker",
      "idx_sdi_event_date",
      "idx_sdi_ticker",
      "ix_backtest_results_strategy_id",
      "ix_community_posts_author_id",
      "ix_community_posts_strategy_id",
      "ix_ml_models_owner_id",
      "ix_strategies_owner_id",
      "ix_users_email",
      "ml_models_pkey",
      "stocks_daily_info_pkey",
      "strategies_pkey",
      "users_pkey"
    ]
  }
}
---
{
  "workload_id": 2654,
  "metadata": {
    "strategy_template": "Momentum Investing Style",
    "ml_model_used": null
  },
  "sql_query": "SELECT sdi.close_price, sdi.company_name, sdi.ma_20d, sdi.market_cap, sdi.momentum_12m, sdi.momentum_3m, sdi.rsi_14, sdi.ticker, sdi.volatility_20d FROM stocks_daily_info sdi WHERE sdi.market = 'KOSPI' AND sdi.market_cap >= 222100000000 AND sdi.event_date = DATE '2023-05-08' ORDER BY sdi.momentum_3m desc, sdi.momentum_12m desc, sdi.volatility_20d asc LIMIT 23;",
  "baseline_execution_plan": {
    "Plan": {
      "Node Type": "Limit",
      "Parallel Aware": false,
      "Async Capable": false,
      "Startup Cost": 20.41,
      "Total Cost": 20.41,
      "Plan Rows": 1,
      "Plan Width": 64,
      "Plans": [
        {
          "Node Type": "Sort",
          "Parent Relationship": "Outer",
          "Parallel Aware": false,
          "Async Capable": false,
          "Startup Cost": 20.41,
          "Total Cost": 20.41,
          "Plan Rows": 1,
          "Plan Width": 64,
          "Sort Key": [
            "momentum_3m DESC",
            "momentum_12m DESC",
            "volatility_20d"
          ],
          "Plans": [
            {
              "Node Type": "Bitmap Heap Scan",
              "Parent Relationship": "Outer",
              "Parallel Aware": false,
              "Async Capable": false,
              "Relation Name": "stocks_daily_info",
              "Alias": "sdi",
              "Startup Cost": 2.36,
              "Total Cost": 20.4,
              "Plan Rows": 1,
              "Plan Width": 64,
              "Recheck Cond": "(event_date = '2023-05-08'::date)",
              "Filter": "((market_cap >= '222100000000'::numeric) AND (market = 'KOSPI'::text))",
              "Plans": [
                {
                  "Node Type": "Bitmap Index Scan",
                  "Parent Relationship": "Outer",
                  "Parallel Aware": false,
                  "Async Capable": false,
                  "Index Name": "idx_sdi_event_date",
                  "Startup Cost": 0.0,
                  "Total Cost": 2.36,
                  "Plan Rows": 10,
                  "Plan Width": 0,
                  "Index Cond": "(event_date = '2023-05-08'::date)"
                }
              ]
            }
          ]
        }
      ]
    }
  },
  "db_statistics": {
    "table_stats": {
      "stocks_daily_info": {
        "row_count": 12700,
        "size_mb": 1.71
      },
      "fundamentals_daily": {
        "row_count": 12080,
        "size_mb": 2.33
      },
      "financials_quarterly": {
        "row_count": 8634,
        "size_mb": 0.8
      }
    },
    "existing_indexes": [
      "backtest_results_pkey",
      "community_posts_pkey",
      "financials_quarterly_pkey",
      "fundamentals_daily_pkey",
      "idx_finq_period_end",
      "idx_finq_ticker",
      "idx_fund_event_date",
      "idx_fund_ticker",
      "idx_sdi_event_date",
      "idx_sdi_ticker",
      "ix_backtest_results_strategy_id",
      "ix_community_posts_author_id",
      "ix_community_posts_strategy_id",
      "ix_ml_models_owner_id",
      "ix_strategies_owner_id",
      "ix_users_email",
      "ml_models_pkey",
      "stocks_daily_info_pkey",
      "strategies_pkey",
      "users_pkey"
    ]
  }
}
---
{
  "workload_id": 2655,
  "metadata": {
    "strategy_template": "ML Hybrid Style",
    "ml_model_used": null
  },
  "sql_query": "SELECT ( SELECT COALESCE(SUM(value), 0) FROM ( SELECT value FROM financials_quarterly fq WHERE fq.ticker = sdi.ticker AND fq.item_name = 'OperatingIncome' AND fq.statement_type IN ('IS_Q','CF_Q') AND fq.period_end <= DATE '2023-08-06' ORDER BY fq.period_end DESC LIMIT 4 ) as recent_quarters ) AS ttm_operatingincome , sdi.close_price, sdi.company_name, sdi.ma_20d, sdi.market_cap, sdi.momentum_12m, sdi.momentum_3m, sdi.rsi_14, sdi.ticker, sdi.volatility_20d FROM stocks_daily_info sdi WHERE sdi.market = 'KOSPI' AND sdi.market_cap >= 431400000000 AND sdi.event_date = DATE '2023-08-06' ORDER BY sdi.volatility_20d asc LIMIT 34;",
  "baseline_execution_plan": {
    "Plan": {
      "Node Type": "Limit",
      "Parallel Aware": false,
      "Async Capable": false,
      "Startup Cost": 20.41,
      "Total Cost": 24.7,
      "Plan Rows": 1,
      "Plan Width": 96,
      "Plans": [
        {
          "Node Type": "Result",
          "Parent Relationship": "Outer",
          "Parallel Aware": false,
          "Async Capable": false,
          "Startup Cost": 20.41,
          "Total Cost": 24.7,
          "Plan Rows": 1,
          "Plan Width": 96,
          "Plans": [
            {
              "Node Type": "Sort",
              "Parent Relationship": "Outer",
              "Parallel Aware": false,
              "Async Capable": false,
              "Startup Cost": 20.41,
              "Total Cost": 20.41,
              "Plan Rows": 1,
              "Plan Width": 64,
              "Sort Key": [
                "sdi.volatility_20d"
              ],
              "Plans": [
                {
                  "Node Type": "Bitmap Heap Scan",
                  "Parent Relationship": "Outer",
                  "Parallel Aware": false,
                  "Async Capable": false,
                  "Relation Name": "stocks_daily_info",
                  "Alias": "sdi",
                  "Startup Cost": 2.36,
                  "Total Cost": 20.4,
                  "Plan Rows": 1,
                  "Plan Width": 64,
                  "Recheck Cond": "(event_date = '2023-08-06'::date)",
                  "Filter": "((market_cap >= '431400000000'::numeric) AND (market = 'KOSPI'::text))",
                  "Plans": [
                    {
                      "Node Type": "Bitmap Index Scan",
                      "Parent Relationship": "Outer",
                      "Parallel Aware": false,
                      "Async Capable": false,
                      "Index Name": "idx_sdi_event_date",
                      "Startup Cost": 0.0,
                      "Total Cost": 2.36,
                      "Plan Rows": 10,
                      "Plan Width": 0,
                      "Index Cond": "(event_date = '2023-08-06'::date)"
                    }
                  ]
                }
              ]
            },
            {
              "Node Type": "Aggregate",
              "Strategy": "Plain",
              "Partial Mode": "Simple",
              "Parent Relationship": "SubPlan",
              "Subplan Name": "SubPlan 1",
              "Parallel Aware": false,
              "Async Capable": false,
              "Startup Cost": 4.27,
              "Total Cost": 4.28,
              "Plan Rows": 1,
              "Plan Width": 32,
              "Plans": [
                {
                  "Node Type": "Limit",
                  "Parent Relationship": "Outer",
                  "Parallel Aware": false,
                  "Async Capable": false,
                  "Startup Cost": 0.29,
                  "Total Cost": 4.25,
                  "Plan Rows": 1,
                  "Plan Width": 12,
                  "Plans": [
                    {
                      "Node Type": "Index Scan",
                      "Parent Relationship": "Outer",
                      "Parallel Aware": false,
                      "Async Capable": false,
                      "Scan Direction": "Backward",
                      "Index Name": "idx_finq_period_end",
                      "Relation Name": "financials_quarterly",
                      "Alias": "fq",
                      "Startup Cost": 0.29,
                      "Total Cost": 4.25,
                      "Plan Rows": 1,
                      "Plan Width": 12,
                      "Index Cond": "(period_end <= '2023-08-06'::date)",
                      "Filter": "((statement_type = ANY ('{IS_Q,CF_Q}'::text[])) AND (ticker = sdi.ticker) AND (item_name = 'OperatingIncome'::text))"
                    }
                  ]
                }
              ]
            }
          ]
        }
      ]
    }
  },
  "db_statistics": {
    "table_stats": {
      "stocks_daily_info": {
        "row_count": 12700,
        "size_mb": 1.71
      },
      "fundamentals_daily": {
        "row_count": 12080,
        "size_mb": 2.33
      },
      "financials_quarterly": {
        "row_count": 8634,
        "size_mb": 0.8
      }
    },
    "existing_indexes": [
      "backtest_results_pkey",
      "community_posts_pkey",
      "financials_quarterly_pkey",
      "fundamentals_daily_pkey",
      "idx_finq_period_end",
      "idx_finq_ticker",
      "idx_fund_event_date",
      "idx_fund_ticker",
      "idx_sdi_event_date",
      "idx_sdi_ticker",
      "ix_backtest_results_strategy_id",
      "ix_community_posts_author_id",
      "ix_community_posts_strategy_id",
      "ix_ml_models_owner_id",
      "ix_strategies_owner_id",
      "ix_users_email",
      "ml_models_pkey",
      "stocks_daily_info_pkey",
      "strategies_pkey",
      "users_pkey"
    ]
  }
}
---
{
  "workload_id": 2656,
  "metadata": {
    "strategy_template": "ML Hybrid Style",
    "ml_model_used": "Return Forecast Model"
  },
  "sql_query": "SELECT sdi.close_price, sdi.company_name, sdi.ma_20d, sdi.market_cap, sdi.momentum_12m, sdi.momentum_3m, sdi.rsi_14, sdi.ticker, sdi.volatility_20d FROM stocks_daily_info sdi WHERE sdi.market = 'KOSDAQ' AND sdi.market_cap >= 94700000000 AND sdi.event_date = DATE '2023-06-07' ORDER BY CASE sdi.ticker WHEN '000660.KS' THEN 1 WHEN '005930.KS' THEN 2 WHEN '068270.KQ' THEN 3 WHEN '207940.KS' THEN 4 WHEN '035420.KS' THEN 5 WHEN '005380.KS' THEN 6 WHEN '051910.KS' THEN 7 WHEN '012330.KS' THEN 8 WHEN '035720.KS' THEN 9 WHEN '105560.KS' THEN 10 ELSE 11 END LIMIT 27;",
  "baseline_execution_plan": {
    "Plan": {
      "Node Type": "Limit",
      "Parallel Aware": false,
      "Async Capable": false,
      "Startup Cost": 20.43,
      "Total Cost": 20.44,
      "Plan Rows": 1,
      "Plan Width": 68,
      "Plans": [
        {
          "Node Type": "Sort",
          "Parent Relationship": "Outer",
          "Parallel Aware": false,
          "Async Capable": false,
          "Startup Cost": 20.43,
          "Total Cost": 20.44,
          "Plan Rows": 1,
          "Plan Width": 68,
          "Sort Key": [
            "(CASE ticker WHEN '000660.KS'::text THEN 1 WHEN '005930.KS'::text THEN 2 WHEN '068270.KQ'::text THEN 3 WHEN '207940.KS'::text THEN 4 WHEN '035420.KS'::text THEN 5 WHEN '005380.KS'::text THEN 6 WHEN '051910.KS'::text THEN 7 WHEN '012330.KS'::text THEN 8 WHEN '035720.KS'::text THEN 9 WHEN '105560.KS'::text THEN 10 ELSE 11 END)"
          ],
          "Plans": [
            {
              "Node Type": "Bitmap Heap Scan",
              "Parent Relationship": "Outer",
              "Parallel Aware": false,
              "Async Capable": false,
              "Relation Name": "stocks_daily_info",
              "Alias": "sdi",
              "Startup Cost": 2.36,
              "Total Cost": 20.42,
              "Plan Rows": 1,
              "Plan Width": 68,
              "Recheck Cond": "(event_date = '2023-06-07'::date)",
              "Filter": "((market_cap >= '94700000000'::numeric) AND (market = 'KOSDAQ'::text))",
              "Plans": [
                {
                  "Node Type": "Bitmap Index Scan",
                  "Parent Relationship": "Outer",
                  "Parallel Aware": false,
                  "Async Capable": false,
                  "Index Name": "idx_sdi_event_date",
                  "Startup Cost": 0.0,
                  "Total Cost": 2.36,
                  "Plan Rows": 10,
                  "Plan Width": 0,
                  "Index Cond": "(event_date = '2023-06-07'::date)"
                }
              ]
            }
          ]
        }
      ]
    }
  },
  "db_statistics": {
    "table_stats": {
      "stocks_daily_info": {
        "row_count": 12700,
        "size_mb": 1.71
      },
      "fundamentals_daily": {
        "row_count": 12080,
        "size_mb": 2.33
      },
      "financials_quarterly": {
        "row_count": 8634,
        "size_mb": 0.8
      }
    },
    "existing_indexes": [
      "backtest_results_pkey",
      "community_posts_pkey",
      "financials_quarterly_pkey",
      "fundamentals_daily_pkey",
      "idx_finq_period_end",
      "idx_finq_ticker",
      "idx_fund_event_date",
      "idx_fund_ticker",
      "idx_sdi_event_date",
      "idx_sdi_ticker",
      "ix_backtest_results_strategy_id",
      "ix_community_posts_author_id",
      "ix_community_posts_strategy_id",
      "ix_ml_models_owner_id",
      "ix_strategies_owner_id",
      "ix_users_email",
      "ml_models_pkey",
      "stocks_daily_info_pkey",
      "strategies_pkey",
      "users_pkey"
    ]
  }
}
---
{
  "workload_id": 2657,
  "metadata": {
    "strategy_template": "Value Investing Style",
    "ml_model_used": null
  },
  "sql_query": "SELECT fd.bps, fd.dividend_yield, fd.eps, fd.pbr, fd.per, sdi.close_price, sdi.company_name, sdi.ma_20d, sdi.market_cap, sdi.momentum_12m, sdi.momentum_3m, sdi.rsi_14, sdi.ticker, sdi.volatility_20d FROM stocks_daily_info sdi LEFT JOIN fundamentals_daily fd ON fd.ticker = sdi.ticker AND fd.event_date = sdi.event_date WHERE sdi.market = 'KOSPI' AND sdi.market_cap >= 353400000000 AND sdi.event_date = DATE '2023-09-05' ORDER BY fd.pbr asc, fd.per asc LIMIT 48;",
  "baseline_execution_plan": {
    "Plan": {
      "Node Type": "Limit",
      "Parallel Aware": false,
      "Async Capable": false,
      "Startup Cost": 24.72,
      "Total Cost": 24.73,
      "Plan Rows": 1,
      "Plan Width": 105,
      "Plans": [
        {
          "Node Type": "Sort",
          "Parent Relationship": "Outer",
          "Parallel Aware": false,
          "Async Capable": false,
          "Startup Cost": 24.72,
          "Total Cost": 24.73,
          "Plan Rows": 1,
          "Plan Width": 105,
          "Sort Key": [
            "fd.pbr",
            "fd.per"
          ],
          "Plans": [
            {
              "Node Type": "Nested Loop",
              "Parent Relationship": "Outer",
              "Parallel Aware": false,
              "Async Capable": false,
              "Join Type": "Left",
              "Startup Cost": 2.65,
              "Total Cost": 24.71,
              "Plan Rows": 1,
              "Plan Width": 105,
              "Inner Unique": true,
              "Plans": [
                {
                  "Node Type": "Bitmap Heap Scan",
                  "Parent Relationship": "Outer",
                  "Parallel Aware": false,
                  "Async Capable": false,
                  "Relation Name": "stocks_daily_info",
                  "Alias": "sdi",
                  "Startup Cost": 2.36,
                  "Total Cost": 20.4,
                  "Plan Rows": 1,
                  "Plan Width": 68,
                  "Recheck Cond": "(event_date = '2023-09-05'::date)",
                  "Filter": "((market_cap >= '353400000000'::numeric) AND (market = 'KOSPI'::text))",
                  "Plans": [
                    {
                      "Node Type": "Bitmap Index Scan",
                      "Parent Relationship": "Outer",
                      "Parallel Aware": false,
                      "Async Capable": false,
                      "Index Name": "idx_sdi_event_date",
                      "Startup Cost": 0.0,
                      "Total Cost": 2.36,
                      "Plan Rows": 10,
                      "Plan Width": 0,
                      "Index Cond": "(event_date = '2023-09-05'::date)"
                    }
                  ]
                },
                {
                  "Node Type": "Index Scan",
                  "Parent Relationship": "Inner",
                  "Parallel Aware": false,
                  "Async Capable": false,
                  "Scan Direction": "Forward",
                  "Index Name": "fundamentals_daily_pkey",
                  "Relation Name": "fundamentals_daily",
                  "Alias": "fd",
                  "Startup Cost": 0.29,
                  "Total Cost": 4.3,
                  "Plan Rows": 1,
                  "Plan Width": 55,
                  "Index Cond": "((event_date = '2023-09-05'::date) AND (ticker = sdi.ticker))"
                }
              ]
            }
          ]
        }
      ]
    }
  },
  "db_statistics": {
    "table_stats": {
      "stocks_daily_info": {
        "row_count": 12700,
        "size_mb": 1.71
      },
      "fundamentals_daily": {
        "row_count": 12080,
        "size_mb": 2.33
      },
      "financials_quarterly": {
        "row_count": 8634,
        "size_mb": 0.8
      }
    },
    "existing_indexes": [
      "backtest_results_pkey",
      "community_posts_pkey",
      "financials_quarterly_pkey",
      "fundamentals_daily_pkey",
      "idx_finq_period_end",
      "idx_finq_ticker",
      "idx_fund_event_date",
      "idx_fund_ticker",
      "idx_sdi_event_date",
      "idx_sdi_ticker",
      "ix_backtest_results_strategy_id",
      "ix_community_posts_author_id",
      "ix_community_posts_strategy_id",
      "ix_ml_models_owner_id",
      "ix_strategies_owner_id",
      "ix_users_email",
      "ml_models_pkey",
      "stocks_daily_info_pkey",
      "strategies_pkey",
      "users_pkey"
    ]
  }
}
---
{
  "workload_id": 2658,
  "metadata": {
    "strategy_template": "Momentum Investing Style",
    "ml_model_used": null
  },
  "sql_query": "SELECT sdi.close_price, sdi.company_name, sdi.ma_20d, sdi.market_cap, sdi.momentum_12m, sdi.momentum_3m, sdi.rsi_14, sdi.ticker, sdi.volatility_20d FROM stocks_daily_info sdi WHERE sdi.market = 'KOSPI' AND sdi.market_cap >= 253200000000 AND sdi.event_date = DATE '2023-09-10' ORDER BY sdi.momentum_3m desc, sdi.momentum_12m asc LIMIT 43;",
  "baseline_execution_plan": {
    "Plan": {
      "Node Type": "Limit",
      "Parallel Aware": false,
      "Async Capable": false,
      "Startup Cost": 20.41,
      "Total Cost": 20.41,
      "Plan Rows": 1,
      "Plan Width": 64,
      "Plans": [
        {
          "Node Type": "Sort",
          "Parent Relationship": "Outer",
          "Parallel Aware": false,
          "Async Capable": false,
          "Startup Cost": 20.41,
          "Total Cost": 20.41,
          "Plan Rows": 1,
          "Plan Width": 64,
          "Sort Key": [
            "momentum_3m DESC",
            "momentum_12m"
          ],
          "Plans": [
            {
              "Node Type": "Bitmap Heap Scan",
              "Parent Relationship": "Outer",
              "Parallel Aware": false,
              "Async Capable": false,
              "Relation Name": "stocks_daily_info",
              "Alias": "sdi",
              "Startup Cost": 2.36,
              "Total Cost": 20.4,
              "Plan Rows": 1,
              "Plan Width": 64,
              "Recheck Cond": "(event_date = '2023-09-10'::date)",
              "Filter": "((market_cap >= '253200000000'::numeric) AND (market = 'KOSPI'::text))",
              "Plans": [
                {
                  "Node Type": "Bitmap Index Scan",
                  "Parent Relationship": "Outer",
                  "Parallel Aware": false,
                  "Async Capable": false,
                  "Index Name": "idx_sdi_event_date",
                  "Startup Cost": 0.0,
                  "Total Cost": 2.36,
                  "Plan Rows": 10,
                  "Plan Width": 0,
                  "Index Cond": "(event_date = '2023-09-10'::date)"
                }
              ]
            }
          ]
        }
      ]
    }
  },
  "db_statistics": {
    "table_stats": {
      "stocks_daily_info": {
        "row_count": 12700,
        "size_mb": 1.71
      },
      "fundamentals_daily": {
        "row_count": 12080,
        "size_mb": 2.33
      },
      "financials_quarterly": {
        "row_count": 8634,
        "size_mb": 0.8
      }
    },
    "existing_indexes": [
      "backtest_results_pkey",
      "community_posts_pkey",
      "financials_quarterly_pkey",
      "fundamentals_daily_pkey",
      "idx_finq_period_end",
      "idx_finq_ticker",
      "idx_fund_event_date",
      "idx_fund_ticker",
      "idx_sdi_event_date",
      "idx_sdi_ticker",
      "ix_backtest_results_strategy_id",
      "ix_community_posts_author_id",
      "ix_community_posts_strategy_id",
      "ix_ml_models_owner_id",
      "ix_strategies_owner_id",
      "ix_users_email",
      "ml_models_pkey",
      "stocks_daily_info_pkey",
      "strategies_pkey",
      "users_pkey"
    ]
  }
}
---
{
  "workload_id": 2659,
  "metadata": {
    "strategy_template": "Value Investing Style",
    "ml_model_used": null
  },
  "sql_query": "SELECT fd.bps, fd.dividend_yield, fd.eps, fd.pbr, fd.per, sdi.close_price, sdi.company_name, sdi.ma_20d, sdi.market_cap, sdi.momentum_12m, sdi.momentum_3m, sdi.rsi_14, sdi.ticker, sdi.volatility_20d FROM stocks_daily_info sdi LEFT JOIN fundamentals_daily fd ON fd.ticker = sdi.ticker AND fd.event_date = sdi.event_date WHERE sdi.market = 'KOSDAQ' AND sdi.market_cap >= 328100000000 AND sdi.event_date = DATE '2023-09-22' ORDER BY fd.pbr desc, fd.per desc, fd.eps asc LIMIT 36;",
  "baseline_execution_plan": {
    "Plan": {
      "Node Type": "Limit",
      "Parallel Aware": false,
      "Async Capable": false,
      "Startup Cost": 24.72,
      "Total Cost": 24.73,
      "Plan Rows": 1,
      "Plan Width": 105,
      "Plans": [
        {
          "Node Type": "Sort",
          "Parent Relationship": "Outer",
          "Parallel Aware": false,
          "Async Capable": false,
          "Startup Cost": 24.72,
          "Total Cost": 24.73,
          "Plan Rows": 1,
          "Plan Width": 105,
          "Sort Key": [
            "fd.pbr DESC",
            "fd.per DESC",
            "fd.eps"
          ],
          "Plans": [
            {
              "Node Type": "Nested Loop",
              "Parent Relationship": "Outer",
              "Parallel Aware": false,
              "Async Capable": false,
              "Join Type": "Left",
              "Startup Cost": 2.65,
              "Total Cost": 24.71,
              "Plan Rows": 1,
              "Plan Width": 105,
              "Inner Unique": true,
              "Plans": [
                {
                  "Node Type": "Bitmap Heap Scan",
                  "Parent Relationship": "Outer",
                  "Parallel Aware": false,
                  "Async Capable": false,
                  "Relation Name": "stocks_daily_info",
                  "Alias": "sdi",
                  "Startup Cost": 2.36,
                  "Total Cost": 20.4,
                  "Plan Rows": 1,
                  "Plan Width": 68,
                  "Recheck Cond": "(event_date = '2023-09-22'::date)",
                  "Filter": "((market_cap >= '328100000000'::numeric) AND (market = 'KOSDAQ'::text))",
                  "Plans": [
                    {
                      "Node Type": "Bitmap Index Scan",
                      "Parent Relationship": "Outer",
                      "Parallel Aware": false,
                      "Async Capable": false,
                      "Index Name": "idx_sdi_event_date",
                      "Startup Cost": 0.0,
                      "Total Cost": 2.36,
                      "Plan Rows": 10,
                      "Plan Width": 0,
                      "Index Cond": "(event_date = '2023-09-22'::date)"
                    }
                  ]
                },
                {
                  "Node Type": "Index Scan",
                  "Parent Relationship": "Inner",
                  "Parallel Aware": false,
                  "Async Capable": false,
                  "Scan Direction": "Forward",
                  "Index Name": "fundamentals_daily_pkey",
                  "Relation Name": "fundamentals_daily",
                  "Alias": "fd",
                  "Startup Cost": 0.29,
                  "Total Cost": 4.3,
                  "Plan Rows": 1,
                  "Plan Width": 55,
                  "Index Cond": "((event_date = '2023-09-22'::date) AND (ticker = sdi.ticker))"
                }
              ]
            }
          ]
        }
      ]
    }
  },
  "db_statistics": {
    "table_stats": {
      "stocks_daily_info": {
        "row_count": 12700,
        "size_mb": 1.71
      },
      "fundamentals_daily": {
        "row_count": 12080,
        "size_mb": 2.33
      },
      "financials_quarterly": {
        "row_count": 8634,
        "size_mb": 0.8
      }
    },
    "existing_indexes": [
      "backtest_results_pkey",
      "community_posts_pkey",
      "financials_quarterly_pkey",
      "fundamentals_daily_pkey",
      "idx_finq_period_end",
      "idx_finq_ticker",
      "idx_fund_event_date",
      "idx_fund_ticker",
      "idx_sdi_event_date",
      "idx_sdi_ticker",
      "ix_backtest_results_strategy_id",
      "ix_community_posts_author_id",
      "ix_community_posts_strategy_id",
      "ix_ml_models_owner_id",
      "ix_strategies_owner_id",
      "ix_users_email",
      "ml_models_pkey",
      "stocks_daily_info_pkey",
      "strategies_pkey",
      "users_pkey"
    ]
  }
}
---
{
  "workload_id": 2660,
  "metadata": {
    "strategy_template": "Value Investing Style",
    "ml_model_used": null
  },
  "sql_query": "SELECT ( SELECT COALESCE(SUM(value), 0) FROM ( SELECT value FROM financials_quarterly fq WHERE fq.ticker = sdi.ticker AND fq.item_name = 'OperatingCashFlow' AND fq.statement_type IN ('IS_Q','CF_Q') AND fq.period_end <= DATE '2023-10-25' ORDER BY fq.period_end DESC LIMIT 4 ) as recent_quarters ) AS ttm_operatingcashflow , fd.bps, fd.dividend_yield, fd.eps, fd.pbr, fd.per, sdi.close_price, sdi.company_name, sdi.ma_20d, sdi.market_cap, sdi.momentum_12m, sdi.momentum_3m, sdi.rsi_14, sdi.ticker, sdi.volatility_20d FROM stocks_daily_info sdi LEFT JOIN fundamentals_daily fd ON fd.ticker = sdi.ticker AND fd.event_date = sdi.event_date WHERE sdi.market = 'KOSDAQ' AND sdi.market_cap >= 285900000000 AND sdi.event_date = DATE '2023-10-25' ORDER BY fd.pbr desc, fd.per asc LIMIT 23;",
  "baseline_execution_plan": {
    "Plan": {
      "Node Type": "Limit",
      "Parallel Aware": false,
      "Async Capable": false,
      "Startup Cost": 24.72,
      "Total Cost": 29.02,
      "Plan Rows": 1,
      "Plan Width": 137,
      "Plans": [
        {
          "Node Type": "Result",
          "Parent Relationship": "Outer",
          "Parallel Aware": false,
          "Async Capable": false,
          "Startup Cost": 24.72,
          "Total Cost": 29.02,
          "Plan Rows": 1,
          "Plan Width": 137,
          "Plans": [
            {
              "Node Type": "Sort",
              "Parent Relationship": "Outer",
              "Parallel Aware": false,
              "Async Capable": false,
              "Startup Cost": 24.72,
              "Total Cost": 24.73,
              "Plan Rows": 1,
              "Plan Width": 105,
              "Sort Key": [
                "fd.pbr DESC",
                "fd.per"
              ],
              "Plans": [
                {
                  "Node Type": "Nested Loop",
                  "Parent Relationship": "Outer",
                  "Parallel Aware": false,
                  "Async Capable": false,
                  "Join Type": "Left",
                  "Startup Cost": 2.65,
                  "Total Cost": 24.71,
                  "Plan Rows": 1,
                  "Plan Width": 105,
                  "Inner Unique": true,
                  "Plans": [
                    {
                      "Node Type": "Bitmap Heap Scan",
                      "Parent Relationship": "Outer",
                      "Parallel Aware": false,
                      "Async Capable": false,
                      "Relation Name": "stocks_daily_info",
                      "Alias": "sdi",
                      "Startup Cost": 2.36,
                      "Total Cost": 20.4,
                      "Plan Rows": 1,
                      "Plan Width": 68,
                      "Recheck Cond": "(event_date = '2023-10-25'::date)",
                      "Filter": "((market_cap >= '285900000000'::numeric) AND (market = 'KOSDAQ'::text))",
                      "Plans": [
                        {
                          "Node Type": "Bitmap Index Scan",
                          "Parent Relationship": "Outer",
                          "Parallel Aware": false,
                          "Async Capable": false,
                          "Index Name": "idx_sdi_event_date",
                          "Startup Cost": 0.0,
                          "Total Cost": 2.36,
                          "Plan Rows": 10,
                          "Plan Width": 0,
                          "Index Cond": "(event_date = '2023-10-25'::date)"
                        }
                      ]
                    },
                    {
                      "Node Type": "Index Scan",
                      "Parent Relationship": "Inner",
                      "Parallel Aware": false,
                      "Async Capable": false,
                      "Scan Direction": "Forward",
                      "Index Name": "fundamentals_daily_pkey",
                      "Relation Name": "fundamentals_daily",
                      "Alias": "fd",
                      "Startup Cost": 0.29,
                      "Total Cost": 4.3,
                      "Plan Rows": 1,
                      "Plan Width": 55,
                      "Index Cond": "((event_date = '2023-10-25'::date) AND (ticker = sdi.ticker))"
                    }
                  ]
                }
              ]
            },
            {
              "Node Type": "Aggregate",
              "Strategy": "Plain",
              "Partial Mode": "Simple",
              "Parent Relationship": "SubPlan",
              "Subplan Name": "SubPlan 1",
              "Parallel Aware": false,
              "Async Capable": false,
              "Startup Cost": 4.27,
              "Total Cost": 4.28,
              "Plan Rows": 1,
              "Plan Width": 32,
              "Plans": [
                {
                  "Node Type": "Limit",
                  "Parent Relationship": "Outer",
                  "Parallel Aware": false,
                  "Async Capable": false,
                  "Startup Cost": 0.29,
                  "Total Cost": 4.25,
                  "Plan Rows": 1,
                  "Plan Width": 12,
                  "Plans": [
                    {
                      "Node Type": "Index Scan",
                      "Parent Relationship": "Outer",
                      "Parallel Aware": false,
                      "Async Capable": false,
                      "Scan Direction": "Backward",
                      "Index Name": "idx_finq_period_end",
                      "Relation Name": "financials_quarterly",
                      "Alias": "fq",
                      "Startup Cost": 0.29,
                      "Total Cost": 4.25,
                      "Plan Rows": 1,
                      "Plan Width": 12,
                      "Index Cond": "(period_end <= '2023-10-25'::date)",
                      "Filter": "((statement_type = ANY ('{IS_Q,CF_Q}'::text[])) AND (ticker = sdi.ticker) AND (item_name = 'OperatingCashFlow'::text))"
                    }
                  ]
                }
              ]
            }
          ]
        }
      ]
    }
  },
  "db_statistics": {
    "table_stats": {
      "stocks_daily_info": {
        "row_count": 12700,
        "size_mb": 1.71
      },
      "fundamentals_daily": {
        "row_count": 12080,
        "size_mb": 2.33
      },
      "financials_quarterly": {
        "row_count": 8634,
        "size_mb": 0.8
      }
    },
    "existing_indexes": [
      "backtest_results_pkey",
      "community_posts_pkey",
      "financials_quarterly_pkey",
      "fundamentals_daily_pkey",
      "idx_finq_period_end",
      "idx_finq_ticker",
      "idx_fund_event_date",
      "idx_fund_ticker",
      "idx_sdi_event_date",
      "idx_sdi_ticker",
      "ix_backtest_results_strategy_id",
      "ix_community_posts_author_id",
      "ix_community_posts_strategy_id",
      "ix_ml_models_owner_id",
      "ix_strategies_owner_id",
      "ix_users_email",
      "ml_models_pkey",
      "stocks_daily_info_pkey",
      "strategies_pkey",
      "users_pkey"
    ]
  }
}
---
{
  "workload_id": 2661,
  "metadata": {
    "strategy_template": "Momentum Investing Style",
    "ml_model_used": null
  },
  "sql_query": "SELECT sdi.close_price, sdi.company_name, sdi.ma_20d, sdi.market_cap, sdi.momentum_12m, sdi.momentum_3m, sdi.rsi_14, sdi.ticker, sdi.volatility_20d FROM stocks_daily_info sdi WHERE sdi.market = 'KOSPI' AND sdi.market_cap >= 292200000000 AND sdi.event_date = DATE '2023-09-11' ORDER BY sdi.momentum_3m asc, sdi.momentum_12m desc, sdi.volatility_20d desc, sdi.rsi_14 asc LIMIT 36;",
  "baseline_execution_plan": {
    "Plan": {
      "Node Type": "Limit",
      "Parallel Aware": false,
      "Async Capable": false,
      "Startup Cost": 20.41,
      "Total Cost": 20.41,
      "Plan Rows": 1,
      "Plan Width": 64,
      "Plans": [
        {
          "Node Type": "Sort",
          "Parent Relationship": "Outer",
          "Parallel Aware": false,
          "Async Capable": false,
          "Startup Cost": 20.41,
          "Total Cost": 20.41,
          "Plan Rows": 1,
          "Plan Width": 64,
          "Sort Key": [
            "momentum_3m",
            "momentum_12m DESC",
            "volatility_20d DESC",
            "rsi_14"
          ],
          "Plans": [
            {
              "Node Type": "Bitmap Heap Scan",
              "Parent Relationship": "Outer",
              "Parallel Aware": false,
              "Async Capable": false,
              "Relation Name": "stocks_daily_info",
              "Alias": "sdi",
              "Startup Cost": 2.36,
              "Total Cost": 20.4,
              "Plan Rows": 1,
              "Plan Width": 64,
              "Recheck Cond": "(event_date = '2023-09-11'::date)",
              "Filter": "((market_cap >= '292200000000'::numeric) AND (market = 'KOSPI'::text))",
              "Plans": [
                {
                  "Node Type": "Bitmap Index Scan",
                  "Parent Relationship": "Outer",
                  "Parallel Aware": false,
                  "Async Capable": false,
                  "Index Name": "idx_sdi_event_date",
                  "Startup Cost": 0.0,
                  "Total Cost": 2.36,
                  "Plan Rows": 10,
                  "Plan Width": 0,
                  "Index Cond": "(event_date = '2023-09-11'::date)"
                }
              ]
            }
          ]
        }
      ]
    }
  },
  "db_statistics": {
    "table_stats": {
      "stocks_daily_info": {
        "row_count": 12700,
        "size_mb": 1.71
      },
      "fundamentals_daily": {
        "row_count": 12080,
        "size_mb": 2.33
      },
      "financials_quarterly": {
        "row_count": 8634,
        "size_mb": 0.8
      }
    },
    "existing_indexes": [
      "backtest_results_pkey",
      "community_posts_pkey",
      "financials_quarterly_pkey",
      "fundamentals_daily_pkey",
      "idx_finq_period_end",
      "idx_finq_ticker",
      "idx_fund_event_date",
      "idx_fund_ticker",
      "idx_sdi_event_date",
      "idx_sdi_ticker",
      "ix_backtest_results_strategy_id",
      "ix_community_posts_author_id",
      "ix_community_posts_strategy_id",
      "ix_ml_models_owner_id",
      "ix_strategies_owner_id",
      "ix_users_email",
      "ml_models_pkey",
      "stocks_daily_info_pkey",
      "strategies_pkey",
      "users_pkey"
    ]
  }
}
---
{
  "workload_id": 2662,
  "metadata": {
    "strategy_template": "Value Investing Style",
    "ml_model_used": null
  },
  "sql_query": "SELECT fd.bps, fd.dividend_yield, fd.eps, fd.pbr, fd.per, sdi.close_price, sdi.company_name, sdi.ma_20d, sdi.market_cap, sdi.momentum_12m, sdi.momentum_3m, sdi.rsi_14, sdi.ticker, sdi.volatility_20d FROM stocks_daily_info sdi LEFT JOIN fundamentals_daily fd ON fd.ticker = sdi.ticker AND fd.event_date = sdi.event_date WHERE sdi.market = 'KOSPI' AND sdi.market_cap >= 297000000000 AND sdi.event_date = DATE '2023-10-17' ORDER BY fd.pbr asc, fd.per desc, fd.dividend_yield desc, fd.eps asc LIMIT 26;",
  "baseline_execution_plan": {
    "Plan": {
      "Node Type": "Limit",
      "Parallel Aware": false,
      "Async Capable": false,
      "Startup Cost": 24.72,
      "Total Cost": 24.73,
      "Plan Rows": 1,
      "Plan Width": 105,
      "Plans": [
        {
          "Node Type": "Sort",
          "Parent Relationship": "Outer",
          "Parallel Aware": false,
          "Async Capable": false,
          "Startup Cost": 24.72,
          "Total Cost": 24.73,
          "Plan Rows": 1,
          "Plan Width": 105,
          "Sort Key": [
            "fd.pbr",
            "fd.per DESC",
            "fd.dividend_yield DESC",
            "fd.eps"
          ],
          "Plans": [
            {
              "Node Type": "Nested Loop",
              "Parent Relationship": "Outer",
              "Parallel Aware": false,
              "Async Capable": false,
              "Join Type": "Left",
              "Startup Cost": 2.65,
              "Total Cost": 24.71,
              "Plan Rows": 1,
              "Plan Width": 105,
              "Inner Unique": true,
              "Plans": [
                {
                  "Node Type": "Bitmap Heap Scan",
                  "Parent Relationship": "Outer",
                  "Parallel Aware": false,
                  "Async Capable": false,
                  "Relation Name": "stocks_daily_info",
                  "Alias": "sdi",
                  "Startup Cost": 2.36,
                  "Total Cost": 20.4,
                  "Plan Rows": 1,
                  "Plan Width": 68,
                  "Recheck Cond": "(event_date = '2023-10-17'::date)",
                  "Filter": "((market_cap >= '297000000000'::numeric) AND (market = 'KOSPI'::text))",
                  "Plans": [
                    {
                      "Node Type": "Bitmap Index Scan",
                      "Parent Relationship": "Outer",
                      "Parallel Aware": false,
                      "Async Capable": false,
                      "Index Name": "idx_sdi_event_date",
                      "Startup Cost": 0.0,
                      "Total Cost": 2.36,
                      "Plan Rows": 10,
                      "Plan Width": 0,
                      "Index Cond": "(event_date = '2023-10-17'::date)"
                    }
                  ]
                },
                {
                  "Node Type": "Index Scan",
                  "Parent Relationship": "Inner",
                  "Parallel Aware": false,
                  "Async Capable": false,
                  "Scan Direction": "Forward",
                  "Index Name": "fundamentals_daily_pkey",
                  "Relation Name": "fundamentals_daily",
                  "Alias": "fd",
                  "Startup Cost": 0.29,
                  "Total Cost": 4.3,
                  "Plan Rows": 1,
                  "Plan Width": 55,
                  "Index Cond": "((event_date = '2023-10-17'::date) AND (ticker = sdi.ticker))"
                }
              ]
            }
          ]
        }
      ]
    }
  },
  "db_statistics": {
    "table_stats": {
      "stocks_daily_info": {
        "row_count": 12700,
        "size_mb": 1.71
      },
      "fundamentals_daily": {
        "row_count": 12080,
        "size_mb": 2.33
      },
      "financials_quarterly": {
        "row_count": 8634,
        "size_mb": 0.8
      }
    },
    "existing_indexes": [
      "backtest_results_pkey",
      "community_posts_pkey",
      "financials_quarterly_pkey",
      "fundamentals_daily_pkey",
      "idx_finq_period_end",
      "idx_finq_ticker",
      "idx_fund_event_date",
      "idx_fund_ticker",
      "idx_sdi_event_date",
      "idx_sdi_ticker",
      "ix_backtest_results_strategy_id",
      "ix_community_posts_author_id",
      "ix_community_posts_strategy_id",
      "ix_ml_models_owner_id",
      "ix_strategies_owner_id",
      "ix_users_email",
      "ml_models_pkey",
      "stocks_daily_info_pkey",
      "strategies_pkey",
      "users_pkey"
    ]
  }
}
---
{
  "workload_id": 2663,
  "metadata": {
    "strategy_template": "Value Investing Style",
    "ml_model_used": null
  },
  "sql_query": "SELECT ( SELECT COALESCE(SUM(value), 0) FROM ( SELECT value FROM financials_quarterly fq WHERE fq.ticker = sdi.ticker AND fq.item_name = 'NetIncome' AND fq.statement_type IN ('IS_Q','CF_Q') AND fq.period_end <= DATE '2023-06-29' ORDER BY fq.period_end DESC LIMIT 4 ) as recent_quarters ) AS ttm_netincome , fd.bps, fd.dividend_yield, fd.eps, fd.pbr, fd.per, sdi.close_price, sdi.company_name, sdi.ma_20d, sdi.market_cap, sdi.momentum_12m, sdi.momentum_3m, sdi.rsi_14, sdi.ticker, sdi.volatility_20d FROM stocks_daily_info sdi LEFT JOIN fundamentals_daily fd ON fd.ticker = sdi.ticker AND fd.event_date = sdi.event_date WHERE sdi.market = 'KOSDAQ' AND sdi.market_cap >= 132000000000 AND sdi.event_date = DATE '2023-06-29' ORDER BY fd.pbr asc, fd.per asc, fd.eps asc LIMIT 24;",
  "baseline_execution_plan": {
    "Plan": {
      "Node Type": "Limit",
      "Parallel Aware": false,
      "Async Capable": false,
      "Startup Cost": 24.72,
      "Total Cost": 29.02,
      "Plan Rows": 1,
      "Plan Width": 137,
      "Plans": [
        {
          "Node Type": "Result",
          "Parent Relationship": "Outer",
          "Parallel Aware": false,
          "Async Capable": false,
          "Startup Cost": 24.72,
          "Total Cost": 29.02,
          "Plan Rows": 1,
          "Plan Width": 137,
          "Plans": [
            {
              "Node Type": "Sort",
              "Parent Relationship": "Outer",
              "Parallel Aware": false,
              "Async Capable": false,
              "Startup Cost": 24.72,
              "Total Cost": 24.73,
              "Plan Rows": 1,
              "Plan Width": 105,
              "Sort Key": [
                "fd.pbr",
                "fd.per",
                "fd.eps"
              ],
              "Plans": [
                {
                  "Node Type": "Nested Loop",
                  "Parent Relationship": "Outer",
                  "Parallel Aware": false,
                  "Async Capable": false,
                  "Join Type": "Left",
                  "Startup Cost": 2.65,
                  "Total Cost": 24.71,
                  "Plan Rows": 1,
                  "Plan Width": 105,
                  "Inner Unique": true,
                  "Plans": [
                    {
                      "Node Type": "Bitmap Heap Scan",
                      "Parent Relationship": "Outer",
                      "Parallel Aware": false,
                      "Async Capable": false,
                      "Relation Name": "stocks_daily_info",
                      "Alias": "sdi",
                      "Startup Cost": 2.36,
                      "Total Cost": 20.4,
                      "Plan Rows": 1,
                      "Plan Width": 68,
                      "Recheck Cond": "(event_date = '2023-06-29'::date)",
                      "Filter": "((market_cap >= '132000000000'::numeric) AND (market = 'KOSDAQ'::text))",
                      "Plans": [
                        {
                          "Node Type": "Bitmap Index Scan",
                          "Parent Relationship": "Outer",
                          "Parallel Aware": false,
                          "Async Capable": false,
                          "Index Name": "idx_sdi_event_date",
                          "Startup Cost": 0.0,
                          "Total Cost": 2.36,
                          "Plan Rows": 10,
                          "Plan Width": 0,
                          "Index Cond": "(event_date = '2023-06-29'::date)"
                        }
                      ]
                    },
                    {
                      "Node Type": "Index Scan",
                      "Parent Relationship": "Inner",
                      "Parallel Aware": false,
                      "Async Capable": false,
                      "Scan Direction": "Forward",
                      "Index Name": "fundamentals_daily_pkey",
                      "Relation Name": "fundamentals_daily",
                      "Alias": "fd",
                      "Startup Cost": 0.29,
                      "Total Cost": 4.3,
                      "Plan Rows": 1,
                      "Plan Width": 55,
                      "Index Cond": "((event_date = '2023-06-29'::date) AND (ticker = sdi.ticker))"
                    }
                  ]
                }
              ]
            },
            {
              "Node Type": "Aggregate",
              "Strategy": "Plain",
              "Partial Mode": "Simple",
              "Parent Relationship": "SubPlan",
              "Subplan Name": "SubPlan 1",
              "Parallel Aware": false,
              "Async Capable": false,
              "Startup Cost": 4.27,
              "Total Cost": 4.28,
              "Plan Rows": 1,
              "Plan Width": 32,
              "Plans": [
                {
                  "Node Type": "Limit",
                  "Parent Relationship": "Outer",
                  "Parallel Aware": false,
                  "Async Capable": false,
                  "Startup Cost": 0.29,
                  "Total Cost": 4.25,
                  "Plan Rows": 1,
                  "Plan Width": 12,
                  "Plans": [
                    {
                      "Node Type": "Index Scan",
                      "Parent Relationship": "Outer",
                      "Parallel Aware": false,
                      "Async Capable": false,
                      "Scan Direction": "Backward",
                      "Index Name": "idx_finq_period_end",
                      "Relation Name": "financials_quarterly",
                      "Alias": "fq",
                      "Startup Cost": 0.29,
                      "Total Cost": 4.25,
                      "Plan Rows": 1,
                      "Plan Width": 12,
                      "Index Cond": "(period_end <= '2023-06-29'::date)",
                      "Filter": "((statement_type = ANY ('{IS_Q,CF_Q}'::text[])) AND (ticker = sdi.ticker) AND (item_name = 'NetIncome'::text))"
                    }
                  ]
                }
              ]
            }
          ]
        }
      ]
    }
  },
  "db_statistics": {
    "table_stats": {
      "stocks_daily_info": {
        "row_count": 12700,
        "size_mb": 1.71
      },
      "fundamentals_daily": {
        "row_count": 12080,
        "size_mb": 2.33
      },
      "financials_quarterly": {
        "row_count": 8634,
        "size_mb": 0.8
      }
    },
    "existing_indexes": [
      "backtest_results_pkey",
      "community_posts_pkey",
      "financials_quarterly_pkey",
      "fundamentals_daily_pkey",
      "idx_finq_period_end",
      "idx_finq_ticker",
      "idx_fund_event_date",
      "idx_fund_ticker",
      "idx_sdi_event_date",
      "idx_sdi_ticker",
      "ix_backtest_results_strategy_id",
      "ix_community_posts_author_id",
      "ix_community_posts_strategy_id",
      "ix_ml_models_owner_id",
      "ix_strategies_owner_id",
      "ix_users_email",
      "ml_models_pkey",
      "stocks_daily_info_pkey",
      "strategies_pkey",
      "users_pkey"
    ]
  }
}
---
{
  "workload_id": 2664,
  "metadata": {
    "strategy_template": "Value Investing Style",
    "ml_model_used": null
  },
  "sql_query": "SELECT fd.bps, fd.dividend_yield, fd.eps, fd.pbr, fd.per, sdi.close_price, sdi.company_name, sdi.ma_20d, sdi.market_cap, sdi.momentum_12m, sdi.momentum_3m, sdi.rsi_14, sdi.ticker, sdi.volatility_20d FROM stocks_daily_info sdi LEFT JOIN fundamentals_daily fd ON fd.ticker = sdi.ticker AND fd.event_date = sdi.event_date WHERE sdi.market = 'KOSDAQ' AND sdi.market_cap >= 330900000000 AND sdi.event_date = DATE '2023-10-24' ORDER BY fd.pbr desc, fd.per desc, fd.eps asc, fd.dividend_yield asc LIMIT 14;",
  "baseline_execution_plan": {
    "Plan": {
      "Node Type": "Limit",
      "Parallel Aware": false,
      "Async Capable": false,
      "Startup Cost": 24.72,
      "Total Cost": 24.73,
      "Plan Rows": 1,
      "Plan Width": 105,
      "Plans": [
        {
          "Node Type": "Sort",
          "Parent Relationship": "Outer",
          "Parallel Aware": false,
          "Async Capable": false,
          "Startup Cost": 24.72,
          "Total Cost": 24.73,
          "Plan Rows": 1,
          "Plan Width": 105,
          "Sort Key": [
            "fd.pbr DESC",
            "fd.per DESC",
            "fd.eps",
            "fd.dividend_yield"
          ],
          "Plans": [
            {
              "Node Type": "Nested Loop",
              "Parent Relationship": "Outer",
              "Parallel Aware": false,
              "Async Capable": false,
              "Join Type": "Left",
              "Startup Cost": 2.65,
              "Total Cost": 24.71,
              "Plan Rows": 1,
              "Plan Width": 105,
              "Inner Unique": true,
              "Plans": [
                {
                  "Node Type": "Bitmap Heap Scan",
                  "Parent Relationship": "Outer",
                  "Parallel Aware": false,
                  "Async Capable": false,
                  "Relation Name": "stocks_daily_info",
                  "Alias": "sdi",
                  "Startup Cost": 2.36,
                  "Total Cost": 20.4,
                  "Plan Rows": 1,
                  "Plan Width": 68,
                  "Recheck Cond": "(event_date = '2023-10-24'::date)",
                  "Filter": "((market_cap >= '330900000000'::numeric) AND (market = 'KOSDAQ'::text))",
                  "Plans": [
                    {
                      "Node Type": "Bitmap Index Scan",
                      "Parent Relationship": "Outer",
                      "Parallel Aware": false,
                      "Async Capable": false,
                      "Index Name": "idx_sdi_event_date",
                      "Startup Cost": 0.0,
                      "Total Cost": 2.36,
                      "Plan Rows": 10,
                      "Plan Width": 0,
                      "Index Cond": "(event_date = '2023-10-24'::date)"
                    }
                  ]
                },
                {
                  "Node Type": "Index Scan",
                  "Parent Relationship": "Inner",
                  "Parallel Aware": false,
                  "Async Capable": false,
                  "Scan Direction": "Forward",
                  "Index Name": "fundamentals_daily_pkey",
                  "Relation Name": "fundamentals_daily",
                  "Alias": "fd",
                  "Startup Cost": 0.29,
                  "Total Cost": 4.3,
                  "Plan Rows": 1,
                  "Plan Width": 55,
                  "Index Cond": "((event_date = '2023-10-24'::date) AND (ticker = sdi.ticker))"
                }
              ]
            }
          ]
        }
      ]
    }
  },
  "db_statistics": {
    "table_stats": {
      "stocks_daily_info": {
        "row_count": 12700,
        "size_mb": 1.71
      },
      "fundamentals_daily": {
        "row_count": 12080,
        "size_mb": 2.33
      },
      "financials_quarterly": {
        "row_count": 8634,
        "size_mb": 0.8
      }
    },
    "existing_indexes": [
      "backtest_results_pkey",
      "community_posts_pkey",
      "financials_quarterly_pkey",
      "fundamentals_daily_pkey",
      "idx_finq_period_end",
      "idx_finq_ticker",
      "idx_fund_event_date",
      "idx_fund_ticker",
      "idx_sdi_event_date",
      "idx_sdi_ticker",
      "ix_backtest_results_strategy_id",
      "ix_community_posts_author_id",
      "ix_community_posts_strategy_id",
      "ix_ml_models_owner_id",
      "ix_strategies_owner_id",
      "ix_users_email",
      "ml_models_pkey",
      "stocks_daily_info_pkey",
      "strategies_pkey",
      "users_pkey"
    ]
  }
}
---
{
  "workload_id": 2665,
  "metadata": {
    "strategy_template": "Momentum Investing Style",
    "ml_model_used": null
  },
  "sql_query": "SELECT sdi.close_price, sdi.company_name, sdi.ma_20d, sdi.market_cap, sdi.momentum_12m, sdi.momentum_3m, sdi.rsi_14, sdi.ticker, sdi.volatility_20d FROM stocks_daily_info sdi WHERE sdi.market = 'KOSPI' AND sdi.market_cap >= 121500000000 AND sdi.event_date = DATE '2023-07-23' ORDER BY sdi.momentum_3m asc, sdi.momentum_12m desc LIMIT 27;",
  "baseline_execution_plan": {
    "Plan": {
      "Node Type": "Limit",
      "Parallel Aware": false,
      "Async Capable": false,
      "Startup Cost": 20.41,
      "Total Cost": 20.41,
      "Plan Rows": 1,
      "Plan Width": 64,
      "Plans": [
        {
          "Node Type": "Sort",
          "Parent Relationship": "Outer",
          "Parallel Aware": false,
          "Async Capable": false,
          "Startup Cost": 20.41,
          "Total Cost": 20.41,
          "Plan Rows": 1,
          "Plan Width": 64,
          "Sort Key": [
            "momentum_3m",
            "momentum_12m DESC"
          ],
          "Plans": [
            {
              "Node Type": "Bitmap Heap Scan",
              "Parent Relationship": "Outer",
              "Parallel Aware": false,
              "Async Capable": false,
              "Relation Name": "stocks_daily_info",
              "Alias": "sdi",
              "Startup Cost": 2.36,
              "Total Cost": 20.4,
              "Plan Rows": 1,
              "Plan Width": 64,
              "Recheck Cond": "(event_date = '2023-07-23'::date)",
              "Filter": "((market_cap >= '121500000000'::numeric) AND (market = 'KOSPI'::text))",
              "Plans": [
                {
                  "Node Type": "Bitmap Index Scan",
                  "Parent Relationship": "Outer",
                  "Parallel Aware": false,
                  "Async Capable": false,
                  "Index Name": "idx_sdi_event_date",
                  "Startup Cost": 0.0,
                  "Total Cost": 2.36,
                  "Plan Rows": 10,
                  "Plan Width": 0,
                  "Index Cond": "(event_date = '2023-07-23'::date)"
                }
              ]
            }
          ]
        }
      ]
    }
  },
  "db_statistics": {
    "table_stats": {
      "stocks_daily_info": {
        "row_count": 12700,
        "size_mb": 1.71
      },
      "fundamentals_daily": {
        "row_count": 12080,
        "size_mb": 2.33
      },
      "financials_quarterly": {
        "row_count": 8634,
        "size_mb": 0.8
      }
    },
    "existing_indexes": [
      "backtest_results_pkey",
      "community_posts_pkey",
      "financials_quarterly_pkey",
      "fundamentals_daily_pkey",
      "idx_finq_period_end",
      "idx_finq_ticker",
      "idx_fund_event_date",
      "idx_fund_ticker",
      "idx_sdi_event_date",
      "idx_sdi_ticker",
      "ix_backtest_results_strategy_id",
      "ix_community_posts_author_id",
      "ix_community_posts_strategy_id",
      "ix_ml_models_owner_id",
      "ix_strategies_owner_id",
      "ix_users_email",
      "ml_models_pkey",
      "stocks_daily_info_pkey",
      "strategies_pkey",
      "users_pkey"
    ]
  }
}
---
{
  "workload_id": 2666,
  "metadata": {
    "strategy_template": "Momentum Investing Style",
    "ml_model_used": null
  },
  "sql_query": "SELECT sdi.close_price, sdi.company_name, sdi.ma_20d, sdi.market_cap, sdi.momentum_12m, sdi.momentum_3m, sdi.rsi_14, sdi.ticker, sdi.volatility_20d FROM stocks_daily_info sdi WHERE sdi.market = 'KOSDAQ' AND sdi.market_cap >= 112900000000 AND sdi.event_date = DATE '2023-09-29' ORDER BY sdi.momentum_3m desc, sdi.momentum_12m desc, sdi.rsi_14 desc LIMIT 48;",
  "baseline_execution_plan": {
    "Plan": {
      "Node Type": "Limit",
      "Parallel Aware": false,
      "Async Capable": false,
      "Startup Cost": 20.41,
      "Total Cost": 20.41,
      "Plan Rows": 1,
      "Plan Width": 64,
      "Plans": [
        {
          "Node Type": "Sort",
          "Parent Relationship": "Outer",
          "Parallel Aware": false,
          "Async Capable": false,
          "Startup Cost": 20.41,
          "Total Cost": 20.41,
          "Plan Rows": 1,
          "Plan Width": 64,
          "Sort Key": [
            "momentum_3m DESC",
            "momentum_12m DESC",
            "rsi_14 DESC"
          ],
          "Plans": [
            {
              "Node Type": "Bitmap Heap Scan",
              "Parent Relationship": "Outer",
              "Parallel Aware": false,
              "Async Capable": false,
              "Relation Name": "stocks_daily_info",
              "Alias": "sdi",
              "Startup Cost": 2.36,
              "Total Cost": 20.4,
              "Plan Rows": 1,
              "Plan Width": 64,
              "Recheck Cond": "(event_date = '2023-09-29'::date)",
              "Filter": "((market_cap >= '112900000000'::numeric) AND (market = 'KOSDAQ'::text))",
              "Plans": [
                {
                  "Node Type": "Bitmap Index Scan",
                  "Parent Relationship": "Outer",
                  "Parallel Aware": false,
                  "Async Capable": false,
                  "Index Name": "idx_sdi_event_date",
                  "Startup Cost": 0.0,
                  "Total Cost": 2.36,
                  "Plan Rows": 10,
                  "Plan Width": 0,
                  "Index Cond": "(event_date = '2023-09-29'::date)"
                }
              ]
            }
          ]
        }
      ]
    }
  },
  "db_statistics": {
    "table_stats": {
      "stocks_daily_info": {
        "row_count": 12700,
        "size_mb": 1.71
      },
      "fundamentals_daily": {
        "row_count": 12080,
        "size_mb": 2.33
      },
      "financials_quarterly": {
        "row_count": 8634,
        "size_mb": 0.8
      }
    },
    "existing_indexes": [
      "backtest_results_pkey",
      "community_posts_pkey",
      "financials_quarterly_pkey",
      "fundamentals_daily_pkey",
      "idx_finq_period_end",
      "idx_finq_ticker",
      "idx_fund_event_date",
      "idx_fund_ticker",
      "idx_sdi_event_date",
      "idx_sdi_ticker",
      "ix_backtest_results_strategy_id",
      "ix_community_posts_author_id",
      "ix_community_posts_strategy_id",
      "ix_ml_models_owner_id",
      "ix_strategies_owner_id",
      "ix_users_email",
      "ml_models_pkey",
      "stocks_daily_info_pkey",
      "strategies_pkey",
      "users_pkey"
    ]
  }
}
---
{
  "workload_id": 2667,
  "metadata": {
    "strategy_template": "Momentum Investing Style",
    "ml_model_used": null
  },
  "sql_query": "SELECT sdi.close_price, sdi.company_name, sdi.ma_20d, sdi.market_cap, sdi.momentum_12m, sdi.momentum_3m, sdi.rsi_14, sdi.ticker, sdi.volatility_20d FROM stocks_daily_info sdi WHERE sdi.market = 'KOSDAQ' AND sdi.market_cap >= 455400000000 AND sdi.event_date = DATE '2023-09-09' ORDER BY sdi.momentum_3m desc, sdi.momentum_12m asc, sdi.rsi_14 asc, sdi.volatility_20d desc LIMIT 42;",
  "baseline_execution_plan": {
    "Plan": {
      "Node Type": "Limit",
      "Parallel Aware": false,
      "Async Capable": false,
      "Startup Cost": 20.41,
      "Total Cost": 20.41,
      "Plan Rows": 1,
      "Plan Width": 64,
      "Plans": [
        {
          "Node Type": "Sort",
          "Parent Relationship": "Outer",
          "Parallel Aware": false,
          "Async Capable": false,
          "Startup Cost": 20.41,
          "Total Cost": 20.41,
          "Plan Rows": 1,
          "Plan Width": 64,
          "Sort Key": [
            "momentum_3m DESC",
            "momentum_12m",
            "rsi_14",
            "volatility_20d DESC"
          ],
          "Plans": [
            {
              "Node Type": "Bitmap Heap Scan",
              "Parent Relationship": "Outer",
              "Parallel Aware": false,
              "Async Capable": false,
              "Relation Name": "stocks_daily_info",
              "Alias": "sdi",
              "Startup Cost": 2.36,
              "Total Cost": 20.4,
              "Plan Rows": 1,
              "Plan Width": 64,
              "Recheck Cond": "(event_date = '2023-09-09'::date)",
              "Filter": "((market_cap >= '455400000000'::numeric) AND (market = 'KOSDAQ'::text))",
              "Plans": [
                {
                  "Node Type": "Bitmap Index Scan",
                  "Parent Relationship": "Outer",
                  "Parallel Aware": false,
                  "Async Capable": false,
                  "Index Name": "idx_sdi_event_date",
                  "Startup Cost": 0.0,
                  "Total Cost": 2.36,
                  "Plan Rows": 10,
                  "Plan Width": 0,
                  "Index Cond": "(event_date = '2023-09-09'::date)"
                }
              ]
            }
          ]
        }
      ]
    }
  },
  "db_statistics": {
    "table_stats": {
      "stocks_daily_info": {
        "row_count": 12700,
        "size_mb": 1.71
      },
      "fundamentals_daily": {
        "row_count": 12080,
        "size_mb": 2.33
      },
      "financials_quarterly": {
        "row_count": 8634,
        "size_mb": 0.8
      }
    },
    "existing_indexes": [
      "backtest_results_pkey",
      "community_posts_pkey",
      "financials_quarterly_pkey",
      "fundamentals_daily_pkey",
      "idx_finq_period_end",
      "idx_finq_ticker",
      "idx_fund_event_date",
      "idx_fund_ticker",
      "idx_sdi_event_date",
      "idx_sdi_ticker",
      "ix_backtest_results_strategy_id",
      "ix_community_posts_author_id",
      "ix_community_posts_strategy_id",
      "ix_ml_models_owner_id",
      "ix_strategies_owner_id",
      "ix_users_email",
      "ml_models_pkey",
      "stocks_daily_info_pkey",
      "strategies_pkey",
      "users_pkey"
    ]
  }
}
---
{
  "workload_id": 2668,
  "metadata": {
    "strategy_template": "ML Hybrid Style",
    "ml_model_used": "Return Forecast Model"
  },
  "sql_query": "SELECT ( SELECT COALESCE(SUM(value), 0) FROM ( SELECT value FROM financials_quarterly fq WHERE fq.ticker = sdi.ticker AND fq.item_name = 'OperatingCashFlow' AND fq.statement_type IN ('IS_Q','CF_Q') AND fq.period_end <= DATE '2023-06-13' ORDER BY fq.period_end DESC LIMIT 4 ) as recent_quarters ) AS ttm_operatingcashflow , sdi.close_price, sdi.company_name, sdi.ma_20d, sdi.market_cap, sdi.momentum_12m, sdi.momentum_3m, sdi.rsi_14, sdi.ticker, sdi.volatility_20d FROM stocks_daily_info sdi WHERE sdi.market = 'KOSPI' AND sdi.market_cap >= 217400000000 AND sdi.event_date = DATE '2023-06-13' ORDER BY CASE sdi.ticker WHEN '000660.KS' THEN 1 WHEN '005930.KS' THEN 2 WHEN '068270.KQ' THEN 3 WHEN '207940.KS' THEN 4 WHEN '035420.KS' THEN 5 WHEN '005380.KS' THEN 6 WHEN '051910.KS' THEN 7 WHEN '012330.KS' THEN 8 WHEN '035720.KS' THEN 9 WHEN '105560.KS' THEN 10 ELSE 11 END LIMIT 30;",
  "baseline_execution_plan": {
    "Plan": {
      "Node Type": "Limit",
      "Parallel Aware": false,
      "Async Capable": false,
      "Startup Cost": 20.43,
      "Total Cost": 24.75,
      "Plan Rows": 1,
      "Plan Width": 100,
      "Plans": [
        {
          "Node Type": "Result",
          "Parent Relationship": "Outer",
          "Parallel Aware": false,
          "Async Capable": false,
          "Startup Cost": 20.43,
          "Total Cost": 24.75,
          "Plan Rows": 1,
          "Plan Width": 100,
          "Plans": [
            {
              "Node Type": "Sort",
              "Parent Relationship": "Outer",
              "Parallel Aware": false,
              "Async Capable": false,
              "Startup Cost": 20.43,
              "Total Cost": 20.44,
              "Plan Rows": 1,
              "Plan Width": 68,
              "Sort Key": [
                "(CASE sdi.ticker WHEN '000660.KS'::text THEN 1 WHEN '005930.KS'::text THEN 2 WHEN '068270.KQ'::text THEN 3 WHEN '207940.KS'::text THEN 4 WHEN '035420.KS'::text THEN 5 WHEN '005380.KS'::text THEN 6 WHEN '051910.KS'::text THEN 7 WHEN '012330.KS'::text THEN 8 WHEN '035720.KS'::text THEN 9 WHEN '105560.KS'::text THEN 10 ELSE 11 END)"
              ],
              "Plans": [
                {
                  "Node Type": "Bitmap Heap Scan",
                  "Parent Relationship": "Outer",
                  "Parallel Aware": false,
                  "Async Capable": false,
                  "Relation Name": "stocks_daily_info",
                  "Alias": "sdi",
                  "Startup Cost": 2.36,
                  "Total Cost": 20.42,
                  "Plan Rows": 1,
                  "Plan Width": 68,
                  "Recheck Cond": "(event_date = '2023-06-13'::date)",
                  "Filter": "((market_cap >= '217400000000'::numeric) AND (market = 'KOSPI'::text))",
                  "Plans": [
                    {
                      "Node Type": "Bitmap Index Scan",
                      "Parent Relationship": "Outer",
                      "Parallel Aware": false,
                      "Async Capable": false,
                      "Index Name": "idx_sdi_event_date",
                      "Startup Cost": 0.0,
                      "Total Cost": 2.36,
                      "Plan Rows": 10,
                      "Plan Width": 0,
                      "Index Cond": "(event_date = '2023-06-13'::date)"
                    }
                  ]
                }
              ]
            },
            {
              "Node Type": "Aggregate",
              "Strategy": "Plain",
              "Partial Mode": "Simple",
              "Parent Relationship": "SubPlan",
              "Subplan Name": "SubPlan 1",
              "Parallel Aware": false,
              "Async Capable": false,
              "Startup Cost": 4.27,
              "Total Cost": 4.28,
              "Plan Rows": 1,
              "Plan Width": 32,
              "Plans": [
                {
                  "Node Type": "Limit",
                  "Parent Relationship": "Outer",
                  "Parallel Aware": false,
                  "Async Capable": false,
                  "Startup Cost": 0.29,
                  "Total Cost": 4.25,
                  "Plan Rows": 1,
                  "Plan Width": 12,
                  "Plans": [
                    {
                      "Node Type": "Index Scan",
                      "Parent Relationship": "Outer",
                      "Parallel Aware": false,
                      "Async Capable": false,
                      "Scan Direction": "Backward",
                      "Index Name": "idx_finq_period_end",
                      "Relation Name": "financials_quarterly",
                      "Alias": "fq",
                      "Startup Cost": 0.29,
                      "Total Cost": 4.25,
                      "Plan Rows": 1,
                      "Plan Width": 12,
                      "Index Cond": "(period_end <= '2023-06-13'::date)",
                      "Filter": "((statement_type = ANY ('{IS_Q,CF_Q}'::text[])) AND (ticker = sdi.ticker) AND (item_name = 'OperatingCashFlow'::text))"
                    }
                  ]
                }
              ]
            }
          ]
        }
      ]
    }
  },
  "db_statistics": {
    "table_stats": {
      "stocks_daily_info": {
        "row_count": 12700,
        "size_mb": 1.71
      },
      "fundamentals_daily": {
        "row_count": 12080,
        "size_mb": 2.33
      },
      "financials_quarterly": {
        "row_count": 8634,
        "size_mb": 0.8
      }
    },
    "existing_indexes": [
      "backtest_results_pkey",
      "community_posts_pkey",
      "financials_quarterly_pkey",
      "fundamentals_daily_pkey",
      "idx_finq_period_end",
      "idx_finq_ticker",
      "idx_fund_event_date",
      "idx_fund_ticker",
      "idx_sdi_event_date",
      "idx_sdi_ticker",
      "ix_backtest_results_strategy_id",
      "ix_community_posts_author_id",
      "ix_community_posts_strategy_id",
      "ix_ml_models_owner_id",
      "ix_strategies_owner_id",
      "ix_users_email",
      "ml_models_pkey",
      "stocks_daily_info_pkey",
      "strategies_pkey",
      "users_pkey"
    ]
  }
}
---
{
  "workload_id": 2669,
  "metadata": {
    "strategy_template": "ML Hybrid Style",
    "ml_model_used": "Return Forecast Model"
  },
  "sql_query": "SELECT sdi.close_price, sdi.company_name, sdi.ma_20d, sdi.market_cap, sdi.momentum_12m, sdi.momentum_3m, sdi.rsi_14, sdi.ticker, sdi.volatility_20d FROM stocks_daily_info sdi WHERE sdi.market = 'KOSPI' AND sdi.market_cap >= 170800000000 AND sdi.event_date = DATE '2023-09-08' ORDER BY CASE sdi.ticker WHEN '000660.KS' THEN 1 WHEN '005930.KS' THEN 2 WHEN '068270.KQ' THEN 3 WHEN '207940.KS' THEN 4 WHEN '035420.KS' THEN 5 WHEN '005380.KS' THEN 6 WHEN '051910.KS' THEN 7 WHEN '012330.KS' THEN 8 WHEN '035720.KS' THEN 9 WHEN '105560.KS' THEN 10 ELSE 11 END LIMIT 33;",
  "baseline_execution_plan": {
    "Plan": {
      "Node Type": "Limit",
      "Parallel Aware": false,
      "Async Capable": false,
      "Startup Cost": 20.43,
      "Total Cost": 20.44,
      "Plan Rows": 1,
      "Plan Width": 68,
      "Plans": [
        {
          "Node Type": "Sort",
          "Parent Relationship": "Outer",
          "Parallel Aware": false,
          "Async Capable": false,
          "Startup Cost": 20.43,
          "Total Cost": 20.44,
          "Plan Rows": 1,
          "Plan Width": 68,
          "Sort Key": [
            "(CASE ticker WHEN '000660.KS'::text THEN 1 WHEN '005930.KS'::text THEN 2 WHEN '068270.KQ'::text THEN 3 WHEN '207940.KS'::text THEN 4 WHEN '035420.KS'::text THEN 5 WHEN '005380.KS'::text THEN 6 WHEN '051910.KS'::text THEN 7 WHEN '012330.KS'::text THEN 8 WHEN '035720.KS'::text THEN 9 WHEN '105560.KS'::text THEN 10 ELSE 11 END)"
          ],
          "Plans": [
            {
              "Node Type": "Bitmap Heap Scan",
              "Parent Relationship": "Outer",
              "Parallel Aware": false,
              "Async Capable": false,
              "Relation Name": "stocks_daily_info",
              "Alias": "sdi",
              "Startup Cost": 2.36,
              "Total Cost": 20.42,
              "Plan Rows": 1,
              "Plan Width": 68,
              "Recheck Cond": "(event_date = '2023-09-08'::date)",
              "Filter": "((market_cap >= '170800000000'::numeric) AND (market = 'KOSPI'::text))",
              "Plans": [
                {
                  "Node Type": "Bitmap Index Scan",
                  "Parent Relationship": "Outer",
                  "Parallel Aware": false,
                  "Async Capable": false,
                  "Index Name": "idx_sdi_event_date",
                  "Startup Cost": 0.0,
                  "Total Cost": 2.36,
                  "Plan Rows": 10,
                  "Plan Width": 0,
                  "Index Cond": "(event_date = '2023-09-08'::date)"
                }
              ]
            }
          ]
        }
      ]
    }
  },
  "db_statistics": {
    "table_stats": {
      "stocks_daily_info": {
        "row_count": 12700,
        "size_mb": 1.71
      },
      "fundamentals_daily": {
        "row_count": 12080,
        "size_mb": 2.33
      },
      "financials_quarterly": {
        "row_count": 8634,
        "size_mb": 0.8
      }
    },
    "existing_indexes": [
      "backtest_results_pkey",
      "community_posts_pkey",
      "financials_quarterly_pkey",
      "fundamentals_daily_pkey",
      "idx_finq_period_end",
      "idx_finq_ticker",
      "idx_fund_event_date",
      "idx_fund_ticker",
      "idx_sdi_event_date",
      "idx_sdi_ticker",
      "ix_backtest_results_strategy_id",
      "ix_community_posts_author_id",
      "ix_community_posts_strategy_id",
      "ix_ml_models_owner_id",
      "ix_strategies_owner_id",
      "ix_users_email",
      "ml_models_pkey",
      "stocks_daily_info_pkey",
      "strategies_pkey",
      "users_pkey"
    ]
  }
}
---
{
  "workload_id": 2670,
  "metadata": {
    "strategy_template": "ML Hybrid Style",
    "ml_model_used": null
  },
  "sql_query": "SELECT fd.bps, fd.dividend_yield, fd.eps, fd.pbr, fd.per, sdi.close_price, sdi.company_name, sdi.ma_20d, sdi.market_cap, sdi.momentum_12m, sdi.momentum_3m, sdi.rsi_14, sdi.ticker, sdi.volatility_20d FROM stocks_daily_info sdi LEFT JOIN fundamentals_daily fd ON fd.ticker = sdi.ticker AND fd.event_date = sdi.event_date WHERE sdi.market = 'KOSPI' AND sdi.market_cap >= 69700000000 AND sdi.event_date = DATE '2023-05-20' ORDER BY sdi.volatility_20d desc, fd.pbr desc LIMIT 15;",
  "baseline_execution_plan": {
    "Plan": {
      "Node Type": "Limit",
      "Parallel Aware": false,
      "Async Capable": false,
      "Startup Cost": 24.72,
      "Total Cost": 24.73,
      "Plan Rows": 1,
      "Plan Width": 105,
      "Plans": [
        {
          "Node Type": "Sort",
          "Parent Relationship": "Outer",
          "Parallel Aware": false,
          "Async Capable": false,
          "Startup Cost": 24.72,
          "Total Cost": 24.73,
          "Plan Rows": 1,
          "Plan Width": 105,
          "Sort Key": [
            "sdi.volatility_20d DESC",
            "fd.pbr DESC"
          ],
          "Plans": [
            {
              "Node Type": "Nested Loop",
              "Parent Relationship": "Outer",
              "Parallel Aware": false,
              "Async Capable": false,
              "Join Type": "Left",
              "Startup Cost": 2.65,
              "Total Cost": 24.71,
              "Plan Rows": 1,
              "Plan Width": 105,
              "Inner Unique": true,
              "Plans": [
                {
                  "Node Type": "Bitmap Heap Scan",
                  "Parent Relationship": "Outer",
                  "Parallel Aware": false,
                  "Async Capable": false,
                  "Relation Name": "stocks_daily_info",
                  "Alias": "sdi",
                  "Startup Cost": 2.36,
                  "Total Cost": 20.4,
                  "Plan Rows": 1,
                  "Plan Width": 68,
                  "Recheck Cond": "(event_date = '2023-05-20'::date)",
                  "Filter": "((market_cap >= '69700000000'::numeric) AND (market = 'KOSPI'::text))",
                  "Plans": [
                    {
                      "Node Type": "Bitmap Index Scan",
                      "Parent Relationship": "Outer",
                      "Parallel Aware": false,
                      "Async Capable": false,
                      "Index Name": "idx_sdi_event_date",
                      "Startup Cost": 0.0,
                      "Total Cost": 2.36,
                      "Plan Rows": 10,
                      "Plan Width": 0,
                      "Index Cond": "(event_date = '2023-05-20'::date)"
                    }
                  ]
                },
                {
                  "Node Type": "Index Scan",
                  "Parent Relationship": "Inner",
                  "Parallel Aware": false,
                  "Async Capable": false,
                  "Scan Direction": "Forward",
                  "Index Name": "fundamentals_daily_pkey",
                  "Relation Name": "fundamentals_daily",
                  "Alias": "fd",
                  "Startup Cost": 0.29,
                  "Total Cost": 4.3,
                  "Plan Rows": 1,
                  "Plan Width": 55,
                  "Index Cond": "((event_date = '2023-05-20'::date) AND (ticker = sdi.ticker))"
                }
              ]
            }
          ]
        }
      ]
    }
  },
  "db_statistics": {
    "table_stats": {
      "stocks_daily_info": {
        "row_count": 12700,
        "size_mb": 1.71
      },
      "fundamentals_daily": {
        "row_count": 12080,
        "size_mb": 2.33
      },
      "financials_quarterly": {
        "row_count": 8634,
        "size_mb": 0.8
      }
    },
    "existing_indexes": [
      "backtest_results_pkey",
      "community_posts_pkey",
      "financials_quarterly_pkey",
      "fundamentals_daily_pkey",
      "idx_finq_period_end",
      "idx_finq_ticker",
      "idx_fund_event_date",
      "idx_fund_ticker",
      "idx_sdi_event_date",
      "idx_sdi_ticker",
      "ix_backtest_results_strategy_id",
      "ix_community_posts_author_id",
      "ix_community_posts_strategy_id",
      "ix_ml_models_owner_id",
      "ix_strategies_owner_id",
      "ix_users_email",
      "ml_models_pkey",
      "stocks_daily_info_pkey",
      "strategies_pkey",
      "users_pkey"
    ]
  }
}
---
{
  "workload_id": 2671,
  "metadata": {
    "strategy_template": "ML Hybrid Style",
    "ml_model_used": "Return Forecast Model"
  },
  "sql_query": "SELECT fd.bps, fd.dividend_yield, fd.eps, fd.pbr, fd.per, sdi.close_price, sdi.company_name, sdi.ma_20d, sdi.market_cap, sdi.momentum_12m, sdi.momentum_3m, sdi.rsi_14, sdi.ticker, sdi.volatility_20d FROM stocks_daily_info sdi LEFT JOIN fundamentals_daily fd ON fd.ticker = sdi.ticker AND fd.event_date = sdi.event_date WHERE sdi.market = 'KOSPI' AND sdi.market_cap >= 177800000000 AND sdi.event_date = DATE '2023-08-09' ORDER BY CASE sdi.ticker WHEN '000660.KS' THEN 1 WHEN '005930.KS' THEN 2 WHEN '068270.KQ' THEN 3 WHEN '207940.KS' THEN 4 WHEN '035420.KS' THEN 5 WHEN '005380.KS' THEN 6 WHEN '051910.KS' THEN 7 WHEN '012330.KS' THEN 8 WHEN '035720.KS' THEN 9 WHEN '105560.KS' THEN 10 ELSE 11 END LIMIT 41;",
  "baseline_execution_plan": {
    "Plan": {
      "Node Type": "Limit",
      "Parallel Aware": false,
      "Async Capable": false,
      "Startup Cost": 24.75,
      "Total Cost": 24.75,
      "Plan Rows": 1,
      "Plan Width": 109,
      "Plans": [
        {
          "Node Type": "Sort",
          "Parent Relationship": "Outer",
          "Parallel Aware": false,
          "Async Capable": false,
          "Startup Cost": 24.75,
          "Total Cost": 24.75,
          "Plan Rows": 1,
          "Plan Width": 109,
          "Sort Key": [
            "(CASE sdi.ticker WHEN '000660.KS'::text THEN 1 WHEN '005930.KS'::text THEN 2 WHEN '068270.KQ'::text THEN 3 WHEN '207940.KS'::text THEN 4 WHEN '035420.KS'::text THEN 5 WHEN '005380.KS'::text THEN 6 WHEN '051910.KS'::text THEN 7 WHEN '012330.KS'::text THEN 8 WHEN '035720.KS'::text THEN 9 WHEN '105560.KS'::text THEN 10 ELSE 11 END)"
          ],
          "Plans": [
            {
              "Node Type": "Nested Loop",
              "Parent Relationship": "Outer",
              "Parallel Aware": false,
              "Async Capable": false,
              "Join Type": "Left",
              "Startup Cost": 2.65,
              "Total Cost": 24.74,
              "Plan Rows": 1,
              "Plan Width": 109,
              "Inner Unique": true,
              "Plans": [
                {
                  "Node Type": "Bitmap Heap Scan",
                  "Parent Relationship": "Outer",
                  "Parallel Aware": false,
                  "Async Capable": false,
                  "Relation Name": "stocks_daily_info",
                  "Alias": "sdi",
                  "Startup Cost": 2.36,
                  "Total Cost": 20.4,
                  "Plan Rows": 1,
                  "Plan Width": 68,
                  "Recheck Cond": "(event_date = '2023-08-09'::date)",
                  "Filter": "((market_cap >= '177800000000'::numeric) AND (market = 'KOSPI'::text))",
                  "Plans": [
                    {
                      "Node Type": "Bitmap Index Scan",
                      "Parent Relationship": "Outer",
                      "Parallel Aware": false,
                      "Async Capable": false,
                      "Index Name": "idx_sdi_event_date",
                      "Startup Cost": 0.0,
                      "Total Cost": 2.36,
                      "Plan Rows": 10,
                      "Plan Width": 0,
                      "Index Cond": "(event_date = '2023-08-09'::date)"
                    }
                  ]
                },
                {
                  "Node Type": "Index Scan",
                  "Parent Relationship": "Inner",
                  "Parallel Aware": false,
                  "Async Capable": false,
                  "Scan Direction": "Forward",
                  "Index Name": "fundamentals_daily_pkey",
                  "Relation Name": "fundamentals_daily",
                  "Alias": "fd",
                  "Startup Cost": 0.29,
                  "Total Cost": 4.3,
                  "Plan Rows": 1,
                  "Plan Width": 55,
                  "Index Cond": "((event_date = '2023-08-09'::date) AND (ticker = sdi.ticker))"
                }
              ]
            }
          ]
        }
      ]
    }
  },
  "db_statistics": {
    "table_stats": {
      "stocks_daily_info": {
        "row_count": 12700,
        "size_mb": 1.71
      },
      "fundamentals_daily": {
        "row_count": 12080,
        "size_mb": 2.33
      },
      "financials_quarterly": {
        "row_count": 8634,
        "size_mb": 0.8
      }
    },
    "existing_indexes": [
      "backtest_results_pkey",
      "community_posts_pkey",
      "financials_quarterly_pkey",
      "fundamentals_daily_pkey",
      "idx_finq_period_end",
      "idx_finq_ticker",
      "idx_fund_event_date",
      "idx_fund_ticker",
      "idx_sdi_event_date",
      "idx_sdi_ticker",
      "ix_backtest_results_strategy_id",
      "ix_community_posts_author_id",
      "ix_community_posts_strategy_id",
      "ix_ml_models_owner_id",
      "ix_strategies_owner_id",
      "ix_users_email",
      "ml_models_pkey",
      "stocks_daily_info_pkey",
      "strategies_pkey",
      "users_pkey"
    ]
  }
}
---
{
  "workload_id": 2672,
  "metadata": {
    "strategy_template": "ML Hybrid Style",
    "ml_model_used": "Return Forecast Model"
  },
  "sql_query": "SELECT sdi.close_price, sdi.company_name, sdi.ma_20d, sdi.market_cap, sdi.momentum_12m, sdi.momentum_3m, sdi.rsi_14, sdi.ticker, sdi.volatility_20d FROM stocks_daily_info sdi WHERE sdi.market = 'KOSDAQ' AND sdi.market_cap >= 92900000000 AND sdi.event_date = DATE '2023-06-08' ORDER BY CASE sdi.ticker WHEN '000660.KS' THEN 1 WHEN '005930.KS' THEN 2 WHEN '068270.KQ' THEN 3 WHEN '207940.KS' THEN 4 WHEN '035420.KS' THEN 5 WHEN '005380.KS' THEN 6 WHEN '051910.KS' THEN 7 WHEN '012330.KS' THEN 8 WHEN '035720.KS' THEN 9 WHEN '105560.KS' THEN 10 ELSE 11 END LIMIT 19;",
  "baseline_execution_plan": {
    "Plan": {
      "Node Type": "Limit",
      "Parallel Aware": false,
      "Async Capable": false,
      "Startup Cost": 20.43,
      "Total Cost": 20.44,
      "Plan Rows": 1,
      "Plan Width": 68,
      "Plans": [
        {
          "Node Type": "Sort",
          "Parent Relationship": "Outer",
          "Parallel Aware": false,
          "Async Capable": false,
          "Startup Cost": 20.43,
          "Total Cost": 20.44,
          "Plan Rows": 1,
          "Plan Width": 68,
          "Sort Key": [
            "(CASE ticker WHEN '000660.KS'::text THEN 1 WHEN '005930.KS'::text THEN 2 WHEN '068270.KQ'::text THEN 3 WHEN '207940.KS'::text THEN 4 WHEN '035420.KS'::text THEN 5 WHEN '005380.KS'::text THEN 6 WHEN '051910.KS'::text THEN 7 WHEN '012330.KS'::text THEN 8 WHEN '035720.KS'::text THEN 9 WHEN '105560.KS'::text THEN 10 ELSE 11 END)"
          ],
          "Plans": [
            {
              "Node Type": "Bitmap Heap Scan",
              "Parent Relationship": "Outer",
              "Parallel Aware": false,
              "Async Capable": false,
              "Relation Name": "stocks_daily_info",
              "Alias": "sdi",
              "Startup Cost": 2.36,
              "Total Cost": 20.42,
              "Plan Rows": 1,
              "Plan Width": 68,
              "Recheck Cond": "(event_date = '2023-06-08'::date)",
              "Filter": "((market_cap >= '92900000000'::numeric) AND (market = 'KOSDAQ'::text))",
              "Plans": [
                {
                  "Node Type": "Bitmap Index Scan",
                  "Parent Relationship": "Outer",
                  "Parallel Aware": false,
                  "Async Capable": false,
                  "Index Name": "idx_sdi_event_date",
                  "Startup Cost": 0.0,
                  "Total Cost": 2.36,
                  "Plan Rows": 10,
                  "Plan Width": 0,
                  "Index Cond": "(event_date = '2023-06-08'::date)"
                }
              ]
            }
          ]
        }
      ]
    }
  },
  "db_statistics": {
    "table_stats": {
      "stocks_daily_info": {
        "row_count": 12700,
        "size_mb": 1.71
      },
      "fundamentals_daily": {
        "row_count": 12080,
        "size_mb": 2.33
      },
      "financials_quarterly": {
        "row_count": 8634,
        "size_mb": 0.8
      }
    },
    "existing_indexes": [
      "backtest_results_pkey",
      "community_posts_pkey",
      "financials_quarterly_pkey",
      "fundamentals_daily_pkey",
      "idx_finq_period_end",
      "idx_finq_ticker",
      "idx_fund_event_date",
      "idx_fund_ticker",
      "idx_sdi_event_date",
      "idx_sdi_ticker",
      "ix_backtest_results_strategy_id",
      "ix_community_posts_author_id",
      "ix_community_posts_strategy_id",
      "ix_ml_models_owner_id",
      "ix_strategies_owner_id",
      "ix_users_email",
      "ml_models_pkey",
      "stocks_daily_info_pkey",
      "strategies_pkey",
      "users_pkey"
    ]
  }
}
---
{
  "workload_id": 2673,
  "metadata": {
    "strategy_template": "Value Investing Style",
    "ml_model_used": null
  },
  "sql_query": "SELECT ( SELECT COALESCE(SUM(value), 0) FROM ( SELECT value FROM financials_quarterly fq WHERE fq.ticker = sdi.ticker AND fq.item_name = 'OperatingIncome' AND fq.statement_type IN ('IS_Q','CF_Q') AND fq.period_end <= DATE '2023-08-07' ORDER BY fq.period_end DESC LIMIT 4 ) as recent_quarters ) AS ttm_operatingincome , fd.bps, fd.dividend_yield, fd.eps, fd.pbr, fd.per, sdi.close_price, sdi.company_name, sdi.ma_20d, sdi.market_cap, sdi.momentum_12m, sdi.momentum_3m, sdi.rsi_14, sdi.ticker, sdi.volatility_20d FROM stocks_daily_info sdi LEFT JOIN fundamentals_daily fd ON fd.ticker = sdi.ticker AND fd.event_date = sdi.event_date WHERE sdi.market = 'KOSPI' AND sdi.market_cap >= 210700000000 AND sdi.event_date = DATE '2023-08-07' ORDER BY fd.pbr desc, fd.per asc LIMIT 29;",
  "baseline_execution_plan": {
    "Plan": {
      "Node Type": "Limit",
      "Parallel Aware": false,
      "Async Capable": false,
      "Startup Cost": 24.72,
      "Total Cost": 29.02,
      "Plan Rows": 1,
      "Plan Width": 137,
      "Plans": [
        {
          "Node Type": "Result",
          "Parent Relationship": "Outer",
          "Parallel Aware": false,
          "Async Capable": false,
          "Startup Cost": 24.72,
          "Total Cost": 29.02,
          "Plan Rows": 1,
          "Plan Width": 137,
          "Plans": [
            {
              "Node Type": "Sort",
              "Parent Relationship": "Outer",
              "Parallel Aware": false,
              "Async Capable": false,
              "Startup Cost": 24.72,
              "Total Cost": 24.73,
              "Plan Rows": 1,
              "Plan Width": 105,
              "Sort Key": [
                "fd.pbr DESC",
                "fd.per"
              ],
              "Plans": [
                {
                  "Node Type": "Nested Loop",
                  "Parent Relationship": "Outer",
                  "Parallel Aware": false,
                  "Async Capable": false,
                  "Join Type": "Left",
                  "Startup Cost": 2.65,
                  "Total Cost": 24.71,
                  "Plan Rows": 1,
                  "Plan Width": 105,
                  "Inner Unique": true,
                  "Plans": [
                    {
                      "Node Type": "Bitmap Heap Scan",
                      "Parent Relationship": "Outer",
                      "Parallel Aware": false,
                      "Async Capable": false,
                      "Relation Name": "stocks_daily_info",
                      "Alias": "sdi",
                      "Startup Cost": 2.36,
                      "Total Cost": 20.4,
                      "Plan Rows": 1,
                      "Plan Width": 68,
                      "Recheck Cond": "(event_date = '2023-08-07'::date)",
                      "Filter": "((market_cap >= '210700000000'::numeric) AND (market = 'KOSPI'::text))",
                      "Plans": [
                        {
                          "Node Type": "Bitmap Index Scan",
                          "Parent Relationship": "Outer",
                          "Parallel Aware": false,
                          "Async Capable": false,
                          "Index Name": "idx_sdi_event_date",
                          "Startup Cost": 0.0,
                          "Total Cost": 2.36,
                          "Plan Rows": 10,
                          "Plan Width": 0,
                          "Index Cond": "(event_date = '2023-08-07'::date)"
                        }
                      ]
                    },
                    {
                      "Node Type": "Index Scan",
                      "Parent Relationship": "Inner",
                      "Parallel Aware": false,
                      "Async Capable": false,
                      "Scan Direction": "Forward",
                      "Index Name": "fundamentals_daily_pkey",
                      "Relation Name": "fundamentals_daily",
                      "Alias": "fd",
                      "Startup Cost": 0.29,
                      "Total Cost": 4.3,
                      "Plan Rows": 1,
                      "Plan Width": 55,
                      "Index Cond": "((event_date = '2023-08-07'::date) AND (ticker = sdi.ticker))"
                    }
                  ]
                }
              ]
            },
            {
              "Node Type": "Aggregate",
              "Strategy": "Plain",
              "Partial Mode": "Simple",
              "Parent Relationship": "SubPlan",
              "Subplan Name": "SubPlan 1",
              "Parallel Aware": false,
              "Async Capable": false,
              "Startup Cost": 4.27,
              "Total Cost": 4.28,
              "Plan Rows": 1,
              "Plan Width": 32,
              "Plans": [
                {
                  "Node Type": "Limit",
                  "Parent Relationship": "Outer",
                  "Parallel Aware": false,
                  "Async Capable": false,
                  "Startup Cost": 0.29,
                  "Total Cost": 4.25,
                  "Plan Rows": 1,
                  "Plan Width": 12,
                  "Plans": [
                    {
                      "Node Type": "Index Scan",
                      "Parent Relationship": "Outer",
                      "Parallel Aware": false,
                      "Async Capable": false,
                      "Scan Direction": "Backward",
                      "Index Name": "idx_finq_period_end",
                      "Relation Name": "financials_quarterly",
                      "Alias": "fq",
                      "Startup Cost": 0.29,
                      "Total Cost": 4.25,
                      "Plan Rows": 1,
                      "Plan Width": 12,
                      "Index Cond": "(period_end <= '2023-08-07'::date)",
                      "Filter": "((statement_type = ANY ('{IS_Q,CF_Q}'::text[])) AND (ticker = sdi.ticker) AND (item_name = 'OperatingIncome'::text))"
                    }
                  ]
                }
              ]
            }
          ]
        }
      ]
    }
  },
  "db_statistics": {
    "table_stats": {
      "stocks_daily_info": {
        "row_count": 12700,
        "size_mb": 1.71
      },
      "fundamentals_daily": {
        "row_count": 12080,
        "size_mb": 2.33
      },
      "financials_quarterly": {
        "row_count": 8634,
        "size_mb": 0.8
      }
    },
    "existing_indexes": [
      "backtest_results_pkey",
      "community_posts_pkey",
      "financials_quarterly_pkey",
      "fundamentals_daily_pkey",
      "idx_finq_period_end",
      "idx_finq_ticker",
      "idx_fund_event_date",
      "idx_fund_ticker",
      "idx_sdi_event_date",
      "idx_sdi_ticker",
      "ix_backtest_results_strategy_id",
      "ix_community_posts_author_id",
      "ix_community_posts_strategy_id",
      "ix_ml_models_owner_id",
      "ix_strategies_owner_id",
      "ix_users_email",
      "ml_models_pkey",
      "stocks_daily_info_pkey",
      "strategies_pkey",
      "users_pkey"
    ]
  }
}
---
{
  "workload_id": 2674,
  "metadata": {
    "strategy_template": "Value Investing Style",
    "ml_model_used": null
  },
  "sql_query": "SELECT ( SELECT COALESCE(SUM(value), 0) FROM ( SELECT value FROM financials_quarterly fq WHERE fq.ticker = sdi.ticker AND fq.item_name = 'OperatingCashFlow' AND fq.statement_type IN ('IS_Q','CF_Q') AND fq.period_end <= DATE '2023-07-01' ORDER BY fq.period_end DESC LIMIT 4 ) as recent_quarters ) AS ttm_operatingcashflow , fd.bps, fd.dividend_yield, fd.eps, fd.pbr, fd.per, sdi.close_price, sdi.company_name, sdi.ma_20d, sdi.market_cap, sdi.momentum_12m, sdi.momentum_3m, sdi.rsi_14, sdi.ticker, sdi.volatility_20d FROM stocks_daily_info sdi LEFT JOIN fundamentals_daily fd ON fd.ticker = sdi.ticker AND fd.event_date = sdi.event_date WHERE sdi.market = 'KOSPI' AND sdi.market_cap >= 403600000000 AND sdi.event_date = DATE '2023-07-01' ORDER BY fd.pbr desc, fd.per desc, fd.dividend_yield asc, fd.eps asc LIMIT 26;",
  "baseline_execution_plan": {
    "Plan": {
      "Node Type": "Limit",
      "Parallel Aware": false,
      "Async Capable": false,
      "Startup Cost": 24.72,
      "Total Cost": 29.02,
      "Plan Rows": 1,
      "Plan Width": 137,
      "Plans": [
        {
          "Node Type": "Result",
          "Parent Relationship": "Outer",
          "Parallel Aware": false,
          "Async Capable": false,
          "Startup Cost": 24.72,
          "Total Cost": 29.02,
          "Plan Rows": 1,
          "Plan Width": 137,
          "Plans": [
            {
              "Node Type": "Sort",
              "Parent Relationship": "Outer",
              "Parallel Aware": false,
              "Async Capable": false,
              "Startup Cost": 24.72,
              "Total Cost": 24.73,
              "Plan Rows": 1,
              "Plan Width": 105,
              "Sort Key": [
                "fd.pbr DESC",
                "fd.per DESC",
                "fd.dividend_yield",
                "fd.eps"
              ],
              "Plans": [
                {
                  "Node Type": "Nested Loop",
                  "Parent Relationship": "Outer",
                  "Parallel Aware": false,
                  "Async Capable": false,
                  "Join Type": "Left",
                  "Startup Cost": 2.65,
                  "Total Cost": 24.71,
                  "Plan Rows": 1,
                  "Plan Width": 105,
                  "Inner Unique": true,
                  "Plans": [
                    {
                      "Node Type": "Bitmap Heap Scan",
                      "Parent Relationship": "Outer",
                      "Parallel Aware": false,
                      "Async Capable": false,
                      "Relation Name": "stocks_daily_info",
                      "Alias": "sdi",
                      "Startup Cost": 2.36,
                      "Total Cost": 20.4,
                      "Plan Rows": 1,
                      "Plan Width": 68,
                      "Recheck Cond": "(event_date = '2023-07-01'::date)",
                      "Filter": "((market_cap >= '403600000000'::numeric) AND (market = 'KOSPI'::text))",
                      "Plans": [
                        {
                          "Node Type": "Bitmap Index Scan",
                          "Parent Relationship": "Outer",
                          "Parallel Aware": false,
                          "Async Capable": false,
                          "Index Name": "idx_sdi_event_date",
                          "Startup Cost": 0.0,
                          "Total Cost": 2.36,
                          "Plan Rows": 10,
                          "Plan Width": 0,
                          "Index Cond": "(event_date = '2023-07-01'::date)"
                        }
                      ]
                    },
                    {
                      "Node Type": "Index Scan",
                      "Parent Relationship": "Inner",
                      "Parallel Aware": false,
                      "Async Capable": false,
                      "Scan Direction": "Forward",
                      "Index Name": "fundamentals_daily_pkey",
                      "Relation Name": "fundamentals_daily",
                      "Alias": "fd",
                      "Startup Cost": 0.29,
                      "Total Cost": 4.3,
                      "Plan Rows": 1,
                      "Plan Width": 55,
                      "Index Cond": "((event_date = '2023-07-01'::date) AND (ticker = sdi.ticker))"
                    }
                  ]
                }
              ]
            },
            {
              "Node Type": "Aggregate",
              "Strategy": "Plain",
              "Partial Mode": "Simple",
              "Parent Relationship": "SubPlan",
              "Subplan Name": "SubPlan 1",
              "Parallel Aware": false,
              "Async Capable": false,
              "Startup Cost": 4.27,
              "Total Cost": 4.28,
              "Plan Rows": 1,
              "Plan Width": 32,
              "Plans": [
                {
                  "Node Type": "Limit",
                  "Parent Relationship": "Outer",
                  "Parallel Aware": false,
                  "Async Capable": false,
                  "Startup Cost": 0.29,
                  "Total Cost": 4.25,
                  "Plan Rows": 1,
                  "Plan Width": 12,
                  "Plans": [
                    {
                      "Node Type": "Index Scan",
                      "Parent Relationship": "Outer",
                      "Parallel Aware": false,
                      "Async Capable": false,
                      "Scan Direction": "Backward",
                      "Index Name": "idx_finq_period_end",
                      "Relation Name": "financials_quarterly",
                      "Alias": "fq",
                      "Startup Cost": 0.29,
                      "Total Cost": 4.25,
                      "Plan Rows": 1,
                      "Plan Width": 12,
                      "Index Cond": "(period_end <= '2023-07-01'::date)",
                      "Filter": "((statement_type = ANY ('{IS_Q,CF_Q}'::text[])) AND (ticker = sdi.ticker) AND (item_name = 'OperatingCashFlow'::text))"
                    }
                  ]
                }
              ]
            }
          ]
        }
      ]
    }
  },
  "db_statistics": {
    "table_stats": {
      "stocks_daily_info": {
        "row_count": 12700,
        "size_mb": 1.71
      },
      "fundamentals_daily": {
        "row_count": 12080,
        "size_mb": 2.33
      },
      "financials_quarterly": {
        "row_count": 8634,
        "size_mb": 0.8
      }
    },
    "existing_indexes": [
      "backtest_results_pkey",
      "community_posts_pkey",
      "financials_quarterly_pkey",
      "fundamentals_daily_pkey",
      "idx_finq_period_end",
      "idx_finq_ticker",
      "idx_fund_event_date",
      "idx_fund_ticker",
      "idx_sdi_event_date",
      "idx_sdi_ticker",
      "ix_backtest_results_strategy_id",
      "ix_community_posts_author_id",
      "ix_community_posts_strategy_id",
      "ix_ml_models_owner_id",
      "ix_strategies_owner_id",
      "ix_users_email",
      "ml_models_pkey",
      "stocks_daily_info_pkey",
      "strategies_pkey",
      "users_pkey"
    ]
  }
}
---
{
  "workload_id": 2675,
  "metadata": {
    "strategy_template": "Value Investing Style",
    "ml_model_used": null
  },
  "sql_query": "SELECT fd.bps, fd.dividend_yield, fd.eps, fd.pbr, fd.per, sdi.close_price, sdi.company_name, sdi.ma_20d, sdi.market_cap, sdi.momentum_12m, sdi.momentum_3m, sdi.rsi_14, sdi.ticker, sdi.volatility_20d FROM stocks_daily_info sdi LEFT JOIN fundamentals_daily fd ON fd.ticker = sdi.ticker AND fd.event_date = sdi.event_date WHERE sdi.market = 'KOSPI' AND sdi.market_cap >= 471700000000 AND sdi.event_date = DATE '2023-06-29' ORDER BY fd.pbr asc, fd.per asc, fd.dividend_yield asc, fd.eps asc LIMIT 47;",
  "baseline_execution_plan": {
    "Plan": {
      "Node Type": "Limit",
      "Parallel Aware": false,
      "Async Capable": false,
      "Startup Cost": 24.72,
      "Total Cost": 24.73,
      "Plan Rows": 1,
      "Plan Width": 105,
      "Plans": [
        {
          "Node Type": "Sort",
          "Parent Relationship": "Outer",
          "Parallel Aware": false,
          "Async Capable": false,
          "Startup Cost": 24.72,
          "Total Cost": 24.73,
          "Plan Rows": 1,
          "Plan Width": 105,
          "Sort Key": [
            "fd.pbr",
            "fd.per",
            "fd.dividend_yield",
            "fd.eps"
          ],
          "Plans": [
            {
              "Node Type": "Nested Loop",
              "Parent Relationship": "Outer",
              "Parallel Aware": false,
              "Async Capable": false,
              "Join Type": "Left",
              "Startup Cost": 2.65,
              "Total Cost": 24.71,
              "Plan Rows": 1,
              "Plan Width": 105,
              "Inner Unique": true,
              "Plans": [
                {
                  "Node Type": "Bitmap Heap Scan",
                  "Parent Relationship": "Outer",
                  "Parallel Aware": false,
                  "Async Capable": false,
                  "Relation Name": "stocks_daily_info",
                  "Alias": "sdi",
                  "Startup Cost": 2.36,
                  "Total Cost": 20.4,
                  "Plan Rows": 1,
                  "Plan Width": 68,
                  "Recheck Cond": "(event_date = '2023-06-29'::date)",
                  "Filter": "((market_cap >= '471700000000'::numeric) AND (market = 'KOSPI'::text))",
                  "Plans": [
                    {
                      "Node Type": "Bitmap Index Scan",
                      "Parent Relationship": "Outer",
                      "Parallel Aware": false,
                      "Async Capable": false,
                      "Index Name": "idx_sdi_event_date",
                      "Startup Cost": 0.0,
                      "Total Cost": 2.36,
                      "Plan Rows": 10,
                      "Plan Width": 0,
                      "Index Cond": "(event_date = '2023-06-29'::date)"
                    }
                  ]
                },
                {
                  "Node Type": "Index Scan",
                  "Parent Relationship": "Inner",
                  "Parallel Aware": false,
                  "Async Capable": false,
                  "Scan Direction": "Forward",
                  "Index Name": "fundamentals_daily_pkey",
                  "Relation Name": "fundamentals_daily",
                  "Alias": "fd",
                  "Startup Cost": 0.29,
                  "Total Cost": 4.3,
                  "Plan Rows": 1,
                  "Plan Width": 55,
                  "Index Cond": "((event_date = '2023-06-29'::date) AND (ticker = sdi.ticker))"
                }
              ]
            }
          ]
        }
      ]
    }
  },
  "db_statistics": {
    "table_stats": {
      "stocks_daily_info": {
        "row_count": 12700,
        "size_mb": 1.71
      },
      "fundamentals_daily": {
        "row_count": 12080,
        "size_mb": 2.33
      },
      "financials_quarterly": {
        "row_count": 8634,
        "size_mb": 0.8
      }
    },
    "existing_indexes": [
      "backtest_results_pkey",
      "community_posts_pkey",
      "financials_quarterly_pkey",
      "fundamentals_daily_pkey",
      "idx_finq_period_end",
      "idx_finq_ticker",
      "idx_fund_event_date",
      "idx_fund_ticker",
      "idx_sdi_event_date",
      "idx_sdi_ticker",
      "ix_backtest_results_strategy_id",
      "ix_community_posts_author_id",
      "ix_community_posts_strategy_id",
      "ix_ml_models_owner_id",
      "ix_strategies_owner_id",
      "ix_users_email",
      "ml_models_pkey",
      "stocks_daily_info_pkey",
      "strategies_pkey",
      "users_pkey"
    ]
  }
}
---
{
  "workload_id": 2676,
  "metadata": {
    "strategy_template": "Momentum Investing Style",
    "ml_model_used": null
  },
  "sql_query": "SELECT sdi.close_price, sdi.company_name, sdi.ma_20d, sdi.market_cap, sdi.momentum_12m, sdi.momentum_3m, sdi.rsi_14, sdi.ticker, sdi.volatility_20d FROM stocks_daily_info sdi WHERE sdi.market = 'KOSPI' AND sdi.market_cap >= 202500000000 AND sdi.event_date = DATE '2023-07-12' ORDER BY sdi.momentum_3m desc, sdi.momentum_12m asc LIMIT 29;",
  "baseline_execution_plan": {
    "Plan": {
      "Node Type": "Limit",
      "Parallel Aware": false,
      "Async Capable": false,
      "Startup Cost": 20.41,
      "Total Cost": 20.41,
      "Plan Rows": 1,
      "Plan Width": 64,
      "Plans": [
        {
          "Node Type": "Sort",
          "Parent Relationship": "Outer",
          "Parallel Aware": false,
          "Async Capable": false,
          "Startup Cost": 20.41,
          "Total Cost": 20.41,
          "Plan Rows": 1,
          "Plan Width": 64,
          "Sort Key": [
            "momentum_3m DESC",
            "momentum_12m"
          ],
          "Plans": [
            {
              "Node Type": "Bitmap Heap Scan",
              "Parent Relationship": "Outer",
              "Parallel Aware": false,
              "Async Capable": false,
              "Relation Name": "stocks_daily_info",
              "Alias": "sdi",
              "Startup Cost": 2.36,
              "Total Cost": 20.4,
              "Plan Rows": 1,
              "Plan Width": 64,
              "Recheck Cond": "(event_date = '2023-07-12'::date)",
              "Filter": "((market_cap >= '202500000000'::numeric) AND (market = 'KOSPI'::text))",
              "Plans": [
                {
                  "Node Type": "Bitmap Index Scan",
                  "Parent Relationship": "Outer",
                  "Parallel Aware": false,
                  "Async Capable": false,
                  "Index Name": "idx_sdi_event_date",
                  "Startup Cost": 0.0,
                  "Total Cost": 2.36,
                  "Plan Rows": 10,
                  "Plan Width": 0,
                  "Index Cond": "(event_date = '2023-07-12'::date)"
                }
              ]
            }
          ]
        }
      ]
    }
  },
  "db_statistics": {
    "table_stats": {
      "stocks_daily_info": {
        "row_count": 12700,
        "size_mb": 1.71
      },
      "fundamentals_daily": {
        "row_count": 12080,
        "size_mb": 2.33
      },
      "financials_quarterly": {
        "row_count": 8634,
        "size_mb": 0.8
      }
    },
    "existing_indexes": [
      "backtest_results_pkey",
      "community_posts_pkey",
      "financials_quarterly_pkey",
      "fundamentals_daily_pkey",
      "idx_finq_period_end",
      "idx_finq_ticker",
      "idx_fund_event_date",
      "idx_fund_ticker",
      "idx_sdi_event_date",
      "idx_sdi_ticker",
      "ix_backtest_results_strategy_id",
      "ix_community_posts_author_id",
      "ix_community_posts_strategy_id",
      "ix_ml_models_owner_id",
      "ix_strategies_owner_id",
      "ix_users_email",
      "ml_models_pkey",
      "stocks_daily_info_pkey",
      "strategies_pkey",
      "users_pkey"
    ]
  }
}
---
{
  "workload_id": 2677,
  "metadata": {
    "strategy_template": "Value Investing Style",
    "ml_model_used": null
  },
  "sql_query": "SELECT ( SELECT COALESCE(SUM(value), 0) FROM ( SELECT value FROM financials_quarterly fq WHERE fq.ticker = sdi.ticker AND fq.item_name = 'NetIncome' AND fq.statement_type IN ('IS_Q','CF_Q') AND fq.period_end <= DATE '2023-07-31' ORDER BY fq.period_end DESC LIMIT 4 ) as recent_quarters ) AS ttm_netincome , fd.bps, fd.dividend_yield, fd.eps, fd.pbr, fd.per, sdi.close_price, sdi.company_name, sdi.ma_20d, sdi.market_cap, sdi.momentum_12m, sdi.momentum_3m, sdi.rsi_14, sdi.ticker, sdi.volatility_20d FROM stocks_daily_info sdi LEFT JOIN fundamentals_daily fd ON fd.ticker = sdi.ticker AND fd.event_date = sdi.event_date WHERE sdi.market = 'KOSDAQ' AND sdi.market_cap >= 60400000000 AND sdi.event_date = DATE '2023-07-31' ORDER BY fd.pbr desc, fd.per asc, fd.dividend_yield asc LIMIT 40;",
  "baseline_execution_plan": {
    "Plan": {
      "Node Type": "Limit",
      "Parallel Aware": false,
      "Async Capable": false,
      "Startup Cost": 24.72,
      "Total Cost": 29.02,
      "Plan Rows": 1,
      "Plan Width": 137,
      "Plans": [
        {
          "Node Type": "Result",
          "Parent Relationship": "Outer",
          "Parallel Aware": false,
          "Async Capable": false,
          "Startup Cost": 24.72,
          "Total Cost": 29.02,
          "Plan Rows": 1,
          "Plan Width": 137,
          "Plans": [
            {
              "Node Type": "Sort",
              "Parent Relationship": "Outer",
              "Parallel Aware": false,
              "Async Capable": false,
              "Startup Cost": 24.72,
              "Total Cost": 24.73,
              "Plan Rows": 1,
              "Plan Width": 105,
              "Sort Key": [
                "fd.pbr DESC",
                "fd.per",
                "fd.dividend_yield"
              ],
              "Plans": [
                {
                  "Node Type": "Nested Loop",
                  "Parent Relationship": "Outer",
                  "Parallel Aware": false,
                  "Async Capable": false,
                  "Join Type": "Left",
                  "Startup Cost": 2.65,
                  "Total Cost": 24.71,
                  "Plan Rows": 1,
                  "Plan Width": 105,
                  "Inner Unique": true,
                  "Plans": [
                    {
                      "Node Type": "Bitmap Heap Scan",
                      "Parent Relationship": "Outer",
                      "Parallel Aware": false,
                      "Async Capable": false,
                      "Relation Name": "stocks_daily_info",
                      "Alias": "sdi",
                      "Startup Cost": 2.36,
                      "Total Cost": 20.4,
                      "Plan Rows": 1,
                      "Plan Width": 68,
                      "Recheck Cond": "(event_date = '2023-07-31'::date)",
                      "Filter": "((market_cap >= '60400000000'::numeric) AND (market = 'KOSDAQ'::text))",
                      "Plans": [
                        {
                          "Node Type": "Bitmap Index Scan",
                          "Parent Relationship": "Outer",
                          "Parallel Aware": false,
                          "Async Capable": false,
                          "Index Name": "idx_sdi_event_date",
                          "Startup Cost": 0.0,
                          "Total Cost": 2.36,
                          "Plan Rows": 10,
                          "Plan Width": 0,
                          "Index Cond": "(event_date = '2023-07-31'::date)"
                        }
                      ]
                    },
                    {
                      "Node Type": "Index Scan",
                      "Parent Relationship": "Inner",
                      "Parallel Aware": false,
                      "Async Capable": false,
                      "Scan Direction": "Forward",
                      "Index Name": "fundamentals_daily_pkey",
                      "Relation Name": "fundamentals_daily",
                      "Alias": "fd",
                      "Startup Cost": 0.29,
                      "Total Cost": 4.3,
                      "Plan Rows": 1,
                      "Plan Width": 55,
                      "Index Cond": "((event_date = '2023-07-31'::date) AND (ticker = sdi.ticker))"
                    }
                  ]
                }
              ]
            },
            {
              "Node Type": "Aggregate",
              "Strategy": "Plain",
              "Partial Mode": "Simple",
              "Parent Relationship": "SubPlan",
              "Subplan Name": "SubPlan 1",
              "Parallel Aware": false,
              "Async Capable": false,
              "Startup Cost": 4.27,
              "Total Cost": 4.28,
              "Plan Rows": 1,
              "Plan Width": 32,
              "Plans": [
                {
                  "Node Type": "Limit",
                  "Parent Relationship": "Outer",
                  "Parallel Aware": false,
                  "Async Capable": false,
                  "Startup Cost": 0.29,
                  "Total Cost": 4.25,
                  "Plan Rows": 1,
                  "Plan Width": 12,
                  "Plans": [
                    {
                      "Node Type": "Index Scan",
                      "Parent Relationship": "Outer",
                      "Parallel Aware": false,
                      "Async Capable": false,
                      "Scan Direction": "Backward",
                      "Index Name": "idx_finq_period_end",
                      "Relation Name": "financials_quarterly",
                      "Alias": "fq",
                      "Startup Cost": 0.29,
                      "Total Cost": 4.25,
                      "Plan Rows": 1,
                      "Plan Width": 12,
                      "Index Cond": "(period_end <= '2023-07-31'::date)",
                      "Filter": "((statement_type = ANY ('{IS_Q,CF_Q}'::text[])) AND (ticker = sdi.ticker) AND (item_name = 'NetIncome'::text))"
                    }
                  ]
                }
              ]
            }
          ]
        }
      ]
    }
  },
  "db_statistics": {
    "table_stats": {
      "stocks_daily_info": {
        "row_count": 12700,
        "size_mb": 1.71
      },
      "fundamentals_daily": {
        "row_count": 12080,
        "size_mb": 2.33
      },
      "financials_quarterly": {
        "row_count": 8634,
        "size_mb": 0.8
      }
    },
    "existing_indexes": [
      "backtest_results_pkey",
      "community_posts_pkey",
      "financials_quarterly_pkey",
      "fundamentals_daily_pkey",
      "idx_finq_period_end",
      "idx_finq_ticker",
      "idx_fund_event_date",
      "idx_fund_ticker",
      "idx_sdi_event_date",
      "idx_sdi_ticker",
      "ix_backtest_results_strategy_id",
      "ix_community_posts_author_id",
      "ix_community_posts_strategy_id",
      "ix_ml_models_owner_id",
      "ix_strategies_owner_id",
      "ix_users_email",
      "ml_models_pkey",
      "stocks_daily_info_pkey",
      "strategies_pkey",
      "users_pkey"
    ]
  }
}
---
{
  "workload_id": 2678,
  "metadata": {
    "strategy_template": "ML Hybrid Style",
    "ml_model_used": "Return Forecast Model"
  },
  "sql_query": "SELECT ( SELECT COALESCE(SUM(value), 0) FROM ( SELECT value FROM financials_quarterly fq WHERE fq.ticker = sdi.ticker AND fq.item_name = 'OperatingCashFlow' AND fq.statement_type IN ('IS_Q','CF_Q') AND fq.period_end <= DATE '2023-08-23' ORDER BY fq.period_end DESC LIMIT 4 ) as recent_quarters ) AS ttm_operatingcashflow , sdi.close_price, sdi.company_name, sdi.ma_20d, sdi.market_cap, sdi.momentum_12m, sdi.momentum_3m, sdi.rsi_14, sdi.ticker, sdi.volatility_20d FROM stocks_daily_info sdi WHERE sdi.market = 'KOSPI' AND sdi.market_cap >= 174300000000 AND sdi.event_date = DATE '2023-08-23' ORDER BY CASE sdi.ticker WHEN '000660.KS' THEN 1 WHEN '005930.KS' THEN 2 WHEN '068270.KQ' THEN 3 WHEN '207940.KS' THEN 4 WHEN '035420.KS' THEN 5 WHEN '005380.KS' THEN 6 WHEN '051910.KS' THEN 7 WHEN '012330.KS' THEN 8 WHEN '035720.KS' THEN 9 WHEN '105560.KS' THEN 10 ELSE 11 END LIMIT 21;",
  "baseline_execution_plan": {
    "Plan": {
      "Node Type": "Limit",
      "Parallel Aware": false,
      "Async Capable": false,
      "Startup Cost": 20.43,
      "Total Cost": 24.75,
      "Plan Rows": 1,
      "Plan Width": 100,
      "Plans": [
        {
          "Node Type": "Result",
          "Parent Relationship": "Outer",
          "Parallel Aware": false,
          "Async Capable": false,
          "Startup Cost": 20.43,
          "Total Cost": 24.75,
          "Plan Rows": 1,
          "Plan Width": 100,
          "Plans": [
            {
              "Node Type": "Sort",
              "Parent Relationship": "Outer",
              "Parallel Aware": false,
              "Async Capable": false,
              "Startup Cost": 20.43,
              "Total Cost": 20.44,
              "Plan Rows": 1,
              "Plan Width": 68,
              "Sort Key": [
                "(CASE sdi.ticker WHEN '000660.KS'::text THEN 1 WHEN '005930.KS'::text THEN 2 WHEN '068270.KQ'::text THEN 3 WHEN '207940.KS'::text THEN 4 WHEN '035420.KS'::text THEN 5 WHEN '005380.KS'::text THEN 6 WHEN '051910.KS'::text THEN 7 WHEN '012330.KS'::text THEN 8 WHEN '035720.KS'::text THEN 9 WHEN '105560.KS'::text THEN 10 ELSE 11 END)"
              ],
              "Plans": [
                {
                  "Node Type": "Bitmap Heap Scan",
                  "Parent Relationship": "Outer",
                  "Parallel Aware": false,
                  "Async Capable": false,
                  "Relation Name": "stocks_daily_info",
                  "Alias": "sdi",
                  "Startup Cost": 2.36,
                  "Total Cost": 20.42,
                  "Plan Rows": 1,
                  "Plan Width": 68,
                  "Recheck Cond": "(event_date = '2023-08-23'::date)",
                  "Filter": "((market_cap >= '174300000000'::numeric) AND (market = 'KOSPI'::text))",
                  "Plans": [
                    {
                      "Node Type": "Bitmap Index Scan",
                      "Parent Relationship": "Outer",
                      "Parallel Aware": false,
                      "Async Capable": false,
                      "Index Name": "idx_sdi_event_date",
                      "Startup Cost": 0.0,
                      "Total Cost": 2.36,
                      "Plan Rows": 10,
                      "Plan Width": 0,
                      "Index Cond": "(event_date = '2023-08-23'::date)"
                    }
                  ]
                }
              ]
            },
            {
              "Node Type": "Aggregate",
              "Strategy": "Plain",
              "Partial Mode": "Simple",
              "Parent Relationship": "SubPlan",
              "Subplan Name": "SubPlan 1",
              "Parallel Aware": false,
              "Async Capable": false,
              "Startup Cost": 4.27,
              "Total Cost": 4.28,
              "Plan Rows": 1,
              "Plan Width": 32,
              "Plans": [
                {
                  "Node Type": "Limit",
                  "Parent Relationship": "Outer",
                  "Parallel Aware": false,
                  "Async Capable": false,
                  "Startup Cost": 0.29,
                  "Total Cost": 4.25,
                  "Plan Rows": 1,
                  "Plan Width": 12,
                  "Plans": [
                    {
                      "Node Type": "Index Scan",
                      "Parent Relationship": "Outer",
                      "Parallel Aware": false,
                      "Async Capable": false,
                      "Scan Direction": "Backward",
                      "Index Name": "idx_finq_period_end",
                      "Relation Name": "financials_quarterly",
                      "Alias": "fq",
                      "Startup Cost": 0.29,
                      "Total Cost": 4.25,
                      "Plan Rows": 1,
                      "Plan Width": 12,
                      "Index Cond": "(period_end <= '2023-08-23'::date)",
                      "Filter": "((statement_type = ANY ('{IS_Q,CF_Q}'::text[])) AND (ticker = sdi.ticker) AND (item_name = 'OperatingCashFlow'::text))"
                    }
                  ]
                }
              ]
            }
          ]
        }
      ]
    }
  },
  "db_statistics": {
    "table_stats": {
      "stocks_daily_info": {
        "row_count": 12700,
        "size_mb": 1.71
      },
      "fundamentals_daily": {
        "row_count": 12080,
        "size_mb": 2.33
      },
      "financials_quarterly": {
        "row_count": 8634,
        "size_mb": 0.8
      }
    },
    "existing_indexes": [
      "backtest_results_pkey",
      "community_posts_pkey",
      "financials_quarterly_pkey",
      "fundamentals_daily_pkey",
      "idx_finq_period_end",
      "idx_finq_ticker",
      "idx_fund_event_date",
      "idx_fund_ticker",
      "idx_sdi_event_date",
      "idx_sdi_ticker",
      "ix_backtest_results_strategy_id",
      "ix_community_posts_author_id",
      "ix_community_posts_strategy_id",
      "ix_ml_models_owner_id",
      "ix_strategies_owner_id",
      "ix_users_email",
      "ml_models_pkey",
      "stocks_daily_info_pkey",
      "strategies_pkey",
      "users_pkey"
    ]
  }
}
---
{
  "workload_id": 2679,
  "metadata": {
    "strategy_template": "Momentum Investing Style",
    "ml_model_used": null
  },
  "sql_query": "SELECT ( SELECT COALESCE(SUM(value), 0) FROM ( SELECT value FROM financials_quarterly fq WHERE fq.ticker = sdi.ticker AND fq.item_name = 'NetIncome' AND fq.statement_type IN ('IS_Q','CF_Q') AND fq.period_end <= DATE '2023-05-07' ORDER BY fq.period_end DESC LIMIT 4 ) as recent_quarters ) AS ttm_netincome , sdi.close_price, sdi.company_name, sdi.ma_20d, sdi.market_cap, sdi.momentum_12m, sdi.momentum_3m, sdi.rsi_14, sdi.ticker, sdi.volatility_20d FROM stocks_daily_info sdi WHERE sdi.market = 'KOSPI' AND sdi.market_cap >= 363200000000 AND sdi.event_date = DATE '2023-05-07' ORDER BY sdi.momentum_3m desc, sdi.momentum_12m asc, sdi.rsi_14 desc LIMIT 12;",
  "baseline_execution_plan": {
    "Plan": {
      "Node Type": "Limit",
      "Parallel Aware": false,
      "Async Capable": false,
      "Startup Cost": 20.41,
      "Total Cost": 24.7,
      "Plan Rows": 1,
      "Plan Width": 96,
      "Plans": [
        {
          "Node Type": "Result",
          "Parent Relationship": "Outer",
          "Parallel Aware": false,
          "Async Capable": false,
          "Startup Cost": 20.41,
          "Total Cost": 24.7,
          "Plan Rows": 1,
          "Plan Width": 96,
          "Plans": [
            {
              "Node Type": "Sort",
              "Parent Relationship": "Outer",
              "Parallel Aware": false,
              "Async Capable": false,
              "Startup Cost": 20.41,
              "Total Cost": 20.41,
              "Plan Rows": 1,
              "Plan Width": 64,
              "Sort Key": [
                "sdi.momentum_3m DESC",
                "sdi.momentum_12m",
                "sdi.rsi_14 DESC"
              ],
              "Plans": [
                {
                  "Node Type": "Bitmap Heap Scan",
                  "Parent Relationship": "Outer",
                  "Parallel Aware": false,
                  "Async Capable": false,
                  "Relation Name": "stocks_daily_info",
                  "Alias": "sdi",
                  "Startup Cost": 2.36,
                  "Total Cost": 20.4,
                  "Plan Rows": 1,
                  "Plan Width": 64,
                  "Recheck Cond": "(event_date = '2023-05-07'::date)",
                  "Filter": "((market_cap >= '363200000000'::numeric) AND (market = 'KOSPI'::text))",
                  "Plans": [
                    {
                      "Node Type": "Bitmap Index Scan",
                      "Parent Relationship": "Outer",
                      "Parallel Aware": false,
                      "Async Capable": false,
                      "Index Name": "idx_sdi_event_date",
                      "Startup Cost": 0.0,
                      "Total Cost": 2.36,
                      "Plan Rows": 10,
                      "Plan Width": 0,
                      "Index Cond": "(event_date = '2023-05-07'::date)"
                    }
                  ]
                }
              ]
            },
            {
              "Node Type": "Aggregate",
              "Strategy": "Plain",
              "Partial Mode": "Simple",
              "Parent Relationship": "SubPlan",
              "Subplan Name": "SubPlan 1",
              "Parallel Aware": false,
              "Async Capable": false,
              "Startup Cost": 4.27,
              "Total Cost": 4.28,
              "Plan Rows": 1,
              "Plan Width": 32,
              "Plans": [
                {
                  "Node Type": "Limit",
                  "Parent Relationship": "Outer",
                  "Parallel Aware": false,
                  "Async Capable": false,
                  "Startup Cost": 0.29,
                  "Total Cost": 4.25,
                  "Plan Rows": 1,
                  "Plan Width": 12,
                  "Plans": [
                    {
                      "Node Type": "Index Scan",
                      "Parent Relationship": "Outer",
                      "Parallel Aware": false,
                      "Async Capable": false,
                      "Scan Direction": "Backward",
                      "Index Name": "idx_finq_period_end",
                      "Relation Name": "financials_quarterly",
                      "Alias": "fq",
                      "Startup Cost": 0.29,
                      "Total Cost": 4.25,
                      "Plan Rows": 1,
                      "Plan Width": 12,
                      "Index Cond": "(period_end <= '2023-05-07'::date)",
                      "Filter": "((statement_type = ANY ('{IS_Q,CF_Q}'::text[])) AND (ticker = sdi.ticker) AND (item_name = 'NetIncome'::text))"
                    }
                  ]
                }
              ]
            }
          ]
        }
      ]
    }
  },
  "db_statistics": {
    "table_stats": {
      "stocks_daily_info": {
        "row_count": 12700,
        "size_mb": 1.71
      },
      "fundamentals_daily": {
        "row_count": 12080,
        "size_mb": 2.33
      },
      "financials_quarterly": {
        "row_count": 8634,
        "size_mb": 0.8
      }
    },
    "existing_indexes": [
      "backtest_results_pkey",
      "community_posts_pkey",
      "financials_quarterly_pkey",
      "fundamentals_daily_pkey",
      "idx_finq_period_end",
      "idx_finq_ticker",
      "idx_fund_event_date",
      "idx_fund_ticker",
      "idx_sdi_event_date",
      "idx_sdi_ticker",
      "ix_backtest_results_strategy_id",
      "ix_community_posts_author_id",
      "ix_community_posts_strategy_id",
      "ix_ml_models_owner_id",
      "ix_strategies_owner_id",
      "ix_users_email",
      "ml_models_pkey",
      "stocks_daily_info_pkey",
      "strategies_pkey",
      "users_pkey"
    ]
  }
}
---
{
  "workload_id": 2680,
  "metadata": {
    "strategy_template": "ML Hybrid Style",
    "ml_model_used": "Return Forecast Model"
  },
  "sql_query": "SELECT sdi.close_price, sdi.company_name, sdi.ma_20d, sdi.market_cap, sdi.momentum_12m, sdi.momentum_3m, sdi.rsi_14, sdi.ticker, sdi.volatility_20d FROM stocks_daily_info sdi WHERE sdi.market = 'KOSDAQ' AND sdi.market_cap >= 75400000000 AND sdi.event_date = DATE '2023-10-20' ORDER BY CASE sdi.ticker WHEN '000660.KS' THEN 1 WHEN '005930.KS' THEN 2 WHEN '068270.KQ' THEN 3 WHEN '207940.KS' THEN 4 WHEN '035420.KS' THEN 5 WHEN '005380.KS' THEN 6 WHEN '051910.KS' THEN 7 WHEN '012330.KS' THEN 8 WHEN '035720.KS' THEN 9 WHEN '105560.KS' THEN 10 ELSE 11 END LIMIT 22;",
  "baseline_execution_plan": {
    "Plan": {
      "Node Type": "Limit",
      "Parallel Aware": false,
      "Async Capable": false,
      "Startup Cost": 20.43,
      "Total Cost": 20.44,
      "Plan Rows": 1,
      "Plan Width": 68,
      "Plans": [
        {
          "Node Type": "Sort",
          "Parent Relationship": "Outer",
          "Parallel Aware": false,
          "Async Capable": false,
          "Startup Cost": 20.43,
          "Total Cost": 20.44,
          "Plan Rows": 1,
          "Plan Width": 68,
          "Sort Key": [
            "(CASE ticker WHEN '000660.KS'::text THEN 1 WHEN '005930.KS'::text THEN 2 WHEN '068270.KQ'::text THEN 3 WHEN '207940.KS'::text THEN 4 WHEN '035420.KS'::text THEN 5 WHEN '005380.KS'::text THEN 6 WHEN '051910.KS'::text THEN 7 WHEN '012330.KS'::text THEN 8 WHEN '035720.KS'::text THEN 9 WHEN '105560.KS'::text THEN 10 ELSE 11 END)"
          ],
          "Plans": [
            {
              "Node Type": "Bitmap Heap Scan",
              "Parent Relationship": "Outer",
              "Parallel Aware": false,
              "Async Capable": false,
              "Relation Name": "stocks_daily_info",
              "Alias": "sdi",
              "Startup Cost": 2.36,
              "Total Cost": 20.42,
              "Plan Rows": 1,
              "Plan Width": 68,
              "Recheck Cond": "(event_date = '2023-10-20'::date)",
              "Filter": "((market_cap >= '75400000000'::numeric) AND (market = 'KOSDAQ'::text))",
              "Plans": [
                {
                  "Node Type": "Bitmap Index Scan",
                  "Parent Relationship": "Outer",
                  "Parallel Aware": false,
                  "Async Capable": false,
                  "Index Name": "idx_sdi_event_date",
                  "Startup Cost": 0.0,
                  "Total Cost": 2.36,
                  "Plan Rows": 10,
                  "Plan Width": 0,
                  "Index Cond": "(event_date = '2023-10-20'::date)"
                }
              ]
            }
          ]
        }
      ]
    }
  },
  "db_statistics": {
    "table_stats": {
      "stocks_daily_info": {
        "row_count": 12700,
        "size_mb": 1.71
      },
      "fundamentals_daily": {
        "row_count": 12080,
        "size_mb": 2.33
      },
      "financials_quarterly": {
        "row_count": 8634,
        "size_mb": 0.8
      }
    },
    "existing_indexes": [
      "backtest_results_pkey",
      "community_posts_pkey",
      "financials_quarterly_pkey",
      "fundamentals_daily_pkey",
      "idx_finq_period_end",
      "idx_finq_ticker",
      "idx_fund_event_date",
      "idx_fund_ticker",
      "idx_sdi_event_date",
      "idx_sdi_ticker",
      "ix_backtest_results_strategy_id",
      "ix_community_posts_author_id",
      "ix_community_posts_strategy_id",
      "ix_ml_models_owner_id",
      "ix_strategies_owner_id",
      "ix_users_email",
      "ml_models_pkey",
      "stocks_daily_info_pkey",
      "strategies_pkey",
      "users_pkey"
    ]
  }
}
---
{
  "workload_id": 2681,
  "metadata": {
    "strategy_template": "ML Hybrid Style",
    "ml_model_used": null
  },
  "sql_query": "SELECT ( SELECT COALESCE(SUM(value), 0) FROM ( SELECT value FROM financials_quarterly fq WHERE fq.ticker = sdi.ticker AND fq.item_name = 'OperatingCashFlow' AND fq.statement_type IN ('IS_Q','CF_Q') AND fq.period_end <= DATE '2023-06-17' ORDER BY fq.period_end DESC LIMIT 4 ) as recent_quarters ) AS ttm_operatingcashflow , sdi.close_price, sdi.company_name, sdi.ma_20d, sdi.market_cap, sdi.momentum_12m, sdi.momentum_3m, sdi.rsi_14, sdi.ticker, sdi.volatility_20d FROM stocks_daily_info sdi WHERE sdi.market = 'KOSDAQ' AND sdi.market_cap >= 347600000000 AND sdi.event_date = DATE '2023-06-17' ORDER BY sdi.momentum_3m desc LIMIT 31;",
  "baseline_execution_plan": {
    "Plan": {
      "Node Type": "Limit",
      "Parallel Aware": false,
      "Async Capable": false,
      "Startup Cost": 20.41,
      "Total Cost": 24.7,
      "Plan Rows": 1,
      "Plan Width": 96,
      "Plans": [
        {
          "Node Type": "Result",
          "Parent Relationship": "Outer",
          "Parallel Aware": false,
          "Async Capable": false,
          "Startup Cost": 20.41,
          "Total Cost": 24.7,
          "Plan Rows": 1,
          "Plan Width": 96,
          "Plans": [
            {
              "Node Type": "Sort",
              "Parent Relationship": "Outer",
              "Parallel Aware": false,
              "Async Capable": false,
              "Startup Cost": 20.41,
              "Total Cost": 20.41,
              "Plan Rows": 1,
              "Plan Width": 64,
              "Sort Key": [
                "sdi.momentum_3m DESC"
              ],
              "Plans": [
                {
                  "Node Type": "Bitmap Heap Scan",
                  "Parent Relationship": "Outer",
                  "Parallel Aware": false,
                  "Async Capable": false,
                  "Relation Name": "stocks_daily_info",
                  "Alias": "sdi",
                  "Startup Cost": 2.36,
                  "Total Cost": 20.4,
                  "Plan Rows": 1,
                  "Plan Width": 64,
                  "Recheck Cond": "(event_date = '2023-06-17'::date)",
                  "Filter": "((market_cap >= '347600000000'::numeric) AND (market = 'KOSDAQ'::text))",
                  "Plans": [
                    {
                      "Node Type": "Bitmap Index Scan",
                      "Parent Relationship": "Outer",
                      "Parallel Aware": false,
                      "Async Capable": false,
                      "Index Name": "idx_sdi_event_date",
                      "Startup Cost": 0.0,
                      "Total Cost": 2.36,
                      "Plan Rows": 10,
                      "Plan Width": 0,
                      "Index Cond": "(event_date = '2023-06-17'::date)"
                    }
                  ]
                }
              ]
            },
            {
              "Node Type": "Aggregate",
              "Strategy": "Plain",
              "Partial Mode": "Simple",
              "Parent Relationship": "SubPlan",
              "Subplan Name": "SubPlan 1",
              "Parallel Aware": false,
              "Async Capable": false,
              "Startup Cost": 4.27,
              "Total Cost": 4.28,
              "Plan Rows": 1,
              "Plan Width": 32,
              "Plans": [
                {
                  "Node Type": "Limit",
                  "Parent Relationship": "Outer",
                  "Parallel Aware": false,
                  "Async Capable": false,
                  "Startup Cost": 0.29,
                  "Total Cost": 4.25,
                  "Plan Rows": 1,
                  "Plan Width": 12,
                  "Plans": [
                    {
                      "Node Type": "Index Scan",
                      "Parent Relationship": "Outer",
                      "Parallel Aware": false,
                      "Async Capable": false,
                      "Scan Direction": "Backward",
                      "Index Name": "idx_finq_period_end",
                      "Relation Name": "financials_quarterly",
                      "Alias": "fq",
                      "Startup Cost": 0.29,
                      "Total Cost": 4.25,
                      "Plan Rows": 1,
                      "Plan Width": 12,
                      "Index Cond": "(period_end <= '2023-06-17'::date)",
                      "Filter": "((statement_type = ANY ('{IS_Q,CF_Q}'::text[])) AND (ticker = sdi.ticker) AND (item_name = 'OperatingCashFlow'::text))"
                    }
                  ]
                }
              ]
            }
          ]
        }
      ]
    }
  },
  "db_statistics": {
    "table_stats": {
      "stocks_daily_info": {
        "row_count": 12700,
        "size_mb": 1.71
      },
      "fundamentals_daily": {
        "row_count": 12080,
        "size_mb": 2.33
      },
      "financials_quarterly": {
        "row_count": 8634,
        "size_mb": 0.8
      }
    },
    "existing_indexes": [
      "backtest_results_pkey",
      "community_posts_pkey",
      "financials_quarterly_pkey",
      "fundamentals_daily_pkey",
      "idx_finq_period_end",
      "idx_finq_ticker",
      "idx_fund_event_date",
      "idx_fund_ticker",
      "idx_sdi_event_date",
      "idx_sdi_ticker",
      "ix_backtest_results_strategy_id",
      "ix_community_posts_author_id",
      "ix_community_posts_strategy_id",
      "ix_ml_models_owner_id",
      "ix_strategies_owner_id",
      "ix_users_email",
      "ml_models_pkey",
      "stocks_daily_info_pkey",
      "strategies_pkey",
      "users_pkey"
    ]
  }
}
---
{
  "workload_id": 2682,
  "metadata": {
    "strategy_template": "ML Hybrid Style",
    "ml_model_used": "Return Forecast Model"
  },
  "sql_query": "SELECT fd.bps, fd.dividend_yield, fd.eps, fd.pbr, fd.per, sdi.close_price, sdi.company_name, sdi.ma_20d, sdi.market_cap, sdi.momentum_12m, sdi.momentum_3m, sdi.rsi_14, sdi.ticker, sdi.volatility_20d FROM stocks_daily_info sdi LEFT JOIN fundamentals_daily fd ON fd.ticker = sdi.ticker AND fd.event_date = sdi.event_date WHERE sdi.market = 'KOSPI' AND sdi.market_cap >= 391000000000 AND sdi.event_date = DATE '2023-05-12' ORDER BY CASE sdi.ticker WHEN '000660.KS' THEN 1 WHEN '005930.KS' THEN 2 WHEN '068270.KQ' THEN 3 WHEN '207940.KS' THEN 4 WHEN '035420.KS' THEN 5 WHEN '005380.KS' THEN 6 WHEN '051910.KS' THEN 7 WHEN '012330.KS' THEN 8 WHEN '035720.KS' THEN 9 WHEN '105560.KS' THEN 10 ELSE 11 END LIMIT 24;",
  "baseline_execution_plan": {
    "Plan": {
      "Node Type": "Limit",
      "Parallel Aware": false,
      "Async Capable": false,
      "Startup Cost": 24.75,
      "Total Cost": 24.75,
      "Plan Rows": 1,
      "Plan Width": 109,
      "Plans": [
        {
          "Node Type": "Sort",
          "Parent Relationship": "Outer",
          "Parallel Aware": false,
          "Async Capable": false,
          "Startup Cost": 24.75,
          "Total Cost": 24.75,
          "Plan Rows": 1,
          "Plan Width": 109,
          "Sort Key": [
            "(CASE sdi.ticker WHEN '000660.KS'::text THEN 1 WHEN '005930.KS'::text THEN 2 WHEN '068270.KQ'::text THEN 3 WHEN '207940.KS'::text THEN 4 WHEN '035420.KS'::text THEN 5 WHEN '005380.KS'::text THEN 6 WHEN '051910.KS'::text THEN 7 WHEN '012330.KS'::text THEN 8 WHEN '035720.KS'::text THEN 9 WHEN '105560.KS'::text THEN 10 ELSE 11 END)"
          ],
          "Plans": [
            {
              "Node Type": "Nested Loop",
              "Parent Relationship": "Outer",
              "Parallel Aware": false,
              "Async Capable": false,
              "Join Type": "Left",
              "Startup Cost": 2.65,
              "Total Cost": 24.74,
              "Plan Rows": 1,
              "Plan Width": 109,
              "Inner Unique": true,
              "Plans": [
                {
                  "Node Type": "Bitmap Heap Scan",
                  "Parent Relationship": "Outer",
                  "Parallel Aware": false,
                  "Async Capable": false,
                  "Relation Name": "stocks_daily_info",
                  "Alias": "sdi",
                  "Startup Cost": 2.36,
                  "Total Cost": 20.4,
                  "Plan Rows": 1,
                  "Plan Width": 68,
                  "Recheck Cond": "(event_date = '2023-05-12'::date)",
                  "Filter": "((market_cap >= '391000000000'::numeric) AND (market = 'KOSPI'::text))",
                  "Plans": [
                    {
                      "Node Type": "Bitmap Index Scan",
                      "Parent Relationship": "Outer",
                      "Parallel Aware": false,
                      "Async Capable": false,
                      "Index Name": "idx_sdi_event_date",
                      "Startup Cost": 0.0,
                      "Total Cost": 2.36,
                      "Plan Rows": 10,
                      "Plan Width": 0,
                      "Index Cond": "(event_date = '2023-05-12'::date)"
                    }
                  ]
                },
                {
                  "Node Type": "Index Scan",
                  "Parent Relationship": "Inner",
                  "Parallel Aware": false,
                  "Async Capable": false,
                  "Scan Direction": "Forward",
                  "Index Name": "fundamentals_daily_pkey",
                  "Relation Name": "fundamentals_daily",
                  "Alias": "fd",
                  "Startup Cost": 0.29,
                  "Total Cost": 4.3,
                  "Plan Rows": 1,
                  "Plan Width": 55,
                  "Index Cond": "((event_date = '2023-05-12'::date) AND (ticker = sdi.ticker))"
                }
              ]
            }
          ]
        }
      ]
    }
  },
  "db_statistics": {
    "table_stats": {
      "stocks_daily_info": {
        "row_count": 12700,
        "size_mb": 1.71
      },
      "fundamentals_daily": {
        "row_count": 12080,
        "size_mb": 2.33
      },
      "financials_quarterly": {
        "row_count": 8634,
        "size_mb": 0.8
      }
    },
    "existing_indexes": [
      "backtest_results_pkey",
      "community_posts_pkey",
      "financials_quarterly_pkey",
      "fundamentals_daily_pkey",
      "idx_finq_period_end",
      "idx_finq_ticker",
      "idx_fund_event_date",
      "idx_fund_ticker",
      "idx_sdi_event_date",
      "idx_sdi_ticker",
      "ix_backtest_results_strategy_id",
      "ix_community_posts_author_id",
      "ix_community_posts_strategy_id",
      "ix_ml_models_owner_id",
      "ix_strategies_owner_id",
      "ix_users_email",
      "ml_models_pkey",
      "stocks_daily_info_pkey",
      "strategies_pkey",
      "users_pkey"
    ]
  }
}
---
{
  "workload_id": 2683,
  "metadata": {
    "strategy_template": "ML Hybrid Style",
    "ml_model_used": "Return Forecast Model"
  },
  "sql_query": "SELECT ( SELECT COALESCE(SUM(value), 0) FROM ( SELECT value FROM financials_quarterly fq WHERE fq.ticker = sdi.ticker AND fq.item_name = 'OperatingIncome' AND fq.statement_type IN ('IS_Q','CF_Q') AND fq.period_end <= DATE '2023-07-19' ORDER BY fq.period_end DESC LIMIT 4 ) as recent_quarters ) AS ttm_operatingincome , sdi.close_price, sdi.company_name, sdi.ma_20d, sdi.market_cap, sdi.momentum_12m, sdi.momentum_3m, sdi.rsi_14, sdi.ticker, sdi.volatility_20d FROM stocks_daily_info sdi WHERE sdi.market = 'KOSDAQ' AND sdi.market_cap >= 192900000000 AND sdi.event_date = DATE '2023-07-19' ORDER BY CASE sdi.ticker WHEN '000660.KS' THEN 1 WHEN '005930.KS' THEN 2 WHEN '068270.KQ' THEN 3 WHEN '207940.KS' THEN 4 WHEN '035420.KS' THEN 5 WHEN '005380.KS' THEN 6 WHEN '051910.KS' THEN 7 WHEN '012330.KS' THEN 8 WHEN '035720.KS' THEN 9 WHEN '105560.KS' THEN 10 ELSE 11 END LIMIT 14;",
  "baseline_execution_plan": {
    "Plan": {
      "Node Type": "Limit",
      "Parallel Aware": false,
      "Async Capable": false,
      "Startup Cost": 20.43,
      "Total Cost": 24.75,
      "Plan Rows": 1,
      "Plan Width": 100,
      "Plans": [
        {
          "Node Type": "Result",
          "Parent Relationship": "Outer",
          "Parallel Aware": false,
          "Async Capable": false,
          "Startup Cost": 20.43,
          "Total Cost": 24.75,
          "Plan Rows": 1,
          "Plan Width": 100,
          "Plans": [
            {
              "Node Type": "Sort",
              "Parent Relationship": "Outer",
              "Parallel Aware": false,
              "Async Capable": false,
              "Startup Cost": 20.43,
              "Total Cost": 20.44,
              "Plan Rows": 1,
              "Plan Width": 68,
              "Sort Key": [
                "(CASE sdi.ticker WHEN '000660.KS'::text THEN 1 WHEN '005930.KS'::text THEN 2 WHEN '068270.KQ'::text THEN 3 WHEN '207940.KS'::text THEN 4 WHEN '035420.KS'::text THEN 5 WHEN '005380.KS'::text THEN 6 WHEN '051910.KS'::text THEN 7 WHEN '012330.KS'::text THEN 8 WHEN '035720.KS'::text THEN 9 WHEN '105560.KS'::text THEN 10 ELSE 11 END)"
              ],
              "Plans": [
                {
                  "Node Type": "Bitmap Heap Scan",
                  "Parent Relationship": "Outer",
                  "Parallel Aware": false,
                  "Async Capable": false,
                  "Relation Name": "stocks_daily_info",
                  "Alias": "sdi",
                  "Startup Cost": 2.36,
                  "Total Cost": 20.42,
                  "Plan Rows": 1,
                  "Plan Width": 68,
                  "Recheck Cond": "(event_date = '2023-07-19'::date)",
                  "Filter": "((market_cap >= '192900000000'::numeric) AND (market = 'KOSDAQ'::text))",
                  "Plans": [
                    {
                      "Node Type": "Bitmap Index Scan",
                      "Parent Relationship": "Outer",
                      "Parallel Aware": false,
                      "Async Capable": false,
                      "Index Name": "idx_sdi_event_date",
                      "Startup Cost": 0.0,
                      "Total Cost": 2.36,
                      "Plan Rows": 10,
                      "Plan Width": 0,
                      "Index Cond": "(event_date = '2023-07-19'::date)"
                    }
                  ]
                }
              ]
            },
            {
              "Node Type": "Aggregate",
              "Strategy": "Plain",
              "Partial Mode": "Simple",
              "Parent Relationship": "SubPlan",
              "Subplan Name": "SubPlan 1",
              "Parallel Aware": false,
              "Async Capable": false,
              "Startup Cost": 4.27,
              "Total Cost": 4.28,
              "Plan Rows": 1,
              "Plan Width": 32,
              "Plans": [
                {
                  "Node Type": "Limit",
                  "Parent Relationship": "Outer",
                  "Parallel Aware": false,
                  "Async Capable": false,
                  "Startup Cost": 0.29,
                  "Total Cost": 4.25,
                  "Plan Rows": 1,
                  "Plan Width": 12,
                  "Plans": [
                    {
                      "Node Type": "Index Scan",
                      "Parent Relationship": "Outer",
                      "Parallel Aware": false,
                      "Async Capable": false,
                      "Scan Direction": "Backward",
                      "Index Name": "idx_finq_period_end",
                      "Relation Name": "financials_quarterly",
                      "Alias": "fq",
                      "Startup Cost": 0.29,
                      "Total Cost": 4.25,
                      "Plan Rows": 1,
                      "Plan Width": 12,
                      "Index Cond": "(period_end <= '2023-07-19'::date)",
                      "Filter": "((statement_type = ANY ('{IS_Q,CF_Q}'::text[])) AND (ticker = sdi.ticker) AND (item_name = 'OperatingIncome'::text))"
                    }
                  ]
                }
              ]
            }
          ]
        }
      ]
    }
  },
  "db_statistics": {
    "table_stats": {
      "stocks_daily_info": {
        "row_count": 12700,
        "size_mb": 1.71
      },
      "fundamentals_daily": {
        "row_count": 12080,
        "size_mb": 2.33
      },
      "financials_quarterly": {
        "row_count": 8634,
        "size_mb": 0.8
      }
    },
    "existing_indexes": [
      "backtest_results_pkey",
      "community_posts_pkey",
      "financials_quarterly_pkey",
      "fundamentals_daily_pkey",
      "idx_finq_period_end",
      "idx_finq_ticker",
      "idx_fund_event_date",
      "idx_fund_ticker",
      "idx_sdi_event_date",
      "idx_sdi_ticker",
      "ix_backtest_results_strategy_id",
      "ix_community_posts_author_id",
      "ix_community_posts_strategy_id",
      "ix_ml_models_owner_id",
      "ix_strategies_owner_id",
      "ix_users_email",
      "ml_models_pkey",
      "stocks_daily_info_pkey",
      "strategies_pkey",
      "users_pkey"
    ]
  }
}
---
{
  "workload_id": 2684,
  "metadata": {
    "strategy_template": "ML Hybrid Style",
    "ml_model_used": "Return Forecast Model"
  },
  "sql_query": "SELECT ( SELECT COALESCE(SUM(value), 0) FROM ( SELECT value FROM financials_quarterly fq WHERE fq.ticker = sdi.ticker AND fq.item_name = 'OperatingCashFlow' AND fq.statement_type IN ('IS_Q','CF_Q') AND fq.period_end <= DATE '2023-08-24' ORDER BY fq.period_end DESC LIMIT 4 ) as recent_quarters ) AS ttm_operatingcashflow , fd.bps, fd.dividend_yield, fd.eps, fd.pbr, fd.per, sdi.close_price, sdi.company_name, sdi.ma_20d, sdi.market_cap, sdi.momentum_12m, sdi.momentum_3m, sdi.rsi_14, sdi.ticker, sdi.volatility_20d FROM stocks_daily_info sdi LEFT JOIN fundamentals_daily fd ON fd.ticker = sdi.ticker AND fd.event_date = sdi.event_date WHERE sdi.market = 'KOSPI' AND sdi.market_cap >= 497500000000 AND sdi.event_date = DATE '2023-08-24' ORDER BY CASE sdi.ticker WHEN '000660.KS' THEN 1 WHEN '005930.KS' THEN 2 WHEN '068270.KQ' THEN 3 WHEN '207940.KS' THEN 4 WHEN '035420.KS' THEN 5 WHEN '005380.KS' THEN 6 WHEN '051910.KS' THEN 7 WHEN '012330.KS' THEN 8 WHEN '035720.KS' THEN 9 WHEN '105560.KS' THEN 10 ELSE 11 END LIMIT 29;",
  "baseline_execution_plan": {
    "Plan": {
      "Node Type": "Limit",
      "Parallel Aware": false,
      "Async Capable": false,
      "Startup Cost": 24.75,
      "Total Cost": 29.07,
      "Plan Rows": 1,
      "Plan Width": 141,
      "Plans": [
        {
          "Node Type": "Result",
          "Parent Relationship": "Outer",
          "Parallel Aware": false,
          "Async Capable": false,
          "Startup Cost": 24.75,
          "Total Cost": 29.07,
          "Plan Rows": 1,
          "Plan Width": 141,
          "Plans": [
            {
              "Node Type": "Sort",
              "Parent Relationship": "Outer",
              "Parallel Aware": false,
              "Async Capable": false,
              "Startup Cost": 24.75,
              "Total Cost": 24.75,
              "Plan Rows": 1,
              "Plan Width": 109,
              "Sort Key": [
                "(CASE sdi.ticker WHEN '000660.KS'::text THEN 1 WHEN '005930.KS'::text THEN 2 WHEN '068270.KQ'::text THEN 3 WHEN '207940.KS'::text THEN 4 WHEN '035420.KS'::text THEN 5 WHEN '005380.KS'::text THEN 6 WHEN '051910.KS'::text THEN 7 WHEN '012330.KS'::text THEN 8 WHEN '035720.KS'::text THEN 9 WHEN '105560.KS'::text THEN 10 ELSE 11 END)"
              ],
              "Plans": [
                {
                  "Node Type": "Nested Loop",
                  "Parent Relationship": "Outer",
                  "Parallel Aware": false,
                  "Async Capable": false,
                  "Join Type": "Left",
                  "Startup Cost": 2.65,
                  "Total Cost": 24.74,
                  "Plan Rows": 1,
                  "Plan Width": 109,
                  "Inner Unique": true,
                  "Plans": [
                    {
                      "Node Type": "Bitmap Heap Scan",
                      "Parent Relationship": "Outer",
                      "Parallel Aware": false,
                      "Async Capable": false,
                      "Relation Name": "stocks_daily_info",
                      "Alias": "sdi",
                      "Startup Cost": 2.36,
                      "Total Cost": 20.4,
                      "Plan Rows": 1,
                      "Plan Width": 68,
                      "Recheck Cond": "(event_date = '2023-08-24'::date)",
                      "Filter": "((market_cap >= '497500000000'::numeric) AND (market = 'KOSPI'::text))",
                      "Plans": [
                        {
                          "Node Type": "Bitmap Index Scan",
                          "Parent Relationship": "Outer",
                          "Parallel Aware": false,
                          "Async Capable": false,
                          "Index Name": "idx_sdi_event_date",
                          "Startup Cost": 0.0,
                          "Total Cost": 2.36,
                          "Plan Rows": 10,
                          "Plan Width": 0,
                          "Index Cond": "(event_date = '2023-08-24'::date)"
                        }
                      ]
                    },
                    {
                      "Node Type": "Index Scan",
                      "Parent Relationship": "Inner",
                      "Parallel Aware": false,
                      "Async Capable": false,
                      "Scan Direction": "Forward",
                      "Index Name": "fundamentals_daily_pkey",
                      "Relation Name": "fundamentals_daily",
                      "Alias": "fd",
                      "Startup Cost": 0.29,
                      "Total Cost": 4.3,
                      "Plan Rows": 1,
                      "Plan Width": 55,
                      "Index Cond": "((event_date = '2023-08-24'::date) AND (ticker = sdi.ticker))"
                    }
                  ]
                }
              ]
            },
            {
              "Node Type": "Aggregate",
              "Strategy": "Plain",
              "Partial Mode": "Simple",
              "Parent Relationship": "SubPlan",
              "Subplan Name": "SubPlan 1",
              "Parallel Aware": false,
              "Async Capable": false,
              "Startup Cost": 4.27,
              "Total Cost": 4.28,
              "Plan Rows": 1,
              "Plan Width": 32,
              "Plans": [
                {
                  "Node Type": "Limit",
                  "Parent Relationship": "Outer",
                  "Parallel Aware": false,
                  "Async Capable": false,
                  "Startup Cost": 0.29,
                  "Total Cost": 4.25,
                  "Plan Rows": 1,
                  "Plan Width": 12,
                  "Plans": [
                    {
                      "Node Type": "Index Scan",
                      "Parent Relationship": "Outer",
                      "Parallel Aware": false,
                      "Async Capable": false,
                      "Scan Direction": "Backward",
                      "Index Name": "idx_finq_period_end",
                      "Relation Name": "financials_quarterly",
                      "Alias": "fq",
                      "Startup Cost": 0.29,
                      "Total Cost": 4.25,
                      "Plan Rows": 1,
                      "Plan Width": 12,
                      "Index Cond": "(period_end <= '2023-08-24'::date)",
                      "Filter": "((statement_type = ANY ('{IS_Q,CF_Q}'::text[])) AND (ticker = sdi.ticker) AND (item_name = 'OperatingCashFlow'::text))"
                    }
                  ]
                }
              ]
            }
          ]
        }
      ]
    }
  },
  "db_statistics": {
    "table_stats": {
      "stocks_daily_info": {
        "row_count": 12700,
        "size_mb": 1.71
      },
      "fundamentals_daily": {
        "row_count": 12080,
        "size_mb": 2.33
      },
      "financials_quarterly": {
        "row_count": 8634,
        "size_mb": 0.8
      }
    },
    "existing_indexes": [
      "backtest_results_pkey",
      "community_posts_pkey",
      "financials_quarterly_pkey",
      "fundamentals_daily_pkey",
      "idx_finq_period_end",
      "idx_finq_ticker",
      "idx_fund_event_date",
      "idx_fund_ticker",
      "idx_sdi_event_date",
      "idx_sdi_ticker",
      "ix_backtest_results_strategy_id",
      "ix_community_posts_author_id",
      "ix_community_posts_strategy_id",
      "ix_ml_models_owner_id",
      "ix_strategies_owner_id",
      "ix_users_email",
      "ml_models_pkey",
      "stocks_daily_info_pkey",
      "strategies_pkey",
      "users_pkey"
    ]
  }
}
---
{
  "workload_id": 2685,
  "metadata": {
    "strategy_template": "ML Hybrid Style",
    "ml_model_used": "Return Forecast Model"
  },
  "sql_query": "SELECT sdi.close_price, sdi.company_name, sdi.ma_20d, sdi.market_cap, sdi.momentum_12m, sdi.momentum_3m, sdi.rsi_14, sdi.ticker, sdi.volatility_20d FROM stocks_daily_info sdi WHERE sdi.market = 'KOSPI' AND sdi.market_cap >= 140600000000 AND sdi.event_date = DATE '2023-10-13' ORDER BY CASE sdi.ticker WHEN '000660.KS' THEN 1 WHEN '005930.KS' THEN 2 WHEN '068270.KQ' THEN 3 WHEN '207940.KS' THEN 4 WHEN '035420.KS' THEN 5 WHEN '005380.KS' THEN 6 WHEN '051910.KS' THEN 7 WHEN '012330.KS' THEN 8 WHEN '035720.KS' THEN 9 WHEN '105560.KS' THEN 10 ELSE 11 END LIMIT 27;",
  "baseline_execution_plan": {
    "Plan": {
      "Node Type": "Limit",
      "Parallel Aware": false,
      "Async Capable": false,
      "Startup Cost": 20.43,
      "Total Cost": 20.44,
      "Plan Rows": 1,
      "Plan Width": 68,
      "Plans": [
        {
          "Node Type": "Sort",
          "Parent Relationship": "Outer",
          "Parallel Aware": false,
          "Async Capable": false,
          "Startup Cost": 20.43,
          "Total Cost": 20.44,
          "Plan Rows": 1,
          "Plan Width": 68,
          "Sort Key": [
            "(CASE ticker WHEN '000660.KS'::text THEN 1 WHEN '005930.KS'::text THEN 2 WHEN '068270.KQ'::text THEN 3 WHEN '207940.KS'::text THEN 4 WHEN '035420.KS'::text THEN 5 WHEN '005380.KS'::text THEN 6 WHEN '051910.KS'::text THEN 7 WHEN '012330.KS'::text THEN 8 WHEN '035720.KS'::text THEN 9 WHEN '105560.KS'::text THEN 10 ELSE 11 END)"
          ],
          "Plans": [
            {
              "Node Type": "Bitmap Heap Scan",
              "Parent Relationship": "Outer",
              "Parallel Aware": false,
              "Async Capable": false,
              "Relation Name": "stocks_daily_info",
              "Alias": "sdi",
              "Startup Cost": 2.36,
              "Total Cost": 20.42,
              "Plan Rows": 1,
              "Plan Width": 68,
              "Recheck Cond": "(event_date = '2023-10-13'::date)",
              "Filter": "((market_cap >= '140600000000'::numeric) AND (market = 'KOSPI'::text))",
              "Plans": [
                {
                  "Node Type": "Bitmap Index Scan",
                  "Parent Relationship": "Outer",
                  "Parallel Aware": false,
                  "Async Capable": false,
                  "Index Name": "idx_sdi_event_date",
                  "Startup Cost": 0.0,
                  "Total Cost": 2.36,
                  "Plan Rows": 10,
                  "Plan Width": 0,
                  "Index Cond": "(event_date = '2023-10-13'::date)"
                }
              ]
            }
          ]
        }
      ]
    }
  },
  "db_statistics": {
    "table_stats": {
      "stocks_daily_info": {
        "row_count": 12700,
        "size_mb": 1.71
      },
      "fundamentals_daily": {
        "row_count": 12080,
        "size_mb": 2.33
      },
      "financials_quarterly": {
        "row_count": 8634,
        "size_mb": 0.8
      }
    },
    "existing_indexes": [
      "backtest_results_pkey",
      "community_posts_pkey",
      "financials_quarterly_pkey",
      "fundamentals_daily_pkey",
      "idx_finq_period_end",
      "idx_finq_ticker",
      "idx_fund_event_date",
      "idx_fund_ticker",
      "idx_sdi_event_date",
      "idx_sdi_ticker",
      "ix_backtest_results_strategy_id",
      "ix_community_posts_author_id",
      "ix_community_posts_strategy_id",
      "ix_ml_models_owner_id",
      "ix_strategies_owner_id",
      "ix_users_email",
      "ml_models_pkey",
      "stocks_daily_info_pkey",
      "strategies_pkey",
      "users_pkey"
    ]
  }
}
---
{
  "workload_id": 2686,
  "metadata": {
    "strategy_template": "Momentum Investing Style",
    "ml_model_used": null
  },
  "sql_query": "SELECT sdi.close_price, sdi.company_name, sdi.ma_20d, sdi.market_cap, sdi.momentum_12m, sdi.momentum_3m, sdi.rsi_14, sdi.ticker, sdi.volatility_20d FROM stocks_daily_info sdi WHERE sdi.market = 'KOSPI' AND sdi.market_cap >= 191600000000 AND sdi.event_date = DATE '2023-07-26' ORDER BY sdi.momentum_3m asc, sdi.momentum_12m asc, sdi.volatility_20d desc, sdi.rsi_14 asc LIMIT 45;",
  "baseline_execution_plan": {
    "Plan": {
      "Node Type": "Limit",
      "Parallel Aware": false,
      "Async Capable": false,
      "Startup Cost": 20.41,
      "Total Cost": 20.41,
      "Plan Rows": 1,
      "Plan Width": 64,
      "Plans": [
        {
          "Node Type": "Sort",
          "Parent Relationship": "Outer",
          "Parallel Aware": false,
          "Async Capable": false,
          "Startup Cost": 20.41,
          "Total Cost": 20.41,
          "Plan Rows": 1,
          "Plan Width": 64,
          "Sort Key": [
            "momentum_3m",
            "momentum_12m",
            "volatility_20d DESC",
            "rsi_14"
          ],
          "Plans": [
            {
              "Node Type": "Bitmap Heap Scan",
              "Parent Relationship": "Outer",
              "Parallel Aware": false,
              "Async Capable": false,
              "Relation Name": "stocks_daily_info",
              "Alias": "sdi",
              "Startup Cost": 2.36,
              "Total Cost": 20.4,
              "Plan Rows": 1,
              "Plan Width": 64,
              "Recheck Cond": "(event_date = '2023-07-26'::date)",
              "Filter": "((market_cap >= '191600000000'::numeric) AND (market = 'KOSPI'::text))",
              "Plans": [
                {
                  "Node Type": "Bitmap Index Scan",
                  "Parent Relationship": "Outer",
                  "Parallel Aware": false,
                  "Async Capable": false,
                  "Index Name": "idx_sdi_event_date",
                  "Startup Cost": 0.0,
                  "Total Cost": 2.36,
                  "Plan Rows": 10,
                  "Plan Width": 0,
                  "Index Cond": "(event_date = '2023-07-26'::date)"
                }
              ]
            }
          ]
        }
      ]
    }
  },
  "db_statistics": {
    "table_stats": {
      "stocks_daily_info": {
        "row_count": 12700,
        "size_mb": 1.71
      },
      "fundamentals_daily": {
        "row_count": 12080,
        "size_mb": 2.33
      },
      "financials_quarterly": {
        "row_count": 8634,
        "size_mb": 0.8
      }
    },
    "existing_indexes": [
      "backtest_results_pkey",
      "community_posts_pkey",
      "financials_quarterly_pkey",
      "fundamentals_daily_pkey",
      "idx_finq_period_end",
      "idx_finq_ticker",
      "idx_fund_event_date",
      "idx_fund_ticker",
      "idx_sdi_event_date",
      "idx_sdi_ticker",
      "ix_backtest_results_strategy_id",
      "ix_community_posts_author_id",
      "ix_community_posts_strategy_id",
      "ix_ml_models_owner_id",
      "ix_strategies_owner_id",
      "ix_users_email",
      "ml_models_pkey",
      "stocks_daily_info_pkey",
      "strategies_pkey",
      "users_pkey"
    ]
  }
}
---
{
  "workload_id": 2687,
  "metadata": {
    "strategy_template": "ML Hybrid Style",
    "ml_model_used": null
  },
  "sql_query": "SELECT fd.bps, fd.dividend_yield, fd.eps, fd.pbr, fd.per, sdi.close_price, sdi.company_name, sdi.ma_20d, sdi.market_cap, sdi.momentum_12m, sdi.momentum_3m, sdi.rsi_14, sdi.ticker, sdi.volatility_20d FROM stocks_daily_info sdi LEFT JOIN fundamentals_daily fd ON fd.ticker = sdi.ticker AND fd.event_date = sdi.event_date WHERE sdi.market = 'KOSPI' AND sdi.market_cap >= 51500000000 AND sdi.event_date = DATE '2023-09-28' ORDER BY fd.pbr desc LIMIT 11;",
  "baseline_execution_plan": {
    "Plan": {
      "Node Type": "Limit",
      "Parallel Aware": false,
      "Async Capable": false,
      "Startup Cost": 24.72,
      "Total Cost": 24.73,
      "Plan Rows": 1,
      "Plan Width": 105,
      "Plans": [
        {
          "Node Type": "Sort",
          "Parent Relationship": "Outer",
          "Parallel Aware": false,
          "Async Capable": false,
          "Startup Cost": 24.72,
          "Total Cost": 24.73,
          "Plan Rows": 1,
          "Plan Width": 105,
          "Sort Key": [
            "fd.pbr DESC"
          ],
          "Plans": [
            {
              "Node Type": "Nested Loop",
              "Parent Relationship": "Outer",
              "Parallel Aware": false,
              "Async Capable": false,
              "Join Type": "Left",
              "Startup Cost": 2.65,
              "Total Cost": 24.71,
              "Plan Rows": 1,
              "Plan Width": 105,
              "Inner Unique": true,
              "Plans": [
                {
                  "Node Type": "Bitmap Heap Scan",
                  "Parent Relationship": "Outer",
                  "Parallel Aware": false,
                  "Async Capable": false,
                  "Relation Name": "stocks_daily_info",
                  "Alias": "sdi",
                  "Startup Cost": 2.36,
                  "Total Cost": 20.4,
                  "Plan Rows": 1,
                  "Plan Width": 68,
                  "Recheck Cond": "(event_date = '2023-09-28'::date)",
                  "Filter": "((market_cap >= '51500000000'::numeric) AND (market = 'KOSPI'::text))",
                  "Plans": [
                    {
                      "Node Type": "Bitmap Index Scan",
                      "Parent Relationship": "Outer",
                      "Parallel Aware": false,
                      "Async Capable": false,
                      "Index Name": "idx_sdi_event_date",
                      "Startup Cost": 0.0,
                      "Total Cost": 2.36,
                      "Plan Rows": 10,
                      "Plan Width": 0,
                      "Index Cond": "(event_date = '2023-09-28'::date)"
                    }
                  ]
                },
                {
                  "Node Type": "Index Scan",
                  "Parent Relationship": "Inner",
                  "Parallel Aware": false,
                  "Async Capable": false,
                  "Scan Direction": "Forward",
                  "Index Name": "fundamentals_daily_pkey",
                  "Relation Name": "fundamentals_daily",
                  "Alias": "fd",
                  "Startup Cost": 0.29,
                  "Total Cost": 4.3,
                  "Plan Rows": 1,
                  "Plan Width": 55,
                  "Index Cond": "((event_date = '2023-09-28'::date) AND (ticker = sdi.ticker))"
                }
              ]
            }
          ]
        }
      ]
    }
  },
  "db_statistics": {
    "table_stats": {
      "stocks_daily_info": {
        "row_count": 12700,
        "size_mb": 1.71
      },
      "fundamentals_daily": {
        "row_count": 12080,
        "size_mb": 2.33
      },
      "financials_quarterly": {
        "row_count": 8634,
        "size_mb": 0.8
      }
    },
    "existing_indexes": [
      "backtest_results_pkey",
      "community_posts_pkey",
      "financials_quarterly_pkey",
      "fundamentals_daily_pkey",
      "idx_finq_period_end",
      "idx_finq_ticker",
      "idx_fund_event_date",
      "idx_fund_ticker",
      "idx_sdi_event_date",
      "idx_sdi_ticker",
      "ix_backtest_results_strategy_id",
      "ix_community_posts_author_id",
      "ix_community_posts_strategy_id",
      "ix_ml_models_owner_id",
      "ix_strategies_owner_id",
      "ix_users_email",
      "ml_models_pkey",
      "stocks_daily_info_pkey",
      "strategies_pkey",
      "users_pkey"
    ]
  }
}
---
{
  "workload_id": 2688,
  "metadata": {
    "strategy_template": "ML Hybrid Style",
    "ml_model_used": "Return Forecast Model"
  },
  "sql_query": "SELECT sdi.close_price, sdi.company_name, sdi.ma_20d, sdi.market_cap, sdi.momentum_12m, sdi.momentum_3m, sdi.rsi_14, sdi.ticker, sdi.volatility_20d FROM stocks_daily_info sdi WHERE sdi.market = 'KOSDAQ' AND sdi.market_cap >= 270400000000 AND sdi.event_date = DATE '2023-08-29' ORDER BY CASE sdi.ticker WHEN '000660.KS' THEN 1 WHEN '005930.KS' THEN 2 WHEN '068270.KQ' THEN 3 WHEN '207940.KS' THEN 4 WHEN '035420.KS' THEN 5 WHEN '005380.KS' THEN 6 WHEN '051910.KS' THEN 7 WHEN '012330.KS' THEN 8 WHEN '035720.KS' THEN 9 WHEN '105560.KS' THEN 10 ELSE 11 END LIMIT 37;",
  "baseline_execution_plan": {
    "Plan": {
      "Node Type": "Limit",
      "Parallel Aware": false,
      "Async Capable": false,
      "Startup Cost": 20.43,
      "Total Cost": 20.44,
      "Plan Rows": 1,
      "Plan Width": 68,
      "Plans": [
        {
          "Node Type": "Sort",
          "Parent Relationship": "Outer",
          "Parallel Aware": false,
          "Async Capable": false,
          "Startup Cost": 20.43,
          "Total Cost": 20.44,
          "Plan Rows": 1,
          "Plan Width": 68,
          "Sort Key": [
            "(CASE ticker WHEN '000660.KS'::text THEN 1 WHEN '005930.KS'::text THEN 2 WHEN '068270.KQ'::text THEN 3 WHEN '207940.KS'::text THEN 4 WHEN '035420.KS'::text THEN 5 WHEN '005380.KS'::text THEN 6 WHEN '051910.KS'::text THEN 7 WHEN '012330.KS'::text THEN 8 WHEN '035720.KS'::text THEN 9 WHEN '105560.KS'::text THEN 10 ELSE 11 END)"
          ],
          "Plans": [
            {
              "Node Type": "Bitmap Heap Scan",
              "Parent Relationship": "Outer",
              "Parallel Aware": false,
              "Async Capable": false,
              "Relation Name": "stocks_daily_info",
              "Alias": "sdi",
              "Startup Cost": 2.36,
              "Total Cost": 20.42,
              "Plan Rows": 1,
              "Plan Width": 68,
              "Recheck Cond": "(event_date = '2023-08-29'::date)",
              "Filter": "((market_cap >= '270400000000'::numeric) AND (market = 'KOSDAQ'::text))",
              "Plans": [
                {
                  "Node Type": "Bitmap Index Scan",
                  "Parent Relationship": "Outer",
                  "Parallel Aware": false,
                  "Async Capable": false,
                  "Index Name": "idx_sdi_event_date",
                  "Startup Cost": 0.0,
                  "Total Cost": 2.36,
                  "Plan Rows": 10,
                  "Plan Width": 0,
                  "Index Cond": "(event_date = '2023-08-29'::date)"
                }
              ]
            }
          ]
        }
      ]
    }
  },
  "db_statistics": {
    "table_stats": {
      "stocks_daily_info": {
        "row_count": 12700,
        "size_mb": 1.71
      },
      "fundamentals_daily": {
        "row_count": 12080,
        "size_mb": 2.33
      },
      "financials_quarterly": {
        "row_count": 8634,
        "size_mb": 0.8
      }
    },
    "existing_indexes": [
      "backtest_results_pkey",
      "community_posts_pkey",
      "financials_quarterly_pkey",
      "fundamentals_daily_pkey",
      "idx_finq_period_end",
      "idx_finq_ticker",
      "idx_fund_event_date",
      "idx_fund_ticker",
      "idx_sdi_event_date",
      "idx_sdi_ticker",
      "ix_backtest_results_strategy_id",
      "ix_community_posts_author_id",
      "ix_community_posts_strategy_id",
      "ix_ml_models_owner_id",
      "ix_strategies_owner_id",
      "ix_users_email",
      "ml_models_pkey",
      "stocks_daily_info_pkey",
      "strategies_pkey",
      "users_pkey"
    ]
  }
}
---
{
  "workload_id": 2689,
  "metadata": {
    "strategy_template": "Momentum Investing Style",
    "ml_model_used": null
  },
  "sql_query": "SELECT ( SELECT COALESCE(SUM(value), 0) FROM ( SELECT value FROM financials_quarterly fq WHERE fq.ticker = sdi.ticker AND fq.item_name = 'NetIncome' AND fq.statement_type IN ('IS_Q','CF_Q') AND fq.period_end <= DATE '2023-10-13' ORDER BY fq.period_end DESC LIMIT 4 ) as recent_quarters ) AS ttm_netincome , sdi.close_price, sdi.company_name, sdi.ma_20d, sdi.market_cap, sdi.momentum_12m, sdi.momentum_3m, sdi.rsi_14, sdi.ticker, sdi.volatility_20d FROM stocks_daily_info sdi WHERE sdi.market = 'KOSDAQ' AND sdi.market_cap >= 380600000000 AND sdi.event_date = DATE '2023-10-13' ORDER BY sdi.momentum_3m asc, sdi.momentum_12m asc, sdi.volatility_20d desc LIMIT 35;",
  "baseline_execution_plan": {
    "Plan": {
      "Node Type": "Limit",
      "Parallel Aware": false,
      "Async Capable": false,
      "Startup Cost": 20.41,
      "Total Cost": 24.7,
      "Plan Rows": 1,
      "Plan Width": 96,
      "Plans": [
        {
          "Node Type": "Result",
          "Parent Relationship": "Outer",
          "Parallel Aware": false,
          "Async Capable": false,
          "Startup Cost": 20.41,
          "Total Cost": 24.7,
          "Plan Rows": 1,
          "Plan Width": 96,
          "Plans": [
            {
              "Node Type": "Sort",
              "Parent Relationship": "Outer",
              "Parallel Aware": false,
              "Async Capable": false,
              "Startup Cost": 20.41,
              "Total Cost": 20.41,
              "Plan Rows": 1,
              "Plan Width": 64,
              "Sort Key": [
                "sdi.momentum_3m",
                "sdi.momentum_12m",
                "sdi.volatility_20d DESC"
              ],
              "Plans": [
                {
                  "Node Type": "Bitmap Heap Scan",
                  "Parent Relationship": "Outer",
                  "Parallel Aware": false,
                  "Async Capable": false,
                  "Relation Name": "stocks_daily_info",
                  "Alias": "sdi",
                  "Startup Cost": 2.36,
                  "Total Cost": 20.4,
                  "Plan Rows": 1,
                  "Plan Width": 64,
                  "Recheck Cond": "(event_date = '2023-10-13'::date)",
                  "Filter": "((market_cap >= '380600000000'::numeric) AND (market = 'KOSDAQ'::text))",
                  "Plans": [
                    {
                      "Node Type": "Bitmap Index Scan",
                      "Parent Relationship": "Outer",
                      "Parallel Aware": false,
                      "Async Capable": false,
                      "Index Name": "idx_sdi_event_date",
                      "Startup Cost": 0.0,
                      "Total Cost": 2.36,
                      "Plan Rows": 10,
                      "Plan Width": 0,
                      "Index Cond": "(event_date = '2023-10-13'::date)"
                    }
                  ]
                }
              ]
            },
            {
              "Node Type": "Aggregate",
              "Strategy": "Plain",
              "Partial Mode": "Simple",
              "Parent Relationship": "SubPlan",
              "Subplan Name": "SubPlan 1",
              "Parallel Aware": false,
              "Async Capable": false,
              "Startup Cost": 4.27,
              "Total Cost": 4.28,
              "Plan Rows": 1,
              "Plan Width": 32,
              "Plans": [
                {
                  "Node Type": "Limit",
                  "Parent Relationship": "Outer",
                  "Parallel Aware": false,
                  "Async Capable": false,
                  "Startup Cost": 0.29,
                  "Total Cost": 4.25,
                  "Plan Rows": 1,
                  "Plan Width": 12,
                  "Plans": [
                    {
                      "Node Type": "Index Scan",
                      "Parent Relationship": "Outer",
                      "Parallel Aware": false,
                      "Async Capable": false,
                      "Scan Direction": "Backward",
                      "Index Name": "idx_finq_period_end",
                      "Relation Name": "financials_quarterly",
                      "Alias": "fq",
                      "Startup Cost": 0.29,
                      "Total Cost": 4.25,
                      "Plan Rows": 1,
                      "Plan Width": 12,
                      "Index Cond": "(period_end <= '2023-10-13'::date)",
                      "Filter": "((statement_type = ANY ('{IS_Q,CF_Q}'::text[])) AND (ticker = sdi.ticker) AND (item_name = 'NetIncome'::text))"
                    }
                  ]
                }
              ]
            }
          ]
        }
      ]
    }
  },
  "db_statistics": {
    "table_stats": {
      "stocks_daily_info": {
        "row_count": 12700,
        "size_mb": 1.71
      },
      "fundamentals_daily": {
        "row_count": 12080,
        "size_mb": 2.33
      },
      "financials_quarterly": {
        "row_count": 8634,
        "size_mb": 0.8
      }
    },
    "existing_indexes": [
      "backtest_results_pkey",
      "community_posts_pkey",
      "financials_quarterly_pkey",
      "fundamentals_daily_pkey",
      "idx_finq_period_end",
      "idx_finq_ticker",
      "idx_fund_event_date",
      "idx_fund_ticker",
      "idx_sdi_event_date",
      "idx_sdi_ticker",
      "ix_backtest_results_strategy_id",
      "ix_community_posts_author_id",
      "ix_community_posts_strategy_id",
      "ix_ml_models_owner_id",
      "ix_strategies_owner_id",
      "ix_users_email",
      "ml_models_pkey",
      "stocks_daily_info_pkey",
      "strategies_pkey",
      "users_pkey"
    ]
  }
}
---
{
  "workload_id": 2690,
  "metadata": {
    "strategy_template": "ML Hybrid Style",
    "ml_model_used": "Return Forecast Model"
  },
  "sql_query": "SELECT fd.bps, fd.dividend_yield, fd.eps, fd.pbr, fd.per, sdi.close_price, sdi.company_name, sdi.ma_20d, sdi.market_cap, sdi.momentum_12m, sdi.momentum_3m, sdi.rsi_14, sdi.ticker, sdi.volatility_20d FROM stocks_daily_info sdi LEFT JOIN fundamentals_daily fd ON fd.ticker = sdi.ticker AND fd.event_date = sdi.event_date WHERE sdi.market = 'KOSPI' AND sdi.market_cap >= 76200000000 AND sdi.event_date = DATE '2023-07-26' ORDER BY CASE sdi.ticker WHEN '000660.KS' THEN 1 WHEN '005930.KS' THEN 2 WHEN '068270.KQ' THEN 3 WHEN '207940.KS' THEN 4 WHEN '035420.KS' THEN 5 WHEN '005380.KS' THEN 6 WHEN '051910.KS' THEN 7 WHEN '012330.KS' THEN 8 WHEN '035720.KS' THEN 9 WHEN '105560.KS' THEN 10 ELSE 11 END LIMIT 28;",
  "baseline_execution_plan": {
    "Plan": {
      "Node Type": "Limit",
      "Parallel Aware": false,
      "Async Capable": false,
      "Startup Cost": 24.75,
      "Total Cost": 24.75,
      "Plan Rows": 1,
      "Plan Width": 109,
      "Plans": [
        {
          "Node Type": "Sort",
          "Parent Relationship": "Outer",
          "Parallel Aware": false,
          "Async Capable": false,
          "Startup Cost": 24.75,
          "Total Cost": 24.75,
          "Plan Rows": 1,
          "Plan Width": 109,
          "Sort Key": [
            "(CASE sdi.ticker WHEN '000660.KS'::text THEN 1 WHEN '005930.KS'::text THEN 2 WHEN '068270.KQ'::text THEN 3 WHEN '207940.KS'::text THEN 4 WHEN '035420.KS'::text THEN 5 WHEN '005380.KS'::text THEN 6 WHEN '051910.KS'::text THEN 7 WHEN '012330.KS'::text THEN 8 WHEN '035720.KS'::text THEN 9 WHEN '105560.KS'::text THEN 10 ELSE 11 END)"
          ],
          "Plans": [
            {
              "Node Type": "Nested Loop",
              "Parent Relationship": "Outer",
              "Parallel Aware": false,
              "Async Capable": false,
              "Join Type": "Left",
              "Startup Cost": 2.65,
              "Total Cost": 24.74,
              "Plan Rows": 1,
              "Plan Width": 109,
              "Inner Unique": true,
              "Plans": [
                {
                  "Node Type": "Bitmap Heap Scan",
                  "Parent Relationship": "Outer",
                  "Parallel Aware": false,
                  "Async Capable": false,
                  "Relation Name": "stocks_daily_info",
                  "Alias": "sdi",
                  "Startup Cost": 2.36,
                  "Total Cost": 20.4,
                  "Plan Rows": 1,
                  "Plan Width": 68,
                  "Recheck Cond": "(event_date = '2023-07-26'::date)",
                  "Filter": "((market_cap >= '76200000000'::numeric) AND (market = 'KOSPI'::text))",
                  "Plans": [
                    {
                      "Node Type": "Bitmap Index Scan",
                      "Parent Relationship": "Outer",
                      "Parallel Aware": false,
                      "Async Capable": false,
                      "Index Name": "idx_sdi_event_date",
                      "Startup Cost": 0.0,
                      "Total Cost": 2.36,
                      "Plan Rows": 10,
                      "Plan Width": 0,
                      "Index Cond": "(event_date = '2023-07-26'::date)"
                    }
                  ]
                },
                {
                  "Node Type": "Index Scan",
                  "Parent Relationship": "Inner",
                  "Parallel Aware": false,
                  "Async Capable": false,
                  "Scan Direction": "Forward",
                  "Index Name": "fundamentals_daily_pkey",
                  "Relation Name": "fundamentals_daily",
                  "Alias": "fd",
                  "Startup Cost": 0.29,
                  "Total Cost": 4.3,
                  "Plan Rows": 1,
                  "Plan Width": 55,
                  "Index Cond": "((event_date = '2023-07-26'::date) AND (ticker = sdi.ticker))"
                }
              ]
            }
          ]
        }
      ]
    }
  },
  "db_statistics": {
    "table_stats": {
      "stocks_daily_info": {
        "row_count": 12700,
        "size_mb": 1.71
      },
      "fundamentals_daily": {
        "row_count": 12080,
        "size_mb": 2.33
      },
      "financials_quarterly": {
        "row_count": 8634,
        "size_mb": 0.8
      }
    },
    "existing_indexes": [
      "backtest_results_pkey",
      "community_posts_pkey",
      "financials_quarterly_pkey",
      "fundamentals_daily_pkey",
      "idx_finq_period_end",
      "idx_finq_ticker",
      "idx_fund_event_date",
      "idx_fund_ticker",
      "idx_sdi_event_date",
      "idx_sdi_ticker",
      "ix_backtest_results_strategy_id",
      "ix_community_posts_author_id",
      "ix_community_posts_strategy_id",
      "ix_ml_models_owner_id",
      "ix_strategies_owner_id",
      "ix_users_email",
      "ml_models_pkey",
      "stocks_daily_info_pkey",
      "strategies_pkey",
      "users_pkey"
    ]
  }
}
---
{
  "workload_id": 2691,
  "metadata": {
    "strategy_template": "ML Hybrid Style",
    "ml_model_used": null
  },
  "sql_query": "SELECT sdi.close_price, sdi.company_name, sdi.ma_20d, sdi.market_cap, sdi.momentum_12m, sdi.momentum_3m, sdi.rsi_14, sdi.ticker, sdi.volatility_20d FROM stocks_daily_info sdi WHERE sdi.market = 'KOSDAQ' AND sdi.market_cap >= 301100000000 AND sdi.event_date = DATE '2023-05-14' ORDER BY sdi.market_cap DESC LIMIT 23;",
  "baseline_execution_plan": {
    "Plan": {
      "Node Type": "Limit",
      "Parallel Aware": false,
      "Async Capable": false,
      "Startup Cost": 20.41,
      "Total Cost": 20.41,
      "Plan Rows": 1,
      "Plan Width": 64,
      "Plans": [
        {
          "Node Type": "Sort",
          "Parent Relationship": "Outer",
          "Parallel Aware": false,
          "Async Capable": false,
          "Startup Cost": 20.41,
          "Total Cost": 20.41,
          "Plan Rows": 1,
          "Plan Width": 64,
          "Sort Key": [
            "market_cap DESC"
          ],
          "Plans": [
            {
              "Node Type": "Bitmap Heap Scan",
              "Parent Relationship": "Outer",
              "Parallel Aware": false,
              "Async Capable": false,
              "Relation Name": "stocks_daily_info",
              "Alias": "sdi",
              "Startup Cost": 2.36,
              "Total Cost": 20.4,
              "Plan Rows": 1,
              "Plan Width": 64,
              "Recheck Cond": "(event_date = '2023-05-14'::date)",
              "Filter": "((market_cap >= '301100000000'::numeric) AND (market = 'KOSDAQ'::text))",
              "Plans": [
                {
                  "Node Type": "Bitmap Index Scan",
                  "Parent Relationship": "Outer",
                  "Parallel Aware": false,
                  "Async Capable": false,
                  "Index Name": "idx_sdi_event_date",
                  "Startup Cost": 0.0,
                  "Total Cost": 2.36,
                  "Plan Rows": 10,
                  "Plan Width": 0,
                  "Index Cond": "(event_date = '2023-05-14'::date)"
                }
              ]
            }
          ]
        }
      ]
    }
  },
  "db_statistics": {
    "table_stats": {
      "stocks_daily_info": {
        "row_count": 12700,
        "size_mb": 1.71
      },
      "fundamentals_daily": {
        "row_count": 12080,
        "size_mb": 2.33
      },
      "financials_quarterly": {
        "row_count": 8634,
        "size_mb": 0.8
      }
    },
    "existing_indexes": [
      "backtest_results_pkey",
      "community_posts_pkey",
      "financials_quarterly_pkey",
      "fundamentals_daily_pkey",
      "idx_finq_period_end",
      "idx_finq_ticker",
      "idx_fund_event_date",
      "idx_fund_ticker",
      "idx_sdi_event_date",
      "idx_sdi_ticker",
      "ix_backtest_results_strategy_id",
      "ix_community_posts_author_id",
      "ix_community_posts_strategy_id",
      "ix_ml_models_owner_id",
      "ix_strategies_owner_id",
      "ix_users_email",
      "ml_models_pkey",
      "stocks_daily_info_pkey",
      "strategies_pkey",
      "users_pkey"
    ]
  }
}
---
{
  "workload_id": 2692,
  "metadata": {
    "strategy_template": "Value Investing Style",
    "ml_model_used": null
  },
  "sql_query": "SELECT ( SELECT COALESCE(SUM(value), 0) FROM ( SELECT value FROM financials_quarterly fq WHERE fq.ticker = sdi.ticker AND fq.item_name = 'OperatingCashFlow' AND fq.statement_type IN ('IS_Q','CF_Q') AND fq.period_end <= DATE '2023-09-18' ORDER BY fq.period_end DESC LIMIT 4 ) as recent_quarters ) AS ttm_operatingcashflow , fd.bps, fd.dividend_yield, fd.eps, fd.pbr, fd.per, sdi.close_price, sdi.company_name, sdi.ma_20d, sdi.market_cap, sdi.momentum_12m, sdi.momentum_3m, sdi.rsi_14, sdi.ticker, sdi.volatility_20d FROM stocks_daily_info sdi LEFT JOIN fundamentals_daily fd ON fd.ticker = sdi.ticker AND fd.event_date = sdi.event_date WHERE sdi.market = 'KOSDAQ' AND sdi.market_cap >= 423700000000 AND sdi.event_date = DATE '2023-09-18' ORDER BY fd.pbr desc, fd.per desc, fd.dividend_yield asc LIMIT 43;",
  "baseline_execution_plan": {
    "Plan": {
      "Node Type": "Limit",
      "Parallel Aware": false,
      "Async Capable": false,
      "Startup Cost": 24.72,
      "Total Cost": 29.02,
      "Plan Rows": 1,
      "Plan Width": 137,
      "Plans": [
        {
          "Node Type": "Result",
          "Parent Relationship": "Outer",
          "Parallel Aware": false,
          "Async Capable": false,
          "Startup Cost": 24.72,
          "Total Cost": 29.02,
          "Plan Rows": 1,
          "Plan Width": 137,
          "Plans": [
            {
              "Node Type": "Sort",
              "Parent Relationship": "Outer",
              "Parallel Aware": false,
              "Async Capable": false,
              "Startup Cost": 24.72,
              "Total Cost": 24.73,
              "Plan Rows": 1,
              "Plan Width": 105,
              "Sort Key": [
                "fd.pbr DESC",
                "fd.per DESC",
                "fd.dividend_yield"
              ],
              "Plans": [
                {
                  "Node Type": "Nested Loop",
                  "Parent Relationship": "Outer",
                  "Parallel Aware": false,
                  "Async Capable": false,
                  "Join Type": "Left",
                  "Startup Cost": 2.65,
                  "Total Cost": 24.71,
                  "Plan Rows": 1,
                  "Plan Width": 105,
                  "Inner Unique": true,
                  "Plans": [
                    {
                      "Node Type": "Bitmap Heap Scan",
                      "Parent Relationship": "Outer",
                      "Parallel Aware": false,
                      "Async Capable": false,
                      "Relation Name": "stocks_daily_info",
                      "Alias": "sdi",
                      "Startup Cost": 2.36,
                      "Total Cost": 20.4,
                      "Plan Rows": 1,
                      "Plan Width": 68,
                      "Recheck Cond": "(event_date = '2023-09-18'::date)",
                      "Filter": "((market_cap >= '423700000000'::numeric) AND (market = 'KOSDAQ'::text))",
                      "Plans": [
                        {
                          "Node Type": "Bitmap Index Scan",
                          "Parent Relationship": "Outer",
                          "Parallel Aware": false,
                          "Async Capable": false,
                          "Index Name": "idx_sdi_event_date",
                          "Startup Cost": 0.0,
                          "Total Cost": 2.36,
                          "Plan Rows": 10,
                          "Plan Width": 0,
                          "Index Cond": "(event_date = '2023-09-18'::date)"
                        }
                      ]
                    },
                    {
                      "Node Type": "Index Scan",
                      "Parent Relationship": "Inner",
                      "Parallel Aware": false,
                      "Async Capable": false,
                      "Scan Direction": "Forward",
                      "Index Name": "fundamentals_daily_pkey",
                      "Relation Name": "fundamentals_daily",
                      "Alias": "fd",
                      "Startup Cost": 0.29,
                      "Total Cost": 4.3,
                      "Plan Rows": 1,
                      "Plan Width": 55,
                      "Index Cond": "((event_date = '2023-09-18'::date) AND (ticker = sdi.ticker))"
                    }
                  ]
                }
              ]
            },
            {
              "Node Type": "Aggregate",
              "Strategy": "Plain",
              "Partial Mode": "Simple",
              "Parent Relationship": "SubPlan",
              "Subplan Name": "SubPlan 1",
              "Parallel Aware": false,
              "Async Capable": false,
              "Startup Cost": 4.27,
              "Total Cost": 4.28,
              "Plan Rows": 1,
              "Plan Width": 32,
              "Plans": [
                {
                  "Node Type": "Limit",
                  "Parent Relationship": "Outer",
                  "Parallel Aware": false,
                  "Async Capable": false,
                  "Startup Cost": 0.29,
                  "Total Cost": 4.25,
                  "Plan Rows": 1,
                  "Plan Width": 12,
                  "Plans": [
                    {
                      "Node Type": "Index Scan",
                      "Parent Relationship": "Outer",
                      "Parallel Aware": false,
                      "Async Capable": false,
                      "Scan Direction": "Backward",
                      "Index Name": "idx_finq_period_end",
                      "Relation Name": "financials_quarterly",
                      "Alias": "fq",
                      "Startup Cost": 0.29,
                      "Total Cost": 4.25,
                      "Plan Rows": 1,
                      "Plan Width": 12,
                      "Index Cond": "(period_end <= '2023-09-18'::date)",
                      "Filter": "((statement_type = ANY ('{IS_Q,CF_Q}'::text[])) AND (ticker = sdi.ticker) AND (item_name = 'OperatingCashFlow'::text))"
                    }
                  ]
                }
              ]
            }
          ]
        }
      ]
    }
  },
  "db_statistics": {
    "table_stats": {
      "stocks_daily_info": {
        "row_count": 12700,
        "size_mb": 1.71
      },
      "fundamentals_daily": {
        "row_count": 12080,
        "size_mb": 2.33
      },
      "financials_quarterly": {
        "row_count": 8634,
        "size_mb": 0.8
      }
    },
    "existing_indexes": [
      "backtest_results_pkey",
      "community_posts_pkey",
      "financials_quarterly_pkey",
      "fundamentals_daily_pkey",
      "idx_finq_period_end",
      "idx_finq_ticker",
      "idx_fund_event_date",
      "idx_fund_ticker",
      "idx_sdi_event_date",
      "idx_sdi_ticker",
      "ix_backtest_results_strategy_id",
      "ix_community_posts_author_id",
      "ix_community_posts_strategy_id",
      "ix_ml_models_owner_id",
      "ix_strategies_owner_id",
      "ix_users_email",
      "ml_models_pkey",
      "stocks_daily_info_pkey",
      "strategies_pkey",
      "users_pkey"
    ]
  }
}
---
{
  "workload_id": 2693,
  "metadata": {
    "strategy_template": "ML Hybrid Style",
    "ml_model_used": "Return Forecast Model"
  },
  "sql_query": "SELECT ( SELECT COALESCE(SUM(value), 0) FROM ( SELECT value FROM financials_quarterly fq WHERE fq.ticker = sdi.ticker AND fq.item_name = 'OperatingIncome' AND fq.statement_type IN ('IS_Q','CF_Q') AND fq.period_end <= DATE '2023-09-07' ORDER BY fq.period_end DESC LIMIT 4 ) as recent_quarters ) AS ttm_operatingincome , fd.bps, fd.dividend_yield, fd.eps, fd.pbr, fd.per, sdi.close_price, sdi.company_name, sdi.ma_20d, sdi.market_cap, sdi.momentum_12m, sdi.momentum_3m, sdi.rsi_14, sdi.ticker, sdi.volatility_20d FROM stocks_daily_info sdi LEFT JOIN fundamentals_daily fd ON fd.ticker = sdi.ticker AND fd.event_date = sdi.event_date WHERE sdi.market = 'KOSPI' AND sdi.market_cap >= 366400000000 AND sdi.event_date = DATE '2023-09-07' ORDER BY CASE sdi.ticker WHEN '000660.KS' THEN 1 WHEN '005930.KS' THEN 2 WHEN '068270.KQ' THEN 3 WHEN '207940.KS' THEN 4 WHEN '035420.KS' THEN 5 WHEN '005380.KS' THEN 6 WHEN '051910.KS' THEN 7 WHEN '012330.KS' THEN 8 WHEN '035720.KS' THEN 9 WHEN '105560.KS' THEN 10 ELSE 11 END LIMIT 36;",
  "baseline_execution_plan": {
    "Plan": {
      "Node Type": "Limit",
      "Parallel Aware": false,
      "Async Capable": false,
      "Startup Cost": 24.75,
      "Total Cost": 29.07,
      "Plan Rows": 1,
      "Plan Width": 141,
      "Plans": [
        {
          "Node Type": "Result",
          "Parent Relationship": "Outer",
          "Parallel Aware": false,
          "Async Capable": false,
          "Startup Cost": 24.75,
          "Total Cost": 29.07,
          "Plan Rows": 1,
          "Plan Width": 141,
          "Plans": [
            {
              "Node Type": "Sort",
              "Parent Relationship": "Outer",
              "Parallel Aware": false,
              "Async Capable": false,
              "Startup Cost": 24.75,
              "Total Cost": 24.75,
              "Plan Rows": 1,
              "Plan Width": 109,
              "Sort Key": [
                "(CASE sdi.ticker WHEN '000660.KS'::text THEN 1 WHEN '005930.KS'::text THEN 2 WHEN '068270.KQ'::text THEN 3 WHEN '207940.KS'::text THEN 4 WHEN '035420.KS'::text THEN 5 WHEN '005380.KS'::text THEN 6 WHEN '051910.KS'::text THEN 7 WHEN '012330.KS'::text THEN 8 WHEN '035720.KS'::text THEN 9 WHEN '105560.KS'::text THEN 10 ELSE 11 END)"
              ],
              "Plans": [
                {
                  "Node Type": "Nested Loop",
                  "Parent Relationship": "Outer",
                  "Parallel Aware": false,
                  "Async Capable": false,
                  "Join Type": "Left",
                  "Startup Cost": 2.65,
                  "Total Cost": 24.74,
                  "Plan Rows": 1,
                  "Plan Width": 109,
                  "Inner Unique": true,
                  "Plans": [
                    {
                      "Node Type": "Bitmap Heap Scan",
                      "Parent Relationship": "Outer",
                      "Parallel Aware": false,
                      "Async Capable": false,
                      "Relation Name": "stocks_daily_info",
                      "Alias": "sdi",
                      "Startup Cost": 2.36,
                      "Total Cost": 20.4,
                      "Plan Rows": 1,
                      "Plan Width": 68,
                      "Recheck Cond": "(event_date = '2023-09-07'::date)",
                      "Filter": "((market_cap >= '366400000000'::numeric) AND (market = 'KOSPI'::text))",
                      "Plans": [
                        {
                          "Node Type": "Bitmap Index Scan",
                          "Parent Relationship": "Outer",
                          "Parallel Aware": false,
                          "Async Capable": false,
                          "Index Name": "idx_sdi_event_date",
                          "Startup Cost": 0.0,
                          "Total Cost": 2.36,
                          "Plan Rows": 10,
                          "Plan Width": 0,
                          "Index Cond": "(event_date = '2023-09-07'::date)"
                        }
                      ]
                    },
                    {
                      "Node Type": "Index Scan",
                      "Parent Relationship": "Inner",
                      "Parallel Aware": false,
                      "Async Capable": false,
                      "Scan Direction": "Forward",
                      "Index Name": "fundamentals_daily_pkey",
                      "Relation Name": "fundamentals_daily",
                      "Alias": "fd",
                      "Startup Cost": 0.29,
                      "Total Cost": 4.3,
                      "Plan Rows": 1,
                      "Plan Width": 55,
                      "Index Cond": "((event_date = '2023-09-07'::date) AND (ticker = sdi.ticker))"
                    }
                  ]
                }
              ]
            },
            {
              "Node Type": "Aggregate",
              "Strategy": "Plain",
              "Partial Mode": "Simple",
              "Parent Relationship": "SubPlan",
              "Subplan Name": "SubPlan 1",
              "Parallel Aware": false,
              "Async Capable": false,
              "Startup Cost": 4.27,
              "Total Cost": 4.28,
              "Plan Rows": 1,
              "Plan Width": 32,
              "Plans": [
                {
                  "Node Type": "Limit",
                  "Parent Relationship": "Outer",
                  "Parallel Aware": false,
                  "Async Capable": false,
                  "Startup Cost": 0.29,
                  "Total Cost": 4.25,
                  "Plan Rows": 1,
                  "Plan Width": 12,
                  "Plans": [
                    {
                      "Node Type": "Index Scan",
                      "Parent Relationship": "Outer",
                      "Parallel Aware": false,
                      "Async Capable": false,
                      "Scan Direction": "Backward",
                      "Index Name": "idx_finq_period_end",
                      "Relation Name": "financials_quarterly",
                      "Alias": "fq",
                      "Startup Cost": 0.29,
                      "Total Cost": 4.25,
                      "Plan Rows": 1,
                      "Plan Width": 12,
                      "Index Cond": "(period_end <= '2023-09-07'::date)",
                      "Filter": "((statement_type = ANY ('{IS_Q,CF_Q}'::text[])) AND (ticker = sdi.ticker) AND (item_name = 'OperatingIncome'::text))"
                    }
                  ]
                }
              ]
            }
          ]
        }
      ]
    }
  },
  "db_statistics": {
    "table_stats": {
      "stocks_daily_info": {
        "row_count": 12700,
        "size_mb": 1.71
      },
      "fundamentals_daily": {
        "row_count": 12080,
        "size_mb": 2.33
      },
      "financials_quarterly": {
        "row_count": 8634,
        "size_mb": 0.8
      }
    },
    "existing_indexes": [
      "backtest_results_pkey",
      "community_posts_pkey",
      "financials_quarterly_pkey",
      "fundamentals_daily_pkey",
      "idx_finq_period_end",
      "idx_finq_ticker",
      "idx_fund_event_date",
      "idx_fund_ticker",
      "idx_sdi_event_date",
      "idx_sdi_ticker",
      "ix_backtest_results_strategy_id",
      "ix_community_posts_author_id",
      "ix_community_posts_strategy_id",
      "ix_ml_models_owner_id",
      "ix_strategies_owner_id",
      "ix_users_email",
      "ml_models_pkey",
      "stocks_daily_info_pkey",
      "strategies_pkey",
      "users_pkey"
    ]
  }
}
---
{
  "workload_id": 2694,
  "metadata": {
    "strategy_template": "Momentum Investing Style",
    "ml_model_used": null
  },
  "sql_query": "SELECT sdi.close_price, sdi.company_name, sdi.ma_20d, sdi.market_cap, sdi.momentum_12m, sdi.momentum_3m, sdi.rsi_14, sdi.ticker, sdi.volatility_20d FROM stocks_daily_info sdi WHERE sdi.market = 'KOSPI' AND sdi.market_cap >= 475200000000 AND sdi.event_date = DATE '2023-08-01' ORDER BY sdi.momentum_3m desc, sdi.momentum_12m asc, sdi.volatility_20d desc, sdi.rsi_14 desc LIMIT 37;",
  "baseline_execution_plan": {
    "Plan": {
      "Node Type": "Limit",
      "Parallel Aware": false,
      "Async Capable": false,
      "Startup Cost": 20.41,
      "Total Cost": 20.41,
      "Plan Rows": 1,
      "Plan Width": 64,
      "Plans": [
        {
          "Node Type": "Sort",
          "Parent Relationship": "Outer",
          "Parallel Aware": false,
          "Async Capable": false,
          "Startup Cost": 20.41,
          "Total Cost": 20.41,
          "Plan Rows": 1,
          "Plan Width": 64,
          "Sort Key": [
            "momentum_3m DESC",
            "momentum_12m",
            "volatility_20d DESC",
            "rsi_14 DESC"
          ],
          "Plans": [
            {
              "Node Type": "Bitmap Heap Scan",
              "Parent Relationship": "Outer",
              "Parallel Aware": false,
              "Async Capable": false,
              "Relation Name": "stocks_daily_info",
              "Alias": "sdi",
              "Startup Cost": 2.36,
              "Total Cost": 20.4,
              "Plan Rows": 1,
              "Plan Width": 64,
              "Recheck Cond": "(event_date = '2023-08-01'::date)",
              "Filter": "((market_cap >= '475200000000'::numeric) AND (market = 'KOSPI'::text))",
              "Plans": [
                {
                  "Node Type": "Bitmap Index Scan",
                  "Parent Relationship": "Outer",
                  "Parallel Aware": false,
                  "Async Capable": false,
                  "Index Name": "idx_sdi_event_date",
                  "Startup Cost": 0.0,
                  "Total Cost": 2.36,
                  "Plan Rows": 10,
                  "Plan Width": 0,
                  "Index Cond": "(event_date = '2023-08-01'::date)"
                }
              ]
            }
          ]
        }
      ]
    }
  },
  "db_statistics": {
    "table_stats": {
      "stocks_daily_info": {
        "row_count": 12700,
        "size_mb": 1.71
      },
      "fundamentals_daily": {
        "row_count": 12080,
        "size_mb": 2.33
      },
      "financials_quarterly": {
        "row_count": 8634,
        "size_mb": 0.8
      }
    },
    "existing_indexes": [
      "backtest_results_pkey",
      "community_posts_pkey",
      "financials_quarterly_pkey",
      "fundamentals_daily_pkey",
      "idx_finq_period_end",
      "idx_finq_ticker",
      "idx_fund_event_date",
      "idx_fund_ticker",
      "idx_sdi_event_date",
      "idx_sdi_ticker",
      "ix_backtest_results_strategy_id",
      "ix_community_posts_author_id",
      "ix_community_posts_strategy_id",
      "ix_ml_models_owner_id",
      "ix_strategies_owner_id",
      "ix_users_email",
      "ml_models_pkey",
      "stocks_daily_info_pkey",
      "strategies_pkey",
      "users_pkey"
    ]
  }
}
---
{
  "workload_id": 2695,
  "metadata": {
    "strategy_template": "Momentum Investing Style",
    "ml_model_used": null
  },
  "sql_query": "SELECT sdi.close_price, sdi.company_name, sdi.ma_20d, sdi.market_cap, sdi.momentum_12m, sdi.momentum_3m, sdi.rsi_14, sdi.ticker, sdi.volatility_20d FROM stocks_daily_info sdi WHERE sdi.market = 'KOSPI' AND sdi.market_cap >= 429100000000 AND sdi.event_date = DATE '2023-09-22' ORDER BY sdi.momentum_3m asc, sdi.momentum_12m asc LIMIT 34;",
  "baseline_execution_plan": {
    "Plan": {
      "Node Type": "Limit",
      "Parallel Aware": false,
      "Async Capable": false,
      "Startup Cost": 20.41,
      "Total Cost": 20.41,
      "Plan Rows": 1,
      "Plan Width": 64,
      "Plans": [
        {
          "Node Type": "Sort",
          "Parent Relationship": "Outer",
          "Parallel Aware": false,
          "Async Capable": false,
          "Startup Cost": 20.41,
          "Total Cost": 20.41,
          "Plan Rows": 1,
          "Plan Width": 64,
          "Sort Key": [
            "momentum_3m",
            "momentum_12m"
          ],
          "Plans": [
            {
              "Node Type": "Bitmap Heap Scan",
              "Parent Relationship": "Outer",
              "Parallel Aware": false,
              "Async Capable": false,
              "Relation Name": "stocks_daily_info",
              "Alias": "sdi",
              "Startup Cost": 2.36,
              "Total Cost": 20.4,
              "Plan Rows": 1,
              "Plan Width": 64,
              "Recheck Cond": "(event_date = '2023-09-22'::date)",
              "Filter": "((market_cap >= '429100000000'::numeric) AND (market = 'KOSPI'::text))",
              "Plans": [
                {
                  "Node Type": "Bitmap Index Scan",
                  "Parent Relationship": "Outer",
                  "Parallel Aware": false,
                  "Async Capable": false,
                  "Index Name": "idx_sdi_event_date",
                  "Startup Cost": 0.0,
                  "Total Cost": 2.36,
                  "Plan Rows": 10,
                  "Plan Width": 0,
                  "Index Cond": "(event_date = '2023-09-22'::date)"
                }
              ]
            }
          ]
        }
      ]
    }
  },
  "db_statistics": {
    "table_stats": {
      "stocks_daily_info": {
        "row_count": 12700,
        "size_mb": 1.71
      },
      "fundamentals_daily": {
        "row_count": 12080,
        "size_mb": 2.33
      },
      "financials_quarterly": {
        "row_count": 8634,
        "size_mb": 0.8
      }
    },
    "existing_indexes": [
      "backtest_results_pkey",
      "community_posts_pkey",
      "financials_quarterly_pkey",
      "fundamentals_daily_pkey",
      "idx_finq_period_end",
      "idx_finq_ticker",
      "idx_fund_event_date",
      "idx_fund_ticker",
      "idx_sdi_event_date",
      "idx_sdi_ticker",
      "ix_backtest_results_strategy_id",
      "ix_community_posts_author_id",
      "ix_community_posts_strategy_id",
      "ix_ml_models_owner_id",
      "ix_strategies_owner_id",
      "ix_users_email",
      "ml_models_pkey",
      "stocks_daily_info_pkey",
      "strategies_pkey",
      "users_pkey"
    ]
  }
}
---
{
  "workload_id": 2696,
  "metadata": {
    "strategy_template": "Momentum Investing Style",
    "ml_model_used": null
  },
  "sql_query": "SELECT sdi.close_price, sdi.company_name, sdi.ma_20d, sdi.market_cap, sdi.momentum_12m, sdi.momentum_3m, sdi.rsi_14, sdi.ticker, sdi.volatility_20d FROM stocks_daily_info sdi WHERE sdi.market = 'KOSDAQ' AND sdi.market_cap >= 321700000000 AND sdi.event_date = DATE '2023-10-11' ORDER BY sdi.momentum_3m asc, sdi.momentum_12m desc, sdi.volatility_20d asc LIMIT 48;",
  "baseline_execution_plan": {
    "Plan": {
      "Node Type": "Limit",
      "Parallel Aware": false,
      "Async Capable": false,
      "Startup Cost": 20.41,
      "Total Cost": 20.41,
      "Plan Rows": 1,
      "Plan Width": 64,
      "Plans": [
        {
          "Node Type": "Sort",
          "Parent Relationship": "Outer",
          "Parallel Aware": false,
          "Async Capable": false,
          "Startup Cost": 20.41,
          "Total Cost": 20.41,
          "Plan Rows": 1,
          "Plan Width": 64,
          "Sort Key": [
            "momentum_3m",
            "momentum_12m DESC",
            "volatility_20d"
          ],
          "Plans": [
            {
              "Node Type": "Bitmap Heap Scan",
              "Parent Relationship": "Outer",
              "Parallel Aware": false,
              "Async Capable": false,
              "Relation Name": "stocks_daily_info",
              "Alias": "sdi",
              "Startup Cost": 2.36,
              "Total Cost": 20.4,
              "Plan Rows": 1,
              "Plan Width": 64,
              "Recheck Cond": "(event_date = '2023-10-11'::date)",
              "Filter": "((market_cap >= '321700000000'::numeric) AND (market = 'KOSDAQ'::text))",
              "Plans": [
                {
                  "Node Type": "Bitmap Index Scan",
                  "Parent Relationship": "Outer",
                  "Parallel Aware": false,
                  "Async Capable": false,
                  "Index Name": "idx_sdi_event_date",
                  "Startup Cost": 0.0,
                  "Total Cost": 2.36,
                  "Plan Rows": 10,
                  "Plan Width": 0,
                  "Index Cond": "(event_date = '2023-10-11'::date)"
                }
              ]
            }
          ]
        }
      ]
    }
  },
  "db_statistics": {
    "table_stats": {
      "stocks_daily_info": {
        "row_count": 12700,
        "size_mb": 1.71
      },
      "fundamentals_daily": {
        "row_count": 12080,
        "size_mb": 2.33
      },
      "financials_quarterly": {
        "row_count": 8634,
        "size_mb": 0.8
      }
    },
    "existing_indexes": [
      "backtest_results_pkey",
      "community_posts_pkey",
      "financials_quarterly_pkey",
      "fundamentals_daily_pkey",
      "idx_finq_period_end",
      "idx_finq_ticker",
      "idx_fund_event_date",
      "idx_fund_ticker",
      "idx_sdi_event_date",
      "idx_sdi_ticker",
      "ix_backtest_results_strategy_id",
      "ix_community_posts_author_id",
      "ix_community_posts_strategy_id",
      "ix_ml_models_owner_id",
      "ix_strategies_owner_id",
      "ix_users_email",
      "ml_models_pkey",
      "stocks_daily_info_pkey",
      "strategies_pkey",
      "users_pkey"
    ]
  }
}
---
{
  "workload_id": 2697,
  "metadata": {
    "strategy_template": "Value Investing Style",
    "ml_model_used": null
  },
  "sql_query": "SELECT ( SELECT COALESCE(SUM(value), 0) FROM ( SELECT value FROM financials_quarterly fq WHERE fq.ticker = sdi.ticker AND fq.item_name = 'OperatingCashFlow' AND fq.statement_type IN ('IS_Q','CF_Q') AND fq.period_end <= DATE '2023-08-19' ORDER BY fq.period_end DESC LIMIT 4 ) as recent_quarters ) AS ttm_operatingcashflow , fd.bps, fd.dividend_yield, fd.eps, fd.pbr, fd.per, sdi.close_price, sdi.company_name, sdi.ma_20d, sdi.market_cap, sdi.momentum_12m, sdi.momentum_3m, sdi.rsi_14, sdi.ticker, sdi.volatility_20d FROM stocks_daily_info sdi LEFT JOIN fundamentals_daily fd ON fd.ticker = sdi.ticker AND fd.event_date = sdi.event_date WHERE sdi.market = 'KOSPI' AND sdi.market_cap >= 479400000000 AND sdi.event_date = DATE '2023-08-19' ORDER BY fd.pbr asc, fd.per desc, fd.eps desc LIMIT 34;",
  "baseline_execution_plan": {
    "Plan": {
      "Node Type": "Limit",
      "Parallel Aware": false,
      "Async Capable": false,
      "Startup Cost": 24.72,
      "Total Cost": 29.02,
      "Plan Rows": 1,
      "Plan Width": 137,
      "Plans": [
        {
          "Node Type": "Result",
          "Parent Relationship": "Outer",
          "Parallel Aware": false,
          "Async Capable": false,
          "Startup Cost": 24.72,
          "Total Cost": 29.02,
          "Plan Rows": 1,
          "Plan Width": 137,
          "Plans": [
            {
              "Node Type": "Sort",
              "Parent Relationship": "Outer",
              "Parallel Aware": false,
              "Async Capable": false,
              "Startup Cost": 24.72,
              "Total Cost": 24.73,
              "Plan Rows": 1,
              "Plan Width": 105,
              "Sort Key": [
                "fd.pbr",
                "fd.per DESC",
                "fd.eps DESC"
              ],
              "Plans": [
                {
                  "Node Type": "Nested Loop",
                  "Parent Relationship": "Outer",
                  "Parallel Aware": false,
                  "Async Capable": false,
                  "Join Type": "Left",
                  "Startup Cost": 2.65,
                  "Total Cost": 24.71,
                  "Plan Rows": 1,
                  "Plan Width": 105,
                  "Inner Unique": true,
                  "Plans": [
                    {
                      "Node Type": "Bitmap Heap Scan",
                      "Parent Relationship": "Outer",
                      "Parallel Aware": false,
                      "Async Capable": false,
                      "Relation Name": "stocks_daily_info",
                      "Alias": "sdi",
                      "Startup Cost": 2.36,
                      "Total Cost": 20.4,
                      "Plan Rows": 1,
                      "Plan Width": 68,
                      "Recheck Cond": "(event_date = '2023-08-19'::date)",
                      "Filter": "((market_cap >= '479400000000'::numeric) AND (market = 'KOSPI'::text))",
                      "Plans": [
                        {
                          "Node Type": "Bitmap Index Scan",
                          "Parent Relationship": "Outer",
                          "Parallel Aware": false,
                          "Async Capable": false,
                          "Index Name": "idx_sdi_event_date",
                          "Startup Cost": 0.0,
                          "Total Cost": 2.36,
                          "Plan Rows": 10,
                          "Plan Width": 0,
                          "Index Cond": "(event_date = '2023-08-19'::date)"
                        }
                      ]
                    },
                    {
                      "Node Type": "Index Scan",
                      "Parent Relationship": "Inner",
                      "Parallel Aware": false,
                      "Async Capable": false,
                      "Scan Direction": "Forward",
                      "Index Name": "fundamentals_daily_pkey",
                      "Relation Name": "fundamentals_daily",
                      "Alias": "fd",
                      "Startup Cost": 0.29,
                      "Total Cost": 4.3,
                      "Plan Rows": 1,
                      "Plan Width": 55,
                      "Index Cond": "((event_date = '2023-08-19'::date) AND (ticker = sdi.ticker))"
                    }
                  ]
                }
              ]
            },
            {
              "Node Type": "Aggregate",
              "Strategy": "Plain",
              "Partial Mode": "Simple",
              "Parent Relationship": "SubPlan",
              "Subplan Name": "SubPlan 1",
              "Parallel Aware": false,
              "Async Capable": false,
              "Startup Cost": 4.27,
              "Total Cost": 4.28,
              "Plan Rows": 1,
              "Plan Width": 32,
              "Plans": [
                {
                  "Node Type": "Limit",
                  "Parent Relationship": "Outer",
                  "Parallel Aware": false,
                  "Async Capable": false,
                  "Startup Cost": 0.29,
                  "Total Cost": 4.25,
                  "Plan Rows": 1,
                  "Plan Width": 12,
                  "Plans": [
                    {
                      "Node Type": "Index Scan",
                      "Parent Relationship": "Outer",
                      "Parallel Aware": false,
                      "Async Capable": false,
                      "Scan Direction": "Backward",
                      "Index Name": "idx_finq_period_end",
                      "Relation Name": "financials_quarterly",
                      "Alias": "fq",
                      "Startup Cost": 0.29,
                      "Total Cost": 4.25,
                      "Plan Rows": 1,
                      "Plan Width": 12,
                      "Index Cond": "(period_end <= '2023-08-19'::date)",
                      "Filter": "((statement_type = ANY ('{IS_Q,CF_Q}'::text[])) AND (ticker = sdi.ticker) AND (item_name = 'OperatingCashFlow'::text))"
                    }
                  ]
                }
              ]
            }
          ]
        }
      ]
    }
  },
  "db_statistics": {
    "table_stats": {
      "stocks_daily_info": {
        "row_count": 12700,
        "size_mb": 1.71
      },
      "fundamentals_daily": {
        "row_count": 12080,
        "size_mb": 2.33
      },
      "financials_quarterly": {
        "row_count": 8634,
        "size_mb": 0.8
      }
    },
    "existing_indexes": [
      "backtest_results_pkey",
      "community_posts_pkey",
      "financials_quarterly_pkey",
      "fundamentals_daily_pkey",
      "idx_finq_period_end",
      "idx_finq_ticker",
      "idx_fund_event_date",
      "idx_fund_ticker",
      "idx_sdi_event_date",
      "idx_sdi_ticker",
      "ix_backtest_results_strategy_id",
      "ix_community_posts_author_id",
      "ix_community_posts_strategy_id",
      "ix_ml_models_owner_id",
      "ix_strategies_owner_id",
      "ix_users_email",
      "ml_models_pkey",
      "stocks_daily_info_pkey",
      "strategies_pkey",
      "users_pkey"
    ]
  }
}
---
{
  "workload_id": 2698,
  "metadata": {
    "strategy_template": "Value Investing Style",
    "ml_model_used": null
  },
  "sql_query": "SELECT fd.bps, fd.dividend_yield, fd.eps, fd.pbr, fd.per, sdi.close_price, sdi.company_name, sdi.ma_20d, sdi.market_cap, sdi.momentum_12m, sdi.momentum_3m, sdi.rsi_14, sdi.ticker, sdi.volatility_20d FROM stocks_daily_info sdi LEFT JOIN fundamentals_daily fd ON fd.ticker = sdi.ticker AND fd.event_date = sdi.event_date WHERE sdi.market = 'KOSPI' AND sdi.market_cap >= 494700000000 AND sdi.event_date = DATE '2023-10-14' ORDER BY fd.pbr asc, fd.per desc, fd.dividend_yield desc, fd.eps desc LIMIT 28;",
  "baseline_execution_plan": {
    "Plan": {
      "Node Type": "Limit",
      "Parallel Aware": false,
      "Async Capable": false,
      "Startup Cost": 24.72,
      "Total Cost": 24.73,
      "Plan Rows": 1,
      "Plan Width": 105,
      "Plans": [
        {
          "Node Type": "Sort",
          "Parent Relationship": "Outer",
          "Parallel Aware": false,
          "Async Capable": false,
          "Startup Cost": 24.72,
          "Total Cost": 24.73,
          "Plan Rows": 1,
          "Plan Width": 105,
          "Sort Key": [
            "fd.pbr",
            "fd.per DESC",
            "fd.dividend_yield DESC",
            "fd.eps DESC"
          ],
          "Plans": [
            {
              "Node Type": "Nested Loop",
              "Parent Relationship": "Outer",
              "Parallel Aware": false,
              "Async Capable": false,
              "Join Type": "Left",
              "Startup Cost": 2.65,
              "Total Cost": 24.71,
              "Plan Rows": 1,
              "Plan Width": 105,
              "Inner Unique": true,
              "Plans": [
                {
                  "Node Type": "Bitmap Heap Scan",
                  "Parent Relationship": "Outer",
                  "Parallel Aware": false,
                  "Async Capable": false,
                  "Relation Name": "stocks_daily_info",
                  "Alias": "sdi",
                  "Startup Cost": 2.36,
                  "Total Cost": 20.4,
                  "Plan Rows": 1,
                  "Plan Width": 68,
                  "Recheck Cond": "(event_date = '2023-10-14'::date)",
                  "Filter": "((market_cap >= '494700000000'::numeric) AND (market = 'KOSPI'::text))",
                  "Plans": [
                    {
                      "Node Type": "Bitmap Index Scan",
                      "Parent Relationship": "Outer",
                      "Parallel Aware": false,
                      "Async Capable": false,
                      "Index Name": "idx_sdi_event_date",
                      "Startup Cost": 0.0,
                      "Total Cost": 2.36,
                      "Plan Rows": 10,
                      "Plan Width": 0,
                      "Index Cond": "(event_date = '2023-10-14'::date)"
                    }
                  ]
                },
                {
                  "Node Type": "Index Scan",
                  "Parent Relationship": "Inner",
                  "Parallel Aware": false,
                  "Async Capable": false,
                  "Scan Direction": "Forward",
                  "Index Name": "fundamentals_daily_pkey",
                  "Relation Name": "fundamentals_daily",
                  "Alias": "fd",
                  "Startup Cost": 0.29,
                  "Total Cost": 4.3,
                  "Plan Rows": 1,
                  "Plan Width": 55,
                  "Index Cond": "((event_date = '2023-10-14'::date) AND (ticker = sdi.ticker))"
                }
              ]
            }
          ]
        }
      ]
    }
  },
  "db_statistics": {
    "table_stats": {
      "stocks_daily_info": {
        "row_count": 12700,
        "size_mb": 1.71
      },
      "fundamentals_daily": {
        "row_count": 12080,
        "size_mb": 2.33
      },
      "financials_quarterly": {
        "row_count": 8634,
        "size_mb": 0.8
      }
    },
    "existing_indexes": [
      "backtest_results_pkey",
      "community_posts_pkey",
      "financials_quarterly_pkey",
      "fundamentals_daily_pkey",
      "idx_finq_period_end",
      "idx_finq_ticker",
      "idx_fund_event_date",
      "idx_fund_ticker",
      "idx_sdi_event_date",
      "idx_sdi_ticker",
      "ix_backtest_results_strategy_id",
      "ix_community_posts_author_id",
      "ix_community_posts_strategy_id",
      "ix_ml_models_owner_id",
      "ix_strategies_owner_id",
      "ix_users_email",
      "ml_models_pkey",
      "stocks_daily_info_pkey",
      "strategies_pkey",
      "users_pkey"
    ]
  }
}
---
{
  "workload_id": 2699,
  "metadata": {
    "strategy_template": "Momentum Investing Style",
    "ml_model_used": null
  },
  "sql_query": "SELECT sdi.close_price, sdi.company_name, sdi.ma_20d, sdi.market_cap, sdi.momentum_12m, sdi.momentum_3m, sdi.rsi_14, sdi.ticker, sdi.volatility_20d FROM stocks_daily_info sdi WHERE sdi.market = 'KOSDAQ' AND sdi.market_cap >= 221500000000 AND sdi.event_date = DATE '2023-07-20' ORDER BY sdi.momentum_3m asc, sdi.momentum_12m asc, sdi.rsi_14 desc, sdi.volatility_20d asc LIMIT 37;",
  "baseline_execution_plan": {
    "Plan": {
      "Node Type": "Limit",
      "Parallel Aware": false,
      "Async Capable": false,
      "Startup Cost": 20.41,
      "Total Cost": 20.41,
      "Plan Rows": 1,
      "Plan Width": 64,
      "Plans": [
        {
          "Node Type": "Sort",
          "Parent Relationship": "Outer",
          "Parallel Aware": false,
          "Async Capable": false,
          "Startup Cost": 20.41,
          "Total Cost": 20.41,
          "Plan Rows": 1,
          "Plan Width": 64,
          "Sort Key": [
            "momentum_3m",
            "momentum_12m",
            "rsi_14 DESC",
            "volatility_20d"
          ],
          "Plans": [
            {
              "Node Type": "Bitmap Heap Scan",
              "Parent Relationship": "Outer",
              "Parallel Aware": false,
              "Async Capable": false,
              "Relation Name": "stocks_daily_info",
              "Alias": "sdi",
              "Startup Cost": 2.36,
              "Total Cost": 20.4,
              "Plan Rows": 1,
              "Plan Width": 64,
              "Recheck Cond": "(event_date = '2023-07-20'::date)",
              "Filter": "((market_cap >= '221500000000'::numeric) AND (market = 'KOSDAQ'::text))",
              "Plans": [
                {
                  "Node Type": "Bitmap Index Scan",
                  "Parent Relationship": "Outer",
                  "Parallel Aware": false,
                  "Async Capable": false,
                  "Index Name": "idx_sdi_event_date",
                  "Startup Cost": 0.0,
                  "Total Cost": 2.36,
                  "Plan Rows": 10,
                  "Plan Width": 0,
                  "Index Cond": "(event_date = '2023-07-20'::date)"
                }
              ]
            }
          ]
        }
      ]
    }
  },
  "db_statistics": {
    "table_stats": {
      "stocks_daily_info": {
        "row_count": 12700,
        "size_mb": 1.71
      },
      "fundamentals_daily": {
        "row_count": 12080,
        "size_mb": 2.33
      },
      "financials_quarterly": {
        "row_count": 8634,
        "size_mb": 0.8
      }
    },
    "existing_indexes": [
      "backtest_results_pkey",
      "community_posts_pkey",
      "financials_quarterly_pkey",
      "fundamentals_daily_pkey",
      "idx_finq_period_end",
      "idx_finq_ticker",
      "idx_fund_event_date",
      "idx_fund_ticker",
      "idx_sdi_event_date",
      "idx_sdi_ticker",
      "ix_backtest_results_strategy_id",
      "ix_community_posts_author_id",
      "ix_community_posts_strategy_id",
      "ix_ml_models_owner_id",
      "ix_strategies_owner_id",
      "ix_users_email",
      "ml_models_pkey",
      "stocks_daily_info_pkey",
      "strategies_pkey",
      "users_pkey"
    ]
  }
}
---
{
  "workload_id": 2700,
  "metadata": {
    "strategy_template": "Momentum Investing Style",
    "ml_model_used": null
  },
  "sql_query": "SELECT sdi.close_price, sdi.company_name, sdi.ma_20d, sdi.market_cap, sdi.momentum_12m, sdi.momentum_3m, sdi.rsi_14, sdi.ticker, sdi.volatility_20d FROM stocks_daily_info sdi WHERE sdi.market = 'KOSPI' AND sdi.market_cap >= 232100000000 AND sdi.event_date = DATE '2023-07-21' ORDER BY sdi.momentum_3m desc, sdi.momentum_12m asc, sdi.rsi_14 desc, sdi.volatility_20d desc LIMIT 50;",
  "baseline_execution_plan": {
    "Plan": {
      "Node Type": "Limit",
      "Parallel Aware": false,
      "Async Capable": false,
      "Startup Cost": 20.41,
      "Total Cost": 20.41,
      "Plan Rows": 1,
      "Plan Width": 64,
      "Plans": [
        {
          "Node Type": "Sort",
          "Parent Relationship": "Outer",
          "Parallel Aware": false,
          "Async Capable": false,
          "Startup Cost": 20.41,
          "Total Cost": 20.41,
          "Plan Rows": 1,
          "Plan Width": 64,
          "Sort Key": [
            "momentum_3m DESC",
            "momentum_12m",
            "rsi_14 DESC",
            "volatility_20d DESC"
          ],
          "Plans": [
            {
              "Node Type": "Bitmap Heap Scan",
              "Parent Relationship": "Outer",
              "Parallel Aware": false,
              "Async Capable": false,
              "Relation Name": "stocks_daily_info",
              "Alias": "sdi",
              "Startup Cost": 2.36,
              "Total Cost": 20.4,
              "Plan Rows": 1,
              "Plan Width": 64,
              "Recheck Cond": "(event_date = '2023-07-21'::date)",
              "Filter": "((market_cap >= '232100000000'::numeric) AND (market = 'KOSPI'::text))",
              "Plans": [
                {
                  "Node Type": "Bitmap Index Scan",
                  "Parent Relationship": "Outer",
                  "Parallel Aware": false,
                  "Async Capable": false,
                  "Index Name": "idx_sdi_event_date",
                  "Startup Cost": 0.0,
                  "Total Cost": 2.36,
                  "Plan Rows": 10,
                  "Plan Width": 0,
                  "Index Cond": "(event_date = '2023-07-21'::date)"
                }
              ]
            }
          ]
        }
      ]
    }
  },
  "db_statistics": {
    "table_stats": {
      "stocks_daily_info": {
        "row_count": 12700,
        "size_mb": 1.71
      },
      "fundamentals_daily": {
        "row_count": 12080,
        "size_mb": 2.33
      },
      "financials_quarterly": {
        "row_count": 8634,
        "size_mb": 0.8
      }
    },
    "existing_indexes": [
      "backtest_results_pkey",
      "community_posts_pkey",
      "financials_quarterly_pkey",
      "fundamentals_daily_pkey",
      "idx_finq_period_end",
      "idx_finq_ticker",
      "idx_fund_event_date",
      "idx_fund_ticker",
      "idx_sdi_event_date",
      "idx_sdi_ticker",
      "ix_backtest_results_strategy_id",
      "ix_community_posts_author_id",
      "ix_community_posts_strategy_id",
      "ix_ml_models_owner_id",
      "ix_strategies_owner_id",
      "ix_users_email",
      "ml_models_pkey",
      "stocks_daily_info_pkey",
      "strategies_pkey",
      "users_pkey"
    ]
  }
}
---
