{
  "workload_id": 4001,
  "metadata": {
    "strategy_template": "Momentum Investing Style",
    "ml_model_used": null
  },
  "sql_query": "SELECT ( SELECT COALESCE(SUM(value), 0) FROM ( SELECT value FROM financials_quarterly fq WHERE fq.ticker = sdi.ticker AND fq.item_name = 'OperatingIncome' AND fq.statement_type IN ('IS_Q','CF_Q') AND fq.period_end <= DATE '2023-08-23' ORDER BY fq.period_end DESC LIMIT 4 ) as recent_quarters ) AS ttm_operatingincome , sdi.close_price, sdi.company_name, sdi.ma_20d, sdi.market_cap, sdi.momentum_12m, sdi.momentum_3m, sdi.rsi_14, sdi.ticker, sdi.volatility_20d FROM stocks_daily_info sdi WHERE sdi.market = 'KOSDAQ' AND sdi.market_cap >= 99100000000 AND sdi.event_date = DATE '2023-08-23' ORDER BY sdi.momentum_3m asc, sdi.momentum_12m asc, sdi.rsi_14 asc, sdi.volatility_20d desc LIMIT 30;",
  "baseline_execution_plan": {
    "Plan": {
      "Node Type": "Limit",
      "Parallel Aware": false,
      "Async Capable": false,
      "Startup Cost": 20.41,
      "Total Cost": 24.7,
      "Plan Rows": 1,
      "Plan Width": 96,
      "Plans": [
        {
          "Node Type": "Result",
          "Parent Relationship": "Outer",
          "Parallel Aware": false,
          "Async Capable": false,
          "Startup Cost": 20.41,
          "Total Cost": 24.7,
          "Plan Rows": 1,
          "Plan Width": 96,
          "Plans": [
            {
              "Node Type": "Sort",
              "Parent Relationship": "Outer",
              "Parallel Aware": false,
              "Async Capable": false,
              "Startup Cost": 20.41,
              "Total Cost": 20.41,
              "Plan Rows": 1,
              "Plan Width": 64,
              "Sort Key": [
                "sdi.momentum_3m",
                "sdi.momentum_12m",
                "sdi.rsi_14",
                "sdi.volatility_20d DESC"
              ],
              "Plans": [
                {
                  "Node Type": "Bitmap Heap Scan",
                  "Parent Relationship": "Outer",
                  "Parallel Aware": false,
                  "Async Capable": false,
                  "Relation Name": "stocks_daily_info",
                  "Alias": "sdi",
                  "Startup Cost": 2.36,
                  "Total Cost": 20.4,
                  "Plan Rows": 1,
                  "Plan Width": 64,
                  "Recheck Cond": "(event_date = '2023-08-23'::date)",
                  "Filter": "((market_cap >= '99100000000'::numeric) AND (market = 'KOSDAQ'::text))",
                  "Plans": [
                    {
                      "Node Type": "Bitmap Index Scan",
                      "Parent Relationship": "Outer",
                      "Parallel Aware": false,
                      "Async Capable": false,
                      "Index Name": "idx_sdi_event_date",
                      "Startup Cost": 0.0,
                      "Total Cost": 2.36,
                      "Plan Rows": 10,
                      "Plan Width": 0,
                      "Index Cond": "(event_date = '2023-08-23'::date)"
                    }
                  ]
                }
              ]
            },
            {
              "Node Type": "Aggregate",
              "Strategy": "Plain",
              "Partial Mode": "Simple",
              "Parent Relationship": "SubPlan",
              "Subplan Name": "SubPlan 1",
              "Parallel Aware": false,
              "Async Capable": false,
              "Startup Cost": 4.27,
              "Total Cost": 4.28,
              "Plan Rows": 1,
              "Plan Width": 32,
              "Plans": [
                {
                  "Node Type": "Limit",
                  "Parent Relationship": "Outer",
                  "Parallel Aware": false,
                  "Async Capable": false,
                  "Startup Cost": 0.29,
                  "Total Cost": 4.25,
                  "Plan Rows": 1,
                  "Plan Width": 12,
                  "Plans": [
                    {
                      "Node Type": "Index Scan",
                      "Parent Relationship": "Outer",
                      "Parallel Aware": false,
                      "Async Capable": false,
                      "Scan Direction": "Backward",
                      "Index Name": "idx_finq_period_end",
                      "Relation Name": "financials_quarterly",
                      "Alias": "fq",
                      "Startup Cost": 0.29,
                      "Total Cost": 4.25,
                      "Plan Rows": 1,
                      "Plan Width": 12,
                      "Index Cond": "(period_end <= '2023-08-23'::date)",
                      "Filter": "((statement_type = ANY ('{IS_Q,CF_Q}'::text[])) AND (ticker = sdi.ticker) AND (item_name = 'OperatingIncome'::text))"
                    }
                  ]
                }
              ]
            }
          ]
        }
      ]
    }
  },
  "db_statistics": {
    "table_stats": {
      "stocks_daily_info": {
        "row_count": 12700,
        "size_mb": 1.71
      },
      "fundamentals_daily": {
        "row_count": 12080,
        "size_mb": 2.33
      },
      "financials_quarterly": {
        "row_count": 8634,
        "size_mb": 0.8
      }
    },
    "existing_indexes": [
      "backtest_results_pkey",
      "community_posts_pkey",
      "financials_quarterly_pkey",
      "fundamentals_daily_pkey",
      "idx_finq_period_end",
      "idx_finq_ticker",
      "idx_fund_event_date",
      "idx_fund_ticker",
      "idx_sdi_event_date",
      "idx_sdi_ticker",
      "ix_backtest_results_strategy_id",
      "ix_community_posts_author_id",
      "ix_community_posts_strategy_id",
      "ix_ml_models_owner_id",
      "ix_strategies_owner_id",
      "ix_users_email",
      "ml_models_pkey",
      "stocks_daily_info_pkey",
      "strategies_pkey",
      "users_pkey"
    ]
  }
}
---
{
  "workload_id": 4002,
  "metadata": {
    "strategy_template": "Value Investing Style",
    "ml_model_used": null
  },
  "sql_query": "SELECT fd.bps, fd.dividend_yield, fd.eps, fd.pbr, fd.per, sdi.close_price, sdi.company_name, sdi.ma_20d, sdi.market_cap, sdi.momentum_12m, sdi.momentum_3m, sdi.rsi_14, sdi.ticker, sdi.volatility_20d FROM stocks_daily_info sdi LEFT JOIN fundamentals_daily fd ON fd.ticker = sdi.ticker AND fd.event_date = sdi.event_date WHERE sdi.market = 'KOSDAQ' AND sdi.market_cap >= 61700000000 AND sdi.event_date = DATE '2023-08-18' ORDER BY fd.pbr asc, fd.per desc LIMIT 24;",
  "baseline_execution_plan": {
    "Plan": {
      "Node Type": "Limit",
      "Parallel Aware": false,
      "Async Capable": false,
      "Startup Cost": 24.72,
      "Total Cost": 24.73,
      "Plan Rows": 1,
      "Plan Width": 105,
      "Plans": [
        {
          "Node Type": "Sort",
          "Parent Relationship": "Outer",
          "Parallel Aware": false,
          "Async Capable": false,
          "Startup Cost": 24.72,
          "Total Cost": 24.73,
          "Plan Rows": 1,
          "Plan Width": 105,
          "Sort Key": [
            "fd.pbr",
            "fd.per DESC"
          ],
          "Plans": [
            {
              "Node Type": "Nested Loop",
              "Parent Relationship": "Outer",
              "Parallel Aware": false,
              "Async Capable": false,
              "Join Type": "Left",
              "Startup Cost": 2.65,
              "Total Cost": 24.71,
              "Plan Rows": 1,
              "Plan Width": 105,
              "Inner Unique": true,
              "Plans": [
                {
                  "Node Type": "Bitmap Heap Scan",
                  "Parent Relationship": "Outer",
                  "Parallel Aware": false,
                  "Async Capable": false,
                  "Relation Name": "stocks_daily_info",
                  "Alias": "sdi",
                  "Startup Cost": 2.36,
                  "Total Cost": 20.4,
                  "Plan Rows": 1,
                  "Plan Width": 68,
                  "Recheck Cond": "(event_date = '2023-08-18'::date)",
                  "Filter": "((market_cap >= '61700000000'::numeric) AND (market = 'KOSDAQ'::text))",
                  "Plans": [
                    {
                      "Node Type": "Bitmap Index Scan",
                      "Parent Relationship": "Outer",
                      "Parallel Aware": false,
                      "Async Capable": false,
                      "Index Name": "idx_sdi_event_date",
                      "Startup Cost": 0.0,
                      "Total Cost": 2.36,
                      "Plan Rows": 10,
                      "Plan Width": 0,
                      "Index Cond": "(event_date = '2023-08-18'::date)"
                    }
                  ]
                },
                {
                  "Node Type": "Index Scan",
                  "Parent Relationship": "Inner",
                  "Parallel Aware": false,
                  "Async Capable": false,
                  "Scan Direction": "Forward",
                  "Index Name": "fundamentals_daily_pkey",
                  "Relation Name": "fundamentals_daily",
                  "Alias": "fd",
                  "Startup Cost": 0.29,
                  "Total Cost": 4.3,
                  "Plan Rows": 1,
                  "Plan Width": 55,
                  "Index Cond": "((event_date = '2023-08-18'::date) AND (ticker = sdi.ticker))"
                }
              ]
            }
          ]
        }
      ]
    }
  },
  "db_statistics": {
    "table_stats": {
      "stocks_daily_info": {
        "row_count": 12700,
        "size_mb": 1.71
      },
      "fundamentals_daily": {
        "row_count": 12080,
        "size_mb": 2.33
      },
      "financials_quarterly": {
        "row_count": 8634,
        "size_mb": 0.8
      }
    },
    "existing_indexes": [
      "backtest_results_pkey",
      "community_posts_pkey",
      "financials_quarterly_pkey",
      "fundamentals_daily_pkey",
      "idx_finq_period_end",
      "idx_finq_ticker",
      "idx_fund_event_date",
      "idx_fund_ticker",
      "idx_sdi_event_date",
      "idx_sdi_ticker",
      "ix_backtest_results_strategy_id",
      "ix_community_posts_author_id",
      "ix_community_posts_strategy_id",
      "ix_ml_models_owner_id",
      "ix_strategies_owner_id",
      "ix_users_email",
      "ml_models_pkey",
      "stocks_daily_info_pkey",
      "strategies_pkey",
      "users_pkey"
    ]
  }
}
---
{
  "workload_id": 4003,
  "metadata": {
    "strategy_template": "ML Hybrid Style",
    "ml_model_used": "Return Forecast Model"
  },
  "sql_query": "SELECT ( SELECT COALESCE(SUM(value), 0) FROM ( SELECT value FROM financials_quarterly fq WHERE fq.ticker = sdi.ticker AND fq.item_name = 'NetIncome' AND fq.statement_type IN ('IS_Q','CF_Q') AND fq.period_end <= DATE '2023-05-04' ORDER BY fq.period_end DESC LIMIT 4 ) as recent_quarters ) AS ttm_netincome , fd.bps, fd.dividend_yield, fd.eps, fd.pbr, fd.per, sdi.close_price, sdi.company_name, sdi.ma_20d, sdi.market_cap, sdi.momentum_12m, sdi.momentum_3m, sdi.rsi_14, sdi.ticker, sdi.volatility_20d FROM stocks_daily_info sdi LEFT JOIN fundamentals_daily fd ON fd.ticker = sdi.ticker AND fd.event_date = sdi.event_date WHERE sdi.market = 'KOSDAQ' AND sdi.market_cap >= 489300000000 AND sdi.event_date = DATE '2023-05-04' ORDER BY CASE sdi.ticker WHEN '000660.KS' THEN 1 WHEN '005930.KS' THEN 2 WHEN '068270.KQ' THEN 3 WHEN '207940.KS' THEN 4 WHEN '035420.KS' THEN 5 WHEN '005380.KS' THEN 6 WHEN '051910.KS' THEN 7 WHEN '012330.KS' THEN 8 WHEN '035720.KS' THEN 9 WHEN '105560.KS' THEN 10 ELSE 11 END LIMIT 38;",
  "baseline_execution_plan": {
    "Plan": {
      "Node Type": "Limit",
      "Parallel Aware": false,
      "Async Capable": false,
      "Startup Cost": 24.75,
      "Total Cost": 29.07,
      "Plan Rows": 1,
      "Plan Width": 141,
      "Plans": [
        {
          "Node Type": "Result",
          "Parent Relationship": "Outer",
          "Parallel Aware": false,
          "Async Capable": false,
          "Startup Cost": 24.75,
          "Total Cost": 29.07,
          "Plan Rows": 1,
          "Plan Width": 141,
          "Plans": [
            {
              "Node Type": "Sort",
              "Parent Relationship": "Outer",
              "Parallel Aware": false,
              "Async Capable": false,
              "Startup Cost": 24.75,
              "Total Cost": 24.75,
              "Plan Rows": 1,
              "Plan Width": 109,
              "Sort Key": [
                "(CASE sdi.ticker WHEN '000660.KS'::text THEN 1 WHEN '005930.KS'::text THEN 2 WHEN '068270.KQ'::text THEN 3 WHEN '207940.KS'::text THEN 4 WHEN '035420.KS'::text THEN 5 WHEN '005380.KS'::text THEN 6 WHEN '051910.KS'::text THEN 7 WHEN '012330.KS'::text THEN 8 WHEN '035720.KS'::text THEN 9 WHEN '105560.KS'::text THEN 10 ELSE 11 END)"
              ],
              "Plans": [
                {
                  "Node Type": "Nested Loop",
                  "Parent Relationship": "Outer",
                  "Parallel Aware": false,
                  "Async Capable": false,
                  "Join Type": "Left",
                  "Startup Cost": 2.65,
                  "Total Cost": 24.74,
                  "Plan Rows": 1,
                  "Plan Width": 109,
                  "Inner Unique": true,
                  "Plans": [
                    {
                      "Node Type": "Bitmap Heap Scan",
                      "Parent Relationship": "Outer",
                      "Parallel Aware": false,
                      "Async Capable": false,
                      "Relation Name": "stocks_daily_info",
                      "Alias": "sdi",
                      "Startup Cost": 2.36,
                      "Total Cost": 20.4,
                      "Plan Rows": 1,
                      "Plan Width": 68,
                      "Recheck Cond": "(event_date = '2023-05-04'::date)",
                      "Filter": "((market_cap >= '489300000000'::numeric) AND (market = 'KOSDAQ'::text))",
                      "Plans": [
                        {
                          "Node Type": "Bitmap Index Scan",
                          "Parent Relationship": "Outer",
                          "Parallel Aware": false,
                          "Async Capable": false,
                          "Index Name": "idx_sdi_event_date",
                          "Startup Cost": 0.0,
                          "Total Cost": 2.36,
                          "Plan Rows": 10,
                          "Plan Width": 0,
                          "Index Cond": "(event_date = '2023-05-04'::date)"
                        }
                      ]
                    },
                    {
                      "Node Type": "Index Scan",
                      "Parent Relationship": "Inner",
                      "Parallel Aware": false,
                      "Async Capable": false,
                      "Scan Direction": "Forward",
                      "Index Name": "fundamentals_daily_pkey",
                      "Relation Name": "fundamentals_daily",
                      "Alias": "fd",
                      "Startup Cost": 0.29,
                      "Total Cost": 4.3,
                      "Plan Rows": 1,
                      "Plan Width": 55,
                      "Index Cond": "((event_date = '2023-05-04'::date) AND (ticker = sdi.ticker))"
                    }
                  ]
                }
              ]
            },
            {
              "Node Type": "Aggregate",
              "Strategy": "Plain",
              "Partial Mode": "Simple",
              "Parent Relationship": "SubPlan",
              "Subplan Name": "SubPlan 1",
              "Parallel Aware": false,
              "Async Capable": false,
              "Startup Cost": 4.27,
              "Total Cost": 4.28,
              "Plan Rows": 1,
              "Plan Width": 32,
              "Plans": [
                {
                  "Node Type": "Limit",
                  "Parent Relationship": "Outer",
                  "Parallel Aware": false,
                  "Async Capable": false,
                  "Startup Cost": 0.29,
                  "Total Cost": 4.25,
                  "Plan Rows": 1,
                  "Plan Width": 12,
                  "Plans": [
                    {
                      "Node Type": "Index Scan",
                      "Parent Relationship": "Outer",
                      "Parallel Aware": false,
                      "Async Capable": false,
                      "Scan Direction": "Backward",
                      "Index Name": "idx_finq_period_end",
                      "Relation Name": "financials_quarterly",
                      "Alias": "fq",
                      "Startup Cost": 0.29,
                      "Total Cost": 4.25,
                      "Plan Rows": 1,
                      "Plan Width": 12,
                      "Index Cond": "(period_end <= '2023-05-04'::date)",
                      "Filter": "((statement_type = ANY ('{IS_Q,CF_Q}'::text[])) AND (ticker = sdi.ticker) AND (item_name = 'NetIncome'::text))"
                    }
                  ]
                }
              ]
            }
          ]
        }
      ]
    }
  },
  "db_statistics": {
    "table_stats": {
      "stocks_daily_info": {
        "row_count": 12700,
        "size_mb": 1.71
      },
      "fundamentals_daily": {
        "row_count": 12080,
        "size_mb": 2.33
      },
      "financials_quarterly": {
        "row_count": 8634,
        "size_mb": 0.8
      }
    },
    "existing_indexes": [
      "backtest_results_pkey",
      "community_posts_pkey",
      "financials_quarterly_pkey",
      "fundamentals_daily_pkey",
      "idx_finq_period_end",
      "idx_finq_ticker",
      "idx_fund_event_date",
      "idx_fund_ticker",
      "idx_sdi_event_date",
      "idx_sdi_ticker",
      "ix_backtest_results_strategy_id",
      "ix_community_posts_author_id",
      "ix_community_posts_strategy_id",
      "ix_ml_models_owner_id",
      "ix_strategies_owner_id",
      "ix_users_email",
      "ml_models_pkey",
      "stocks_daily_info_pkey",
      "strategies_pkey",
      "users_pkey"
    ]
  }
}
---
{
  "workload_id": 4004,
  "metadata": {
    "strategy_template": "Momentum Investing Style",
    "ml_model_used": null
  },
  "sql_query": "SELECT sdi.close_price, sdi.company_name, sdi.ma_20d, sdi.market_cap, sdi.momentum_12m, sdi.momentum_3m, sdi.rsi_14, sdi.ticker, sdi.volatility_20d FROM stocks_daily_info sdi WHERE sdi.market = 'KOSDAQ' AND sdi.market_cap >= 333800000000 AND sdi.event_date = DATE '2023-07-02' ORDER BY sdi.momentum_3m asc, sdi.momentum_12m asc, sdi.volatility_20d desc, sdi.rsi_14 asc LIMIT 25;",
  "baseline_execution_plan": {
    "Plan": {
      "Node Type": "Limit",
      "Parallel Aware": false,
      "Async Capable": false,
      "Startup Cost": 20.41,
      "Total Cost": 20.41,
      "Plan Rows": 1,
      "Plan Width": 64,
      "Plans": [
        {
          "Node Type": "Sort",
          "Parent Relationship": "Outer",
          "Parallel Aware": false,
          "Async Capable": false,
          "Startup Cost": 20.41,
          "Total Cost": 20.41,
          "Plan Rows": 1,
          "Plan Width": 64,
          "Sort Key": [
            "momentum_3m",
            "momentum_12m",
            "volatility_20d DESC",
            "rsi_14"
          ],
          "Plans": [
            {
              "Node Type": "Bitmap Heap Scan",
              "Parent Relationship": "Outer",
              "Parallel Aware": false,
              "Async Capable": false,
              "Relation Name": "stocks_daily_info",
              "Alias": "sdi",
              "Startup Cost": 2.36,
              "Total Cost": 20.4,
              "Plan Rows": 1,
              "Plan Width": 64,
              "Recheck Cond": "(event_date = '2023-07-02'::date)",
              "Filter": "((market_cap >= '333800000000'::numeric) AND (market = 'KOSDAQ'::text))",
              "Plans": [
                {
                  "Node Type": "Bitmap Index Scan",
                  "Parent Relationship": "Outer",
                  "Parallel Aware": false,
                  "Async Capable": false,
                  "Index Name": "idx_sdi_event_date",
                  "Startup Cost": 0.0,
                  "Total Cost": 2.36,
                  "Plan Rows": 10,
                  "Plan Width": 0,
                  "Index Cond": "(event_date = '2023-07-02'::date)"
                }
              ]
            }
          ]
        }
      ]
    }
  },
  "db_statistics": {
    "table_stats": {
      "stocks_daily_info": {
        "row_count": 12700,
        "size_mb": 1.71
      },
      "fundamentals_daily": {
        "row_count": 12080,
        "size_mb": 2.33
      },
      "financials_quarterly": {
        "row_count": 8634,
        "size_mb": 0.8
      }
    },
    "existing_indexes": [
      "backtest_results_pkey",
      "community_posts_pkey",
      "financials_quarterly_pkey",
      "fundamentals_daily_pkey",
      "idx_finq_period_end",
      "idx_finq_ticker",
      "idx_fund_event_date",
      "idx_fund_ticker",
      "idx_sdi_event_date",
      "idx_sdi_ticker",
      "ix_backtest_results_strategy_id",
      "ix_community_posts_author_id",
      "ix_community_posts_strategy_id",
      "ix_ml_models_owner_id",
      "ix_strategies_owner_id",
      "ix_users_email",
      "ml_models_pkey",
      "stocks_daily_info_pkey",
      "strategies_pkey",
      "users_pkey"
    ]
  }
}
---
{
  "workload_id": 4005,
  "metadata": {
    "strategy_template": "Value Investing Style",
    "ml_model_used": null
  },
  "sql_query": "SELECT fd.bps, fd.dividend_yield, fd.eps, fd.pbr, fd.per, sdi.close_price, sdi.company_name, sdi.ma_20d, sdi.market_cap, sdi.momentum_12m, sdi.momentum_3m, sdi.rsi_14, sdi.ticker, sdi.volatility_20d FROM stocks_daily_info sdi LEFT JOIN fundamentals_daily fd ON fd.ticker = sdi.ticker AND fd.event_date = sdi.event_date WHERE sdi.market = 'KOSDAQ' AND sdi.market_cap >= 211600000000 AND sdi.event_date = DATE '2023-07-25' ORDER BY fd.pbr desc, fd.per asc, fd.dividend_yield desc, fd.eps asc LIMIT 25;",
  "baseline_execution_plan": {
    "Plan": {
      "Node Type": "Limit",
      "Parallel Aware": false,
      "Async Capable": false,
      "Startup Cost": 24.72,
      "Total Cost": 24.73,
      "Plan Rows": 1,
      "Plan Width": 105,
      "Plans": [
        {
          "Node Type": "Sort",
          "Parent Relationship": "Outer",
          "Parallel Aware": false,
          "Async Capable": false,
          "Startup Cost": 24.72,
          "Total Cost": 24.73,
          "Plan Rows": 1,
          "Plan Width": 105,
          "Sort Key": [
            "fd.pbr DESC",
            "fd.per",
            "fd.dividend_yield DESC",
            "fd.eps"
          ],
          "Plans": [
            {
              "Node Type": "Nested Loop",
              "Parent Relationship": "Outer",
              "Parallel Aware": false,
              "Async Capable": false,
              "Join Type": "Left",
              "Startup Cost": 2.65,
              "Total Cost": 24.71,
              "Plan Rows": 1,
              "Plan Width": 105,
              "Inner Unique": true,
              "Plans": [
                {
                  "Node Type": "Bitmap Heap Scan",
                  "Parent Relationship": "Outer",
                  "Parallel Aware": false,
                  "Async Capable": false,
                  "Relation Name": "stocks_daily_info",
                  "Alias": "sdi",
                  "Startup Cost": 2.36,
                  "Total Cost": 20.4,
                  "Plan Rows": 1,
                  "Plan Width": 68,
                  "Recheck Cond": "(event_date = '2023-07-25'::date)",
                  "Filter": "((market_cap >= '211600000000'::numeric) AND (market = 'KOSDAQ'::text))",
                  "Plans": [
                    {
                      "Node Type": "Bitmap Index Scan",
                      "Parent Relationship": "Outer",
                      "Parallel Aware": false,
                      "Async Capable": false,
                      "Index Name": "idx_sdi_event_date",
                      "Startup Cost": 0.0,
                      "Total Cost": 2.36,
                      "Plan Rows": 10,
                      "Plan Width": 0,
                      "Index Cond": "(event_date = '2023-07-25'::date)"
                    }
                  ]
                },
                {
                  "Node Type": "Index Scan",
                  "Parent Relationship": "Inner",
                  "Parallel Aware": false,
                  "Async Capable": false,
                  "Scan Direction": "Forward",
                  "Index Name": "fundamentals_daily_pkey",
                  "Relation Name": "fundamentals_daily",
                  "Alias": "fd",
                  "Startup Cost": 0.29,
                  "Total Cost": 4.3,
                  "Plan Rows": 1,
                  "Plan Width": 55,
                  "Index Cond": "((event_date = '2023-07-25'::date) AND (ticker = sdi.ticker))"
                }
              ]
            }
          ]
        }
      ]
    }
  },
  "db_statistics": {
    "table_stats": {
      "stocks_daily_info": {
        "row_count": 12700,
        "size_mb": 1.71
      },
      "fundamentals_daily": {
        "row_count": 12080,
        "size_mb": 2.33
      },
      "financials_quarterly": {
        "row_count": 8634,
        "size_mb": 0.8
      }
    },
    "existing_indexes": [
      "backtest_results_pkey",
      "community_posts_pkey",
      "financials_quarterly_pkey",
      "fundamentals_daily_pkey",
      "idx_finq_period_end",
      "idx_finq_ticker",
      "idx_fund_event_date",
      "idx_fund_ticker",
      "idx_sdi_event_date",
      "idx_sdi_ticker",
      "ix_backtest_results_strategy_id",
      "ix_community_posts_author_id",
      "ix_community_posts_strategy_id",
      "ix_ml_models_owner_id",
      "ix_strategies_owner_id",
      "ix_users_email",
      "ml_models_pkey",
      "stocks_daily_info_pkey",
      "strategies_pkey",
      "users_pkey"
    ]
  }
}
---
{
  "workload_id": 4006,
  "metadata": {
    "strategy_template": "ML Hybrid Style",
    "ml_model_used": "Return Forecast Model"
  },
  "sql_query": "SELECT sdi.close_price, sdi.company_name, sdi.ma_20d, sdi.market_cap, sdi.momentum_12m, sdi.momentum_3m, sdi.rsi_14, sdi.ticker, sdi.volatility_20d FROM stocks_daily_info sdi WHERE sdi.market = 'KOSDAQ' AND sdi.market_cap >= 229000000000 AND sdi.event_date = DATE '2023-05-15' ORDER BY CASE sdi.ticker WHEN '000660.KS' THEN 1 WHEN '005930.KS' THEN 2 WHEN '068270.KQ' THEN 3 WHEN '207940.KS' THEN 4 WHEN '035420.KS' THEN 5 WHEN '005380.KS' THEN 6 WHEN '051910.KS' THEN 7 WHEN '012330.KS' THEN 8 WHEN '035720.KS' THEN 9 WHEN '105560.KS' THEN 10 ELSE 11 END LIMIT 21;",
  "baseline_execution_plan": {
    "Plan": {
      "Node Type": "Limit",
      "Parallel Aware": false,
      "Async Capable": false,
      "Startup Cost": 20.43,
      "Total Cost": 20.44,
      "Plan Rows": 1,
      "Plan Width": 68,
      "Plans": [
        {
          "Node Type": "Sort",
          "Parent Relationship": "Outer",
          "Parallel Aware": false,
          "Async Capable": false,
          "Startup Cost": 20.43,
          "Total Cost": 20.44,
          "Plan Rows": 1,
          "Plan Width": 68,
          "Sort Key": [
            "(CASE ticker WHEN '000660.KS'::text THEN 1 WHEN '005930.KS'::text THEN 2 WHEN '068270.KQ'::text THEN 3 WHEN '207940.KS'::text THEN 4 WHEN '035420.KS'::text THEN 5 WHEN '005380.KS'::text THEN 6 WHEN '051910.KS'::text THEN 7 WHEN '012330.KS'::text THEN 8 WHEN '035720.KS'::text THEN 9 WHEN '105560.KS'::text THEN 10 ELSE 11 END)"
          ],
          "Plans": [
            {
              "Node Type": "Bitmap Heap Scan",
              "Parent Relationship": "Outer",
              "Parallel Aware": false,
              "Async Capable": false,
              "Relation Name": "stocks_daily_info",
              "Alias": "sdi",
              "Startup Cost": 2.36,
              "Total Cost": 20.42,
              "Plan Rows": 1,
              "Plan Width": 68,
              "Recheck Cond": "(event_date = '2023-05-15'::date)",
              "Filter": "((market_cap >= '229000000000'::numeric) AND (market = 'KOSDAQ'::text))",
              "Plans": [
                {
                  "Node Type": "Bitmap Index Scan",
                  "Parent Relationship": "Outer",
                  "Parallel Aware": false,
                  "Async Capable": false,
                  "Index Name": "idx_sdi_event_date",
                  "Startup Cost": 0.0,
                  "Total Cost": 2.36,
                  "Plan Rows": 10,
                  "Plan Width": 0,
                  "Index Cond": "(event_date = '2023-05-15'::date)"
                }
              ]
            }
          ]
        }
      ]
    }
  },
  "db_statistics": {
    "table_stats": {
      "stocks_daily_info": {
        "row_count": 12700,
        "size_mb": 1.71
      },
      "fundamentals_daily": {
        "row_count": 12080,
        "size_mb": 2.33
      },
      "financials_quarterly": {
        "row_count": 8634,
        "size_mb": 0.8
      }
    },
    "existing_indexes": [
      "backtest_results_pkey",
      "community_posts_pkey",
      "financials_quarterly_pkey",
      "fundamentals_daily_pkey",
      "idx_finq_period_end",
      "idx_finq_ticker",
      "idx_fund_event_date",
      "idx_fund_ticker",
      "idx_sdi_event_date",
      "idx_sdi_ticker",
      "ix_backtest_results_strategy_id",
      "ix_community_posts_author_id",
      "ix_community_posts_strategy_id",
      "ix_ml_models_owner_id",
      "ix_strategies_owner_id",
      "ix_users_email",
      "ml_models_pkey",
      "stocks_daily_info_pkey",
      "strategies_pkey",
      "users_pkey"
    ]
  }
}
---
{
  "workload_id": 4007,
  "metadata": {
    "strategy_template": "Momentum Investing Style",
    "ml_model_used": null
  },
  "sql_query": "SELECT sdi.close_price, sdi.company_name, sdi.ma_20d, sdi.market_cap, sdi.momentum_12m, sdi.momentum_3m, sdi.rsi_14, sdi.ticker, sdi.volatility_20d FROM stocks_daily_info sdi WHERE sdi.market = 'KOSDAQ' AND sdi.market_cap >= 439700000000 AND sdi.event_date = DATE '2023-07-17' ORDER BY sdi.momentum_3m asc, sdi.momentum_12m asc, sdi.rsi_14 desc, sdi.volatility_20d asc LIMIT 39;",
  "baseline_execution_plan": {
    "Plan": {
      "Node Type": "Limit",
      "Parallel Aware": false,
      "Async Capable": false,
      "Startup Cost": 20.41,
      "Total Cost": 20.41,
      "Plan Rows": 1,
      "Plan Width": 64,
      "Plans": [
        {
          "Node Type": "Sort",
          "Parent Relationship": "Outer",
          "Parallel Aware": false,
          "Async Capable": false,
          "Startup Cost": 20.41,
          "Total Cost": 20.41,
          "Plan Rows": 1,
          "Plan Width": 64,
          "Sort Key": [
            "momentum_3m",
            "momentum_12m",
            "rsi_14 DESC",
            "volatility_20d"
          ],
          "Plans": [
            {
              "Node Type": "Bitmap Heap Scan",
              "Parent Relationship": "Outer",
              "Parallel Aware": false,
              "Async Capable": false,
              "Relation Name": "stocks_daily_info",
              "Alias": "sdi",
              "Startup Cost": 2.36,
              "Total Cost": 20.4,
              "Plan Rows": 1,
              "Plan Width": 64,
              "Recheck Cond": "(event_date = '2023-07-17'::date)",
              "Filter": "((market_cap >= '439700000000'::numeric) AND (market = 'KOSDAQ'::text))",
              "Plans": [
                {
                  "Node Type": "Bitmap Index Scan",
                  "Parent Relationship": "Outer",
                  "Parallel Aware": false,
                  "Async Capable": false,
                  "Index Name": "idx_sdi_event_date",
                  "Startup Cost": 0.0,
                  "Total Cost": 2.36,
                  "Plan Rows": 10,
                  "Plan Width": 0,
                  "Index Cond": "(event_date = '2023-07-17'::date)"
                }
              ]
            }
          ]
        }
      ]
    }
  },
  "db_statistics": {
    "table_stats": {
      "stocks_daily_info": {
        "row_count": 12700,
        "size_mb": 1.71
      },
      "fundamentals_daily": {
        "row_count": 12080,
        "size_mb": 2.33
      },
      "financials_quarterly": {
        "row_count": 8634,
        "size_mb": 0.8
      }
    },
    "existing_indexes": [
      "backtest_results_pkey",
      "community_posts_pkey",
      "financials_quarterly_pkey",
      "fundamentals_daily_pkey",
      "idx_finq_period_end",
      "idx_finq_ticker",
      "idx_fund_event_date",
      "idx_fund_ticker",
      "idx_sdi_event_date",
      "idx_sdi_ticker",
      "ix_backtest_results_strategy_id",
      "ix_community_posts_author_id",
      "ix_community_posts_strategy_id",
      "ix_ml_models_owner_id",
      "ix_strategies_owner_id",
      "ix_users_email",
      "ml_models_pkey",
      "stocks_daily_info_pkey",
      "strategies_pkey",
      "users_pkey"
    ]
  }
}
---
{
  "workload_id": 4008,
  "metadata": {
    "strategy_template": "Value Investing Style",
    "ml_model_used": null
  },
  "sql_query": "SELECT ( SELECT COALESCE(SUM(value), 0) FROM ( SELECT value FROM financials_quarterly fq WHERE fq.ticker = sdi.ticker AND fq.item_name = 'OperatingCashFlow' AND fq.statement_type IN ('IS_Q','CF_Q') AND fq.period_end <= DATE '2023-10-15' ORDER BY fq.period_end DESC LIMIT 4 ) as recent_quarters ) AS ttm_operatingcashflow , fd.bps, fd.dividend_yield, fd.eps, fd.pbr, fd.per, sdi.close_price, sdi.company_name, sdi.ma_20d, sdi.market_cap, sdi.momentum_12m, sdi.momentum_3m, sdi.rsi_14, sdi.ticker, sdi.volatility_20d FROM stocks_daily_info sdi LEFT JOIN fundamentals_daily fd ON fd.ticker = sdi.ticker AND fd.event_date = sdi.event_date WHERE sdi.market = 'KOSDAQ' AND sdi.market_cap >= 365400000000 AND sdi.event_date = DATE '2023-10-15' ORDER BY fd.pbr desc, fd.per asc, fd.eps asc LIMIT 45;",
  "baseline_execution_plan": {
    "Plan": {
      "Node Type": "Limit",
      "Parallel Aware": false,
      "Async Capable": false,
      "Startup Cost": 24.72,
      "Total Cost": 29.02,
      "Plan Rows": 1,
      "Plan Width": 137,
      "Plans": [
        {
          "Node Type": "Result",
          "Parent Relationship": "Outer",
          "Parallel Aware": false,
          "Async Capable": false,
          "Startup Cost": 24.72,
          "Total Cost": 29.02,
          "Plan Rows": 1,
          "Plan Width": 137,
          "Plans": [
            {
              "Node Type": "Sort",
              "Parent Relationship": "Outer",
              "Parallel Aware": false,
              "Async Capable": false,
              "Startup Cost": 24.72,
              "Total Cost": 24.73,
              "Plan Rows": 1,
              "Plan Width": 105,
              "Sort Key": [
                "fd.pbr DESC",
                "fd.per",
                "fd.eps"
              ],
              "Plans": [
                {
                  "Node Type": "Nested Loop",
                  "Parent Relationship": "Outer",
                  "Parallel Aware": false,
                  "Async Capable": false,
                  "Join Type": "Left",
                  "Startup Cost": 2.65,
                  "Total Cost": 24.71,
                  "Plan Rows": 1,
                  "Plan Width": 105,
                  "Inner Unique": true,
                  "Plans": [
                    {
                      "Node Type": "Bitmap Heap Scan",
                      "Parent Relationship": "Outer",
                      "Parallel Aware": false,
                      "Async Capable": false,
                      "Relation Name": "stocks_daily_info",
                      "Alias": "sdi",
                      "Startup Cost": 2.36,
                      "Total Cost": 20.4,
                      "Plan Rows": 1,
                      "Plan Width": 68,
                      "Recheck Cond": "(event_date = '2023-10-15'::date)",
                      "Filter": "((market_cap >= '365400000000'::numeric) AND (market = 'KOSDAQ'::text))",
                      "Plans": [
                        {
                          "Node Type": "Bitmap Index Scan",
                          "Parent Relationship": "Outer",
                          "Parallel Aware": false,
                          "Async Capable": false,
                          "Index Name": "idx_sdi_event_date",
                          "Startup Cost": 0.0,
                          "Total Cost": 2.36,
                          "Plan Rows": 10,
                          "Plan Width": 0,
                          "Index Cond": "(event_date = '2023-10-15'::date)"
                        }
                      ]
                    },
                    {
                      "Node Type": "Index Scan",
                      "Parent Relationship": "Inner",
                      "Parallel Aware": false,
                      "Async Capable": false,
                      "Scan Direction": "Forward",
                      "Index Name": "fundamentals_daily_pkey",
                      "Relation Name": "fundamentals_daily",
                      "Alias": "fd",
                      "Startup Cost": 0.29,
                      "Total Cost": 4.3,
                      "Plan Rows": 1,
                      "Plan Width": 55,
                      "Index Cond": "((event_date = '2023-10-15'::date) AND (ticker = sdi.ticker))"
                    }
                  ]
                }
              ]
            },
            {
              "Node Type": "Aggregate",
              "Strategy": "Plain",
              "Partial Mode": "Simple",
              "Parent Relationship": "SubPlan",
              "Subplan Name": "SubPlan 1",
              "Parallel Aware": false,
              "Async Capable": false,
              "Startup Cost": 4.27,
              "Total Cost": 4.28,
              "Plan Rows": 1,
              "Plan Width": 32,
              "Plans": [
                {
                  "Node Type": "Limit",
                  "Parent Relationship": "Outer",
                  "Parallel Aware": false,
                  "Async Capable": false,
                  "Startup Cost": 0.29,
                  "Total Cost": 4.25,
                  "Plan Rows": 1,
                  "Plan Width": 12,
                  "Plans": [
                    {
                      "Node Type": "Index Scan",
                      "Parent Relationship": "Outer",
                      "Parallel Aware": false,
                      "Async Capable": false,
                      "Scan Direction": "Backward",
                      "Index Name": "idx_finq_period_end",
                      "Relation Name": "financials_quarterly",
                      "Alias": "fq",
                      "Startup Cost": 0.29,
                      "Total Cost": 4.25,
                      "Plan Rows": 1,
                      "Plan Width": 12,
                      "Index Cond": "(period_end <= '2023-10-15'::date)",
                      "Filter": "((statement_type = ANY ('{IS_Q,CF_Q}'::text[])) AND (ticker = sdi.ticker) AND (item_name = 'OperatingCashFlow'::text))"
                    }
                  ]
                }
              ]
            }
          ]
        }
      ]
    }
  },
  "db_statistics": {
    "table_stats": {
      "stocks_daily_info": {
        "row_count": 12700,
        "size_mb": 1.71
      },
      "fundamentals_daily": {
        "row_count": 12080,
        "size_mb": 2.33
      },
      "financials_quarterly": {
        "row_count": 8634,
        "size_mb": 0.8
      }
    },
    "existing_indexes": [
      "backtest_results_pkey",
      "community_posts_pkey",
      "financials_quarterly_pkey",
      "fundamentals_daily_pkey",
      "idx_finq_period_end",
      "idx_finq_ticker",
      "idx_fund_event_date",
      "idx_fund_ticker",
      "idx_sdi_event_date",
      "idx_sdi_ticker",
      "ix_backtest_results_strategy_id",
      "ix_community_posts_author_id",
      "ix_community_posts_strategy_id",
      "ix_ml_models_owner_id",
      "ix_strategies_owner_id",
      "ix_users_email",
      "ml_models_pkey",
      "stocks_daily_info_pkey",
      "strategies_pkey",
      "users_pkey"
    ]
  }
}
---
{
  "workload_id": 4009,
  "metadata": {
    "strategy_template": "ML Hybrid Style",
    "ml_model_used": null
  },
  "sql_query": "SELECT ( SELECT COALESCE(SUM(value), 0) FROM ( SELECT value FROM financials_quarterly fq WHERE fq.ticker = sdi.ticker AND fq.item_name = 'OperatingIncome' AND fq.statement_type IN ('IS_Q','CF_Q') AND fq.period_end <= DATE '2023-06-03' ORDER BY fq.period_end DESC LIMIT 4 ) as recent_quarters ) AS ttm_operatingincome , fd.bps, fd.dividend_yield, fd.eps, fd.pbr, fd.per, sdi.close_price, sdi.company_name, sdi.ma_20d, sdi.market_cap, sdi.momentum_12m, sdi.momentum_3m, sdi.rsi_14, sdi.ticker, sdi.volatility_20d FROM stocks_daily_info sdi LEFT JOIN fundamentals_daily fd ON fd.ticker = sdi.ticker AND fd.event_date = sdi.event_date WHERE sdi.market = 'KOSPI' AND sdi.market_cap >= 100700000000 AND sdi.event_date = DATE '2023-06-03' ORDER BY sdi.volatility_20d desc, fd.pbr asc, sdi.momentum_3m desc, sdi.rsi_14 desc LIMIT 11;",
  "baseline_execution_plan": {
    "Plan": {
      "Node Type": "Limit",
      "Parallel Aware": false,
      "Async Capable": false,
      "Startup Cost": 24.72,
      "Total Cost": 29.02,
      "Plan Rows": 1,
      "Plan Width": 137,
      "Plans": [
        {
          "Node Type": "Result",
          "Parent Relationship": "Outer",
          "Parallel Aware": false,
          "Async Capable": false,
          "Startup Cost": 24.72,
          "Total Cost": 29.02,
          "Plan Rows": 1,
          "Plan Width": 137,
          "Plans": [
            {
              "Node Type": "Sort",
              "Parent Relationship": "Outer",
              "Parallel Aware": false,
              "Async Capable": false,
              "Startup Cost": 24.72,
              "Total Cost": 24.73,
              "Plan Rows": 1,
              "Plan Width": 105,
              "Sort Key": [
                "sdi.volatility_20d DESC",
                "fd.pbr",
                "sdi.momentum_3m DESC",
                "sdi.rsi_14 DESC"
              ],
              "Plans": [
                {
                  "Node Type": "Nested Loop",
                  "Parent Relationship": "Outer",
                  "Parallel Aware": false,
                  "Async Capable": false,
                  "Join Type": "Left",
                  "Startup Cost": 2.65,
                  "Total Cost": 24.71,
                  "Plan Rows": 1,
                  "Plan Width": 105,
                  "Inner Unique": true,
                  "Plans": [
                    {
                      "Node Type": "Bitmap Heap Scan",
                      "Parent Relationship": "Outer",
                      "Parallel Aware": false,
                      "Async Capable": false,
                      "Relation Name": "stocks_daily_info",
                      "Alias": "sdi",
                      "Startup Cost": 2.36,
                      "Total Cost": 20.4,
                      "Plan Rows": 1,
                      "Plan Width": 68,
                      "Recheck Cond": "(event_date = '2023-06-03'::date)",
                      "Filter": "((market_cap >= '100700000000'::numeric) AND (market = 'KOSPI'::text))",
                      "Plans": [
                        {
                          "Node Type": "Bitmap Index Scan",
                          "Parent Relationship": "Outer",
                          "Parallel Aware": false,
                          "Async Capable": false,
                          "Index Name": "idx_sdi_event_date",
                          "Startup Cost": 0.0,
                          "Total Cost": 2.36,
                          "Plan Rows": 10,
                          "Plan Width": 0,
                          "Index Cond": "(event_date = '2023-06-03'::date)"
                        }
                      ]
                    },
                    {
                      "Node Type": "Index Scan",
                      "Parent Relationship": "Inner",
                      "Parallel Aware": false,
                      "Async Capable": false,
                      "Scan Direction": "Forward",
                      "Index Name": "fundamentals_daily_pkey",
                      "Relation Name": "fundamentals_daily",
                      "Alias": "fd",
                      "Startup Cost": 0.29,
                      "Total Cost": 4.3,
                      "Plan Rows": 1,
                      "Plan Width": 55,
                      "Index Cond": "((event_date = '2023-06-03'::date) AND (ticker = sdi.ticker))"
                    }
                  ]
                }
              ]
            },
            {
              "Node Type": "Aggregate",
              "Strategy": "Plain",
              "Partial Mode": "Simple",
              "Parent Relationship": "SubPlan",
              "Subplan Name": "SubPlan 1",
              "Parallel Aware": false,
              "Async Capable": false,
              "Startup Cost": 4.27,
              "Total Cost": 4.28,
              "Plan Rows": 1,
              "Plan Width": 32,
              "Plans": [
                {
                  "Node Type": "Limit",
                  "Parent Relationship": "Outer",
                  "Parallel Aware": false,
                  "Async Capable": false,
                  "Startup Cost": 0.29,
                  "Total Cost": 4.25,
                  "Plan Rows": 1,
                  "Plan Width": 12,
                  "Plans": [
                    {
                      "Node Type": "Index Scan",
                      "Parent Relationship": "Outer",
                      "Parallel Aware": false,
                      "Async Capable": false,
                      "Scan Direction": "Backward",
                      "Index Name": "idx_finq_period_end",
                      "Relation Name": "financials_quarterly",
                      "Alias": "fq",
                      "Startup Cost": 0.29,
                      "Total Cost": 4.25,
                      "Plan Rows": 1,
                      "Plan Width": 12,
                      "Index Cond": "(period_end <= '2023-06-03'::date)",
                      "Filter": "((statement_type = ANY ('{IS_Q,CF_Q}'::text[])) AND (ticker = sdi.ticker) AND (item_name = 'OperatingIncome'::text))"
                    }
                  ]
                }
              ]
            }
          ]
        }
      ]
    }
  },
  "db_statistics": {
    "table_stats": {
      "stocks_daily_info": {
        "row_count": 12700,
        "size_mb": 1.71
      },
      "fundamentals_daily": {
        "row_count": 12080,
        "size_mb": 2.33
      },
      "financials_quarterly": {
        "row_count": 8634,
        "size_mb": 0.8
      }
    },
    "existing_indexes": [
      "backtest_results_pkey",
      "community_posts_pkey",
      "financials_quarterly_pkey",
      "fundamentals_daily_pkey",
      "idx_finq_period_end",
      "idx_finq_ticker",
      "idx_fund_event_date",
      "idx_fund_ticker",
      "idx_sdi_event_date",
      "idx_sdi_ticker",
      "ix_backtest_results_strategy_id",
      "ix_community_posts_author_id",
      "ix_community_posts_strategy_id",
      "ix_ml_models_owner_id",
      "ix_strategies_owner_id",
      "ix_users_email",
      "ml_models_pkey",
      "stocks_daily_info_pkey",
      "strategies_pkey",
      "users_pkey"
    ]
  }
}
---
{
  "workload_id": 4010,
  "metadata": {
    "strategy_template": "ML Hybrid Style",
    "ml_model_used": "Return Forecast Model"
  },
  "sql_query": "SELECT fd.bps, fd.dividend_yield, fd.eps, fd.pbr, fd.per, sdi.close_price, sdi.company_name, sdi.ma_20d, sdi.market_cap, sdi.momentum_12m, sdi.momentum_3m, sdi.rsi_14, sdi.ticker, sdi.volatility_20d FROM stocks_daily_info sdi LEFT JOIN fundamentals_daily fd ON fd.ticker = sdi.ticker AND fd.event_date = sdi.event_date WHERE sdi.market = 'KOSPI' AND sdi.market_cap >= 115500000000 AND sdi.event_date = DATE '2023-05-11' ORDER BY CASE sdi.ticker WHEN '000660.KS' THEN 1 WHEN '005930.KS' THEN 2 WHEN '068270.KQ' THEN 3 WHEN '207940.KS' THEN 4 WHEN '035420.KS' THEN 5 WHEN '005380.KS' THEN 6 WHEN '051910.KS' THEN 7 WHEN '012330.KS' THEN 8 WHEN '035720.KS' THEN 9 WHEN '105560.KS' THEN 10 ELSE 11 END LIMIT 10;",
  "baseline_execution_plan": {
    "Plan": {
      "Node Type": "Limit",
      "Parallel Aware": false,
      "Async Capable": false,
      "Startup Cost": 24.75,
      "Total Cost": 24.75,
      "Plan Rows": 1,
      "Plan Width": 109,
      "Plans": [
        {
          "Node Type": "Sort",
          "Parent Relationship": "Outer",
          "Parallel Aware": false,
          "Async Capable": false,
          "Startup Cost": 24.75,
          "Total Cost": 24.75,
          "Plan Rows": 1,
          "Plan Width": 109,
          "Sort Key": [
            "(CASE sdi.ticker WHEN '000660.KS'::text THEN 1 WHEN '005930.KS'::text THEN 2 WHEN '068270.KQ'::text THEN 3 WHEN '207940.KS'::text THEN 4 WHEN '035420.KS'::text THEN 5 WHEN '005380.KS'::text THEN 6 WHEN '051910.KS'::text THEN 7 WHEN '012330.KS'::text THEN 8 WHEN '035720.KS'::text THEN 9 WHEN '105560.KS'::text THEN 10 ELSE 11 END)"
          ],
          "Plans": [
            {
              "Node Type": "Nested Loop",
              "Parent Relationship": "Outer",
              "Parallel Aware": false,
              "Async Capable": false,
              "Join Type": "Left",
              "Startup Cost": 2.65,
              "Total Cost": 24.74,
              "Plan Rows": 1,
              "Plan Width": 109,
              "Inner Unique": true,
              "Plans": [
                {
                  "Node Type": "Bitmap Heap Scan",
                  "Parent Relationship": "Outer",
                  "Parallel Aware": false,
                  "Async Capable": false,
                  "Relation Name": "stocks_daily_info",
                  "Alias": "sdi",
                  "Startup Cost": 2.36,
                  "Total Cost": 20.4,
                  "Plan Rows": 1,
                  "Plan Width": 68,
                  "Recheck Cond": "(event_date = '2023-05-11'::date)",
                  "Filter": "((market_cap >= '115500000000'::numeric) AND (market = 'KOSPI'::text))",
                  "Plans": [
                    {
                      "Node Type": "Bitmap Index Scan",
                      "Parent Relationship": "Outer",
                      "Parallel Aware": false,
                      "Async Capable": false,
                      "Index Name": "idx_sdi_event_date",
                      "Startup Cost": 0.0,
                      "Total Cost": 2.36,
                      "Plan Rows": 10,
                      "Plan Width": 0,
                      "Index Cond": "(event_date = '2023-05-11'::date)"
                    }
                  ]
                },
                {
                  "Node Type": "Index Scan",
                  "Parent Relationship": "Inner",
                  "Parallel Aware": false,
                  "Async Capable": false,
                  "Scan Direction": "Forward",
                  "Index Name": "fundamentals_daily_pkey",
                  "Relation Name": "fundamentals_daily",
                  "Alias": "fd",
                  "Startup Cost": 0.29,
                  "Total Cost": 4.3,
                  "Plan Rows": 1,
                  "Plan Width": 55,
                  "Index Cond": "((event_date = '2023-05-11'::date) AND (ticker = sdi.ticker))"
                }
              ]
            }
          ]
        }
      ]
    }
  },
  "db_statistics": {
    "table_stats": {
      "stocks_daily_info": {
        "row_count": 12700,
        "size_mb": 1.71
      },
      "fundamentals_daily": {
        "row_count": 12080,
        "size_mb": 2.33
      },
      "financials_quarterly": {
        "row_count": 8634,
        "size_mb": 0.8
      }
    },
    "existing_indexes": [
      "backtest_results_pkey",
      "community_posts_pkey",
      "financials_quarterly_pkey",
      "fundamentals_daily_pkey",
      "idx_finq_period_end",
      "idx_finq_ticker",
      "idx_fund_event_date",
      "idx_fund_ticker",
      "idx_sdi_event_date",
      "idx_sdi_ticker",
      "ix_backtest_results_strategy_id",
      "ix_community_posts_author_id",
      "ix_community_posts_strategy_id",
      "ix_ml_models_owner_id",
      "ix_strategies_owner_id",
      "ix_users_email",
      "ml_models_pkey",
      "stocks_daily_info_pkey",
      "strategies_pkey",
      "users_pkey"
    ]
  }
}
---
{
  "workload_id": 4011,
  "metadata": {
    "strategy_template": "ML Hybrid Style",
    "ml_model_used": "Return Forecast Model"
  },
  "sql_query": "SELECT ( SELECT COALESCE(SUM(value), 0) FROM ( SELECT value FROM financials_quarterly fq WHERE fq.ticker = sdi.ticker AND fq.item_name = 'NetIncome' AND fq.statement_type IN ('IS_Q','CF_Q') AND fq.period_end <= DATE '2023-08-07' ORDER BY fq.period_end DESC LIMIT 4 ) as recent_quarters ) AS ttm_netincome , sdi.close_price, sdi.company_name, sdi.ma_20d, sdi.market_cap, sdi.momentum_12m, sdi.momentum_3m, sdi.rsi_14, sdi.ticker, sdi.volatility_20d FROM stocks_daily_info sdi WHERE sdi.market = 'KOSDAQ' AND sdi.market_cap >= 489000000000 AND sdi.event_date = DATE '2023-08-07' ORDER BY CASE sdi.ticker WHEN '000660.KS' THEN 1 WHEN '005930.KS' THEN 2 WHEN '068270.KQ' THEN 3 WHEN '207940.KS' THEN 4 WHEN '035420.KS' THEN 5 WHEN '005380.KS' THEN 6 WHEN '051910.KS' THEN 7 WHEN '012330.KS' THEN 8 WHEN '035720.KS' THEN 9 WHEN '105560.KS' THEN 10 ELSE 11 END LIMIT 16;",
  "baseline_execution_plan": {
    "Plan": {
      "Node Type": "Limit",
      "Parallel Aware": false,
      "Async Capable": false,
      "Startup Cost": 20.43,
      "Total Cost": 24.75,
      "Plan Rows": 1,
      "Plan Width": 100,
      "Plans": [
        {
          "Node Type": "Result",
          "Parent Relationship": "Outer",
          "Parallel Aware": false,
          "Async Capable": false,
          "Startup Cost": 20.43,
          "Total Cost": 24.75,
          "Plan Rows": 1,
          "Plan Width": 100,
          "Plans": [
            {
              "Node Type": "Sort",
              "Parent Relationship": "Outer",
              "Parallel Aware": false,
              "Async Capable": false,
              "Startup Cost": 20.43,
              "Total Cost": 20.44,
              "Plan Rows": 1,
              "Plan Width": 68,
              "Sort Key": [
                "(CASE sdi.ticker WHEN '000660.KS'::text THEN 1 WHEN '005930.KS'::text THEN 2 WHEN '068270.KQ'::text THEN 3 WHEN '207940.KS'::text THEN 4 WHEN '035420.KS'::text THEN 5 WHEN '005380.KS'::text THEN 6 WHEN '051910.KS'::text THEN 7 WHEN '012330.KS'::text THEN 8 WHEN '035720.KS'::text THEN 9 WHEN '105560.KS'::text THEN 10 ELSE 11 END)"
              ],
              "Plans": [
                {
                  "Node Type": "Bitmap Heap Scan",
                  "Parent Relationship": "Outer",
                  "Parallel Aware": false,
                  "Async Capable": false,
                  "Relation Name": "stocks_daily_info",
                  "Alias": "sdi",
                  "Startup Cost": 2.36,
                  "Total Cost": 20.42,
                  "Plan Rows": 1,
                  "Plan Width": 68,
                  "Recheck Cond": "(event_date = '2023-08-07'::date)",
                  "Filter": "((market_cap >= '489000000000'::numeric) AND (market = 'KOSDAQ'::text))",
                  "Plans": [
                    {
                      "Node Type": "Bitmap Index Scan",
                      "Parent Relationship": "Outer",
                      "Parallel Aware": false,
                      "Async Capable": false,
                      "Index Name": "idx_sdi_event_date",
                      "Startup Cost": 0.0,
                      "Total Cost": 2.36,
                      "Plan Rows": 10,
                      "Plan Width": 0,
                      "Index Cond": "(event_date = '2023-08-07'::date)"
                    }
                  ]
                }
              ]
            },
            {
              "Node Type": "Aggregate",
              "Strategy": "Plain",
              "Partial Mode": "Simple",
              "Parent Relationship": "SubPlan",
              "Subplan Name": "SubPlan 1",
              "Parallel Aware": false,
              "Async Capable": false,
              "Startup Cost": 4.27,
              "Total Cost": 4.28,
              "Plan Rows": 1,
              "Plan Width": 32,
              "Plans": [
                {
                  "Node Type": "Limit",
                  "Parent Relationship": "Outer",
                  "Parallel Aware": false,
                  "Async Capable": false,
                  "Startup Cost": 0.29,
                  "Total Cost": 4.25,
                  "Plan Rows": 1,
                  "Plan Width": 12,
                  "Plans": [
                    {
                      "Node Type": "Index Scan",
                      "Parent Relationship": "Outer",
                      "Parallel Aware": false,
                      "Async Capable": false,
                      "Scan Direction": "Backward",
                      "Index Name": "idx_finq_period_end",
                      "Relation Name": "financials_quarterly",
                      "Alias": "fq",
                      "Startup Cost": 0.29,
                      "Total Cost": 4.25,
                      "Plan Rows": 1,
                      "Plan Width": 12,
                      "Index Cond": "(period_end <= '2023-08-07'::date)",
                      "Filter": "((statement_type = ANY ('{IS_Q,CF_Q}'::text[])) AND (ticker = sdi.ticker) AND (item_name = 'NetIncome'::text))"
                    }
                  ]
                }
              ]
            }
          ]
        }
      ]
    }
  },
  "db_statistics": {
    "table_stats": {
      "stocks_daily_info": {
        "row_count": 12700,
        "size_mb": 1.71
      },
      "fundamentals_daily": {
        "row_count": 12080,
        "size_mb": 2.33
      },
      "financials_quarterly": {
        "row_count": 8634,
        "size_mb": 0.8
      }
    },
    "existing_indexes": [
      "backtest_results_pkey",
      "community_posts_pkey",
      "financials_quarterly_pkey",
      "fundamentals_daily_pkey",
      "idx_finq_period_end",
      "idx_finq_ticker",
      "idx_fund_event_date",
      "idx_fund_ticker",
      "idx_sdi_event_date",
      "idx_sdi_ticker",
      "ix_backtest_results_strategy_id",
      "ix_community_posts_author_id",
      "ix_community_posts_strategy_id",
      "ix_ml_models_owner_id",
      "ix_strategies_owner_id",
      "ix_users_email",
      "ml_models_pkey",
      "stocks_daily_info_pkey",
      "strategies_pkey",
      "users_pkey"
    ]
  }
}
---
{
  "workload_id": 4012,
  "metadata": {
    "strategy_template": "Momentum Investing Style",
    "ml_model_used": null
  },
  "sql_query": "SELECT sdi.close_price, sdi.company_name, sdi.ma_20d, sdi.market_cap, sdi.momentum_12m, sdi.momentum_3m, sdi.rsi_14, sdi.ticker, sdi.volatility_20d FROM stocks_daily_info sdi WHERE sdi.market = 'KOSPI' AND sdi.market_cap >= 292100000000 AND sdi.event_date = DATE '2023-09-14' ORDER BY sdi.momentum_3m desc, sdi.momentum_12m asc, sdi.rsi_14 asc LIMIT 10;",
  "baseline_execution_plan": {
    "Plan": {
      "Node Type": "Limit",
      "Parallel Aware": false,
      "Async Capable": false,
      "Startup Cost": 20.41,
      "Total Cost": 20.41,
      "Plan Rows": 1,
      "Plan Width": 64,
      "Plans": [
        {
          "Node Type": "Sort",
          "Parent Relationship": "Outer",
          "Parallel Aware": false,
          "Async Capable": false,
          "Startup Cost": 20.41,
          "Total Cost": 20.41,
          "Plan Rows": 1,
          "Plan Width": 64,
          "Sort Key": [
            "momentum_3m DESC",
            "momentum_12m",
            "rsi_14"
          ],
          "Plans": [
            {
              "Node Type": "Bitmap Heap Scan",
              "Parent Relationship": "Outer",
              "Parallel Aware": false,
              "Async Capable": false,
              "Relation Name": "stocks_daily_info",
              "Alias": "sdi",
              "Startup Cost": 2.36,
              "Total Cost": 20.4,
              "Plan Rows": 1,
              "Plan Width": 64,
              "Recheck Cond": "(event_date = '2023-09-14'::date)",
              "Filter": "((market_cap >= '292100000000'::numeric) AND (market = 'KOSPI'::text))",
              "Plans": [
                {
                  "Node Type": "Bitmap Index Scan",
                  "Parent Relationship": "Outer",
                  "Parallel Aware": false,
                  "Async Capable": false,
                  "Index Name": "idx_sdi_event_date",
                  "Startup Cost": 0.0,
                  "Total Cost": 2.36,
                  "Plan Rows": 10,
                  "Plan Width": 0,
                  "Index Cond": "(event_date = '2023-09-14'::date)"
                }
              ]
            }
          ]
        }
      ]
    }
  },
  "db_statistics": {
    "table_stats": {
      "stocks_daily_info": {
        "row_count": 12700,
        "size_mb": 1.71
      },
      "fundamentals_daily": {
        "row_count": 12080,
        "size_mb": 2.33
      },
      "financials_quarterly": {
        "row_count": 8634,
        "size_mb": 0.8
      }
    },
    "existing_indexes": [
      "backtest_results_pkey",
      "community_posts_pkey",
      "financials_quarterly_pkey",
      "fundamentals_daily_pkey",
      "idx_finq_period_end",
      "idx_finq_ticker",
      "idx_fund_event_date",
      "idx_fund_ticker",
      "idx_sdi_event_date",
      "idx_sdi_ticker",
      "ix_backtest_results_strategy_id",
      "ix_community_posts_author_id",
      "ix_community_posts_strategy_id",
      "ix_ml_models_owner_id",
      "ix_strategies_owner_id",
      "ix_users_email",
      "ml_models_pkey",
      "stocks_daily_info_pkey",
      "strategies_pkey",
      "users_pkey"
    ]
  }
}
---
{
  "workload_id": 4013,
  "metadata": {
    "strategy_template": "ML Hybrid Style",
    "ml_model_used": null
  },
  "sql_query": "SELECT sdi.close_price, sdi.company_name, sdi.ma_20d, sdi.market_cap, sdi.momentum_12m, sdi.momentum_3m, sdi.rsi_14, sdi.ticker, sdi.volatility_20d FROM stocks_daily_info sdi WHERE sdi.market = 'KOSPI' AND sdi.market_cap >= 331900000000 AND sdi.event_date = DATE '2023-07-02' ORDER BY sdi.market_cap DESC LIMIT 16;",
  "baseline_execution_plan": {
    "Plan": {
      "Node Type": "Limit",
      "Parallel Aware": false,
      "Async Capable": false,
      "Startup Cost": 20.41,
      "Total Cost": 20.41,
      "Plan Rows": 1,
      "Plan Width": 64,
      "Plans": [
        {
          "Node Type": "Sort",
          "Parent Relationship": "Outer",
          "Parallel Aware": false,
          "Async Capable": false,
          "Startup Cost": 20.41,
          "Total Cost": 20.41,
          "Plan Rows": 1,
          "Plan Width": 64,
          "Sort Key": [
            "market_cap DESC"
          ],
          "Plans": [
            {
              "Node Type": "Bitmap Heap Scan",
              "Parent Relationship": "Outer",
              "Parallel Aware": false,
              "Async Capable": false,
              "Relation Name": "stocks_daily_info",
              "Alias": "sdi",
              "Startup Cost": 2.36,
              "Total Cost": 20.4,
              "Plan Rows": 1,
              "Plan Width": 64,
              "Recheck Cond": "(event_date = '2023-07-02'::date)",
              "Filter": "((market_cap >= '331900000000'::numeric) AND (market = 'KOSPI'::text))",
              "Plans": [
                {
                  "Node Type": "Bitmap Index Scan",
                  "Parent Relationship": "Outer",
                  "Parallel Aware": false,
                  "Async Capable": false,
                  "Index Name": "idx_sdi_event_date",
                  "Startup Cost": 0.0,
                  "Total Cost": 2.36,
                  "Plan Rows": 10,
                  "Plan Width": 0,
                  "Index Cond": "(event_date = '2023-07-02'::date)"
                }
              ]
            }
          ]
        }
      ]
    }
  },
  "db_statistics": {
    "table_stats": {
      "stocks_daily_info": {
        "row_count": 12700,
        "size_mb": 1.71
      },
      "fundamentals_daily": {
        "row_count": 12080,
        "size_mb": 2.33
      },
      "financials_quarterly": {
        "row_count": 8634,
        "size_mb": 0.8
      }
    },
    "existing_indexes": [
      "backtest_results_pkey",
      "community_posts_pkey",
      "financials_quarterly_pkey",
      "fundamentals_daily_pkey",
      "idx_finq_period_end",
      "idx_finq_ticker",
      "idx_fund_event_date",
      "idx_fund_ticker",
      "idx_sdi_event_date",
      "idx_sdi_ticker",
      "ix_backtest_results_strategy_id",
      "ix_community_posts_author_id",
      "ix_community_posts_strategy_id",
      "ix_ml_models_owner_id",
      "ix_strategies_owner_id",
      "ix_users_email",
      "ml_models_pkey",
      "stocks_daily_info_pkey",
      "strategies_pkey",
      "users_pkey"
    ]
  }
}
---
{
  "workload_id": 4014,
  "metadata": {
    "strategy_template": "Momentum Investing Style",
    "ml_model_used": null
  },
  "sql_query": "SELECT sdi.close_price, sdi.company_name, sdi.ma_20d, sdi.market_cap, sdi.momentum_12m, sdi.momentum_3m, sdi.rsi_14, sdi.ticker, sdi.volatility_20d FROM stocks_daily_info sdi WHERE sdi.market = 'KOSPI' AND sdi.market_cap >= 336300000000 AND sdi.event_date = DATE '2023-05-17' ORDER BY sdi.momentum_3m desc, sdi.momentum_12m asc, sdi.rsi_14 desc LIMIT 14;",
  "baseline_execution_plan": {
    "Plan": {
      "Node Type": "Limit",
      "Parallel Aware": false,
      "Async Capable": false,
      "Startup Cost": 20.41,
      "Total Cost": 20.41,
      "Plan Rows": 1,
      "Plan Width": 64,
      "Plans": [
        {
          "Node Type": "Sort",
          "Parent Relationship": "Outer",
          "Parallel Aware": false,
          "Async Capable": false,
          "Startup Cost": 20.41,
          "Total Cost": 20.41,
          "Plan Rows": 1,
          "Plan Width": 64,
          "Sort Key": [
            "momentum_3m DESC",
            "momentum_12m",
            "rsi_14 DESC"
          ],
          "Plans": [
            {
              "Node Type": "Bitmap Heap Scan",
              "Parent Relationship": "Outer",
              "Parallel Aware": false,
              "Async Capable": false,
              "Relation Name": "stocks_daily_info",
              "Alias": "sdi",
              "Startup Cost": 2.36,
              "Total Cost": 20.4,
              "Plan Rows": 1,
              "Plan Width": 64,
              "Recheck Cond": "(event_date = '2023-05-17'::date)",
              "Filter": "((market_cap >= '336300000000'::numeric) AND (market = 'KOSPI'::text))",
              "Plans": [
                {
                  "Node Type": "Bitmap Index Scan",
                  "Parent Relationship": "Outer",
                  "Parallel Aware": false,
                  "Async Capable": false,
                  "Index Name": "idx_sdi_event_date",
                  "Startup Cost": 0.0,
                  "Total Cost": 2.36,
                  "Plan Rows": 10,
                  "Plan Width": 0,
                  "Index Cond": "(event_date = '2023-05-17'::date)"
                }
              ]
            }
          ]
        }
      ]
    }
  },
  "db_statistics": {
    "table_stats": {
      "stocks_daily_info": {
        "row_count": 12700,
        "size_mb": 1.71
      },
      "fundamentals_daily": {
        "row_count": 12080,
        "size_mb": 2.33
      },
      "financials_quarterly": {
        "row_count": 8634,
        "size_mb": 0.8
      }
    },
    "existing_indexes": [
      "backtest_results_pkey",
      "community_posts_pkey",
      "financials_quarterly_pkey",
      "fundamentals_daily_pkey",
      "idx_finq_period_end",
      "idx_finq_ticker",
      "idx_fund_event_date",
      "idx_fund_ticker",
      "idx_sdi_event_date",
      "idx_sdi_ticker",
      "ix_backtest_results_strategy_id",
      "ix_community_posts_author_id",
      "ix_community_posts_strategy_id",
      "ix_ml_models_owner_id",
      "ix_strategies_owner_id",
      "ix_users_email",
      "ml_models_pkey",
      "stocks_daily_info_pkey",
      "strategies_pkey",
      "users_pkey"
    ]
  }
}
---
{
  "workload_id": 4015,
  "metadata": {
    "strategy_template": "Value Investing Style",
    "ml_model_used": null
  },
  "sql_query": "SELECT fd.bps, fd.dividend_yield, fd.eps, fd.pbr, fd.per, sdi.close_price, sdi.company_name, sdi.ma_20d, sdi.market_cap, sdi.momentum_12m, sdi.momentum_3m, sdi.rsi_14, sdi.ticker, sdi.volatility_20d FROM stocks_daily_info sdi LEFT JOIN fundamentals_daily fd ON fd.ticker = sdi.ticker AND fd.event_date = sdi.event_date WHERE sdi.market = 'KOSDAQ' AND sdi.market_cap >= 377000000000 AND sdi.event_date = DATE '2023-10-01' ORDER BY fd.pbr asc, fd.per asc LIMIT 47;",
  "baseline_execution_plan": {
    "Plan": {
      "Node Type": "Limit",
      "Parallel Aware": false,
      "Async Capable": false,
      "Startup Cost": 24.72,
      "Total Cost": 24.73,
      "Plan Rows": 1,
      "Plan Width": 105,
      "Plans": [
        {
          "Node Type": "Sort",
          "Parent Relationship": "Outer",
          "Parallel Aware": false,
          "Async Capable": false,
          "Startup Cost": 24.72,
          "Total Cost": 24.73,
          "Plan Rows": 1,
          "Plan Width": 105,
          "Sort Key": [
            "fd.pbr",
            "fd.per"
          ],
          "Plans": [
            {
              "Node Type": "Nested Loop",
              "Parent Relationship": "Outer",
              "Parallel Aware": false,
              "Async Capable": false,
              "Join Type": "Left",
              "Startup Cost": 2.65,
              "Total Cost": 24.71,
              "Plan Rows": 1,
              "Plan Width": 105,
              "Inner Unique": true,
              "Plans": [
                {
                  "Node Type": "Bitmap Heap Scan",
                  "Parent Relationship": "Outer",
                  "Parallel Aware": false,
                  "Async Capable": false,
                  "Relation Name": "stocks_daily_info",
                  "Alias": "sdi",
                  "Startup Cost": 2.36,
                  "Total Cost": 20.4,
                  "Plan Rows": 1,
                  "Plan Width": 68,
                  "Recheck Cond": "(event_date = '2023-10-01'::date)",
                  "Filter": "((market_cap >= '377000000000'::numeric) AND (market = 'KOSDAQ'::text))",
                  "Plans": [
                    {
                      "Node Type": "Bitmap Index Scan",
                      "Parent Relationship": "Outer",
                      "Parallel Aware": false,
                      "Async Capable": false,
                      "Index Name": "idx_sdi_event_date",
                      "Startup Cost": 0.0,
                      "Total Cost": 2.36,
                      "Plan Rows": 10,
                      "Plan Width": 0,
                      "Index Cond": "(event_date = '2023-10-01'::date)"
                    }
                  ]
                },
                {
                  "Node Type": "Index Scan",
                  "Parent Relationship": "Inner",
                  "Parallel Aware": false,
                  "Async Capable": false,
                  "Scan Direction": "Forward",
                  "Index Name": "fundamentals_daily_pkey",
                  "Relation Name": "fundamentals_daily",
                  "Alias": "fd",
                  "Startup Cost": 0.29,
                  "Total Cost": 4.3,
                  "Plan Rows": 1,
                  "Plan Width": 55,
                  "Index Cond": "((event_date = '2023-10-01'::date) AND (ticker = sdi.ticker))"
                }
              ]
            }
          ]
        }
      ]
    }
  },
  "db_statistics": {
    "table_stats": {
      "stocks_daily_info": {
        "row_count": 12700,
        "size_mb": 1.71
      },
      "fundamentals_daily": {
        "row_count": 12080,
        "size_mb": 2.33
      },
      "financials_quarterly": {
        "row_count": 8634,
        "size_mb": 0.8
      }
    },
    "existing_indexes": [
      "backtest_results_pkey",
      "community_posts_pkey",
      "financials_quarterly_pkey",
      "fundamentals_daily_pkey",
      "idx_finq_period_end",
      "idx_finq_ticker",
      "idx_fund_event_date",
      "idx_fund_ticker",
      "idx_sdi_event_date",
      "idx_sdi_ticker",
      "ix_backtest_results_strategy_id",
      "ix_community_posts_author_id",
      "ix_community_posts_strategy_id",
      "ix_ml_models_owner_id",
      "ix_strategies_owner_id",
      "ix_users_email",
      "ml_models_pkey",
      "stocks_daily_info_pkey",
      "strategies_pkey",
      "users_pkey"
    ]
  }
}
---
{
  "workload_id": 4016,
  "metadata": {
    "strategy_template": "Value Investing Style",
    "ml_model_used": null
  },
  "sql_query": "SELECT ( SELECT COALESCE(SUM(value), 0) FROM ( SELECT value FROM financials_quarterly fq WHERE fq.ticker = sdi.ticker AND fq.item_name = 'OperatingIncome' AND fq.statement_type IN ('IS_Q','CF_Q') AND fq.period_end <= DATE '2023-08-07' ORDER BY fq.period_end DESC LIMIT 4 ) as recent_quarters ) AS ttm_operatingincome , fd.bps, fd.dividend_yield, fd.eps, fd.pbr, fd.per, sdi.close_price, sdi.company_name, sdi.ma_20d, sdi.market_cap, sdi.momentum_12m, sdi.momentum_3m, sdi.rsi_14, sdi.ticker, sdi.volatility_20d FROM stocks_daily_info sdi LEFT JOIN fundamentals_daily fd ON fd.ticker = sdi.ticker AND fd.event_date = sdi.event_date WHERE sdi.market = 'KOSDAQ' AND sdi.market_cap >= 54500000000 AND sdi.event_date = DATE '2023-08-07' ORDER BY fd.pbr asc, fd.per desc, fd.dividend_yield desc LIMIT 23;",
  "baseline_execution_plan": {
    "Plan": {
      "Node Type": "Limit",
      "Parallel Aware": false,
      "Async Capable": false,
      "Startup Cost": 24.72,
      "Total Cost": 29.02,
      "Plan Rows": 1,
      "Plan Width": 137,
      "Plans": [
        {
          "Node Type": "Result",
          "Parent Relationship": "Outer",
          "Parallel Aware": false,
          "Async Capable": false,
          "Startup Cost": 24.72,
          "Total Cost": 29.02,
          "Plan Rows": 1,
          "Plan Width": 137,
          "Plans": [
            {
              "Node Type": "Sort",
              "Parent Relationship": "Outer",
              "Parallel Aware": false,
              "Async Capable": false,
              "Startup Cost": 24.72,
              "Total Cost": 24.73,
              "Plan Rows": 1,
              "Plan Width": 105,
              "Sort Key": [
                "fd.pbr",
                "fd.per DESC",
                "fd.dividend_yield DESC"
              ],
              "Plans": [
                {
                  "Node Type": "Nested Loop",
                  "Parent Relationship": "Outer",
                  "Parallel Aware": false,
                  "Async Capable": false,
                  "Join Type": "Left",
                  "Startup Cost": 2.65,
                  "Total Cost": 24.71,
                  "Plan Rows": 1,
                  "Plan Width": 105,
                  "Inner Unique": true,
                  "Plans": [
                    {
                      "Node Type": "Bitmap Heap Scan",
                      "Parent Relationship": "Outer",
                      "Parallel Aware": false,
                      "Async Capable": false,
                      "Relation Name": "stocks_daily_info",
                      "Alias": "sdi",
                      "Startup Cost": 2.36,
                      "Total Cost": 20.4,
                      "Plan Rows": 1,
                      "Plan Width": 68,
                      "Recheck Cond": "(event_date = '2023-08-07'::date)",
                      "Filter": "((market_cap >= '54500000000'::numeric) AND (market = 'KOSDAQ'::text))",
                      "Plans": [
                        {
                          "Node Type": "Bitmap Index Scan",
                          "Parent Relationship": "Outer",
                          "Parallel Aware": false,
                          "Async Capable": false,
                          "Index Name": "idx_sdi_event_date",
                          "Startup Cost": 0.0,
                          "Total Cost": 2.36,
                          "Plan Rows": 10,
                          "Plan Width": 0,
                          "Index Cond": "(event_date = '2023-08-07'::date)"
                        }
                      ]
                    },
                    {
                      "Node Type": "Index Scan",
                      "Parent Relationship": "Inner",
                      "Parallel Aware": false,
                      "Async Capable": false,
                      "Scan Direction": "Forward",
                      "Index Name": "fundamentals_daily_pkey",
                      "Relation Name": "fundamentals_daily",
                      "Alias": "fd",
                      "Startup Cost": 0.29,
                      "Total Cost": 4.3,
                      "Plan Rows": 1,
                      "Plan Width": 55,
                      "Index Cond": "((event_date = '2023-08-07'::date) AND (ticker = sdi.ticker))"
                    }
                  ]
                }
              ]
            },
            {
              "Node Type": "Aggregate",
              "Strategy": "Plain",
              "Partial Mode": "Simple",
              "Parent Relationship": "SubPlan",
              "Subplan Name": "SubPlan 1",
              "Parallel Aware": false,
              "Async Capable": false,
              "Startup Cost": 4.27,
              "Total Cost": 4.28,
              "Plan Rows": 1,
              "Plan Width": 32,
              "Plans": [
                {
                  "Node Type": "Limit",
                  "Parent Relationship": "Outer",
                  "Parallel Aware": false,
                  "Async Capable": false,
                  "Startup Cost": 0.29,
                  "Total Cost": 4.25,
                  "Plan Rows": 1,
                  "Plan Width": 12,
                  "Plans": [
                    {
                      "Node Type": "Index Scan",
                      "Parent Relationship": "Outer",
                      "Parallel Aware": false,
                      "Async Capable": false,
                      "Scan Direction": "Backward",
                      "Index Name": "idx_finq_period_end",
                      "Relation Name": "financials_quarterly",
                      "Alias": "fq",
                      "Startup Cost": 0.29,
                      "Total Cost": 4.25,
                      "Plan Rows": 1,
                      "Plan Width": 12,
                      "Index Cond": "(period_end <= '2023-08-07'::date)",
                      "Filter": "((statement_type = ANY ('{IS_Q,CF_Q}'::text[])) AND (ticker = sdi.ticker) AND (item_name = 'OperatingIncome'::text))"
                    }
                  ]
                }
              ]
            }
          ]
        }
      ]
    }
  },
  "db_statistics": {
    "table_stats": {
      "stocks_daily_info": {
        "row_count": 12700,
        "size_mb": 1.71
      },
      "fundamentals_daily": {
        "row_count": 12080,
        "size_mb": 2.33
      },
      "financials_quarterly": {
        "row_count": 8634,
        "size_mb": 0.8
      }
    },
    "existing_indexes": [
      "backtest_results_pkey",
      "community_posts_pkey",
      "financials_quarterly_pkey",
      "fundamentals_daily_pkey",
      "idx_finq_period_end",
      "idx_finq_ticker",
      "idx_fund_event_date",
      "idx_fund_ticker",
      "idx_sdi_event_date",
      "idx_sdi_ticker",
      "ix_backtest_results_strategy_id",
      "ix_community_posts_author_id",
      "ix_community_posts_strategy_id",
      "ix_ml_models_owner_id",
      "ix_strategies_owner_id",
      "ix_users_email",
      "ml_models_pkey",
      "stocks_daily_info_pkey",
      "strategies_pkey",
      "users_pkey"
    ]
  }
}
---
{
  "workload_id": 4017,
  "metadata": {
    "strategy_template": "Momentum Investing Style",
    "ml_model_used": null
  },
  "sql_query": "SELECT ( SELECT COALESCE(SUM(value), 0) FROM ( SELECT value FROM financials_quarterly fq WHERE fq.ticker = sdi.ticker AND fq.item_name = 'OperatingIncome' AND fq.statement_type IN ('IS_Q','CF_Q') AND fq.period_end <= DATE '2023-08-07' ORDER BY fq.period_end DESC LIMIT 4 ) as recent_quarters ) AS ttm_operatingincome , sdi.close_price, sdi.company_name, sdi.ma_20d, sdi.market_cap, sdi.momentum_12m, sdi.momentum_3m, sdi.rsi_14, sdi.ticker, sdi.volatility_20d FROM stocks_daily_info sdi WHERE sdi.market = 'KOSDAQ' AND sdi.market_cap >= 255700000000 AND sdi.event_date = DATE '2023-08-07' ORDER BY sdi.momentum_3m asc, sdi.momentum_12m asc LIMIT 46;",
  "baseline_execution_plan": {
    "Plan": {
      "Node Type": "Limit",
      "Parallel Aware": false,
      "Async Capable": false,
      "Startup Cost": 20.41,
      "Total Cost": 24.7,
      "Plan Rows": 1,
      "Plan Width": 96,
      "Plans": [
        {
          "Node Type": "Result",
          "Parent Relationship": "Outer",
          "Parallel Aware": false,
          "Async Capable": false,
          "Startup Cost": 20.41,
          "Total Cost": 24.7,
          "Plan Rows": 1,
          "Plan Width": 96,
          "Plans": [
            {
              "Node Type": "Sort",
              "Parent Relationship": "Outer",
              "Parallel Aware": false,
              "Async Capable": false,
              "Startup Cost": 20.41,
              "Total Cost": 20.41,
              "Plan Rows": 1,
              "Plan Width": 64,
              "Sort Key": [
                "sdi.momentum_3m",
                "sdi.momentum_12m"
              ],
              "Plans": [
                {
                  "Node Type": "Bitmap Heap Scan",
                  "Parent Relationship": "Outer",
                  "Parallel Aware": false,
                  "Async Capable": false,
                  "Relation Name": "stocks_daily_info",
                  "Alias": "sdi",
                  "Startup Cost": 2.36,
                  "Total Cost": 20.4,
                  "Plan Rows": 1,
                  "Plan Width": 64,
                  "Recheck Cond": "(event_date = '2023-08-07'::date)",
                  "Filter": "((market_cap >= '255700000000'::numeric) AND (market = 'KOSDAQ'::text))",
                  "Plans": [
                    {
                      "Node Type": "Bitmap Index Scan",
                      "Parent Relationship": "Outer",
                      "Parallel Aware": false,
                      "Async Capable": false,
                      "Index Name": "idx_sdi_event_date",
                      "Startup Cost": 0.0,
                      "Total Cost": 2.36,
                      "Plan Rows": 10,
                      "Plan Width": 0,
                      "Index Cond": "(event_date = '2023-08-07'::date)"
                    }
                  ]
                }
              ]
            },
            {
              "Node Type": "Aggregate",
              "Strategy": "Plain",
              "Partial Mode": "Simple",
              "Parent Relationship": "SubPlan",
              "Subplan Name": "SubPlan 1",
              "Parallel Aware": false,
              "Async Capable": false,
              "Startup Cost": 4.27,
              "Total Cost": 4.28,
              "Plan Rows": 1,
              "Plan Width": 32,
              "Plans": [
                {
                  "Node Type": "Limit",
                  "Parent Relationship": "Outer",
                  "Parallel Aware": false,
                  "Async Capable": false,
                  "Startup Cost": 0.29,
                  "Total Cost": 4.25,
                  "Plan Rows": 1,
                  "Plan Width": 12,
                  "Plans": [
                    {
                      "Node Type": "Index Scan",
                      "Parent Relationship": "Outer",
                      "Parallel Aware": false,
                      "Async Capable": false,
                      "Scan Direction": "Backward",
                      "Index Name": "idx_finq_period_end",
                      "Relation Name": "financials_quarterly",
                      "Alias": "fq",
                      "Startup Cost": 0.29,
                      "Total Cost": 4.25,
                      "Plan Rows": 1,
                      "Plan Width": 12,
                      "Index Cond": "(period_end <= '2023-08-07'::date)",
                      "Filter": "((statement_type = ANY ('{IS_Q,CF_Q}'::text[])) AND (ticker = sdi.ticker) AND (item_name = 'OperatingIncome'::text))"
                    }
                  ]
                }
              ]
            }
          ]
        }
      ]
    }
  },
  "db_statistics": {
    "table_stats": {
      "stocks_daily_info": {
        "row_count": 12700,
        "size_mb": 1.71
      },
      "fundamentals_daily": {
        "row_count": 12080,
        "size_mb": 2.33
      },
      "financials_quarterly": {
        "row_count": 8634,
        "size_mb": 0.8
      }
    },
    "existing_indexes": [
      "backtest_results_pkey",
      "community_posts_pkey",
      "financials_quarterly_pkey",
      "fundamentals_daily_pkey",
      "idx_finq_period_end",
      "idx_finq_ticker",
      "idx_fund_event_date",
      "idx_fund_ticker",
      "idx_sdi_event_date",
      "idx_sdi_ticker",
      "ix_backtest_results_strategy_id",
      "ix_community_posts_author_id",
      "ix_community_posts_strategy_id",
      "ix_ml_models_owner_id",
      "ix_strategies_owner_id",
      "ix_users_email",
      "ml_models_pkey",
      "stocks_daily_info_pkey",
      "strategies_pkey",
      "users_pkey"
    ]
  }
}
---
{
  "workload_id": 4018,
  "metadata": {
    "strategy_template": "Momentum Investing Style",
    "ml_model_used": null
  },
  "sql_query": "SELECT ( SELECT COALESCE(SUM(value), 0) FROM ( SELECT value FROM financials_quarterly fq WHERE fq.ticker = sdi.ticker AND fq.item_name = 'NetIncome' AND fq.statement_type IN ('IS_Q','CF_Q') AND fq.period_end <= DATE '2023-06-25' ORDER BY fq.period_end DESC LIMIT 4 ) as recent_quarters ) AS ttm_netincome , sdi.close_price, sdi.company_name, sdi.ma_20d, sdi.market_cap, sdi.momentum_12m, sdi.momentum_3m, sdi.rsi_14, sdi.ticker, sdi.volatility_20d FROM stocks_daily_info sdi WHERE sdi.market = 'KOSDAQ' AND sdi.market_cap >= 364000000000 AND sdi.event_date = DATE '2023-06-25' ORDER BY sdi.momentum_3m asc, sdi.momentum_12m asc LIMIT 15;",
  "baseline_execution_plan": {
    "Plan": {
      "Node Type": "Limit",
      "Parallel Aware": false,
      "Async Capable": false,
      "Startup Cost": 20.41,
      "Total Cost": 24.7,
      "Plan Rows": 1,
      "Plan Width": 96,
      "Plans": [
        {
          "Node Type": "Result",
          "Parent Relationship": "Outer",
          "Parallel Aware": false,
          "Async Capable": false,
          "Startup Cost": 20.41,
          "Total Cost": 24.7,
          "Plan Rows": 1,
          "Plan Width": 96,
          "Plans": [
            {
              "Node Type": "Sort",
              "Parent Relationship": "Outer",
              "Parallel Aware": false,
              "Async Capable": false,
              "Startup Cost": 20.41,
              "Total Cost": 20.41,
              "Plan Rows": 1,
              "Plan Width": 64,
              "Sort Key": [
                "sdi.momentum_3m",
                "sdi.momentum_12m"
              ],
              "Plans": [
                {
                  "Node Type": "Bitmap Heap Scan",
                  "Parent Relationship": "Outer",
                  "Parallel Aware": false,
                  "Async Capable": false,
                  "Relation Name": "stocks_daily_info",
                  "Alias": "sdi",
                  "Startup Cost": 2.36,
                  "Total Cost": 20.4,
                  "Plan Rows": 1,
                  "Plan Width": 64,
                  "Recheck Cond": "(event_date = '2023-06-25'::date)",
                  "Filter": "((market_cap >= '364000000000'::numeric) AND (market = 'KOSDAQ'::text))",
                  "Plans": [
                    {
                      "Node Type": "Bitmap Index Scan",
                      "Parent Relationship": "Outer",
                      "Parallel Aware": false,
                      "Async Capable": false,
                      "Index Name": "idx_sdi_event_date",
                      "Startup Cost": 0.0,
                      "Total Cost": 2.36,
                      "Plan Rows": 10,
                      "Plan Width": 0,
                      "Index Cond": "(event_date = '2023-06-25'::date)"
                    }
                  ]
                }
              ]
            },
            {
              "Node Type": "Aggregate",
              "Strategy": "Plain",
              "Partial Mode": "Simple",
              "Parent Relationship": "SubPlan",
              "Subplan Name": "SubPlan 1",
              "Parallel Aware": false,
              "Async Capable": false,
              "Startup Cost": 4.27,
              "Total Cost": 4.28,
              "Plan Rows": 1,
              "Plan Width": 32,
              "Plans": [
                {
                  "Node Type": "Limit",
                  "Parent Relationship": "Outer",
                  "Parallel Aware": false,
                  "Async Capable": false,
                  "Startup Cost": 0.29,
                  "Total Cost": 4.25,
                  "Plan Rows": 1,
                  "Plan Width": 12,
                  "Plans": [
                    {
                      "Node Type": "Index Scan",
                      "Parent Relationship": "Outer",
                      "Parallel Aware": false,
                      "Async Capable": false,
                      "Scan Direction": "Backward",
                      "Index Name": "idx_finq_period_end",
                      "Relation Name": "financials_quarterly",
                      "Alias": "fq",
                      "Startup Cost": 0.29,
                      "Total Cost": 4.25,
                      "Plan Rows": 1,
                      "Plan Width": 12,
                      "Index Cond": "(period_end <= '2023-06-25'::date)",
                      "Filter": "((statement_type = ANY ('{IS_Q,CF_Q}'::text[])) AND (ticker = sdi.ticker) AND (item_name = 'NetIncome'::text))"
                    }
                  ]
                }
              ]
            }
          ]
        }
      ]
    }
  },
  "db_statistics": {
    "table_stats": {
      "stocks_daily_info": {
        "row_count": 12700,
        "size_mb": 1.71
      },
      "fundamentals_daily": {
        "row_count": 12080,
        "size_mb": 2.33
      },
      "financials_quarterly": {
        "row_count": 8634,
        "size_mb": 0.8
      }
    },
    "existing_indexes": [
      "backtest_results_pkey",
      "community_posts_pkey",
      "financials_quarterly_pkey",
      "fundamentals_daily_pkey",
      "idx_finq_period_end",
      "idx_finq_ticker",
      "idx_fund_event_date",
      "idx_fund_ticker",
      "idx_sdi_event_date",
      "idx_sdi_ticker",
      "ix_backtest_results_strategy_id",
      "ix_community_posts_author_id",
      "ix_community_posts_strategy_id",
      "ix_ml_models_owner_id",
      "ix_strategies_owner_id",
      "ix_users_email",
      "ml_models_pkey",
      "stocks_daily_info_pkey",
      "strategies_pkey",
      "users_pkey"
    ]
  }
}
---
{
  "workload_id": 4019,
  "metadata": {
    "strategy_template": "Value Investing Style",
    "ml_model_used": null
  },
  "sql_query": "SELECT fd.bps, fd.dividend_yield, fd.eps, fd.pbr, fd.per, sdi.close_price, sdi.company_name, sdi.ma_20d, sdi.market_cap, sdi.momentum_12m, sdi.momentum_3m, sdi.rsi_14, sdi.ticker, sdi.volatility_20d FROM stocks_daily_info sdi LEFT JOIN fundamentals_daily fd ON fd.ticker = sdi.ticker AND fd.event_date = sdi.event_date WHERE sdi.market = 'KOSDAQ' AND sdi.market_cap >= 110200000000 AND sdi.event_date = DATE '2023-08-11' ORDER BY fd.pbr asc, fd.per desc, fd.dividend_yield desc, fd.eps asc LIMIT 25;",
  "baseline_execution_plan": {
    "Plan": {
      "Node Type": "Limit",
      "Parallel Aware": false,
      "Async Capable": false,
      "Startup Cost": 24.72,
      "Total Cost": 24.73,
      "Plan Rows": 1,
      "Plan Width": 105,
      "Plans": [
        {
          "Node Type": "Sort",
          "Parent Relationship": "Outer",
          "Parallel Aware": false,
          "Async Capable": false,
          "Startup Cost": 24.72,
          "Total Cost": 24.73,
          "Plan Rows": 1,
          "Plan Width": 105,
          "Sort Key": [
            "fd.pbr",
            "fd.per DESC",
            "fd.dividend_yield DESC",
            "fd.eps"
          ],
          "Plans": [
            {
              "Node Type": "Nested Loop",
              "Parent Relationship": "Outer",
              "Parallel Aware": false,
              "Async Capable": false,
              "Join Type": "Left",
              "Startup Cost": 2.65,
              "Total Cost": 24.71,
              "Plan Rows": 1,
              "Plan Width": 105,
              "Inner Unique": true,
              "Plans": [
                {
                  "Node Type": "Bitmap Heap Scan",
                  "Parent Relationship": "Outer",
                  "Parallel Aware": false,
                  "Async Capable": false,
                  "Relation Name": "stocks_daily_info",
                  "Alias": "sdi",
                  "Startup Cost": 2.36,
                  "Total Cost": 20.4,
                  "Plan Rows": 1,
                  "Plan Width": 68,
                  "Recheck Cond": "(event_date = '2023-08-11'::date)",
                  "Filter": "((market_cap >= '110200000000'::numeric) AND (market = 'KOSDAQ'::text))",
                  "Plans": [
                    {
                      "Node Type": "Bitmap Index Scan",
                      "Parent Relationship": "Outer",
                      "Parallel Aware": false,
                      "Async Capable": false,
                      "Index Name": "idx_sdi_event_date",
                      "Startup Cost": 0.0,
                      "Total Cost": 2.36,
                      "Plan Rows": 10,
                      "Plan Width": 0,
                      "Index Cond": "(event_date = '2023-08-11'::date)"
                    }
                  ]
                },
                {
                  "Node Type": "Index Scan",
                  "Parent Relationship": "Inner",
                  "Parallel Aware": false,
                  "Async Capable": false,
                  "Scan Direction": "Forward",
                  "Index Name": "fundamentals_daily_pkey",
                  "Relation Name": "fundamentals_daily",
                  "Alias": "fd",
                  "Startup Cost": 0.29,
                  "Total Cost": 4.3,
                  "Plan Rows": 1,
                  "Plan Width": 55,
                  "Index Cond": "((event_date = '2023-08-11'::date) AND (ticker = sdi.ticker))"
                }
              ]
            }
          ]
        }
      ]
    }
  },
  "db_statistics": {
    "table_stats": {
      "stocks_daily_info": {
        "row_count": 12700,
        "size_mb": 1.71
      },
      "fundamentals_daily": {
        "row_count": 12080,
        "size_mb": 2.33
      },
      "financials_quarterly": {
        "row_count": 8634,
        "size_mb": 0.8
      }
    },
    "existing_indexes": [
      "backtest_results_pkey",
      "community_posts_pkey",
      "financials_quarterly_pkey",
      "fundamentals_daily_pkey",
      "idx_finq_period_end",
      "idx_finq_ticker",
      "idx_fund_event_date",
      "idx_fund_ticker",
      "idx_sdi_event_date",
      "idx_sdi_ticker",
      "ix_backtest_results_strategy_id",
      "ix_community_posts_author_id",
      "ix_community_posts_strategy_id",
      "ix_ml_models_owner_id",
      "ix_strategies_owner_id",
      "ix_users_email",
      "ml_models_pkey",
      "stocks_daily_info_pkey",
      "strategies_pkey",
      "users_pkey"
    ]
  }
}
---
{
  "workload_id": 4020,
  "metadata": {
    "strategy_template": "Momentum Investing Style",
    "ml_model_used": null
  },
  "sql_query": "SELECT ( SELECT COALESCE(SUM(value), 0) FROM ( SELECT value FROM financials_quarterly fq WHERE fq.ticker = sdi.ticker AND fq.item_name = 'OperatingIncome' AND fq.statement_type IN ('IS_Q','CF_Q') AND fq.period_end <= DATE '2023-07-26' ORDER BY fq.period_end DESC LIMIT 4 ) as recent_quarters ) AS ttm_operatingincome , sdi.close_price, sdi.company_name, sdi.ma_20d, sdi.market_cap, sdi.momentum_12m, sdi.momentum_3m, sdi.rsi_14, sdi.ticker, sdi.volatility_20d FROM stocks_daily_info sdi WHERE sdi.market = 'KOSDAQ' AND sdi.market_cap >= 221000000000 AND sdi.event_date = DATE '2023-07-26' ORDER BY sdi.momentum_3m asc, sdi.momentum_12m desc, sdi.rsi_14 asc LIMIT 50;",
  "baseline_execution_plan": {
    "Plan": {
      "Node Type": "Limit",
      "Parallel Aware": false,
      "Async Capable": false,
      "Startup Cost": 20.41,
      "Total Cost": 24.7,
      "Plan Rows": 1,
      "Plan Width": 96,
      "Plans": [
        {
          "Node Type": "Result",
          "Parent Relationship": "Outer",
          "Parallel Aware": false,
          "Async Capable": false,
          "Startup Cost": 20.41,
          "Total Cost": 24.7,
          "Plan Rows": 1,
          "Plan Width": 96,
          "Plans": [
            {
              "Node Type": "Sort",
              "Parent Relationship": "Outer",
              "Parallel Aware": false,
              "Async Capable": false,
              "Startup Cost": 20.41,
              "Total Cost": 20.41,
              "Plan Rows": 1,
              "Plan Width": 64,
              "Sort Key": [
                "sdi.momentum_3m",
                "sdi.momentum_12m DESC",
                "sdi.rsi_14"
              ],
              "Plans": [
                {
                  "Node Type": "Bitmap Heap Scan",
                  "Parent Relationship": "Outer",
                  "Parallel Aware": false,
                  "Async Capable": false,
                  "Relation Name": "stocks_daily_info",
                  "Alias": "sdi",
                  "Startup Cost": 2.36,
                  "Total Cost": 20.4,
                  "Plan Rows": 1,
                  "Plan Width": 64,
                  "Recheck Cond": "(event_date = '2023-07-26'::date)",
                  "Filter": "((market_cap >= '221000000000'::numeric) AND (market = 'KOSDAQ'::text))",
                  "Plans": [
                    {
                      "Node Type": "Bitmap Index Scan",
                      "Parent Relationship": "Outer",
                      "Parallel Aware": false,
                      "Async Capable": false,
                      "Index Name": "idx_sdi_event_date",
                      "Startup Cost": 0.0,
                      "Total Cost": 2.36,
                      "Plan Rows": 10,
                      "Plan Width": 0,
                      "Index Cond": "(event_date = '2023-07-26'::date)"
                    }
                  ]
                }
              ]
            },
            {
              "Node Type": "Aggregate",
              "Strategy": "Plain",
              "Partial Mode": "Simple",
              "Parent Relationship": "SubPlan",
              "Subplan Name": "SubPlan 1",
              "Parallel Aware": false,
              "Async Capable": false,
              "Startup Cost": 4.27,
              "Total Cost": 4.28,
              "Plan Rows": 1,
              "Plan Width": 32,
              "Plans": [
                {
                  "Node Type": "Limit",
                  "Parent Relationship": "Outer",
                  "Parallel Aware": false,
                  "Async Capable": false,
                  "Startup Cost": 0.29,
                  "Total Cost": 4.25,
                  "Plan Rows": 1,
                  "Plan Width": 12,
                  "Plans": [
                    {
                      "Node Type": "Index Scan",
                      "Parent Relationship": "Outer",
                      "Parallel Aware": false,
                      "Async Capable": false,
                      "Scan Direction": "Backward",
                      "Index Name": "idx_finq_period_end",
                      "Relation Name": "financials_quarterly",
                      "Alias": "fq",
                      "Startup Cost": 0.29,
                      "Total Cost": 4.25,
                      "Plan Rows": 1,
                      "Plan Width": 12,
                      "Index Cond": "(period_end <= '2023-07-26'::date)",
                      "Filter": "((statement_type = ANY ('{IS_Q,CF_Q}'::text[])) AND (ticker = sdi.ticker) AND (item_name = 'OperatingIncome'::text))"
                    }
                  ]
                }
              ]
            }
          ]
        }
      ]
    }
  },
  "db_statistics": {
    "table_stats": {
      "stocks_daily_info": {
        "row_count": 12700,
        "size_mb": 1.71
      },
      "fundamentals_daily": {
        "row_count": 12080,
        "size_mb": 2.33
      },
      "financials_quarterly": {
        "row_count": 8634,
        "size_mb": 0.8
      }
    },
    "existing_indexes": [
      "backtest_results_pkey",
      "community_posts_pkey",
      "financials_quarterly_pkey",
      "fundamentals_daily_pkey",
      "idx_finq_period_end",
      "idx_finq_ticker",
      "idx_fund_event_date",
      "idx_fund_ticker",
      "idx_sdi_event_date",
      "idx_sdi_ticker",
      "ix_backtest_results_strategy_id",
      "ix_community_posts_author_id",
      "ix_community_posts_strategy_id",
      "ix_ml_models_owner_id",
      "ix_strategies_owner_id",
      "ix_users_email",
      "ml_models_pkey",
      "stocks_daily_info_pkey",
      "strategies_pkey",
      "users_pkey"
    ]
  }
}
---
{
  "workload_id": 4021,
  "metadata": {
    "strategy_template": "Value Investing Style",
    "ml_model_used": null
  },
  "sql_query": "SELECT fd.bps, fd.dividend_yield, fd.eps, fd.pbr, fd.per, sdi.close_price, sdi.company_name, sdi.ma_20d, sdi.market_cap, sdi.momentum_12m, sdi.momentum_3m, sdi.rsi_14, sdi.ticker, sdi.volatility_20d FROM stocks_daily_info sdi LEFT JOIN fundamentals_daily fd ON fd.ticker = sdi.ticker AND fd.event_date = sdi.event_date WHERE sdi.market = 'KOSPI' AND sdi.market_cap >= 378800000000 AND sdi.event_date = DATE '2023-05-21' ORDER BY fd.pbr desc, fd.per desc, fd.dividend_yield asc LIMIT 48;",
  "baseline_execution_plan": {
    "Plan": {
      "Node Type": "Limit",
      "Parallel Aware": false,
      "Async Capable": false,
      "Startup Cost": 24.72,
      "Total Cost": 24.73,
      "Plan Rows": 1,
      "Plan Width": 105,
      "Plans": [
        {
          "Node Type": "Sort",
          "Parent Relationship": "Outer",
          "Parallel Aware": false,
          "Async Capable": false,
          "Startup Cost": 24.72,
          "Total Cost": 24.73,
          "Plan Rows": 1,
          "Plan Width": 105,
          "Sort Key": [
            "fd.pbr DESC",
            "fd.per DESC",
            "fd.dividend_yield"
          ],
          "Plans": [
            {
              "Node Type": "Nested Loop",
              "Parent Relationship": "Outer",
              "Parallel Aware": false,
              "Async Capable": false,
              "Join Type": "Left",
              "Startup Cost": 2.65,
              "Total Cost": 24.71,
              "Plan Rows": 1,
              "Plan Width": 105,
              "Inner Unique": true,
              "Plans": [
                {
                  "Node Type": "Bitmap Heap Scan",
                  "Parent Relationship": "Outer",
                  "Parallel Aware": false,
                  "Async Capable": false,
                  "Relation Name": "stocks_daily_info",
                  "Alias": "sdi",
                  "Startup Cost": 2.36,
                  "Total Cost": 20.4,
                  "Plan Rows": 1,
                  "Plan Width": 68,
                  "Recheck Cond": "(event_date = '2023-05-21'::date)",
                  "Filter": "((market_cap >= '378800000000'::numeric) AND (market = 'KOSPI'::text))",
                  "Plans": [
                    {
                      "Node Type": "Bitmap Index Scan",
                      "Parent Relationship": "Outer",
                      "Parallel Aware": false,
                      "Async Capable": false,
                      "Index Name": "idx_sdi_event_date",
                      "Startup Cost": 0.0,
                      "Total Cost": 2.36,
                      "Plan Rows": 10,
                      "Plan Width": 0,
                      "Index Cond": "(event_date = '2023-05-21'::date)"
                    }
                  ]
                },
                {
                  "Node Type": "Index Scan",
                  "Parent Relationship": "Inner",
                  "Parallel Aware": false,
                  "Async Capable": false,
                  "Scan Direction": "Forward",
                  "Index Name": "fundamentals_daily_pkey",
                  "Relation Name": "fundamentals_daily",
                  "Alias": "fd",
                  "Startup Cost": 0.29,
                  "Total Cost": 4.3,
                  "Plan Rows": 1,
                  "Plan Width": 55,
                  "Index Cond": "((event_date = '2023-05-21'::date) AND (ticker = sdi.ticker))"
                }
              ]
            }
          ]
        }
      ]
    }
  },
  "db_statistics": {
    "table_stats": {
      "stocks_daily_info": {
        "row_count": 12700,
        "size_mb": 1.71
      },
      "fundamentals_daily": {
        "row_count": 12080,
        "size_mb": 2.33
      },
      "financials_quarterly": {
        "row_count": 8634,
        "size_mb": 0.8
      }
    },
    "existing_indexes": [
      "backtest_results_pkey",
      "community_posts_pkey",
      "financials_quarterly_pkey",
      "fundamentals_daily_pkey",
      "idx_finq_period_end",
      "idx_finq_ticker",
      "idx_fund_event_date",
      "idx_fund_ticker",
      "idx_sdi_event_date",
      "idx_sdi_ticker",
      "ix_backtest_results_strategy_id",
      "ix_community_posts_author_id",
      "ix_community_posts_strategy_id",
      "ix_ml_models_owner_id",
      "ix_strategies_owner_id",
      "ix_users_email",
      "ml_models_pkey",
      "stocks_daily_info_pkey",
      "strategies_pkey",
      "users_pkey"
    ]
  }
}
---
{
  "workload_id": 4022,
  "metadata": {
    "strategy_template": "Value Investing Style",
    "ml_model_used": null
  },
  "sql_query": "SELECT fd.bps, fd.dividend_yield, fd.eps, fd.pbr, fd.per, sdi.close_price, sdi.company_name, sdi.ma_20d, sdi.market_cap, sdi.momentum_12m, sdi.momentum_3m, sdi.rsi_14, sdi.ticker, sdi.volatility_20d FROM stocks_daily_info sdi LEFT JOIN fundamentals_daily fd ON fd.ticker = sdi.ticker AND fd.event_date = sdi.event_date WHERE sdi.market = 'KOSDAQ' AND sdi.market_cap >= 269700000000 AND sdi.event_date = DATE '2023-09-09' ORDER BY fd.pbr asc, fd.per asc LIMIT 46;",
  "baseline_execution_plan": {
    "Plan": {
      "Node Type": "Limit",
      "Parallel Aware": false,
      "Async Capable": false,
      "Startup Cost": 24.72,
      "Total Cost": 24.73,
      "Plan Rows": 1,
      "Plan Width": 105,
      "Plans": [
        {
          "Node Type": "Sort",
          "Parent Relationship": "Outer",
          "Parallel Aware": false,
          "Async Capable": false,
          "Startup Cost": 24.72,
          "Total Cost": 24.73,
          "Plan Rows": 1,
          "Plan Width": 105,
          "Sort Key": [
            "fd.pbr",
            "fd.per"
          ],
          "Plans": [
            {
              "Node Type": "Nested Loop",
              "Parent Relationship": "Outer",
              "Parallel Aware": false,
              "Async Capable": false,
              "Join Type": "Left",
              "Startup Cost": 2.65,
              "Total Cost": 24.71,
              "Plan Rows": 1,
              "Plan Width": 105,
              "Inner Unique": true,
              "Plans": [
                {
                  "Node Type": "Bitmap Heap Scan",
                  "Parent Relationship": "Outer",
                  "Parallel Aware": false,
                  "Async Capable": false,
                  "Relation Name": "stocks_daily_info",
                  "Alias": "sdi",
                  "Startup Cost": 2.36,
                  "Total Cost": 20.4,
                  "Plan Rows": 1,
                  "Plan Width": 68,
                  "Recheck Cond": "(event_date = '2023-09-09'::date)",
                  "Filter": "((market_cap >= '269700000000'::numeric) AND (market = 'KOSDAQ'::text))",
                  "Plans": [
                    {
                      "Node Type": "Bitmap Index Scan",
                      "Parent Relationship": "Outer",
                      "Parallel Aware": false,
                      "Async Capable": false,
                      "Index Name": "idx_sdi_event_date",
                      "Startup Cost": 0.0,
                      "Total Cost": 2.36,
                      "Plan Rows": 10,
                      "Plan Width": 0,
                      "Index Cond": "(event_date = '2023-09-09'::date)"
                    }
                  ]
                },
                {
                  "Node Type": "Index Scan",
                  "Parent Relationship": "Inner",
                  "Parallel Aware": false,
                  "Async Capable": false,
                  "Scan Direction": "Forward",
                  "Index Name": "fundamentals_daily_pkey",
                  "Relation Name": "fundamentals_daily",
                  "Alias": "fd",
                  "Startup Cost": 0.29,
                  "Total Cost": 4.3,
                  "Plan Rows": 1,
                  "Plan Width": 55,
                  "Index Cond": "((event_date = '2023-09-09'::date) AND (ticker = sdi.ticker))"
                }
              ]
            }
          ]
        }
      ]
    }
  },
  "db_statistics": {
    "table_stats": {
      "stocks_daily_info": {
        "row_count": 12700,
        "size_mb": 1.71
      },
      "fundamentals_daily": {
        "row_count": 12080,
        "size_mb": 2.33
      },
      "financials_quarterly": {
        "row_count": 8634,
        "size_mb": 0.8
      }
    },
    "existing_indexes": [
      "backtest_results_pkey",
      "community_posts_pkey",
      "financials_quarterly_pkey",
      "fundamentals_daily_pkey",
      "idx_finq_period_end",
      "idx_finq_ticker",
      "idx_fund_event_date",
      "idx_fund_ticker",
      "idx_sdi_event_date",
      "idx_sdi_ticker",
      "ix_backtest_results_strategy_id",
      "ix_community_posts_author_id",
      "ix_community_posts_strategy_id",
      "ix_ml_models_owner_id",
      "ix_strategies_owner_id",
      "ix_users_email",
      "ml_models_pkey",
      "stocks_daily_info_pkey",
      "strategies_pkey",
      "users_pkey"
    ]
  }
}
---
{
  "workload_id": 4023,
  "metadata": {
    "strategy_template": "Value Investing Style",
    "ml_model_used": null
  },
  "sql_query": "SELECT ( SELECT COALESCE(SUM(value), 0) FROM ( SELECT value FROM financials_quarterly fq WHERE fq.ticker = sdi.ticker AND fq.item_name = 'OperatingCashFlow' AND fq.statement_type IN ('IS_Q','CF_Q') AND fq.period_end <= DATE '2023-09-08' ORDER BY fq.period_end DESC LIMIT 4 ) as recent_quarters ) AS ttm_operatingcashflow , fd.bps, fd.dividend_yield, fd.eps, fd.pbr, fd.per, sdi.close_price, sdi.company_name, sdi.ma_20d, sdi.market_cap, sdi.momentum_12m, sdi.momentum_3m, sdi.rsi_14, sdi.ticker, sdi.volatility_20d FROM stocks_daily_info sdi LEFT JOIN fundamentals_daily fd ON fd.ticker = sdi.ticker AND fd.event_date = sdi.event_date WHERE sdi.market = 'KOSPI' AND sdi.market_cap >= 189100000000 AND sdi.event_date = DATE '2023-09-08' ORDER BY fd.pbr asc, fd.per asc, fd.eps desc LIMIT 13;",
  "baseline_execution_plan": {
    "Plan": {
      "Node Type": "Limit",
      "Parallel Aware": false,
      "Async Capable": false,
      "Startup Cost": 24.72,
      "Total Cost": 29.02,
      "Plan Rows": 1,
      "Plan Width": 137,
      "Plans": [
        {
          "Node Type": "Result",
          "Parent Relationship": "Outer",
          "Parallel Aware": false,
          "Async Capable": false,
          "Startup Cost": 24.72,
          "Total Cost": 29.02,
          "Plan Rows": 1,
          "Plan Width": 137,
          "Plans": [
            {
              "Node Type": "Sort",
              "Parent Relationship": "Outer",
              "Parallel Aware": false,
              "Async Capable": false,
              "Startup Cost": 24.72,
              "Total Cost": 24.73,
              "Plan Rows": 1,
              "Plan Width": 105,
              "Sort Key": [
                "fd.pbr",
                "fd.per",
                "fd.eps DESC"
              ],
              "Plans": [
                {
                  "Node Type": "Nested Loop",
                  "Parent Relationship": "Outer",
                  "Parallel Aware": false,
                  "Async Capable": false,
                  "Join Type": "Left",
                  "Startup Cost": 2.65,
                  "Total Cost": 24.71,
                  "Plan Rows": 1,
                  "Plan Width": 105,
                  "Inner Unique": true,
                  "Plans": [
                    {
                      "Node Type": "Bitmap Heap Scan",
                      "Parent Relationship": "Outer",
                      "Parallel Aware": false,
                      "Async Capable": false,
                      "Relation Name": "stocks_daily_info",
                      "Alias": "sdi",
                      "Startup Cost": 2.36,
                      "Total Cost": 20.4,
                      "Plan Rows": 1,
                      "Plan Width": 68,
                      "Recheck Cond": "(event_date = '2023-09-08'::date)",
                      "Filter": "((market_cap >= '189100000000'::numeric) AND (market = 'KOSPI'::text))",
                      "Plans": [
                        {
                          "Node Type": "Bitmap Index Scan",
                          "Parent Relationship": "Outer",
                          "Parallel Aware": false,
                          "Async Capable": false,
                          "Index Name": "idx_sdi_event_date",
                          "Startup Cost": 0.0,
                          "Total Cost": 2.36,
                          "Plan Rows": 10,
                          "Plan Width": 0,
                          "Index Cond": "(event_date = '2023-09-08'::date)"
                        }
                      ]
                    },
                    {
                      "Node Type": "Index Scan",
                      "Parent Relationship": "Inner",
                      "Parallel Aware": false,
                      "Async Capable": false,
                      "Scan Direction": "Forward",
                      "Index Name": "fundamentals_daily_pkey",
                      "Relation Name": "fundamentals_daily",
                      "Alias": "fd",
                      "Startup Cost": 0.29,
                      "Total Cost": 4.3,
                      "Plan Rows": 1,
                      "Plan Width": 55,
                      "Index Cond": "((event_date = '2023-09-08'::date) AND (ticker = sdi.ticker))"
                    }
                  ]
                }
              ]
            },
            {
              "Node Type": "Aggregate",
              "Strategy": "Plain",
              "Partial Mode": "Simple",
              "Parent Relationship": "SubPlan",
              "Subplan Name": "SubPlan 1",
              "Parallel Aware": false,
              "Async Capable": false,
              "Startup Cost": 4.27,
              "Total Cost": 4.28,
              "Plan Rows": 1,
              "Plan Width": 32,
              "Plans": [
                {
                  "Node Type": "Limit",
                  "Parent Relationship": "Outer",
                  "Parallel Aware": false,
                  "Async Capable": false,
                  "Startup Cost": 0.29,
                  "Total Cost": 4.25,
                  "Plan Rows": 1,
                  "Plan Width": 12,
                  "Plans": [
                    {
                      "Node Type": "Index Scan",
                      "Parent Relationship": "Outer",
                      "Parallel Aware": false,
                      "Async Capable": false,
                      "Scan Direction": "Backward",
                      "Index Name": "idx_finq_period_end",
                      "Relation Name": "financials_quarterly",
                      "Alias": "fq",
                      "Startup Cost": 0.29,
                      "Total Cost": 4.25,
                      "Plan Rows": 1,
                      "Plan Width": 12,
                      "Index Cond": "(period_end <= '2023-09-08'::date)",
                      "Filter": "((statement_type = ANY ('{IS_Q,CF_Q}'::text[])) AND (ticker = sdi.ticker) AND (item_name = 'OperatingCashFlow'::text))"
                    }
                  ]
                }
              ]
            }
          ]
        }
      ]
    }
  },
  "db_statistics": {
    "table_stats": {
      "stocks_daily_info": {
        "row_count": 12700,
        "size_mb": 1.71
      },
      "fundamentals_daily": {
        "row_count": 12080,
        "size_mb": 2.33
      },
      "financials_quarterly": {
        "row_count": 8634,
        "size_mb": 0.8
      }
    },
    "existing_indexes": [
      "backtest_results_pkey",
      "community_posts_pkey",
      "financials_quarterly_pkey",
      "fundamentals_daily_pkey",
      "idx_finq_period_end",
      "idx_finq_ticker",
      "idx_fund_event_date",
      "idx_fund_ticker",
      "idx_sdi_event_date",
      "idx_sdi_ticker",
      "ix_backtest_results_strategy_id",
      "ix_community_posts_author_id",
      "ix_community_posts_strategy_id",
      "ix_ml_models_owner_id",
      "ix_strategies_owner_id",
      "ix_users_email",
      "ml_models_pkey",
      "stocks_daily_info_pkey",
      "strategies_pkey",
      "users_pkey"
    ]
  }
}
---
{
  "workload_id": 4024,
  "metadata": {
    "strategy_template": "ML Hybrid Style",
    "ml_model_used": "Return Forecast Model"
  },
  "sql_query": "SELECT fd.bps, fd.dividend_yield, fd.eps, fd.pbr, fd.per, sdi.close_price, sdi.company_name, sdi.ma_20d, sdi.market_cap, sdi.momentum_12m, sdi.momentum_3m, sdi.rsi_14, sdi.ticker, sdi.volatility_20d FROM stocks_daily_info sdi LEFT JOIN fundamentals_daily fd ON fd.ticker = sdi.ticker AND fd.event_date = sdi.event_date WHERE sdi.market = 'KOSPI' AND sdi.market_cap >= 147000000000 AND sdi.event_date = DATE '2023-10-26' ORDER BY CASE sdi.ticker WHEN '000660.KS' THEN 1 WHEN '005930.KS' THEN 2 WHEN '068270.KQ' THEN 3 WHEN '207940.KS' THEN 4 WHEN '035420.KS' THEN 5 WHEN '005380.KS' THEN 6 WHEN '051910.KS' THEN 7 WHEN '012330.KS' THEN 8 WHEN '035720.KS' THEN 9 WHEN '105560.KS' THEN 10 ELSE 11 END LIMIT 13;",
  "baseline_execution_plan": {
    "Plan": {
      "Node Type": "Limit",
      "Parallel Aware": false,
      "Async Capable": false,
      "Startup Cost": 24.75,
      "Total Cost": 24.75,
      "Plan Rows": 1,
      "Plan Width": 109,
      "Plans": [
        {
          "Node Type": "Sort",
          "Parent Relationship": "Outer",
          "Parallel Aware": false,
          "Async Capable": false,
          "Startup Cost": 24.75,
          "Total Cost": 24.75,
          "Plan Rows": 1,
          "Plan Width": 109,
          "Sort Key": [
            "(CASE sdi.ticker WHEN '000660.KS'::text THEN 1 WHEN '005930.KS'::text THEN 2 WHEN '068270.KQ'::text THEN 3 WHEN '207940.KS'::text THEN 4 WHEN '035420.KS'::text THEN 5 WHEN '005380.KS'::text THEN 6 WHEN '051910.KS'::text THEN 7 WHEN '012330.KS'::text THEN 8 WHEN '035720.KS'::text THEN 9 WHEN '105560.KS'::text THEN 10 ELSE 11 END)"
          ],
          "Plans": [
            {
              "Node Type": "Nested Loop",
              "Parent Relationship": "Outer",
              "Parallel Aware": false,
              "Async Capable": false,
              "Join Type": "Left",
              "Startup Cost": 2.65,
              "Total Cost": 24.74,
              "Plan Rows": 1,
              "Plan Width": 109,
              "Inner Unique": true,
              "Plans": [
                {
                  "Node Type": "Bitmap Heap Scan",
                  "Parent Relationship": "Outer",
                  "Parallel Aware": false,
                  "Async Capable": false,
                  "Relation Name": "stocks_daily_info",
                  "Alias": "sdi",
                  "Startup Cost": 2.36,
                  "Total Cost": 20.4,
                  "Plan Rows": 1,
                  "Plan Width": 68,
                  "Recheck Cond": "(event_date = '2023-10-26'::date)",
                  "Filter": "((market_cap >= '147000000000'::numeric) AND (market = 'KOSPI'::text))",
                  "Plans": [
                    {
                      "Node Type": "Bitmap Index Scan",
                      "Parent Relationship": "Outer",
                      "Parallel Aware": false,
                      "Async Capable": false,
                      "Index Name": "idx_sdi_event_date",
                      "Startup Cost": 0.0,
                      "Total Cost": 2.36,
                      "Plan Rows": 10,
                      "Plan Width": 0,
                      "Index Cond": "(event_date = '2023-10-26'::date)"
                    }
                  ]
                },
                {
                  "Node Type": "Index Scan",
                  "Parent Relationship": "Inner",
                  "Parallel Aware": false,
                  "Async Capable": false,
                  "Scan Direction": "Forward",
                  "Index Name": "fundamentals_daily_pkey",
                  "Relation Name": "fundamentals_daily",
                  "Alias": "fd",
                  "Startup Cost": 0.29,
                  "Total Cost": 4.3,
                  "Plan Rows": 1,
                  "Plan Width": 55,
                  "Index Cond": "((event_date = '2023-10-26'::date) AND (ticker = sdi.ticker))"
                }
              ]
            }
          ]
        }
      ]
    }
  },
  "db_statistics": {
    "table_stats": {
      "stocks_daily_info": {
        "row_count": 12700,
        "size_mb": 1.71
      },
      "fundamentals_daily": {
        "row_count": 12080,
        "size_mb": 2.33
      },
      "financials_quarterly": {
        "row_count": 8634,
        "size_mb": 0.8
      }
    },
    "existing_indexes": [
      "backtest_results_pkey",
      "community_posts_pkey",
      "financials_quarterly_pkey",
      "fundamentals_daily_pkey",
      "idx_finq_period_end",
      "idx_finq_ticker",
      "idx_fund_event_date",
      "idx_fund_ticker",
      "idx_sdi_event_date",
      "idx_sdi_ticker",
      "ix_backtest_results_strategy_id",
      "ix_community_posts_author_id",
      "ix_community_posts_strategy_id",
      "ix_ml_models_owner_id",
      "ix_strategies_owner_id",
      "ix_users_email",
      "ml_models_pkey",
      "stocks_daily_info_pkey",
      "strategies_pkey",
      "users_pkey"
    ]
  }
}
---
{
  "workload_id": 4025,
  "metadata": {
    "strategy_template": "Value Investing Style",
    "ml_model_used": null
  },
  "sql_query": "SELECT fd.bps, fd.dividend_yield, fd.eps, fd.pbr, fd.per, sdi.close_price, sdi.company_name, sdi.ma_20d, sdi.market_cap, sdi.momentum_12m, sdi.momentum_3m, sdi.rsi_14, sdi.ticker, sdi.volatility_20d FROM stocks_daily_info sdi LEFT JOIN fundamentals_daily fd ON fd.ticker = sdi.ticker AND fd.event_date = sdi.event_date WHERE sdi.market = 'KOSDAQ' AND sdi.market_cap >= 52100000000 AND sdi.event_date = DATE '2023-10-14' ORDER BY fd.pbr asc, fd.per asc, fd.eps desc LIMIT 14;",
  "baseline_execution_plan": {
    "Plan": {
      "Node Type": "Limit",
      "Parallel Aware": false,
      "Async Capable": false,
      "Startup Cost": 24.72,
      "Total Cost": 24.73,
      "Plan Rows": 1,
      "Plan Width": 105,
      "Plans": [
        {
          "Node Type": "Sort",
          "Parent Relationship": "Outer",
          "Parallel Aware": false,
          "Async Capable": false,
          "Startup Cost": 24.72,
          "Total Cost": 24.73,
          "Plan Rows": 1,
          "Plan Width": 105,
          "Sort Key": [
            "fd.pbr",
            "fd.per",
            "fd.eps DESC"
          ],
          "Plans": [
            {
              "Node Type": "Nested Loop",
              "Parent Relationship": "Outer",
              "Parallel Aware": false,
              "Async Capable": false,
              "Join Type": "Left",
              "Startup Cost": 2.65,
              "Total Cost": 24.71,
              "Plan Rows": 1,
              "Plan Width": 105,
              "Inner Unique": true,
              "Plans": [
                {
                  "Node Type": "Bitmap Heap Scan",
                  "Parent Relationship": "Outer",
                  "Parallel Aware": false,
                  "Async Capable": false,
                  "Relation Name": "stocks_daily_info",
                  "Alias": "sdi",
                  "Startup Cost": 2.36,
                  "Total Cost": 20.4,
                  "Plan Rows": 1,
                  "Plan Width": 68,
                  "Recheck Cond": "(event_date = '2023-10-14'::date)",
                  "Filter": "((market_cap >= '52100000000'::numeric) AND (market = 'KOSDAQ'::text))",
                  "Plans": [
                    {
                      "Node Type": "Bitmap Index Scan",
                      "Parent Relationship": "Outer",
                      "Parallel Aware": false,
                      "Async Capable": false,
                      "Index Name": "idx_sdi_event_date",
                      "Startup Cost": 0.0,
                      "Total Cost": 2.36,
                      "Plan Rows": 10,
                      "Plan Width": 0,
                      "Index Cond": "(event_date = '2023-10-14'::date)"
                    }
                  ]
                },
                {
                  "Node Type": "Index Scan",
                  "Parent Relationship": "Inner",
                  "Parallel Aware": false,
                  "Async Capable": false,
                  "Scan Direction": "Forward",
                  "Index Name": "fundamentals_daily_pkey",
                  "Relation Name": "fundamentals_daily",
                  "Alias": "fd",
                  "Startup Cost": 0.29,
                  "Total Cost": 4.3,
                  "Plan Rows": 1,
                  "Plan Width": 55,
                  "Index Cond": "((event_date = '2023-10-14'::date) AND (ticker = sdi.ticker))"
                }
              ]
            }
          ]
        }
      ]
    }
  },
  "db_statistics": {
    "table_stats": {
      "stocks_daily_info": {
        "row_count": 12700,
        "size_mb": 1.71
      },
      "fundamentals_daily": {
        "row_count": 12080,
        "size_mb": 2.33
      },
      "financials_quarterly": {
        "row_count": 8634,
        "size_mb": 0.8
      }
    },
    "existing_indexes": [
      "backtest_results_pkey",
      "community_posts_pkey",
      "financials_quarterly_pkey",
      "fundamentals_daily_pkey",
      "idx_finq_period_end",
      "idx_finq_ticker",
      "idx_fund_event_date",
      "idx_fund_ticker",
      "idx_sdi_event_date",
      "idx_sdi_ticker",
      "ix_backtest_results_strategy_id",
      "ix_community_posts_author_id",
      "ix_community_posts_strategy_id",
      "ix_ml_models_owner_id",
      "ix_strategies_owner_id",
      "ix_users_email",
      "ml_models_pkey",
      "stocks_daily_info_pkey",
      "strategies_pkey",
      "users_pkey"
    ]
  }
}
---
{
  "workload_id": 4026,
  "metadata": {
    "strategy_template": "Value Investing Style",
    "ml_model_used": null
  },
  "sql_query": "SELECT fd.bps, fd.dividend_yield, fd.eps, fd.pbr, fd.per, sdi.close_price, sdi.company_name, sdi.ma_20d, sdi.market_cap, sdi.momentum_12m, sdi.momentum_3m, sdi.rsi_14, sdi.ticker, sdi.volatility_20d FROM stocks_daily_info sdi LEFT JOIN fundamentals_daily fd ON fd.ticker = sdi.ticker AND fd.event_date = sdi.event_date WHERE sdi.market = 'KOSDAQ' AND sdi.market_cap >= 497900000000 AND sdi.event_date = DATE '2023-10-19' ORDER BY fd.pbr desc, fd.per desc LIMIT 11;",
  "baseline_execution_plan": {
    "Plan": {
      "Node Type": "Limit",
      "Parallel Aware": false,
      "Async Capable": false,
      "Startup Cost": 24.72,
      "Total Cost": 24.73,
      "Plan Rows": 1,
      "Plan Width": 105,
      "Plans": [
        {
          "Node Type": "Sort",
          "Parent Relationship": "Outer",
          "Parallel Aware": false,
          "Async Capable": false,
          "Startup Cost": 24.72,
          "Total Cost": 24.73,
          "Plan Rows": 1,
          "Plan Width": 105,
          "Sort Key": [
            "fd.pbr DESC",
            "fd.per DESC"
          ],
          "Plans": [
            {
              "Node Type": "Nested Loop",
              "Parent Relationship": "Outer",
              "Parallel Aware": false,
              "Async Capable": false,
              "Join Type": "Left",
              "Startup Cost": 2.65,
              "Total Cost": 24.71,
              "Plan Rows": 1,
              "Plan Width": 105,
              "Inner Unique": true,
              "Plans": [
                {
                  "Node Type": "Bitmap Heap Scan",
                  "Parent Relationship": "Outer",
                  "Parallel Aware": false,
                  "Async Capable": false,
                  "Relation Name": "stocks_daily_info",
                  "Alias": "sdi",
                  "Startup Cost": 2.36,
                  "Total Cost": 20.4,
                  "Plan Rows": 1,
                  "Plan Width": 68,
                  "Recheck Cond": "(event_date = '2023-10-19'::date)",
                  "Filter": "((market_cap >= '497900000000'::numeric) AND (market = 'KOSDAQ'::text))",
                  "Plans": [
                    {
                      "Node Type": "Bitmap Index Scan",
                      "Parent Relationship": "Outer",
                      "Parallel Aware": false,
                      "Async Capable": false,
                      "Index Name": "idx_sdi_event_date",
                      "Startup Cost": 0.0,
                      "Total Cost": 2.36,
                      "Plan Rows": 10,
                      "Plan Width": 0,
                      "Index Cond": "(event_date = '2023-10-19'::date)"
                    }
                  ]
                },
                {
                  "Node Type": "Index Scan",
                  "Parent Relationship": "Inner",
                  "Parallel Aware": false,
                  "Async Capable": false,
                  "Scan Direction": "Forward",
                  "Index Name": "fundamentals_daily_pkey",
                  "Relation Name": "fundamentals_daily",
                  "Alias": "fd",
                  "Startup Cost": 0.29,
                  "Total Cost": 4.3,
                  "Plan Rows": 1,
                  "Plan Width": 55,
                  "Index Cond": "((event_date = '2023-10-19'::date) AND (ticker = sdi.ticker))"
                }
              ]
            }
          ]
        }
      ]
    }
  },
  "db_statistics": {
    "table_stats": {
      "stocks_daily_info": {
        "row_count": 12700,
        "size_mb": 1.71
      },
      "fundamentals_daily": {
        "row_count": 12080,
        "size_mb": 2.33
      },
      "financials_quarterly": {
        "row_count": 8634,
        "size_mb": 0.8
      }
    },
    "existing_indexes": [
      "backtest_results_pkey",
      "community_posts_pkey",
      "financials_quarterly_pkey",
      "fundamentals_daily_pkey",
      "idx_finq_period_end",
      "idx_finq_ticker",
      "idx_fund_event_date",
      "idx_fund_ticker",
      "idx_sdi_event_date",
      "idx_sdi_ticker",
      "ix_backtest_results_strategy_id",
      "ix_community_posts_author_id",
      "ix_community_posts_strategy_id",
      "ix_ml_models_owner_id",
      "ix_strategies_owner_id",
      "ix_users_email",
      "ml_models_pkey",
      "stocks_daily_info_pkey",
      "strategies_pkey",
      "users_pkey"
    ]
  }
}
---
{
  "workload_id": 4027,
  "metadata": {
    "strategy_template": "Momentum Investing Style",
    "ml_model_used": null
  },
  "sql_query": "SELECT sdi.close_price, sdi.company_name, sdi.ma_20d, sdi.market_cap, sdi.momentum_12m, sdi.momentum_3m, sdi.rsi_14, sdi.ticker, sdi.volatility_20d FROM stocks_daily_info sdi WHERE sdi.market = 'KOSPI' AND sdi.market_cap >= 279700000000 AND sdi.event_date = DATE '2023-08-16' ORDER BY sdi.momentum_3m asc, sdi.momentum_12m desc LIMIT 36;",
  "baseline_execution_plan": {
    "Plan": {
      "Node Type": "Limit",
      "Parallel Aware": false,
      "Async Capable": false,
      "Startup Cost": 20.41,
      "Total Cost": 20.41,
      "Plan Rows": 1,
      "Plan Width": 64,
      "Plans": [
        {
          "Node Type": "Sort",
          "Parent Relationship": "Outer",
          "Parallel Aware": false,
          "Async Capable": false,
          "Startup Cost": 20.41,
          "Total Cost": 20.41,
          "Plan Rows": 1,
          "Plan Width": 64,
          "Sort Key": [
            "momentum_3m",
            "momentum_12m DESC"
          ],
          "Plans": [
            {
              "Node Type": "Bitmap Heap Scan",
              "Parent Relationship": "Outer",
              "Parallel Aware": false,
              "Async Capable": false,
              "Relation Name": "stocks_daily_info",
              "Alias": "sdi",
              "Startup Cost": 2.36,
              "Total Cost": 20.4,
              "Plan Rows": 1,
              "Plan Width": 64,
              "Recheck Cond": "(event_date = '2023-08-16'::date)",
              "Filter": "((market_cap >= '279700000000'::numeric) AND (market = 'KOSPI'::text))",
              "Plans": [
                {
                  "Node Type": "Bitmap Index Scan",
                  "Parent Relationship": "Outer",
                  "Parallel Aware": false,
                  "Async Capable": false,
                  "Index Name": "idx_sdi_event_date",
                  "Startup Cost": 0.0,
                  "Total Cost": 2.36,
                  "Plan Rows": 10,
                  "Plan Width": 0,
                  "Index Cond": "(event_date = '2023-08-16'::date)"
                }
              ]
            }
          ]
        }
      ]
    }
  },
  "db_statistics": {
    "table_stats": {
      "stocks_daily_info": {
        "row_count": 12700,
        "size_mb": 1.71
      },
      "fundamentals_daily": {
        "row_count": 12080,
        "size_mb": 2.33
      },
      "financials_quarterly": {
        "row_count": 8634,
        "size_mb": 0.8
      }
    },
    "existing_indexes": [
      "backtest_results_pkey",
      "community_posts_pkey",
      "financials_quarterly_pkey",
      "fundamentals_daily_pkey",
      "idx_finq_period_end",
      "idx_finq_ticker",
      "idx_fund_event_date",
      "idx_fund_ticker",
      "idx_sdi_event_date",
      "idx_sdi_ticker",
      "ix_backtest_results_strategy_id",
      "ix_community_posts_author_id",
      "ix_community_posts_strategy_id",
      "ix_ml_models_owner_id",
      "ix_strategies_owner_id",
      "ix_users_email",
      "ml_models_pkey",
      "stocks_daily_info_pkey",
      "strategies_pkey",
      "users_pkey"
    ]
  }
}
---
{
  "workload_id": 4028,
  "metadata": {
    "strategy_template": "Value Investing Style",
    "ml_model_used": null
  },
  "sql_query": "SELECT fd.bps, fd.dividend_yield, fd.eps, fd.pbr, fd.per, sdi.close_price, sdi.company_name, sdi.ma_20d, sdi.market_cap, sdi.momentum_12m, sdi.momentum_3m, sdi.rsi_14, sdi.ticker, sdi.volatility_20d FROM stocks_daily_info sdi LEFT JOIN fundamentals_daily fd ON fd.ticker = sdi.ticker AND fd.event_date = sdi.event_date WHERE sdi.market = 'KOSDAQ' AND sdi.market_cap >= 448600000000 AND sdi.event_date = DATE '2023-10-21' ORDER BY fd.pbr asc, fd.per desc, fd.eps asc, fd.dividend_yield asc LIMIT 20;",
  "baseline_execution_plan": {
    "Plan": {
      "Node Type": "Limit",
      "Parallel Aware": false,
      "Async Capable": false,
      "Startup Cost": 24.72,
      "Total Cost": 24.73,
      "Plan Rows": 1,
      "Plan Width": 105,
      "Plans": [
        {
          "Node Type": "Sort",
          "Parent Relationship": "Outer",
          "Parallel Aware": false,
          "Async Capable": false,
          "Startup Cost": 24.72,
          "Total Cost": 24.73,
          "Plan Rows": 1,
          "Plan Width": 105,
          "Sort Key": [
            "fd.pbr",
            "fd.per DESC",
            "fd.eps",
            "fd.dividend_yield"
          ],
          "Plans": [
            {
              "Node Type": "Nested Loop",
              "Parent Relationship": "Outer",
              "Parallel Aware": false,
              "Async Capable": false,
              "Join Type": "Left",
              "Startup Cost": 2.65,
              "Total Cost": 24.71,
              "Plan Rows": 1,
              "Plan Width": 105,
              "Inner Unique": true,
              "Plans": [
                {
                  "Node Type": "Bitmap Heap Scan",
                  "Parent Relationship": "Outer",
                  "Parallel Aware": false,
                  "Async Capable": false,
                  "Relation Name": "stocks_daily_info",
                  "Alias": "sdi",
                  "Startup Cost": 2.36,
                  "Total Cost": 20.4,
                  "Plan Rows": 1,
                  "Plan Width": 68,
                  "Recheck Cond": "(event_date = '2023-10-21'::date)",
                  "Filter": "((market_cap >= '448600000000'::numeric) AND (market = 'KOSDAQ'::text))",
                  "Plans": [
                    {
                      "Node Type": "Bitmap Index Scan",
                      "Parent Relationship": "Outer",
                      "Parallel Aware": false,
                      "Async Capable": false,
                      "Index Name": "idx_sdi_event_date",
                      "Startup Cost": 0.0,
                      "Total Cost": 2.36,
                      "Plan Rows": 10,
                      "Plan Width": 0,
                      "Index Cond": "(event_date = '2023-10-21'::date)"
                    }
                  ]
                },
                {
                  "Node Type": "Index Scan",
                  "Parent Relationship": "Inner",
                  "Parallel Aware": false,
                  "Async Capable": false,
                  "Scan Direction": "Forward",
                  "Index Name": "fundamentals_daily_pkey",
                  "Relation Name": "fundamentals_daily",
                  "Alias": "fd",
                  "Startup Cost": 0.29,
                  "Total Cost": 4.3,
                  "Plan Rows": 1,
                  "Plan Width": 55,
                  "Index Cond": "((event_date = '2023-10-21'::date) AND (ticker = sdi.ticker))"
                }
              ]
            }
          ]
        }
      ]
    }
  },
  "db_statistics": {
    "table_stats": {
      "stocks_daily_info": {
        "row_count": 12700,
        "size_mb": 1.71
      },
      "fundamentals_daily": {
        "row_count": 12080,
        "size_mb": 2.33
      },
      "financials_quarterly": {
        "row_count": 8634,
        "size_mb": 0.8
      }
    },
    "existing_indexes": [
      "backtest_results_pkey",
      "community_posts_pkey",
      "financials_quarterly_pkey",
      "fundamentals_daily_pkey",
      "idx_finq_period_end",
      "idx_finq_ticker",
      "idx_fund_event_date",
      "idx_fund_ticker",
      "idx_sdi_event_date",
      "idx_sdi_ticker",
      "ix_backtest_results_strategy_id",
      "ix_community_posts_author_id",
      "ix_community_posts_strategy_id",
      "ix_ml_models_owner_id",
      "ix_strategies_owner_id",
      "ix_users_email",
      "ml_models_pkey",
      "stocks_daily_info_pkey",
      "strategies_pkey",
      "users_pkey"
    ]
  }
}
---
{
  "workload_id": 4029,
  "metadata": {
    "strategy_template": "Momentum Investing Style",
    "ml_model_used": null
  },
  "sql_query": "SELECT sdi.close_price, sdi.company_name, sdi.ma_20d, sdi.market_cap, sdi.momentum_12m, sdi.momentum_3m, sdi.rsi_14, sdi.ticker, sdi.volatility_20d FROM stocks_daily_info sdi WHERE sdi.market = 'KOSDAQ' AND sdi.market_cap >= 478800000000 AND sdi.event_date = DATE '2023-05-22' ORDER BY sdi.momentum_3m desc, sdi.momentum_12m asc, sdi.rsi_14 desc LIMIT 45;",
  "baseline_execution_plan": {
    "Plan": {
      "Node Type": "Limit",
      "Parallel Aware": false,
      "Async Capable": false,
      "Startup Cost": 20.41,
      "Total Cost": 20.41,
      "Plan Rows": 1,
      "Plan Width": 64,
      "Plans": [
        {
          "Node Type": "Sort",
          "Parent Relationship": "Outer",
          "Parallel Aware": false,
          "Async Capable": false,
          "Startup Cost": 20.41,
          "Total Cost": 20.41,
          "Plan Rows": 1,
          "Plan Width": 64,
          "Sort Key": [
            "momentum_3m DESC",
            "momentum_12m",
            "rsi_14 DESC"
          ],
          "Plans": [
            {
              "Node Type": "Bitmap Heap Scan",
              "Parent Relationship": "Outer",
              "Parallel Aware": false,
              "Async Capable": false,
              "Relation Name": "stocks_daily_info",
              "Alias": "sdi",
              "Startup Cost": 2.36,
              "Total Cost": 20.4,
              "Plan Rows": 1,
              "Plan Width": 64,
              "Recheck Cond": "(event_date = '2023-05-22'::date)",
              "Filter": "((market_cap >= '478800000000'::numeric) AND (market = 'KOSDAQ'::text))",
              "Plans": [
                {
                  "Node Type": "Bitmap Index Scan",
                  "Parent Relationship": "Outer",
                  "Parallel Aware": false,
                  "Async Capable": false,
                  "Index Name": "idx_sdi_event_date",
                  "Startup Cost": 0.0,
                  "Total Cost": 2.36,
                  "Plan Rows": 10,
                  "Plan Width": 0,
                  "Index Cond": "(event_date = '2023-05-22'::date)"
                }
              ]
            }
          ]
        }
      ]
    }
  },
  "db_statistics": {
    "table_stats": {
      "stocks_daily_info": {
        "row_count": 12700,
        "size_mb": 1.71
      },
      "fundamentals_daily": {
        "row_count": 12080,
        "size_mb": 2.33
      },
      "financials_quarterly": {
        "row_count": 8634,
        "size_mb": 0.8
      }
    },
    "existing_indexes": [
      "backtest_results_pkey",
      "community_posts_pkey",
      "financials_quarterly_pkey",
      "fundamentals_daily_pkey",
      "idx_finq_period_end",
      "idx_finq_ticker",
      "idx_fund_event_date",
      "idx_fund_ticker",
      "idx_sdi_event_date",
      "idx_sdi_ticker",
      "ix_backtest_results_strategy_id",
      "ix_community_posts_author_id",
      "ix_community_posts_strategy_id",
      "ix_ml_models_owner_id",
      "ix_strategies_owner_id",
      "ix_users_email",
      "ml_models_pkey",
      "stocks_daily_info_pkey",
      "strategies_pkey",
      "users_pkey"
    ]
  }
}
---
{
  "workload_id": 4030,
  "metadata": {
    "strategy_template": "Momentum Investing Style",
    "ml_model_used": null
  },
  "sql_query": "SELECT sdi.close_price, sdi.company_name, sdi.ma_20d, sdi.market_cap, sdi.momentum_12m, sdi.momentum_3m, sdi.rsi_14, sdi.ticker, sdi.volatility_20d FROM stocks_daily_info sdi WHERE sdi.market = 'KOSDAQ' AND sdi.market_cap >= 431500000000 AND sdi.event_date = DATE '2023-08-15' ORDER BY sdi.momentum_3m asc, sdi.momentum_12m asc, sdi.rsi_14 desc, sdi.volatility_20d desc LIMIT 46;",
  "baseline_execution_plan": {
    "Plan": {
      "Node Type": "Limit",
      "Parallel Aware": false,
      "Async Capable": false,
      "Startup Cost": 20.41,
      "Total Cost": 20.41,
      "Plan Rows": 1,
      "Plan Width": 64,
      "Plans": [
        {
          "Node Type": "Sort",
          "Parent Relationship": "Outer",
          "Parallel Aware": false,
          "Async Capable": false,
          "Startup Cost": 20.41,
          "Total Cost": 20.41,
          "Plan Rows": 1,
          "Plan Width": 64,
          "Sort Key": [
            "momentum_3m",
            "momentum_12m",
            "rsi_14 DESC",
            "volatility_20d DESC"
          ],
          "Plans": [
            {
              "Node Type": "Bitmap Heap Scan",
              "Parent Relationship": "Outer",
              "Parallel Aware": false,
              "Async Capable": false,
              "Relation Name": "stocks_daily_info",
              "Alias": "sdi",
              "Startup Cost": 2.36,
              "Total Cost": 20.4,
              "Plan Rows": 1,
              "Plan Width": 64,
              "Recheck Cond": "(event_date = '2023-08-15'::date)",
              "Filter": "((market_cap >= '431500000000'::numeric) AND (market = 'KOSDAQ'::text))",
              "Plans": [
                {
                  "Node Type": "Bitmap Index Scan",
                  "Parent Relationship": "Outer",
                  "Parallel Aware": false,
                  "Async Capable": false,
                  "Index Name": "idx_sdi_event_date",
                  "Startup Cost": 0.0,
                  "Total Cost": 2.36,
                  "Plan Rows": 10,
                  "Plan Width": 0,
                  "Index Cond": "(event_date = '2023-08-15'::date)"
                }
              ]
            }
          ]
        }
      ]
    }
  },
  "db_statistics": {
    "table_stats": {
      "stocks_daily_info": {
        "row_count": 12700,
        "size_mb": 1.71
      },
      "fundamentals_daily": {
        "row_count": 12080,
        "size_mb": 2.33
      },
      "financials_quarterly": {
        "row_count": 8634,
        "size_mb": 0.8
      }
    },
    "existing_indexes": [
      "backtest_results_pkey",
      "community_posts_pkey",
      "financials_quarterly_pkey",
      "fundamentals_daily_pkey",
      "idx_finq_period_end",
      "idx_finq_ticker",
      "idx_fund_event_date",
      "idx_fund_ticker",
      "idx_sdi_event_date",
      "idx_sdi_ticker",
      "ix_backtest_results_strategy_id",
      "ix_community_posts_author_id",
      "ix_community_posts_strategy_id",
      "ix_ml_models_owner_id",
      "ix_strategies_owner_id",
      "ix_users_email",
      "ml_models_pkey",
      "stocks_daily_info_pkey",
      "strategies_pkey",
      "users_pkey"
    ]
  }
}
---
{
  "workload_id": 4031,
  "metadata": {
    "strategy_template": "Momentum Investing Style",
    "ml_model_used": null
  },
  "sql_query": "SELECT sdi.close_price, sdi.company_name, sdi.ma_20d, sdi.market_cap, sdi.momentum_12m, sdi.momentum_3m, sdi.rsi_14, sdi.ticker, sdi.volatility_20d FROM stocks_daily_info sdi WHERE sdi.market = 'KOSPI' AND sdi.market_cap >= 457000000000 AND sdi.event_date = DATE '2023-06-13' ORDER BY sdi.momentum_3m desc, sdi.momentum_12m asc LIMIT 32;",
  "baseline_execution_plan": {
    "Plan": {
      "Node Type": "Limit",
      "Parallel Aware": false,
      "Async Capable": false,
      "Startup Cost": 20.41,
      "Total Cost": 20.41,
      "Plan Rows": 1,
      "Plan Width": 64,
      "Plans": [
        {
          "Node Type": "Sort",
          "Parent Relationship": "Outer",
          "Parallel Aware": false,
          "Async Capable": false,
          "Startup Cost": 20.41,
          "Total Cost": 20.41,
          "Plan Rows": 1,
          "Plan Width": 64,
          "Sort Key": [
            "momentum_3m DESC",
            "momentum_12m"
          ],
          "Plans": [
            {
              "Node Type": "Bitmap Heap Scan",
              "Parent Relationship": "Outer",
              "Parallel Aware": false,
              "Async Capable": false,
              "Relation Name": "stocks_daily_info",
              "Alias": "sdi",
              "Startup Cost": 2.36,
              "Total Cost": 20.4,
              "Plan Rows": 1,
              "Plan Width": 64,
              "Recheck Cond": "(event_date = '2023-06-13'::date)",
              "Filter": "((market_cap >= '457000000000'::numeric) AND (market = 'KOSPI'::text))",
              "Plans": [
                {
                  "Node Type": "Bitmap Index Scan",
                  "Parent Relationship": "Outer",
                  "Parallel Aware": false,
                  "Async Capable": false,
                  "Index Name": "idx_sdi_event_date",
                  "Startup Cost": 0.0,
                  "Total Cost": 2.36,
                  "Plan Rows": 10,
                  "Plan Width": 0,
                  "Index Cond": "(event_date = '2023-06-13'::date)"
                }
              ]
            }
          ]
        }
      ]
    }
  },
  "db_statistics": {
    "table_stats": {
      "stocks_daily_info": {
        "row_count": 12700,
        "size_mb": 1.71
      },
      "fundamentals_daily": {
        "row_count": 12080,
        "size_mb": 2.33
      },
      "financials_quarterly": {
        "row_count": 8634,
        "size_mb": 0.8
      }
    },
    "existing_indexes": [
      "backtest_results_pkey",
      "community_posts_pkey",
      "financials_quarterly_pkey",
      "fundamentals_daily_pkey",
      "idx_finq_period_end",
      "idx_finq_ticker",
      "idx_fund_event_date",
      "idx_fund_ticker",
      "idx_sdi_event_date",
      "idx_sdi_ticker",
      "ix_backtest_results_strategy_id",
      "ix_community_posts_author_id",
      "ix_community_posts_strategy_id",
      "ix_ml_models_owner_id",
      "ix_strategies_owner_id",
      "ix_users_email",
      "ml_models_pkey",
      "stocks_daily_info_pkey",
      "strategies_pkey",
      "users_pkey"
    ]
  }
}
---
{
  "workload_id": 4032,
  "metadata": {
    "strategy_template": "Value Investing Style",
    "ml_model_used": null
  },
  "sql_query": "SELECT fd.bps, fd.dividend_yield, fd.eps, fd.pbr, fd.per, sdi.close_price, sdi.company_name, sdi.ma_20d, sdi.market_cap, sdi.momentum_12m, sdi.momentum_3m, sdi.rsi_14, sdi.ticker, sdi.volatility_20d FROM stocks_daily_info sdi LEFT JOIN fundamentals_daily fd ON fd.ticker = sdi.ticker AND fd.event_date = sdi.event_date WHERE sdi.market = 'KOSDAQ' AND sdi.market_cap >= 367500000000 AND sdi.event_date = DATE '2023-09-09' ORDER BY fd.pbr asc, fd.per desc, fd.dividend_yield asc, fd.eps asc LIMIT 42;",
  "baseline_execution_plan": {
    "Plan": {
      "Node Type": "Limit",
      "Parallel Aware": false,
      "Async Capable": false,
      "Startup Cost": 24.72,
      "Total Cost": 24.73,
      "Plan Rows": 1,
      "Plan Width": 105,
      "Plans": [
        {
          "Node Type": "Sort",
          "Parent Relationship": "Outer",
          "Parallel Aware": false,
          "Async Capable": false,
          "Startup Cost": 24.72,
          "Total Cost": 24.73,
          "Plan Rows": 1,
          "Plan Width": 105,
          "Sort Key": [
            "fd.pbr",
            "fd.per DESC",
            "fd.dividend_yield",
            "fd.eps"
          ],
          "Plans": [
            {
              "Node Type": "Nested Loop",
              "Parent Relationship": "Outer",
              "Parallel Aware": false,
              "Async Capable": false,
              "Join Type": "Left",
              "Startup Cost": 2.65,
              "Total Cost": 24.71,
              "Plan Rows": 1,
              "Plan Width": 105,
              "Inner Unique": true,
              "Plans": [
                {
                  "Node Type": "Bitmap Heap Scan",
                  "Parent Relationship": "Outer",
                  "Parallel Aware": false,
                  "Async Capable": false,
                  "Relation Name": "stocks_daily_info",
                  "Alias": "sdi",
                  "Startup Cost": 2.36,
                  "Total Cost": 20.4,
                  "Plan Rows": 1,
                  "Plan Width": 68,
                  "Recheck Cond": "(event_date = '2023-09-09'::date)",
                  "Filter": "((market_cap >= '367500000000'::numeric) AND (market = 'KOSDAQ'::text))",
                  "Plans": [
                    {
                      "Node Type": "Bitmap Index Scan",
                      "Parent Relationship": "Outer",
                      "Parallel Aware": false,
                      "Async Capable": false,
                      "Index Name": "idx_sdi_event_date",
                      "Startup Cost": 0.0,
                      "Total Cost": 2.36,
                      "Plan Rows": 10,
                      "Plan Width": 0,
                      "Index Cond": "(event_date = '2023-09-09'::date)"
                    }
                  ]
                },
                {
                  "Node Type": "Index Scan",
                  "Parent Relationship": "Inner",
                  "Parallel Aware": false,
                  "Async Capable": false,
                  "Scan Direction": "Forward",
                  "Index Name": "fundamentals_daily_pkey",
                  "Relation Name": "fundamentals_daily",
                  "Alias": "fd",
                  "Startup Cost": 0.29,
                  "Total Cost": 4.3,
                  "Plan Rows": 1,
                  "Plan Width": 55,
                  "Index Cond": "((event_date = '2023-09-09'::date) AND (ticker = sdi.ticker))"
                }
              ]
            }
          ]
        }
      ]
    }
  },
  "db_statistics": {
    "table_stats": {
      "stocks_daily_info": {
        "row_count": 12700,
        "size_mb": 1.71
      },
      "fundamentals_daily": {
        "row_count": 12080,
        "size_mb": 2.33
      },
      "financials_quarterly": {
        "row_count": 8634,
        "size_mb": 0.8
      }
    },
    "existing_indexes": [
      "backtest_results_pkey",
      "community_posts_pkey",
      "financials_quarterly_pkey",
      "fundamentals_daily_pkey",
      "idx_finq_period_end",
      "idx_finq_ticker",
      "idx_fund_event_date",
      "idx_fund_ticker",
      "idx_sdi_event_date",
      "idx_sdi_ticker",
      "ix_backtest_results_strategy_id",
      "ix_community_posts_author_id",
      "ix_community_posts_strategy_id",
      "ix_ml_models_owner_id",
      "ix_strategies_owner_id",
      "ix_users_email",
      "ml_models_pkey",
      "stocks_daily_info_pkey",
      "strategies_pkey",
      "users_pkey"
    ]
  }
}
---
{
  "workload_id": 4033,
  "metadata": {
    "strategy_template": "Value Investing Style",
    "ml_model_used": null
  },
  "sql_query": "SELECT fd.bps, fd.dividend_yield, fd.eps, fd.pbr, fd.per, sdi.close_price, sdi.company_name, sdi.ma_20d, sdi.market_cap, sdi.momentum_12m, sdi.momentum_3m, sdi.rsi_14, sdi.ticker, sdi.volatility_20d FROM stocks_daily_info sdi LEFT JOIN fundamentals_daily fd ON fd.ticker = sdi.ticker AND fd.event_date = sdi.event_date WHERE sdi.market = 'KOSPI' AND sdi.market_cap >= 118200000000 AND sdi.event_date = DATE '2023-09-14' ORDER BY fd.pbr desc, fd.per asc, fd.dividend_yield desc, fd.eps desc LIMIT 13;",
  "baseline_execution_plan": {
    "Plan": {
      "Node Type": "Limit",
      "Parallel Aware": false,
      "Async Capable": false,
      "Startup Cost": 24.72,
      "Total Cost": 24.73,
      "Plan Rows": 1,
      "Plan Width": 105,
      "Plans": [
        {
          "Node Type": "Sort",
          "Parent Relationship": "Outer",
          "Parallel Aware": false,
          "Async Capable": false,
          "Startup Cost": 24.72,
          "Total Cost": 24.73,
          "Plan Rows": 1,
          "Plan Width": 105,
          "Sort Key": [
            "fd.pbr DESC",
            "fd.per",
            "fd.dividend_yield DESC",
            "fd.eps DESC"
          ],
          "Plans": [
            {
              "Node Type": "Nested Loop",
              "Parent Relationship": "Outer",
              "Parallel Aware": false,
              "Async Capable": false,
              "Join Type": "Left",
              "Startup Cost": 2.65,
              "Total Cost": 24.71,
              "Plan Rows": 1,
              "Plan Width": 105,
              "Inner Unique": true,
              "Plans": [
                {
                  "Node Type": "Bitmap Heap Scan",
                  "Parent Relationship": "Outer",
                  "Parallel Aware": false,
                  "Async Capable": false,
                  "Relation Name": "stocks_daily_info",
                  "Alias": "sdi",
                  "Startup Cost": 2.36,
                  "Total Cost": 20.4,
                  "Plan Rows": 1,
                  "Plan Width": 68,
                  "Recheck Cond": "(event_date = '2023-09-14'::date)",
                  "Filter": "((market_cap >= '118200000000'::numeric) AND (market = 'KOSPI'::text))",
                  "Plans": [
                    {
                      "Node Type": "Bitmap Index Scan",
                      "Parent Relationship": "Outer",
                      "Parallel Aware": false,
                      "Async Capable": false,
                      "Index Name": "idx_sdi_event_date",
                      "Startup Cost": 0.0,
                      "Total Cost": 2.36,
                      "Plan Rows": 10,
                      "Plan Width": 0,
                      "Index Cond": "(event_date = '2023-09-14'::date)"
                    }
                  ]
                },
                {
                  "Node Type": "Index Scan",
                  "Parent Relationship": "Inner",
                  "Parallel Aware": false,
                  "Async Capable": false,
                  "Scan Direction": "Forward",
                  "Index Name": "fundamentals_daily_pkey",
                  "Relation Name": "fundamentals_daily",
                  "Alias": "fd",
                  "Startup Cost": 0.29,
                  "Total Cost": 4.3,
                  "Plan Rows": 1,
                  "Plan Width": 55,
                  "Index Cond": "((event_date = '2023-09-14'::date) AND (ticker = sdi.ticker))"
                }
              ]
            }
          ]
        }
      ]
    }
  },
  "db_statistics": {
    "table_stats": {
      "stocks_daily_info": {
        "row_count": 12700,
        "size_mb": 1.71
      },
      "fundamentals_daily": {
        "row_count": 12080,
        "size_mb": 2.33
      },
      "financials_quarterly": {
        "row_count": 8634,
        "size_mb": 0.8
      }
    },
    "existing_indexes": [
      "backtest_results_pkey",
      "community_posts_pkey",
      "financials_quarterly_pkey",
      "fundamentals_daily_pkey",
      "idx_finq_period_end",
      "idx_finq_ticker",
      "idx_fund_event_date",
      "idx_fund_ticker",
      "idx_sdi_event_date",
      "idx_sdi_ticker",
      "ix_backtest_results_strategy_id",
      "ix_community_posts_author_id",
      "ix_community_posts_strategy_id",
      "ix_ml_models_owner_id",
      "ix_strategies_owner_id",
      "ix_users_email",
      "ml_models_pkey",
      "stocks_daily_info_pkey",
      "strategies_pkey",
      "users_pkey"
    ]
  }
}
---
{
  "workload_id": 4034,
  "metadata": {
    "strategy_template": "Momentum Investing Style",
    "ml_model_used": null
  },
  "sql_query": "SELECT ( SELECT COALESCE(SUM(value), 0) FROM ( SELECT value FROM financials_quarterly fq WHERE fq.ticker = sdi.ticker AND fq.item_name = 'NetIncome' AND fq.statement_type IN ('IS_Q','CF_Q') AND fq.period_end <= DATE '2023-09-06' ORDER BY fq.period_end DESC LIMIT 4 ) as recent_quarters ) AS ttm_netincome , sdi.close_price, sdi.company_name, sdi.ma_20d, sdi.market_cap, sdi.momentum_12m, sdi.momentum_3m, sdi.rsi_14, sdi.ticker, sdi.volatility_20d FROM stocks_daily_info sdi WHERE sdi.market = 'KOSPI' AND sdi.market_cap >= 265100000000 AND sdi.event_date = DATE '2023-09-06' ORDER BY sdi.momentum_3m asc, sdi.momentum_12m desc, sdi.rsi_14 asc LIMIT 31;",
  "baseline_execution_plan": {
    "Plan": {
      "Node Type": "Limit",
      "Parallel Aware": false,
      "Async Capable": false,
      "Startup Cost": 20.41,
      "Total Cost": 24.7,
      "Plan Rows": 1,
      "Plan Width": 96,
      "Plans": [
        {
          "Node Type": "Result",
          "Parent Relationship": "Outer",
          "Parallel Aware": false,
          "Async Capable": false,
          "Startup Cost": 20.41,
          "Total Cost": 24.7,
          "Plan Rows": 1,
          "Plan Width": 96,
          "Plans": [
            {
              "Node Type": "Sort",
              "Parent Relationship": "Outer",
              "Parallel Aware": false,
              "Async Capable": false,
              "Startup Cost": 20.41,
              "Total Cost": 20.41,
              "Plan Rows": 1,
              "Plan Width": 64,
              "Sort Key": [
                "sdi.momentum_3m",
                "sdi.momentum_12m DESC",
                "sdi.rsi_14"
              ],
              "Plans": [
                {
                  "Node Type": "Bitmap Heap Scan",
                  "Parent Relationship": "Outer",
                  "Parallel Aware": false,
                  "Async Capable": false,
                  "Relation Name": "stocks_daily_info",
                  "Alias": "sdi",
                  "Startup Cost": 2.36,
                  "Total Cost": 20.4,
                  "Plan Rows": 1,
                  "Plan Width": 64,
                  "Recheck Cond": "(event_date = '2023-09-06'::date)",
                  "Filter": "((market_cap >= '265100000000'::numeric) AND (market = 'KOSPI'::text))",
                  "Plans": [
                    {
                      "Node Type": "Bitmap Index Scan",
                      "Parent Relationship": "Outer",
                      "Parallel Aware": false,
                      "Async Capable": false,
                      "Index Name": "idx_sdi_event_date",
                      "Startup Cost": 0.0,
                      "Total Cost": 2.36,
                      "Plan Rows": 10,
                      "Plan Width": 0,
                      "Index Cond": "(event_date = '2023-09-06'::date)"
                    }
                  ]
                }
              ]
            },
            {
              "Node Type": "Aggregate",
              "Strategy": "Plain",
              "Partial Mode": "Simple",
              "Parent Relationship": "SubPlan",
              "Subplan Name": "SubPlan 1",
              "Parallel Aware": false,
              "Async Capable": false,
              "Startup Cost": 4.27,
              "Total Cost": 4.28,
              "Plan Rows": 1,
              "Plan Width": 32,
              "Plans": [
                {
                  "Node Type": "Limit",
                  "Parent Relationship": "Outer",
                  "Parallel Aware": false,
                  "Async Capable": false,
                  "Startup Cost": 0.29,
                  "Total Cost": 4.25,
                  "Plan Rows": 1,
                  "Plan Width": 12,
                  "Plans": [
                    {
                      "Node Type": "Index Scan",
                      "Parent Relationship": "Outer",
                      "Parallel Aware": false,
                      "Async Capable": false,
                      "Scan Direction": "Backward",
                      "Index Name": "idx_finq_period_end",
                      "Relation Name": "financials_quarterly",
                      "Alias": "fq",
                      "Startup Cost": 0.29,
                      "Total Cost": 4.25,
                      "Plan Rows": 1,
                      "Plan Width": 12,
                      "Index Cond": "(period_end <= '2023-09-06'::date)",
                      "Filter": "((statement_type = ANY ('{IS_Q,CF_Q}'::text[])) AND (ticker = sdi.ticker) AND (item_name = 'NetIncome'::text))"
                    }
                  ]
                }
              ]
            }
          ]
        }
      ]
    }
  },
  "db_statistics": {
    "table_stats": {
      "stocks_daily_info": {
        "row_count": 12700,
        "size_mb": 1.71
      },
      "fundamentals_daily": {
        "row_count": 12080,
        "size_mb": 2.33
      },
      "financials_quarterly": {
        "row_count": 8634,
        "size_mb": 0.8
      }
    },
    "existing_indexes": [
      "backtest_results_pkey",
      "community_posts_pkey",
      "financials_quarterly_pkey",
      "fundamentals_daily_pkey",
      "idx_finq_period_end",
      "idx_finq_ticker",
      "idx_fund_event_date",
      "idx_fund_ticker",
      "idx_sdi_event_date",
      "idx_sdi_ticker",
      "ix_backtest_results_strategy_id",
      "ix_community_posts_author_id",
      "ix_community_posts_strategy_id",
      "ix_ml_models_owner_id",
      "ix_strategies_owner_id",
      "ix_users_email",
      "ml_models_pkey",
      "stocks_daily_info_pkey",
      "strategies_pkey",
      "users_pkey"
    ]
  }
}
---
{
  "workload_id": 4035,
  "metadata": {
    "strategy_template": "Momentum Investing Style",
    "ml_model_used": null
  },
  "sql_query": "SELECT sdi.close_price, sdi.company_name, sdi.ma_20d, sdi.market_cap, sdi.momentum_12m, sdi.momentum_3m, sdi.rsi_14, sdi.ticker, sdi.volatility_20d FROM stocks_daily_info sdi WHERE sdi.market = 'KOSPI' AND sdi.market_cap >= 435200000000 AND sdi.event_date = DATE '2023-08-28' ORDER BY sdi.momentum_3m desc, sdi.momentum_12m desc, sdi.volatility_20d asc LIMIT 16;",
  "baseline_execution_plan": {
    "Plan": {
      "Node Type": "Limit",
      "Parallel Aware": false,
      "Async Capable": false,
      "Startup Cost": 20.41,
      "Total Cost": 20.41,
      "Plan Rows": 1,
      "Plan Width": 64,
      "Plans": [
        {
          "Node Type": "Sort",
          "Parent Relationship": "Outer",
          "Parallel Aware": false,
          "Async Capable": false,
          "Startup Cost": 20.41,
          "Total Cost": 20.41,
          "Plan Rows": 1,
          "Plan Width": 64,
          "Sort Key": [
            "momentum_3m DESC",
            "momentum_12m DESC",
            "volatility_20d"
          ],
          "Plans": [
            {
              "Node Type": "Bitmap Heap Scan",
              "Parent Relationship": "Outer",
              "Parallel Aware": false,
              "Async Capable": false,
              "Relation Name": "stocks_daily_info",
              "Alias": "sdi",
              "Startup Cost": 2.36,
              "Total Cost": 20.4,
              "Plan Rows": 1,
              "Plan Width": 64,
              "Recheck Cond": "(event_date = '2023-08-28'::date)",
              "Filter": "((market_cap >= '435200000000'::numeric) AND (market = 'KOSPI'::text))",
              "Plans": [
                {
                  "Node Type": "Bitmap Index Scan",
                  "Parent Relationship": "Outer",
                  "Parallel Aware": false,
                  "Async Capable": false,
                  "Index Name": "idx_sdi_event_date",
                  "Startup Cost": 0.0,
                  "Total Cost": 2.36,
                  "Plan Rows": 10,
                  "Plan Width": 0,
                  "Index Cond": "(event_date = '2023-08-28'::date)"
                }
              ]
            }
          ]
        }
      ]
    }
  },
  "db_statistics": {
    "table_stats": {
      "stocks_daily_info": {
        "row_count": 12700,
        "size_mb": 1.71
      },
      "fundamentals_daily": {
        "row_count": 12080,
        "size_mb": 2.33
      },
      "financials_quarterly": {
        "row_count": 8634,
        "size_mb": 0.8
      }
    },
    "existing_indexes": [
      "backtest_results_pkey",
      "community_posts_pkey",
      "financials_quarterly_pkey",
      "fundamentals_daily_pkey",
      "idx_finq_period_end",
      "idx_finq_ticker",
      "idx_fund_event_date",
      "idx_fund_ticker",
      "idx_sdi_event_date",
      "idx_sdi_ticker",
      "ix_backtest_results_strategy_id",
      "ix_community_posts_author_id",
      "ix_community_posts_strategy_id",
      "ix_ml_models_owner_id",
      "ix_strategies_owner_id",
      "ix_users_email",
      "ml_models_pkey",
      "stocks_daily_info_pkey",
      "strategies_pkey",
      "users_pkey"
    ]
  }
}
---
{
  "workload_id": 4036,
  "metadata": {
    "strategy_template": "Momentum Investing Style",
    "ml_model_used": null
  },
  "sql_query": "SELECT sdi.close_price, sdi.company_name, sdi.ma_20d, sdi.market_cap, sdi.momentum_12m, sdi.momentum_3m, sdi.rsi_14, sdi.ticker, sdi.volatility_20d FROM stocks_daily_info sdi WHERE sdi.market = 'KOSDAQ' AND sdi.market_cap >= 53000000000 AND sdi.event_date = DATE '2023-05-14' ORDER BY sdi.momentum_3m desc, sdi.momentum_12m asc, sdi.volatility_20d desc LIMIT 31;",
  "baseline_execution_plan": {
    "Plan": {
      "Node Type": "Limit",
      "Parallel Aware": false,
      "Async Capable": false,
      "Startup Cost": 20.41,
      "Total Cost": 20.41,
      "Plan Rows": 1,
      "Plan Width": 64,
      "Plans": [
        {
          "Node Type": "Sort",
          "Parent Relationship": "Outer",
          "Parallel Aware": false,
          "Async Capable": false,
          "Startup Cost": 20.41,
          "Total Cost": 20.41,
          "Plan Rows": 1,
          "Plan Width": 64,
          "Sort Key": [
            "momentum_3m DESC",
            "momentum_12m",
            "volatility_20d DESC"
          ],
          "Plans": [
            {
              "Node Type": "Bitmap Heap Scan",
              "Parent Relationship": "Outer",
              "Parallel Aware": false,
              "Async Capable": false,
              "Relation Name": "stocks_daily_info",
              "Alias": "sdi",
              "Startup Cost": 2.36,
              "Total Cost": 20.4,
              "Plan Rows": 1,
              "Plan Width": 64,
              "Recheck Cond": "(event_date = '2023-05-14'::date)",
              "Filter": "((market_cap >= '53000000000'::numeric) AND (market = 'KOSDAQ'::text))",
              "Plans": [
                {
                  "Node Type": "Bitmap Index Scan",
                  "Parent Relationship": "Outer",
                  "Parallel Aware": false,
                  "Async Capable": false,
                  "Index Name": "idx_sdi_event_date",
                  "Startup Cost": 0.0,
                  "Total Cost": 2.36,
                  "Plan Rows": 10,
                  "Plan Width": 0,
                  "Index Cond": "(event_date = '2023-05-14'::date)"
                }
              ]
            }
          ]
        }
      ]
    }
  },
  "db_statistics": {
    "table_stats": {
      "stocks_daily_info": {
        "row_count": 12700,
        "size_mb": 1.71
      },
      "fundamentals_daily": {
        "row_count": 12080,
        "size_mb": 2.33
      },
      "financials_quarterly": {
        "row_count": 8634,
        "size_mb": 0.8
      }
    },
    "existing_indexes": [
      "backtest_results_pkey",
      "community_posts_pkey",
      "financials_quarterly_pkey",
      "fundamentals_daily_pkey",
      "idx_finq_period_end",
      "idx_finq_ticker",
      "idx_fund_event_date",
      "idx_fund_ticker",
      "idx_sdi_event_date",
      "idx_sdi_ticker",
      "ix_backtest_results_strategy_id",
      "ix_community_posts_author_id",
      "ix_community_posts_strategy_id",
      "ix_ml_models_owner_id",
      "ix_strategies_owner_id",
      "ix_users_email",
      "ml_models_pkey",
      "stocks_daily_info_pkey",
      "strategies_pkey",
      "users_pkey"
    ]
  }
}
---
{
  "workload_id": 4037,
  "metadata": {
    "strategy_template": "Momentum Investing Style",
    "ml_model_used": null
  },
  "sql_query": "SELECT sdi.close_price, sdi.company_name, sdi.ma_20d, sdi.market_cap, sdi.momentum_12m, sdi.momentum_3m, sdi.rsi_14, sdi.ticker, sdi.volatility_20d FROM stocks_daily_info sdi WHERE sdi.market = 'KOSPI' AND sdi.market_cap >= 358800000000 AND sdi.event_date = DATE '2023-10-26' ORDER BY sdi.momentum_3m desc, sdi.momentum_12m desc, sdi.volatility_20d desc, sdi.rsi_14 desc LIMIT 21;",
  "baseline_execution_plan": {
    "Plan": {
      "Node Type": "Limit",
      "Parallel Aware": false,
      "Async Capable": false,
      "Startup Cost": 20.41,
      "Total Cost": 20.41,
      "Plan Rows": 1,
      "Plan Width": 64,
      "Plans": [
        {
          "Node Type": "Sort",
          "Parent Relationship": "Outer",
          "Parallel Aware": false,
          "Async Capable": false,
          "Startup Cost": 20.41,
          "Total Cost": 20.41,
          "Plan Rows": 1,
          "Plan Width": 64,
          "Sort Key": [
            "momentum_3m DESC",
            "momentum_12m DESC",
            "volatility_20d DESC",
            "rsi_14 DESC"
          ],
          "Plans": [
            {
              "Node Type": "Bitmap Heap Scan",
              "Parent Relationship": "Outer",
              "Parallel Aware": false,
              "Async Capable": false,
              "Relation Name": "stocks_daily_info",
              "Alias": "sdi",
              "Startup Cost": 2.36,
              "Total Cost": 20.4,
              "Plan Rows": 1,
              "Plan Width": 64,
              "Recheck Cond": "(event_date = '2023-10-26'::date)",
              "Filter": "((market_cap >= '358800000000'::numeric) AND (market = 'KOSPI'::text))",
              "Plans": [
                {
                  "Node Type": "Bitmap Index Scan",
                  "Parent Relationship": "Outer",
                  "Parallel Aware": false,
                  "Async Capable": false,
                  "Index Name": "idx_sdi_event_date",
                  "Startup Cost": 0.0,
                  "Total Cost": 2.36,
                  "Plan Rows": 10,
                  "Plan Width": 0,
                  "Index Cond": "(event_date = '2023-10-26'::date)"
                }
              ]
            }
          ]
        }
      ]
    }
  },
  "db_statistics": {
    "table_stats": {
      "stocks_daily_info": {
        "row_count": 12700,
        "size_mb": 1.71
      },
      "fundamentals_daily": {
        "row_count": 12080,
        "size_mb": 2.33
      },
      "financials_quarterly": {
        "row_count": 8634,
        "size_mb": 0.8
      }
    },
    "existing_indexes": [
      "backtest_results_pkey",
      "community_posts_pkey",
      "financials_quarterly_pkey",
      "fundamentals_daily_pkey",
      "idx_finq_period_end",
      "idx_finq_ticker",
      "idx_fund_event_date",
      "idx_fund_ticker",
      "idx_sdi_event_date",
      "idx_sdi_ticker",
      "ix_backtest_results_strategy_id",
      "ix_community_posts_author_id",
      "ix_community_posts_strategy_id",
      "ix_ml_models_owner_id",
      "ix_strategies_owner_id",
      "ix_users_email",
      "ml_models_pkey",
      "stocks_daily_info_pkey",
      "strategies_pkey",
      "users_pkey"
    ]
  }
}
---
{
  "workload_id": 4038,
  "metadata": {
    "strategy_template": "Momentum Investing Style",
    "ml_model_used": null
  },
  "sql_query": "SELECT sdi.close_price, sdi.company_name, sdi.ma_20d, sdi.market_cap, sdi.momentum_12m, sdi.momentum_3m, sdi.rsi_14, sdi.ticker, sdi.volatility_20d FROM stocks_daily_info sdi WHERE sdi.market = 'KOSDAQ' AND sdi.market_cap >= 50700000000 AND sdi.event_date = DATE '2023-08-16' ORDER BY sdi.momentum_3m desc, sdi.momentum_12m desc, sdi.rsi_14 desc, sdi.volatility_20d asc LIMIT 48;",
  "baseline_execution_plan": {
    "Plan": {
      "Node Type": "Limit",
      "Parallel Aware": false,
      "Async Capable": false,
      "Startup Cost": 20.41,
      "Total Cost": 20.41,
      "Plan Rows": 1,
      "Plan Width": 64,
      "Plans": [
        {
          "Node Type": "Sort",
          "Parent Relationship": "Outer",
          "Parallel Aware": false,
          "Async Capable": false,
          "Startup Cost": 20.41,
          "Total Cost": 20.41,
          "Plan Rows": 1,
          "Plan Width": 64,
          "Sort Key": [
            "momentum_3m DESC",
            "momentum_12m DESC",
            "rsi_14 DESC",
            "volatility_20d"
          ],
          "Plans": [
            {
              "Node Type": "Bitmap Heap Scan",
              "Parent Relationship": "Outer",
              "Parallel Aware": false,
              "Async Capable": false,
              "Relation Name": "stocks_daily_info",
              "Alias": "sdi",
              "Startup Cost": 2.36,
              "Total Cost": 20.4,
              "Plan Rows": 1,
              "Plan Width": 64,
              "Recheck Cond": "(event_date = '2023-08-16'::date)",
              "Filter": "((market_cap >= '50700000000'::numeric) AND (market = 'KOSDAQ'::text))",
              "Plans": [
                {
                  "Node Type": "Bitmap Index Scan",
                  "Parent Relationship": "Outer",
                  "Parallel Aware": false,
                  "Async Capable": false,
                  "Index Name": "idx_sdi_event_date",
                  "Startup Cost": 0.0,
                  "Total Cost": 2.36,
                  "Plan Rows": 10,
                  "Plan Width": 0,
                  "Index Cond": "(event_date = '2023-08-16'::date)"
                }
              ]
            }
          ]
        }
      ]
    }
  },
  "db_statistics": {
    "table_stats": {
      "stocks_daily_info": {
        "row_count": 12700,
        "size_mb": 1.71
      },
      "fundamentals_daily": {
        "row_count": 12080,
        "size_mb": 2.33
      },
      "financials_quarterly": {
        "row_count": 8634,
        "size_mb": 0.8
      }
    },
    "existing_indexes": [
      "backtest_results_pkey",
      "community_posts_pkey",
      "financials_quarterly_pkey",
      "fundamentals_daily_pkey",
      "idx_finq_period_end",
      "idx_finq_ticker",
      "idx_fund_event_date",
      "idx_fund_ticker",
      "idx_sdi_event_date",
      "idx_sdi_ticker",
      "ix_backtest_results_strategy_id",
      "ix_community_posts_author_id",
      "ix_community_posts_strategy_id",
      "ix_ml_models_owner_id",
      "ix_strategies_owner_id",
      "ix_users_email",
      "ml_models_pkey",
      "stocks_daily_info_pkey",
      "strategies_pkey",
      "users_pkey"
    ]
  }
}
---
{
  "workload_id": 4039,
  "metadata": {
    "strategy_template": "ML Hybrid Style",
    "ml_model_used": "Return Forecast Model"
  },
  "sql_query": "SELECT ( SELECT COALESCE(SUM(value), 0) FROM ( SELECT value FROM financials_quarterly fq WHERE fq.ticker = sdi.ticker AND fq.item_name = 'OperatingCashFlow' AND fq.statement_type IN ('IS_Q','CF_Q') AND fq.period_end <= DATE '2023-06-02' ORDER BY fq.period_end DESC LIMIT 4 ) as recent_quarters ) AS ttm_operatingcashflow , sdi.close_price, sdi.company_name, sdi.ma_20d, sdi.market_cap, sdi.momentum_12m, sdi.momentum_3m, sdi.rsi_14, sdi.ticker, sdi.volatility_20d FROM stocks_daily_info sdi WHERE sdi.market = 'KOSDAQ' AND sdi.market_cap >= 233600000000 AND sdi.event_date = DATE '2023-06-02' ORDER BY CASE sdi.ticker WHEN '000660.KS' THEN 1 WHEN '005930.KS' THEN 2 WHEN '068270.KQ' THEN 3 WHEN '207940.KS' THEN 4 WHEN '035420.KS' THEN 5 WHEN '005380.KS' THEN 6 WHEN '051910.KS' THEN 7 WHEN '012330.KS' THEN 8 WHEN '035720.KS' THEN 9 WHEN '105560.KS' THEN 10 ELSE 11 END LIMIT 42;",
  "baseline_execution_plan": {
    "Plan": {
      "Node Type": "Limit",
      "Parallel Aware": false,
      "Async Capable": false,
      "Startup Cost": 20.43,
      "Total Cost": 24.75,
      "Plan Rows": 1,
      "Plan Width": 100,
      "Plans": [
        {
          "Node Type": "Result",
          "Parent Relationship": "Outer",
          "Parallel Aware": false,
          "Async Capable": false,
          "Startup Cost": 20.43,
          "Total Cost": 24.75,
          "Plan Rows": 1,
          "Plan Width": 100,
          "Plans": [
            {
              "Node Type": "Sort",
              "Parent Relationship": "Outer",
              "Parallel Aware": false,
              "Async Capable": false,
              "Startup Cost": 20.43,
              "Total Cost": 20.44,
              "Plan Rows": 1,
              "Plan Width": 68,
              "Sort Key": [
                "(CASE sdi.ticker WHEN '000660.KS'::text THEN 1 WHEN '005930.KS'::text THEN 2 WHEN '068270.KQ'::text THEN 3 WHEN '207940.KS'::text THEN 4 WHEN '035420.KS'::text THEN 5 WHEN '005380.KS'::text THEN 6 WHEN '051910.KS'::text THEN 7 WHEN '012330.KS'::text THEN 8 WHEN '035720.KS'::text THEN 9 WHEN '105560.KS'::text THEN 10 ELSE 11 END)"
              ],
              "Plans": [
                {
                  "Node Type": "Bitmap Heap Scan",
                  "Parent Relationship": "Outer",
                  "Parallel Aware": false,
                  "Async Capable": false,
                  "Relation Name": "stocks_daily_info",
                  "Alias": "sdi",
                  "Startup Cost": 2.36,
                  "Total Cost": 20.42,
                  "Plan Rows": 1,
                  "Plan Width": 68,
                  "Recheck Cond": "(event_date = '2023-06-02'::date)",
                  "Filter": "((market_cap >= '233600000000'::numeric) AND (market = 'KOSDAQ'::text))",
                  "Plans": [
                    {
                      "Node Type": "Bitmap Index Scan",
                      "Parent Relationship": "Outer",
                      "Parallel Aware": false,
                      "Async Capable": false,
                      "Index Name": "idx_sdi_event_date",
                      "Startup Cost": 0.0,
                      "Total Cost": 2.36,
                      "Plan Rows": 10,
                      "Plan Width": 0,
                      "Index Cond": "(event_date = '2023-06-02'::date)"
                    }
                  ]
                }
              ]
            },
            {
              "Node Type": "Aggregate",
              "Strategy": "Plain",
              "Partial Mode": "Simple",
              "Parent Relationship": "SubPlan",
              "Subplan Name": "SubPlan 1",
              "Parallel Aware": false,
              "Async Capable": false,
              "Startup Cost": 4.27,
              "Total Cost": 4.28,
              "Plan Rows": 1,
              "Plan Width": 32,
              "Plans": [
                {
                  "Node Type": "Limit",
                  "Parent Relationship": "Outer",
                  "Parallel Aware": false,
                  "Async Capable": false,
                  "Startup Cost": 0.29,
                  "Total Cost": 4.25,
                  "Plan Rows": 1,
                  "Plan Width": 12,
                  "Plans": [
                    {
                      "Node Type": "Index Scan",
                      "Parent Relationship": "Outer",
                      "Parallel Aware": false,
                      "Async Capable": false,
                      "Scan Direction": "Backward",
                      "Index Name": "idx_finq_period_end",
                      "Relation Name": "financials_quarterly",
                      "Alias": "fq",
                      "Startup Cost": 0.29,
                      "Total Cost": 4.25,
                      "Plan Rows": 1,
                      "Plan Width": 12,
                      "Index Cond": "(period_end <= '2023-06-02'::date)",
                      "Filter": "((statement_type = ANY ('{IS_Q,CF_Q}'::text[])) AND (ticker = sdi.ticker) AND (item_name = 'OperatingCashFlow'::text))"
                    }
                  ]
                }
              ]
            }
          ]
        }
      ]
    }
  },
  "db_statistics": {
    "table_stats": {
      "stocks_daily_info": {
        "row_count": 12700,
        "size_mb": 1.71
      },
      "fundamentals_daily": {
        "row_count": 12080,
        "size_mb": 2.33
      },
      "financials_quarterly": {
        "row_count": 8634,
        "size_mb": 0.8
      }
    },
    "existing_indexes": [
      "backtest_results_pkey",
      "community_posts_pkey",
      "financials_quarterly_pkey",
      "fundamentals_daily_pkey",
      "idx_finq_period_end",
      "idx_finq_ticker",
      "idx_fund_event_date",
      "idx_fund_ticker",
      "idx_sdi_event_date",
      "idx_sdi_ticker",
      "ix_backtest_results_strategy_id",
      "ix_community_posts_author_id",
      "ix_community_posts_strategy_id",
      "ix_ml_models_owner_id",
      "ix_strategies_owner_id",
      "ix_users_email",
      "ml_models_pkey",
      "stocks_daily_info_pkey",
      "strategies_pkey",
      "users_pkey"
    ]
  }
}
---
{
  "workload_id": 4040,
  "metadata": {
    "strategy_template": "Value Investing Style",
    "ml_model_used": null
  },
  "sql_query": "SELECT fd.bps, fd.dividend_yield, fd.eps, fd.pbr, fd.per, sdi.close_price, sdi.company_name, sdi.ma_20d, sdi.market_cap, sdi.momentum_12m, sdi.momentum_3m, sdi.rsi_14, sdi.ticker, sdi.volatility_20d FROM stocks_daily_info sdi LEFT JOIN fundamentals_daily fd ON fd.ticker = sdi.ticker AND fd.event_date = sdi.event_date WHERE sdi.market = 'KOSDAQ' AND sdi.market_cap >= 125700000000 AND sdi.event_date = DATE '2023-06-12' ORDER BY fd.pbr asc, fd.per desc, fd.dividend_yield asc LIMIT 40;",
  "baseline_execution_plan": {
    "Plan": {
      "Node Type": "Limit",
      "Parallel Aware": false,
      "Async Capable": false,
      "Startup Cost": 24.72,
      "Total Cost": 24.73,
      "Plan Rows": 1,
      "Plan Width": 105,
      "Plans": [
        {
          "Node Type": "Sort",
          "Parent Relationship": "Outer",
          "Parallel Aware": false,
          "Async Capable": false,
          "Startup Cost": 24.72,
          "Total Cost": 24.73,
          "Plan Rows": 1,
          "Plan Width": 105,
          "Sort Key": [
            "fd.pbr",
            "fd.per DESC",
            "fd.dividend_yield"
          ],
          "Plans": [
            {
              "Node Type": "Nested Loop",
              "Parent Relationship": "Outer",
              "Parallel Aware": false,
              "Async Capable": false,
              "Join Type": "Left",
              "Startup Cost": 2.65,
              "Total Cost": 24.71,
              "Plan Rows": 1,
              "Plan Width": 105,
              "Inner Unique": true,
              "Plans": [
                {
                  "Node Type": "Bitmap Heap Scan",
                  "Parent Relationship": "Outer",
                  "Parallel Aware": false,
                  "Async Capable": false,
                  "Relation Name": "stocks_daily_info",
                  "Alias": "sdi",
                  "Startup Cost": 2.36,
                  "Total Cost": 20.4,
                  "Plan Rows": 1,
                  "Plan Width": 68,
                  "Recheck Cond": "(event_date = '2023-06-12'::date)",
                  "Filter": "((market_cap >= '125700000000'::numeric) AND (market = 'KOSDAQ'::text))",
                  "Plans": [
                    {
                      "Node Type": "Bitmap Index Scan",
                      "Parent Relationship": "Outer",
                      "Parallel Aware": false,
                      "Async Capable": false,
                      "Index Name": "idx_sdi_event_date",
                      "Startup Cost": 0.0,
                      "Total Cost": 2.36,
                      "Plan Rows": 10,
                      "Plan Width": 0,
                      "Index Cond": "(event_date = '2023-06-12'::date)"
                    }
                  ]
                },
                {
                  "Node Type": "Index Scan",
                  "Parent Relationship": "Inner",
                  "Parallel Aware": false,
                  "Async Capable": false,
                  "Scan Direction": "Forward",
                  "Index Name": "fundamentals_daily_pkey",
                  "Relation Name": "fundamentals_daily",
                  "Alias": "fd",
                  "Startup Cost": 0.29,
                  "Total Cost": 4.3,
                  "Plan Rows": 1,
                  "Plan Width": 55,
                  "Index Cond": "((event_date = '2023-06-12'::date) AND (ticker = sdi.ticker))"
                }
              ]
            }
          ]
        }
      ]
    }
  },
  "db_statistics": {
    "table_stats": {
      "stocks_daily_info": {
        "row_count": 12700,
        "size_mb": 1.71
      },
      "fundamentals_daily": {
        "row_count": 12080,
        "size_mb": 2.33
      },
      "financials_quarterly": {
        "row_count": 8634,
        "size_mb": 0.8
      }
    },
    "existing_indexes": [
      "backtest_results_pkey",
      "community_posts_pkey",
      "financials_quarterly_pkey",
      "fundamentals_daily_pkey",
      "idx_finq_period_end",
      "idx_finq_ticker",
      "idx_fund_event_date",
      "idx_fund_ticker",
      "idx_sdi_event_date",
      "idx_sdi_ticker",
      "ix_backtest_results_strategy_id",
      "ix_community_posts_author_id",
      "ix_community_posts_strategy_id",
      "ix_ml_models_owner_id",
      "ix_strategies_owner_id",
      "ix_users_email",
      "ml_models_pkey",
      "stocks_daily_info_pkey",
      "strategies_pkey",
      "users_pkey"
    ]
  }
}
---
{
  "workload_id": 4041,
  "metadata": {
    "strategy_template": "Momentum Investing Style",
    "ml_model_used": null
  },
  "sql_query": "SELECT sdi.close_price, sdi.company_name, sdi.ma_20d, sdi.market_cap, sdi.momentum_12m, sdi.momentum_3m, sdi.rsi_14, sdi.ticker, sdi.volatility_20d FROM stocks_daily_info sdi WHERE sdi.market = 'KOSDAQ' AND sdi.market_cap >= 130600000000 AND sdi.event_date = DATE '2023-08-18' ORDER BY sdi.momentum_3m asc, sdi.momentum_12m asc, sdi.volatility_20d desc, sdi.rsi_14 desc LIMIT 17;",
  "baseline_execution_plan": {
    "Plan": {
      "Node Type": "Limit",
      "Parallel Aware": false,
      "Async Capable": false,
      "Startup Cost": 20.41,
      "Total Cost": 20.41,
      "Plan Rows": 1,
      "Plan Width": 64,
      "Plans": [
        {
          "Node Type": "Sort",
          "Parent Relationship": "Outer",
          "Parallel Aware": false,
          "Async Capable": false,
          "Startup Cost": 20.41,
          "Total Cost": 20.41,
          "Plan Rows": 1,
          "Plan Width": 64,
          "Sort Key": [
            "momentum_3m",
            "momentum_12m",
            "volatility_20d DESC",
            "rsi_14 DESC"
          ],
          "Plans": [
            {
              "Node Type": "Bitmap Heap Scan",
              "Parent Relationship": "Outer",
              "Parallel Aware": false,
              "Async Capable": false,
              "Relation Name": "stocks_daily_info",
              "Alias": "sdi",
              "Startup Cost": 2.36,
              "Total Cost": 20.4,
              "Plan Rows": 1,
              "Plan Width": 64,
              "Recheck Cond": "(event_date = '2023-08-18'::date)",
              "Filter": "((market_cap >= '130600000000'::numeric) AND (market = 'KOSDAQ'::text))",
              "Plans": [
                {
                  "Node Type": "Bitmap Index Scan",
                  "Parent Relationship": "Outer",
                  "Parallel Aware": false,
                  "Async Capable": false,
                  "Index Name": "idx_sdi_event_date",
                  "Startup Cost": 0.0,
                  "Total Cost": 2.36,
                  "Plan Rows": 10,
                  "Plan Width": 0,
                  "Index Cond": "(event_date = '2023-08-18'::date)"
                }
              ]
            }
          ]
        }
      ]
    }
  },
  "db_statistics": {
    "table_stats": {
      "stocks_daily_info": {
        "row_count": 12700,
        "size_mb": 1.71
      },
      "fundamentals_daily": {
        "row_count": 12080,
        "size_mb": 2.33
      },
      "financials_quarterly": {
        "row_count": 8634,
        "size_mb": 0.8
      }
    },
    "existing_indexes": [
      "backtest_results_pkey",
      "community_posts_pkey",
      "financials_quarterly_pkey",
      "fundamentals_daily_pkey",
      "idx_finq_period_end",
      "idx_finq_ticker",
      "idx_fund_event_date",
      "idx_fund_ticker",
      "idx_sdi_event_date",
      "idx_sdi_ticker",
      "ix_backtest_results_strategy_id",
      "ix_community_posts_author_id",
      "ix_community_posts_strategy_id",
      "ix_ml_models_owner_id",
      "ix_strategies_owner_id",
      "ix_users_email",
      "ml_models_pkey",
      "stocks_daily_info_pkey",
      "strategies_pkey",
      "users_pkey"
    ]
  }
}
---
{
  "workload_id": 4042,
  "metadata": {
    "strategy_template": "ML Hybrid Style",
    "ml_model_used": "Return Forecast Model"
  },
  "sql_query": "SELECT ( SELECT COALESCE(SUM(value), 0) FROM ( SELECT value FROM financials_quarterly fq WHERE fq.ticker = sdi.ticker AND fq.item_name = 'OperatingCashFlow' AND fq.statement_type IN ('IS_Q','CF_Q') AND fq.period_end <= DATE '2023-09-04' ORDER BY fq.period_end DESC LIMIT 4 ) as recent_quarters ) AS ttm_operatingcashflow , fd.bps, fd.dividend_yield, fd.eps, fd.pbr, fd.per, sdi.close_price, sdi.company_name, sdi.ma_20d, sdi.market_cap, sdi.momentum_12m, sdi.momentum_3m, sdi.rsi_14, sdi.ticker, sdi.volatility_20d FROM stocks_daily_info sdi LEFT JOIN fundamentals_daily fd ON fd.ticker = sdi.ticker AND fd.event_date = sdi.event_date WHERE sdi.market = 'KOSDAQ' AND sdi.market_cap >= 299400000000 AND sdi.event_date = DATE '2023-09-04' ORDER BY CASE sdi.ticker WHEN '000660.KS' THEN 1 WHEN '005930.KS' THEN 2 WHEN '068270.KQ' THEN 3 WHEN '207940.KS' THEN 4 WHEN '035420.KS' THEN 5 WHEN '005380.KS' THEN 6 WHEN '051910.KS' THEN 7 WHEN '012330.KS' THEN 8 WHEN '035720.KS' THEN 9 WHEN '105560.KS' THEN 10 ELSE 11 END LIMIT 41;",
  "baseline_execution_plan": {
    "Plan": {
      "Node Type": "Limit",
      "Parallel Aware": false,
      "Async Capable": false,
      "Startup Cost": 24.75,
      "Total Cost": 29.07,
      "Plan Rows": 1,
      "Plan Width": 141,
      "Plans": [
        {
          "Node Type": "Result",
          "Parent Relationship": "Outer",
          "Parallel Aware": false,
          "Async Capable": false,
          "Startup Cost": 24.75,
          "Total Cost": 29.07,
          "Plan Rows": 1,
          "Plan Width": 141,
          "Plans": [
            {
              "Node Type": "Sort",
              "Parent Relationship": "Outer",
              "Parallel Aware": false,
              "Async Capable": false,
              "Startup Cost": 24.75,
              "Total Cost": 24.75,
              "Plan Rows": 1,
              "Plan Width": 109,
              "Sort Key": [
                "(CASE sdi.ticker WHEN '000660.KS'::text THEN 1 WHEN '005930.KS'::text THEN 2 WHEN '068270.KQ'::text THEN 3 WHEN '207940.KS'::text THEN 4 WHEN '035420.KS'::text THEN 5 WHEN '005380.KS'::text THEN 6 WHEN '051910.KS'::text THEN 7 WHEN '012330.KS'::text THEN 8 WHEN '035720.KS'::text THEN 9 WHEN '105560.KS'::text THEN 10 ELSE 11 END)"
              ],
              "Plans": [
                {
                  "Node Type": "Nested Loop",
                  "Parent Relationship": "Outer",
                  "Parallel Aware": false,
                  "Async Capable": false,
                  "Join Type": "Left",
                  "Startup Cost": 2.65,
                  "Total Cost": 24.74,
                  "Plan Rows": 1,
                  "Plan Width": 109,
                  "Inner Unique": true,
                  "Plans": [
                    {
                      "Node Type": "Bitmap Heap Scan",
                      "Parent Relationship": "Outer",
                      "Parallel Aware": false,
                      "Async Capable": false,
                      "Relation Name": "stocks_daily_info",
                      "Alias": "sdi",
                      "Startup Cost": 2.36,
                      "Total Cost": 20.4,
                      "Plan Rows": 1,
                      "Plan Width": 68,
                      "Recheck Cond": "(event_date = '2023-09-04'::date)",
                      "Filter": "((market_cap >= '299400000000'::numeric) AND (market = 'KOSDAQ'::text))",
                      "Plans": [
                        {
                          "Node Type": "Bitmap Index Scan",
                          "Parent Relationship": "Outer",
                          "Parallel Aware": false,
                          "Async Capable": false,
                          "Index Name": "idx_sdi_event_date",
                          "Startup Cost": 0.0,
                          "Total Cost": 2.36,
                          "Plan Rows": 10,
                          "Plan Width": 0,
                          "Index Cond": "(event_date = '2023-09-04'::date)"
                        }
                      ]
                    },
                    {
                      "Node Type": "Index Scan",
                      "Parent Relationship": "Inner",
                      "Parallel Aware": false,
                      "Async Capable": false,
                      "Scan Direction": "Forward",
                      "Index Name": "fundamentals_daily_pkey",
                      "Relation Name": "fundamentals_daily",
                      "Alias": "fd",
                      "Startup Cost": 0.29,
                      "Total Cost": 4.3,
                      "Plan Rows": 1,
                      "Plan Width": 55,
                      "Index Cond": "((event_date = '2023-09-04'::date) AND (ticker = sdi.ticker))"
                    }
                  ]
                }
              ]
            },
            {
              "Node Type": "Aggregate",
              "Strategy": "Plain",
              "Partial Mode": "Simple",
              "Parent Relationship": "SubPlan",
              "Subplan Name": "SubPlan 1",
              "Parallel Aware": false,
              "Async Capable": false,
              "Startup Cost": 4.27,
              "Total Cost": 4.28,
              "Plan Rows": 1,
              "Plan Width": 32,
              "Plans": [
                {
                  "Node Type": "Limit",
                  "Parent Relationship": "Outer",
                  "Parallel Aware": false,
                  "Async Capable": false,
                  "Startup Cost": 0.29,
                  "Total Cost": 4.25,
                  "Plan Rows": 1,
                  "Plan Width": 12,
                  "Plans": [
                    {
                      "Node Type": "Index Scan",
                      "Parent Relationship": "Outer",
                      "Parallel Aware": false,
                      "Async Capable": false,
                      "Scan Direction": "Backward",
                      "Index Name": "idx_finq_period_end",
                      "Relation Name": "financials_quarterly",
                      "Alias": "fq",
                      "Startup Cost": 0.29,
                      "Total Cost": 4.25,
                      "Plan Rows": 1,
                      "Plan Width": 12,
                      "Index Cond": "(period_end <= '2023-09-04'::date)",
                      "Filter": "((statement_type = ANY ('{IS_Q,CF_Q}'::text[])) AND (ticker = sdi.ticker) AND (item_name = 'OperatingCashFlow'::text))"
                    }
                  ]
                }
              ]
            }
          ]
        }
      ]
    }
  },
  "db_statistics": {
    "table_stats": {
      "stocks_daily_info": {
        "row_count": 12700,
        "size_mb": 1.71
      },
      "fundamentals_daily": {
        "row_count": 12080,
        "size_mb": 2.33
      },
      "financials_quarterly": {
        "row_count": 8634,
        "size_mb": 0.8
      }
    },
    "existing_indexes": [
      "backtest_results_pkey",
      "community_posts_pkey",
      "financials_quarterly_pkey",
      "fundamentals_daily_pkey",
      "idx_finq_period_end",
      "idx_finq_ticker",
      "idx_fund_event_date",
      "idx_fund_ticker",
      "idx_sdi_event_date",
      "idx_sdi_ticker",
      "ix_backtest_results_strategy_id",
      "ix_community_posts_author_id",
      "ix_community_posts_strategy_id",
      "ix_ml_models_owner_id",
      "ix_strategies_owner_id",
      "ix_users_email",
      "ml_models_pkey",
      "stocks_daily_info_pkey",
      "strategies_pkey",
      "users_pkey"
    ]
  }
}
---
{
  "workload_id": 4043,
  "metadata": {
    "strategy_template": "ML Hybrid Style",
    "ml_model_used": null
  },
  "sql_query": "SELECT fd.bps, fd.dividend_yield, fd.eps, fd.pbr, fd.per, sdi.close_price, sdi.company_name, sdi.ma_20d, sdi.market_cap, sdi.momentum_12m, sdi.momentum_3m, sdi.rsi_14, sdi.ticker, sdi.volatility_20d FROM stocks_daily_info sdi LEFT JOIN fundamentals_daily fd ON fd.ticker = sdi.ticker AND fd.event_date = sdi.event_date WHERE sdi.market = 'KOSPI' AND sdi.market_cap >= 302300000000 AND sdi.event_date = DATE '2023-10-15' ORDER BY sdi.momentum_3m desc, fd.pbr desc, sdi.rsi_14 asc LIMIT 44;",
  "baseline_execution_plan": {
    "Plan": {
      "Node Type": "Limit",
      "Parallel Aware": false,
      "Async Capable": false,
      "Startup Cost": 24.72,
      "Total Cost": 24.73,
      "Plan Rows": 1,
      "Plan Width": 105,
      "Plans": [
        {
          "Node Type": "Sort",
          "Parent Relationship": "Outer",
          "Parallel Aware": false,
          "Async Capable": false,
          "Startup Cost": 24.72,
          "Total Cost": 24.73,
          "Plan Rows": 1,
          "Plan Width": 105,
          "Sort Key": [
            "sdi.momentum_3m DESC",
            "fd.pbr DESC",
            "sdi.rsi_14"
          ],
          "Plans": [
            {
              "Node Type": "Nested Loop",
              "Parent Relationship": "Outer",
              "Parallel Aware": false,
              "Async Capable": false,
              "Join Type": "Left",
              "Startup Cost": 2.65,
              "Total Cost": 24.71,
              "Plan Rows": 1,
              "Plan Width": 105,
              "Inner Unique": true,
              "Plans": [
                {
                  "Node Type": "Bitmap Heap Scan",
                  "Parent Relationship": "Outer",
                  "Parallel Aware": false,
                  "Async Capable": false,
                  "Relation Name": "stocks_daily_info",
                  "Alias": "sdi",
                  "Startup Cost": 2.36,
                  "Total Cost": 20.4,
                  "Plan Rows": 1,
                  "Plan Width": 68,
                  "Recheck Cond": "(event_date = '2023-10-15'::date)",
                  "Filter": "((market_cap >= '302300000000'::numeric) AND (market = 'KOSPI'::text))",
                  "Plans": [
                    {
                      "Node Type": "Bitmap Index Scan",
                      "Parent Relationship": "Outer",
                      "Parallel Aware": false,
                      "Async Capable": false,
                      "Index Name": "idx_sdi_event_date",
                      "Startup Cost": 0.0,
                      "Total Cost": 2.36,
                      "Plan Rows": 10,
                      "Plan Width": 0,
                      "Index Cond": "(event_date = '2023-10-15'::date)"
                    }
                  ]
                },
                {
                  "Node Type": "Index Scan",
                  "Parent Relationship": "Inner",
                  "Parallel Aware": false,
                  "Async Capable": false,
                  "Scan Direction": "Forward",
                  "Index Name": "fundamentals_daily_pkey",
                  "Relation Name": "fundamentals_daily",
                  "Alias": "fd",
                  "Startup Cost": 0.29,
                  "Total Cost": 4.3,
                  "Plan Rows": 1,
                  "Plan Width": 55,
                  "Index Cond": "((event_date = '2023-10-15'::date) AND (ticker = sdi.ticker))"
                }
              ]
            }
          ]
        }
      ]
    }
  },
  "db_statistics": {
    "table_stats": {
      "stocks_daily_info": {
        "row_count": 12700,
        "size_mb": 1.71
      },
      "fundamentals_daily": {
        "row_count": 12080,
        "size_mb": 2.33
      },
      "financials_quarterly": {
        "row_count": 8634,
        "size_mb": 0.8
      }
    },
    "existing_indexes": [
      "backtest_results_pkey",
      "community_posts_pkey",
      "financials_quarterly_pkey",
      "fundamentals_daily_pkey",
      "idx_finq_period_end",
      "idx_finq_ticker",
      "idx_fund_event_date",
      "idx_fund_ticker",
      "idx_sdi_event_date",
      "idx_sdi_ticker",
      "ix_backtest_results_strategy_id",
      "ix_community_posts_author_id",
      "ix_community_posts_strategy_id",
      "ix_ml_models_owner_id",
      "ix_strategies_owner_id",
      "ix_users_email",
      "ml_models_pkey",
      "stocks_daily_info_pkey",
      "strategies_pkey",
      "users_pkey"
    ]
  }
}
---
{
  "workload_id": 4044,
  "metadata": {
    "strategy_template": "ML Hybrid Style",
    "ml_model_used": "Return Forecast Model"
  },
  "sql_query": "SELECT fd.bps, fd.dividend_yield, fd.eps, fd.pbr, fd.per, sdi.close_price, sdi.company_name, sdi.ma_20d, sdi.market_cap, sdi.momentum_12m, sdi.momentum_3m, sdi.rsi_14, sdi.ticker, sdi.volatility_20d FROM stocks_daily_info sdi LEFT JOIN fundamentals_daily fd ON fd.ticker = sdi.ticker AND fd.event_date = sdi.event_date WHERE sdi.market = 'KOSDAQ' AND sdi.market_cap >= 486000000000 AND sdi.event_date = DATE '2023-05-22' ORDER BY CASE sdi.ticker WHEN '000660.KS' THEN 1 WHEN '005930.KS' THEN 2 WHEN '068270.KQ' THEN 3 WHEN '207940.KS' THEN 4 WHEN '035420.KS' THEN 5 WHEN '005380.KS' THEN 6 WHEN '051910.KS' THEN 7 WHEN '012330.KS' THEN 8 WHEN '035720.KS' THEN 9 WHEN '105560.KS' THEN 10 ELSE 11 END LIMIT 23;",
  "baseline_execution_plan": {
    "Plan": {
      "Node Type": "Limit",
      "Parallel Aware": false,
      "Async Capable": false,
      "Startup Cost": 24.75,
      "Total Cost": 24.75,
      "Plan Rows": 1,
      "Plan Width": 109,
      "Plans": [
        {
          "Node Type": "Sort",
          "Parent Relationship": "Outer",
          "Parallel Aware": false,
          "Async Capable": false,
          "Startup Cost": 24.75,
          "Total Cost": 24.75,
          "Plan Rows": 1,
          "Plan Width": 109,
          "Sort Key": [
            "(CASE sdi.ticker WHEN '000660.KS'::text THEN 1 WHEN '005930.KS'::text THEN 2 WHEN '068270.KQ'::text THEN 3 WHEN '207940.KS'::text THEN 4 WHEN '035420.KS'::text THEN 5 WHEN '005380.KS'::text THEN 6 WHEN '051910.KS'::text THEN 7 WHEN '012330.KS'::text THEN 8 WHEN '035720.KS'::text THEN 9 WHEN '105560.KS'::text THEN 10 ELSE 11 END)"
          ],
          "Plans": [
            {
              "Node Type": "Nested Loop",
              "Parent Relationship": "Outer",
              "Parallel Aware": false,
              "Async Capable": false,
              "Join Type": "Left",
              "Startup Cost": 2.65,
              "Total Cost": 24.74,
              "Plan Rows": 1,
              "Plan Width": 109,
              "Inner Unique": true,
              "Plans": [
                {
                  "Node Type": "Bitmap Heap Scan",
                  "Parent Relationship": "Outer",
                  "Parallel Aware": false,
                  "Async Capable": false,
                  "Relation Name": "stocks_daily_info",
                  "Alias": "sdi",
                  "Startup Cost": 2.36,
                  "Total Cost": 20.4,
                  "Plan Rows": 1,
                  "Plan Width": 68,
                  "Recheck Cond": "(event_date = '2023-05-22'::date)",
                  "Filter": "((market_cap >= '486000000000'::numeric) AND (market = 'KOSDAQ'::text))",
                  "Plans": [
                    {
                      "Node Type": "Bitmap Index Scan",
                      "Parent Relationship": "Outer",
                      "Parallel Aware": false,
                      "Async Capable": false,
                      "Index Name": "idx_sdi_event_date",
                      "Startup Cost": 0.0,
                      "Total Cost": 2.36,
                      "Plan Rows": 10,
                      "Plan Width": 0,
                      "Index Cond": "(event_date = '2023-05-22'::date)"
                    }
                  ]
                },
                {
                  "Node Type": "Index Scan",
                  "Parent Relationship": "Inner",
                  "Parallel Aware": false,
                  "Async Capable": false,
                  "Scan Direction": "Forward",
                  "Index Name": "fundamentals_daily_pkey",
                  "Relation Name": "fundamentals_daily",
                  "Alias": "fd",
                  "Startup Cost": 0.29,
                  "Total Cost": 4.3,
                  "Plan Rows": 1,
                  "Plan Width": 55,
                  "Index Cond": "((event_date = '2023-05-22'::date) AND (ticker = sdi.ticker))"
                }
              ]
            }
          ]
        }
      ]
    }
  },
  "db_statistics": {
    "table_stats": {
      "stocks_daily_info": {
        "row_count": 12700,
        "size_mb": 1.71
      },
      "fundamentals_daily": {
        "row_count": 12080,
        "size_mb": 2.33
      },
      "financials_quarterly": {
        "row_count": 8634,
        "size_mb": 0.8
      }
    },
    "existing_indexes": [
      "backtest_results_pkey",
      "community_posts_pkey",
      "financials_quarterly_pkey",
      "fundamentals_daily_pkey",
      "idx_finq_period_end",
      "idx_finq_ticker",
      "idx_fund_event_date",
      "idx_fund_ticker",
      "idx_sdi_event_date",
      "idx_sdi_ticker",
      "ix_backtest_results_strategy_id",
      "ix_community_posts_author_id",
      "ix_community_posts_strategy_id",
      "ix_ml_models_owner_id",
      "ix_strategies_owner_id",
      "ix_users_email",
      "ml_models_pkey",
      "stocks_daily_info_pkey",
      "strategies_pkey",
      "users_pkey"
    ]
  }
}
---
{
  "workload_id": 4045,
  "metadata": {
    "strategy_template": "Value Investing Style",
    "ml_model_used": null
  },
  "sql_query": "SELECT fd.bps, fd.dividend_yield, fd.eps, fd.pbr, fd.per, sdi.close_price, sdi.company_name, sdi.ma_20d, sdi.market_cap, sdi.momentum_12m, sdi.momentum_3m, sdi.rsi_14, sdi.ticker, sdi.volatility_20d FROM stocks_daily_info sdi LEFT JOIN fundamentals_daily fd ON fd.ticker = sdi.ticker AND fd.event_date = sdi.event_date WHERE sdi.market = 'KOSPI' AND sdi.market_cap >= 369400000000 AND sdi.event_date = DATE '2023-07-09' ORDER BY fd.pbr desc, fd.per asc, fd.eps desc, fd.dividend_yield asc LIMIT 28;",
  "baseline_execution_plan": {
    "Plan": {
      "Node Type": "Limit",
      "Parallel Aware": false,
      "Async Capable": false,
      "Startup Cost": 24.72,
      "Total Cost": 24.73,
      "Plan Rows": 1,
      "Plan Width": 105,
      "Plans": [
        {
          "Node Type": "Sort",
          "Parent Relationship": "Outer",
          "Parallel Aware": false,
          "Async Capable": false,
          "Startup Cost": 24.72,
          "Total Cost": 24.73,
          "Plan Rows": 1,
          "Plan Width": 105,
          "Sort Key": [
            "fd.pbr DESC",
            "fd.per",
            "fd.eps DESC",
            "fd.dividend_yield"
          ],
          "Plans": [
            {
              "Node Type": "Nested Loop",
              "Parent Relationship": "Outer",
              "Parallel Aware": false,
              "Async Capable": false,
              "Join Type": "Left",
              "Startup Cost": 2.65,
              "Total Cost": 24.71,
              "Plan Rows": 1,
              "Plan Width": 105,
              "Inner Unique": true,
              "Plans": [
                {
                  "Node Type": "Bitmap Heap Scan",
                  "Parent Relationship": "Outer",
                  "Parallel Aware": false,
                  "Async Capable": false,
                  "Relation Name": "stocks_daily_info",
                  "Alias": "sdi",
                  "Startup Cost": 2.36,
                  "Total Cost": 20.4,
                  "Plan Rows": 1,
                  "Plan Width": 68,
                  "Recheck Cond": "(event_date = '2023-07-09'::date)",
                  "Filter": "((market_cap >= '369400000000'::numeric) AND (market = 'KOSPI'::text))",
                  "Plans": [
                    {
                      "Node Type": "Bitmap Index Scan",
                      "Parent Relationship": "Outer",
                      "Parallel Aware": false,
                      "Async Capable": false,
                      "Index Name": "idx_sdi_event_date",
                      "Startup Cost": 0.0,
                      "Total Cost": 2.36,
                      "Plan Rows": 10,
                      "Plan Width": 0,
                      "Index Cond": "(event_date = '2023-07-09'::date)"
                    }
                  ]
                },
                {
                  "Node Type": "Index Scan",
                  "Parent Relationship": "Inner",
                  "Parallel Aware": false,
                  "Async Capable": false,
                  "Scan Direction": "Forward",
                  "Index Name": "fundamentals_daily_pkey",
                  "Relation Name": "fundamentals_daily",
                  "Alias": "fd",
                  "Startup Cost": 0.29,
                  "Total Cost": 4.3,
                  "Plan Rows": 1,
                  "Plan Width": 55,
                  "Index Cond": "((event_date = '2023-07-09'::date) AND (ticker = sdi.ticker))"
                }
              ]
            }
          ]
        }
      ]
    }
  },
  "db_statistics": {
    "table_stats": {
      "stocks_daily_info": {
        "row_count": 12700,
        "size_mb": 1.71
      },
      "fundamentals_daily": {
        "row_count": 12080,
        "size_mb": 2.33
      },
      "financials_quarterly": {
        "row_count": 8634,
        "size_mb": 0.8
      }
    },
    "existing_indexes": [
      "backtest_results_pkey",
      "community_posts_pkey",
      "financials_quarterly_pkey",
      "fundamentals_daily_pkey",
      "idx_finq_period_end",
      "idx_finq_ticker",
      "idx_fund_event_date",
      "idx_fund_ticker",
      "idx_sdi_event_date",
      "idx_sdi_ticker",
      "ix_backtest_results_strategy_id",
      "ix_community_posts_author_id",
      "ix_community_posts_strategy_id",
      "ix_ml_models_owner_id",
      "ix_strategies_owner_id",
      "ix_users_email",
      "ml_models_pkey",
      "stocks_daily_info_pkey",
      "strategies_pkey",
      "users_pkey"
    ]
  }
}
---
{
  "workload_id": 4046,
  "metadata": {
    "strategy_template": "Momentum Investing Style",
    "ml_model_used": null
  },
  "sql_query": "SELECT sdi.close_price, sdi.company_name, sdi.ma_20d, sdi.market_cap, sdi.momentum_12m, sdi.momentum_3m, sdi.rsi_14, sdi.ticker, sdi.volatility_20d FROM stocks_daily_info sdi WHERE sdi.market = 'KOSDAQ' AND sdi.market_cap >= 402800000000 AND sdi.event_date = DATE '2023-10-25' ORDER BY sdi.momentum_3m desc, sdi.momentum_12m asc LIMIT 38;",
  "baseline_execution_plan": {
    "Plan": {
      "Node Type": "Limit",
      "Parallel Aware": false,
      "Async Capable": false,
      "Startup Cost": 20.41,
      "Total Cost": 20.41,
      "Plan Rows": 1,
      "Plan Width": 64,
      "Plans": [
        {
          "Node Type": "Sort",
          "Parent Relationship": "Outer",
          "Parallel Aware": false,
          "Async Capable": false,
          "Startup Cost": 20.41,
          "Total Cost": 20.41,
          "Plan Rows": 1,
          "Plan Width": 64,
          "Sort Key": [
            "momentum_3m DESC",
            "momentum_12m"
          ],
          "Plans": [
            {
              "Node Type": "Bitmap Heap Scan",
              "Parent Relationship": "Outer",
              "Parallel Aware": false,
              "Async Capable": false,
              "Relation Name": "stocks_daily_info",
              "Alias": "sdi",
              "Startup Cost": 2.36,
              "Total Cost": 20.4,
              "Plan Rows": 1,
              "Plan Width": 64,
              "Recheck Cond": "(event_date = '2023-10-25'::date)",
              "Filter": "((market_cap >= '402800000000'::numeric) AND (market = 'KOSDAQ'::text))",
              "Plans": [
                {
                  "Node Type": "Bitmap Index Scan",
                  "Parent Relationship": "Outer",
                  "Parallel Aware": false,
                  "Async Capable": false,
                  "Index Name": "idx_sdi_event_date",
                  "Startup Cost": 0.0,
                  "Total Cost": 2.36,
                  "Plan Rows": 10,
                  "Plan Width": 0,
                  "Index Cond": "(event_date = '2023-10-25'::date)"
                }
              ]
            }
          ]
        }
      ]
    }
  },
  "db_statistics": {
    "table_stats": {
      "stocks_daily_info": {
        "row_count": 12700,
        "size_mb": 1.71
      },
      "fundamentals_daily": {
        "row_count": 12080,
        "size_mb": 2.33
      },
      "financials_quarterly": {
        "row_count": 8634,
        "size_mb": 0.8
      }
    },
    "existing_indexes": [
      "backtest_results_pkey",
      "community_posts_pkey",
      "financials_quarterly_pkey",
      "fundamentals_daily_pkey",
      "idx_finq_period_end",
      "idx_finq_ticker",
      "idx_fund_event_date",
      "idx_fund_ticker",
      "idx_sdi_event_date",
      "idx_sdi_ticker",
      "ix_backtest_results_strategy_id",
      "ix_community_posts_author_id",
      "ix_community_posts_strategy_id",
      "ix_ml_models_owner_id",
      "ix_strategies_owner_id",
      "ix_users_email",
      "ml_models_pkey",
      "stocks_daily_info_pkey",
      "strategies_pkey",
      "users_pkey"
    ]
  }
}
---
{
  "workload_id": 4047,
  "metadata": {
    "strategy_template": "Momentum Investing Style",
    "ml_model_used": null
  },
  "sql_query": "SELECT sdi.close_price, sdi.company_name, sdi.ma_20d, sdi.market_cap, sdi.momentum_12m, sdi.momentum_3m, sdi.rsi_14, sdi.ticker, sdi.volatility_20d FROM stocks_daily_info sdi WHERE sdi.market = 'KOSPI' AND sdi.market_cap >= 117000000000 AND sdi.event_date = DATE '2023-06-19' ORDER BY sdi.momentum_3m asc, sdi.momentum_12m desc, sdi.volatility_20d desc, sdi.rsi_14 desc LIMIT 30;",
  "baseline_execution_plan": {
    "Plan": {
      "Node Type": "Limit",
      "Parallel Aware": false,
      "Async Capable": false,
      "Startup Cost": 20.41,
      "Total Cost": 20.41,
      "Plan Rows": 1,
      "Plan Width": 64,
      "Plans": [
        {
          "Node Type": "Sort",
          "Parent Relationship": "Outer",
          "Parallel Aware": false,
          "Async Capable": false,
          "Startup Cost": 20.41,
          "Total Cost": 20.41,
          "Plan Rows": 1,
          "Plan Width": 64,
          "Sort Key": [
            "momentum_3m",
            "momentum_12m DESC",
            "volatility_20d DESC",
            "rsi_14 DESC"
          ],
          "Plans": [
            {
              "Node Type": "Bitmap Heap Scan",
              "Parent Relationship": "Outer",
              "Parallel Aware": false,
              "Async Capable": false,
              "Relation Name": "stocks_daily_info",
              "Alias": "sdi",
              "Startup Cost": 2.36,
              "Total Cost": 20.4,
              "Plan Rows": 1,
              "Plan Width": 64,
              "Recheck Cond": "(event_date = '2023-06-19'::date)",
              "Filter": "((market_cap >= '117000000000'::numeric) AND (market = 'KOSPI'::text))",
              "Plans": [
                {
                  "Node Type": "Bitmap Index Scan",
                  "Parent Relationship": "Outer",
                  "Parallel Aware": false,
                  "Async Capable": false,
                  "Index Name": "idx_sdi_event_date",
                  "Startup Cost": 0.0,
                  "Total Cost": 2.36,
                  "Plan Rows": 10,
                  "Plan Width": 0,
                  "Index Cond": "(event_date = '2023-06-19'::date)"
                }
              ]
            }
          ]
        }
      ]
    }
  },
  "db_statistics": {
    "table_stats": {
      "stocks_daily_info": {
        "row_count": 12700,
        "size_mb": 1.71
      },
      "fundamentals_daily": {
        "row_count": 12080,
        "size_mb": 2.33
      },
      "financials_quarterly": {
        "row_count": 8634,
        "size_mb": 0.8
      }
    },
    "existing_indexes": [
      "backtest_results_pkey",
      "community_posts_pkey",
      "financials_quarterly_pkey",
      "fundamentals_daily_pkey",
      "idx_finq_period_end",
      "idx_finq_ticker",
      "idx_fund_event_date",
      "idx_fund_ticker",
      "idx_sdi_event_date",
      "idx_sdi_ticker",
      "ix_backtest_results_strategy_id",
      "ix_community_posts_author_id",
      "ix_community_posts_strategy_id",
      "ix_ml_models_owner_id",
      "ix_strategies_owner_id",
      "ix_users_email",
      "ml_models_pkey",
      "stocks_daily_info_pkey",
      "strategies_pkey",
      "users_pkey"
    ]
  }
}
---
{
  "workload_id": 4048,
  "metadata": {
    "strategy_template": "Value Investing Style",
    "ml_model_used": null
  },
  "sql_query": "SELECT fd.bps, fd.dividend_yield, fd.eps, fd.pbr, fd.per, sdi.close_price, sdi.company_name, sdi.ma_20d, sdi.market_cap, sdi.momentum_12m, sdi.momentum_3m, sdi.rsi_14, sdi.ticker, sdi.volatility_20d FROM stocks_daily_info sdi LEFT JOIN fundamentals_daily fd ON fd.ticker = sdi.ticker AND fd.event_date = sdi.event_date WHERE sdi.market = 'KOSDAQ' AND sdi.market_cap >= 122300000000 AND sdi.event_date = DATE '2023-05-31' ORDER BY fd.pbr desc, fd.per asc LIMIT 12;",
  "baseline_execution_plan": {
    "Plan": {
      "Node Type": "Limit",
      "Parallel Aware": false,
      "Async Capable": false,
      "Startup Cost": 24.72,
      "Total Cost": 24.73,
      "Plan Rows": 1,
      "Plan Width": 105,
      "Plans": [
        {
          "Node Type": "Sort",
          "Parent Relationship": "Outer",
          "Parallel Aware": false,
          "Async Capable": false,
          "Startup Cost": 24.72,
          "Total Cost": 24.73,
          "Plan Rows": 1,
          "Plan Width": 105,
          "Sort Key": [
            "fd.pbr DESC",
            "fd.per"
          ],
          "Plans": [
            {
              "Node Type": "Nested Loop",
              "Parent Relationship": "Outer",
              "Parallel Aware": false,
              "Async Capable": false,
              "Join Type": "Left",
              "Startup Cost": 2.65,
              "Total Cost": 24.71,
              "Plan Rows": 1,
              "Plan Width": 105,
              "Inner Unique": true,
              "Plans": [
                {
                  "Node Type": "Bitmap Heap Scan",
                  "Parent Relationship": "Outer",
                  "Parallel Aware": false,
                  "Async Capable": false,
                  "Relation Name": "stocks_daily_info",
                  "Alias": "sdi",
                  "Startup Cost": 2.36,
                  "Total Cost": 20.4,
                  "Plan Rows": 1,
                  "Plan Width": 68,
                  "Recheck Cond": "(event_date = '2023-05-31'::date)",
                  "Filter": "((market_cap >= '122300000000'::numeric) AND (market = 'KOSDAQ'::text))",
                  "Plans": [
                    {
                      "Node Type": "Bitmap Index Scan",
                      "Parent Relationship": "Outer",
                      "Parallel Aware": false,
                      "Async Capable": false,
                      "Index Name": "idx_sdi_event_date",
                      "Startup Cost": 0.0,
                      "Total Cost": 2.36,
                      "Plan Rows": 10,
                      "Plan Width": 0,
                      "Index Cond": "(event_date = '2023-05-31'::date)"
                    }
                  ]
                },
                {
                  "Node Type": "Index Scan",
                  "Parent Relationship": "Inner",
                  "Parallel Aware": false,
                  "Async Capable": false,
                  "Scan Direction": "Forward",
                  "Index Name": "fundamentals_daily_pkey",
                  "Relation Name": "fundamentals_daily",
                  "Alias": "fd",
                  "Startup Cost": 0.29,
                  "Total Cost": 4.3,
                  "Plan Rows": 1,
                  "Plan Width": 55,
                  "Index Cond": "((event_date = '2023-05-31'::date) AND (ticker = sdi.ticker))"
                }
              ]
            }
          ]
        }
      ]
    }
  },
  "db_statistics": {
    "table_stats": {
      "stocks_daily_info": {
        "row_count": 12700,
        "size_mb": 1.71
      },
      "fundamentals_daily": {
        "row_count": 12080,
        "size_mb": 2.33
      },
      "financials_quarterly": {
        "row_count": 8634,
        "size_mb": 0.8
      }
    },
    "existing_indexes": [
      "backtest_results_pkey",
      "community_posts_pkey",
      "financials_quarterly_pkey",
      "fundamentals_daily_pkey",
      "idx_finq_period_end",
      "idx_finq_ticker",
      "idx_fund_event_date",
      "idx_fund_ticker",
      "idx_sdi_event_date",
      "idx_sdi_ticker",
      "ix_backtest_results_strategy_id",
      "ix_community_posts_author_id",
      "ix_community_posts_strategy_id",
      "ix_ml_models_owner_id",
      "ix_strategies_owner_id",
      "ix_users_email",
      "ml_models_pkey",
      "stocks_daily_info_pkey",
      "strategies_pkey",
      "users_pkey"
    ]
  }
}
---
{
  "workload_id": 4049,
  "metadata": {
    "strategy_template": "Value Investing Style",
    "ml_model_used": null
  },
  "sql_query": "SELECT ( SELECT COALESCE(SUM(value), 0) FROM ( SELECT value FROM financials_quarterly fq WHERE fq.ticker = sdi.ticker AND fq.item_name = 'NetIncome' AND fq.statement_type IN ('IS_Q','CF_Q') AND fq.period_end <= DATE '2023-05-01' ORDER BY fq.period_end DESC LIMIT 4 ) as recent_quarters ) AS ttm_netincome , fd.bps, fd.dividend_yield, fd.eps, fd.pbr, fd.per, sdi.close_price, sdi.company_name, sdi.ma_20d, sdi.market_cap, sdi.momentum_12m, sdi.momentum_3m, sdi.rsi_14, sdi.ticker, sdi.volatility_20d FROM stocks_daily_info sdi LEFT JOIN fundamentals_daily fd ON fd.ticker = sdi.ticker AND fd.event_date = sdi.event_date WHERE sdi.market = 'KOSPI' AND sdi.market_cap >= 441400000000 AND sdi.event_date = DATE '2023-05-01' ORDER BY fd.pbr desc, fd.per asc LIMIT 38;",
  "baseline_execution_plan": {
    "Plan": {
      "Node Type": "Limit",
      "Parallel Aware": false,
      "Async Capable": false,
      "Startup Cost": 24.72,
      "Total Cost": 29.02,
      "Plan Rows": 1,
      "Plan Width": 137,
      "Plans": [
        {
          "Node Type": "Result",
          "Parent Relationship": "Outer",
          "Parallel Aware": false,
          "Async Capable": false,
          "Startup Cost": 24.72,
          "Total Cost": 29.02,
          "Plan Rows": 1,
          "Plan Width": 137,
          "Plans": [
            {
              "Node Type": "Sort",
              "Parent Relationship": "Outer",
              "Parallel Aware": false,
              "Async Capable": false,
              "Startup Cost": 24.72,
              "Total Cost": 24.73,
              "Plan Rows": 1,
              "Plan Width": 105,
              "Sort Key": [
                "fd.pbr DESC",
                "fd.per"
              ],
              "Plans": [
                {
                  "Node Type": "Nested Loop",
                  "Parent Relationship": "Outer",
                  "Parallel Aware": false,
                  "Async Capable": false,
                  "Join Type": "Left",
                  "Startup Cost": 2.65,
                  "Total Cost": 24.71,
                  "Plan Rows": 1,
                  "Plan Width": 105,
                  "Inner Unique": true,
                  "Plans": [
                    {
                      "Node Type": "Bitmap Heap Scan",
                      "Parent Relationship": "Outer",
                      "Parallel Aware": false,
                      "Async Capable": false,
                      "Relation Name": "stocks_daily_info",
                      "Alias": "sdi",
                      "Startup Cost": 2.36,
                      "Total Cost": 20.4,
                      "Plan Rows": 1,
                      "Plan Width": 68,
                      "Recheck Cond": "(event_date = '2023-05-01'::date)",
                      "Filter": "((market_cap >= '441400000000'::numeric) AND (market = 'KOSPI'::text))",
                      "Plans": [
                        {
                          "Node Type": "Bitmap Index Scan",
                          "Parent Relationship": "Outer",
                          "Parallel Aware": false,
                          "Async Capable": false,
                          "Index Name": "idx_sdi_event_date",
                          "Startup Cost": 0.0,
                          "Total Cost": 2.36,
                          "Plan Rows": 10,
                          "Plan Width": 0,
                          "Index Cond": "(event_date = '2023-05-01'::date)"
                        }
                      ]
                    },
                    {
                      "Node Type": "Index Scan",
                      "Parent Relationship": "Inner",
                      "Parallel Aware": false,
                      "Async Capable": false,
                      "Scan Direction": "Forward",
                      "Index Name": "fundamentals_daily_pkey",
                      "Relation Name": "fundamentals_daily",
                      "Alias": "fd",
                      "Startup Cost": 0.29,
                      "Total Cost": 4.3,
                      "Plan Rows": 1,
                      "Plan Width": 55,
                      "Index Cond": "((event_date = '2023-05-01'::date) AND (ticker = sdi.ticker))"
                    }
                  ]
                }
              ]
            },
            {
              "Node Type": "Aggregate",
              "Strategy": "Plain",
              "Partial Mode": "Simple",
              "Parent Relationship": "SubPlan",
              "Subplan Name": "SubPlan 1",
              "Parallel Aware": false,
              "Async Capable": false,
              "Startup Cost": 4.27,
              "Total Cost": 4.28,
              "Plan Rows": 1,
              "Plan Width": 32,
              "Plans": [
                {
                  "Node Type": "Limit",
                  "Parent Relationship": "Outer",
                  "Parallel Aware": false,
                  "Async Capable": false,
                  "Startup Cost": 0.29,
                  "Total Cost": 4.25,
                  "Plan Rows": 1,
                  "Plan Width": 12,
                  "Plans": [
                    {
                      "Node Type": "Index Scan",
                      "Parent Relationship": "Outer",
                      "Parallel Aware": false,
                      "Async Capable": false,
                      "Scan Direction": "Backward",
                      "Index Name": "idx_finq_period_end",
                      "Relation Name": "financials_quarterly",
                      "Alias": "fq",
                      "Startup Cost": 0.29,
                      "Total Cost": 4.25,
                      "Plan Rows": 1,
                      "Plan Width": 12,
                      "Index Cond": "(period_end <= '2023-05-01'::date)",
                      "Filter": "((statement_type = ANY ('{IS_Q,CF_Q}'::text[])) AND (ticker = sdi.ticker) AND (item_name = 'NetIncome'::text))"
                    }
                  ]
                }
              ]
            }
          ]
        }
      ]
    }
  },
  "db_statistics": {
    "table_stats": {
      "stocks_daily_info": {
        "row_count": 12700,
        "size_mb": 1.71
      },
      "fundamentals_daily": {
        "row_count": 12080,
        "size_mb": 2.33
      },
      "financials_quarterly": {
        "row_count": 8634,
        "size_mb": 0.8
      }
    },
    "existing_indexes": [
      "backtest_results_pkey",
      "community_posts_pkey",
      "financials_quarterly_pkey",
      "fundamentals_daily_pkey",
      "idx_finq_period_end",
      "idx_finq_ticker",
      "idx_fund_event_date",
      "idx_fund_ticker",
      "idx_sdi_event_date",
      "idx_sdi_ticker",
      "ix_backtest_results_strategy_id",
      "ix_community_posts_author_id",
      "ix_community_posts_strategy_id",
      "ix_ml_models_owner_id",
      "ix_strategies_owner_id",
      "ix_users_email",
      "ml_models_pkey",
      "stocks_daily_info_pkey",
      "strategies_pkey",
      "users_pkey"
    ]
  }
}
---
{
  "workload_id": 4050,
  "metadata": {
    "strategy_template": "Value Investing Style",
    "ml_model_used": null
  },
  "sql_query": "SELECT fd.bps, fd.dividend_yield, fd.eps, fd.pbr, fd.per, sdi.close_price, sdi.company_name, sdi.ma_20d, sdi.market_cap, sdi.momentum_12m, sdi.momentum_3m, sdi.rsi_14, sdi.ticker, sdi.volatility_20d FROM stocks_daily_info sdi LEFT JOIN fundamentals_daily fd ON fd.ticker = sdi.ticker AND fd.event_date = sdi.event_date WHERE sdi.market = 'KOSDAQ' AND sdi.market_cap >= 398000000000 AND sdi.event_date = DATE '2023-09-29' ORDER BY fd.pbr desc, fd.per desc, fd.eps desc, fd.dividend_yield desc LIMIT 12;",
  "baseline_execution_plan": {
    "Plan": {
      "Node Type": "Limit",
      "Parallel Aware": false,
      "Async Capable": false,
      "Startup Cost": 24.72,
      "Total Cost": 24.73,
      "Plan Rows": 1,
      "Plan Width": 105,
      "Plans": [
        {
          "Node Type": "Sort",
          "Parent Relationship": "Outer",
          "Parallel Aware": false,
          "Async Capable": false,
          "Startup Cost": 24.72,
          "Total Cost": 24.73,
          "Plan Rows": 1,
          "Plan Width": 105,
          "Sort Key": [
            "fd.pbr DESC",
            "fd.per DESC",
            "fd.eps DESC",
            "fd.dividend_yield DESC"
          ],
          "Plans": [
            {
              "Node Type": "Nested Loop",
              "Parent Relationship": "Outer",
              "Parallel Aware": false,
              "Async Capable": false,
              "Join Type": "Left",
              "Startup Cost": 2.65,
              "Total Cost": 24.71,
              "Plan Rows": 1,
              "Plan Width": 105,
              "Inner Unique": true,
              "Plans": [
                {
                  "Node Type": "Bitmap Heap Scan",
                  "Parent Relationship": "Outer",
                  "Parallel Aware": false,
                  "Async Capable": false,
                  "Relation Name": "stocks_daily_info",
                  "Alias": "sdi",
                  "Startup Cost": 2.36,
                  "Total Cost": 20.4,
                  "Plan Rows": 1,
                  "Plan Width": 68,
                  "Recheck Cond": "(event_date = '2023-09-29'::date)",
                  "Filter": "((market_cap >= '398000000000'::numeric) AND (market = 'KOSDAQ'::text))",
                  "Plans": [
                    {
                      "Node Type": "Bitmap Index Scan",
                      "Parent Relationship": "Outer",
                      "Parallel Aware": false,
                      "Async Capable": false,
                      "Index Name": "idx_sdi_event_date",
                      "Startup Cost": 0.0,
                      "Total Cost": 2.36,
                      "Plan Rows": 10,
                      "Plan Width": 0,
                      "Index Cond": "(event_date = '2023-09-29'::date)"
                    }
                  ]
                },
                {
                  "Node Type": "Index Scan",
                  "Parent Relationship": "Inner",
                  "Parallel Aware": false,
                  "Async Capable": false,
                  "Scan Direction": "Forward",
                  "Index Name": "fundamentals_daily_pkey",
                  "Relation Name": "fundamentals_daily",
                  "Alias": "fd",
                  "Startup Cost": 0.29,
                  "Total Cost": 4.3,
                  "Plan Rows": 1,
                  "Plan Width": 55,
                  "Index Cond": "((event_date = '2023-09-29'::date) AND (ticker = sdi.ticker))"
                }
              ]
            }
          ]
        }
      ]
    }
  },
  "db_statistics": {
    "table_stats": {
      "stocks_daily_info": {
        "row_count": 12700,
        "size_mb": 1.71
      },
      "fundamentals_daily": {
        "row_count": 12080,
        "size_mb": 2.33
      },
      "financials_quarterly": {
        "row_count": 8634,
        "size_mb": 0.8
      }
    },
    "existing_indexes": [
      "backtest_results_pkey",
      "community_posts_pkey",
      "financials_quarterly_pkey",
      "fundamentals_daily_pkey",
      "idx_finq_period_end",
      "idx_finq_ticker",
      "idx_fund_event_date",
      "idx_fund_ticker",
      "idx_sdi_event_date",
      "idx_sdi_ticker",
      "ix_backtest_results_strategy_id",
      "ix_community_posts_author_id",
      "ix_community_posts_strategy_id",
      "ix_ml_models_owner_id",
      "ix_strategies_owner_id",
      "ix_users_email",
      "ml_models_pkey",
      "stocks_daily_info_pkey",
      "strategies_pkey",
      "users_pkey"
    ]
  }
}
---
{
  "workload_id": 4051,
  "metadata": {
    "strategy_template": "ML Hybrid Style",
    "ml_model_used": null
  },
  "sql_query": "SELECT fd.bps, fd.dividend_yield, fd.eps, fd.pbr, fd.per, sdi.close_price, sdi.company_name, sdi.ma_20d, sdi.market_cap, sdi.momentum_12m, sdi.momentum_3m, sdi.rsi_14, sdi.ticker, sdi.volatility_20d FROM stocks_daily_info sdi LEFT JOIN fundamentals_daily fd ON fd.ticker = sdi.ticker AND fd.event_date = sdi.event_date WHERE sdi.market = 'KOSDAQ' AND sdi.market_cap >= 100400000000 AND sdi.event_date = DATE '2023-05-21' ORDER BY sdi.momentum_3m asc, sdi.volatility_20d asc, sdi.rsi_14 desc, fd.pbr asc LIMIT 13;",
  "baseline_execution_plan": {
    "Plan": {
      "Node Type": "Limit",
      "Parallel Aware": false,
      "Async Capable": false,
      "Startup Cost": 24.72,
      "Total Cost": 24.73,
      "Plan Rows": 1,
      "Plan Width": 105,
      "Plans": [
        {
          "Node Type": "Sort",
          "Parent Relationship": "Outer",
          "Parallel Aware": false,
          "Async Capable": false,
          "Startup Cost": 24.72,
          "Total Cost": 24.73,
          "Plan Rows": 1,
          "Plan Width": 105,
          "Sort Key": [
            "sdi.momentum_3m",
            "sdi.volatility_20d",
            "sdi.rsi_14 DESC",
            "fd.pbr"
          ],
          "Plans": [
            {
              "Node Type": "Nested Loop",
              "Parent Relationship": "Outer",
              "Parallel Aware": false,
              "Async Capable": false,
              "Join Type": "Left",
              "Startup Cost": 2.65,
              "Total Cost": 24.71,
              "Plan Rows": 1,
              "Plan Width": 105,
              "Inner Unique": true,
              "Plans": [
                {
                  "Node Type": "Bitmap Heap Scan",
                  "Parent Relationship": "Outer",
                  "Parallel Aware": false,
                  "Async Capable": false,
                  "Relation Name": "stocks_daily_info",
                  "Alias": "sdi",
                  "Startup Cost": 2.36,
                  "Total Cost": 20.4,
                  "Plan Rows": 1,
                  "Plan Width": 68,
                  "Recheck Cond": "(event_date = '2023-05-21'::date)",
                  "Filter": "((market_cap >= '100400000000'::numeric) AND (market = 'KOSDAQ'::text))",
                  "Plans": [
                    {
                      "Node Type": "Bitmap Index Scan",
                      "Parent Relationship": "Outer",
                      "Parallel Aware": false,
                      "Async Capable": false,
                      "Index Name": "idx_sdi_event_date",
                      "Startup Cost": 0.0,
                      "Total Cost": 2.36,
                      "Plan Rows": 10,
                      "Plan Width": 0,
                      "Index Cond": "(event_date = '2023-05-21'::date)"
                    }
                  ]
                },
                {
                  "Node Type": "Index Scan",
                  "Parent Relationship": "Inner",
                  "Parallel Aware": false,
                  "Async Capable": false,
                  "Scan Direction": "Forward",
                  "Index Name": "fundamentals_daily_pkey",
                  "Relation Name": "fundamentals_daily",
                  "Alias": "fd",
                  "Startup Cost": 0.29,
                  "Total Cost": 4.3,
                  "Plan Rows": 1,
                  "Plan Width": 55,
                  "Index Cond": "((event_date = '2023-05-21'::date) AND (ticker = sdi.ticker))"
                }
              ]
            }
          ]
        }
      ]
    }
  },
  "db_statistics": {
    "table_stats": {
      "stocks_daily_info": {
        "row_count": 12700,
        "size_mb": 1.71
      },
      "fundamentals_daily": {
        "row_count": 12080,
        "size_mb": 2.33
      },
      "financials_quarterly": {
        "row_count": 8634,
        "size_mb": 0.8
      }
    },
    "existing_indexes": [
      "backtest_results_pkey",
      "community_posts_pkey",
      "financials_quarterly_pkey",
      "fundamentals_daily_pkey",
      "idx_finq_period_end",
      "idx_finq_ticker",
      "idx_fund_event_date",
      "idx_fund_ticker",
      "idx_sdi_event_date",
      "idx_sdi_ticker",
      "ix_backtest_results_strategy_id",
      "ix_community_posts_author_id",
      "ix_community_posts_strategy_id",
      "ix_ml_models_owner_id",
      "ix_strategies_owner_id",
      "ix_users_email",
      "ml_models_pkey",
      "stocks_daily_info_pkey",
      "strategies_pkey",
      "users_pkey"
    ]
  }
}
---
{
  "workload_id": 4052,
  "metadata": {
    "strategy_template": "Value Investing Style",
    "ml_model_used": null
  },
  "sql_query": "SELECT ( SELECT COALESCE(SUM(value), 0) FROM ( SELECT value FROM financials_quarterly fq WHERE fq.ticker = sdi.ticker AND fq.item_name = 'OperatingCashFlow' AND fq.statement_type IN ('IS_Q','CF_Q') AND fq.period_end <= DATE '2023-10-21' ORDER BY fq.period_end DESC LIMIT 4 ) as recent_quarters ) AS ttm_operatingcashflow , fd.bps, fd.dividend_yield, fd.eps, fd.pbr, fd.per, sdi.close_price, sdi.company_name, sdi.ma_20d, sdi.market_cap, sdi.momentum_12m, sdi.momentum_3m, sdi.rsi_14, sdi.ticker, sdi.volatility_20d FROM stocks_daily_info sdi LEFT JOIN fundamentals_daily fd ON fd.ticker = sdi.ticker AND fd.event_date = sdi.event_date WHERE sdi.market = 'KOSDAQ' AND sdi.market_cap >= 489400000000 AND sdi.event_date = DATE '2023-10-21' ORDER BY fd.pbr asc, fd.per asc, fd.eps desc, fd.dividend_yield asc LIMIT 30;",
  "baseline_execution_plan": {
    "Plan": {
      "Node Type": "Limit",
      "Parallel Aware": false,
      "Async Capable": false,
      "Startup Cost": 24.72,
      "Total Cost": 29.02,
      "Plan Rows": 1,
      "Plan Width": 137,
      "Plans": [
        {
          "Node Type": "Result",
          "Parent Relationship": "Outer",
          "Parallel Aware": false,
          "Async Capable": false,
          "Startup Cost": 24.72,
          "Total Cost": 29.02,
          "Plan Rows": 1,
          "Plan Width": 137,
          "Plans": [
            {
              "Node Type": "Sort",
              "Parent Relationship": "Outer",
              "Parallel Aware": false,
              "Async Capable": false,
              "Startup Cost": 24.72,
              "Total Cost": 24.73,
              "Plan Rows": 1,
              "Plan Width": 105,
              "Sort Key": [
                "fd.pbr",
                "fd.per",
                "fd.eps DESC",
                "fd.dividend_yield"
              ],
              "Plans": [
                {
                  "Node Type": "Nested Loop",
                  "Parent Relationship": "Outer",
                  "Parallel Aware": false,
                  "Async Capable": false,
                  "Join Type": "Left",
                  "Startup Cost": 2.65,
                  "Total Cost": 24.71,
                  "Plan Rows": 1,
                  "Plan Width": 105,
                  "Inner Unique": true,
                  "Plans": [
                    {
                      "Node Type": "Bitmap Heap Scan",
                      "Parent Relationship": "Outer",
                      "Parallel Aware": false,
                      "Async Capable": false,
                      "Relation Name": "stocks_daily_info",
                      "Alias": "sdi",
                      "Startup Cost": 2.36,
                      "Total Cost": 20.4,
                      "Plan Rows": 1,
                      "Plan Width": 68,
                      "Recheck Cond": "(event_date = '2023-10-21'::date)",
                      "Filter": "((market_cap >= '489400000000'::numeric) AND (market = 'KOSDAQ'::text))",
                      "Plans": [
                        {
                          "Node Type": "Bitmap Index Scan",
                          "Parent Relationship": "Outer",
                          "Parallel Aware": false,
                          "Async Capable": false,
                          "Index Name": "idx_sdi_event_date",
                          "Startup Cost": 0.0,
                          "Total Cost": 2.36,
                          "Plan Rows": 10,
                          "Plan Width": 0,
                          "Index Cond": "(event_date = '2023-10-21'::date)"
                        }
                      ]
                    },
                    {
                      "Node Type": "Index Scan",
                      "Parent Relationship": "Inner",
                      "Parallel Aware": false,
                      "Async Capable": false,
                      "Scan Direction": "Forward",
                      "Index Name": "fundamentals_daily_pkey",
                      "Relation Name": "fundamentals_daily",
                      "Alias": "fd",
                      "Startup Cost": 0.29,
                      "Total Cost": 4.3,
                      "Plan Rows": 1,
                      "Plan Width": 55,
                      "Index Cond": "((event_date = '2023-10-21'::date) AND (ticker = sdi.ticker))"
                    }
                  ]
                }
              ]
            },
            {
              "Node Type": "Aggregate",
              "Strategy": "Plain",
              "Partial Mode": "Simple",
              "Parent Relationship": "SubPlan",
              "Subplan Name": "SubPlan 1",
              "Parallel Aware": false,
              "Async Capable": false,
              "Startup Cost": 4.27,
              "Total Cost": 4.28,
              "Plan Rows": 1,
              "Plan Width": 32,
              "Plans": [
                {
                  "Node Type": "Limit",
                  "Parent Relationship": "Outer",
                  "Parallel Aware": false,
                  "Async Capable": false,
                  "Startup Cost": 0.29,
                  "Total Cost": 4.25,
                  "Plan Rows": 1,
                  "Plan Width": 12,
                  "Plans": [
                    {
                      "Node Type": "Index Scan",
                      "Parent Relationship": "Outer",
                      "Parallel Aware": false,
                      "Async Capable": false,
                      "Scan Direction": "Backward",
                      "Index Name": "idx_finq_period_end",
                      "Relation Name": "financials_quarterly",
                      "Alias": "fq",
                      "Startup Cost": 0.29,
                      "Total Cost": 4.25,
                      "Plan Rows": 1,
                      "Plan Width": 12,
                      "Index Cond": "(period_end <= '2023-10-21'::date)",
                      "Filter": "((statement_type = ANY ('{IS_Q,CF_Q}'::text[])) AND (ticker = sdi.ticker) AND (item_name = 'OperatingCashFlow'::text))"
                    }
                  ]
                }
              ]
            }
          ]
        }
      ]
    }
  },
  "db_statistics": {
    "table_stats": {
      "stocks_daily_info": {
        "row_count": 12700,
        "size_mb": 1.71
      },
      "fundamentals_daily": {
        "row_count": 12080,
        "size_mb": 2.33
      },
      "financials_quarterly": {
        "row_count": 8634,
        "size_mb": 0.8
      }
    },
    "existing_indexes": [
      "backtest_results_pkey",
      "community_posts_pkey",
      "financials_quarterly_pkey",
      "fundamentals_daily_pkey",
      "idx_finq_period_end",
      "idx_finq_ticker",
      "idx_fund_event_date",
      "idx_fund_ticker",
      "idx_sdi_event_date",
      "idx_sdi_ticker",
      "ix_backtest_results_strategy_id",
      "ix_community_posts_author_id",
      "ix_community_posts_strategy_id",
      "ix_ml_models_owner_id",
      "ix_strategies_owner_id",
      "ix_users_email",
      "ml_models_pkey",
      "stocks_daily_info_pkey",
      "strategies_pkey",
      "users_pkey"
    ]
  }
}
---
{
  "workload_id": 4053,
  "metadata": {
    "strategy_template": "ML Hybrid Style",
    "ml_model_used": null
  },
  "sql_query": "SELECT ( SELECT COALESCE(SUM(value), 0) FROM ( SELECT value FROM financials_quarterly fq WHERE fq.ticker = sdi.ticker AND fq.item_name = 'NetIncome' AND fq.statement_type IN ('IS_Q','CF_Q') AND fq.period_end <= DATE '2023-10-21' ORDER BY fq.period_end DESC LIMIT 4 ) as recent_quarters ) AS ttm_netincome , fd.bps, fd.dividend_yield, fd.eps, fd.pbr, fd.per, sdi.close_price, sdi.company_name, sdi.ma_20d, sdi.market_cap, sdi.momentum_12m, sdi.momentum_3m, sdi.rsi_14, sdi.ticker, sdi.volatility_20d FROM stocks_daily_info sdi LEFT JOIN fundamentals_daily fd ON fd.ticker = sdi.ticker AND fd.event_date = sdi.event_date WHERE sdi.market = 'KOSPI' AND sdi.market_cap >= 391800000000 AND sdi.event_date = DATE '2023-10-21' ORDER BY sdi.rsi_14 asc, fd.pbr asc, sdi.momentum_3m desc, sdi.volatility_20d desc LIMIT 35;",
  "baseline_execution_plan": {
    "Plan": {
      "Node Type": "Limit",
      "Parallel Aware": false,
      "Async Capable": false,
      "Startup Cost": 24.72,
      "Total Cost": 29.02,
      "Plan Rows": 1,
      "Plan Width": 137,
      "Plans": [
        {
          "Node Type": "Result",
          "Parent Relationship": "Outer",
          "Parallel Aware": false,
          "Async Capable": false,
          "Startup Cost": 24.72,
          "Total Cost": 29.02,
          "Plan Rows": 1,
          "Plan Width": 137,
          "Plans": [
            {
              "Node Type": "Sort",
              "Parent Relationship": "Outer",
              "Parallel Aware": false,
              "Async Capable": false,
              "Startup Cost": 24.72,
              "Total Cost": 24.73,
              "Plan Rows": 1,
              "Plan Width": 105,
              "Sort Key": [
                "sdi.rsi_14",
                "fd.pbr",
                "sdi.momentum_3m DESC",
                "sdi.volatility_20d DESC"
              ],
              "Plans": [
                {
                  "Node Type": "Nested Loop",
                  "Parent Relationship": "Outer",
                  "Parallel Aware": false,
                  "Async Capable": false,
                  "Join Type": "Left",
                  "Startup Cost": 2.65,
                  "Total Cost": 24.71,
                  "Plan Rows": 1,
                  "Plan Width": 105,
                  "Inner Unique": true,
                  "Plans": [
                    {
                      "Node Type": "Bitmap Heap Scan",
                      "Parent Relationship": "Outer",
                      "Parallel Aware": false,
                      "Async Capable": false,
                      "Relation Name": "stocks_daily_info",
                      "Alias": "sdi",
                      "Startup Cost": 2.36,
                      "Total Cost": 20.4,
                      "Plan Rows": 1,
                      "Plan Width": 68,
                      "Recheck Cond": "(event_date = '2023-10-21'::date)",
                      "Filter": "((market_cap >= '391800000000'::numeric) AND (market = 'KOSPI'::text))",
                      "Plans": [
                        {
                          "Node Type": "Bitmap Index Scan",
                          "Parent Relationship": "Outer",
                          "Parallel Aware": false,
                          "Async Capable": false,
                          "Index Name": "idx_sdi_event_date",
                          "Startup Cost": 0.0,
                          "Total Cost": 2.36,
                          "Plan Rows": 10,
                          "Plan Width": 0,
                          "Index Cond": "(event_date = '2023-10-21'::date)"
                        }
                      ]
                    },
                    {
                      "Node Type": "Index Scan",
                      "Parent Relationship": "Inner",
                      "Parallel Aware": false,
                      "Async Capable": false,
                      "Scan Direction": "Forward",
                      "Index Name": "fundamentals_daily_pkey",
                      "Relation Name": "fundamentals_daily",
                      "Alias": "fd",
                      "Startup Cost": 0.29,
                      "Total Cost": 4.3,
                      "Plan Rows": 1,
                      "Plan Width": 55,
                      "Index Cond": "((event_date = '2023-10-21'::date) AND (ticker = sdi.ticker))"
                    }
                  ]
                }
              ]
            },
            {
              "Node Type": "Aggregate",
              "Strategy": "Plain",
              "Partial Mode": "Simple",
              "Parent Relationship": "SubPlan",
              "Subplan Name": "SubPlan 1",
              "Parallel Aware": false,
              "Async Capable": false,
              "Startup Cost": 4.27,
              "Total Cost": 4.28,
              "Plan Rows": 1,
              "Plan Width": 32,
              "Plans": [
                {
                  "Node Type": "Limit",
                  "Parent Relationship": "Outer",
                  "Parallel Aware": false,
                  "Async Capable": false,
                  "Startup Cost": 0.29,
                  "Total Cost": 4.25,
                  "Plan Rows": 1,
                  "Plan Width": 12,
                  "Plans": [
                    {
                      "Node Type": "Index Scan",
                      "Parent Relationship": "Outer",
                      "Parallel Aware": false,
                      "Async Capable": false,
                      "Scan Direction": "Backward",
                      "Index Name": "idx_finq_period_end",
                      "Relation Name": "financials_quarterly",
                      "Alias": "fq",
                      "Startup Cost": 0.29,
                      "Total Cost": 4.25,
                      "Plan Rows": 1,
                      "Plan Width": 12,
                      "Index Cond": "(period_end <= '2023-10-21'::date)",
                      "Filter": "((statement_type = ANY ('{IS_Q,CF_Q}'::text[])) AND (ticker = sdi.ticker) AND (item_name = 'NetIncome'::text))"
                    }
                  ]
                }
              ]
            }
          ]
        }
      ]
    }
  },
  "db_statistics": {
    "table_stats": {
      "stocks_daily_info": {
        "row_count": 12700,
        "size_mb": 1.71
      },
      "fundamentals_daily": {
        "row_count": 12080,
        "size_mb": 2.33
      },
      "financials_quarterly": {
        "row_count": 8634,
        "size_mb": 0.8
      }
    },
    "existing_indexes": [
      "backtest_results_pkey",
      "community_posts_pkey",
      "financials_quarterly_pkey",
      "fundamentals_daily_pkey",
      "idx_finq_period_end",
      "idx_finq_ticker",
      "idx_fund_event_date",
      "idx_fund_ticker",
      "idx_sdi_event_date",
      "idx_sdi_ticker",
      "ix_backtest_results_strategy_id",
      "ix_community_posts_author_id",
      "ix_community_posts_strategy_id",
      "ix_ml_models_owner_id",
      "ix_strategies_owner_id",
      "ix_users_email",
      "ml_models_pkey",
      "stocks_daily_info_pkey",
      "strategies_pkey",
      "users_pkey"
    ]
  }
}
---
{
  "workload_id": 4054,
  "metadata": {
    "strategy_template": "ML Hybrid Style",
    "ml_model_used": "Return Forecast Model"
  },
  "sql_query": "SELECT sdi.close_price, sdi.company_name, sdi.ma_20d, sdi.market_cap, sdi.momentum_12m, sdi.momentum_3m, sdi.rsi_14, sdi.ticker, sdi.volatility_20d FROM stocks_daily_info sdi WHERE sdi.market = 'KOSDAQ' AND sdi.market_cap >= 142000000000 AND sdi.event_date = DATE '2023-08-31' ORDER BY CASE sdi.ticker WHEN '000660.KS' THEN 1 WHEN '005930.KS' THEN 2 WHEN '068270.KQ' THEN 3 WHEN '207940.KS' THEN 4 WHEN '035420.KS' THEN 5 WHEN '005380.KS' THEN 6 WHEN '051910.KS' THEN 7 WHEN '012330.KS' THEN 8 WHEN '035720.KS' THEN 9 WHEN '105560.KS' THEN 10 ELSE 11 END LIMIT 12;",
  "baseline_execution_plan": {
    "Plan": {
      "Node Type": "Limit",
      "Parallel Aware": false,
      "Async Capable": false,
      "Startup Cost": 20.43,
      "Total Cost": 20.44,
      "Plan Rows": 1,
      "Plan Width": 68,
      "Plans": [
        {
          "Node Type": "Sort",
          "Parent Relationship": "Outer",
          "Parallel Aware": false,
          "Async Capable": false,
          "Startup Cost": 20.43,
          "Total Cost": 20.44,
          "Plan Rows": 1,
          "Plan Width": 68,
          "Sort Key": [
            "(CASE ticker WHEN '000660.KS'::text THEN 1 WHEN '005930.KS'::text THEN 2 WHEN '068270.KQ'::text THEN 3 WHEN '207940.KS'::text THEN 4 WHEN '035420.KS'::text THEN 5 WHEN '005380.KS'::text THEN 6 WHEN '051910.KS'::text THEN 7 WHEN '012330.KS'::text THEN 8 WHEN '035720.KS'::text THEN 9 WHEN '105560.KS'::text THEN 10 ELSE 11 END)"
          ],
          "Plans": [
            {
              "Node Type": "Bitmap Heap Scan",
              "Parent Relationship": "Outer",
              "Parallel Aware": false,
              "Async Capable": false,
              "Relation Name": "stocks_daily_info",
              "Alias": "sdi",
              "Startup Cost": 2.36,
              "Total Cost": 20.42,
              "Plan Rows": 1,
              "Plan Width": 68,
              "Recheck Cond": "(event_date = '2023-08-31'::date)",
              "Filter": "((market_cap >= '142000000000'::numeric) AND (market = 'KOSDAQ'::text))",
              "Plans": [
                {
                  "Node Type": "Bitmap Index Scan",
                  "Parent Relationship": "Outer",
                  "Parallel Aware": false,
                  "Async Capable": false,
                  "Index Name": "idx_sdi_event_date",
                  "Startup Cost": 0.0,
                  "Total Cost": 2.36,
                  "Plan Rows": 10,
                  "Plan Width": 0,
                  "Index Cond": "(event_date = '2023-08-31'::date)"
                }
              ]
            }
          ]
        }
      ]
    }
  },
  "db_statistics": {
    "table_stats": {
      "stocks_daily_info": {
        "row_count": 12700,
        "size_mb": 1.71
      },
      "fundamentals_daily": {
        "row_count": 12080,
        "size_mb": 2.33
      },
      "financials_quarterly": {
        "row_count": 8634,
        "size_mb": 0.8
      }
    },
    "existing_indexes": [
      "backtest_results_pkey",
      "community_posts_pkey",
      "financials_quarterly_pkey",
      "fundamentals_daily_pkey",
      "idx_finq_period_end",
      "idx_finq_ticker",
      "idx_fund_event_date",
      "idx_fund_ticker",
      "idx_sdi_event_date",
      "idx_sdi_ticker",
      "ix_backtest_results_strategy_id",
      "ix_community_posts_author_id",
      "ix_community_posts_strategy_id",
      "ix_ml_models_owner_id",
      "ix_strategies_owner_id",
      "ix_users_email",
      "ml_models_pkey",
      "stocks_daily_info_pkey",
      "strategies_pkey",
      "users_pkey"
    ]
  }
}
---
{
  "workload_id": 4055,
  "metadata": {
    "strategy_template": "ML Hybrid Style",
    "ml_model_used": "Return Forecast Model"
  },
  "sql_query": "SELECT fd.bps, fd.dividend_yield, fd.eps, fd.pbr, fd.per, sdi.close_price, sdi.company_name, sdi.ma_20d, sdi.market_cap, sdi.momentum_12m, sdi.momentum_3m, sdi.rsi_14, sdi.ticker, sdi.volatility_20d FROM stocks_daily_info sdi LEFT JOIN fundamentals_daily fd ON fd.ticker = sdi.ticker AND fd.event_date = sdi.event_date WHERE sdi.market = 'KOSDAQ' AND sdi.market_cap >= 72400000000 AND sdi.event_date = DATE '2023-07-05' ORDER BY CASE sdi.ticker WHEN '000660.KS' THEN 1 WHEN '005930.KS' THEN 2 WHEN '068270.KQ' THEN 3 WHEN '207940.KS' THEN 4 WHEN '035420.KS' THEN 5 WHEN '005380.KS' THEN 6 WHEN '051910.KS' THEN 7 WHEN '012330.KS' THEN 8 WHEN '035720.KS' THEN 9 WHEN '105560.KS' THEN 10 ELSE 11 END LIMIT 26;",
  "baseline_execution_plan": {
    "Plan": {
      "Node Type": "Limit",
      "Parallel Aware": false,
      "Async Capable": false,
      "Startup Cost": 24.75,
      "Total Cost": 24.75,
      "Plan Rows": 1,
      "Plan Width": 109,
      "Plans": [
        {
          "Node Type": "Sort",
          "Parent Relationship": "Outer",
          "Parallel Aware": false,
          "Async Capable": false,
          "Startup Cost": 24.75,
          "Total Cost": 24.75,
          "Plan Rows": 1,
          "Plan Width": 109,
          "Sort Key": [
            "(CASE sdi.ticker WHEN '000660.KS'::text THEN 1 WHEN '005930.KS'::text THEN 2 WHEN '068270.KQ'::text THEN 3 WHEN '207940.KS'::text THEN 4 WHEN '035420.KS'::text THEN 5 WHEN '005380.KS'::text THEN 6 WHEN '051910.KS'::text THEN 7 WHEN '012330.KS'::text THEN 8 WHEN '035720.KS'::text THEN 9 WHEN '105560.KS'::text THEN 10 ELSE 11 END)"
          ],
          "Plans": [
            {
              "Node Type": "Nested Loop",
              "Parent Relationship": "Outer",
              "Parallel Aware": false,
              "Async Capable": false,
              "Join Type": "Left",
              "Startup Cost": 2.65,
              "Total Cost": 24.74,
              "Plan Rows": 1,
              "Plan Width": 109,
              "Inner Unique": true,
              "Plans": [
                {
                  "Node Type": "Bitmap Heap Scan",
                  "Parent Relationship": "Outer",
                  "Parallel Aware": false,
                  "Async Capable": false,
                  "Relation Name": "stocks_daily_info",
                  "Alias": "sdi",
                  "Startup Cost": 2.36,
                  "Total Cost": 20.4,
                  "Plan Rows": 1,
                  "Plan Width": 68,
                  "Recheck Cond": "(event_date = '2023-07-05'::date)",
                  "Filter": "((market_cap >= '72400000000'::numeric) AND (market = 'KOSDAQ'::text))",
                  "Plans": [
                    {
                      "Node Type": "Bitmap Index Scan",
                      "Parent Relationship": "Outer",
                      "Parallel Aware": false,
                      "Async Capable": false,
                      "Index Name": "idx_sdi_event_date",
                      "Startup Cost": 0.0,
                      "Total Cost": 2.36,
                      "Plan Rows": 10,
                      "Plan Width": 0,
                      "Index Cond": "(event_date = '2023-07-05'::date)"
                    }
                  ]
                },
                {
                  "Node Type": "Index Scan",
                  "Parent Relationship": "Inner",
                  "Parallel Aware": false,
                  "Async Capable": false,
                  "Scan Direction": "Forward",
                  "Index Name": "fundamentals_daily_pkey",
                  "Relation Name": "fundamentals_daily",
                  "Alias": "fd",
                  "Startup Cost": 0.29,
                  "Total Cost": 4.3,
                  "Plan Rows": 1,
                  "Plan Width": 55,
                  "Index Cond": "((event_date = '2023-07-05'::date) AND (ticker = sdi.ticker))"
                }
              ]
            }
          ]
        }
      ]
    }
  },
  "db_statistics": {
    "table_stats": {
      "stocks_daily_info": {
        "row_count": 12700,
        "size_mb": 1.71
      },
      "fundamentals_daily": {
        "row_count": 12080,
        "size_mb": 2.33
      },
      "financials_quarterly": {
        "row_count": 8634,
        "size_mb": 0.8
      }
    },
    "existing_indexes": [
      "backtest_results_pkey",
      "community_posts_pkey",
      "financials_quarterly_pkey",
      "fundamentals_daily_pkey",
      "idx_finq_period_end",
      "idx_finq_ticker",
      "idx_fund_event_date",
      "idx_fund_ticker",
      "idx_sdi_event_date",
      "idx_sdi_ticker",
      "ix_backtest_results_strategy_id",
      "ix_community_posts_author_id",
      "ix_community_posts_strategy_id",
      "ix_ml_models_owner_id",
      "ix_strategies_owner_id",
      "ix_users_email",
      "ml_models_pkey",
      "stocks_daily_info_pkey",
      "strategies_pkey",
      "users_pkey"
    ]
  }
}
---
{
  "workload_id": 4056,
  "metadata": {
    "strategy_template": "Value Investing Style",
    "ml_model_used": null
  },
  "sql_query": "SELECT ( SELECT COALESCE(SUM(value), 0) FROM ( SELECT value FROM financials_quarterly fq WHERE fq.ticker = sdi.ticker AND fq.item_name = 'OperatingIncome' AND fq.statement_type IN ('IS_Q','CF_Q') AND fq.period_end <= DATE '2023-06-06' ORDER BY fq.period_end DESC LIMIT 4 ) as recent_quarters ) AS ttm_operatingincome , fd.bps, fd.dividend_yield, fd.eps, fd.pbr, fd.per, sdi.close_price, sdi.company_name, sdi.ma_20d, sdi.market_cap, sdi.momentum_12m, sdi.momentum_3m, sdi.rsi_14, sdi.ticker, sdi.volatility_20d FROM stocks_daily_info sdi LEFT JOIN fundamentals_daily fd ON fd.ticker = sdi.ticker AND fd.event_date = sdi.event_date WHERE sdi.market = 'KOSDAQ' AND sdi.market_cap >= 79800000000 AND sdi.event_date = DATE '2023-06-06' ORDER BY fd.pbr asc, fd.per asc, fd.eps desc LIMIT 23;",
  "baseline_execution_plan": {
    "Plan": {
      "Node Type": "Limit",
      "Parallel Aware": false,
      "Async Capable": false,
      "Startup Cost": 24.72,
      "Total Cost": 29.02,
      "Plan Rows": 1,
      "Plan Width": 137,
      "Plans": [
        {
          "Node Type": "Result",
          "Parent Relationship": "Outer",
          "Parallel Aware": false,
          "Async Capable": false,
          "Startup Cost": 24.72,
          "Total Cost": 29.02,
          "Plan Rows": 1,
          "Plan Width": 137,
          "Plans": [
            {
              "Node Type": "Sort",
              "Parent Relationship": "Outer",
              "Parallel Aware": false,
              "Async Capable": false,
              "Startup Cost": 24.72,
              "Total Cost": 24.73,
              "Plan Rows": 1,
              "Plan Width": 105,
              "Sort Key": [
                "fd.pbr",
                "fd.per",
                "fd.eps DESC"
              ],
              "Plans": [
                {
                  "Node Type": "Nested Loop",
                  "Parent Relationship": "Outer",
                  "Parallel Aware": false,
                  "Async Capable": false,
                  "Join Type": "Left",
                  "Startup Cost": 2.65,
                  "Total Cost": 24.71,
                  "Plan Rows": 1,
                  "Plan Width": 105,
                  "Inner Unique": true,
                  "Plans": [
                    {
                      "Node Type": "Bitmap Heap Scan",
                      "Parent Relationship": "Outer",
                      "Parallel Aware": false,
                      "Async Capable": false,
                      "Relation Name": "stocks_daily_info",
                      "Alias": "sdi",
                      "Startup Cost": 2.36,
                      "Total Cost": 20.4,
                      "Plan Rows": 1,
                      "Plan Width": 68,
                      "Recheck Cond": "(event_date = '2023-06-06'::date)",
                      "Filter": "((market_cap >= '79800000000'::numeric) AND (market = 'KOSDAQ'::text))",
                      "Plans": [
                        {
                          "Node Type": "Bitmap Index Scan",
                          "Parent Relationship": "Outer",
                          "Parallel Aware": false,
                          "Async Capable": false,
                          "Index Name": "idx_sdi_event_date",
                          "Startup Cost": 0.0,
                          "Total Cost": 2.36,
                          "Plan Rows": 10,
                          "Plan Width": 0,
                          "Index Cond": "(event_date = '2023-06-06'::date)"
                        }
                      ]
                    },
                    {
                      "Node Type": "Index Scan",
                      "Parent Relationship": "Inner",
                      "Parallel Aware": false,
                      "Async Capable": false,
                      "Scan Direction": "Forward",
                      "Index Name": "fundamentals_daily_pkey",
                      "Relation Name": "fundamentals_daily",
                      "Alias": "fd",
                      "Startup Cost": 0.29,
                      "Total Cost": 4.3,
                      "Plan Rows": 1,
                      "Plan Width": 55,
                      "Index Cond": "((event_date = '2023-06-06'::date) AND (ticker = sdi.ticker))"
                    }
                  ]
                }
              ]
            },
            {
              "Node Type": "Aggregate",
              "Strategy": "Plain",
              "Partial Mode": "Simple",
              "Parent Relationship": "SubPlan",
              "Subplan Name": "SubPlan 1",
              "Parallel Aware": false,
              "Async Capable": false,
              "Startup Cost": 4.27,
              "Total Cost": 4.28,
              "Plan Rows": 1,
              "Plan Width": 32,
              "Plans": [
                {
                  "Node Type": "Limit",
                  "Parent Relationship": "Outer",
                  "Parallel Aware": false,
                  "Async Capable": false,
                  "Startup Cost": 0.29,
                  "Total Cost": 4.25,
                  "Plan Rows": 1,
                  "Plan Width": 12,
                  "Plans": [
                    {
                      "Node Type": "Index Scan",
                      "Parent Relationship": "Outer",
                      "Parallel Aware": false,
                      "Async Capable": false,
                      "Scan Direction": "Backward",
                      "Index Name": "idx_finq_period_end",
                      "Relation Name": "financials_quarterly",
                      "Alias": "fq",
                      "Startup Cost": 0.29,
                      "Total Cost": 4.25,
                      "Plan Rows": 1,
                      "Plan Width": 12,
                      "Index Cond": "(period_end <= '2023-06-06'::date)",
                      "Filter": "((statement_type = ANY ('{IS_Q,CF_Q}'::text[])) AND (ticker = sdi.ticker) AND (item_name = 'OperatingIncome'::text))"
                    }
                  ]
                }
              ]
            }
          ]
        }
      ]
    }
  },
  "db_statistics": {
    "table_stats": {
      "stocks_daily_info": {
        "row_count": 12700,
        "size_mb": 1.71
      },
      "fundamentals_daily": {
        "row_count": 12080,
        "size_mb": 2.33
      },
      "financials_quarterly": {
        "row_count": 8634,
        "size_mb": 0.8
      }
    },
    "existing_indexes": [
      "backtest_results_pkey",
      "community_posts_pkey",
      "financials_quarterly_pkey",
      "fundamentals_daily_pkey",
      "idx_finq_period_end",
      "idx_finq_ticker",
      "idx_fund_event_date",
      "idx_fund_ticker",
      "idx_sdi_event_date",
      "idx_sdi_ticker",
      "ix_backtest_results_strategy_id",
      "ix_community_posts_author_id",
      "ix_community_posts_strategy_id",
      "ix_ml_models_owner_id",
      "ix_strategies_owner_id",
      "ix_users_email",
      "ml_models_pkey",
      "stocks_daily_info_pkey",
      "strategies_pkey",
      "users_pkey"
    ]
  }
}
---
{
  "workload_id": 4057,
  "metadata": {
    "strategy_template": "ML Hybrid Style",
    "ml_model_used": "Return Forecast Model"
  },
  "sql_query": "SELECT fd.bps, fd.dividend_yield, fd.eps, fd.pbr, fd.per, sdi.close_price, sdi.company_name, sdi.ma_20d, sdi.market_cap, sdi.momentum_12m, sdi.momentum_3m, sdi.rsi_14, sdi.ticker, sdi.volatility_20d FROM stocks_daily_info sdi LEFT JOIN fundamentals_daily fd ON fd.ticker = sdi.ticker AND fd.event_date = sdi.event_date WHERE sdi.market = 'KOSPI' AND sdi.market_cap >= 420300000000 AND sdi.event_date = DATE '2023-09-06' ORDER BY CASE sdi.ticker WHEN '000660.KS' THEN 1 WHEN '005930.KS' THEN 2 WHEN '068270.KQ' THEN 3 WHEN '207940.KS' THEN 4 WHEN '035420.KS' THEN 5 WHEN '005380.KS' THEN 6 WHEN '051910.KS' THEN 7 WHEN '012330.KS' THEN 8 WHEN '035720.KS' THEN 9 WHEN '105560.KS' THEN 10 ELSE 11 END LIMIT 23;",
  "baseline_execution_plan": {
    "Plan": {
      "Node Type": "Limit",
      "Parallel Aware": false,
      "Async Capable": false,
      "Startup Cost": 24.75,
      "Total Cost": 24.75,
      "Plan Rows": 1,
      "Plan Width": 109,
      "Plans": [
        {
          "Node Type": "Sort",
          "Parent Relationship": "Outer",
          "Parallel Aware": false,
          "Async Capable": false,
          "Startup Cost": 24.75,
          "Total Cost": 24.75,
          "Plan Rows": 1,
          "Plan Width": 109,
          "Sort Key": [
            "(CASE sdi.ticker WHEN '000660.KS'::text THEN 1 WHEN '005930.KS'::text THEN 2 WHEN '068270.KQ'::text THEN 3 WHEN '207940.KS'::text THEN 4 WHEN '035420.KS'::text THEN 5 WHEN '005380.KS'::text THEN 6 WHEN '051910.KS'::text THEN 7 WHEN '012330.KS'::text THEN 8 WHEN '035720.KS'::text THEN 9 WHEN '105560.KS'::text THEN 10 ELSE 11 END)"
          ],
          "Plans": [
            {
              "Node Type": "Nested Loop",
              "Parent Relationship": "Outer",
              "Parallel Aware": false,
              "Async Capable": false,
              "Join Type": "Left",
              "Startup Cost": 2.65,
              "Total Cost": 24.74,
              "Plan Rows": 1,
              "Plan Width": 109,
              "Inner Unique": true,
              "Plans": [
                {
                  "Node Type": "Bitmap Heap Scan",
                  "Parent Relationship": "Outer",
                  "Parallel Aware": false,
                  "Async Capable": false,
                  "Relation Name": "stocks_daily_info",
                  "Alias": "sdi",
                  "Startup Cost": 2.36,
                  "Total Cost": 20.4,
                  "Plan Rows": 1,
                  "Plan Width": 68,
                  "Recheck Cond": "(event_date = '2023-09-06'::date)",
                  "Filter": "((market_cap >= '420300000000'::numeric) AND (market = 'KOSPI'::text))",
                  "Plans": [
                    {
                      "Node Type": "Bitmap Index Scan",
                      "Parent Relationship": "Outer",
                      "Parallel Aware": false,
                      "Async Capable": false,
                      "Index Name": "idx_sdi_event_date",
                      "Startup Cost": 0.0,
                      "Total Cost": 2.36,
                      "Plan Rows": 10,
                      "Plan Width": 0,
                      "Index Cond": "(event_date = '2023-09-06'::date)"
                    }
                  ]
                },
                {
                  "Node Type": "Index Scan",
                  "Parent Relationship": "Inner",
                  "Parallel Aware": false,
                  "Async Capable": false,
                  "Scan Direction": "Forward",
                  "Index Name": "fundamentals_daily_pkey",
                  "Relation Name": "fundamentals_daily",
                  "Alias": "fd",
                  "Startup Cost": 0.29,
                  "Total Cost": 4.3,
                  "Plan Rows": 1,
                  "Plan Width": 55,
                  "Index Cond": "((event_date = '2023-09-06'::date) AND (ticker = sdi.ticker))"
                }
              ]
            }
          ]
        }
      ]
    }
  },
  "db_statistics": {
    "table_stats": {
      "stocks_daily_info": {
        "row_count": 12700,
        "size_mb": 1.71
      },
      "fundamentals_daily": {
        "row_count": 12080,
        "size_mb": 2.33
      },
      "financials_quarterly": {
        "row_count": 8634,
        "size_mb": 0.8
      }
    },
    "existing_indexes": [
      "backtest_results_pkey",
      "community_posts_pkey",
      "financials_quarterly_pkey",
      "fundamentals_daily_pkey",
      "idx_finq_period_end",
      "idx_finq_ticker",
      "idx_fund_event_date",
      "idx_fund_ticker",
      "idx_sdi_event_date",
      "idx_sdi_ticker",
      "ix_backtest_results_strategy_id",
      "ix_community_posts_author_id",
      "ix_community_posts_strategy_id",
      "ix_ml_models_owner_id",
      "ix_strategies_owner_id",
      "ix_users_email",
      "ml_models_pkey",
      "stocks_daily_info_pkey",
      "strategies_pkey",
      "users_pkey"
    ]
  }
}
---
{
  "workload_id": 4058,
  "metadata": {
    "strategy_template": "Value Investing Style",
    "ml_model_used": null
  },
  "sql_query": "SELECT fd.bps, fd.dividend_yield, fd.eps, fd.pbr, fd.per, sdi.close_price, sdi.company_name, sdi.ma_20d, sdi.market_cap, sdi.momentum_12m, sdi.momentum_3m, sdi.rsi_14, sdi.ticker, sdi.volatility_20d FROM stocks_daily_info sdi LEFT JOIN fundamentals_daily fd ON fd.ticker = sdi.ticker AND fd.event_date = sdi.event_date WHERE sdi.market = 'KOSPI' AND sdi.market_cap >= 326900000000 AND sdi.event_date = DATE '2023-06-14' ORDER BY fd.pbr desc, fd.per asc LIMIT 10;",
  "baseline_execution_plan": {
    "Plan": {
      "Node Type": "Limit",
      "Parallel Aware": false,
      "Async Capable": false,
      "Startup Cost": 24.72,
      "Total Cost": 24.73,
      "Plan Rows": 1,
      "Plan Width": 105,
      "Plans": [
        {
          "Node Type": "Sort",
          "Parent Relationship": "Outer",
          "Parallel Aware": false,
          "Async Capable": false,
          "Startup Cost": 24.72,
          "Total Cost": 24.73,
          "Plan Rows": 1,
          "Plan Width": 105,
          "Sort Key": [
            "fd.pbr DESC",
            "fd.per"
          ],
          "Plans": [
            {
              "Node Type": "Nested Loop",
              "Parent Relationship": "Outer",
              "Parallel Aware": false,
              "Async Capable": false,
              "Join Type": "Left",
              "Startup Cost": 2.65,
              "Total Cost": 24.71,
              "Plan Rows": 1,
              "Plan Width": 105,
              "Inner Unique": true,
              "Plans": [
                {
                  "Node Type": "Bitmap Heap Scan",
                  "Parent Relationship": "Outer",
                  "Parallel Aware": false,
                  "Async Capable": false,
                  "Relation Name": "stocks_daily_info",
                  "Alias": "sdi",
                  "Startup Cost": 2.36,
                  "Total Cost": 20.4,
                  "Plan Rows": 1,
                  "Plan Width": 68,
                  "Recheck Cond": "(event_date = '2023-06-14'::date)",
                  "Filter": "((market_cap >= '326900000000'::numeric) AND (market = 'KOSPI'::text))",
                  "Plans": [
                    {
                      "Node Type": "Bitmap Index Scan",
                      "Parent Relationship": "Outer",
                      "Parallel Aware": false,
                      "Async Capable": false,
                      "Index Name": "idx_sdi_event_date",
                      "Startup Cost": 0.0,
                      "Total Cost": 2.36,
                      "Plan Rows": 10,
                      "Plan Width": 0,
                      "Index Cond": "(event_date = '2023-06-14'::date)"
                    }
                  ]
                },
                {
                  "Node Type": "Index Scan",
                  "Parent Relationship": "Inner",
                  "Parallel Aware": false,
                  "Async Capable": false,
                  "Scan Direction": "Forward",
                  "Index Name": "fundamentals_daily_pkey",
                  "Relation Name": "fundamentals_daily",
                  "Alias": "fd",
                  "Startup Cost": 0.29,
                  "Total Cost": 4.3,
                  "Plan Rows": 1,
                  "Plan Width": 55,
                  "Index Cond": "((event_date = '2023-06-14'::date) AND (ticker = sdi.ticker))"
                }
              ]
            }
          ]
        }
      ]
    }
  },
  "db_statistics": {
    "table_stats": {
      "stocks_daily_info": {
        "row_count": 12700,
        "size_mb": 1.71
      },
      "fundamentals_daily": {
        "row_count": 12080,
        "size_mb": 2.33
      },
      "financials_quarterly": {
        "row_count": 8634,
        "size_mb": 0.8
      }
    },
    "existing_indexes": [
      "backtest_results_pkey",
      "community_posts_pkey",
      "financials_quarterly_pkey",
      "fundamentals_daily_pkey",
      "idx_finq_period_end",
      "idx_finq_ticker",
      "idx_fund_event_date",
      "idx_fund_ticker",
      "idx_sdi_event_date",
      "idx_sdi_ticker",
      "ix_backtest_results_strategy_id",
      "ix_community_posts_author_id",
      "ix_community_posts_strategy_id",
      "ix_ml_models_owner_id",
      "ix_strategies_owner_id",
      "ix_users_email",
      "ml_models_pkey",
      "stocks_daily_info_pkey",
      "strategies_pkey",
      "users_pkey"
    ]
  }
}
---
{
  "workload_id": 4059,
  "metadata": {
    "strategy_template": "ML Hybrid Style",
    "ml_model_used": "Return Forecast Model"
  },
  "sql_query": "SELECT fd.bps, fd.dividend_yield, fd.eps, fd.pbr, fd.per, sdi.close_price, sdi.company_name, sdi.ma_20d, sdi.market_cap, sdi.momentum_12m, sdi.momentum_3m, sdi.rsi_14, sdi.ticker, sdi.volatility_20d FROM stocks_daily_info sdi LEFT JOIN fundamentals_daily fd ON fd.ticker = sdi.ticker AND fd.event_date = sdi.event_date WHERE sdi.market = 'KOSDAQ' AND sdi.market_cap >= 79500000000 AND sdi.event_date = DATE '2023-05-04' ORDER BY CASE sdi.ticker WHEN '000660.KS' THEN 1 WHEN '005930.KS' THEN 2 WHEN '068270.KQ' THEN 3 WHEN '207940.KS' THEN 4 WHEN '035420.KS' THEN 5 WHEN '005380.KS' THEN 6 WHEN '051910.KS' THEN 7 WHEN '012330.KS' THEN 8 WHEN '035720.KS' THEN 9 WHEN '105560.KS' THEN 10 ELSE 11 END LIMIT 15;",
  "baseline_execution_plan": {
    "Plan": {
      "Node Type": "Limit",
      "Parallel Aware": false,
      "Async Capable": false,
      "Startup Cost": 24.75,
      "Total Cost": 24.75,
      "Plan Rows": 1,
      "Plan Width": 109,
      "Plans": [
        {
          "Node Type": "Sort",
          "Parent Relationship": "Outer",
          "Parallel Aware": false,
          "Async Capable": false,
          "Startup Cost": 24.75,
          "Total Cost": 24.75,
          "Plan Rows": 1,
          "Plan Width": 109,
          "Sort Key": [
            "(CASE sdi.ticker WHEN '000660.KS'::text THEN 1 WHEN '005930.KS'::text THEN 2 WHEN '068270.KQ'::text THEN 3 WHEN '207940.KS'::text THEN 4 WHEN '035420.KS'::text THEN 5 WHEN '005380.KS'::text THEN 6 WHEN '051910.KS'::text THEN 7 WHEN '012330.KS'::text THEN 8 WHEN '035720.KS'::text THEN 9 WHEN '105560.KS'::text THEN 10 ELSE 11 END)"
          ],
          "Plans": [
            {
              "Node Type": "Nested Loop",
              "Parent Relationship": "Outer",
              "Parallel Aware": false,
              "Async Capable": false,
              "Join Type": "Left",
              "Startup Cost": 2.65,
              "Total Cost": 24.74,
              "Plan Rows": 1,
              "Plan Width": 109,
              "Inner Unique": true,
              "Plans": [
                {
                  "Node Type": "Bitmap Heap Scan",
                  "Parent Relationship": "Outer",
                  "Parallel Aware": false,
                  "Async Capable": false,
                  "Relation Name": "stocks_daily_info",
                  "Alias": "sdi",
                  "Startup Cost": 2.36,
                  "Total Cost": 20.4,
                  "Plan Rows": 1,
                  "Plan Width": 68,
                  "Recheck Cond": "(event_date = '2023-05-04'::date)",
                  "Filter": "((market_cap >= '79500000000'::numeric) AND (market = 'KOSDAQ'::text))",
                  "Plans": [
                    {
                      "Node Type": "Bitmap Index Scan",
                      "Parent Relationship": "Outer",
                      "Parallel Aware": false,
                      "Async Capable": false,
                      "Index Name": "idx_sdi_event_date",
                      "Startup Cost": 0.0,
                      "Total Cost": 2.36,
                      "Plan Rows": 10,
                      "Plan Width": 0,
                      "Index Cond": "(event_date = '2023-05-04'::date)"
                    }
                  ]
                },
                {
                  "Node Type": "Index Scan",
                  "Parent Relationship": "Inner",
                  "Parallel Aware": false,
                  "Async Capable": false,
                  "Scan Direction": "Forward",
                  "Index Name": "fundamentals_daily_pkey",
                  "Relation Name": "fundamentals_daily",
                  "Alias": "fd",
                  "Startup Cost": 0.29,
                  "Total Cost": 4.3,
                  "Plan Rows": 1,
                  "Plan Width": 55,
                  "Index Cond": "((event_date = '2023-05-04'::date) AND (ticker = sdi.ticker))"
                }
              ]
            }
          ]
        }
      ]
    }
  },
  "db_statistics": {
    "table_stats": {
      "stocks_daily_info": {
        "row_count": 12700,
        "size_mb": 1.71
      },
      "fundamentals_daily": {
        "row_count": 12080,
        "size_mb": 2.33
      },
      "financials_quarterly": {
        "row_count": 8634,
        "size_mb": 0.8
      }
    },
    "existing_indexes": [
      "backtest_results_pkey",
      "community_posts_pkey",
      "financials_quarterly_pkey",
      "fundamentals_daily_pkey",
      "idx_finq_period_end",
      "idx_finq_ticker",
      "idx_fund_event_date",
      "idx_fund_ticker",
      "idx_sdi_event_date",
      "idx_sdi_ticker",
      "ix_backtest_results_strategy_id",
      "ix_community_posts_author_id",
      "ix_community_posts_strategy_id",
      "ix_ml_models_owner_id",
      "ix_strategies_owner_id",
      "ix_users_email",
      "ml_models_pkey",
      "stocks_daily_info_pkey",
      "strategies_pkey",
      "users_pkey"
    ]
  }
}
---
{
  "workload_id": 4060,
  "metadata": {
    "strategy_template": "Momentum Investing Style",
    "ml_model_used": null
  },
  "sql_query": "SELECT sdi.close_price, sdi.company_name, sdi.ma_20d, sdi.market_cap, sdi.momentum_12m, sdi.momentum_3m, sdi.rsi_14, sdi.ticker, sdi.volatility_20d FROM stocks_daily_info sdi WHERE sdi.market = 'KOSPI' AND sdi.market_cap >= 86300000000 AND sdi.event_date = DATE '2023-05-10' ORDER BY sdi.momentum_3m asc, sdi.momentum_12m asc, sdi.volatility_20d desc, sdi.rsi_14 desc LIMIT 11;",
  "baseline_execution_plan": {
    "Plan": {
      "Node Type": "Limit",
      "Parallel Aware": false,
      "Async Capable": false,
      "Startup Cost": 20.41,
      "Total Cost": 20.41,
      "Plan Rows": 1,
      "Plan Width": 64,
      "Plans": [
        {
          "Node Type": "Sort",
          "Parent Relationship": "Outer",
          "Parallel Aware": false,
          "Async Capable": false,
          "Startup Cost": 20.41,
          "Total Cost": 20.41,
          "Plan Rows": 1,
          "Plan Width": 64,
          "Sort Key": [
            "momentum_3m",
            "momentum_12m",
            "volatility_20d DESC",
            "rsi_14 DESC"
          ],
          "Plans": [
            {
              "Node Type": "Bitmap Heap Scan",
              "Parent Relationship": "Outer",
              "Parallel Aware": false,
              "Async Capable": false,
              "Relation Name": "stocks_daily_info",
              "Alias": "sdi",
              "Startup Cost": 2.36,
              "Total Cost": 20.4,
              "Plan Rows": 1,
              "Plan Width": 64,
              "Recheck Cond": "(event_date = '2023-05-10'::date)",
              "Filter": "((market_cap >= '86300000000'::numeric) AND (market = 'KOSPI'::text))",
              "Plans": [
                {
                  "Node Type": "Bitmap Index Scan",
                  "Parent Relationship": "Outer",
                  "Parallel Aware": false,
                  "Async Capable": false,
                  "Index Name": "idx_sdi_event_date",
                  "Startup Cost": 0.0,
                  "Total Cost": 2.36,
                  "Plan Rows": 10,
                  "Plan Width": 0,
                  "Index Cond": "(event_date = '2023-05-10'::date)"
                }
              ]
            }
          ]
        }
      ]
    }
  },
  "db_statistics": {
    "table_stats": {
      "stocks_daily_info": {
        "row_count": 12700,
        "size_mb": 1.71
      },
      "fundamentals_daily": {
        "row_count": 12080,
        "size_mb": 2.33
      },
      "financials_quarterly": {
        "row_count": 8634,
        "size_mb": 0.8
      }
    },
    "existing_indexes": [
      "backtest_results_pkey",
      "community_posts_pkey",
      "financials_quarterly_pkey",
      "fundamentals_daily_pkey",
      "idx_finq_period_end",
      "idx_finq_ticker",
      "idx_fund_event_date",
      "idx_fund_ticker",
      "idx_sdi_event_date",
      "idx_sdi_ticker",
      "ix_backtest_results_strategy_id",
      "ix_community_posts_author_id",
      "ix_community_posts_strategy_id",
      "ix_ml_models_owner_id",
      "ix_strategies_owner_id",
      "ix_users_email",
      "ml_models_pkey",
      "stocks_daily_info_pkey",
      "strategies_pkey",
      "users_pkey"
    ]
  }
}
---
{
  "workload_id": 4061,
  "metadata": {
    "strategy_template": "ML Hybrid Style",
    "ml_model_used": "Return Forecast Model"
  },
  "sql_query": "SELECT ( SELECT COALESCE(SUM(value), 0) FROM ( SELECT value FROM financials_quarterly fq WHERE fq.ticker = sdi.ticker AND fq.item_name = 'NetIncome' AND fq.statement_type IN ('IS_Q','CF_Q') AND fq.period_end <= DATE '2023-10-24' ORDER BY fq.period_end DESC LIMIT 4 ) as recent_quarters ) AS ttm_netincome , fd.bps, fd.dividend_yield, fd.eps, fd.pbr, fd.per, sdi.close_price, sdi.company_name, sdi.ma_20d, sdi.market_cap, sdi.momentum_12m, sdi.momentum_3m, sdi.rsi_14, sdi.ticker, sdi.volatility_20d FROM stocks_daily_info sdi LEFT JOIN fundamentals_daily fd ON fd.ticker = sdi.ticker AND fd.event_date = sdi.event_date WHERE sdi.market = 'KOSPI' AND sdi.market_cap >= 75400000000 AND sdi.event_date = DATE '2023-10-24' ORDER BY CASE sdi.ticker WHEN '000660.KS' THEN 1 WHEN '005930.KS' THEN 2 WHEN '068270.KQ' THEN 3 WHEN '207940.KS' THEN 4 WHEN '035420.KS' THEN 5 WHEN '005380.KS' THEN 6 WHEN '051910.KS' THEN 7 WHEN '012330.KS' THEN 8 WHEN '035720.KS' THEN 9 WHEN '105560.KS' THEN 10 ELSE 11 END LIMIT 26;",
  "baseline_execution_plan": {
    "Plan": {
      "Node Type": "Limit",
      "Parallel Aware": false,
      "Async Capable": false,
      "Startup Cost": 24.75,
      "Total Cost": 29.07,
      "Plan Rows": 1,
      "Plan Width": 141,
      "Plans": [
        {
          "Node Type": "Result",
          "Parent Relationship": "Outer",
          "Parallel Aware": false,
          "Async Capable": false,
          "Startup Cost": 24.75,
          "Total Cost": 29.07,
          "Plan Rows": 1,
          "Plan Width": 141,
          "Plans": [
            {
              "Node Type": "Sort",
              "Parent Relationship": "Outer",
              "Parallel Aware": false,
              "Async Capable": false,
              "Startup Cost": 24.75,
              "Total Cost": 24.75,
              "Plan Rows": 1,
              "Plan Width": 109,
              "Sort Key": [
                "(CASE sdi.ticker WHEN '000660.KS'::text THEN 1 WHEN '005930.KS'::text THEN 2 WHEN '068270.KQ'::text THEN 3 WHEN '207940.KS'::text THEN 4 WHEN '035420.KS'::text THEN 5 WHEN '005380.KS'::text THEN 6 WHEN '051910.KS'::text THEN 7 WHEN '012330.KS'::text THEN 8 WHEN '035720.KS'::text THEN 9 WHEN '105560.KS'::text THEN 10 ELSE 11 END)"
              ],
              "Plans": [
                {
                  "Node Type": "Nested Loop",
                  "Parent Relationship": "Outer",
                  "Parallel Aware": false,
                  "Async Capable": false,
                  "Join Type": "Left",
                  "Startup Cost": 2.65,
                  "Total Cost": 24.74,
                  "Plan Rows": 1,
                  "Plan Width": 109,
                  "Inner Unique": true,
                  "Plans": [
                    {
                      "Node Type": "Bitmap Heap Scan",
                      "Parent Relationship": "Outer",
                      "Parallel Aware": false,
                      "Async Capable": false,
                      "Relation Name": "stocks_daily_info",
                      "Alias": "sdi",
                      "Startup Cost": 2.36,
                      "Total Cost": 20.4,
                      "Plan Rows": 1,
                      "Plan Width": 68,
                      "Recheck Cond": "(event_date = '2023-10-24'::date)",
                      "Filter": "((market_cap >= '75400000000'::numeric) AND (market = 'KOSPI'::text))",
                      "Plans": [
                        {
                          "Node Type": "Bitmap Index Scan",
                          "Parent Relationship": "Outer",
                          "Parallel Aware": false,
                          "Async Capable": false,
                          "Index Name": "idx_sdi_event_date",
                          "Startup Cost": 0.0,
                          "Total Cost": 2.36,
                          "Plan Rows": 10,
                          "Plan Width": 0,
                          "Index Cond": "(event_date = '2023-10-24'::date)"
                        }
                      ]
                    },
                    {
                      "Node Type": "Index Scan",
                      "Parent Relationship": "Inner",
                      "Parallel Aware": false,
                      "Async Capable": false,
                      "Scan Direction": "Forward",
                      "Index Name": "fundamentals_daily_pkey",
                      "Relation Name": "fundamentals_daily",
                      "Alias": "fd",
                      "Startup Cost": 0.29,
                      "Total Cost": 4.3,
                      "Plan Rows": 1,
                      "Plan Width": 55,
                      "Index Cond": "((event_date = '2023-10-24'::date) AND (ticker = sdi.ticker))"
                    }
                  ]
                }
              ]
            },
            {
              "Node Type": "Aggregate",
              "Strategy": "Plain",
              "Partial Mode": "Simple",
              "Parent Relationship": "SubPlan",
              "Subplan Name": "SubPlan 1",
              "Parallel Aware": false,
              "Async Capable": false,
              "Startup Cost": 4.27,
              "Total Cost": 4.28,
              "Plan Rows": 1,
              "Plan Width": 32,
              "Plans": [
                {
                  "Node Type": "Limit",
                  "Parent Relationship": "Outer",
                  "Parallel Aware": false,
                  "Async Capable": false,
                  "Startup Cost": 0.29,
                  "Total Cost": 4.25,
                  "Plan Rows": 1,
                  "Plan Width": 12,
                  "Plans": [
                    {
                      "Node Type": "Index Scan",
                      "Parent Relationship": "Outer",
                      "Parallel Aware": false,
                      "Async Capable": false,
                      "Scan Direction": "Backward",
                      "Index Name": "idx_finq_period_end",
                      "Relation Name": "financials_quarterly",
                      "Alias": "fq",
                      "Startup Cost": 0.29,
                      "Total Cost": 4.25,
                      "Plan Rows": 1,
                      "Plan Width": 12,
                      "Index Cond": "(period_end <= '2023-10-24'::date)",
                      "Filter": "((statement_type = ANY ('{IS_Q,CF_Q}'::text[])) AND (ticker = sdi.ticker) AND (item_name = 'NetIncome'::text))"
                    }
                  ]
                }
              ]
            }
          ]
        }
      ]
    }
  },
  "db_statistics": {
    "table_stats": {
      "stocks_daily_info": {
        "row_count": 12700,
        "size_mb": 1.71
      },
      "fundamentals_daily": {
        "row_count": 12080,
        "size_mb": 2.33
      },
      "financials_quarterly": {
        "row_count": 8634,
        "size_mb": 0.8
      }
    },
    "existing_indexes": [
      "backtest_results_pkey",
      "community_posts_pkey",
      "financials_quarterly_pkey",
      "fundamentals_daily_pkey",
      "idx_finq_period_end",
      "idx_finq_ticker",
      "idx_fund_event_date",
      "idx_fund_ticker",
      "idx_sdi_event_date",
      "idx_sdi_ticker",
      "ix_backtest_results_strategy_id",
      "ix_community_posts_author_id",
      "ix_community_posts_strategy_id",
      "ix_ml_models_owner_id",
      "ix_strategies_owner_id",
      "ix_users_email",
      "ml_models_pkey",
      "stocks_daily_info_pkey",
      "strategies_pkey",
      "users_pkey"
    ]
  }
}
---
{
  "workload_id": 4062,
  "metadata": {
    "strategy_template": "ML Hybrid Style",
    "ml_model_used": "Return Forecast Model"
  },
  "sql_query": "SELECT ( SELECT COALESCE(SUM(value), 0) FROM ( SELECT value FROM financials_quarterly fq WHERE fq.ticker = sdi.ticker AND fq.item_name = 'OperatingCashFlow' AND fq.statement_type IN ('IS_Q','CF_Q') AND fq.period_end <= DATE '2023-08-07' ORDER BY fq.period_end DESC LIMIT 4 ) as recent_quarters ) AS ttm_operatingcashflow , fd.bps, fd.dividend_yield, fd.eps, fd.pbr, fd.per, sdi.close_price, sdi.company_name, sdi.ma_20d, sdi.market_cap, sdi.momentum_12m, sdi.momentum_3m, sdi.rsi_14, sdi.ticker, sdi.volatility_20d FROM stocks_daily_info sdi LEFT JOIN fundamentals_daily fd ON fd.ticker = sdi.ticker AND fd.event_date = sdi.event_date WHERE sdi.market = 'KOSPI' AND sdi.market_cap >= 107200000000 AND sdi.event_date = DATE '2023-08-07' ORDER BY CASE sdi.ticker WHEN '000660.KS' THEN 1 WHEN '005930.KS' THEN 2 WHEN '068270.KQ' THEN 3 WHEN '207940.KS' THEN 4 WHEN '035420.KS' THEN 5 WHEN '005380.KS' THEN 6 WHEN '051910.KS' THEN 7 WHEN '012330.KS' THEN 8 WHEN '035720.KS' THEN 9 WHEN '105560.KS' THEN 10 ELSE 11 END LIMIT 27;",
  "baseline_execution_plan": {
    "Plan": {
      "Node Type": "Limit",
      "Parallel Aware": false,
      "Async Capable": false,
      "Startup Cost": 24.75,
      "Total Cost": 29.07,
      "Plan Rows": 1,
      "Plan Width": 141,
      "Plans": [
        {
          "Node Type": "Result",
          "Parent Relationship": "Outer",
          "Parallel Aware": false,
          "Async Capable": false,
          "Startup Cost": 24.75,
          "Total Cost": 29.07,
          "Plan Rows": 1,
          "Plan Width": 141,
          "Plans": [
            {
              "Node Type": "Sort",
              "Parent Relationship": "Outer",
              "Parallel Aware": false,
              "Async Capable": false,
              "Startup Cost": 24.75,
              "Total Cost": 24.75,
              "Plan Rows": 1,
              "Plan Width": 109,
              "Sort Key": [
                "(CASE sdi.ticker WHEN '000660.KS'::text THEN 1 WHEN '005930.KS'::text THEN 2 WHEN '068270.KQ'::text THEN 3 WHEN '207940.KS'::text THEN 4 WHEN '035420.KS'::text THEN 5 WHEN '005380.KS'::text THEN 6 WHEN '051910.KS'::text THEN 7 WHEN '012330.KS'::text THEN 8 WHEN '035720.KS'::text THEN 9 WHEN '105560.KS'::text THEN 10 ELSE 11 END)"
              ],
              "Plans": [
                {
                  "Node Type": "Nested Loop",
                  "Parent Relationship": "Outer",
                  "Parallel Aware": false,
                  "Async Capable": false,
                  "Join Type": "Left",
                  "Startup Cost": 2.65,
                  "Total Cost": 24.74,
                  "Plan Rows": 1,
                  "Plan Width": 109,
                  "Inner Unique": true,
                  "Plans": [
                    {
                      "Node Type": "Bitmap Heap Scan",
                      "Parent Relationship": "Outer",
                      "Parallel Aware": false,
                      "Async Capable": false,
                      "Relation Name": "stocks_daily_info",
                      "Alias": "sdi",
                      "Startup Cost": 2.36,
                      "Total Cost": 20.4,
                      "Plan Rows": 1,
                      "Plan Width": 68,
                      "Recheck Cond": "(event_date = '2023-08-07'::date)",
                      "Filter": "((market_cap >= '107200000000'::numeric) AND (market = 'KOSPI'::text))",
                      "Plans": [
                        {
                          "Node Type": "Bitmap Index Scan",
                          "Parent Relationship": "Outer",
                          "Parallel Aware": false,
                          "Async Capable": false,
                          "Index Name": "idx_sdi_event_date",
                          "Startup Cost": 0.0,
                          "Total Cost": 2.36,
                          "Plan Rows": 10,
                          "Plan Width": 0,
                          "Index Cond": "(event_date = '2023-08-07'::date)"
                        }
                      ]
                    },
                    {
                      "Node Type": "Index Scan",
                      "Parent Relationship": "Inner",
                      "Parallel Aware": false,
                      "Async Capable": false,
                      "Scan Direction": "Forward",
                      "Index Name": "fundamentals_daily_pkey",
                      "Relation Name": "fundamentals_daily",
                      "Alias": "fd",
                      "Startup Cost": 0.29,
                      "Total Cost": 4.3,
                      "Plan Rows": 1,
                      "Plan Width": 55,
                      "Index Cond": "((event_date = '2023-08-07'::date) AND (ticker = sdi.ticker))"
                    }
                  ]
                }
              ]
            },
            {
              "Node Type": "Aggregate",
              "Strategy": "Plain",
              "Partial Mode": "Simple",
              "Parent Relationship": "SubPlan",
              "Subplan Name": "SubPlan 1",
              "Parallel Aware": false,
              "Async Capable": false,
              "Startup Cost": 4.27,
              "Total Cost": 4.28,
              "Plan Rows": 1,
              "Plan Width": 32,
              "Plans": [
                {
                  "Node Type": "Limit",
                  "Parent Relationship": "Outer",
                  "Parallel Aware": false,
                  "Async Capable": false,
                  "Startup Cost": 0.29,
                  "Total Cost": 4.25,
                  "Plan Rows": 1,
                  "Plan Width": 12,
                  "Plans": [
                    {
                      "Node Type": "Index Scan",
                      "Parent Relationship": "Outer",
                      "Parallel Aware": false,
                      "Async Capable": false,
                      "Scan Direction": "Backward",
                      "Index Name": "idx_finq_period_end",
                      "Relation Name": "financials_quarterly",
                      "Alias": "fq",
                      "Startup Cost": 0.29,
                      "Total Cost": 4.25,
                      "Plan Rows": 1,
                      "Plan Width": 12,
                      "Index Cond": "(period_end <= '2023-08-07'::date)",
                      "Filter": "((statement_type = ANY ('{IS_Q,CF_Q}'::text[])) AND (ticker = sdi.ticker) AND (item_name = 'OperatingCashFlow'::text))"
                    }
                  ]
                }
              ]
            }
          ]
        }
      ]
    }
  },
  "db_statistics": {
    "table_stats": {
      "stocks_daily_info": {
        "row_count": 12700,
        "size_mb": 1.71
      },
      "fundamentals_daily": {
        "row_count": 12080,
        "size_mb": 2.33
      },
      "financials_quarterly": {
        "row_count": 8634,
        "size_mb": 0.8
      }
    },
    "existing_indexes": [
      "backtest_results_pkey",
      "community_posts_pkey",
      "financials_quarterly_pkey",
      "fundamentals_daily_pkey",
      "idx_finq_period_end",
      "idx_finq_ticker",
      "idx_fund_event_date",
      "idx_fund_ticker",
      "idx_sdi_event_date",
      "idx_sdi_ticker",
      "ix_backtest_results_strategy_id",
      "ix_community_posts_author_id",
      "ix_community_posts_strategy_id",
      "ix_ml_models_owner_id",
      "ix_strategies_owner_id",
      "ix_users_email",
      "ml_models_pkey",
      "stocks_daily_info_pkey",
      "strategies_pkey",
      "users_pkey"
    ]
  }
}
---
{
  "workload_id": 4063,
  "metadata": {
    "strategy_template": "ML Hybrid Style",
    "ml_model_used": null
  },
  "sql_query": "SELECT sdi.close_price, sdi.company_name, sdi.ma_20d, sdi.market_cap, sdi.momentum_12m, sdi.momentum_3m, sdi.rsi_14, sdi.ticker, sdi.volatility_20d FROM stocks_daily_info sdi WHERE sdi.market = 'KOSPI' AND sdi.market_cap >= 439400000000 AND sdi.event_date = DATE '2023-09-02' ORDER BY sdi.market_cap DESC LIMIT 14;",
  "baseline_execution_plan": {
    "Plan": {
      "Node Type": "Limit",
      "Parallel Aware": false,
      "Async Capable": false,
      "Startup Cost": 20.41,
      "Total Cost": 20.41,
      "Plan Rows": 1,
      "Plan Width": 64,
      "Plans": [
        {
          "Node Type": "Sort",
          "Parent Relationship": "Outer",
          "Parallel Aware": false,
          "Async Capable": false,
          "Startup Cost": 20.41,
          "Total Cost": 20.41,
          "Plan Rows": 1,
          "Plan Width": 64,
          "Sort Key": [
            "market_cap DESC"
          ],
          "Plans": [
            {
              "Node Type": "Bitmap Heap Scan",
              "Parent Relationship": "Outer",
              "Parallel Aware": false,
              "Async Capable": false,
              "Relation Name": "stocks_daily_info",
              "Alias": "sdi",
              "Startup Cost": 2.36,
              "Total Cost": 20.4,
              "Plan Rows": 1,
              "Plan Width": 64,
              "Recheck Cond": "(event_date = '2023-09-02'::date)",
              "Filter": "((market_cap >= '439400000000'::numeric) AND (market = 'KOSPI'::text))",
              "Plans": [
                {
                  "Node Type": "Bitmap Index Scan",
                  "Parent Relationship": "Outer",
                  "Parallel Aware": false,
                  "Async Capable": false,
                  "Index Name": "idx_sdi_event_date",
                  "Startup Cost": 0.0,
                  "Total Cost": 2.36,
                  "Plan Rows": 10,
                  "Plan Width": 0,
                  "Index Cond": "(event_date = '2023-09-02'::date)"
                }
              ]
            }
          ]
        }
      ]
    }
  },
  "db_statistics": {
    "table_stats": {
      "stocks_daily_info": {
        "row_count": 12700,
        "size_mb": 1.71
      },
      "fundamentals_daily": {
        "row_count": 12080,
        "size_mb": 2.33
      },
      "financials_quarterly": {
        "row_count": 8634,
        "size_mb": 0.8
      }
    },
    "existing_indexes": [
      "backtest_results_pkey",
      "community_posts_pkey",
      "financials_quarterly_pkey",
      "fundamentals_daily_pkey",
      "idx_finq_period_end",
      "idx_finq_ticker",
      "idx_fund_event_date",
      "idx_fund_ticker",
      "idx_sdi_event_date",
      "idx_sdi_ticker",
      "ix_backtest_results_strategy_id",
      "ix_community_posts_author_id",
      "ix_community_posts_strategy_id",
      "ix_ml_models_owner_id",
      "ix_strategies_owner_id",
      "ix_users_email",
      "ml_models_pkey",
      "stocks_daily_info_pkey",
      "strategies_pkey",
      "users_pkey"
    ]
  }
}
---
{
  "workload_id": 4064,
  "metadata": {
    "strategy_template": "Value Investing Style",
    "ml_model_used": null
  },
  "sql_query": "SELECT ( SELECT COALESCE(SUM(value), 0) FROM ( SELECT value FROM financials_quarterly fq WHERE fq.ticker = sdi.ticker AND fq.item_name = 'OperatingCashFlow' AND fq.statement_type IN ('IS_Q','CF_Q') AND fq.period_end <= DATE '2023-07-04' ORDER BY fq.period_end DESC LIMIT 4 ) as recent_quarters ) AS ttm_operatingcashflow , fd.bps, fd.dividend_yield, fd.eps, fd.pbr, fd.per, sdi.close_price, sdi.company_name, sdi.ma_20d, sdi.market_cap, sdi.momentum_12m, sdi.momentum_3m, sdi.rsi_14, sdi.ticker, sdi.volatility_20d FROM stocks_daily_info sdi LEFT JOIN fundamentals_daily fd ON fd.ticker = sdi.ticker AND fd.event_date = sdi.event_date WHERE sdi.market = 'KOSDAQ' AND sdi.market_cap >= 140600000000 AND sdi.event_date = DATE '2023-07-04' ORDER BY fd.pbr asc, fd.per asc, fd.dividend_yield asc LIMIT 31;",
  "baseline_execution_plan": {
    "Plan": {
      "Node Type": "Limit",
      "Parallel Aware": false,
      "Async Capable": false,
      "Startup Cost": 24.72,
      "Total Cost": 29.02,
      "Plan Rows": 1,
      "Plan Width": 137,
      "Plans": [
        {
          "Node Type": "Result",
          "Parent Relationship": "Outer",
          "Parallel Aware": false,
          "Async Capable": false,
          "Startup Cost": 24.72,
          "Total Cost": 29.02,
          "Plan Rows": 1,
          "Plan Width": 137,
          "Plans": [
            {
              "Node Type": "Sort",
              "Parent Relationship": "Outer",
              "Parallel Aware": false,
              "Async Capable": false,
              "Startup Cost": 24.72,
              "Total Cost": 24.73,
              "Plan Rows": 1,
              "Plan Width": 105,
              "Sort Key": [
                "fd.pbr",
                "fd.per",
                "fd.dividend_yield"
              ],
              "Plans": [
                {
                  "Node Type": "Nested Loop",
                  "Parent Relationship": "Outer",
                  "Parallel Aware": false,
                  "Async Capable": false,
                  "Join Type": "Left",
                  "Startup Cost": 2.65,
                  "Total Cost": 24.71,
                  "Plan Rows": 1,
                  "Plan Width": 105,
                  "Inner Unique": true,
                  "Plans": [
                    {
                      "Node Type": "Bitmap Heap Scan",
                      "Parent Relationship": "Outer",
                      "Parallel Aware": false,
                      "Async Capable": false,
                      "Relation Name": "stocks_daily_info",
                      "Alias": "sdi",
                      "Startup Cost": 2.36,
                      "Total Cost": 20.4,
                      "Plan Rows": 1,
                      "Plan Width": 68,
                      "Recheck Cond": "(event_date = '2023-07-04'::date)",
                      "Filter": "((market_cap >= '140600000000'::numeric) AND (market = 'KOSDAQ'::text))",
                      "Plans": [
                        {
                          "Node Type": "Bitmap Index Scan",
                          "Parent Relationship": "Outer",
                          "Parallel Aware": false,
                          "Async Capable": false,
                          "Index Name": "idx_sdi_event_date",
                          "Startup Cost": 0.0,
                          "Total Cost": 2.36,
                          "Plan Rows": 10,
                          "Plan Width": 0,
                          "Index Cond": "(event_date = '2023-07-04'::date)"
                        }
                      ]
                    },
                    {
                      "Node Type": "Index Scan",
                      "Parent Relationship": "Inner",
                      "Parallel Aware": false,
                      "Async Capable": false,
                      "Scan Direction": "Forward",
                      "Index Name": "fundamentals_daily_pkey",
                      "Relation Name": "fundamentals_daily",
                      "Alias": "fd",
                      "Startup Cost": 0.29,
                      "Total Cost": 4.3,
                      "Plan Rows": 1,
                      "Plan Width": 55,
                      "Index Cond": "((event_date = '2023-07-04'::date) AND (ticker = sdi.ticker))"
                    }
                  ]
                }
              ]
            },
            {
              "Node Type": "Aggregate",
              "Strategy": "Plain",
              "Partial Mode": "Simple",
              "Parent Relationship": "SubPlan",
              "Subplan Name": "SubPlan 1",
              "Parallel Aware": false,
              "Async Capable": false,
              "Startup Cost": 4.27,
              "Total Cost": 4.28,
              "Plan Rows": 1,
              "Plan Width": 32,
              "Plans": [
                {
                  "Node Type": "Limit",
                  "Parent Relationship": "Outer",
                  "Parallel Aware": false,
                  "Async Capable": false,
                  "Startup Cost": 0.29,
                  "Total Cost": 4.25,
                  "Plan Rows": 1,
                  "Plan Width": 12,
                  "Plans": [
                    {
                      "Node Type": "Index Scan",
                      "Parent Relationship": "Outer",
                      "Parallel Aware": false,
                      "Async Capable": false,
                      "Scan Direction": "Backward",
                      "Index Name": "idx_finq_period_end",
                      "Relation Name": "financials_quarterly",
                      "Alias": "fq",
                      "Startup Cost": 0.29,
                      "Total Cost": 4.25,
                      "Plan Rows": 1,
                      "Plan Width": 12,
                      "Index Cond": "(period_end <= '2023-07-04'::date)",
                      "Filter": "((statement_type = ANY ('{IS_Q,CF_Q}'::text[])) AND (ticker = sdi.ticker) AND (item_name = 'OperatingCashFlow'::text))"
                    }
                  ]
                }
              ]
            }
          ]
        }
      ]
    }
  },
  "db_statistics": {
    "table_stats": {
      "stocks_daily_info": {
        "row_count": 12700,
        "size_mb": 1.71
      },
      "fundamentals_daily": {
        "row_count": 12080,
        "size_mb": 2.33
      },
      "financials_quarterly": {
        "row_count": 8634,
        "size_mb": 0.8
      }
    },
    "existing_indexes": [
      "backtest_results_pkey",
      "community_posts_pkey",
      "financials_quarterly_pkey",
      "fundamentals_daily_pkey",
      "idx_finq_period_end",
      "idx_finq_ticker",
      "idx_fund_event_date",
      "idx_fund_ticker",
      "idx_sdi_event_date",
      "idx_sdi_ticker",
      "ix_backtest_results_strategy_id",
      "ix_community_posts_author_id",
      "ix_community_posts_strategy_id",
      "ix_ml_models_owner_id",
      "ix_strategies_owner_id",
      "ix_users_email",
      "ml_models_pkey",
      "stocks_daily_info_pkey",
      "strategies_pkey",
      "users_pkey"
    ]
  }
}
---
{
  "workload_id": 4065,
  "metadata": {
    "strategy_template": "Value Investing Style",
    "ml_model_used": null
  },
  "sql_query": "SELECT fd.bps, fd.dividend_yield, fd.eps, fd.pbr, fd.per, sdi.close_price, sdi.company_name, sdi.ma_20d, sdi.market_cap, sdi.momentum_12m, sdi.momentum_3m, sdi.rsi_14, sdi.ticker, sdi.volatility_20d FROM stocks_daily_info sdi LEFT JOIN fundamentals_daily fd ON fd.ticker = sdi.ticker AND fd.event_date = sdi.event_date WHERE sdi.market = 'KOSPI' AND sdi.market_cap >= 94300000000 AND sdi.event_date = DATE '2023-07-06' ORDER BY fd.pbr desc, fd.per desc, fd.dividend_yield asc, fd.eps desc LIMIT 21;",
  "baseline_execution_plan": {
    "Plan": {
      "Node Type": "Limit",
      "Parallel Aware": false,
      "Async Capable": false,
      "Startup Cost": 24.72,
      "Total Cost": 24.73,
      "Plan Rows": 1,
      "Plan Width": 105,
      "Plans": [
        {
          "Node Type": "Sort",
          "Parent Relationship": "Outer",
          "Parallel Aware": false,
          "Async Capable": false,
          "Startup Cost": 24.72,
          "Total Cost": 24.73,
          "Plan Rows": 1,
          "Plan Width": 105,
          "Sort Key": [
            "fd.pbr DESC",
            "fd.per DESC",
            "fd.dividend_yield",
            "fd.eps DESC"
          ],
          "Plans": [
            {
              "Node Type": "Nested Loop",
              "Parent Relationship": "Outer",
              "Parallel Aware": false,
              "Async Capable": false,
              "Join Type": "Left",
              "Startup Cost": 2.65,
              "Total Cost": 24.71,
              "Plan Rows": 1,
              "Plan Width": 105,
              "Inner Unique": true,
              "Plans": [
                {
                  "Node Type": "Bitmap Heap Scan",
                  "Parent Relationship": "Outer",
                  "Parallel Aware": false,
                  "Async Capable": false,
                  "Relation Name": "stocks_daily_info",
                  "Alias": "sdi",
                  "Startup Cost": 2.36,
                  "Total Cost": 20.4,
                  "Plan Rows": 1,
                  "Plan Width": 68,
                  "Recheck Cond": "(event_date = '2023-07-06'::date)",
                  "Filter": "((market_cap >= '94300000000'::numeric) AND (market = 'KOSPI'::text))",
                  "Plans": [
                    {
                      "Node Type": "Bitmap Index Scan",
                      "Parent Relationship": "Outer",
                      "Parallel Aware": false,
                      "Async Capable": false,
                      "Index Name": "idx_sdi_event_date",
                      "Startup Cost": 0.0,
                      "Total Cost": 2.36,
                      "Plan Rows": 10,
                      "Plan Width": 0,
                      "Index Cond": "(event_date = '2023-07-06'::date)"
                    }
                  ]
                },
                {
                  "Node Type": "Index Scan",
                  "Parent Relationship": "Inner",
                  "Parallel Aware": false,
                  "Async Capable": false,
                  "Scan Direction": "Forward",
                  "Index Name": "fundamentals_daily_pkey",
                  "Relation Name": "fundamentals_daily",
                  "Alias": "fd",
                  "Startup Cost": 0.29,
                  "Total Cost": 4.3,
                  "Plan Rows": 1,
                  "Plan Width": 55,
                  "Index Cond": "((event_date = '2023-07-06'::date) AND (ticker = sdi.ticker))"
                }
              ]
            }
          ]
        }
      ]
    }
  },
  "db_statistics": {
    "table_stats": {
      "stocks_daily_info": {
        "row_count": 12700,
        "size_mb": 1.71
      },
      "fundamentals_daily": {
        "row_count": 12080,
        "size_mb": 2.33
      },
      "financials_quarterly": {
        "row_count": 8634,
        "size_mb": 0.8
      }
    },
    "existing_indexes": [
      "backtest_results_pkey",
      "community_posts_pkey",
      "financials_quarterly_pkey",
      "fundamentals_daily_pkey",
      "idx_finq_period_end",
      "idx_finq_ticker",
      "idx_fund_event_date",
      "idx_fund_ticker",
      "idx_sdi_event_date",
      "idx_sdi_ticker",
      "ix_backtest_results_strategy_id",
      "ix_community_posts_author_id",
      "ix_community_posts_strategy_id",
      "ix_ml_models_owner_id",
      "ix_strategies_owner_id",
      "ix_users_email",
      "ml_models_pkey",
      "stocks_daily_info_pkey",
      "strategies_pkey",
      "users_pkey"
    ]
  }
}
---
{
  "workload_id": 4066,
  "metadata": {
    "strategy_template": "Value Investing Style",
    "ml_model_used": null
  },
  "sql_query": "SELECT fd.bps, fd.dividend_yield, fd.eps, fd.pbr, fd.per, sdi.close_price, sdi.company_name, sdi.ma_20d, sdi.market_cap, sdi.momentum_12m, sdi.momentum_3m, sdi.rsi_14, sdi.ticker, sdi.volatility_20d FROM stocks_daily_info sdi LEFT JOIN fundamentals_daily fd ON fd.ticker = sdi.ticker AND fd.event_date = sdi.event_date WHERE sdi.market = 'KOSPI' AND sdi.market_cap >= 202800000000 AND sdi.event_date = DATE '2023-10-25' ORDER BY fd.pbr asc, fd.per asc, fd.dividend_yield desc LIMIT 16;",
  "baseline_execution_plan": {
    "Plan": {
      "Node Type": "Limit",
      "Parallel Aware": false,
      "Async Capable": false,
      "Startup Cost": 24.72,
      "Total Cost": 24.73,
      "Plan Rows": 1,
      "Plan Width": 105,
      "Plans": [
        {
          "Node Type": "Sort",
          "Parent Relationship": "Outer",
          "Parallel Aware": false,
          "Async Capable": false,
          "Startup Cost": 24.72,
          "Total Cost": 24.73,
          "Plan Rows": 1,
          "Plan Width": 105,
          "Sort Key": [
            "fd.pbr",
            "fd.per",
            "fd.dividend_yield DESC"
          ],
          "Plans": [
            {
              "Node Type": "Nested Loop",
              "Parent Relationship": "Outer",
              "Parallel Aware": false,
              "Async Capable": false,
              "Join Type": "Left",
              "Startup Cost": 2.65,
              "Total Cost": 24.71,
              "Plan Rows": 1,
              "Plan Width": 105,
              "Inner Unique": true,
              "Plans": [
                {
                  "Node Type": "Bitmap Heap Scan",
                  "Parent Relationship": "Outer",
                  "Parallel Aware": false,
                  "Async Capable": false,
                  "Relation Name": "stocks_daily_info",
                  "Alias": "sdi",
                  "Startup Cost": 2.36,
                  "Total Cost": 20.4,
                  "Plan Rows": 1,
                  "Plan Width": 68,
                  "Recheck Cond": "(event_date = '2023-10-25'::date)",
                  "Filter": "((market_cap >= '202800000000'::numeric) AND (market = 'KOSPI'::text))",
                  "Plans": [
                    {
                      "Node Type": "Bitmap Index Scan",
                      "Parent Relationship": "Outer",
                      "Parallel Aware": false,
                      "Async Capable": false,
                      "Index Name": "idx_sdi_event_date",
                      "Startup Cost": 0.0,
                      "Total Cost": 2.36,
                      "Plan Rows": 10,
                      "Plan Width": 0,
                      "Index Cond": "(event_date = '2023-10-25'::date)"
                    }
                  ]
                },
                {
                  "Node Type": "Index Scan",
                  "Parent Relationship": "Inner",
                  "Parallel Aware": false,
                  "Async Capable": false,
                  "Scan Direction": "Forward",
                  "Index Name": "fundamentals_daily_pkey",
                  "Relation Name": "fundamentals_daily",
                  "Alias": "fd",
                  "Startup Cost": 0.29,
                  "Total Cost": 4.3,
                  "Plan Rows": 1,
                  "Plan Width": 55,
                  "Index Cond": "((event_date = '2023-10-25'::date) AND (ticker = sdi.ticker))"
                }
              ]
            }
          ]
        }
      ]
    }
  },
  "db_statistics": {
    "table_stats": {
      "stocks_daily_info": {
        "row_count": 12700,
        "size_mb": 1.71
      },
      "fundamentals_daily": {
        "row_count": 12080,
        "size_mb": 2.33
      },
      "financials_quarterly": {
        "row_count": 8634,
        "size_mb": 0.8
      }
    },
    "existing_indexes": [
      "backtest_results_pkey",
      "community_posts_pkey",
      "financials_quarterly_pkey",
      "fundamentals_daily_pkey",
      "idx_finq_period_end",
      "idx_finq_ticker",
      "idx_fund_event_date",
      "idx_fund_ticker",
      "idx_sdi_event_date",
      "idx_sdi_ticker",
      "ix_backtest_results_strategy_id",
      "ix_community_posts_author_id",
      "ix_community_posts_strategy_id",
      "ix_ml_models_owner_id",
      "ix_strategies_owner_id",
      "ix_users_email",
      "ml_models_pkey",
      "stocks_daily_info_pkey",
      "strategies_pkey",
      "users_pkey"
    ]
  }
}
---
{
  "workload_id": 4067,
  "metadata": {
    "strategy_template": "ML Hybrid Style",
    "ml_model_used": "Return Forecast Model"
  },
  "sql_query": "SELECT fd.bps, fd.dividend_yield, fd.eps, fd.pbr, fd.per, sdi.close_price, sdi.company_name, sdi.ma_20d, sdi.market_cap, sdi.momentum_12m, sdi.momentum_3m, sdi.rsi_14, sdi.ticker, sdi.volatility_20d FROM stocks_daily_info sdi LEFT JOIN fundamentals_daily fd ON fd.ticker = sdi.ticker AND fd.event_date = sdi.event_date WHERE sdi.market = 'KOSDAQ' AND sdi.market_cap >= 263500000000 AND sdi.event_date = DATE '2023-07-18' ORDER BY CASE sdi.ticker WHEN '000660.KS' THEN 1 WHEN '005930.KS' THEN 2 WHEN '068270.KQ' THEN 3 WHEN '207940.KS' THEN 4 WHEN '035420.KS' THEN 5 WHEN '005380.KS' THEN 6 WHEN '051910.KS' THEN 7 WHEN '012330.KS' THEN 8 WHEN '035720.KS' THEN 9 WHEN '105560.KS' THEN 10 ELSE 11 END LIMIT 19;",
  "baseline_execution_plan": {
    "Plan": {
      "Node Type": "Limit",
      "Parallel Aware": false,
      "Async Capable": false,
      "Startup Cost": 24.75,
      "Total Cost": 24.75,
      "Plan Rows": 1,
      "Plan Width": 109,
      "Plans": [
        {
          "Node Type": "Sort",
          "Parent Relationship": "Outer",
          "Parallel Aware": false,
          "Async Capable": false,
          "Startup Cost": 24.75,
          "Total Cost": 24.75,
          "Plan Rows": 1,
          "Plan Width": 109,
          "Sort Key": [
            "(CASE sdi.ticker WHEN '000660.KS'::text THEN 1 WHEN '005930.KS'::text THEN 2 WHEN '068270.KQ'::text THEN 3 WHEN '207940.KS'::text THEN 4 WHEN '035420.KS'::text THEN 5 WHEN '005380.KS'::text THEN 6 WHEN '051910.KS'::text THEN 7 WHEN '012330.KS'::text THEN 8 WHEN '035720.KS'::text THEN 9 WHEN '105560.KS'::text THEN 10 ELSE 11 END)"
          ],
          "Plans": [
            {
              "Node Type": "Nested Loop",
              "Parent Relationship": "Outer",
              "Parallel Aware": false,
              "Async Capable": false,
              "Join Type": "Left",
              "Startup Cost": 2.65,
              "Total Cost": 24.74,
              "Plan Rows": 1,
              "Plan Width": 109,
              "Inner Unique": true,
              "Plans": [
                {
                  "Node Type": "Bitmap Heap Scan",
                  "Parent Relationship": "Outer",
                  "Parallel Aware": false,
                  "Async Capable": false,
                  "Relation Name": "stocks_daily_info",
                  "Alias": "sdi",
                  "Startup Cost": 2.36,
                  "Total Cost": 20.4,
                  "Plan Rows": 1,
                  "Plan Width": 68,
                  "Recheck Cond": "(event_date = '2023-07-18'::date)",
                  "Filter": "((market_cap >= '263500000000'::numeric) AND (market = 'KOSDAQ'::text))",
                  "Plans": [
                    {
                      "Node Type": "Bitmap Index Scan",
                      "Parent Relationship": "Outer",
                      "Parallel Aware": false,
                      "Async Capable": false,
                      "Index Name": "idx_sdi_event_date",
                      "Startup Cost": 0.0,
                      "Total Cost": 2.36,
                      "Plan Rows": 10,
                      "Plan Width": 0,
                      "Index Cond": "(event_date = '2023-07-18'::date)"
                    }
                  ]
                },
                {
                  "Node Type": "Index Scan",
                  "Parent Relationship": "Inner",
                  "Parallel Aware": false,
                  "Async Capable": false,
                  "Scan Direction": "Forward",
                  "Index Name": "fundamentals_daily_pkey",
                  "Relation Name": "fundamentals_daily",
                  "Alias": "fd",
                  "Startup Cost": 0.29,
                  "Total Cost": 4.3,
                  "Plan Rows": 1,
                  "Plan Width": 55,
                  "Index Cond": "((event_date = '2023-07-18'::date) AND (ticker = sdi.ticker))"
                }
              ]
            }
          ]
        }
      ]
    }
  },
  "db_statistics": {
    "table_stats": {
      "stocks_daily_info": {
        "row_count": 12700,
        "size_mb": 1.71
      },
      "fundamentals_daily": {
        "row_count": 12080,
        "size_mb": 2.33
      },
      "financials_quarterly": {
        "row_count": 8634,
        "size_mb": 0.8
      }
    },
    "existing_indexes": [
      "backtest_results_pkey",
      "community_posts_pkey",
      "financials_quarterly_pkey",
      "fundamentals_daily_pkey",
      "idx_finq_period_end",
      "idx_finq_ticker",
      "idx_fund_event_date",
      "idx_fund_ticker",
      "idx_sdi_event_date",
      "idx_sdi_ticker",
      "ix_backtest_results_strategy_id",
      "ix_community_posts_author_id",
      "ix_community_posts_strategy_id",
      "ix_ml_models_owner_id",
      "ix_strategies_owner_id",
      "ix_users_email",
      "ml_models_pkey",
      "stocks_daily_info_pkey",
      "strategies_pkey",
      "users_pkey"
    ]
  }
}
---
{
  "workload_id": 4068,
  "metadata": {
    "strategy_template": "Momentum Investing Style",
    "ml_model_used": null
  },
  "sql_query": "SELECT ( SELECT COALESCE(SUM(value), 0) FROM ( SELECT value FROM financials_quarterly fq WHERE fq.ticker = sdi.ticker AND fq.item_name = 'NetIncome' AND fq.statement_type IN ('IS_Q','CF_Q') AND fq.period_end <= DATE '2023-06-14' ORDER BY fq.period_end DESC LIMIT 4 ) as recent_quarters ) AS ttm_netincome , sdi.close_price, sdi.company_name, sdi.ma_20d, sdi.market_cap, sdi.momentum_12m, sdi.momentum_3m, sdi.rsi_14, sdi.ticker, sdi.volatility_20d FROM stocks_daily_info sdi WHERE sdi.market = 'KOSPI' AND sdi.market_cap >= 275900000000 AND sdi.event_date = DATE '2023-06-14' ORDER BY sdi.momentum_3m asc, sdi.momentum_12m asc, sdi.volatility_20d asc, sdi.rsi_14 desc LIMIT 10;",
  "baseline_execution_plan": {
    "Plan": {
      "Node Type": "Limit",
      "Parallel Aware": false,
      "Async Capable": false,
      "Startup Cost": 20.41,
      "Total Cost": 24.7,
      "Plan Rows": 1,
      "Plan Width": 96,
      "Plans": [
        {
          "Node Type": "Result",
          "Parent Relationship": "Outer",
          "Parallel Aware": false,
          "Async Capable": false,
          "Startup Cost": 20.41,
          "Total Cost": 24.7,
          "Plan Rows": 1,
          "Plan Width": 96,
          "Plans": [
            {
              "Node Type": "Sort",
              "Parent Relationship": "Outer",
              "Parallel Aware": false,
              "Async Capable": false,
              "Startup Cost": 20.41,
              "Total Cost": 20.41,
              "Plan Rows": 1,
              "Plan Width": 64,
              "Sort Key": [
                "sdi.momentum_3m",
                "sdi.momentum_12m",
                "sdi.volatility_20d",
                "sdi.rsi_14 DESC"
              ],
              "Plans": [
                {
                  "Node Type": "Bitmap Heap Scan",
                  "Parent Relationship": "Outer",
                  "Parallel Aware": false,
                  "Async Capable": false,
                  "Relation Name": "stocks_daily_info",
                  "Alias": "sdi",
                  "Startup Cost": 2.36,
                  "Total Cost": 20.4,
                  "Plan Rows": 1,
                  "Plan Width": 64,
                  "Recheck Cond": "(event_date = '2023-06-14'::date)",
                  "Filter": "((market_cap >= '275900000000'::numeric) AND (market = 'KOSPI'::text))",
                  "Plans": [
                    {
                      "Node Type": "Bitmap Index Scan",
                      "Parent Relationship": "Outer",
                      "Parallel Aware": false,
                      "Async Capable": false,
                      "Index Name": "idx_sdi_event_date",
                      "Startup Cost": 0.0,
                      "Total Cost": 2.36,
                      "Plan Rows": 10,
                      "Plan Width": 0,
                      "Index Cond": "(event_date = '2023-06-14'::date)"
                    }
                  ]
                }
              ]
            },
            {
              "Node Type": "Aggregate",
              "Strategy": "Plain",
              "Partial Mode": "Simple",
              "Parent Relationship": "SubPlan",
              "Subplan Name": "SubPlan 1",
              "Parallel Aware": false,
              "Async Capable": false,
              "Startup Cost": 4.27,
              "Total Cost": 4.28,
              "Plan Rows": 1,
              "Plan Width": 32,
              "Plans": [
                {
                  "Node Type": "Limit",
                  "Parent Relationship": "Outer",
                  "Parallel Aware": false,
                  "Async Capable": false,
                  "Startup Cost": 0.29,
                  "Total Cost": 4.25,
                  "Plan Rows": 1,
                  "Plan Width": 12,
                  "Plans": [
                    {
                      "Node Type": "Index Scan",
                      "Parent Relationship": "Outer",
                      "Parallel Aware": false,
                      "Async Capable": false,
                      "Scan Direction": "Backward",
                      "Index Name": "idx_finq_period_end",
                      "Relation Name": "financials_quarterly",
                      "Alias": "fq",
                      "Startup Cost": 0.29,
                      "Total Cost": 4.25,
                      "Plan Rows": 1,
                      "Plan Width": 12,
                      "Index Cond": "(period_end <= '2023-06-14'::date)",
                      "Filter": "((statement_type = ANY ('{IS_Q,CF_Q}'::text[])) AND (ticker = sdi.ticker) AND (item_name = 'NetIncome'::text))"
                    }
                  ]
                }
              ]
            }
          ]
        }
      ]
    }
  },
  "db_statistics": {
    "table_stats": {
      "stocks_daily_info": {
        "row_count": 12700,
        "size_mb": 1.71
      },
      "fundamentals_daily": {
        "row_count": 12080,
        "size_mb": 2.33
      },
      "financials_quarterly": {
        "row_count": 8634,
        "size_mb": 0.8
      }
    },
    "existing_indexes": [
      "backtest_results_pkey",
      "community_posts_pkey",
      "financials_quarterly_pkey",
      "fundamentals_daily_pkey",
      "idx_finq_period_end",
      "idx_finq_ticker",
      "idx_fund_event_date",
      "idx_fund_ticker",
      "idx_sdi_event_date",
      "idx_sdi_ticker",
      "ix_backtest_results_strategy_id",
      "ix_community_posts_author_id",
      "ix_community_posts_strategy_id",
      "ix_ml_models_owner_id",
      "ix_strategies_owner_id",
      "ix_users_email",
      "ml_models_pkey",
      "stocks_daily_info_pkey",
      "strategies_pkey",
      "users_pkey"
    ]
  }
}
---
{
  "workload_id": 4069,
  "metadata": {
    "strategy_template": "ML Hybrid Style",
    "ml_model_used": "Return Forecast Model"
  },
  "sql_query": "SELECT sdi.close_price, sdi.company_name, sdi.ma_20d, sdi.market_cap, sdi.momentum_12m, sdi.momentum_3m, sdi.rsi_14, sdi.ticker, sdi.volatility_20d FROM stocks_daily_info sdi WHERE sdi.market = 'KOSDAQ' AND sdi.market_cap >= 144900000000 AND sdi.event_date = DATE '2023-10-25' ORDER BY CASE sdi.ticker WHEN '000660.KS' THEN 1 WHEN '005930.KS' THEN 2 WHEN '068270.KQ' THEN 3 WHEN '207940.KS' THEN 4 WHEN '035420.KS' THEN 5 WHEN '005380.KS' THEN 6 WHEN '051910.KS' THEN 7 WHEN '012330.KS' THEN 8 WHEN '035720.KS' THEN 9 WHEN '105560.KS' THEN 10 ELSE 11 END LIMIT 19;",
  "baseline_execution_plan": {
    "Plan": {
      "Node Type": "Limit",
      "Parallel Aware": false,
      "Async Capable": false,
      "Startup Cost": 20.43,
      "Total Cost": 20.44,
      "Plan Rows": 1,
      "Plan Width": 68,
      "Plans": [
        {
          "Node Type": "Sort",
          "Parent Relationship": "Outer",
          "Parallel Aware": false,
          "Async Capable": false,
          "Startup Cost": 20.43,
          "Total Cost": 20.44,
          "Plan Rows": 1,
          "Plan Width": 68,
          "Sort Key": [
            "(CASE ticker WHEN '000660.KS'::text THEN 1 WHEN '005930.KS'::text THEN 2 WHEN '068270.KQ'::text THEN 3 WHEN '207940.KS'::text THEN 4 WHEN '035420.KS'::text THEN 5 WHEN '005380.KS'::text THEN 6 WHEN '051910.KS'::text THEN 7 WHEN '012330.KS'::text THEN 8 WHEN '035720.KS'::text THEN 9 WHEN '105560.KS'::text THEN 10 ELSE 11 END)"
          ],
          "Plans": [
            {
              "Node Type": "Bitmap Heap Scan",
              "Parent Relationship": "Outer",
              "Parallel Aware": false,
              "Async Capable": false,
              "Relation Name": "stocks_daily_info",
              "Alias": "sdi",
              "Startup Cost": 2.36,
              "Total Cost": 20.42,
              "Plan Rows": 1,
              "Plan Width": 68,
              "Recheck Cond": "(event_date = '2023-10-25'::date)",
              "Filter": "((market_cap >= '144900000000'::numeric) AND (market = 'KOSDAQ'::text))",
              "Plans": [
                {
                  "Node Type": "Bitmap Index Scan",
                  "Parent Relationship": "Outer",
                  "Parallel Aware": false,
                  "Async Capable": false,
                  "Index Name": "idx_sdi_event_date",
                  "Startup Cost": 0.0,
                  "Total Cost": 2.36,
                  "Plan Rows": 10,
                  "Plan Width": 0,
                  "Index Cond": "(event_date = '2023-10-25'::date)"
                }
              ]
            }
          ]
        }
      ]
    }
  },
  "db_statistics": {
    "table_stats": {
      "stocks_daily_info": {
        "row_count": 12700,
        "size_mb": 1.71
      },
      "fundamentals_daily": {
        "row_count": 12080,
        "size_mb": 2.33
      },
      "financials_quarterly": {
        "row_count": 8634,
        "size_mb": 0.8
      }
    },
    "existing_indexes": [
      "backtest_results_pkey",
      "community_posts_pkey",
      "financials_quarterly_pkey",
      "fundamentals_daily_pkey",
      "idx_finq_period_end",
      "idx_finq_ticker",
      "idx_fund_event_date",
      "idx_fund_ticker",
      "idx_sdi_event_date",
      "idx_sdi_ticker",
      "ix_backtest_results_strategy_id",
      "ix_community_posts_author_id",
      "ix_community_posts_strategy_id",
      "ix_ml_models_owner_id",
      "ix_strategies_owner_id",
      "ix_users_email",
      "ml_models_pkey",
      "stocks_daily_info_pkey",
      "strategies_pkey",
      "users_pkey"
    ]
  }
}
---
{
  "workload_id": 4070,
  "metadata": {
    "strategy_template": "Value Investing Style",
    "ml_model_used": null
  },
  "sql_query": "SELECT fd.bps, fd.dividend_yield, fd.eps, fd.pbr, fd.per, sdi.close_price, sdi.company_name, sdi.ma_20d, sdi.market_cap, sdi.momentum_12m, sdi.momentum_3m, sdi.rsi_14, sdi.ticker, sdi.volatility_20d FROM stocks_daily_info sdi LEFT JOIN fundamentals_daily fd ON fd.ticker = sdi.ticker AND fd.event_date = sdi.event_date WHERE sdi.market = 'KOSPI' AND sdi.market_cap >= 125600000000 AND sdi.event_date = DATE '2023-08-14' ORDER BY fd.pbr desc, fd.per asc, fd.eps asc LIMIT 35;",
  "baseline_execution_plan": {
    "Plan": {
      "Node Type": "Limit",
      "Parallel Aware": false,
      "Async Capable": false,
      "Startup Cost": 24.72,
      "Total Cost": 24.73,
      "Plan Rows": 1,
      "Plan Width": 105,
      "Plans": [
        {
          "Node Type": "Sort",
          "Parent Relationship": "Outer",
          "Parallel Aware": false,
          "Async Capable": false,
          "Startup Cost": 24.72,
          "Total Cost": 24.73,
          "Plan Rows": 1,
          "Plan Width": 105,
          "Sort Key": [
            "fd.pbr DESC",
            "fd.per",
            "fd.eps"
          ],
          "Plans": [
            {
              "Node Type": "Nested Loop",
              "Parent Relationship": "Outer",
              "Parallel Aware": false,
              "Async Capable": false,
              "Join Type": "Left",
              "Startup Cost": 2.65,
              "Total Cost": 24.71,
              "Plan Rows": 1,
              "Plan Width": 105,
              "Inner Unique": true,
              "Plans": [
                {
                  "Node Type": "Bitmap Heap Scan",
                  "Parent Relationship": "Outer",
                  "Parallel Aware": false,
                  "Async Capable": false,
                  "Relation Name": "stocks_daily_info",
                  "Alias": "sdi",
                  "Startup Cost": 2.36,
                  "Total Cost": 20.4,
                  "Plan Rows": 1,
                  "Plan Width": 68,
                  "Recheck Cond": "(event_date = '2023-08-14'::date)",
                  "Filter": "((market_cap >= '125600000000'::numeric) AND (market = 'KOSPI'::text))",
                  "Plans": [
                    {
                      "Node Type": "Bitmap Index Scan",
                      "Parent Relationship": "Outer",
                      "Parallel Aware": false,
                      "Async Capable": false,
                      "Index Name": "idx_sdi_event_date",
                      "Startup Cost": 0.0,
                      "Total Cost": 2.36,
                      "Plan Rows": 10,
                      "Plan Width": 0,
                      "Index Cond": "(event_date = '2023-08-14'::date)"
                    }
                  ]
                },
                {
                  "Node Type": "Index Scan",
                  "Parent Relationship": "Inner",
                  "Parallel Aware": false,
                  "Async Capable": false,
                  "Scan Direction": "Forward",
                  "Index Name": "fundamentals_daily_pkey",
                  "Relation Name": "fundamentals_daily",
                  "Alias": "fd",
                  "Startup Cost": 0.29,
                  "Total Cost": 4.3,
                  "Plan Rows": 1,
                  "Plan Width": 55,
                  "Index Cond": "((event_date = '2023-08-14'::date) AND (ticker = sdi.ticker))"
                }
              ]
            }
          ]
        }
      ]
    }
  },
  "db_statistics": {
    "table_stats": {
      "stocks_daily_info": {
        "row_count": 12700,
        "size_mb": 1.71
      },
      "fundamentals_daily": {
        "row_count": 12080,
        "size_mb": 2.33
      },
      "financials_quarterly": {
        "row_count": 8634,
        "size_mb": 0.8
      }
    },
    "existing_indexes": [
      "backtest_results_pkey",
      "community_posts_pkey",
      "financials_quarterly_pkey",
      "fundamentals_daily_pkey",
      "idx_finq_period_end",
      "idx_finq_ticker",
      "idx_fund_event_date",
      "idx_fund_ticker",
      "idx_sdi_event_date",
      "idx_sdi_ticker",
      "ix_backtest_results_strategy_id",
      "ix_community_posts_author_id",
      "ix_community_posts_strategy_id",
      "ix_ml_models_owner_id",
      "ix_strategies_owner_id",
      "ix_users_email",
      "ml_models_pkey",
      "stocks_daily_info_pkey",
      "strategies_pkey",
      "users_pkey"
    ]
  }
}
---
{
  "workload_id": 4071,
  "metadata": {
    "strategy_template": "Value Investing Style",
    "ml_model_used": null
  },
  "sql_query": "SELECT fd.bps, fd.dividend_yield, fd.eps, fd.pbr, fd.per, sdi.close_price, sdi.company_name, sdi.ma_20d, sdi.market_cap, sdi.momentum_12m, sdi.momentum_3m, sdi.rsi_14, sdi.ticker, sdi.volatility_20d FROM stocks_daily_info sdi LEFT JOIN fundamentals_daily fd ON fd.ticker = sdi.ticker AND fd.event_date = sdi.event_date WHERE sdi.market = 'KOSPI' AND sdi.market_cap >= 135600000000 AND sdi.event_date = DATE '2023-10-05' ORDER BY fd.pbr desc, fd.per desc LIMIT 33;",
  "baseline_execution_plan": {
    "Plan": {
      "Node Type": "Limit",
      "Parallel Aware": false,
      "Async Capable": false,
      "Startup Cost": 24.72,
      "Total Cost": 24.73,
      "Plan Rows": 1,
      "Plan Width": 105,
      "Plans": [
        {
          "Node Type": "Sort",
          "Parent Relationship": "Outer",
          "Parallel Aware": false,
          "Async Capable": false,
          "Startup Cost": 24.72,
          "Total Cost": 24.73,
          "Plan Rows": 1,
          "Plan Width": 105,
          "Sort Key": [
            "fd.pbr DESC",
            "fd.per DESC"
          ],
          "Plans": [
            {
              "Node Type": "Nested Loop",
              "Parent Relationship": "Outer",
              "Parallel Aware": false,
              "Async Capable": false,
              "Join Type": "Left",
              "Startup Cost": 2.65,
              "Total Cost": 24.71,
              "Plan Rows": 1,
              "Plan Width": 105,
              "Inner Unique": true,
              "Plans": [
                {
                  "Node Type": "Bitmap Heap Scan",
                  "Parent Relationship": "Outer",
                  "Parallel Aware": false,
                  "Async Capable": false,
                  "Relation Name": "stocks_daily_info",
                  "Alias": "sdi",
                  "Startup Cost": 2.36,
                  "Total Cost": 20.4,
                  "Plan Rows": 1,
                  "Plan Width": 68,
                  "Recheck Cond": "(event_date = '2023-10-05'::date)",
                  "Filter": "((market_cap >= '135600000000'::numeric) AND (market = 'KOSPI'::text))",
                  "Plans": [
                    {
                      "Node Type": "Bitmap Index Scan",
                      "Parent Relationship": "Outer",
                      "Parallel Aware": false,
                      "Async Capable": false,
                      "Index Name": "idx_sdi_event_date",
                      "Startup Cost": 0.0,
                      "Total Cost": 2.36,
                      "Plan Rows": 10,
                      "Plan Width": 0,
                      "Index Cond": "(event_date = '2023-10-05'::date)"
                    }
                  ]
                },
                {
                  "Node Type": "Index Scan",
                  "Parent Relationship": "Inner",
                  "Parallel Aware": false,
                  "Async Capable": false,
                  "Scan Direction": "Forward",
                  "Index Name": "fundamentals_daily_pkey",
                  "Relation Name": "fundamentals_daily",
                  "Alias": "fd",
                  "Startup Cost": 0.29,
                  "Total Cost": 4.3,
                  "Plan Rows": 1,
                  "Plan Width": 55,
                  "Index Cond": "((event_date = '2023-10-05'::date) AND (ticker = sdi.ticker))"
                }
              ]
            }
          ]
        }
      ]
    }
  },
  "db_statistics": {
    "table_stats": {
      "stocks_daily_info": {
        "row_count": 12700,
        "size_mb": 1.71
      },
      "fundamentals_daily": {
        "row_count": 12080,
        "size_mb": 2.33
      },
      "financials_quarterly": {
        "row_count": 8634,
        "size_mb": 0.8
      }
    },
    "existing_indexes": [
      "backtest_results_pkey",
      "community_posts_pkey",
      "financials_quarterly_pkey",
      "fundamentals_daily_pkey",
      "idx_finq_period_end",
      "idx_finq_ticker",
      "idx_fund_event_date",
      "idx_fund_ticker",
      "idx_sdi_event_date",
      "idx_sdi_ticker",
      "ix_backtest_results_strategy_id",
      "ix_community_posts_author_id",
      "ix_community_posts_strategy_id",
      "ix_ml_models_owner_id",
      "ix_strategies_owner_id",
      "ix_users_email",
      "ml_models_pkey",
      "stocks_daily_info_pkey",
      "strategies_pkey",
      "users_pkey"
    ]
  }
}
---
{
  "workload_id": 4072,
  "metadata": {
    "strategy_template": "Value Investing Style",
    "ml_model_used": null
  },
  "sql_query": "SELECT fd.bps, fd.dividend_yield, fd.eps, fd.pbr, fd.per, sdi.close_price, sdi.company_name, sdi.ma_20d, sdi.market_cap, sdi.momentum_12m, sdi.momentum_3m, sdi.rsi_14, sdi.ticker, sdi.volatility_20d FROM stocks_daily_info sdi LEFT JOIN fundamentals_daily fd ON fd.ticker = sdi.ticker AND fd.event_date = sdi.event_date WHERE sdi.market = 'KOSDAQ' AND sdi.market_cap >= 373700000000 AND sdi.event_date = DATE '2023-09-28' ORDER BY fd.pbr asc, fd.per asc LIMIT 35;",
  "baseline_execution_plan": {
    "Plan": {
      "Node Type": "Limit",
      "Parallel Aware": false,
      "Async Capable": false,
      "Startup Cost": 24.72,
      "Total Cost": 24.73,
      "Plan Rows": 1,
      "Plan Width": 105,
      "Plans": [
        {
          "Node Type": "Sort",
          "Parent Relationship": "Outer",
          "Parallel Aware": false,
          "Async Capable": false,
          "Startup Cost": 24.72,
          "Total Cost": 24.73,
          "Plan Rows": 1,
          "Plan Width": 105,
          "Sort Key": [
            "fd.pbr",
            "fd.per"
          ],
          "Plans": [
            {
              "Node Type": "Nested Loop",
              "Parent Relationship": "Outer",
              "Parallel Aware": false,
              "Async Capable": false,
              "Join Type": "Left",
              "Startup Cost": 2.65,
              "Total Cost": 24.71,
              "Plan Rows": 1,
              "Plan Width": 105,
              "Inner Unique": true,
              "Plans": [
                {
                  "Node Type": "Bitmap Heap Scan",
                  "Parent Relationship": "Outer",
                  "Parallel Aware": false,
                  "Async Capable": false,
                  "Relation Name": "stocks_daily_info",
                  "Alias": "sdi",
                  "Startup Cost": 2.36,
                  "Total Cost": 20.4,
                  "Plan Rows": 1,
                  "Plan Width": 68,
                  "Recheck Cond": "(event_date = '2023-09-28'::date)",
                  "Filter": "((market_cap >= '373700000000'::numeric) AND (market = 'KOSDAQ'::text))",
                  "Plans": [
                    {
                      "Node Type": "Bitmap Index Scan",
                      "Parent Relationship": "Outer",
                      "Parallel Aware": false,
                      "Async Capable": false,
                      "Index Name": "idx_sdi_event_date",
                      "Startup Cost": 0.0,
                      "Total Cost": 2.36,
                      "Plan Rows": 10,
                      "Plan Width": 0,
                      "Index Cond": "(event_date = '2023-09-28'::date)"
                    }
                  ]
                },
                {
                  "Node Type": "Index Scan",
                  "Parent Relationship": "Inner",
                  "Parallel Aware": false,
                  "Async Capable": false,
                  "Scan Direction": "Forward",
                  "Index Name": "fundamentals_daily_pkey",
                  "Relation Name": "fundamentals_daily",
                  "Alias": "fd",
                  "Startup Cost": 0.29,
                  "Total Cost": 4.3,
                  "Plan Rows": 1,
                  "Plan Width": 55,
                  "Index Cond": "((event_date = '2023-09-28'::date) AND (ticker = sdi.ticker))"
                }
              ]
            }
          ]
        }
      ]
    }
  },
  "db_statistics": {
    "table_stats": {
      "stocks_daily_info": {
        "row_count": 12700,
        "size_mb": 1.71
      },
      "fundamentals_daily": {
        "row_count": 12080,
        "size_mb": 2.33
      },
      "financials_quarterly": {
        "row_count": 8634,
        "size_mb": 0.8
      }
    },
    "existing_indexes": [
      "backtest_results_pkey",
      "community_posts_pkey",
      "financials_quarterly_pkey",
      "fundamentals_daily_pkey",
      "idx_finq_period_end",
      "idx_finq_ticker",
      "idx_fund_event_date",
      "idx_fund_ticker",
      "idx_sdi_event_date",
      "idx_sdi_ticker",
      "ix_backtest_results_strategy_id",
      "ix_community_posts_author_id",
      "ix_community_posts_strategy_id",
      "ix_ml_models_owner_id",
      "ix_strategies_owner_id",
      "ix_users_email",
      "ml_models_pkey",
      "stocks_daily_info_pkey",
      "strategies_pkey",
      "users_pkey"
    ]
  }
}
---
{
  "workload_id": 4073,
  "metadata": {
    "strategy_template": "Value Investing Style",
    "ml_model_used": null
  },
  "sql_query": "SELECT ( SELECT COALESCE(SUM(value), 0) FROM ( SELECT value FROM financials_quarterly fq WHERE fq.ticker = sdi.ticker AND fq.item_name = 'NetIncome' AND fq.statement_type IN ('IS_Q','CF_Q') AND fq.period_end <= DATE '2023-05-21' ORDER BY fq.period_end DESC LIMIT 4 ) as recent_quarters ) AS ttm_netincome , fd.bps, fd.dividend_yield, fd.eps, fd.pbr, fd.per, sdi.close_price, sdi.company_name, sdi.ma_20d, sdi.market_cap, sdi.momentum_12m, sdi.momentum_3m, sdi.rsi_14, sdi.ticker, sdi.volatility_20d FROM stocks_daily_info sdi LEFT JOIN fundamentals_daily fd ON fd.ticker = sdi.ticker AND fd.event_date = sdi.event_date WHERE sdi.market = 'KOSPI' AND sdi.market_cap >= 196000000000 AND sdi.event_date = DATE '2023-05-21' ORDER BY fd.pbr desc, fd.per asc, fd.dividend_yield desc, fd.eps desc LIMIT 36;",
  "baseline_execution_plan": {
    "Plan": {
      "Node Type": "Limit",
      "Parallel Aware": false,
      "Async Capable": false,
      "Startup Cost": 24.72,
      "Total Cost": 29.02,
      "Plan Rows": 1,
      "Plan Width": 137,
      "Plans": [
        {
          "Node Type": "Result",
          "Parent Relationship": "Outer",
          "Parallel Aware": false,
          "Async Capable": false,
          "Startup Cost": 24.72,
          "Total Cost": 29.02,
          "Plan Rows": 1,
          "Plan Width": 137,
          "Plans": [
            {
              "Node Type": "Sort",
              "Parent Relationship": "Outer",
              "Parallel Aware": false,
              "Async Capable": false,
              "Startup Cost": 24.72,
              "Total Cost": 24.73,
              "Plan Rows": 1,
              "Plan Width": 105,
              "Sort Key": [
                "fd.pbr DESC",
                "fd.per",
                "fd.dividend_yield DESC",
                "fd.eps DESC"
              ],
              "Plans": [
                {
                  "Node Type": "Nested Loop",
                  "Parent Relationship": "Outer",
                  "Parallel Aware": false,
                  "Async Capable": false,
                  "Join Type": "Left",
                  "Startup Cost": 2.65,
                  "Total Cost": 24.71,
                  "Plan Rows": 1,
                  "Plan Width": 105,
                  "Inner Unique": true,
                  "Plans": [
                    {
                      "Node Type": "Bitmap Heap Scan",
                      "Parent Relationship": "Outer",
                      "Parallel Aware": false,
                      "Async Capable": false,
                      "Relation Name": "stocks_daily_info",
                      "Alias": "sdi",
                      "Startup Cost": 2.36,
                      "Total Cost": 20.4,
                      "Plan Rows": 1,
                      "Plan Width": 68,
                      "Recheck Cond": "(event_date = '2023-05-21'::date)",
                      "Filter": "((market_cap >= '196000000000'::numeric) AND (market = 'KOSPI'::text))",
                      "Plans": [
                        {
                          "Node Type": "Bitmap Index Scan",
                          "Parent Relationship": "Outer",
                          "Parallel Aware": false,
                          "Async Capable": false,
                          "Index Name": "idx_sdi_event_date",
                          "Startup Cost": 0.0,
                          "Total Cost": 2.36,
                          "Plan Rows": 10,
                          "Plan Width": 0,
                          "Index Cond": "(event_date = '2023-05-21'::date)"
                        }
                      ]
                    },
                    {
                      "Node Type": "Index Scan",
                      "Parent Relationship": "Inner",
                      "Parallel Aware": false,
                      "Async Capable": false,
                      "Scan Direction": "Forward",
                      "Index Name": "fundamentals_daily_pkey",
                      "Relation Name": "fundamentals_daily",
                      "Alias": "fd",
                      "Startup Cost": 0.29,
                      "Total Cost": 4.3,
                      "Plan Rows": 1,
                      "Plan Width": 55,
                      "Index Cond": "((event_date = '2023-05-21'::date) AND (ticker = sdi.ticker))"
                    }
                  ]
                }
              ]
            },
            {
              "Node Type": "Aggregate",
              "Strategy": "Plain",
              "Partial Mode": "Simple",
              "Parent Relationship": "SubPlan",
              "Subplan Name": "SubPlan 1",
              "Parallel Aware": false,
              "Async Capable": false,
              "Startup Cost": 4.27,
              "Total Cost": 4.28,
              "Plan Rows": 1,
              "Plan Width": 32,
              "Plans": [
                {
                  "Node Type": "Limit",
                  "Parent Relationship": "Outer",
                  "Parallel Aware": false,
                  "Async Capable": false,
                  "Startup Cost": 0.29,
                  "Total Cost": 4.25,
                  "Plan Rows": 1,
                  "Plan Width": 12,
                  "Plans": [
                    {
                      "Node Type": "Index Scan",
                      "Parent Relationship": "Outer",
                      "Parallel Aware": false,
                      "Async Capable": false,
                      "Scan Direction": "Backward",
                      "Index Name": "idx_finq_period_end",
                      "Relation Name": "financials_quarterly",
                      "Alias": "fq",
                      "Startup Cost": 0.29,
                      "Total Cost": 4.25,
                      "Plan Rows": 1,
                      "Plan Width": 12,
                      "Index Cond": "(period_end <= '2023-05-21'::date)",
                      "Filter": "((statement_type = ANY ('{IS_Q,CF_Q}'::text[])) AND (ticker = sdi.ticker) AND (item_name = 'NetIncome'::text))"
                    }
                  ]
                }
              ]
            }
          ]
        }
      ]
    }
  },
  "db_statistics": {
    "table_stats": {
      "stocks_daily_info": {
        "row_count": 12700,
        "size_mb": 1.71
      },
      "fundamentals_daily": {
        "row_count": 12080,
        "size_mb": 2.33
      },
      "financials_quarterly": {
        "row_count": 8634,
        "size_mb": 0.8
      }
    },
    "existing_indexes": [
      "backtest_results_pkey",
      "community_posts_pkey",
      "financials_quarterly_pkey",
      "fundamentals_daily_pkey",
      "idx_finq_period_end",
      "idx_finq_ticker",
      "idx_fund_event_date",
      "idx_fund_ticker",
      "idx_sdi_event_date",
      "idx_sdi_ticker",
      "ix_backtest_results_strategy_id",
      "ix_community_posts_author_id",
      "ix_community_posts_strategy_id",
      "ix_ml_models_owner_id",
      "ix_strategies_owner_id",
      "ix_users_email",
      "ml_models_pkey",
      "stocks_daily_info_pkey",
      "strategies_pkey",
      "users_pkey"
    ]
  }
}
---
{
  "workload_id": 4074,
  "metadata": {
    "strategy_template": "Value Investing Style",
    "ml_model_used": null
  },
  "sql_query": "SELECT ( SELECT COALESCE(SUM(value), 0) FROM ( SELECT value FROM financials_quarterly fq WHERE fq.ticker = sdi.ticker AND fq.item_name = 'NetIncome' AND fq.statement_type IN ('IS_Q','CF_Q') AND fq.period_end <= DATE '2023-05-16' ORDER BY fq.period_end DESC LIMIT 4 ) as recent_quarters ) AS ttm_netincome , fd.bps, fd.dividend_yield, fd.eps, fd.pbr, fd.per, sdi.close_price, sdi.company_name, sdi.ma_20d, sdi.market_cap, sdi.momentum_12m, sdi.momentum_3m, sdi.rsi_14, sdi.ticker, sdi.volatility_20d FROM stocks_daily_info sdi LEFT JOIN fundamentals_daily fd ON fd.ticker = sdi.ticker AND fd.event_date = sdi.event_date WHERE sdi.market = 'KOSDAQ' AND sdi.market_cap >= 286400000000 AND sdi.event_date = DATE '2023-05-16' ORDER BY fd.pbr desc, fd.per asc, fd.eps asc LIMIT 49;",
  "baseline_execution_plan": {
    "Plan": {
      "Node Type": "Limit",
      "Parallel Aware": false,
      "Async Capable": false,
      "Startup Cost": 24.72,
      "Total Cost": 29.02,
      "Plan Rows": 1,
      "Plan Width": 137,
      "Plans": [
        {
          "Node Type": "Result",
          "Parent Relationship": "Outer",
          "Parallel Aware": false,
          "Async Capable": false,
          "Startup Cost": 24.72,
          "Total Cost": 29.02,
          "Plan Rows": 1,
          "Plan Width": 137,
          "Plans": [
            {
              "Node Type": "Sort",
              "Parent Relationship": "Outer",
              "Parallel Aware": false,
              "Async Capable": false,
              "Startup Cost": 24.72,
              "Total Cost": 24.73,
              "Plan Rows": 1,
              "Plan Width": 105,
              "Sort Key": [
                "fd.pbr DESC",
                "fd.per",
                "fd.eps"
              ],
              "Plans": [
                {
                  "Node Type": "Nested Loop",
                  "Parent Relationship": "Outer",
                  "Parallel Aware": false,
                  "Async Capable": false,
                  "Join Type": "Left",
                  "Startup Cost": 2.65,
                  "Total Cost": 24.71,
                  "Plan Rows": 1,
                  "Plan Width": 105,
                  "Inner Unique": true,
                  "Plans": [
                    {
                      "Node Type": "Bitmap Heap Scan",
                      "Parent Relationship": "Outer",
                      "Parallel Aware": false,
                      "Async Capable": false,
                      "Relation Name": "stocks_daily_info",
                      "Alias": "sdi",
                      "Startup Cost": 2.36,
                      "Total Cost": 20.4,
                      "Plan Rows": 1,
                      "Plan Width": 68,
                      "Recheck Cond": "(event_date = '2023-05-16'::date)",
                      "Filter": "((market_cap >= '286400000000'::numeric) AND (market = 'KOSDAQ'::text))",
                      "Plans": [
                        {
                          "Node Type": "Bitmap Index Scan",
                          "Parent Relationship": "Outer",
                          "Parallel Aware": false,
                          "Async Capable": false,
                          "Index Name": "idx_sdi_event_date",
                          "Startup Cost": 0.0,
                          "Total Cost": 2.36,
                          "Plan Rows": 10,
                          "Plan Width": 0,
                          "Index Cond": "(event_date = '2023-05-16'::date)"
                        }
                      ]
                    },
                    {
                      "Node Type": "Index Scan",
                      "Parent Relationship": "Inner",
                      "Parallel Aware": false,
                      "Async Capable": false,
                      "Scan Direction": "Forward",
                      "Index Name": "fundamentals_daily_pkey",
                      "Relation Name": "fundamentals_daily",
                      "Alias": "fd",
                      "Startup Cost": 0.29,
                      "Total Cost": 4.3,
                      "Plan Rows": 1,
                      "Plan Width": 55,
                      "Index Cond": "((event_date = '2023-05-16'::date) AND (ticker = sdi.ticker))"
                    }
                  ]
                }
              ]
            },
            {
              "Node Type": "Aggregate",
              "Strategy": "Plain",
              "Partial Mode": "Simple",
              "Parent Relationship": "SubPlan",
              "Subplan Name": "SubPlan 1",
              "Parallel Aware": false,
              "Async Capable": false,
              "Startup Cost": 4.27,
              "Total Cost": 4.28,
              "Plan Rows": 1,
              "Plan Width": 32,
              "Plans": [
                {
                  "Node Type": "Limit",
                  "Parent Relationship": "Outer",
                  "Parallel Aware": false,
                  "Async Capable": false,
                  "Startup Cost": 0.29,
                  "Total Cost": 4.25,
                  "Plan Rows": 1,
                  "Plan Width": 12,
                  "Plans": [
                    {
                      "Node Type": "Index Scan",
                      "Parent Relationship": "Outer",
                      "Parallel Aware": false,
                      "Async Capable": false,
                      "Scan Direction": "Backward",
                      "Index Name": "idx_finq_period_end",
                      "Relation Name": "financials_quarterly",
                      "Alias": "fq",
                      "Startup Cost": 0.29,
                      "Total Cost": 4.25,
                      "Plan Rows": 1,
                      "Plan Width": 12,
                      "Index Cond": "(period_end <= '2023-05-16'::date)",
                      "Filter": "((statement_type = ANY ('{IS_Q,CF_Q}'::text[])) AND (ticker = sdi.ticker) AND (item_name = 'NetIncome'::text))"
                    }
                  ]
                }
              ]
            }
          ]
        }
      ]
    }
  },
  "db_statistics": {
    "table_stats": {
      "stocks_daily_info": {
        "row_count": 12700,
        "size_mb": 1.71
      },
      "fundamentals_daily": {
        "row_count": 12080,
        "size_mb": 2.33
      },
      "financials_quarterly": {
        "row_count": 8634,
        "size_mb": 0.8
      }
    },
    "existing_indexes": [
      "backtest_results_pkey",
      "community_posts_pkey",
      "financials_quarterly_pkey",
      "fundamentals_daily_pkey",
      "idx_finq_period_end",
      "idx_finq_ticker",
      "idx_fund_event_date",
      "idx_fund_ticker",
      "idx_sdi_event_date",
      "idx_sdi_ticker",
      "ix_backtest_results_strategy_id",
      "ix_community_posts_author_id",
      "ix_community_posts_strategy_id",
      "ix_ml_models_owner_id",
      "ix_strategies_owner_id",
      "ix_users_email",
      "ml_models_pkey",
      "stocks_daily_info_pkey",
      "strategies_pkey",
      "users_pkey"
    ]
  }
}
---
{
  "workload_id": 4075,
  "metadata": {
    "strategy_template": "ML Hybrid Style",
    "ml_model_used": "Return Forecast Model"
  },
  "sql_query": "SELECT sdi.close_price, sdi.company_name, sdi.ma_20d, sdi.market_cap, sdi.momentum_12m, sdi.momentum_3m, sdi.rsi_14, sdi.ticker, sdi.volatility_20d FROM stocks_daily_info sdi WHERE sdi.market = 'KOSPI' AND sdi.market_cap >= 233000000000 AND sdi.event_date = DATE '2023-07-10' ORDER BY CASE sdi.ticker WHEN '000660.KS' THEN 1 WHEN '005930.KS' THEN 2 WHEN '068270.KQ' THEN 3 WHEN '207940.KS' THEN 4 WHEN '035420.KS' THEN 5 WHEN '005380.KS' THEN 6 WHEN '051910.KS' THEN 7 WHEN '012330.KS' THEN 8 WHEN '035720.KS' THEN 9 WHEN '105560.KS' THEN 10 ELSE 11 END LIMIT 36;",
  "baseline_execution_plan": {
    "Plan": {
      "Node Type": "Limit",
      "Parallel Aware": false,
      "Async Capable": false,
      "Startup Cost": 20.43,
      "Total Cost": 20.44,
      "Plan Rows": 1,
      "Plan Width": 68,
      "Plans": [
        {
          "Node Type": "Sort",
          "Parent Relationship": "Outer",
          "Parallel Aware": false,
          "Async Capable": false,
          "Startup Cost": 20.43,
          "Total Cost": 20.44,
          "Plan Rows": 1,
          "Plan Width": 68,
          "Sort Key": [
            "(CASE ticker WHEN '000660.KS'::text THEN 1 WHEN '005930.KS'::text THEN 2 WHEN '068270.KQ'::text THEN 3 WHEN '207940.KS'::text THEN 4 WHEN '035420.KS'::text THEN 5 WHEN '005380.KS'::text THEN 6 WHEN '051910.KS'::text THEN 7 WHEN '012330.KS'::text THEN 8 WHEN '035720.KS'::text THEN 9 WHEN '105560.KS'::text THEN 10 ELSE 11 END)"
          ],
          "Plans": [
            {
              "Node Type": "Bitmap Heap Scan",
              "Parent Relationship": "Outer",
              "Parallel Aware": false,
              "Async Capable": false,
              "Relation Name": "stocks_daily_info",
              "Alias": "sdi",
              "Startup Cost": 2.36,
              "Total Cost": 20.42,
              "Plan Rows": 1,
              "Plan Width": 68,
              "Recheck Cond": "(event_date = '2023-07-10'::date)",
              "Filter": "((market_cap >= '233000000000'::numeric) AND (market = 'KOSPI'::text))",
              "Plans": [
                {
                  "Node Type": "Bitmap Index Scan",
                  "Parent Relationship": "Outer",
                  "Parallel Aware": false,
                  "Async Capable": false,
                  "Index Name": "idx_sdi_event_date",
                  "Startup Cost": 0.0,
                  "Total Cost": 2.36,
                  "Plan Rows": 10,
                  "Plan Width": 0,
                  "Index Cond": "(event_date = '2023-07-10'::date)"
                }
              ]
            }
          ]
        }
      ]
    }
  },
  "db_statistics": {
    "table_stats": {
      "stocks_daily_info": {
        "row_count": 12700,
        "size_mb": 1.71
      },
      "fundamentals_daily": {
        "row_count": 12080,
        "size_mb": 2.33
      },
      "financials_quarterly": {
        "row_count": 8634,
        "size_mb": 0.8
      }
    },
    "existing_indexes": [
      "backtest_results_pkey",
      "community_posts_pkey",
      "financials_quarterly_pkey",
      "fundamentals_daily_pkey",
      "idx_finq_period_end",
      "idx_finq_ticker",
      "idx_fund_event_date",
      "idx_fund_ticker",
      "idx_sdi_event_date",
      "idx_sdi_ticker",
      "ix_backtest_results_strategy_id",
      "ix_community_posts_author_id",
      "ix_community_posts_strategy_id",
      "ix_ml_models_owner_id",
      "ix_strategies_owner_id",
      "ix_users_email",
      "ml_models_pkey",
      "stocks_daily_info_pkey",
      "strategies_pkey",
      "users_pkey"
    ]
  }
}
---
{
  "workload_id": 4076,
  "metadata": {
    "strategy_template": "Value Investing Style",
    "ml_model_used": null
  },
  "sql_query": "SELECT fd.bps, fd.dividend_yield, fd.eps, fd.pbr, fd.per, sdi.close_price, sdi.company_name, sdi.ma_20d, sdi.market_cap, sdi.momentum_12m, sdi.momentum_3m, sdi.rsi_14, sdi.ticker, sdi.volatility_20d FROM stocks_daily_info sdi LEFT JOIN fundamentals_daily fd ON fd.ticker = sdi.ticker AND fd.event_date = sdi.event_date WHERE sdi.market = 'KOSPI' AND sdi.market_cap >= 311500000000 AND sdi.event_date = DATE '2023-07-17' ORDER BY fd.pbr asc, fd.per asc LIMIT 14;",
  "baseline_execution_plan": {
    "Plan": {
      "Node Type": "Limit",
      "Parallel Aware": false,
      "Async Capable": false,
      "Startup Cost": 24.72,
      "Total Cost": 24.73,
      "Plan Rows": 1,
      "Plan Width": 105,
      "Plans": [
        {
          "Node Type": "Sort",
          "Parent Relationship": "Outer",
          "Parallel Aware": false,
          "Async Capable": false,
          "Startup Cost": 24.72,
          "Total Cost": 24.73,
          "Plan Rows": 1,
          "Plan Width": 105,
          "Sort Key": [
            "fd.pbr",
            "fd.per"
          ],
          "Plans": [
            {
              "Node Type": "Nested Loop",
              "Parent Relationship": "Outer",
              "Parallel Aware": false,
              "Async Capable": false,
              "Join Type": "Left",
              "Startup Cost": 2.65,
              "Total Cost": 24.71,
              "Plan Rows": 1,
              "Plan Width": 105,
              "Inner Unique": true,
              "Plans": [
                {
                  "Node Type": "Bitmap Heap Scan",
                  "Parent Relationship": "Outer",
                  "Parallel Aware": false,
                  "Async Capable": false,
                  "Relation Name": "stocks_daily_info",
                  "Alias": "sdi",
                  "Startup Cost": 2.36,
                  "Total Cost": 20.4,
                  "Plan Rows": 1,
                  "Plan Width": 68,
                  "Recheck Cond": "(event_date = '2023-07-17'::date)",
                  "Filter": "((market_cap >= '311500000000'::numeric) AND (market = 'KOSPI'::text))",
                  "Plans": [
                    {
                      "Node Type": "Bitmap Index Scan",
                      "Parent Relationship": "Outer",
                      "Parallel Aware": false,
                      "Async Capable": false,
                      "Index Name": "idx_sdi_event_date",
                      "Startup Cost": 0.0,
                      "Total Cost": 2.36,
                      "Plan Rows": 10,
                      "Plan Width": 0,
                      "Index Cond": "(event_date = '2023-07-17'::date)"
                    }
                  ]
                },
                {
                  "Node Type": "Index Scan",
                  "Parent Relationship": "Inner",
                  "Parallel Aware": false,
                  "Async Capable": false,
                  "Scan Direction": "Forward",
                  "Index Name": "fundamentals_daily_pkey",
                  "Relation Name": "fundamentals_daily",
                  "Alias": "fd",
                  "Startup Cost": 0.29,
                  "Total Cost": 4.3,
                  "Plan Rows": 1,
                  "Plan Width": 55,
                  "Index Cond": "((event_date = '2023-07-17'::date) AND (ticker = sdi.ticker))"
                }
              ]
            }
          ]
        }
      ]
    }
  },
  "db_statistics": {
    "table_stats": {
      "stocks_daily_info": {
        "row_count": 12700,
        "size_mb": 1.71
      },
      "fundamentals_daily": {
        "row_count": 12080,
        "size_mb": 2.33
      },
      "financials_quarterly": {
        "row_count": 8634,
        "size_mb": 0.8
      }
    },
    "existing_indexes": [
      "backtest_results_pkey",
      "community_posts_pkey",
      "financials_quarterly_pkey",
      "fundamentals_daily_pkey",
      "idx_finq_period_end",
      "idx_finq_ticker",
      "idx_fund_event_date",
      "idx_fund_ticker",
      "idx_sdi_event_date",
      "idx_sdi_ticker",
      "ix_backtest_results_strategy_id",
      "ix_community_posts_author_id",
      "ix_community_posts_strategy_id",
      "ix_ml_models_owner_id",
      "ix_strategies_owner_id",
      "ix_users_email",
      "ml_models_pkey",
      "stocks_daily_info_pkey",
      "strategies_pkey",
      "users_pkey"
    ]
  }
}
---
{
  "workload_id": 4077,
  "metadata": {
    "strategy_template": "Momentum Investing Style",
    "ml_model_used": null
  },
  "sql_query": "SELECT ( SELECT COALESCE(SUM(value), 0) FROM ( SELECT value FROM financials_quarterly fq WHERE fq.ticker = sdi.ticker AND fq.item_name = 'OperatingIncome' AND fq.statement_type IN ('IS_Q','CF_Q') AND fq.period_end <= DATE '2023-05-05' ORDER BY fq.period_end DESC LIMIT 4 ) as recent_quarters ) AS ttm_operatingincome , sdi.close_price, sdi.company_name, sdi.ma_20d, sdi.market_cap, sdi.momentum_12m, sdi.momentum_3m, sdi.rsi_14, sdi.ticker, sdi.volatility_20d FROM stocks_daily_info sdi WHERE sdi.market = 'KOSPI' AND sdi.market_cap >= 163200000000 AND sdi.event_date = DATE '2023-05-05' ORDER BY sdi.momentum_3m desc, sdi.momentum_12m asc, sdi.rsi_14 asc, sdi.volatility_20d asc LIMIT 49;",
  "baseline_execution_plan": {
    "Plan": {
      "Node Type": "Limit",
      "Parallel Aware": false,
      "Async Capable": false,
      "Startup Cost": 20.41,
      "Total Cost": 24.7,
      "Plan Rows": 1,
      "Plan Width": 96,
      "Plans": [
        {
          "Node Type": "Result",
          "Parent Relationship": "Outer",
          "Parallel Aware": false,
          "Async Capable": false,
          "Startup Cost": 20.41,
          "Total Cost": 24.7,
          "Plan Rows": 1,
          "Plan Width": 96,
          "Plans": [
            {
              "Node Type": "Sort",
              "Parent Relationship": "Outer",
              "Parallel Aware": false,
              "Async Capable": false,
              "Startup Cost": 20.41,
              "Total Cost": 20.41,
              "Plan Rows": 1,
              "Plan Width": 64,
              "Sort Key": [
                "sdi.momentum_3m DESC",
                "sdi.momentum_12m",
                "sdi.rsi_14",
                "sdi.volatility_20d"
              ],
              "Plans": [
                {
                  "Node Type": "Bitmap Heap Scan",
                  "Parent Relationship": "Outer",
                  "Parallel Aware": false,
                  "Async Capable": false,
                  "Relation Name": "stocks_daily_info",
                  "Alias": "sdi",
                  "Startup Cost": 2.36,
                  "Total Cost": 20.4,
                  "Plan Rows": 1,
                  "Plan Width": 64,
                  "Recheck Cond": "(event_date = '2023-05-05'::date)",
                  "Filter": "((market_cap >= '163200000000'::numeric) AND (market = 'KOSPI'::text))",
                  "Plans": [
                    {
                      "Node Type": "Bitmap Index Scan",
                      "Parent Relationship": "Outer",
                      "Parallel Aware": false,
                      "Async Capable": false,
                      "Index Name": "idx_sdi_event_date",
                      "Startup Cost": 0.0,
                      "Total Cost": 2.36,
                      "Plan Rows": 10,
                      "Plan Width": 0,
                      "Index Cond": "(event_date = '2023-05-05'::date)"
                    }
                  ]
                }
              ]
            },
            {
              "Node Type": "Aggregate",
              "Strategy": "Plain",
              "Partial Mode": "Simple",
              "Parent Relationship": "SubPlan",
              "Subplan Name": "SubPlan 1",
              "Parallel Aware": false,
              "Async Capable": false,
              "Startup Cost": 4.27,
              "Total Cost": 4.28,
              "Plan Rows": 1,
              "Plan Width": 32,
              "Plans": [
                {
                  "Node Type": "Limit",
                  "Parent Relationship": "Outer",
                  "Parallel Aware": false,
                  "Async Capable": false,
                  "Startup Cost": 0.29,
                  "Total Cost": 4.25,
                  "Plan Rows": 1,
                  "Plan Width": 12,
                  "Plans": [
                    {
                      "Node Type": "Index Scan",
                      "Parent Relationship": "Outer",
                      "Parallel Aware": false,
                      "Async Capable": false,
                      "Scan Direction": "Backward",
                      "Index Name": "idx_finq_period_end",
                      "Relation Name": "financials_quarterly",
                      "Alias": "fq",
                      "Startup Cost": 0.29,
                      "Total Cost": 4.25,
                      "Plan Rows": 1,
                      "Plan Width": 12,
                      "Index Cond": "(period_end <= '2023-05-05'::date)",
                      "Filter": "((statement_type = ANY ('{IS_Q,CF_Q}'::text[])) AND (ticker = sdi.ticker) AND (item_name = 'OperatingIncome'::text))"
                    }
                  ]
                }
              ]
            }
          ]
        }
      ]
    }
  },
  "db_statistics": {
    "table_stats": {
      "stocks_daily_info": {
        "row_count": 12700,
        "size_mb": 1.71
      },
      "fundamentals_daily": {
        "row_count": 12080,
        "size_mb": 2.33
      },
      "financials_quarterly": {
        "row_count": 8634,
        "size_mb": 0.8
      }
    },
    "existing_indexes": [
      "backtest_results_pkey",
      "community_posts_pkey",
      "financials_quarterly_pkey",
      "fundamentals_daily_pkey",
      "idx_finq_period_end",
      "idx_finq_ticker",
      "idx_fund_event_date",
      "idx_fund_ticker",
      "idx_sdi_event_date",
      "idx_sdi_ticker",
      "ix_backtest_results_strategy_id",
      "ix_community_posts_author_id",
      "ix_community_posts_strategy_id",
      "ix_ml_models_owner_id",
      "ix_strategies_owner_id",
      "ix_users_email",
      "ml_models_pkey",
      "stocks_daily_info_pkey",
      "strategies_pkey",
      "users_pkey"
    ]
  }
}
---
{
  "workload_id": 4078,
  "metadata": {
    "strategy_template": "Value Investing Style",
    "ml_model_used": null
  },
  "sql_query": "SELECT fd.bps, fd.dividend_yield, fd.eps, fd.pbr, fd.per, sdi.close_price, sdi.company_name, sdi.ma_20d, sdi.market_cap, sdi.momentum_12m, sdi.momentum_3m, sdi.rsi_14, sdi.ticker, sdi.volatility_20d FROM stocks_daily_info sdi LEFT JOIN fundamentals_daily fd ON fd.ticker = sdi.ticker AND fd.event_date = sdi.event_date WHERE sdi.market = 'KOSDAQ' AND sdi.market_cap >= 264500000000 AND sdi.event_date = DATE '2023-05-08' ORDER BY fd.pbr asc, fd.per asc, fd.dividend_yield desc LIMIT 47;",
  "baseline_execution_plan": {
    "Plan": {
      "Node Type": "Limit",
      "Parallel Aware": false,
      "Async Capable": false,
      "Startup Cost": 24.72,
      "Total Cost": 24.73,
      "Plan Rows": 1,
      "Plan Width": 105,
      "Plans": [
        {
          "Node Type": "Sort",
          "Parent Relationship": "Outer",
          "Parallel Aware": false,
          "Async Capable": false,
          "Startup Cost": 24.72,
          "Total Cost": 24.73,
          "Plan Rows": 1,
          "Plan Width": 105,
          "Sort Key": [
            "fd.pbr",
            "fd.per",
            "fd.dividend_yield DESC"
          ],
          "Plans": [
            {
              "Node Type": "Nested Loop",
              "Parent Relationship": "Outer",
              "Parallel Aware": false,
              "Async Capable": false,
              "Join Type": "Left",
              "Startup Cost": 2.65,
              "Total Cost": 24.71,
              "Plan Rows": 1,
              "Plan Width": 105,
              "Inner Unique": true,
              "Plans": [
                {
                  "Node Type": "Bitmap Heap Scan",
                  "Parent Relationship": "Outer",
                  "Parallel Aware": false,
                  "Async Capable": false,
                  "Relation Name": "stocks_daily_info",
                  "Alias": "sdi",
                  "Startup Cost": 2.36,
                  "Total Cost": 20.4,
                  "Plan Rows": 1,
                  "Plan Width": 68,
                  "Recheck Cond": "(event_date = '2023-05-08'::date)",
                  "Filter": "((market_cap >= '264500000000'::numeric) AND (market = 'KOSDAQ'::text))",
                  "Plans": [
                    {
                      "Node Type": "Bitmap Index Scan",
                      "Parent Relationship": "Outer",
                      "Parallel Aware": false,
                      "Async Capable": false,
                      "Index Name": "idx_sdi_event_date",
                      "Startup Cost": 0.0,
                      "Total Cost": 2.36,
                      "Plan Rows": 10,
                      "Plan Width": 0,
                      "Index Cond": "(event_date = '2023-05-08'::date)"
                    }
                  ]
                },
                {
                  "Node Type": "Index Scan",
                  "Parent Relationship": "Inner",
                  "Parallel Aware": false,
                  "Async Capable": false,
                  "Scan Direction": "Forward",
                  "Index Name": "fundamentals_daily_pkey",
                  "Relation Name": "fundamentals_daily",
                  "Alias": "fd",
                  "Startup Cost": 0.29,
                  "Total Cost": 4.3,
                  "Plan Rows": 1,
                  "Plan Width": 55,
                  "Index Cond": "((event_date = '2023-05-08'::date) AND (ticker = sdi.ticker))"
                }
              ]
            }
          ]
        }
      ]
    }
  },
  "db_statistics": {
    "table_stats": {
      "stocks_daily_info": {
        "row_count": 12700,
        "size_mb": 1.71
      },
      "fundamentals_daily": {
        "row_count": 12080,
        "size_mb": 2.33
      },
      "financials_quarterly": {
        "row_count": 8634,
        "size_mb": 0.8
      }
    },
    "existing_indexes": [
      "backtest_results_pkey",
      "community_posts_pkey",
      "financials_quarterly_pkey",
      "fundamentals_daily_pkey",
      "idx_finq_period_end",
      "idx_finq_ticker",
      "idx_fund_event_date",
      "idx_fund_ticker",
      "idx_sdi_event_date",
      "idx_sdi_ticker",
      "ix_backtest_results_strategy_id",
      "ix_community_posts_author_id",
      "ix_community_posts_strategy_id",
      "ix_ml_models_owner_id",
      "ix_strategies_owner_id",
      "ix_users_email",
      "ml_models_pkey",
      "stocks_daily_info_pkey",
      "strategies_pkey",
      "users_pkey"
    ]
  }
}
---
{
  "workload_id": 4079,
  "metadata": {
    "strategy_template": "Momentum Investing Style",
    "ml_model_used": null
  },
  "sql_query": "SELECT ( SELECT COALESCE(SUM(value), 0) FROM ( SELECT value FROM financials_quarterly fq WHERE fq.ticker = sdi.ticker AND fq.item_name = 'OperatingIncome' AND fq.statement_type IN ('IS_Q','CF_Q') AND fq.period_end <= DATE '2023-09-21' ORDER BY fq.period_end DESC LIMIT 4 ) as recent_quarters ) AS ttm_operatingincome , sdi.close_price, sdi.company_name, sdi.ma_20d, sdi.market_cap, sdi.momentum_12m, sdi.momentum_3m, sdi.rsi_14, sdi.ticker, sdi.volatility_20d FROM stocks_daily_info sdi WHERE sdi.market = 'KOSDAQ' AND sdi.market_cap >= 246900000000 AND sdi.event_date = DATE '2023-09-21' ORDER BY sdi.momentum_3m asc, sdi.momentum_12m desc, sdi.rsi_14 asc LIMIT 29;",
  "baseline_execution_plan": {
    "Plan": {
      "Node Type": "Limit",
      "Parallel Aware": false,
      "Async Capable": false,
      "Startup Cost": 20.41,
      "Total Cost": 24.7,
      "Plan Rows": 1,
      "Plan Width": 96,
      "Plans": [
        {
          "Node Type": "Result",
          "Parent Relationship": "Outer",
          "Parallel Aware": false,
          "Async Capable": false,
          "Startup Cost": 20.41,
          "Total Cost": 24.7,
          "Plan Rows": 1,
          "Plan Width": 96,
          "Plans": [
            {
              "Node Type": "Sort",
              "Parent Relationship": "Outer",
              "Parallel Aware": false,
              "Async Capable": false,
              "Startup Cost": 20.41,
              "Total Cost": 20.41,
              "Plan Rows": 1,
              "Plan Width": 64,
              "Sort Key": [
                "sdi.momentum_3m",
                "sdi.momentum_12m DESC",
                "sdi.rsi_14"
              ],
              "Plans": [
                {
                  "Node Type": "Bitmap Heap Scan",
                  "Parent Relationship": "Outer",
                  "Parallel Aware": false,
                  "Async Capable": false,
                  "Relation Name": "stocks_daily_info",
                  "Alias": "sdi",
                  "Startup Cost": 2.36,
                  "Total Cost": 20.4,
                  "Plan Rows": 1,
                  "Plan Width": 64,
                  "Recheck Cond": "(event_date = '2023-09-21'::date)",
                  "Filter": "((market_cap >= '246900000000'::numeric) AND (market = 'KOSDAQ'::text))",
                  "Plans": [
                    {
                      "Node Type": "Bitmap Index Scan",
                      "Parent Relationship": "Outer",
                      "Parallel Aware": false,
                      "Async Capable": false,
                      "Index Name": "idx_sdi_event_date",
                      "Startup Cost": 0.0,
                      "Total Cost": 2.36,
                      "Plan Rows": 10,
                      "Plan Width": 0,
                      "Index Cond": "(event_date = '2023-09-21'::date)"
                    }
                  ]
                }
              ]
            },
            {
              "Node Type": "Aggregate",
              "Strategy": "Plain",
              "Partial Mode": "Simple",
              "Parent Relationship": "SubPlan",
              "Subplan Name": "SubPlan 1",
              "Parallel Aware": false,
              "Async Capable": false,
              "Startup Cost": 4.27,
              "Total Cost": 4.28,
              "Plan Rows": 1,
              "Plan Width": 32,
              "Plans": [
                {
                  "Node Type": "Limit",
                  "Parent Relationship": "Outer",
                  "Parallel Aware": false,
                  "Async Capable": false,
                  "Startup Cost": 0.29,
                  "Total Cost": 4.25,
                  "Plan Rows": 1,
                  "Plan Width": 12,
                  "Plans": [
                    {
                      "Node Type": "Index Scan",
                      "Parent Relationship": "Outer",
                      "Parallel Aware": false,
                      "Async Capable": false,
                      "Scan Direction": "Backward",
                      "Index Name": "idx_finq_period_end",
                      "Relation Name": "financials_quarterly",
                      "Alias": "fq",
                      "Startup Cost": 0.29,
                      "Total Cost": 4.25,
                      "Plan Rows": 1,
                      "Plan Width": 12,
                      "Index Cond": "(period_end <= '2023-09-21'::date)",
                      "Filter": "((statement_type = ANY ('{IS_Q,CF_Q}'::text[])) AND (ticker = sdi.ticker) AND (item_name = 'OperatingIncome'::text))"
                    }
                  ]
                }
              ]
            }
          ]
        }
      ]
    }
  },
  "db_statistics": {
    "table_stats": {
      "stocks_daily_info": {
        "row_count": 12700,
        "size_mb": 1.71
      },
      "fundamentals_daily": {
        "row_count": 12080,
        "size_mb": 2.33
      },
      "financials_quarterly": {
        "row_count": 8634,
        "size_mb": 0.8
      }
    },
    "existing_indexes": [
      "backtest_results_pkey",
      "community_posts_pkey",
      "financials_quarterly_pkey",
      "fundamentals_daily_pkey",
      "idx_finq_period_end",
      "idx_finq_ticker",
      "idx_fund_event_date",
      "idx_fund_ticker",
      "idx_sdi_event_date",
      "idx_sdi_ticker",
      "ix_backtest_results_strategy_id",
      "ix_community_posts_author_id",
      "ix_community_posts_strategy_id",
      "ix_ml_models_owner_id",
      "ix_strategies_owner_id",
      "ix_users_email",
      "ml_models_pkey",
      "stocks_daily_info_pkey",
      "strategies_pkey",
      "users_pkey"
    ]
  }
}
---
{
  "workload_id": 4080,
  "metadata": {
    "strategy_template": "Value Investing Style",
    "ml_model_used": null
  },
  "sql_query": "SELECT ( SELECT COALESCE(SUM(value), 0) FROM ( SELECT value FROM financials_quarterly fq WHERE fq.ticker = sdi.ticker AND fq.item_name = 'OperatingIncome' AND fq.statement_type IN ('IS_Q','CF_Q') AND fq.period_end <= DATE '2023-08-20' ORDER BY fq.period_end DESC LIMIT 4 ) as recent_quarters ) AS ttm_operatingincome , fd.bps, fd.dividend_yield, fd.eps, fd.pbr, fd.per, sdi.close_price, sdi.company_name, sdi.ma_20d, sdi.market_cap, sdi.momentum_12m, sdi.momentum_3m, sdi.rsi_14, sdi.ticker, sdi.volatility_20d FROM stocks_daily_info sdi LEFT JOIN fundamentals_daily fd ON fd.ticker = sdi.ticker AND fd.event_date = sdi.event_date WHERE sdi.market = 'KOSDAQ' AND sdi.market_cap >= 406100000000 AND sdi.event_date = DATE '2023-08-20' ORDER BY fd.pbr desc, fd.per desc LIMIT 48;",
  "baseline_execution_plan": {
    "Plan": {
      "Node Type": "Limit",
      "Parallel Aware": false,
      "Async Capable": false,
      "Startup Cost": 24.72,
      "Total Cost": 29.02,
      "Plan Rows": 1,
      "Plan Width": 137,
      "Plans": [
        {
          "Node Type": "Result",
          "Parent Relationship": "Outer",
          "Parallel Aware": false,
          "Async Capable": false,
          "Startup Cost": 24.72,
          "Total Cost": 29.02,
          "Plan Rows": 1,
          "Plan Width": 137,
          "Plans": [
            {
              "Node Type": "Sort",
              "Parent Relationship": "Outer",
              "Parallel Aware": false,
              "Async Capable": false,
              "Startup Cost": 24.72,
              "Total Cost": 24.73,
              "Plan Rows": 1,
              "Plan Width": 105,
              "Sort Key": [
                "fd.pbr DESC",
                "fd.per DESC"
              ],
              "Plans": [
                {
                  "Node Type": "Nested Loop",
                  "Parent Relationship": "Outer",
                  "Parallel Aware": false,
                  "Async Capable": false,
                  "Join Type": "Left",
                  "Startup Cost": 2.65,
                  "Total Cost": 24.71,
                  "Plan Rows": 1,
                  "Plan Width": 105,
                  "Inner Unique": true,
                  "Plans": [
                    {
                      "Node Type": "Bitmap Heap Scan",
                      "Parent Relationship": "Outer",
                      "Parallel Aware": false,
                      "Async Capable": false,
                      "Relation Name": "stocks_daily_info",
                      "Alias": "sdi",
                      "Startup Cost": 2.36,
                      "Total Cost": 20.4,
                      "Plan Rows": 1,
                      "Plan Width": 68,
                      "Recheck Cond": "(event_date = '2023-08-20'::date)",
                      "Filter": "((market_cap >= '406100000000'::numeric) AND (market = 'KOSDAQ'::text))",
                      "Plans": [
                        {
                          "Node Type": "Bitmap Index Scan",
                          "Parent Relationship": "Outer",
                          "Parallel Aware": false,
                          "Async Capable": false,
                          "Index Name": "idx_sdi_event_date",
                          "Startup Cost": 0.0,
                          "Total Cost": 2.36,
                          "Plan Rows": 10,
                          "Plan Width": 0,
                          "Index Cond": "(event_date = '2023-08-20'::date)"
                        }
                      ]
                    },
                    {
                      "Node Type": "Index Scan",
                      "Parent Relationship": "Inner",
                      "Parallel Aware": false,
                      "Async Capable": false,
                      "Scan Direction": "Forward",
                      "Index Name": "fundamentals_daily_pkey",
                      "Relation Name": "fundamentals_daily",
                      "Alias": "fd",
                      "Startup Cost": 0.29,
                      "Total Cost": 4.3,
                      "Plan Rows": 1,
                      "Plan Width": 55,
                      "Index Cond": "((event_date = '2023-08-20'::date) AND (ticker = sdi.ticker))"
                    }
                  ]
                }
              ]
            },
            {
              "Node Type": "Aggregate",
              "Strategy": "Plain",
              "Partial Mode": "Simple",
              "Parent Relationship": "SubPlan",
              "Subplan Name": "SubPlan 1",
              "Parallel Aware": false,
              "Async Capable": false,
              "Startup Cost": 4.27,
              "Total Cost": 4.28,
              "Plan Rows": 1,
              "Plan Width": 32,
              "Plans": [
                {
                  "Node Type": "Limit",
                  "Parent Relationship": "Outer",
                  "Parallel Aware": false,
                  "Async Capable": false,
                  "Startup Cost": 0.29,
                  "Total Cost": 4.25,
                  "Plan Rows": 1,
                  "Plan Width": 12,
                  "Plans": [
                    {
                      "Node Type": "Index Scan",
                      "Parent Relationship": "Outer",
                      "Parallel Aware": false,
                      "Async Capable": false,
                      "Scan Direction": "Backward",
                      "Index Name": "idx_finq_period_end",
                      "Relation Name": "financials_quarterly",
                      "Alias": "fq",
                      "Startup Cost": 0.29,
                      "Total Cost": 4.25,
                      "Plan Rows": 1,
                      "Plan Width": 12,
                      "Index Cond": "(period_end <= '2023-08-20'::date)",
                      "Filter": "((statement_type = ANY ('{IS_Q,CF_Q}'::text[])) AND (ticker = sdi.ticker) AND (item_name = 'OperatingIncome'::text))"
                    }
                  ]
                }
              ]
            }
          ]
        }
      ]
    }
  },
  "db_statistics": {
    "table_stats": {
      "stocks_daily_info": {
        "row_count": 12700,
        "size_mb": 1.71
      },
      "fundamentals_daily": {
        "row_count": 12080,
        "size_mb": 2.33
      },
      "financials_quarterly": {
        "row_count": 8634,
        "size_mb": 0.8
      }
    },
    "existing_indexes": [
      "backtest_results_pkey",
      "community_posts_pkey",
      "financials_quarterly_pkey",
      "fundamentals_daily_pkey",
      "idx_finq_period_end",
      "idx_finq_ticker",
      "idx_fund_event_date",
      "idx_fund_ticker",
      "idx_sdi_event_date",
      "idx_sdi_ticker",
      "ix_backtest_results_strategy_id",
      "ix_community_posts_author_id",
      "ix_community_posts_strategy_id",
      "ix_ml_models_owner_id",
      "ix_strategies_owner_id",
      "ix_users_email",
      "ml_models_pkey",
      "stocks_daily_info_pkey",
      "strategies_pkey",
      "users_pkey"
    ]
  }
}
---
{
  "workload_id": 4081,
  "metadata": {
    "strategy_template": "Value Investing Style",
    "ml_model_used": null
  },
  "sql_query": "SELECT fd.bps, fd.dividend_yield, fd.eps, fd.pbr, fd.per, sdi.close_price, sdi.company_name, sdi.ma_20d, sdi.market_cap, sdi.momentum_12m, sdi.momentum_3m, sdi.rsi_14, sdi.ticker, sdi.volatility_20d FROM stocks_daily_info sdi LEFT JOIN fundamentals_daily fd ON fd.ticker = sdi.ticker AND fd.event_date = sdi.event_date WHERE sdi.market = 'KOSDAQ' AND sdi.market_cap >= 257200000000 AND sdi.event_date = DATE '2023-07-01' ORDER BY fd.pbr asc, fd.per asc LIMIT 28;",
  "baseline_execution_plan": {
    "Plan": {
      "Node Type": "Limit",
      "Parallel Aware": false,
      "Async Capable": false,
      "Startup Cost": 24.72,
      "Total Cost": 24.73,
      "Plan Rows": 1,
      "Plan Width": 105,
      "Plans": [
        {
          "Node Type": "Sort",
          "Parent Relationship": "Outer",
          "Parallel Aware": false,
          "Async Capable": false,
          "Startup Cost": 24.72,
          "Total Cost": 24.73,
          "Plan Rows": 1,
          "Plan Width": 105,
          "Sort Key": [
            "fd.pbr",
            "fd.per"
          ],
          "Plans": [
            {
              "Node Type": "Nested Loop",
              "Parent Relationship": "Outer",
              "Parallel Aware": false,
              "Async Capable": false,
              "Join Type": "Left",
              "Startup Cost": 2.65,
              "Total Cost": 24.71,
              "Plan Rows": 1,
              "Plan Width": 105,
              "Inner Unique": true,
              "Plans": [
                {
                  "Node Type": "Bitmap Heap Scan",
                  "Parent Relationship": "Outer",
                  "Parallel Aware": false,
                  "Async Capable": false,
                  "Relation Name": "stocks_daily_info",
                  "Alias": "sdi",
                  "Startup Cost": 2.36,
                  "Total Cost": 20.4,
                  "Plan Rows": 1,
                  "Plan Width": 68,
                  "Recheck Cond": "(event_date = '2023-07-01'::date)",
                  "Filter": "((market_cap >= '257200000000'::numeric) AND (market = 'KOSDAQ'::text))",
                  "Plans": [
                    {
                      "Node Type": "Bitmap Index Scan",
                      "Parent Relationship": "Outer",
                      "Parallel Aware": false,
                      "Async Capable": false,
                      "Index Name": "idx_sdi_event_date",
                      "Startup Cost": 0.0,
                      "Total Cost": 2.36,
                      "Plan Rows": 10,
                      "Plan Width": 0,
                      "Index Cond": "(event_date = '2023-07-01'::date)"
                    }
                  ]
                },
                {
                  "Node Type": "Index Scan",
                  "Parent Relationship": "Inner",
                  "Parallel Aware": false,
                  "Async Capable": false,
                  "Scan Direction": "Forward",
                  "Index Name": "fundamentals_daily_pkey",
                  "Relation Name": "fundamentals_daily",
                  "Alias": "fd",
                  "Startup Cost": 0.29,
                  "Total Cost": 4.3,
                  "Plan Rows": 1,
                  "Plan Width": 55,
                  "Index Cond": "((event_date = '2023-07-01'::date) AND (ticker = sdi.ticker))"
                }
              ]
            }
          ]
        }
      ]
    }
  },
  "db_statistics": {
    "table_stats": {
      "stocks_daily_info": {
        "row_count": 12700,
        "size_mb": 1.71
      },
      "fundamentals_daily": {
        "row_count": 12080,
        "size_mb": 2.33
      },
      "financials_quarterly": {
        "row_count": 8634,
        "size_mb": 0.8
      }
    },
    "existing_indexes": [
      "backtest_results_pkey",
      "community_posts_pkey",
      "financials_quarterly_pkey",
      "fundamentals_daily_pkey",
      "idx_finq_period_end",
      "idx_finq_ticker",
      "idx_fund_event_date",
      "idx_fund_ticker",
      "idx_sdi_event_date",
      "idx_sdi_ticker",
      "ix_backtest_results_strategy_id",
      "ix_community_posts_author_id",
      "ix_community_posts_strategy_id",
      "ix_ml_models_owner_id",
      "ix_strategies_owner_id",
      "ix_users_email",
      "ml_models_pkey",
      "stocks_daily_info_pkey",
      "strategies_pkey",
      "users_pkey"
    ]
  }
}
---
{
  "workload_id": 4082,
  "metadata": {
    "strategy_template": "Momentum Investing Style",
    "ml_model_used": null
  },
  "sql_query": "SELECT ( SELECT COALESCE(SUM(value), 0) FROM ( SELECT value FROM financials_quarterly fq WHERE fq.ticker = sdi.ticker AND fq.item_name = 'NetIncome' AND fq.statement_type IN ('IS_Q','CF_Q') AND fq.period_end <= DATE '2023-09-19' ORDER BY fq.period_end DESC LIMIT 4 ) as recent_quarters ) AS ttm_netincome , sdi.close_price, sdi.company_name, sdi.ma_20d, sdi.market_cap, sdi.momentum_12m, sdi.momentum_3m, sdi.rsi_14, sdi.ticker, sdi.volatility_20d FROM stocks_daily_info sdi WHERE sdi.market = 'KOSDAQ' AND sdi.market_cap >= 354900000000 AND sdi.event_date = DATE '2023-09-19' ORDER BY sdi.momentum_3m asc, sdi.momentum_12m asc, sdi.rsi_14 desc, sdi.volatility_20d desc LIMIT 44;",
  "baseline_execution_plan": {
    "Plan": {
      "Node Type": "Limit",
      "Parallel Aware": false,
      "Async Capable": false,
      "Startup Cost": 20.41,
      "Total Cost": 24.7,
      "Plan Rows": 1,
      "Plan Width": 96,
      "Plans": [
        {
          "Node Type": "Result",
          "Parent Relationship": "Outer",
          "Parallel Aware": false,
          "Async Capable": false,
          "Startup Cost": 20.41,
          "Total Cost": 24.7,
          "Plan Rows": 1,
          "Plan Width": 96,
          "Plans": [
            {
              "Node Type": "Sort",
              "Parent Relationship": "Outer",
              "Parallel Aware": false,
              "Async Capable": false,
              "Startup Cost": 20.41,
              "Total Cost": 20.41,
              "Plan Rows": 1,
              "Plan Width": 64,
              "Sort Key": [
                "sdi.momentum_3m",
                "sdi.momentum_12m",
                "sdi.rsi_14 DESC",
                "sdi.volatility_20d DESC"
              ],
              "Plans": [
                {
                  "Node Type": "Bitmap Heap Scan",
                  "Parent Relationship": "Outer",
                  "Parallel Aware": false,
                  "Async Capable": false,
                  "Relation Name": "stocks_daily_info",
                  "Alias": "sdi",
                  "Startup Cost": 2.36,
                  "Total Cost": 20.4,
                  "Plan Rows": 1,
                  "Plan Width": 64,
                  "Recheck Cond": "(event_date = '2023-09-19'::date)",
                  "Filter": "((market_cap >= '354900000000'::numeric) AND (market = 'KOSDAQ'::text))",
                  "Plans": [
                    {
                      "Node Type": "Bitmap Index Scan",
                      "Parent Relationship": "Outer",
                      "Parallel Aware": false,
                      "Async Capable": false,
                      "Index Name": "idx_sdi_event_date",
                      "Startup Cost": 0.0,
                      "Total Cost": 2.36,
                      "Plan Rows": 10,
                      "Plan Width": 0,
                      "Index Cond": "(event_date = '2023-09-19'::date)"
                    }
                  ]
                }
              ]
            },
            {
              "Node Type": "Aggregate",
              "Strategy": "Plain",
              "Partial Mode": "Simple",
              "Parent Relationship": "SubPlan",
              "Subplan Name": "SubPlan 1",
              "Parallel Aware": false,
              "Async Capable": false,
              "Startup Cost": 4.27,
              "Total Cost": 4.28,
              "Plan Rows": 1,
              "Plan Width": 32,
              "Plans": [
                {
                  "Node Type": "Limit",
                  "Parent Relationship": "Outer",
                  "Parallel Aware": false,
                  "Async Capable": false,
                  "Startup Cost": 0.29,
                  "Total Cost": 4.25,
                  "Plan Rows": 1,
                  "Plan Width": 12,
                  "Plans": [
                    {
                      "Node Type": "Index Scan",
                      "Parent Relationship": "Outer",
                      "Parallel Aware": false,
                      "Async Capable": false,
                      "Scan Direction": "Backward",
                      "Index Name": "idx_finq_period_end",
                      "Relation Name": "financials_quarterly",
                      "Alias": "fq",
                      "Startup Cost": 0.29,
                      "Total Cost": 4.25,
                      "Plan Rows": 1,
                      "Plan Width": 12,
                      "Index Cond": "(period_end <= '2023-09-19'::date)",
                      "Filter": "((statement_type = ANY ('{IS_Q,CF_Q}'::text[])) AND (ticker = sdi.ticker) AND (item_name = 'NetIncome'::text))"
                    }
                  ]
                }
              ]
            }
          ]
        }
      ]
    }
  },
  "db_statistics": {
    "table_stats": {
      "stocks_daily_info": {
        "row_count": 12700,
        "size_mb": 1.71
      },
      "fundamentals_daily": {
        "row_count": 12080,
        "size_mb": 2.33
      },
      "financials_quarterly": {
        "row_count": 8634,
        "size_mb": 0.8
      }
    },
    "existing_indexes": [
      "backtest_results_pkey",
      "community_posts_pkey",
      "financials_quarterly_pkey",
      "fundamentals_daily_pkey",
      "idx_finq_period_end",
      "idx_finq_ticker",
      "idx_fund_event_date",
      "idx_fund_ticker",
      "idx_sdi_event_date",
      "idx_sdi_ticker",
      "ix_backtest_results_strategy_id",
      "ix_community_posts_author_id",
      "ix_community_posts_strategy_id",
      "ix_ml_models_owner_id",
      "ix_strategies_owner_id",
      "ix_users_email",
      "ml_models_pkey",
      "stocks_daily_info_pkey",
      "strategies_pkey",
      "users_pkey"
    ]
  }
}
---
{
  "workload_id": 4083,
  "metadata": {
    "strategy_template": "ML Hybrid Style",
    "ml_model_used": "Return Forecast Model"
  },
  "sql_query": "SELECT ( SELECT COALESCE(SUM(value), 0) FROM ( SELECT value FROM financials_quarterly fq WHERE fq.ticker = sdi.ticker AND fq.item_name = 'NetIncome' AND fq.statement_type IN ('IS_Q','CF_Q') AND fq.period_end <= DATE '2023-10-16' ORDER BY fq.period_end DESC LIMIT 4 ) as recent_quarters ) AS ttm_netincome , sdi.close_price, sdi.company_name, sdi.ma_20d, sdi.market_cap, sdi.momentum_12m, sdi.momentum_3m, sdi.rsi_14, sdi.ticker, sdi.volatility_20d FROM stocks_daily_info sdi WHERE sdi.market = 'KOSDAQ' AND sdi.market_cap >= 115000000000 AND sdi.event_date = DATE '2023-10-16' ORDER BY CASE sdi.ticker WHEN '000660.KS' THEN 1 WHEN '005930.KS' THEN 2 WHEN '068270.KQ' THEN 3 WHEN '207940.KS' THEN 4 WHEN '035420.KS' THEN 5 WHEN '005380.KS' THEN 6 WHEN '051910.KS' THEN 7 WHEN '012330.KS' THEN 8 WHEN '035720.KS' THEN 9 WHEN '105560.KS' THEN 10 ELSE 11 END LIMIT 34;",
  "baseline_execution_plan": {
    "Plan": {
      "Node Type": "Limit",
      "Parallel Aware": false,
      "Async Capable": false,
      "Startup Cost": 20.43,
      "Total Cost": 24.75,
      "Plan Rows": 1,
      "Plan Width": 100,
      "Plans": [
        {
          "Node Type": "Result",
          "Parent Relationship": "Outer",
          "Parallel Aware": false,
          "Async Capable": false,
          "Startup Cost": 20.43,
          "Total Cost": 24.75,
          "Plan Rows": 1,
          "Plan Width": 100,
          "Plans": [
            {
              "Node Type": "Sort",
              "Parent Relationship": "Outer",
              "Parallel Aware": false,
              "Async Capable": false,
              "Startup Cost": 20.43,
              "Total Cost": 20.44,
              "Plan Rows": 1,
              "Plan Width": 68,
              "Sort Key": [
                "(CASE sdi.ticker WHEN '000660.KS'::text THEN 1 WHEN '005930.KS'::text THEN 2 WHEN '068270.KQ'::text THEN 3 WHEN '207940.KS'::text THEN 4 WHEN '035420.KS'::text THEN 5 WHEN '005380.KS'::text THEN 6 WHEN '051910.KS'::text THEN 7 WHEN '012330.KS'::text THEN 8 WHEN '035720.KS'::text THEN 9 WHEN '105560.KS'::text THEN 10 ELSE 11 END)"
              ],
              "Plans": [
                {
                  "Node Type": "Bitmap Heap Scan",
                  "Parent Relationship": "Outer",
                  "Parallel Aware": false,
                  "Async Capable": false,
                  "Relation Name": "stocks_daily_info",
                  "Alias": "sdi",
                  "Startup Cost": 2.36,
                  "Total Cost": 20.42,
                  "Plan Rows": 1,
                  "Plan Width": 68,
                  "Recheck Cond": "(event_date = '2023-10-16'::date)",
                  "Filter": "((market_cap >= '115000000000'::numeric) AND (market = 'KOSDAQ'::text))",
                  "Plans": [
                    {
                      "Node Type": "Bitmap Index Scan",
                      "Parent Relationship": "Outer",
                      "Parallel Aware": false,
                      "Async Capable": false,
                      "Index Name": "idx_sdi_event_date",
                      "Startup Cost": 0.0,
                      "Total Cost": 2.36,
                      "Plan Rows": 10,
                      "Plan Width": 0,
                      "Index Cond": "(event_date = '2023-10-16'::date)"
                    }
                  ]
                }
              ]
            },
            {
              "Node Type": "Aggregate",
              "Strategy": "Plain",
              "Partial Mode": "Simple",
              "Parent Relationship": "SubPlan",
              "Subplan Name": "SubPlan 1",
              "Parallel Aware": false,
              "Async Capable": false,
              "Startup Cost": 4.27,
              "Total Cost": 4.28,
              "Plan Rows": 1,
              "Plan Width": 32,
              "Plans": [
                {
                  "Node Type": "Limit",
                  "Parent Relationship": "Outer",
                  "Parallel Aware": false,
                  "Async Capable": false,
                  "Startup Cost": 0.29,
                  "Total Cost": 4.25,
                  "Plan Rows": 1,
                  "Plan Width": 12,
                  "Plans": [
                    {
                      "Node Type": "Index Scan",
                      "Parent Relationship": "Outer",
                      "Parallel Aware": false,
                      "Async Capable": false,
                      "Scan Direction": "Backward",
                      "Index Name": "idx_finq_period_end",
                      "Relation Name": "financials_quarterly",
                      "Alias": "fq",
                      "Startup Cost": 0.29,
                      "Total Cost": 4.25,
                      "Plan Rows": 1,
                      "Plan Width": 12,
                      "Index Cond": "(period_end <= '2023-10-16'::date)",
                      "Filter": "((statement_type = ANY ('{IS_Q,CF_Q}'::text[])) AND (ticker = sdi.ticker) AND (item_name = 'NetIncome'::text))"
                    }
                  ]
                }
              ]
            }
          ]
        }
      ]
    }
  },
  "db_statistics": {
    "table_stats": {
      "stocks_daily_info": {
        "row_count": 12700,
        "size_mb": 1.71
      },
      "fundamentals_daily": {
        "row_count": 12080,
        "size_mb": 2.33
      },
      "financials_quarterly": {
        "row_count": 8634,
        "size_mb": 0.8
      }
    },
    "existing_indexes": [
      "backtest_results_pkey",
      "community_posts_pkey",
      "financials_quarterly_pkey",
      "fundamentals_daily_pkey",
      "idx_finq_period_end",
      "idx_finq_ticker",
      "idx_fund_event_date",
      "idx_fund_ticker",
      "idx_sdi_event_date",
      "idx_sdi_ticker",
      "ix_backtest_results_strategy_id",
      "ix_community_posts_author_id",
      "ix_community_posts_strategy_id",
      "ix_ml_models_owner_id",
      "ix_strategies_owner_id",
      "ix_users_email",
      "ml_models_pkey",
      "stocks_daily_info_pkey",
      "strategies_pkey",
      "users_pkey"
    ]
  }
}
---
{
  "workload_id": 4084,
  "metadata": {
    "strategy_template": "Momentum Investing Style",
    "ml_model_used": null
  },
  "sql_query": "SELECT sdi.close_price, sdi.company_name, sdi.ma_20d, sdi.market_cap, sdi.momentum_12m, sdi.momentum_3m, sdi.rsi_14, sdi.ticker, sdi.volatility_20d FROM stocks_daily_info sdi WHERE sdi.market = 'KOSPI' AND sdi.market_cap >= 90600000000 AND sdi.event_date = DATE '2023-09-06' ORDER BY sdi.momentum_3m asc, sdi.momentum_12m desc, sdi.volatility_20d asc LIMIT 28;",
  "baseline_execution_plan": {
    "Plan": {
      "Node Type": "Limit",
      "Parallel Aware": false,
      "Async Capable": false,
      "Startup Cost": 20.41,
      "Total Cost": 20.41,
      "Plan Rows": 1,
      "Plan Width": 64,
      "Plans": [
        {
          "Node Type": "Sort",
          "Parent Relationship": "Outer",
          "Parallel Aware": false,
          "Async Capable": false,
          "Startup Cost": 20.41,
          "Total Cost": 20.41,
          "Plan Rows": 1,
          "Plan Width": 64,
          "Sort Key": [
            "momentum_3m",
            "momentum_12m DESC",
            "volatility_20d"
          ],
          "Plans": [
            {
              "Node Type": "Bitmap Heap Scan",
              "Parent Relationship": "Outer",
              "Parallel Aware": false,
              "Async Capable": false,
              "Relation Name": "stocks_daily_info",
              "Alias": "sdi",
              "Startup Cost": 2.36,
              "Total Cost": 20.4,
              "Plan Rows": 1,
              "Plan Width": 64,
              "Recheck Cond": "(event_date = '2023-09-06'::date)",
              "Filter": "((market_cap >= '90600000000'::numeric) AND (market = 'KOSPI'::text))",
              "Plans": [
                {
                  "Node Type": "Bitmap Index Scan",
                  "Parent Relationship": "Outer",
                  "Parallel Aware": false,
                  "Async Capable": false,
                  "Index Name": "idx_sdi_event_date",
                  "Startup Cost": 0.0,
                  "Total Cost": 2.36,
                  "Plan Rows": 10,
                  "Plan Width": 0,
                  "Index Cond": "(event_date = '2023-09-06'::date)"
                }
              ]
            }
          ]
        }
      ]
    }
  },
  "db_statistics": {
    "table_stats": {
      "stocks_daily_info": {
        "row_count": 12700,
        "size_mb": 1.71
      },
      "fundamentals_daily": {
        "row_count": 12080,
        "size_mb": 2.33
      },
      "financials_quarterly": {
        "row_count": 8634,
        "size_mb": 0.8
      }
    },
    "existing_indexes": [
      "backtest_results_pkey",
      "community_posts_pkey",
      "financials_quarterly_pkey",
      "fundamentals_daily_pkey",
      "idx_finq_period_end",
      "idx_finq_ticker",
      "idx_fund_event_date",
      "idx_fund_ticker",
      "idx_sdi_event_date",
      "idx_sdi_ticker",
      "ix_backtest_results_strategy_id",
      "ix_community_posts_author_id",
      "ix_community_posts_strategy_id",
      "ix_ml_models_owner_id",
      "ix_strategies_owner_id",
      "ix_users_email",
      "ml_models_pkey",
      "stocks_daily_info_pkey",
      "strategies_pkey",
      "users_pkey"
    ]
  }
}
---
{
  "workload_id": 4085,
  "metadata": {
    "strategy_template": "ML Hybrid Style",
    "ml_model_used": "Return Forecast Model"
  },
  "sql_query": "SELECT ( SELECT COALESCE(SUM(value), 0) FROM ( SELECT value FROM financials_quarterly fq WHERE fq.ticker = sdi.ticker AND fq.item_name = 'OperatingCashFlow' AND fq.statement_type IN ('IS_Q','CF_Q') AND fq.period_end <= DATE '2023-07-19' ORDER BY fq.period_end DESC LIMIT 4 ) as recent_quarters ) AS ttm_operatingcashflow , fd.bps, fd.dividend_yield, fd.eps, fd.pbr, fd.per, sdi.close_price, sdi.company_name, sdi.ma_20d, sdi.market_cap, sdi.momentum_12m, sdi.momentum_3m, sdi.rsi_14, sdi.ticker, sdi.volatility_20d FROM stocks_daily_info sdi LEFT JOIN fundamentals_daily fd ON fd.ticker = sdi.ticker AND fd.event_date = sdi.event_date WHERE sdi.market = 'KOSPI' AND sdi.market_cap >= 318600000000 AND sdi.event_date = DATE '2023-07-19' ORDER BY CASE sdi.ticker WHEN '000660.KS' THEN 1 WHEN '005930.KS' THEN 2 WHEN '068270.KQ' THEN 3 WHEN '207940.KS' THEN 4 WHEN '035420.KS' THEN 5 WHEN '005380.KS' THEN 6 WHEN '051910.KS' THEN 7 WHEN '012330.KS' THEN 8 WHEN '035720.KS' THEN 9 WHEN '105560.KS' THEN 10 ELSE 11 END LIMIT 36;",
  "baseline_execution_plan": {
    "Plan": {
      "Node Type": "Limit",
      "Parallel Aware": false,
      "Async Capable": false,
      "Startup Cost": 24.75,
      "Total Cost": 29.07,
      "Plan Rows": 1,
      "Plan Width": 141,
      "Plans": [
        {
          "Node Type": "Result",
          "Parent Relationship": "Outer",
          "Parallel Aware": false,
          "Async Capable": false,
          "Startup Cost": 24.75,
          "Total Cost": 29.07,
          "Plan Rows": 1,
          "Plan Width": 141,
          "Plans": [
            {
              "Node Type": "Sort",
              "Parent Relationship": "Outer",
              "Parallel Aware": false,
              "Async Capable": false,
              "Startup Cost": 24.75,
              "Total Cost": 24.75,
              "Plan Rows": 1,
              "Plan Width": 109,
              "Sort Key": [
                "(CASE sdi.ticker WHEN '000660.KS'::text THEN 1 WHEN '005930.KS'::text THEN 2 WHEN '068270.KQ'::text THEN 3 WHEN '207940.KS'::text THEN 4 WHEN '035420.KS'::text THEN 5 WHEN '005380.KS'::text THEN 6 WHEN '051910.KS'::text THEN 7 WHEN '012330.KS'::text THEN 8 WHEN '035720.KS'::text THEN 9 WHEN '105560.KS'::text THEN 10 ELSE 11 END)"
              ],
              "Plans": [
                {
                  "Node Type": "Nested Loop",
                  "Parent Relationship": "Outer",
                  "Parallel Aware": false,
                  "Async Capable": false,
                  "Join Type": "Left",
                  "Startup Cost": 2.65,
                  "Total Cost": 24.74,
                  "Plan Rows": 1,
                  "Plan Width": 109,
                  "Inner Unique": true,
                  "Plans": [
                    {
                      "Node Type": "Bitmap Heap Scan",
                      "Parent Relationship": "Outer",
                      "Parallel Aware": false,
                      "Async Capable": false,
                      "Relation Name": "stocks_daily_info",
                      "Alias": "sdi",
                      "Startup Cost": 2.36,
                      "Total Cost": 20.4,
                      "Plan Rows": 1,
                      "Plan Width": 68,
                      "Recheck Cond": "(event_date = '2023-07-19'::date)",
                      "Filter": "((market_cap >= '318600000000'::numeric) AND (market = 'KOSPI'::text))",
                      "Plans": [
                        {
                          "Node Type": "Bitmap Index Scan",
                          "Parent Relationship": "Outer",
                          "Parallel Aware": false,
                          "Async Capable": false,
                          "Index Name": "idx_sdi_event_date",
                          "Startup Cost": 0.0,
                          "Total Cost": 2.36,
                          "Plan Rows": 10,
                          "Plan Width": 0,
                          "Index Cond": "(event_date = '2023-07-19'::date)"
                        }
                      ]
                    },
                    {
                      "Node Type": "Index Scan",
                      "Parent Relationship": "Inner",
                      "Parallel Aware": false,
                      "Async Capable": false,
                      "Scan Direction": "Forward",
                      "Index Name": "fundamentals_daily_pkey",
                      "Relation Name": "fundamentals_daily",
                      "Alias": "fd",
                      "Startup Cost": 0.29,
                      "Total Cost": 4.3,
                      "Plan Rows": 1,
                      "Plan Width": 55,
                      "Index Cond": "((event_date = '2023-07-19'::date) AND (ticker = sdi.ticker))"
                    }
                  ]
                }
              ]
            },
            {
              "Node Type": "Aggregate",
              "Strategy": "Plain",
              "Partial Mode": "Simple",
              "Parent Relationship": "SubPlan",
              "Subplan Name": "SubPlan 1",
              "Parallel Aware": false,
              "Async Capable": false,
              "Startup Cost": 4.27,
              "Total Cost": 4.28,
              "Plan Rows": 1,
              "Plan Width": 32,
              "Plans": [
                {
                  "Node Type": "Limit",
                  "Parent Relationship": "Outer",
                  "Parallel Aware": false,
                  "Async Capable": false,
                  "Startup Cost": 0.29,
                  "Total Cost": 4.25,
                  "Plan Rows": 1,
                  "Plan Width": 12,
                  "Plans": [
                    {
                      "Node Type": "Index Scan",
                      "Parent Relationship": "Outer",
                      "Parallel Aware": false,
                      "Async Capable": false,
                      "Scan Direction": "Backward",
                      "Index Name": "idx_finq_period_end",
                      "Relation Name": "financials_quarterly",
                      "Alias": "fq",
                      "Startup Cost": 0.29,
                      "Total Cost": 4.25,
                      "Plan Rows": 1,
                      "Plan Width": 12,
                      "Index Cond": "(period_end <= '2023-07-19'::date)",
                      "Filter": "((statement_type = ANY ('{IS_Q,CF_Q}'::text[])) AND (ticker = sdi.ticker) AND (item_name = 'OperatingCashFlow'::text))"
                    }
                  ]
                }
              ]
            }
          ]
        }
      ]
    }
  },
  "db_statistics": {
    "table_stats": {
      "stocks_daily_info": {
        "row_count": 12700,
        "size_mb": 1.71
      },
      "fundamentals_daily": {
        "row_count": 12080,
        "size_mb": 2.33
      },
      "financials_quarterly": {
        "row_count": 8634,
        "size_mb": 0.8
      }
    },
    "existing_indexes": [
      "backtest_results_pkey",
      "community_posts_pkey",
      "financials_quarterly_pkey",
      "fundamentals_daily_pkey",
      "idx_finq_period_end",
      "idx_finq_ticker",
      "idx_fund_event_date",
      "idx_fund_ticker",
      "idx_sdi_event_date",
      "idx_sdi_ticker",
      "ix_backtest_results_strategy_id",
      "ix_community_posts_author_id",
      "ix_community_posts_strategy_id",
      "ix_ml_models_owner_id",
      "ix_strategies_owner_id",
      "ix_users_email",
      "ml_models_pkey",
      "stocks_daily_info_pkey",
      "strategies_pkey",
      "users_pkey"
    ]
  }
}
---
{
  "workload_id": 4086,
  "metadata": {
    "strategy_template": "ML Hybrid Style",
    "ml_model_used": null
  },
  "sql_query": "SELECT fd.bps, fd.dividend_yield, fd.eps, fd.pbr, fd.per, sdi.close_price, sdi.company_name, sdi.ma_20d, sdi.market_cap, sdi.momentum_12m, sdi.momentum_3m, sdi.rsi_14, sdi.ticker, sdi.volatility_20d FROM stocks_daily_info sdi LEFT JOIN fundamentals_daily fd ON fd.ticker = sdi.ticker AND fd.event_date = sdi.event_date WHERE sdi.market = 'KOSPI' AND sdi.market_cap >= 130300000000 AND sdi.event_date = DATE '2023-09-23' ORDER BY sdi.volatility_20d desc, fd.pbr asc, sdi.rsi_14 asc LIMIT 31;",
  "baseline_execution_plan": {
    "Plan": {
      "Node Type": "Limit",
      "Parallel Aware": false,
      "Async Capable": false,
      "Startup Cost": 24.72,
      "Total Cost": 24.73,
      "Plan Rows": 1,
      "Plan Width": 105,
      "Plans": [
        {
          "Node Type": "Sort",
          "Parent Relationship": "Outer",
          "Parallel Aware": false,
          "Async Capable": false,
          "Startup Cost": 24.72,
          "Total Cost": 24.73,
          "Plan Rows": 1,
          "Plan Width": 105,
          "Sort Key": [
            "sdi.volatility_20d DESC",
            "fd.pbr",
            "sdi.rsi_14"
          ],
          "Plans": [
            {
              "Node Type": "Nested Loop",
              "Parent Relationship": "Outer",
              "Parallel Aware": false,
              "Async Capable": false,
              "Join Type": "Left",
              "Startup Cost": 2.65,
              "Total Cost": 24.71,
              "Plan Rows": 1,
              "Plan Width": 105,
              "Inner Unique": true,
              "Plans": [
                {
                  "Node Type": "Bitmap Heap Scan",
                  "Parent Relationship": "Outer",
                  "Parallel Aware": false,
                  "Async Capable": false,
                  "Relation Name": "stocks_daily_info",
                  "Alias": "sdi",
                  "Startup Cost": 2.36,
                  "Total Cost": 20.4,
                  "Plan Rows": 1,
                  "Plan Width": 68,
                  "Recheck Cond": "(event_date = '2023-09-23'::date)",
                  "Filter": "((market_cap >= '130300000000'::numeric) AND (market = 'KOSPI'::text))",
                  "Plans": [
                    {
                      "Node Type": "Bitmap Index Scan",
                      "Parent Relationship": "Outer",
                      "Parallel Aware": false,
                      "Async Capable": false,
                      "Index Name": "idx_sdi_event_date",
                      "Startup Cost": 0.0,
                      "Total Cost": 2.36,
                      "Plan Rows": 10,
                      "Plan Width": 0,
                      "Index Cond": "(event_date = '2023-09-23'::date)"
                    }
                  ]
                },
                {
                  "Node Type": "Index Scan",
                  "Parent Relationship": "Inner",
                  "Parallel Aware": false,
                  "Async Capable": false,
                  "Scan Direction": "Forward",
                  "Index Name": "fundamentals_daily_pkey",
                  "Relation Name": "fundamentals_daily",
                  "Alias": "fd",
                  "Startup Cost": 0.29,
                  "Total Cost": 4.3,
                  "Plan Rows": 1,
                  "Plan Width": 55,
                  "Index Cond": "((event_date = '2023-09-23'::date) AND (ticker = sdi.ticker))"
                }
              ]
            }
          ]
        }
      ]
    }
  },
  "db_statistics": {
    "table_stats": {
      "stocks_daily_info": {
        "row_count": 12700,
        "size_mb": 1.71
      },
      "fundamentals_daily": {
        "row_count": 12080,
        "size_mb": 2.33
      },
      "financials_quarterly": {
        "row_count": 8634,
        "size_mb": 0.8
      }
    },
    "existing_indexes": [
      "backtest_results_pkey",
      "community_posts_pkey",
      "financials_quarterly_pkey",
      "fundamentals_daily_pkey",
      "idx_finq_period_end",
      "idx_finq_ticker",
      "idx_fund_event_date",
      "idx_fund_ticker",
      "idx_sdi_event_date",
      "idx_sdi_ticker",
      "ix_backtest_results_strategy_id",
      "ix_community_posts_author_id",
      "ix_community_posts_strategy_id",
      "ix_ml_models_owner_id",
      "ix_strategies_owner_id",
      "ix_users_email",
      "ml_models_pkey",
      "stocks_daily_info_pkey",
      "strategies_pkey",
      "users_pkey"
    ]
  }
}
---
{
  "workload_id": 4087,
  "metadata": {
    "strategy_template": "Momentum Investing Style",
    "ml_model_used": null
  },
  "sql_query": "SELECT ( SELECT COALESCE(SUM(value), 0) FROM ( SELECT value FROM financials_quarterly fq WHERE fq.ticker = sdi.ticker AND fq.item_name = 'OperatingCashFlow' AND fq.statement_type IN ('IS_Q','CF_Q') AND fq.period_end <= DATE '2023-10-10' ORDER BY fq.period_end DESC LIMIT 4 ) as recent_quarters ) AS ttm_operatingcashflow , sdi.close_price, sdi.company_name, sdi.ma_20d, sdi.market_cap, sdi.momentum_12m, sdi.momentum_3m, sdi.rsi_14, sdi.ticker, sdi.volatility_20d FROM stocks_daily_info sdi WHERE sdi.market = 'KOSDAQ' AND sdi.market_cap >= 217900000000 AND sdi.event_date = DATE '2023-10-10' ORDER BY sdi.momentum_3m desc, sdi.momentum_12m asc, sdi.volatility_20d asc LIMIT 48;",
  "baseline_execution_plan": {
    "Plan": {
      "Node Type": "Limit",
      "Parallel Aware": false,
      "Async Capable": false,
      "Startup Cost": 20.41,
      "Total Cost": 24.7,
      "Plan Rows": 1,
      "Plan Width": 96,
      "Plans": [
        {
          "Node Type": "Result",
          "Parent Relationship": "Outer",
          "Parallel Aware": false,
          "Async Capable": false,
          "Startup Cost": 20.41,
          "Total Cost": 24.7,
          "Plan Rows": 1,
          "Plan Width": 96,
          "Plans": [
            {
              "Node Type": "Sort",
              "Parent Relationship": "Outer",
              "Parallel Aware": false,
              "Async Capable": false,
              "Startup Cost": 20.41,
              "Total Cost": 20.41,
              "Plan Rows": 1,
              "Plan Width": 64,
              "Sort Key": [
                "sdi.momentum_3m DESC",
                "sdi.momentum_12m",
                "sdi.volatility_20d"
              ],
              "Plans": [
                {
                  "Node Type": "Bitmap Heap Scan",
                  "Parent Relationship": "Outer",
                  "Parallel Aware": false,
                  "Async Capable": false,
                  "Relation Name": "stocks_daily_info",
                  "Alias": "sdi",
                  "Startup Cost": 2.36,
                  "Total Cost": 20.4,
                  "Plan Rows": 1,
                  "Plan Width": 64,
                  "Recheck Cond": "(event_date = '2023-10-10'::date)",
                  "Filter": "((market_cap >= '217900000000'::numeric) AND (market = 'KOSDAQ'::text))",
                  "Plans": [
                    {
                      "Node Type": "Bitmap Index Scan",
                      "Parent Relationship": "Outer",
                      "Parallel Aware": false,
                      "Async Capable": false,
                      "Index Name": "idx_sdi_event_date",
                      "Startup Cost": 0.0,
                      "Total Cost": 2.36,
                      "Plan Rows": 10,
                      "Plan Width": 0,
                      "Index Cond": "(event_date = '2023-10-10'::date)"
                    }
                  ]
                }
              ]
            },
            {
              "Node Type": "Aggregate",
              "Strategy": "Plain",
              "Partial Mode": "Simple",
              "Parent Relationship": "SubPlan",
              "Subplan Name": "SubPlan 1",
              "Parallel Aware": false,
              "Async Capable": false,
              "Startup Cost": 4.27,
              "Total Cost": 4.28,
              "Plan Rows": 1,
              "Plan Width": 32,
              "Plans": [
                {
                  "Node Type": "Limit",
                  "Parent Relationship": "Outer",
                  "Parallel Aware": false,
                  "Async Capable": false,
                  "Startup Cost": 0.29,
                  "Total Cost": 4.25,
                  "Plan Rows": 1,
                  "Plan Width": 12,
                  "Plans": [
                    {
                      "Node Type": "Index Scan",
                      "Parent Relationship": "Outer",
                      "Parallel Aware": false,
                      "Async Capable": false,
                      "Scan Direction": "Backward",
                      "Index Name": "idx_finq_period_end",
                      "Relation Name": "financials_quarterly",
                      "Alias": "fq",
                      "Startup Cost": 0.29,
                      "Total Cost": 4.25,
                      "Plan Rows": 1,
                      "Plan Width": 12,
                      "Index Cond": "(period_end <= '2023-10-10'::date)",
                      "Filter": "((statement_type = ANY ('{IS_Q,CF_Q}'::text[])) AND (ticker = sdi.ticker) AND (item_name = 'OperatingCashFlow'::text))"
                    }
                  ]
                }
              ]
            }
          ]
        }
      ]
    }
  },
  "db_statistics": {
    "table_stats": {
      "stocks_daily_info": {
        "row_count": 12700,
        "size_mb": 1.71
      },
      "fundamentals_daily": {
        "row_count": 12080,
        "size_mb": 2.33
      },
      "financials_quarterly": {
        "row_count": 8634,
        "size_mb": 0.8
      }
    },
    "existing_indexes": [
      "backtest_results_pkey",
      "community_posts_pkey",
      "financials_quarterly_pkey",
      "fundamentals_daily_pkey",
      "idx_finq_period_end",
      "idx_finq_ticker",
      "idx_fund_event_date",
      "idx_fund_ticker",
      "idx_sdi_event_date",
      "idx_sdi_ticker",
      "ix_backtest_results_strategy_id",
      "ix_community_posts_author_id",
      "ix_community_posts_strategy_id",
      "ix_ml_models_owner_id",
      "ix_strategies_owner_id",
      "ix_users_email",
      "ml_models_pkey",
      "stocks_daily_info_pkey",
      "strategies_pkey",
      "users_pkey"
    ]
  }
}
---
{
  "workload_id": 4088,
  "metadata": {
    "strategy_template": "Momentum Investing Style",
    "ml_model_used": null
  },
  "sql_query": "SELECT sdi.close_price, sdi.company_name, sdi.ma_20d, sdi.market_cap, sdi.momentum_12m, sdi.momentum_3m, sdi.rsi_14, sdi.ticker, sdi.volatility_20d FROM stocks_daily_info sdi WHERE sdi.market = 'KOSDAQ' AND sdi.market_cap >= 340400000000 AND sdi.event_date = DATE '2023-05-20' ORDER BY sdi.momentum_3m asc, sdi.momentum_12m asc, sdi.volatility_20d desc, sdi.rsi_14 asc LIMIT 48;",
  "baseline_execution_plan": {
    "Plan": {
      "Node Type": "Limit",
      "Parallel Aware": false,
      "Async Capable": false,
      "Startup Cost": 20.41,
      "Total Cost": 20.41,
      "Plan Rows": 1,
      "Plan Width": 64,
      "Plans": [
        {
          "Node Type": "Sort",
          "Parent Relationship": "Outer",
          "Parallel Aware": false,
          "Async Capable": false,
          "Startup Cost": 20.41,
          "Total Cost": 20.41,
          "Plan Rows": 1,
          "Plan Width": 64,
          "Sort Key": [
            "momentum_3m",
            "momentum_12m",
            "volatility_20d DESC",
            "rsi_14"
          ],
          "Plans": [
            {
              "Node Type": "Bitmap Heap Scan",
              "Parent Relationship": "Outer",
              "Parallel Aware": false,
              "Async Capable": false,
              "Relation Name": "stocks_daily_info",
              "Alias": "sdi",
              "Startup Cost": 2.36,
              "Total Cost": 20.4,
              "Plan Rows": 1,
              "Plan Width": 64,
              "Recheck Cond": "(event_date = '2023-05-20'::date)",
              "Filter": "((market_cap >= '340400000000'::numeric) AND (market = 'KOSDAQ'::text))",
              "Plans": [
                {
                  "Node Type": "Bitmap Index Scan",
                  "Parent Relationship": "Outer",
                  "Parallel Aware": false,
                  "Async Capable": false,
                  "Index Name": "idx_sdi_event_date",
                  "Startup Cost": 0.0,
                  "Total Cost": 2.36,
                  "Plan Rows": 10,
                  "Plan Width": 0,
                  "Index Cond": "(event_date = '2023-05-20'::date)"
                }
              ]
            }
          ]
        }
      ]
    }
  },
  "db_statistics": {
    "table_stats": {
      "stocks_daily_info": {
        "row_count": 12700,
        "size_mb": 1.71
      },
      "fundamentals_daily": {
        "row_count": 12080,
        "size_mb": 2.33
      },
      "financials_quarterly": {
        "row_count": 8634,
        "size_mb": 0.8
      }
    },
    "existing_indexes": [
      "backtest_results_pkey",
      "community_posts_pkey",
      "financials_quarterly_pkey",
      "fundamentals_daily_pkey",
      "idx_finq_period_end",
      "idx_finq_ticker",
      "idx_fund_event_date",
      "idx_fund_ticker",
      "idx_sdi_event_date",
      "idx_sdi_ticker",
      "ix_backtest_results_strategy_id",
      "ix_community_posts_author_id",
      "ix_community_posts_strategy_id",
      "ix_ml_models_owner_id",
      "ix_strategies_owner_id",
      "ix_users_email",
      "ml_models_pkey",
      "stocks_daily_info_pkey",
      "strategies_pkey",
      "users_pkey"
    ]
  }
}
---
{
  "workload_id": 4089,
  "metadata": {
    "strategy_template": "Value Investing Style",
    "ml_model_used": null
  },
  "sql_query": "SELECT fd.bps, fd.dividend_yield, fd.eps, fd.pbr, fd.per, sdi.close_price, sdi.company_name, sdi.ma_20d, sdi.market_cap, sdi.momentum_12m, sdi.momentum_3m, sdi.rsi_14, sdi.ticker, sdi.volatility_20d FROM stocks_daily_info sdi LEFT JOIN fundamentals_daily fd ON fd.ticker = sdi.ticker AND fd.event_date = sdi.event_date WHERE sdi.market = 'KOSPI' AND sdi.market_cap >= 159700000000 AND sdi.event_date = DATE '2023-06-29' ORDER BY fd.pbr desc, fd.per desc, fd.eps desc LIMIT 29;",
  "baseline_execution_plan": {
    "Plan": {
      "Node Type": "Limit",
      "Parallel Aware": false,
      "Async Capable": false,
      "Startup Cost": 24.72,
      "Total Cost": 24.73,
      "Plan Rows": 1,
      "Plan Width": 105,
      "Plans": [
        {
          "Node Type": "Sort",
          "Parent Relationship": "Outer",
          "Parallel Aware": false,
          "Async Capable": false,
          "Startup Cost": 24.72,
          "Total Cost": 24.73,
          "Plan Rows": 1,
          "Plan Width": 105,
          "Sort Key": [
            "fd.pbr DESC",
            "fd.per DESC",
            "fd.eps DESC"
          ],
          "Plans": [
            {
              "Node Type": "Nested Loop",
              "Parent Relationship": "Outer",
              "Parallel Aware": false,
              "Async Capable": false,
              "Join Type": "Left",
              "Startup Cost": 2.65,
              "Total Cost": 24.71,
              "Plan Rows": 1,
              "Plan Width": 105,
              "Inner Unique": true,
              "Plans": [
                {
                  "Node Type": "Bitmap Heap Scan",
                  "Parent Relationship": "Outer",
                  "Parallel Aware": false,
                  "Async Capable": false,
                  "Relation Name": "stocks_daily_info",
                  "Alias": "sdi",
                  "Startup Cost": 2.36,
                  "Total Cost": 20.4,
                  "Plan Rows": 1,
                  "Plan Width": 68,
                  "Recheck Cond": "(event_date = '2023-06-29'::date)",
                  "Filter": "((market_cap >= '159700000000'::numeric) AND (market = 'KOSPI'::text))",
                  "Plans": [
                    {
                      "Node Type": "Bitmap Index Scan",
                      "Parent Relationship": "Outer",
                      "Parallel Aware": false,
                      "Async Capable": false,
                      "Index Name": "idx_sdi_event_date",
                      "Startup Cost": 0.0,
                      "Total Cost": 2.36,
                      "Plan Rows": 10,
                      "Plan Width": 0,
                      "Index Cond": "(event_date = '2023-06-29'::date)"
                    }
                  ]
                },
                {
                  "Node Type": "Index Scan",
                  "Parent Relationship": "Inner",
                  "Parallel Aware": false,
                  "Async Capable": false,
                  "Scan Direction": "Forward",
                  "Index Name": "fundamentals_daily_pkey",
                  "Relation Name": "fundamentals_daily",
                  "Alias": "fd",
                  "Startup Cost": 0.29,
                  "Total Cost": 4.3,
                  "Plan Rows": 1,
                  "Plan Width": 55,
                  "Index Cond": "((event_date = '2023-06-29'::date) AND (ticker = sdi.ticker))"
                }
              ]
            }
          ]
        }
      ]
    }
  },
  "db_statistics": {
    "table_stats": {
      "stocks_daily_info": {
        "row_count": 12700,
        "size_mb": 1.71
      },
      "fundamentals_daily": {
        "row_count": 12080,
        "size_mb": 2.33
      },
      "financials_quarterly": {
        "row_count": 8634,
        "size_mb": 0.8
      }
    },
    "existing_indexes": [
      "backtest_results_pkey",
      "community_posts_pkey",
      "financials_quarterly_pkey",
      "fundamentals_daily_pkey",
      "idx_finq_period_end",
      "idx_finq_ticker",
      "idx_fund_event_date",
      "idx_fund_ticker",
      "idx_sdi_event_date",
      "idx_sdi_ticker",
      "ix_backtest_results_strategy_id",
      "ix_community_posts_author_id",
      "ix_community_posts_strategy_id",
      "ix_ml_models_owner_id",
      "ix_strategies_owner_id",
      "ix_users_email",
      "ml_models_pkey",
      "stocks_daily_info_pkey",
      "strategies_pkey",
      "users_pkey"
    ]
  }
}
---
{
  "workload_id": 4090,
  "metadata": {
    "strategy_template": "Momentum Investing Style",
    "ml_model_used": null
  },
  "sql_query": "SELECT sdi.close_price, sdi.company_name, sdi.ma_20d, sdi.market_cap, sdi.momentum_12m, sdi.momentum_3m, sdi.rsi_14, sdi.ticker, sdi.volatility_20d FROM stocks_daily_info sdi WHERE sdi.market = 'KOSPI' AND sdi.market_cap >= 424500000000 AND sdi.event_date = DATE '2023-09-23' ORDER BY sdi.momentum_3m desc, sdi.momentum_12m desc LIMIT 10;",
  "baseline_execution_plan": {
    "Plan": {
      "Node Type": "Limit",
      "Parallel Aware": false,
      "Async Capable": false,
      "Startup Cost": 20.41,
      "Total Cost": 20.41,
      "Plan Rows": 1,
      "Plan Width": 64,
      "Plans": [
        {
          "Node Type": "Sort",
          "Parent Relationship": "Outer",
          "Parallel Aware": false,
          "Async Capable": false,
          "Startup Cost": 20.41,
          "Total Cost": 20.41,
          "Plan Rows": 1,
          "Plan Width": 64,
          "Sort Key": [
            "momentum_3m DESC",
            "momentum_12m DESC"
          ],
          "Plans": [
            {
              "Node Type": "Bitmap Heap Scan",
              "Parent Relationship": "Outer",
              "Parallel Aware": false,
              "Async Capable": false,
              "Relation Name": "stocks_daily_info",
              "Alias": "sdi",
              "Startup Cost": 2.36,
              "Total Cost": 20.4,
              "Plan Rows": 1,
              "Plan Width": 64,
              "Recheck Cond": "(event_date = '2023-09-23'::date)",
              "Filter": "((market_cap >= '424500000000'::numeric) AND (market = 'KOSPI'::text))",
              "Plans": [
                {
                  "Node Type": "Bitmap Index Scan",
                  "Parent Relationship": "Outer",
                  "Parallel Aware": false,
                  "Async Capable": false,
                  "Index Name": "idx_sdi_event_date",
                  "Startup Cost": 0.0,
                  "Total Cost": 2.36,
                  "Plan Rows": 10,
                  "Plan Width": 0,
                  "Index Cond": "(event_date = '2023-09-23'::date)"
                }
              ]
            }
          ]
        }
      ]
    }
  },
  "db_statistics": {
    "table_stats": {
      "stocks_daily_info": {
        "row_count": 12700,
        "size_mb": 1.71
      },
      "fundamentals_daily": {
        "row_count": 12080,
        "size_mb": 2.33
      },
      "financials_quarterly": {
        "row_count": 8634,
        "size_mb": 0.8
      }
    },
    "existing_indexes": [
      "backtest_results_pkey",
      "community_posts_pkey",
      "financials_quarterly_pkey",
      "fundamentals_daily_pkey",
      "idx_finq_period_end",
      "idx_finq_ticker",
      "idx_fund_event_date",
      "idx_fund_ticker",
      "idx_sdi_event_date",
      "idx_sdi_ticker",
      "ix_backtest_results_strategy_id",
      "ix_community_posts_author_id",
      "ix_community_posts_strategy_id",
      "ix_ml_models_owner_id",
      "ix_strategies_owner_id",
      "ix_users_email",
      "ml_models_pkey",
      "stocks_daily_info_pkey",
      "strategies_pkey",
      "users_pkey"
    ]
  }
}
---
{
  "workload_id": 4091,
  "metadata": {
    "strategy_template": "Value Investing Style",
    "ml_model_used": null
  },
  "sql_query": "SELECT fd.bps, fd.dividend_yield, fd.eps, fd.pbr, fd.per, sdi.close_price, sdi.company_name, sdi.ma_20d, sdi.market_cap, sdi.momentum_12m, sdi.momentum_3m, sdi.rsi_14, sdi.ticker, sdi.volatility_20d FROM stocks_daily_info sdi LEFT JOIN fundamentals_daily fd ON fd.ticker = sdi.ticker AND fd.event_date = sdi.event_date WHERE sdi.market = 'KOSDAQ' AND sdi.market_cap >= 365100000000 AND sdi.event_date = DATE '2023-05-08' ORDER BY fd.pbr desc, fd.per asc, fd.eps desc LIMIT 18;",
  "baseline_execution_plan": {
    "Plan": {
      "Node Type": "Limit",
      "Parallel Aware": false,
      "Async Capable": false,
      "Startup Cost": 24.72,
      "Total Cost": 24.73,
      "Plan Rows": 1,
      "Plan Width": 105,
      "Plans": [
        {
          "Node Type": "Sort",
          "Parent Relationship": "Outer",
          "Parallel Aware": false,
          "Async Capable": false,
          "Startup Cost": 24.72,
          "Total Cost": 24.73,
          "Plan Rows": 1,
          "Plan Width": 105,
          "Sort Key": [
            "fd.pbr DESC",
            "fd.per",
            "fd.eps DESC"
          ],
          "Plans": [
            {
              "Node Type": "Nested Loop",
              "Parent Relationship": "Outer",
              "Parallel Aware": false,
              "Async Capable": false,
              "Join Type": "Left",
              "Startup Cost": 2.65,
              "Total Cost": 24.71,
              "Plan Rows": 1,
              "Plan Width": 105,
              "Inner Unique": true,
              "Plans": [
                {
                  "Node Type": "Bitmap Heap Scan",
                  "Parent Relationship": "Outer",
                  "Parallel Aware": false,
                  "Async Capable": false,
                  "Relation Name": "stocks_daily_info",
                  "Alias": "sdi",
                  "Startup Cost": 2.36,
                  "Total Cost": 20.4,
                  "Plan Rows": 1,
                  "Plan Width": 68,
                  "Recheck Cond": "(event_date = '2023-05-08'::date)",
                  "Filter": "((market_cap >= '365100000000'::numeric) AND (market = 'KOSDAQ'::text))",
                  "Plans": [
                    {
                      "Node Type": "Bitmap Index Scan",
                      "Parent Relationship": "Outer",
                      "Parallel Aware": false,
                      "Async Capable": false,
                      "Index Name": "idx_sdi_event_date",
                      "Startup Cost": 0.0,
                      "Total Cost": 2.36,
                      "Plan Rows": 10,
                      "Plan Width": 0,
                      "Index Cond": "(event_date = '2023-05-08'::date)"
                    }
                  ]
                },
                {
                  "Node Type": "Index Scan",
                  "Parent Relationship": "Inner",
                  "Parallel Aware": false,
                  "Async Capable": false,
                  "Scan Direction": "Forward",
                  "Index Name": "fundamentals_daily_pkey",
                  "Relation Name": "fundamentals_daily",
                  "Alias": "fd",
                  "Startup Cost": 0.29,
                  "Total Cost": 4.3,
                  "Plan Rows": 1,
                  "Plan Width": 55,
                  "Index Cond": "((event_date = '2023-05-08'::date) AND (ticker = sdi.ticker))"
                }
              ]
            }
          ]
        }
      ]
    }
  },
  "db_statistics": {
    "table_stats": {
      "stocks_daily_info": {
        "row_count": 12700,
        "size_mb": 1.71
      },
      "fundamentals_daily": {
        "row_count": 12080,
        "size_mb": 2.33
      },
      "financials_quarterly": {
        "row_count": 8634,
        "size_mb": 0.8
      }
    },
    "existing_indexes": [
      "backtest_results_pkey",
      "community_posts_pkey",
      "financials_quarterly_pkey",
      "fundamentals_daily_pkey",
      "idx_finq_period_end",
      "idx_finq_ticker",
      "idx_fund_event_date",
      "idx_fund_ticker",
      "idx_sdi_event_date",
      "idx_sdi_ticker",
      "ix_backtest_results_strategy_id",
      "ix_community_posts_author_id",
      "ix_community_posts_strategy_id",
      "ix_ml_models_owner_id",
      "ix_strategies_owner_id",
      "ix_users_email",
      "ml_models_pkey",
      "stocks_daily_info_pkey",
      "strategies_pkey",
      "users_pkey"
    ]
  }
}
---
{
  "workload_id": 4092,
  "metadata": {
    "strategy_template": "Value Investing Style",
    "ml_model_used": null
  },
  "sql_query": "SELECT fd.bps, fd.dividend_yield, fd.eps, fd.pbr, fd.per, sdi.close_price, sdi.company_name, sdi.ma_20d, sdi.market_cap, sdi.momentum_12m, sdi.momentum_3m, sdi.rsi_14, sdi.ticker, sdi.volatility_20d FROM stocks_daily_info sdi LEFT JOIN fundamentals_daily fd ON fd.ticker = sdi.ticker AND fd.event_date = sdi.event_date WHERE sdi.market = 'KOSPI' AND sdi.market_cap >= 55300000000 AND sdi.event_date = DATE '2023-04-30' ORDER BY fd.pbr desc, fd.per desc LIMIT 41;",
  "baseline_execution_plan": {
    "Plan": {
      "Node Type": "Limit",
      "Parallel Aware": false,
      "Async Capable": false,
      "Startup Cost": 24.72,
      "Total Cost": 24.73,
      "Plan Rows": 1,
      "Plan Width": 105,
      "Plans": [
        {
          "Node Type": "Sort",
          "Parent Relationship": "Outer",
          "Parallel Aware": false,
          "Async Capable": false,
          "Startup Cost": 24.72,
          "Total Cost": 24.73,
          "Plan Rows": 1,
          "Plan Width": 105,
          "Sort Key": [
            "fd.pbr DESC",
            "fd.per DESC"
          ],
          "Plans": [
            {
              "Node Type": "Nested Loop",
              "Parent Relationship": "Outer",
              "Parallel Aware": false,
              "Async Capable": false,
              "Join Type": "Left",
              "Startup Cost": 2.65,
              "Total Cost": 24.71,
              "Plan Rows": 1,
              "Plan Width": 105,
              "Inner Unique": true,
              "Plans": [
                {
                  "Node Type": "Bitmap Heap Scan",
                  "Parent Relationship": "Outer",
                  "Parallel Aware": false,
                  "Async Capable": false,
                  "Relation Name": "stocks_daily_info",
                  "Alias": "sdi",
                  "Startup Cost": 2.36,
                  "Total Cost": 20.4,
                  "Plan Rows": 1,
                  "Plan Width": 68,
                  "Recheck Cond": "(event_date = '2023-04-30'::date)",
                  "Filter": "((market_cap >= '55300000000'::numeric) AND (market = 'KOSPI'::text))",
                  "Plans": [
                    {
                      "Node Type": "Bitmap Index Scan",
                      "Parent Relationship": "Outer",
                      "Parallel Aware": false,
                      "Async Capable": false,
                      "Index Name": "idx_sdi_event_date",
                      "Startup Cost": 0.0,
                      "Total Cost": 2.36,
                      "Plan Rows": 10,
                      "Plan Width": 0,
                      "Index Cond": "(event_date = '2023-04-30'::date)"
                    }
                  ]
                },
                {
                  "Node Type": "Index Scan",
                  "Parent Relationship": "Inner",
                  "Parallel Aware": false,
                  "Async Capable": false,
                  "Scan Direction": "Forward",
                  "Index Name": "fundamentals_daily_pkey",
                  "Relation Name": "fundamentals_daily",
                  "Alias": "fd",
                  "Startup Cost": 0.29,
                  "Total Cost": 4.3,
                  "Plan Rows": 1,
                  "Plan Width": 55,
                  "Index Cond": "((event_date = '2023-04-30'::date) AND (ticker = sdi.ticker))"
                }
              ]
            }
          ]
        }
      ]
    }
  },
  "db_statistics": {
    "table_stats": {
      "stocks_daily_info": {
        "row_count": 12700,
        "size_mb": 1.71
      },
      "fundamentals_daily": {
        "row_count": 12080,
        "size_mb": 2.33
      },
      "financials_quarterly": {
        "row_count": 8634,
        "size_mb": 0.8
      }
    },
    "existing_indexes": [
      "backtest_results_pkey",
      "community_posts_pkey",
      "financials_quarterly_pkey",
      "fundamentals_daily_pkey",
      "idx_finq_period_end",
      "idx_finq_ticker",
      "idx_fund_event_date",
      "idx_fund_ticker",
      "idx_sdi_event_date",
      "idx_sdi_ticker",
      "ix_backtest_results_strategy_id",
      "ix_community_posts_author_id",
      "ix_community_posts_strategy_id",
      "ix_ml_models_owner_id",
      "ix_strategies_owner_id",
      "ix_users_email",
      "ml_models_pkey",
      "stocks_daily_info_pkey",
      "strategies_pkey",
      "users_pkey"
    ]
  }
}
---
{
  "workload_id": 4093,
  "metadata": {
    "strategy_template": "ML Hybrid Style",
    "ml_model_used": "Return Forecast Model"
  },
  "sql_query": "SELECT sdi.close_price, sdi.company_name, sdi.ma_20d, sdi.market_cap, sdi.momentum_12m, sdi.momentum_3m, sdi.rsi_14, sdi.ticker, sdi.volatility_20d FROM stocks_daily_info sdi WHERE sdi.market = 'KOSPI' AND sdi.market_cap >= 273700000000 AND sdi.event_date = DATE '2023-08-23' ORDER BY CASE sdi.ticker WHEN '000660.KS' THEN 1 WHEN '005930.KS' THEN 2 WHEN '068270.KQ' THEN 3 WHEN '207940.KS' THEN 4 WHEN '035420.KS' THEN 5 WHEN '005380.KS' THEN 6 WHEN '051910.KS' THEN 7 WHEN '012330.KS' THEN 8 WHEN '035720.KS' THEN 9 WHEN '105560.KS' THEN 10 ELSE 11 END LIMIT 24;",
  "baseline_execution_plan": {
    "Plan": {
      "Node Type": "Limit",
      "Parallel Aware": false,
      "Async Capable": false,
      "Startup Cost": 20.43,
      "Total Cost": 20.44,
      "Plan Rows": 1,
      "Plan Width": 68,
      "Plans": [
        {
          "Node Type": "Sort",
          "Parent Relationship": "Outer",
          "Parallel Aware": false,
          "Async Capable": false,
          "Startup Cost": 20.43,
          "Total Cost": 20.44,
          "Plan Rows": 1,
          "Plan Width": 68,
          "Sort Key": [
            "(CASE ticker WHEN '000660.KS'::text THEN 1 WHEN '005930.KS'::text THEN 2 WHEN '068270.KQ'::text THEN 3 WHEN '207940.KS'::text THEN 4 WHEN '035420.KS'::text THEN 5 WHEN '005380.KS'::text THEN 6 WHEN '051910.KS'::text THEN 7 WHEN '012330.KS'::text THEN 8 WHEN '035720.KS'::text THEN 9 WHEN '105560.KS'::text THEN 10 ELSE 11 END)"
          ],
          "Plans": [
            {
              "Node Type": "Bitmap Heap Scan",
              "Parent Relationship": "Outer",
              "Parallel Aware": false,
              "Async Capable": false,
              "Relation Name": "stocks_daily_info",
              "Alias": "sdi",
              "Startup Cost": 2.36,
              "Total Cost": 20.42,
              "Plan Rows": 1,
              "Plan Width": 68,
              "Recheck Cond": "(event_date = '2023-08-23'::date)",
              "Filter": "((market_cap >= '273700000000'::numeric) AND (market = 'KOSPI'::text))",
              "Plans": [
                {
                  "Node Type": "Bitmap Index Scan",
                  "Parent Relationship": "Outer",
                  "Parallel Aware": false,
                  "Async Capable": false,
                  "Index Name": "idx_sdi_event_date",
                  "Startup Cost": 0.0,
                  "Total Cost": 2.36,
                  "Plan Rows": 10,
                  "Plan Width": 0,
                  "Index Cond": "(event_date = '2023-08-23'::date)"
                }
              ]
            }
          ]
        }
      ]
    }
  },
  "db_statistics": {
    "table_stats": {
      "stocks_daily_info": {
        "row_count": 12700,
        "size_mb": 1.71
      },
      "fundamentals_daily": {
        "row_count": 12080,
        "size_mb": 2.33
      },
      "financials_quarterly": {
        "row_count": 8634,
        "size_mb": 0.8
      }
    },
    "existing_indexes": [
      "backtest_results_pkey",
      "community_posts_pkey",
      "financials_quarterly_pkey",
      "fundamentals_daily_pkey",
      "idx_finq_period_end",
      "idx_finq_ticker",
      "idx_fund_event_date",
      "idx_fund_ticker",
      "idx_sdi_event_date",
      "idx_sdi_ticker",
      "ix_backtest_results_strategy_id",
      "ix_community_posts_author_id",
      "ix_community_posts_strategy_id",
      "ix_ml_models_owner_id",
      "ix_strategies_owner_id",
      "ix_users_email",
      "ml_models_pkey",
      "stocks_daily_info_pkey",
      "strategies_pkey",
      "users_pkey"
    ]
  }
}
---
{
  "workload_id": 4094,
  "metadata": {
    "strategy_template": "Momentum Investing Style",
    "ml_model_used": null
  },
  "sql_query": "SELECT sdi.close_price, sdi.company_name, sdi.ma_20d, sdi.market_cap, sdi.momentum_12m, sdi.momentum_3m, sdi.rsi_14, sdi.ticker, sdi.volatility_20d FROM stocks_daily_info sdi WHERE sdi.market = 'KOSDAQ' AND sdi.market_cap >= 266100000000 AND sdi.event_date = DATE '2023-07-23' ORDER BY sdi.momentum_3m asc, sdi.momentum_12m asc, sdi.volatility_20d desc LIMIT 11;",
  "baseline_execution_plan": {
    "Plan": {
      "Node Type": "Limit",
      "Parallel Aware": false,
      "Async Capable": false,
      "Startup Cost": 20.41,
      "Total Cost": 20.41,
      "Plan Rows": 1,
      "Plan Width": 64,
      "Plans": [
        {
          "Node Type": "Sort",
          "Parent Relationship": "Outer",
          "Parallel Aware": false,
          "Async Capable": false,
          "Startup Cost": 20.41,
          "Total Cost": 20.41,
          "Plan Rows": 1,
          "Plan Width": 64,
          "Sort Key": [
            "momentum_3m",
            "momentum_12m",
            "volatility_20d DESC"
          ],
          "Plans": [
            {
              "Node Type": "Bitmap Heap Scan",
              "Parent Relationship": "Outer",
              "Parallel Aware": false,
              "Async Capable": false,
              "Relation Name": "stocks_daily_info",
              "Alias": "sdi",
              "Startup Cost": 2.36,
              "Total Cost": 20.4,
              "Plan Rows": 1,
              "Plan Width": 64,
              "Recheck Cond": "(event_date = '2023-07-23'::date)",
              "Filter": "((market_cap >= '266100000000'::numeric) AND (market = 'KOSDAQ'::text))",
              "Plans": [
                {
                  "Node Type": "Bitmap Index Scan",
                  "Parent Relationship": "Outer",
                  "Parallel Aware": false,
                  "Async Capable": false,
                  "Index Name": "idx_sdi_event_date",
                  "Startup Cost": 0.0,
                  "Total Cost": 2.36,
                  "Plan Rows": 10,
                  "Plan Width": 0,
                  "Index Cond": "(event_date = '2023-07-23'::date)"
                }
              ]
            }
          ]
        }
      ]
    }
  },
  "db_statistics": {
    "table_stats": {
      "stocks_daily_info": {
        "row_count": 12700,
        "size_mb": 1.71
      },
      "fundamentals_daily": {
        "row_count": 12080,
        "size_mb": 2.33
      },
      "financials_quarterly": {
        "row_count": 8634,
        "size_mb": 0.8
      }
    },
    "existing_indexes": [
      "backtest_results_pkey",
      "community_posts_pkey",
      "financials_quarterly_pkey",
      "fundamentals_daily_pkey",
      "idx_finq_period_end",
      "idx_finq_ticker",
      "idx_fund_event_date",
      "idx_fund_ticker",
      "idx_sdi_event_date",
      "idx_sdi_ticker",
      "ix_backtest_results_strategy_id",
      "ix_community_posts_author_id",
      "ix_community_posts_strategy_id",
      "ix_ml_models_owner_id",
      "ix_strategies_owner_id",
      "ix_users_email",
      "ml_models_pkey",
      "stocks_daily_info_pkey",
      "strategies_pkey",
      "users_pkey"
    ]
  }
}
---
{
  "workload_id": 4095,
  "metadata": {
    "strategy_template": "ML Hybrid Style",
    "ml_model_used": "Return Forecast Model"
  },
  "sql_query": "SELECT fd.bps, fd.dividend_yield, fd.eps, fd.pbr, fd.per, sdi.close_price, sdi.company_name, sdi.ma_20d, sdi.market_cap, sdi.momentum_12m, sdi.momentum_3m, sdi.rsi_14, sdi.ticker, sdi.volatility_20d FROM stocks_daily_info sdi LEFT JOIN fundamentals_daily fd ON fd.ticker = sdi.ticker AND fd.event_date = sdi.event_date WHERE sdi.market = 'KOSDAQ' AND sdi.market_cap >= 392200000000 AND sdi.event_date = DATE '2023-08-17' ORDER BY CASE sdi.ticker WHEN '000660.KS' THEN 1 WHEN '005930.KS' THEN 2 WHEN '068270.KQ' THEN 3 WHEN '207940.KS' THEN 4 WHEN '035420.KS' THEN 5 WHEN '005380.KS' THEN 6 WHEN '051910.KS' THEN 7 WHEN '012330.KS' THEN 8 WHEN '035720.KS' THEN 9 WHEN '105560.KS' THEN 10 ELSE 11 END LIMIT 22;",
  "baseline_execution_plan": {
    "Plan": {
      "Node Type": "Limit",
      "Parallel Aware": false,
      "Async Capable": false,
      "Startup Cost": 24.75,
      "Total Cost": 24.75,
      "Plan Rows": 1,
      "Plan Width": 109,
      "Plans": [
        {
          "Node Type": "Sort",
          "Parent Relationship": "Outer",
          "Parallel Aware": false,
          "Async Capable": false,
          "Startup Cost": 24.75,
          "Total Cost": 24.75,
          "Plan Rows": 1,
          "Plan Width": 109,
          "Sort Key": [
            "(CASE sdi.ticker WHEN '000660.KS'::text THEN 1 WHEN '005930.KS'::text THEN 2 WHEN '068270.KQ'::text THEN 3 WHEN '207940.KS'::text THEN 4 WHEN '035420.KS'::text THEN 5 WHEN '005380.KS'::text THEN 6 WHEN '051910.KS'::text THEN 7 WHEN '012330.KS'::text THEN 8 WHEN '035720.KS'::text THEN 9 WHEN '105560.KS'::text THEN 10 ELSE 11 END)"
          ],
          "Plans": [
            {
              "Node Type": "Nested Loop",
              "Parent Relationship": "Outer",
              "Parallel Aware": false,
              "Async Capable": false,
              "Join Type": "Left",
              "Startup Cost": 2.65,
              "Total Cost": 24.74,
              "Plan Rows": 1,
              "Plan Width": 109,
              "Inner Unique": true,
              "Plans": [
                {
                  "Node Type": "Bitmap Heap Scan",
                  "Parent Relationship": "Outer",
                  "Parallel Aware": false,
                  "Async Capable": false,
                  "Relation Name": "stocks_daily_info",
                  "Alias": "sdi",
                  "Startup Cost": 2.36,
                  "Total Cost": 20.4,
                  "Plan Rows": 1,
                  "Plan Width": 68,
                  "Recheck Cond": "(event_date = '2023-08-17'::date)",
                  "Filter": "((market_cap >= '392200000000'::numeric) AND (market = 'KOSDAQ'::text))",
                  "Plans": [
                    {
                      "Node Type": "Bitmap Index Scan",
                      "Parent Relationship": "Outer",
                      "Parallel Aware": false,
                      "Async Capable": false,
                      "Index Name": "idx_sdi_event_date",
                      "Startup Cost": 0.0,
                      "Total Cost": 2.36,
                      "Plan Rows": 10,
                      "Plan Width": 0,
                      "Index Cond": "(event_date = '2023-08-17'::date)"
                    }
                  ]
                },
                {
                  "Node Type": "Index Scan",
                  "Parent Relationship": "Inner",
                  "Parallel Aware": false,
                  "Async Capable": false,
                  "Scan Direction": "Forward",
                  "Index Name": "fundamentals_daily_pkey",
                  "Relation Name": "fundamentals_daily",
                  "Alias": "fd",
                  "Startup Cost": 0.29,
                  "Total Cost": 4.3,
                  "Plan Rows": 1,
                  "Plan Width": 55,
                  "Index Cond": "((event_date = '2023-08-17'::date) AND (ticker = sdi.ticker))"
                }
              ]
            }
          ]
        }
      ]
    }
  },
  "db_statistics": {
    "table_stats": {
      "stocks_daily_info": {
        "row_count": 12700,
        "size_mb": 1.71
      },
      "fundamentals_daily": {
        "row_count": 12080,
        "size_mb": 2.33
      },
      "financials_quarterly": {
        "row_count": 8634,
        "size_mb": 0.8
      }
    },
    "existing_indexes": [
      "backtest_results_pkey",
      "community_posts_pkey",
      "financials_quarterly_pkey",
      "fundamentals_daily_pkey",
      "idx_finq_period_end",
      "idx_finq_ticker",
      "idx_fund_event_date",
      "idx_fund_ticker",
      "idx_sdi_event_date",
      "idx_sdi_ticker",
      "ix_backtest_results_strategy_id",
      "ix_community_posts_author_id",
      "ix_community_posts_strategy_id",
      "ix_ml_models_owner_id",
      "ix_strategies_owner_id",
      "ix_users_email",
      "ml_models_pkey",
      "stocks_daily_info_pkey",
      "strategies_pkey",
      "users_pkey"
    ]
  }
}
---
{
  "workload_id": 4096,
  "metadata": {
    "strategy_template": "Value Investing Style",
    "ml_model_used": null
  },
  "sql_query": "SELECT fd.bps, fd.dividend_yield, fd.eps, fd.pbr, fd.per, sdi.close_price, sdi.company_name, sdi.ma_20d, sdi.market_cap, sdi.momentum_12m, sdi.momentum_3m, sdi.rsi_14, sdi.ticker, sdi.volatility_20d FROM stocks_daily_info sdi LEFT JOIN fundamentals_daily fd ON fd.ticker = sdi.ticker AND fd.event_date = sdi.event_date WHERE sdi.market = 'KOSDAQ' AND sdi.market_cap >= 324300000000 AND sdi.event_date = DATE '2023-09-19' ORDER BY fd.pbr desc, fd.per asc LIMIT 38;",
  "baseline_execution_plan": {
    "Plan": {
      "Node Type": "Limit",
      "Parallel Aware": false,
      "Async Capable": false,
      "Startup Cost": 24.72,
      "Total Cost": 24.73,
      "Plan Rows": 1,
      "Plan Width": 105,
      "Plans": [
        {
          "Node Type": "Sort",
          "Parent Relationship": "Outer",
          "Parallel Aware": false,
          "Async Capable": false,
          "Startup Cost": 24.72,
          "Total Cost": 24.73,
          "Plan Rows": 1,
          "Plan Width": 105,
          "Sort Key": [
            "fd.pbr DESC",
            "fd.per"
          ],
          "Plans": [
            {
              "Node Type": "Nested Loop",
              "Parent Relationship": "Outer",
              "Parallel Aware": false,
              "Async Capable": false,
              "Join Type": "Left",
              "Startup Cost": 2.65,
              "Total Cost": 24.71,
              "Plan Rows": 1,
              "Plan Width": 105,
              "Inner Unique": true,
              "Plans": [
                {
                  "Node Type": "Bitmap Heap Scan",
                  "Parent Relationship": "Outer",
                  "Parallel Aware": false,
                  "Async Capable": false,
                  "Relation Name": "stocks_daily_info",
                  "Alias": "sdi",
                  "Startup Cost": 2.36,
                  "Total Cost": 20.4,
                  "Plan Rows": 1,
                  "Plan Width": 68,
                  "Recheck Cond": "(event_date = '2023-09-19'::date)",
                  "Filter": "((market_cap >= '324300000000'::numeric) AND (market = 'KOSDAQ'::text))",
                  "Plans": [
                    {
                      "Node Type": "Bitmap Index Scan",
                      "Parent Relationship": "Outer",
                      "Parallel Aware": false,
                      "Async Capable": false,
                      "Index Name": "idx_sdi_event_date",
                      "Startup Cost": 0.0,
                      "Total Cost": 2.36,
                      "Plan Rows": 10,
                      "Plan Width": 0,
                      "Index Cond": "(event_date = '2023-09-19'::date)"
                    }
                  ]
                },
                {
                  "Node Type": "Index Scan",
                  "Parent Relationship": "Inner",
                  "Parallel Aware": false,
                  "Async Capable": false,
                  "Scan Direction": "Forward",
                  "Index Name": "fundamentals_daily_pkey",
                  "Relation Name": "fundamentals_daily",
                  "Alias": "fd",
                  "Startup Cost": 0.29,
                  "Total Cost": 4.3,
                  "Plan Rows": 1,
                  "Plan Width": 55,
                  "Index Cond": "((event_date = '2023-09-19'::date) AND (ticker = sdi.ticker))"
                }
              ]
            }
          ]
        }
      ]
    }
  },
  "db_statistics": {
    "table_stats": {
      "stocks_daily_info": {
        "row_count": 12700,
        "size_mb": 1.71
      },
      "fundamentals_daily": {
        "row_count": 12080,
        "size_mb": 2.33
      },
      "financials_quarterly": {
        "row_count": 8634,
        "size_mb": 0.8
      }
    },
    "existing_indexes": [
      "backtest_results_pkey",
      "community_posts_pkey",
      "financials_quarterly_pkey",
      "fundamentals_daily_pkey",
      "idx_finq_period_end",
      "idx_finq_ticker",
      "idx_fund_event_date",
      "idx_fund_ticker",
      "idx_sdi_event_date",
      "idx_sdi_ticker",
      "ix_backtest_results_strategy_id",
      "ix_community_posts_author_id",
      "ix_community_posts_strategy_id",
      "ix_ml_models_owner_id",
      "ix_strategies_owner_id",
      "ix_users_email",
      "ml_models_pkey",
      "stocks_daily_info_pkey",
      "strategies_pkey",
      "users_pkey"
    ]
  }
}
---
{
  "workload_id": 4097,
  "metadata": {
    "strategy_template": "Value Investing Style",
    "ml_model_used": null
  },
  "sql_query": "SELECT fd.bps, fd.dividend_yield, fd.eps, fd.pbr, fd.per, sdi.close_price, sdi.company_name, sdi.ma_20d, sdi.market_cap, sdi.momentum_12m, sdi.momentum_3m, sdi.rsi_14, sdi.ticker, sdi.volatility_20d FROM stocks_daily_info sdi LEFT JOIN fundamentals_daily fd ON fd.ticker = sdi.ticker AND fd.event_date = sdi.event_date WHERE sdi.market = 'KOSPI' AND sdi.market_cap >= 313700000000 AND sdi.event_date = DATE '2023-05-10' ORDER BY fd.pbr asc, fd.per desc, fd.eps desc LIMIT 48;",
  "baseline_execution_plan": {
    "Plan": {
      "Node Type": "Limit",
      "Parallel Aware": false,
      "Async Capable": false,
      "Startup Cost": 24.72,
      "Total Cost": 24.73,
      "Plan Rows": 1,
      "Plan Width": 105,
      "Plans": [
        {
          "Node Type": "Sort",
          "Parent Relationship": "Outer",
          "Parallel Aware": false,
          "Async Capable": false,
          "Startup Cost": 24.72,
          "Total Cost": 24.73,
          "Plan Rows": 1,
          "Plan Width": 105,
          "Sort Key": [
            "fd.pbr",
            "fd.per DESC",
            "fd.eps DESC"
          ],
          "Plans": [
            {
              "Node Type": "Nested Loop",
              "Parent Relationship": "Outer",
              "Parallel Aware": false,
              "Async Capable": false,
              "Join Type": "Left",
              "Startup Cost": 2.65,
              "Total Cost": 24.71,
              "Plan Rows": 1,
              "Plan Width": 105,
              "Inner Unique": true,
              "Plans": [
                {
                  "Node Type": "Bitmap Heap Scan",
                  "Parent Relationship": "Outer",
                  "Parallel Aware": false,
                  "Async Capable": false,
                  "Relation Name": "stocks_daily_info",
                  "Alias": "sdi",
                  "Startup Cost": 2.36,
                  "Total Cost": 20.4,
                  "Plan Rows": 1,
                  "Plan Width": 68,
                  "Recheck Cond": "(event_date = '2023-05-10'::date)",
                  "Filter": "((market_cap >= '313700000000'::numeric) AND (market = 'KOSPI'::text))",
                  "Plans": [
                    {
                      "Node Type": "Bitmap Index Scan",
                      "Parent Relationship": "Outer",
                      "Parallel Aware": false,
                      "Async Capable": false,
                      "Index Name": "idx_sdi_event_date",
                      "Startup Cost": 0.0,
                      "Total Cost": 2.36,
                      "Plan Rows": 10,
                      "Plan Width": 0,
                      "Index Cond": "(event_date = '2023-05-10'::date)"
                    }
                  ]
                },
                {
                  "Node Type": "Index Scan",
                  "Parent Relationship": "Inner",
                  "Parallel Aware": false,
                  "Async Capable": false,
                  "Scan Direction": "Forward",
                  "Index Name": "fundamentals_daily_pkey",
                  "Relation Name": "fundamentals_daily",
                  "Alias": "fd",
                  "Startup Cost": 0.29,
                  "Total Cost": 4.3,
                  "Plan Rows": 1,
                  "Plan Width": 55,
                  "Index Cond": "((event_date = '2023-05-10'::date) AND (ticker = sdi.ticker))"
                }
              ]
            }
          ]
        }
      ]
    }
  },
  "db_statistics": {
    "table_stats": {
      "stocks_daily_info": {
        "row_count": 12700,
        "size_mb": 1.71
      },
      "fundamentals_daily": {
        "row_count": 12080,
        "size_mb": 2.33
      },
      "financials_quarterly": {
        "row_count": 8634,
        "size_mb": 0.8
      }
    },
    "existing_indexes": [
      "backtest_results_pkey",
      "community_posts_pkey",
      "financials_quarterly_pkey",
      "fundamentals_daily_pkey",
      "idx_finq_period_end",
      "idx_finq_ticker",
      "idx_fund_event_date",
      "idx_fund_ticker",
      "idx_sdi_event_date",
      "idx_sdi_ticker",
      "ix_backtest_results_strategy_id",
      "ix_community_posts_author_id",
      "ix_community_posts_strategy_id",
      "ix_ml_models_owner_id",
      "ix_strategies_owner_id",
      "ix_users_email",
      "ml_models_pkey",
      "stocks_daily_info_pkey",
      "strategies_pkey",
      "users_pkey"
    ]
  }
}
---
{
  "workload_id": 4098,
  "metadata": {
    "strategy_template": "Momentum Investing Style",
    "ml_model_used": null
  },
  "sql_query": "SELECT sdi.close_price, sdi.company_name, sdi.ma_20d, sdi.market_cap, sdi.momentum_12m, sdi.momentum_3m, sdi.rsi_14, sdi.ticker, sdi.volatility_20d FROM stocks_daily_info sdi WHERE sdi.market = 'KOSDAQ' AND sdi.market_cap >= 171700000000 AND sdi.event_date = DATE '2023-07-10' ORDER BY sdi.momentum_3m asc, sdi.momentum_12m desc, sdi.volatility_20d asc LIMIT 37;",
  "baseline_execution_plan": {
    "Plan": {
      "Node Type": "Limit",
      "Parallel Aware": false,
      "Async Capable": false,
      "Startup Cost": 20.41,
      "Total Cost": 20.41,
      "Plan Rows": 1,
      "Plan Width": 64,
      "Plans": [
        {
          "Node Type": "Sort",
          "Parent Relationship": "Outer",
          "Parallel Aware": false,
          "Async Capable": false,
          "Startup Cost": 20.41,
          "Total Cost": 20.41,
          "Plan Rows": 1,
          "Plan Width": 64,
          "Sort Key": [
            "momentum_3m",
            "momentum_12m DESC",
            "volatility_20d"
          ],
          "Plans": [
            {
              "Node Type": "Bitmap Heap Scan",
              "Parent Relationship": "Outer",
              "Parallel Aware": false,
              "Async Capable": false,
              "Relation Name": "stocks_daily_info",
              "Alias": "sdi",
              "Startup Cost": 2.36,
              "Total Cost": 20.4,
              "Plan Rows": 1,
              "Plan Width": 64,
              "Recheck Cond": "(event_date = '2023-07-10'::date)",
              "Filter": "((market_cap >= '171700000000'::numeric) AND (market = 'KOSDAQ'::text))",
              "Plans": [
                {
                  "Node Type": "Bitmap Index Scan",
                  "Parent Relationship": "Outer",
                  "Parallel Aware": false,
                  "Async Capable": false,
                  "Index Name": "idx_sdi_event_date",
                  "Startup Cost": 0.0,
                  "Total Cost": 2.36,
                  "Plan Rows": 10,
                  "Plan Width": 0,
                  "Index Cond": "(event_date = '2023-07-10'::date)"
                }
              ]
            }
          ]
        }
      ]
    }
  },
  "db_statistics": {
    "table_stats": {
      "stocks_daily_info": {
        "row_count": 12700,
        "size_mb": 1.71
      },
      "fundamentals_daily": {
        "row_count": 12080,
        "size_mb": 2.33
      },
      "financials_quarterly": {
        "row_count": 8634,
        "size_mb": 0.8
      }
    },
    "existing_indexes": [
      "backtest_results_pkey",
      "community_posts_pkey",
      "financials_quarterly_pkey",
      "fundamentals_daily_pkey",
      "idx_finq_period_end",
      "idx_finq_ticker",
      "idx_fund_event_date",
      "idx_fund_ticker",
      "idx_sdi_event_date",
      "idx_sdi_ticker",
      "ix_backtest_results_strategy_id",
      "ix_community_posts_author_id",
      "ix_community_posts_strategy_id",
      "ix_ml_models_owner_id",
      "ix_strategies_owner_id",
      "ix_users_email",
      "ml_models_pkey",
      "stocks_daily_info_pkey",
      "strategies_pkey",
      "users_pkey"
    ]
  }
}
---
{
  "workload_id": 4099,
  "metadata": {
    "strategy_template": "ML Hybrid Style",
    "ml_model_used": null
  },
  "sql_query": "SELECT sdi.close_price, sdi.company_name, sdi.ma_20d, sdi.market_cap, sdi.momentum_12m, sdi.momentum_3m, sdi.rsi_14, sdi.ticker, sdi.volatility_20d FROM stocks_daily_info sdi WHERE sdi.market = 'KOSPI' AND sdi.market_cap >= 376700000000 AND sdi.event_date = DATE '2023-09-02' ORDER BY sdi.market_cap DESC LIMIT 32;",
  "baseline_execution_plan": {
    "Plan": {
      "Node Type": "Limit",
      "Parallel Aware": false,
      "Async Capable": false,
      "Startup Cost": 20.41,
      "Total Cost": 20.41,
      "Plan Rows": 1,
      "Plan Width": 64,
      "Plans": [
        {
          "Node Type": "Sort",
          "Parent Relationship": "Outer",
          "Parallel Aware": false,
          "Async Capable": false,
          "Startup Cost": 20.41,
          "Total Cost": 20.41,
          "Plan Rows": 1,
          "Plan Width": 64,
          "Sort Key": [
            "market_cap DESC"
          ],
          "Plans": [
            {
              "Node Type": "Bitmap Heap Scan",
              "Parent Relationship": "Outer",
              "Parallel Aware": false,
              "Async Capable": false,
              "Relation Name": "stocks_daily_info",
              "Alias": "sdi",
              "Startup Cost": 2.36,
              "Total Cost": 20.4,
              "Plan Rows": 1,
              "Plan Width": 64,
              "Recheck Cond": "(event_date = '2023-09-02'::date)",
              "Filter": "((market_cap >= '376700000000'::numeric) AND (market = 'KOSPI'::text))",
              "Plans": [
                {
                  "Node Type": "Bitmap Index Scan",
                  "Parent Relationship": "Outer",
                  "Parallel Aware": false,
                  "Async Capable": false,
                  "Index Name": "idx_sdi_event_date",
                  "Startup Cost": 0.0,
                  "Total Cost": 2.36,
                  "Plan Rows": 10,
                  "Plan Width": 0,
                  "Index Cond": "(event_date = '2023-09-02'::date)"
                }
              ]
            }
          ]
        }
      ]
    }
  },
  "db_statistics": {
    "table_stats": {
      "stocks_daily_info": {
        "row_count": 12700,
        "size_mb": 1.71
      },
      "fundamentals_daily": {
        "row_count": 12080,
        "size_mb": 2.33
      },
      "financials_quarterly": {
        "row_count": 8634,
        "size_mb": 0.8
      }
    },
    "existing_indexes": [
      "backtest_results_pkey",
      "community_posts_pkey",
      "financials_quarterly_pkey",
      "fundamentals_daily_pkey",
      "idx_finq_period_end",
      "idx_finq_ticker",
      "idx_fund_event_date",
      "idx_fund_ticker",
      "idx_sdi_event_date",
      "idx_sdi_ticker",
      "ix_backtest_results_strategy_id",
      "ix_community_posts_author_id",
      "ix_community_posts_strategy_id",
      "ix_ml_models_owner_id",
      "ix_strategies_owner_id",
      "ix_users_email",
      "ml_models_pkey",
      "stocks_daily_info_pkey",
      "strategies_pkey",
      "users_pkey"
    ]
  }
}
---
{
  "workload_id": 4100,
  "metadata": {
    "strategy_template": "Momentum Investing Style",
    "ml_model_used": null
  },
  "sql_query": "SELECT sdi.close_price, sdi.company_name, sdi.ma_20d, sdi.market_cap, sdi.momentum_12m, sdi.momentum_3m, sdi.rsi_14, sdi.ticker, sdi.volatility_20d FROM stocks_daily_info sdi WHERE sdi.market = 'KOSPI' AND sdi.market_cap >= 92000000000 AND sdi.event_date = DATE '2023-05-25' ORDER BY sdi.momentum_3m desc, sdi.momentum_12m asc, sdi.rsi_14 desc LIMIT 25;",
  "baseline_execution_plan": {
    "Plan": {
      "Node Type": "Limit",
      "Parallel Aware": false,
      "Async Capable": false,
      "Startup Cost": 20.41,
      "Total Cost": 20.41,
      "Plan Rows": 1,
      "Plan Width": 64,
      "Plans": [
        {
          "Node Type": "Sort",
          "Parent Relationship": "Outer",
          "Parallel Aware": false,
          "Async Capable": false,
          "Startup Cost": 20.41,
          "Total Cost": 20.41,
          "Plan Rows": 1,
          "Plan Width": 64,
          "Sort Key": [
            "momentum_3m DESC",
            "momentum_12m",
            "rsi_14 DESC"
          ],
          "Plans": [
            {
              "Node Type": "Bitmap Heap Scan",
              "Parent Relationship": "Outer",
              "Parallel Aware": false,
              "Async Capable": false,
              "Relation Name": "stocks_daily_info",
              "Alias": "sdi",
              "Startup Cost": 2.36,
              "Total Cost": 20.4,
              "Plan Rows": 1,
              "Plan Width": 64,
              "Recheck Cond": "(event_date = '2023-05-25'::date)",
              "Filter": "((market_cap >= '92000000000'::numeric) AND (market = 'KOSPI'::text))",
              "Plans": [
                {
                  "Node Type": "Bitmap Index Scan",
                  "Parent Relationship": "Outer",
                  "Parallel Aware": false,
                  "Async Capable": false,
                  "Index Name": "idx_sdi_event_date",
                  "Startup Cost": 0.0,
                  "Total Cost": 2.36,
                  "Plan Rows": 10,
                  "Plan Width": 0,
                  "Index Cond": "(event_date = '2023-05-25'::date)"
                }
              ]
            }
          ]
        }
      ]
    }
  },
  "db_statistics": {
    "table_stats": {
      "stocks_daily_info": {
        "row_count": 12700,
        "size_mb": 1.71
      },
      "fundamentals_daily": {
        "row_count": 12080,
        "size_mb": 2.33
      },
      "financials_quarterly": {
        "row_count": 8634,
        "size_mb": 0.8
      }
    },
    "existing_indexes": [
      "backtest_results_pkey",
      "community_posts_pkey",
      "financials_quarterly_pkey",
      "fundamentals_daily_pkey",
      "idx_finq_period_end",
      "idx_finq_ticker",
      "idx_fund_event_date",
      "idx_fund_ticker",
      "idx_sdi_event_date",
      "idx_sdi_ticker",
      "ix_backtest_results_strategy_id",
      "ix_community_posts_author_id",
      "ix_community_posts_strategy_id",
      "ix_ml_models_owner_id",
      "ix_strategies_owner_id",
      "ix_users_email",
      "ml_models_pkey",
      "stocks_daily_info_pkey",
      "strategies_pkey",
      "users_pkey"
    ]
  }
}
---
