{
  "workload_id": 201,
  "metadata": {
    "strategy_template": "Value Investing Style",
    "ml_model_used": null
  },
  "sql_query": "SELECT fd.bps, fd.dividend_yield, fd.eps, fd.pbr, fd.per, sdi.close_price, sdi.company_name, sdi.ma_20d, sdi.market_cap, sdi.momentum_12m, sdi.momentum_3m, sdi.rsi_14, sdi.ticker, sdi.volatility_20d FROM stocks_daily_info sdi LEFT JOIN fundamentals_daily fd ON fd.ticker = sdi.ticker AND fd.event_date = sdi.event_date WHERE sdi.market = 'KOSDAQ' AND sdi.market_cap >= 462600000000 AND sdi.event_date = DATE '2023-10-02' ORDER BY fd.pbr desc, fd.per asc, fd.eps desc LIMIT 36;",
  "baseline_execution_plan": {
    "Plan": {
      "Node Type": "Limit",
      "Parallel Aware": false,
      "Async Capable": false,
      "Startup Cost": 24.72,
      "Total Cost": 24.73,
      "Plan Rows": 1,
      "Plan Width": 105,
      "Plans": [
        {
          "Node Type": "Sort",
          "Parent Relationship": "Outer",
          "Parallel Aware": false,
          "Async Capable": false,
          "Startup Cost": 24.72,
          "Total Cost": 24.73,
          "Plan Rows": 1,
          "Plan Width": 105,
          "Sort Key": [
            "fd.pbr DESC",
            "fd.per",
            "fd.eps DESC"
          ],
          "Plans": [
            {
              "Node Type": "Nested Loop",
              "Parent Relationship": "Outer",
              "Parallel Aware": false,
              "Async Capable": false,
              "Join Type": "Left",
              "Startup Cost": 2.65,
              "Total Cost": 24.71,
              "Plan Rows": 1,
              "Plan Width": 105,
              "Inner Unique": true,
              "Plans": [
                {
                  "Node Type": "Bitmap Heap Scan",
                  "Parent Relationship": "Outer",
                  "Parallel Aware": false,
                  "Async Capable": false,
                  "Relation Name": "stocks_daily_info",
                  "Alias": "sdi",
                  "Startup Cost": 2.36,
                  "Total Cost": 20.4,
                  "Plan Rows": 1,
                  "Plan Width": 68,
                  "Recheck Cond": "(event_date = '2023-10-02'::date)",
                  "Filter": "((market_cap >= '462600000000'::numeric) AND (market = 'KOSDAQ'::text))",
                  "Plans": [
                    {
                      "Node Type": "Bitmap Index Scan",
                      "Parent Relationship": "Outer",
                      "Parallel Aware": false,
                      "Async Capable": false,
                      "Index Name": "idx_sdi_event_date",
                      "Startup Cost": 0.0,
                      "Total Cost": 2.36,
                      "Plan Rows": 10,
                      "Plan Width": 0,
                      "Index Cond": "(event_date = '2023-10-02'::date)"
                    }
                  ]
                },
                {
                  "Node Type": "Index Scan",
                  "Parent Relationship": "Inner",
                  "Parallel Aware": false,
                  "Async Capable": false,
                  "Scan Direction": "Forward",
                  "Index Name": "fundamentals_daily_pkey",
                  "Relation Name": "fundamentals_daily",
                  "Alias": "fd",
                  "Startup Cost": 0.29,
                  "Total Cost": 4.3,
                  "Plan Rows": 1,
                  "Plan Width": 55,
                  "Index Cond": "((event_date = '2023-10-02'::date) AND (ticker = sdi.ticker))"
                }
              ]
            }
          ]
        }
      ]
    }
  },
  "db_statistics": {
    "table_stats": {
      "stocks_daily_info": {
        "row_count": 12700,
        "size_mb": 1.71
      },
      "fundamentals_daily": {
        "row_count": 12080,
        "size_mb": 2.33
      },
      "financials_quarterly": {
        "row_count": 8634,
        "size_mb": 0.8
      }
    },
    "existing_indexes": [
      "backtest_results_pkey",
      "community_posts_pkey",
      "financials_quarterly_pkey",
      "fundamentals_daily_pkey",
      "idx_finq_period_end",
      "idx_finq_ticker",
      "idx_fund_event_date",
      "idx_fund_ticker",
      "idx_sdi_event_date",
      "idx_sdi_ticker",
      "ix_backtest_results_strategy_id",
      "ix_community_posts_author_id",
      "ix_community_posts_strategy_id",
      "ix_ml_models_owner_id",
      "ix_strategies_owner_id",
      "ix_users_email",
      "ml_models_pkey",
      "stocks_daily_info_pkey",
      "strategies_pkey",
      "users_pkey"
    ]
  }
}
---
{
  "workload_id": 202,
  "metadata": {
    "strategy_template": "Value Investing Style",
    "ml_model_used": null
  },
  "sql_query": "SELECT fd.bps, fd.dividend_yield, fd.eps, fd.pbr, fd.per, sdi.close_price, sdi.company_name, sdi.ma_20d, sdi.market_cap, sdi.momentum_12m, sdi.momentum_3m, sdi.rsi_14, sdi.ticker, sdi.volatility_20d FROM stocks_daily_info sdi LEFT JOIN fundamentals_daily fd ON fd.ticker = sdi.ticker AND fd.event_date = sdi.event_date WHERE sdi.market = 'KOSPI' AND sdi.market_cap >= 175400000000 AND sdi.event_date = DATE '2023-06-09' ORDER BY fd.pbr asc, fd.per desc, fd.dividend_yield asc, fd.eps asc LIMIT 20;",
  "baseline_execution_plan": {
    "Plan": {
      "Node Type": "Limit",
      "Parallel Aware": false,
      "Async Capable": false,
      "Startup Cost": 24.72,
      "Total Cost": 24.73,
      "Plan Rows": 1,
      "Plan Width": 105,
      "Plans": [
        {
          "Node Type": "Sort",
          "Parent Relationship": "Outer",
          "Parallel Aware": false,
          "Async Capable": false,
          "Startup Cost": 24.72,
          "Total Cost": 24.73,
          "Plan Rows": 1,
          "Plan Width": 105,
          "Sort Key": [
            "fd.pbr",
            "fd.per DESC",
            "fd.dividend_yield",
            "fd.eps"
          ],
          "Plans": [
            {
              "Node Type": "Nested Loop",
              "Parent Relationship": "Outer",
              "Parallel Aware": false,
              "Async Capable": false,
              "Join Type": "Left",
              "Startup Cost": 2.65,
              "Total Cost": 24.71,
              "Plan Rows": 1,
              "Plan Width": 105,
              "Inner Unique": true,
              "Plans": [
                {
                  "Node Type": "Bitmap Heap Scan",
                  "Parent Relationship": "Outer",
                  "Parallel Aware": false,
                  "Async Capable": false,
                  "Relation Name": "stocks_daily_info",
                  "Alias": "sdi",
                  "Startup Cost": 2.36,
                  "Total Cost": 20.4,
                  "Plan Rows": 1,
                  "Plan Width": 68,
                  "Recheck Cond": "(event_date = '2023-06-09'::date)",
                  "Filter": "((market_cap >= '175400000000'::numeric) AND (market = 'KOSPI'::text))",
                  "Plans": [
                    {
                      "Node Type": "Bitmap Index Scan",
                      "Parent Relationship": "Outer",
                      "Parallel Aware": false,
                      "Async Capable": false,
                      "Index Name": "idx_sdi_event_date",
                      "Startup Cost": 0.0,
                      "Total Cost": 2.36,
                      "Plan Rows": 10,
                      "Plan Width": 0,
                      "Index Cond": "(event_date = '2023-06-09'::date)"
                    }
                  ]
                },
                {
                  "Node Type": "Index Scan",
                  "Parent Relationship": "Inner",
                  "Parallel Aware": false,
                  "Async Capable": false,
                  "Scan Direction": "Forward",
                  "Index Name": "fundamentals_daily_pkey",
                  "Relation Name": "fundamentals_daily",
                  "Alias": "fd",
                  "Startup Cost": 0.29,
                  "Total Cost": 4.3,
                  "Plan Rows": 1,
                  "Plan Width": 55,
                  "Index Cond": "((event_date = '2023-06-09'::date) AND (ticker = sdi.ticker))"
                }
              ]
            }
          ]
        }
      ]
    }
  },
  "db_statistics": {
    "table_stats": {
      "stocks_daily_info": {
        "row_count": 12700,
        "size_mb": 1.71
      },
      "fundamentals_daily": {
        "row_count": 12080,
        "size_mb": 2.33
      },
      "financials_quarterly": {
        "row_count": 8634,
        "size_mb": 0.8
      }
    },
    "existing_indexes": [
      "backtest_results_pkey",
      "community_posts_pkey",
      "financials_quarterly_pkey",
      "fundamentals_daily_pkey",
      "idx_finq_period_end",
      "idx_finq_ticker",
      "idx_fund_event_date",
      "idx_fund_ticker",
      "idx_sdi_event_date",
      "idx_sdi_ticker",
      "ix_backtest_results_strategy_id",
      "ix_community_posts_author_id",
      "ix_community_posts_strategy_id",
      "ix_ml_models_owner_id",
      "ix_strategies_owner_id",
      "ix_users_email",
      "ml_models_pkey",
      "stocks_daily_info_pkey",
      "strategies_pkey",
      "users_pkey"
    ]
  }
}
---
{
  "workload_id": 203,
  "metadata": {
    "strategy_template": "ML Hybrid Style",
    "ml_model_used": "Return Forecast Model"
  },
  "sql_query": "SELECT fd.bps, fd.dividend_yield, fd.eps, fd.pbr, fd.per, sdi.close_price, sdi.company_name, sdi.ma_20d, sdi.market_cap, sdi.momentum_12m, sdi.momentum_3m, sdi.rsi_14, sdi.ticker, sdi.volatility_20d FROM stocks_daily_info sdi LEFT JOIN fundamentals_daily fd ON fd.ticker = sdi.ticker AND fd.event_date = sdi.event_date WHERE sdi.market = 'KOSDAQ' AND sdi.market_cap >= 158800000000 AND sdi.event_date = DATE '2023-05-31' ORDER BY CASE sdi.ticker WHEN '000660.KS' THEN 1 WHEN '005930.KS' THEN 2 WHEN '068270.KQ' THEN 3 WHEN '207940.KS' THEN 4 WHEN '035420.KS' THEN 5 WHEN '005380.KS' THEN 6 WHEN '051910.KS' THEN 7 WHEN '012330.KS' THEN 8 WHEN '035720.KS' THEN 9 WHEN '105560.KS' THEN 10 ELSE 11 END LIMIT 31;",
  "baseline_execution_plan": {
    "Plan": {
      "Node Type": "Limit",
      "Parallel Aware": false,
      "Async Capable": false,
      "Startup Cost": 24.75,
      "Total Cost": 24.75,
      "Plan Rows": 1,
      "Plan Width": 109,
      "Plans": [
        {
          "Node Type": "Sort",
          "Parent Relationship": "Outer",
          "Parallel Aware": false,
          "Async Capable": false,
          "Startup Cost": 24.75,
          "Total Cost": 24.75,
          "Plan Rows": 1,
          "Plan Width": 109,
          "Sort Key": [
            "(CASE sdi.ticker WHEN '000660.KS'::text THEN 1 WHEN '005930.KS'::text THEN 2 WHEN '068270.KQ'::text THEN 3 WHEN '207940.KS'::text THEN 4 WHEN '035420.KS'::text THEN 5 WHEN '005380.KS'::text THEN 6 WHEN '051910.KS'::text THEN 7 WHEN '012330.KS'::text THEN 8 WHEN '035720.KS'::text THEN 9 WHEN '105560.KS'::text THEN 10 ELSE 11 END)"
          ],
          "Plans": [
            {
              "Node Type": "Nested Loop",
              "Parent Relationship": "Outer",
              "Parallel Aware": false,
              "Async Capable": false,
              "Join Type": "Left",
              "Startup Cost": 2.65,
              "Total Cost": 24.74,
              "Plan Rows": 1,
              "Plan Width": 109,
              "Inner Unique": true,
              "Plans": [
                {
                  "Node Type": "Bitmap Heap Scan",
                  "Parent Relationship": "Outer",
                  "Parallel Aware": false,
                  "Async Capable": false,
                  "Relation Name": "stocks_daily_info",
                  "Alias": "sdi",
                  "Startup Cost": 2.36,
                  "Total Cost": 20.4,
                  "Plan Rows": 1,
                  "Plan Width": 68,
                  "Recheck Cond": "(event_date = '2023-05-31'::date)",
                  "Filter": "((market_cap >= '158800000000'::numeric) AND (market = 'KOSDAQ'::text))",
                  "Plans": [
                    {
                      "Node Type": "Bitmap Index Scan",
                      "Parent Relationship": "Outer",
                      "Parallel Aware": false,
                      "Async Capable": false,
                      "Index Name": "idx_sdi_event_date",
                      "Startup Cost": 0.0,
                      "Total Cost": 2.36,
                      "Plan Rows": 10,
                      "Plan Width": 0,
                      "Index Cond": "(event_date = '2023-05-31'::date)"
                    }
                  ]
                },
                {
                  "Node Type": "Index Scan",
                  "Parent Relationship": "Inner",
                  "Parallel Aware": false,
                  "Async Capable": false,
                  "Scan Direction": "Forward",
                  "Index Name": "fundamentals_daily_pkey",
                  "Relation Name": "fundamentals_daily",
                  "Alias": "fd",
                  "Startup Cost": 0.29,
                  "Total Cost": 4.3,
                  "Plan Rows": 1,
                  "Plan Width": 55,
                  "Index Cond": "((event_date = '2023-05-31'::date) AND (ticker = sdi.ticker))"
                }
              ]
            }
          ]
        }
      ]
    }
  },
  "db_statistics": {
    "table_stats": {
      "stocks_daily_info": {
        "row_count": 12700,
        "size_mb": 1.71
      },
      "fundamentals_daily": {
        "row_count": 12080,
        "size_mb": 2.33
      },
      "financials_quarterly": {
        "row_count": 8634,
        "size_mb": 0.8
      }
    },
    "existing_indexes": [
      "backtest_results_pkey",
      "community_posts_pkey",
      "financials_quarterly_pkey",
      "fundamentals_daily_pkey",
      "idx_finq_period_end",
      "idx_finq_ticker",
      "idx_fund_event_date",
      "idx_fund_ticker",
      "idx_sdi_event_date",
      "idx_sdi_ticker",
      "ix_backtest_results_strategy_id",
      "ix_community_posts_author_id",
      "ix_community_posts_strategy_id",
      "ix_ml_models_owner_id",
      "ix_strategies_owner_id",
      "ix_users_email",
      "ml_models_pkey",
      "stocks_daily_info_pkey",
      "strategies_pkey",
      "users_pkey"
    ]
  }
}
---
{
  "workload_id": 204,
  "metadata": {
    "strategy_template": "ML Hybrid Style",
    "ml_model_used": "Return Forecast Model"
  },
  "sql_query": "SELECT sdi.close_price, sdi.company_name, sdi.ma_20d, sdi.market_cap, sdi.momentum_12m, sdi.momentum_3m, sdi.rsi_14, sdi.ticker, sdi.volatility_20d FROM stocks_daily_info sdi WHERE sdi.market = 'KOSPI' AND sdi.market_cap >= 477700000000 AND sdi.event_date = DATE '2023-10-24' ORDER BY CASE sdi.ticker WHEN '000660.KS' THEN 1 WHEN '005930.KS' THEN 2 WHEN '068270.KQ' THEN 3 WHEN '207940.KS' THEN 4 WHEN '035420.KS' THEN 5 WHEN '005380.KS' THEN 6 WHEN '051910.KS' THEN 7 WHEN '012330.KS' THEN 8 WHEN '035720.KS' THEN 9 WHEN '105560.KS' THEN 10 ELSE 11 END LIMIT 40;",
  "baseline_execution_plan": {
    "Plan": {
      "Node Type": "Limit",
      "Parallel Aware": false,
      "Async Capable": false,
      "Startup Cost": 20.43,
      "Total Cost": 20.44,
      "Plan Rows": 1,
      "Plan Width": 68,
      "Plans": [
        {
          "Node Type": "Sort",
          "Parent Relationship": "Outer",
          "Parallel Aware": false,
          "Async Capable": false,
          "Startup Cost": 20.43,
          "Total Cost": 20.44,
          "Plan Rows": 1,
          "Plan Width": 68,
          "Sort Key": [
            "(CASE ticker WHEN '000660.KS'::text THEN 1 WHEN '005930.KS'::text THEN 2 WHEN '068270.KQ'::text THEN 3 WHEN '207940.KS'::text THEN 4 WHEN '035420.KS'::text THEN 5 WHEN '005380.KS'::text THEN 6 WHEN '051910.KS'::text THEN 7 WHEN '012330.KS'::text THEN 8 WHEN '035720.KS'::text THEN 9 WHEN '105560.KS'::text THEN 10 ELSE 11 END)"
          ],
          "Plans": [
            {
              "Node Type": "Bitmap Heap Scan",
              "Parent Relationship": "Outer",
              "Parallel Aware": false,
              "Async Capable": false,
              "Relation Name": "stocks_daily_info",
              "Alias": "sdi",
              "Startup Cost": 2.36,
              "Total Cost": 20.42,
              "Plan Rows": 1,
              "Plan Width": 68,
              "Recheck Cond": "(event_date = '2023-10-24'::date)",
              "Filter": "((market_cap >= '477700000000'::numeric) AND (market = 'KOSPI'::text))",
              "Plans": [
                {
                  "Node Type": "Bitmap Index Scan",
                  "Parent Relationship": "Outer",
                  "Parallel Aware": false,
                  "Async Capable": false,
                  "Index Name": "idx_sdi_event_date",
                  "Startup Cost": 0.0,
                  "Total Cost": 2.36,
                  "Plan Rows": 10,
                  "Plan Width": 0,
                  "Index Cond": "(event_date = '2023-10-24'::date)"
                }
              ]
            }
          ]
        }
      ]
    }
  },
  "db_statistics": {
    "table_stats": {
      "stocks_daily_info": {
        "row_count": 12700,
        "size_mb": 1.71
      },
      "fundamentals_daily": {
        "row_count": 12080,
        "size_mb": 2.33
      },
      "financials_quarterly": {
        "row_count": 8634,
        "size_mb": 0.8
      }
    },
    "existing_indexes": [
      "backtest_results_pkey",
      "community_posts_pkey",
      "financials_quarterly_pkey",
      "fundamentals_daily_pkey",
      "idx_finq_period_end",
      "idx_finq_ticker",
      "idx_fund_event_date",
      "idx_fund_ticker",
      "idx_sdi_event_date",
      "idx_sdi_ticker",
      "ix_backtest_results_strategy_id",
      "ix_community_posts_author_id",
      "ix_community_posts_strategy_id",
      "ix_ml_models_owner_id",
      "ix_strategies_owner_id",
      "ix_users_email",
      "ml_models_pkey",
      "stocks_daily_info_pkey",
      "strategies_pkey",
      "users_pkey"
    ]
  }
}
---
{
  "workload_id": 205,
  "metadata": {
    "strategy_template": "ML Hybrid Style",
    "ml_model_used": "Return Forecast Model"
  },
  "sql_query": "SELECT fd.bps, fd.dividend_yield, fd.eps, fd.pbr, fd.per, sdi.close_price, sdi.company_name, sdi.ma_20d, sdi.market_cap, sdi.momentum_12m, sdi.momentum_3m, sdi.rsi_14, sdi.ticker, sdi.volatility_20d FROM stocks_daily_info sdi LEFT JOIN fundamentals_daily fd ON fd.ticker = sdi.ticker AND fd.event_date = sdi.event_date WHERE sdi.market = 'KOSPI' AND sdi.market_cap >= 113100000000 AND sdi.event_date = DATE '2023-08-11' ORDER BY CASE sdi.ticker WHEN '000660.KS' THEN 1 WHEN '005930.KS' THEN 2 WHEN '068270.KQ' THEN 3 WHEN '207940.KS' THEN 4 WHEN '035420.KS' THEN 5 WHEN '005380.KS' THEN 6 WHEN '051910.KS' THEN 7 WHEN '012330.KS' THEN 8 WHEN '035720.KS' THEN 9 WHEN '105560.KS' THEN 10 ELSE 11 END LIMIT 17;",
  "baseline_execution_plan": {
    "Plan": {
      "Node Type": "Limit",
      "Parallel Aware": false,
      "Async Capable": false,
      "Startup Cost": 24.75,
      "Total Cost": 24.75,
      "Plan Rows": 1,
      "Plan Width": 109,
      "Plans": [
        {
          "Node Type": "Sort",
          "Parent Relationship": "Outer",
          "Parallel Aware": false,
          "Async Capable": false,
          "Startup Cost": 24.75,
          "Total Cost": 24.75,
          "Plan Rows": 1,
          "Plan Width": 109,
          "Sort Key": [
            "(CASE sdi.ticker WHEN '000660.KS'::text THEN 1 WHEN '005930.KS'::text THEN 2 WHEN '068270.KQ'::text THEN 3 WHEN '207940.KS'::text THEN 4 WHEN '035420.KS'::text THEN 5 WHEN '005380.KS'::text THEN 6 WHEN '051910.KS'::text THEN 7 WHEN '012330.KS'::text THEN 8 WHEN '035720.KS'::text THEN 9 WHEN '105560.KS'::text THEN 10 ELSE 11 END)"
          ],
          "Plans": [
            {
              "Node Type": "Nested Loop",
              "Parent Relationship": "Outer",
              "Parallel Aware": false,
              "Async Capable": false,
              "Join Type": "Left",
              "Startup Cost": 2.65,
              "Total Cost": 24.74,
              "Plan Rows": 1,
              "Plan Width": 109,
              "Inner Unique": true,
              "Plans": [
                {
                  "Node Type": "Bitmap Heap Scan",
                  "Parent Relationship": "Outer",
                  "Parallel Aware": false,
                  "Async Capable": false,
                  "Relation Name": "stocks_daily_info",
                  "Alias": "sdi",
                  "Startup Cost": 2.36,
                  "Total Cost": 20.4,
                  "Plan Rows": 1,
                  "Plan Width": 68,
                  "Recheck Cond": "(event_date = '2023-08-11'::date)",
                  "Filter": "((market_cap >= '113100000000'::numeric) AND (market = 'KOSPI'::text))",
                  "Plans": [
                    {
                      "Node Type": "Bitmap Index Scan",
                      "Parent Relationship": "Outer",
                      "Parallel Aware": false,
                      "Async Capable": false,
                      "Index Name": "idx_sdi_event_date",
                      "Startup Cost": 0.0,
                      "Total Cost": 2.36,
                      "Plan Rows": 10,
                      "Plan Width": 0,
                      "Index Cond": "(event_date = '2023-08-11'::date)"
                    }
                  ]
                },
                {
                  "Node Type": "Index Scan",
                  "Parent Relationship": "Inner",
                  "Parallel Aware": false,
                  "Async Capable": false,
                  "Scan Direction": "Forward",
                  "Index Name": "fundamentals_daily_pkey",
                  "Relation Name": "fundamentals_daily",
                  "Alias": "fd",
                  "Startup Cost": 0.29,
                  "Total Cost": 4.3,
                  "Plan Rows": 1,
                  "Plan Width": 55,
                  "Index Cond": "((event_date = '2023-08-11'::date) AND (ticker = sdi.ticker))"
                }
              ]
            }
          ]
        }
      ]
    }
  },
  "db_statistics": {
    "table_stats": {
      "stocks_daily_info": {
        "row_count": 12700,
        "size_mb": 1.71
      },
      "fundamentals_daily": {
        "row_count": 12080,
        "size_mb": 2.33
      },
      "financials_quarterly": {
        "row_count": 8634,
        "size_mb": 0.8
      }
    },
    "existing_indexes": [
      "backtest_results_pkey",
      "community_posts_pkey",
      "financials_quarterly_pkey",
      "fundamentals_daily_pkey",
      "idx_finq_period_end",
      "idx_finq_ticker",
      "idx_fund_event_date",
      "idx_fund_ticker",
      "idx_sdi_event_date",
      "idx_sdi_ticker",
      "ix_backtest_results_strategy_id",
      "ix_community_posts_author_id",
      "ix_community_posts_strategy_id",
      "ix_ml_models_owner_id",
      "ix_strategies_owner_id",
      "ix_users_email",
      "ml_models_pkey",
      "stocks_daily_info_pkey",
      "strategies_pkey",
      "users_pkey"
    ]
  }
}
---
{
  "workload_id": 206,
  "metadata": {
    "strategy_template": "ML Hybrid Style",
    "ml_model_used": null
  },
  "sql_query": "SELECT sdi.close_price, sdi.company_name, sdi.ma_20d, sdi.market_cap, sdi.momentum_12m, sdi.momentum_3m, sdi.rsi_14, sdi.ticker, sdi.volatility_20d FROM stocks_daily_info sdi WHERE sdi.market = 'KOSDAQ' AND sdi.market_cap >= 112800000000 AND sdi.event_date = DATE '2023-06-10' ORDER BY sdi.rsi_14 asc LIMIT 26;",
  "baseline_execution_plan": {
    "Plan": {
      "Node Type": "Limit",
      "Parallel Aware": false,
      "Async Capable": false,
      "Startup Cost": 20.41,
      "Total Cost": 20.41,
      "Plan Rows": 1,
      "Plan Width": 64,
      "Plans": [
        {
          "Node Type": "Sort",
          "Parent Relationship": "Outer",
          "Parallel Aware": false,
          "Async Capable": false,
          "Startup Cost": 20.41,
          "Total Cost": 20.41,
          "Plan Rows": 1,
          "Plan Width": 64,
          "Sort Key": [
            "rsi_14"
          ],
          "Plans": [
            {
              "Node Type": "Bitmap Heap Scan",
              "Parent Relationship": "Outer",
              "Parallel Aware": false,
              "Async Capable": false,
              "Relation Name": "stocks_daily_info",
              "Alias": "sdi",
              "Startup Cost": 2.36,
              "Total Cost": 20.4,
              "Plan Rows": 1,
              "Plan Width": 64,
              "Recheck Cond": "(event_date = '2023-06-10'::date)",
              "Filter": "((market_cap >= '112800000000'::numeric) AND (market = 'KOSDAQ'::text))",
              "Plans": [
                {
                  "Node Type": "Bitmap Index Scan",
                  "Parent Relationship": "Outer",
                  "Parallel Aware": false,
                  "Async Capable": false,
                  "Index Name": "idx_sdi_event_date",
                  "Startup Cost": 0.0,
                  "Total Cost": 2.36,
                  "Plan Rows": 10,
                  "Plan Width": 0,
                  "Index Cond": "(event_date = '2023-06-10'::date)"
                }
              ]
            }
          ]
        }
      ]
    }
  },
  "db_statistics": {
    "table_stats": {
      "stocks_daily_info": {
        "row_count": 12700,
        "size_mb": 1.71
      },
      "fundamentals_daily": {
        "row_count": 12080,
        "size_mb": 2.33
      },
      "financials_quarterly": {
        "row_count": 8634,
        "size_mb": 0.8
      }
    },
    "existing_indexes": [
      "backtest_results_pkey",
      "community_posts_pkey",
      "financials_quarterly_pkey",
      "fundamentals_daily_pkey",
      "idx_finq_period_end",
      "idx_finq_ticker",
      "idx_fund_event_date",
      "idx_fund_ticker",
      "idx_sdi_event_date",
      "idx_sdi_ticker",
      "ix_backtest_results_strategy_id",
      "ix_community_posts_author_id",
      "ix_community_posts_strategy_id",
      "ix_ml_models_owner_id",
      "ix_strategies_owner_id",
      "ix_users_email",
      "ml_models_pkey",
      "stocks_daily_info_pkey",
      "strategies_pkey",
      "users_pkey"
    ]
  }
}
---
{
  "workload_id": 207,
  "metadata": {
    "strategy_template": "Value Investing Style",
    "ml_model_used": null
  },
  "sql_query": "SELECT fd.bps, fd.dividend_yield, fd.eps, fd.pbr, fd.per, sdi.close_price, sdi.company_name, sdi.ma_20d, sdi.market_cap, sdi.momentum_12m, sdi.momentum_3m, sdi.rsi_14, sdi.ticker, sdi.volatility_20d FROM stocks_daily_info sdi LEFT JOIN fundamentals_daily fd ON fd.ticker = sdi.ticker AND fd.event_date = sdi.event_date WHERE sdi.market = 'KOSPI' AND sdi.market_cap >= 123300000000 AND sdi.event_date = DATE '2023-10-11' ORDER BY fd.pbr asc, fd.per desc LIMIT 22;",
  "baseline_execution_plan": {
    "Plan": {
      "Node Type": "Limit",
      "Parallel Aware": false,
      "Async Capable": false,
      "Startup Cost": 24.72,
      "Total Cost": 24.73,
      "Plan Rows": 1,
      "Plan Width": 105,
      "Plans": [
        {
          "Node Type": "Sort",
          "Parent Relationship": "Outer",
          "Parallel Aware": false,
          "Async Capable": false,
          "Startup Cost": 24.72,
          "Total Cost": 24.73,
          "Plan Rows": 1,
          "Plan Width": 105,
          "Sort Key": [
            "fd.pbr",
            "fd.per DESC"
          ],
          "Plans": [
            {
              "Node Type": "Nested Loop",
              "Parent Relationship": "Outer",
              "Parallel Aware": false,
              "Async Capable": false,
              "Join Type": "Left",
              "Startup Cost": 2.65,
              "Total Cost": 24.71,
              "Plan Rows": 1,
              "Plan Width": 105,
              "Inner Unique": true,
              "Plans": [
                {
                  "Node Type": "Bitmap Heap Scan",
                  "Parent Relationship": "Outer",
                  "Parallel Aware": false,
                  "Async Capable": false,
                  "Relation Name": "stocks_daily_info",
                  "Alias": "sdi",
                  "Startup Cost": 2.36,
                  "Total Cost": 20.4,
                  "Plan Rows": 1,
                  "Plan Width": 68,
                  "Recheck Cond": "(event_date = '2023-10-11'::date)",
                  "Filter": "((market_cap >= '123300000000'::numeric) AND (market = 'KOSPI'::text))",
                  "Plans": [
                    {
                      "Node Type": "Bitmap Index Scan",
                      "Parent Relationship": "Outer",
                      "Parallel Aware": false,
                      "Async Capable": false,
                      "Index Name": "idx_sdi_event_date",
                      "Startup Cost": 0.0,
                      "Total Cost": 2.36,
                      "Plan Rows": 10,
                      "Plan Width": 0,
                      "Index Cond": "(event_date = '2023-10-11'::date)"
                    }
                  ]
                },
                {
                  "Node Type": "Index Scan",
                  "Parent Relationship": "Inner",
                  "Parallel Aware": false,
                  "Async Capable": false,
                  "Scan Direction": "Forward",
                  "Index Name": "fundamentals_daily_pkey",
                  "Relation Name": "fundamentals_daily",
                  "Alias": "fd",
                  "Startup Cost": 0.29,
                  "Total Cost": 4.3,
                  "Plan Rows": 1,
                  "Plan Width": 55,
                  "Index Cond": "((event_date = '2023-10-11'::date) AND (ticker = sdi.ticker))"
                }
              ]
            }
          ]
        }
      ]
    }
  },
  "db_statistics": {
    "table_stats": {
      "stocks_daily_info": {
        "row_count": 12700,
        "size_mb": 1.71
      },
      "fundamentals_daily": {
        "row_count": 12080,
        "size_mb": 2.33
      },
      "financials_quarterly": {
        "row_count": 8634,
        "size_mb": 0.8
      }
    },
    "existing_indexes": [
      "backtest_results_pkey",
      "community_posts_pkey",
      "financials_quarterly_pkey",
      "fundamentals_daily_pkey",
      "idx_finq_period_end",
      "idx_finq_ticker",
      "idx_fund_event_date",
      "idx_fund_ticker",
      "idx_sdi_event_date",
      "idx_sdi_ticker",
      "ix_backtest_results_strategy_id",
      "ix_community_posts_author_id",
      "ix_community_posts_strategy_id",
      "ix_ml_models_owner_id",
      "ix_strategies_owner_id",
      "ix_users_email",
      "ml_models_pkey",
      "stocks_daily_info_pkey",
      "strategies_pkey",
      "users_pkey"
    ]
  }
}
---
{
  "workload_id": 208,
  "metadata": {
    "strategy_template": "Value Investing Style",
    "ml_model_used": null
  },
  "sql_query": "SELECT fd.bps, fd.dividend_yield, fd.eps, fd.pbr, fd.per, sdi.close_price, sdi.company_name, sdi.ma_20d, sdi.market_cap, sdi.momentum_12m, sdi.momentum_3m, sdi.rsi_14, sdi.ticker, sdi.volatility_20d FROM stocks_daily_info sdi LEFT JOIN fundamentals_daily fd ON fd.ticker = sdi.ticker AND fd.event_date = sdi.event_date WHERE sdi.market = 'KOSPI' AND sdi.market_cap >= 489300000000 AND sdi.event_date = DATE '2023-08-10' ORDER BY fd.pbr desc, fd.per asc, fd.eps asc, fd.dividend_yield asc LIMIT 25;",
  "baseline_execution_plan": {
    "Plan": {
      "Node Type": "Limit",
      "Parallel Aware": false,
      "Async Capable": false,
      "Startup Cost": 24.72,
      "Total Cost": 24.73,
      "Plan Rows": 1,
      "Plan Width": 105,
      "Plans": [
        {
          "Node Type": "Sort",
          "Parent Relationship": "Outer",
          "Parallel Aware": false,
          "Async Capable": false,
          "Startup Cost": 24.72,
          "Total Cost": 24.73,
          "Plan Rows": 1,
          "Plan Width": 105,
          "Sort Key": [
            "fd.pbr DESC",
            "fd.per",
            "fd.eps",
            "fd.dividend_yield"
          ],
          "Plans": [
            {
              "Node Type": "Nested Loop",
              "Parent Relationship": "Outer",
              "Parallel Aware": false,
              "Async Capable": false,
              "Join Type": "Left",
              "Startup Cost": 2.65,
              "Total Cost": 24.71,
              "Plan Rows": 1,
              "Plan Width": 105,
              "Inner Unique": true,
              "Plans": [
                {
                  "Node Type": "Bitmap Heap Scan",
                  "Parent Relationship": "Outer",
                  "Parallel Aware": false,
                  "Async Capable": false,
                  "Relation Name": "stocks_daily_info",
                  "Alias": "sdi",
                  "Startup Cost": 2.36,
                  "Total Cost": 20.4,
                  "Plan Rows": 1,
                  "Plan Width": 68,
                  "Recheck Cond": "(event_date = '2023-08-10'::date)",
                  "Filter": "((market_cap >= '489300000000'::numeric) AND (market = 'KOSPI'::text))",
                  "Plans": [
                    {
                      "Node Type": "Bitmap Index Scan",
                      "Parent Relationship": "Outer",
                      "Parallel Aware": false,
                      "Async Capable": false,
                      "Index Name": "idx_sdi_event_date",
                      "Startup Cost": 0.0,
                      "Total Cost": 2.36,
                      "Plan Rows": 10,
                      "Plan Width": 0,
                      "Index Cond": "(event_date = '2023-08-10'::date)"
                    }
                  ]
                },
                {
                  "Node Type": "Index Scan",
                  "Parent Relationship": "Inner",
                  "Parallel Aware": false,
                  "Async Capable": false,
                  "Scan Direction": "Forward",
                  "Index Name": "fundamentals_daily_pkey",
                  "Relation Name": "fundamentals_daily",
                  "Alias": "fd",
                  "Startup Cost": 0.29,
                  "Total Cost": 4.3,
                  "Plan Rows": 1,
                  "Plan Width": 55,
                  "Index Cond": "((event_date = '2023-08-10'::date) AND (ticker = sdi.ticker))"
                }
              ]
            }
          ]
        }
      ]
    }
  },
  "db_statistics": {
    "table_stats": {
      "stocks_daily_info": {
        "row_count": 12700,
        "size_mb": 1.71
      },
      "fundamentals_daily": {
        "row_count": 12080,
        "size_mb": 2.33
      },
      "financials_quarterly": {
        "row_count": 8634,
        "size_mb": 0.8
      }
    },
    "existing_indexes": [
      "backtest_results_pkey",
      "community_posts_pkey",
      "financials_quarterly_pkey",
      "fundamentals_daily_pkey",
      "idx_finq_period_end",
      "idx_finq_ticker",
      "idx_fund_event_date",
      "idx_fund_ticker",
      "idx_sdi_event_date",
      "idx_sdi_ticker",
      "ix_backtest_results_strategy_id",
      "ix_community_posts_author_id",
      "ix_community_posts_strategy_id",
      "ix_ml_models_owner_id",
      "ix_strategies_owner_id",
      "ix_users_email",
      "ml_models_pkey",
      "stocks_daily_info_pkey",
      "strategies_pkey",
      "users_pkey"
    ]
  }
}
---
{
  "workload_id": 209,
  "metadata": {
    "strategy_template": "ML Hybrid Style",
    "ml_model_used": "Return Forecast Model"
  },
  "sql_query": "SELECT fd.bps, fd.dividend_yield, fd.eps, fd.pbr, fd.per, sdi.close_price, sdi.company_name, sdi.ma_20d, sdi.market_cap, sdi.momentum_12m, sdi.momentum_3m, sdi.rsi_14, sdi.ticker, sdi.volatility_20d FROM stocks_daily_info sdi LEFT JOIN fundamentals_daily fd ON fd.ticker = sdi.ticker AND fd.event_date = sdi.event_date WHERE sdi.market = 'KOSPI' AND sdi.market_cap >= 318500000000 AND sdi.event_date = DATE '2023-10-26' ORDER BY CASE sdi.ticker WHEN '000660.KS' THEN 1 WHEN '005930.KS' THEN 2 WHEN '068270.KQ' THEN 3 WHEN '207940.KS' THEN 4 WHEN '035420.KS' THEN 5 WHEN '005380.KS' THEN 6 WHEN '051910.KS' THEN 7 WHEN '012330.KS' THEN 8 WHEN '035720.KS' THEN 9 WHEN '105560.KS' THEN 10 ELSE 11 END LIMIT 48;",
  "baseline_execution_plan": {
    "Plan": {
      "Node Type": "Limit",
      "Parallel Aware": false,
      "Async Capable": false,
      "Startup Cost": 24.75,
      "Total Cost": 24.75,
      "Plan Rows": 1,
      "Plan Width": 109,
      "Plans": [
        {
          "Node Type": "Sort",
          "Parent Relationship": "Outer",
          "Parallel Aware": false,
          "Async Capable": false,
          "Startup Cost": 24.75,
          "Total Cost": 24.75,
          "Plan Rows": 1,
          "Plan Width": 109,
          "Sort Key": [
            "(CASE sdi.ticker WHEN '000660.KS'::text THEN 1 WHEN '005930.KS'::text THEN 2 WHEN '068270.KQ'::text THEN 3 WHEN '207940.KS'::text THEN 4 WHEN '035420.KS'::text THEN 5 WHEN '005380.KS'::text THEN 6 WHEN '051910.KS'::text THEN 7 WHEN '012330.KS'::text THEN 8 WHEN '035720.KS'::text THEN 9 WHEN '105560.KS'::text THEN 10 ELSE 11 END)"
          ],
          "Plans": [
            {
              "Node Type": "Nested Loop",
              "Parent Relationship": "Outer",
              "Parallel Aware": false,
              "Async Capable": false,
              "Join Type": "Left",
              "Startup Cost": 2.65,
              "Total Cost": 24.74,
              "Plan Rows": 1,
              "Plan Width": 109,
              "Inner Unique": true,
              "Plans": [
                {
                  "Node Type": "Bitmap Heap Scan",
                  "Parent Relationship": "Outer",
                  "Parallel Aware": false,
                  "Async Capable": false,
                  "Relation Name": "stocks_daily_info",
                  "Alias": "sdi",
                  "Startup Cost": 2.36,
                  "Total Cost": 20.4,
                  "Plan Rows": 1,
                  "Plan Width": 68,
                  "Recheck Cond": "(event_date = '2023-10-26'::date)",
                  "Filter": "((market_cap >= '318500000000'::numeric) AND (market = 'KOSPI'::text))",
                  "Plans": [
                    {
                      "Node Type": "Bitmap Index Scan",
                      "Parent Relationship": "Outer",
                      "Parallel Aware": false,
                      "Async Capable": false,
                      "Index Name": "idx_sdi_event_date",
                      "Startup Cost": 0.0,
                      "Total Cost": 2.36,
                      "Plan Rows": 10,
                      "Plan Width": 0,
                      "Index Cond": "(event_date = '2023-10-26'::date)"
                    }
                  ]
                },
                {
                  "Node Type": "Index Scan",
                  "Parent Relationship": "Inner",
                  "Parallel Aware": false,
                  "Async Capable": false,
                  "Scan Direction": "Forward",
                  "Index Name": "fundamentals_daily_pkey",
                  "Relation Name": "fundamentals_daily",
                  "Alias": "fd",
                  "Startup Cost": 0.29,
                  "Total Cost": 4.3,
                  "Plan Rows": 1,
                  "Plan Width": 55,
                  "Index Cond": "((event_date = '2023-10-26'::date) AND (ticker = sdi.ticker))"
                }
              ]
            }
          ]
        }
      ]
    }
  },
  "db_statistics": {
    "table_stats": {
      "stocks_daily_info": {
        "row_count": 12700,
        "size_mb": 1.71
      },
      "fundamentals_daily": {
        "row_count": 12080,
        "size_mb": 2.33
      },
      "financials_quarterly": {
        "row_count": 8634,
        "size_mb": 0.8
      }
    },
    "existing_indexes": [
      "backtest_results_pkey",
      "community_posts_pkey",
      "financials_quarterly_pkey",
      "fundamentals_daily_pkey",
      "idx_finq_period_end",
      "idx_finq_ticker",
      "idx_fund_event_date",
      "idx_fund_ticker",
      "idx_sdi_event_date",
      "idx_sdi_ticker",
      "ix_backtest_results_strategy_id",
      "ix_community_posts_author_id",
      "ix_community_posts_strategy_id",
      "ix_ml_models_owner_id",
      "ix_strategies_owner_id",
      "ix_users_email",
      "ml_models_pkey",
      "stocks_daily_info_pkey",
      "strategies_pkey",
      "users_pkey"
    ]
  }
}
---
{
  "workload_id": 210,
  "metadata": {
    "strategy_template": "Momentum Investing Style",
    "ml_model_used": null
  },
  "sql_query": "SELECT sdi.close_price, sdi.company_name, sdi.ma_20d, sdi.market_cap, sdi.momentum_12m, sdi.momentum_3m, sdi.rsi_14, sdi.ticker, sdi.volatility_20d FROM stocks_daily_info sdi WHERE sdi.market = 'KOSDAQ' AND sdi.market_cap >= 482600000000 AND sdi.event_date = DATE '2023-09-26' ORDER BY sdi.momentum_3m asc, sdi.momentum_12m asc, sdi.volatility_20d desc, sdi.rsi_14 desc LIMIT 16;",
  "baseline_execution_plan": {
    "Plan": {
      "Node Type": "Limit",
      "Parallel Aware": false,
      "Async Capable": false,
      "Startup Cost": 20.41,
      "Total Cost": 20.41,
      "Plan Rows": 1,
      "Plan Width": 64,
      "Plans": [
        {
          "Node Type": "Sort",
          "Parent Relationship": "Outer",
          "Parallel Aware": false,
          "Async Capable": false,
          "Startup Cost": 20.41,
          "Total Cost": 20.41,
          "Plan Rows": 1,
          "Plan Width": 64,
          "Sort Key": [
            "momentum_3m",
            "momentum_12m",
            "volatility_20d DESC",
            "rsi_14 DESC"
          ],
          "Plans": [
            {
              "Node Type": "Bitmap Heap Scan",
              "Parent Relationship": "Outer",
              "Parallel Aware": false,
              "Async Capable": false,
              "Relation Name": "stocks_daily_info",
              "Alias": "sdi",
              "Startup Cost": 2.36,
              "Total Cost": 20.4,
              "Plan Rows": 1,
              "Plan Width": 64,
              "Recheck Cond": "(event_date = '2023-09-26'::date)",
              "Filter": "((market_cap >= '482600000000'::numeric) AND (market = 'KOSDAQ'::text))",
              "Plans": [
                {
                  "Node Type": "Bitmap Index Scan",
                  "Parent Relationship": "Outer",
                  "Parallel Aware": false,
                  "Async Capable": false,
                  "Index Name": "idx_sdi_event_date",
                  "Startup Cost": 0.0,
                  "Total Cost": 2.36,
                  "Plan Rows": 10,
                  "Plan Width": 0,
                  "Index Cond": "(event_date = '2023-09-26'::date)"
                }
              ]
            }
          ]
        }
      ]
    }
  },
  "db_statistics": {
    "table_stats": {
      "stocks_daily_info": {
        "row_count": 12700,
        "size_mb": 1.71
      },
      "fundamentals_daily": {
        "row_count": 12080,
        "size_mb": 2.33
      },
      "financials_quarterly": {
        "row_count": 8634,
        "size_mb": 0.8
      }
    },
    "existing_indexes": [
      "backtest_results_pkey",
      "community_posts_pkey",
      "financials_quarterly_pkey",
      "fundamentals_daily_pkey",
      "idx_finq_period_end",
      "idx_finq_ticker",
      "idx_fund_event_date",
      "idx_fund_ticker",
      "idx_sdi_event_date",
      "idx_sdi_ticker",
      "ix_backtest_results_strategy_id",
      "ix_community_posts_author_id",
      "ix_community_posts_strategy_id",
      "ix_ml_models_owner_id",
      "ix_strategies_owner_id",
      "ix_users_email",
      "ml_models_pkey",
      "stocks_daily_info_pkey",
      "strategies_pkey",
      "users_pkey"
    ]
  }
}
---
{
  "workload_id": 211,
  "metadata": {
    "strategy_template": "Momentum Investing Style",
    "ml_model_used": null
  },
  "sql_query": "SELECT sdi.close_price, sdi.company_name, sdi.ma_20d, sdi.market_cap, sdi.momentum_12m, sdi.momentum_3m, sdi.rsi_14, sdi.ticker, sdi.volatility_20d FROM stocks_daily_info sdi WHERE sdi.market = 'KOSDAQ' AND sdi.market_cap >= 437500000000 AND sdi.event_date = DATE '2023-05-15' ORDER BY sdi.momentum_3m desc, sdi.momentum_12m desc LIMIT 14;",
  "baseline_execution_plan": {
    "Plan": {
      "Node Type": "Limit",
      "Parallel Aware": false,
      "Async Capable": false,
      "Startup Cost": 20.41,
      "Total Cost": 20.41,
      "Plan Rows": 1,
      "Plan Width": 64,
      "Plans": [
        {
          "Node Type": "Sort",
          "Parent Relationship": "Outer",
          "Parallel Aware": false,
          "Async Capable": false,
          "Startup Cost": 20.41,
          "Total Cost": 20.41,
          "Plan Rows": 1,
          "Plan Width": 64,
          "Sort Key": [
            "momentum_3m DESC",
            "momentum_12m DESC"
          ],
          "Plans": [
            {
              "Node Type": "Bitmap Heap Scan",
              "Parent Relationship": "Outer",
              "Parallel Aware": false,
              "Async Capable": false,
              "Relation Name": "stocks_daily_info",
              "Alias": "sdi",
              "Startup Cost": 2.36,
              "Total Cost": 20.4,
              "Plan Rows": 1,
              "Plan Width": 64,
              "Recheck Cond": "(event_date = '2023-05-15'::date)",
              "Filter": "((market_cap >= '437500000000'::numeric) AND (market = 'KOSDAQ'::text))",
              "Plans": [
                {
                  "Node Type": "Bitmap Index Scan",
                  "Parent Relationship": "Outer",
                  "Parallel Aware": false,
                  "Async Capable": false,
                  "Index Name": "idx_sdi_event_date",
                  "Startup Cost": 0.0,
                  "Total Cost": 2.36,
                  "Plan Rows": 10,
                  "Plan Width": 0,
                  "Index Cond": "(event_date = '2023-05-15'::date)"
                }
              ]
            }
          ]
        }
      ]
    }
  },
  "db_statistics": {
    "table_stats": {
      "stocks_daily_info": {
        "row_count": 12700,
        "size_mb": 1.71
      },
      "fundamentals_daily": {
        "row_count": 12080,
        "size_mb": 2.33
      },
      "financials_quarterly": {
        "row_count": 8634,
        "size_mb": 0.8
      }
    },
    "existing_indexes": [
      "backtest_results_pkey",
      "community_posts_pkey",
      "financials_quarterly_pkey",
      "fundamentals_daily_pkey",
      "idx_finq_period_end",
      "idx_finq_ticker",
      "idx_fund_event_date",
      "idx_fund_ticker",
      "idx_sdi_event_date",
      "idx_sdi_ticker",
      "ix_backtest_results_strategy_id",
      "ix_community_posts_author_id",
      "ix_community_posts_strategy_id",
      "ix_ml_models_owner_id",
      "ix_strategies_owner_id",
      "ix_users_email",
      "ml_models_pkey",
      "stocks_daily_info_pkey",
      "strategies_pkey",
      "users_pkey"
    ]
  }
}
---
{
  "workload_id": 212,
  "metadata": {
    "strategy_template": "Value Investing Style",
    "ml_model_used": null
  },
  "sql_query": "SELECT fd.bps, fd.dividend_yield, fd.eps, fd.pbr, fd.per, sdi.close_price, sdi.company_name, sdi.ma_20d, sdi.market_cap, sdi.momentum_12m, sdi.momentum_3m, sdi.rsi_14, sdi.ticker, sdi.volatility_20d FROM stocks_daily_info sdi LEFT JOIN fundamentals_daily fd ON fd.ticker = sdi.ticker AND fd.event_date = sdi.event_date WHERE sdi.market = 'KOSPI' AND sdi.market_cap >= 293800000000 AND sdi.event_date = DATE '2023-10-26' ORDER BY fd.pbr asc, fd.per asc LIMIT 32;",
  "baseline_execution_plan": {
    "Plan": {
      "Node Type": "Limit",
      "Parallel Aware": false,
      "Async Capable": false,
      "Startup Cost": 24.72,
      "Total Cost": 24.73,
      "Plan Rows": 1,
      "Plan Width": 105,
      "Plans": [
        {
          "Node Type": "Sort",
          "Parent Relationship": "Outer",
          "Parallel Aware": false,
          "Async Capable": false,
          "Startup Cost": 24.72,
          "Total Cost": 24.73,
          "Plan Rows": 1,
          "Plan Width": 105,
          "Sort Key": [
            "fd.pbr",
            "fd.per"
          ],
          "Plans": [
            {
              "Node Type": "Nested Loop",
              "Parent Relationship": "Outer",
              "Parallel Aware": false,
              "Async Capable": false,
              "Join Type": "Left",
              "Startup Cost": 2.65,
              "Total Cost": 24.71,
              "Plan Rows": 1,
              "Plan Width": 105,
              "Inner Unique": true,
              "Plans": [
                {
                  "Node Type": "Bitmap Heap Scan",
                  "Parent Relationship": "Outer",
                  "Parallel Aware": false,
                  "Async Capable": false,
                  "Relation Name": "stocks_daily_info",
                  "Alias": "sdi",
                  "Startup Cost": 2.36,
                  "Total Cost": 20.4,
                  "Plan Rows": 1,
                  "Plan Width": 68,
                  "Recheck Cond": "(event_date = '2023-10-26'::date)",
                  "Filter": "((market_cap >= '293800000000'::numeric) AND (market = 'KOSPI'::text))",
                  "Plans": [
                    {
                      "Node Type": "Bitmap Index Scan",
                      "Parent Relationship": "Outer",
                      "Parallel Aware": false,
                      "Async Capable": false,
                      "Index Name": "idx_sdi_event_date",
                      "Startup Cost": 0.0,
                      "Total Cost": 2.36,
                      "Plan Rows": 10,
                      "Plan Width": 0,
                      "Index Cond": "(event_date = '2023-10-26'::date)"
                    }
                  ]
                },
                {
                  "Node Type": "Index Scan",
                  "Parent Relationship": "Inner",
                  "Parallel Aware": false,
                  "Async Capable": false,
                  "Scan Direction": "Forward",
                  "Index Name": "fundamentals_daily_pkey",
                  "Relation Name": "fundamentals_daily",
                  "Alias": "fd",
                  "Startup Cost": 0.29,
                  "Total Cost": 4.3,
                  "Plan Rows": 1,
                  "Plan Width": 55,
                  "Index Cond": "((event_date = '2023-10-26'::date) AND (ticker = sdi.ticker))"
                }
              ]
            }
          ]
        }
      ]
    }
  },
  "db_statistics": {
    "table_stats": {
      "stocks_daily_info": {
        "row_count": 12700,
        "size_mb": 1.71
      },
      "fundamentals_daily": {
        "row_count": 12080,
        "size_mb": 2.33
      },
      "financials_quarterly": {
        "row_count": 8634,
        "size_mb": 0.8
      }
    },
    "existing_indexes": [
      "backtest_results_pkey",
      "community_posts_pkey",
      "financials_quarterly_pkey",
      "fundamentals_daily_pkey",
      "idx_finq_period_end",
      "idx_finq_ticker",
      "idx_fund_event_date",
      "idx_fund_ticker",
      "idx_sdi_event_date",
      "idx_sdi_ticker",
      "ix_backtest_results_strategy_id",
      "ix_community_posts_author_id",
      "ix_community_posts_strategy_id",
      "ix_ml_models_owner_id",
      "ix_strategies_owner_id",
      "ix_users_email",
      "ml_models_pkey",
      "stocks_daily_info_pkey",
      "strategies_pkey",
      "users_pkey"
    ]
  }
}
---
{
  "workload_id": 213,
  "metadata": {
    "strategy_template": "ML Hybrid Style",
    "ml_model_used": null
  },
  "sql_query": "SELECT sdi.close_price, sdi.company_name, sdi.ma_20d, sdi.market_cap, sdi.momentum_12m, sdi.momentum_3m, sdi.rsi_14, sdi.ticker, sdi.volatility_20d FROM stocks_daily_info sdi WHERE sdi.market = 'KOSDAQ' AND sdi.market_cap >= 370500000000 AND sdi.event_date = DATE '2023-07-09' ORDER BY sdi.momentum_3m asc, sdi.rsi_14 desc, sdi.volatility_20d asc LIMIT 25;",
  "baseline_execution_plan": {
    "Plan": {
      "Node Type": "Limit",
      "Parallel Aware": false,
      "Async Capable": false,
      "Startup Cost": 20.41,
      "Total Cost": 20.41,
      "Plan Rows": 1,
      "Plan Width": 64,
      "Plans": [
        {
          "Node Type": "Sort",
          "Parent Relationship": "Outer",
          "Parallel Aware": false,
          "Async Capable": false,
          "Startup Cost": 20.41,
          "Total Cost": 20.41,
          "Plan Rows": 1,
          "Plan Width": 64,
          "Sort Key": [
            "momentum_3m",
            "rsi_14 DESC",
            "volatility_20d"
          ],
          "Plans": [
            {
              "Node Type": "Bitmap Heap Scan",
              "Parent Relationship": "Outer",
              "Parallel Aware": false,
              "Async Capable": false,
              "Relation Name": "stocks_daily_info",
              "Alias": "sdi",
              "Startup Cost": 2.36,
              "Total Cost": 20.4,
              "Plan Rows": 1,
              "Plan Width": 64,
              "Recheck Cond": "(event_date = '2023-07-09'::date)",
              "Filter": "((market_cap >= '370500000000'::numeric) AND (market = 'KOSDAQ'::text))",
              "Plans": [
                {
                  "Node Type": "Bitmap Index Scan",
                  "Parent Relationship": "Outer",
                  "Parallel Aware": false,
                  "Async Capable": false,
                  "Index Name": "idx_sdi_event_date",
                  "Startup Cost": 0.0,
                  "Total Cost": 2.36,
                  "Plan Rows": 10,
                  "Plan Width": 0,
                  "Index Cond": "(event_date = '2023-07-09'::date)"
                }
              ]
            }
          ]
        }
      ]
    }
  },
  "db_statistics": {
    "table_stats": {
      "stocks_daily_info": {
        "row_count": 12700,
        "size_mb": 1.71
      },
      "fundamentals_daily": {
        "row_count": 12080,
        "size_mb": 2.33
      },
      "financials_quarterly": {
        "row_count": 8634,
        "size_mb": 0.8
      }
    },
    "existing_indexes": [
      "backtest_results_pkey",
      "community_posts_pkey",
      "financials_quarterly_pkey",
      "fundamentals_daily_pkey",
      "idx_finq_period_end",
      "idx_finq_ticker",
      "idx_fund_event_date",
      "idx_fund_ticker",
      "idx_sdi_event_date",
      "idx_sdi_ticker",
      "ix_backtest_results_strategy_id",
      "ix_community_posts_author_id",
      "ix_community_posts_strategy_id",
      "ix_ml_models_owner_id",
      "ix_strategies_owner_id",
      "ix_users_email",
      "ml_models_pkey",
      "stocks_daily_info_pkey",
      "strategies_pkey",
      "users_pkey"
    ]
  }
}
---
{
  "workload_id": 214,
  "metadata": {
    "strategy_template": "Momentum Investing Style",
    "ml_model_used": null
  },
  "sql_query": "SELECT sdi.close_price, sdi.company_name, sdi.ma_20d, sdi.market_cap, sdi.momentum_12m, sdi.momentum_3m, sdi.rsi_14, sdi.ticker, sdi.volatility_20d FROM stocks_daily_info sdi WHERE sdi.market = 'KOSDAQ' AND sdi.market_cap >= 207500000000 AND sdi.event_date = DATE '2023-05-10' ORDER BY sdi.momentum_3m asc, sdi.momentum_12m desc LIMIT 36;",
  "baseline_execution_plan": {
    "Plan": {
      "Node Type": "Limit",
      "Parallel Aware": false,
      "Async Capable": false,
      "Startup Cost": 20.41,
      "Total Cost": 20.41,
      "Plan Rows": 1,
      "Plan Width": 64,
      "Plans": [
        {
          "Node Type": "Sort",
          "Parent Relationship": "Outer",
          "Parallel Aware": false,
          "Async Capable": false,
          "Startup Cost": 20.41,
          "Total Cost": 20.41,
          "Plan Rows": 1,
          "Plan Width": 64,
          "Sort Key": [
            "momentum_3m",
            "momentum_12m DESC"
          ],
          "Plans": [
            {
              "Node Type": "Bitmap Heap Scan",
              "Parent Relationship": "Outer",
              "Parallel Aware": false,
              "Async Capable": false,
              "Relation Name": "stocks_daily_info",
              "Alias": "sdi",
              "Startup Cost": 2.36,
              "Total Cost": 20.4,
              "Plan Rows": 1,
              "Plan Width": 64,
              "Recheck Cond": "(event_date = '2023-05-10'::date)",
              "Filter": "((market_cap >= '207500000000'::numeric) AND (market = 'KOSDAQ'::text))",
              "Plans": [
                {
                  "Node Type": "Bitmap Index Scan",
                  "Parent Relationship": "Outer",
                  "Parallel Aware": false,
                  "Async Capable": false,
                  "Index Name": "idx_sdi_event_date",
                  "Startup Cost": 0.0,
                  "Total Cost": 2.36,
                  "Plan Rows": 10,
                  "Plan Width": 0,
                  "Index Cond": "(event_date = '2023-05-10'::date)"
                }
              ]
            }
          ]
        }
      ]
    }
  },
  "db_statistics": {
    "table_stats": {
      "stocks_daily_info": {
        "row_count": 12700,
        "size_mb": 1.71
      },
      "fundamentals_daily": {
        "row_count": 12080,
        "size_mb": 2.33
      },
      "financials_quarterly": {
        "row_count": 8634,
        "size_mb": 0.8
      }
    },
    "existing_indexes": [
      "backtest_results_pkey",
      "community_posts_pkey",
      "financials_quarterly_pkey",
      "fundamentals_daily_pkey",
      "idx_finq_period_end",
      "idx_finq_ticker",
      "idx_fund_event_date",
      "idx_fund_ticker",
      "idx_sdi_event_date",
      "idx_sdi_ticker",
      "ix_backtest_results_strategy_id",
      "ix_community_posts_author_id",
      "ix_community_posts_strategy_id",
      "ix_ml_models_owner_id",
      "ix_strategies_owner_id",
      "ix_users_email",
      "ml_models_pkey",
      "stocks_daily_info_pkey",
      "strategies_pkey",
      "users_pkey"
    ]
  }
}
---
{
  "workload_id": 215,
  "metadata": {
    "strategy_template": "Momentum Investing Style",
    "ml_model_used": null
  },
  "sql_query": "SELECT sdi.close_price, sdi.company_name, sdi.ma_20d, sdi.market_cap, sdi.momentum_12m, sdi.momentum_3m, sdi.rsi_14, sdi.ticker, sdi.volatility_20d FROM stocks_daily_info sdi WHERE sdi.market = 'KOSDAQ' AND sdi.market_cap >= 120300000000 AND sdi.event_date = DATE '2023-07-01' ORDER BY sdi.momentum_3m asc, sdi.momentum_12m asc, sdi.volatility_20d desc, sdi.rsi_14 asc LIMIT 12;",
  "baseline_execution_plan": {
    "Plan": {
      "Node Type": "Limit",
      "Parallel Aware": false,
      "Async Capable": false,
      "Startup Cost": 20.41,
      "Total Cost": 20.41,
      "Plan Rows": 1,
      "Plan Width": 64,
      "Plans": [
        {
          "Node Type": "Sort",
          "Parent Relationship": "Outer",
          "Parallel Aware": false,
          "Async Capable": false,
          "Startup Cost": 20.41,
          "Total Cost": 20.41,
          "Plan Rows": 1,
          "Plan Width": 64,
          "Sort Key": [
            "momentum_3m",
            "momentum_12m",
            "volatility_20d DESC",
            "rsi_14"
          ],
          "Plans": [
            {
              "Node Type": "Bitmap Heap Scan",
              "Parent Relationship": "Outer",
              "Parallel Aware": false,
              "Async Capable": false,
              "Relation Name": "stocks_daily_info",
              "Alias": "sdi",
              "Startup Cost": 2.36,
              "Total Cost": 20.4,
              "Plan Rows": 1,
              "Plan Width": 64,
              "Recheck Cond": "(event_date = '2023-07-01'::date)",
              "Filter": "((market_cap >= '120300000000'::numeric) AND (market = 'KOSDAQ'::text))",
              "Plans": [
                {
                  "Node Type": "Bitmap Index Scan",
                  "Parent Relationship": "Outer",
                  "Parallel Aware": false,
                  "Async Capable": false,
                  "Index Name": "idx_sdi_event_date",
                  "Startup Cost": 0.0,
                  "Total Cost": 2.36,
                  "Plan Rows": 10,
                  "Plan Width": 0,
                  "Index Cond": "(event_date = '2023-07-01'::date)"
                }
              ]
            }
          ]
        }
      ]
    }
  },
  "db_statistics": {
    "table_stats": {
      "stocks_daily_info": {
        "row_count": 12700,
        "size_mb": 1.71
      },
      "fundamentals_daily": {
        "row_count": 12080,
        "size_mb": 2.33
      },
      "financials_quarterly": {
        "row_count": 8634,
        "size_mb": 0.8
      }
    },
    "existing_indexes": [
      "backtest_results_pkey",
      "community_posts_pkey",
      "financials_quarterly_pkey",
      "fundamentals_daily_pkey",
      "idx_finq_period_end",
      "idx_finq_ticker",
      "idx_fund_event_date",
      "idx_fund_ticker",
      "idx_sdi_event_date",
      "idx_sdi_ticker",
      "ix_backtest_results_strategy_id",
      "ix_community_posts_author_id",
      "ix_community_posts_strategy_id",
      "ix_ml_models_owner_id",
      "ix_strategies_owner_id",
      "ix_users_email",
      "ml_models_pkey",
      "stocks_daily_info_pkey",
      "strategies_pkey",
      "users_pkey"
    ]
  }
}
---
{
  "workload_id": 216,
  "metadata": {
    "strategy_template": "ML Hybrid Style",
    "ml_model_used": "Return Forecast Model"
  },
  "sql_query": "SELECT sdi.close_price, sdi.company_name, sdi.ma_20d, sdi.market_cap, sdi.momentum_12m, sdi.momentum_3m, sdi.rsi_14, sdi.ticker, sdi.volatility_20d FROM stocks_daily_info sdi WHERE sdi.market = 'KOSPI' AND sdi.market_cap >= 205300000000 AND sdi.event_date = DATE '2023-08-30' ORDER BY CASE sdi.ticker WHEN '000660.KS' THEN 1 WHEN '005930.KS' THEN 2 WHEN '068270.KQ' THEN 3 WHEN '207940.KS' THEN 4 WHEN '035420.KS' THEN 5 WHEN '005380.KS' THEN 6 WHEN '051910.KS' THEN 7 WHEN '012330.KS' THEN 8 WHEN '035720.KS' THEN 9 WHEN '105560.KS' THEN 10 ELSE 11 END LIMIT 23;",
  "baseline_execution_plan": {
    "Plan": {
      "Node Type": "Limit",
      "Parallel Aware": false,
      "Async Capable": false,
      "Startup Cost": 20.43,
      "Total Cost": 20.44,
      "Plan Rows": 1,
      "Plan Width": 68,
      "Plans": [
        {
          "Node Type": "Sort",
          "Parent Relationship": "Outer",
          "Parallel Aware": false,
          "Async Capable": false,
          "Startup Cost": 20.43,
          "Total Cost": 20.44,
          "Plan Rows": 1,
          "Plan Width": 68,
          "Sort Key": [
            "(CASE ticker WHEN '000660.KS'::text THEN 1 WHEN '005930.KS'::text THEN 2 WHEN '068270.KQ'::text THEN 3 WHEN '207940.KS'::text THEN 4 WHEN '035420.KS'::text THEN 5 WHEN '005380.KS'::text THEN 6 WHEN '051910.KS'::text THEN 7 WHEN '012330.KS'::text THEN 8 WHEN '035720.KS'::text THEN 9 WHEN '105560.KS'::text THEN 10 ELSE 11 END)"
          ],
          "Plans": [
            {
              "Node Type": "Bitmap Heap Scan",
              "Parent Relationship": "Outer",
              "Parallel Aware": false,
              "Async Capable": false,
              "Relation Name": "stocks_daily_info",
              "Alias": "sdi",
              "Startup Cost": 2.36,
              "Total Cost": 20.42,
              "Plan Rows": 1,
              "Plan Width": 68,
              "Recheck Cond": "(event_date = '2023-08-30'::date)",
              "Filter": "((market_cap >= '205300000000'::numeric) AND (market = 'KOSPI'::text))",
              "Plans": [
                {
                  "Node Type": "Bitmap Index Scan",
                  "Parent Relationship": "Outer",
                  "Parallel Aware": false,
                  "Async Capable": false,
                  "Index Name": "idx_sdi_event_date",
                  "Startup Cost": 0.0,
                  "Total Cost": 2.36,
                  "Plan Rows": 10,
                  "Plan Width": 0,
                  "Index Cond": "(event_date = '2023-08-30'::date)"
                }
              ]
            }
          ]
        }
      ]
    }
  },
  "db_statistics": {
    "table_stats": {
      "stocks_daily_info": {
        "row_count": 12700,
        "size_mb": 1.71
      },
      "fundamentals_daily": {
        "row_count": 12080,
        "size_mb": 2.33
      },
      "financials_quarterly": {
        "row_count": 8634,
        "size_mb": 0.8
      }
    },
    "existing_indexes": [
      "backtest_results_pkey",
      "community_posts_pkey",
      "financials_quarterly_pkey",
      "fundamentals_daily_pkey",
      "idx_finq_period_end",
      "idx_finq_ticker",
      "idx_fund_event_date",
      "idx_fund_ticker",
      "idx_sdi_event_date",
      "idx_sdi_ticker",
      "ix_backtest_results_strategy_id",
      "ix_community_posts_author_id",
      "ix_community_posts_strategy_id",
      "ix_ml_models_owner_id",
      "ix_strategies_owner_id",
      "ix_users_email",
      "ml_models_pkey",
      "stocks_daily_info_pkey",
      "strategies_pkey",
      "users_pkey"
    ]
  }
}
---
{
  "workload_id": 217,
  "metadata": {
    "strategy_template": "ML Hybrid Style",
    "ml_model_used": "Return Forecast Model"
  },
  "sql_query": "SELECT fd.bps, fd.dividend_yield, fd.eps, fd.pbr, fd.per, sdi.close_price, sdi.company_name, sdi.ma_20d, sdi.market_cap, sdi.momentum_12m, sdi.momentum_3m, sdi.rsi_14, sdi.ticker, sdi.volatility_20d FROM stocks_daily_info sdi LEFT JOIN fundamentals_daily fd ON fd.ticker = sdi.ticker AND fd.event_date = sdi.event_date WHERE sdi.market = 'KOSPI' AND sdi.market_cap >= 113300000000 AND sdi.event_date = DATE '2023-09-15' ORDER BY CASE sdi.ticker WHEN '000660.KS' THEN 1 WHEN '005930.KS' THEN 2 WHEN '068270.KQ' THEN 3 WHEN '207940.KS' THEN 4 WHEN '035420.KS' THEN 5 WHEN '005380.KS' THEN 6 WHEN '051910.KS' THEN 7 WHEN '012330.KS' THEN 8 WHEN '035720.KS' THEN 9 WHEN '105560.KS' THEN 10 ELSE 11 END LIMIT 24;",
  "baseline_execution_plan": {
    "Plan": {
      "Node Type": "Limit",
      "Parallel Aware": false,
      "Async Capable": false,
      "Startup Cost": 24.75,
      "Total Cost": 24.75,
      "Plan Rows": 1,
      "Plan Width": 109,
      "Plans": [
        {
          "Node Type": "Sort",
          "Parent Relationship": "Outer",
          "Parallel Aware": false,
          "Async Capable": false,
          "Startup Cost": 24.75,
          "Total Cost": 24.75,
          "Plan Rows": 1,
          "Plan Width": 109,
          "Sort Key": [
            "(CASE sdi.ticker WHEN '000660.KS'::text THEN 1 WHEN '005930.KS'::text THEN 2 WHEN '068270.KQ'::text THEN 3 WHEN '207940.KS'::text THEN 4 WHEN '035420.KS'::text THEN 5 WHEN '005380.KS'::text THEN 6 WHEN '051910.KS'::text THEN 7 WHEN '012330.KS'::text THEN 8 WHEN '035720.KS'::text THEN 9 WHEN '105560.KS'::text THEN 10 ELSE 11 END)"
          ],
          "Plans": [
            {
              "Node Type": "Nested Loop",
              "Parent Relationship": "Outer",
              "Parallel Aware": false,
              "Async Capable": false,
              "Join Type": "Left",
              "Startup Cost": 2.65,
              "Total Cost": 24.74,
              "Plan Rows": 1,
              "Plan Width": 109,
              "Inner Unique": true,
              "Plans": [
                {
                  "Node Type": "Bitmap Heap Scan",
                  "Parent Relationship": "Outer",
                  "Parallel Aware": false,
                  "Async Capable": false,
                  "Relation Name": "stocks_daily_info",
                  "Alias": "sdi",
                  "Startup Cost": 2.36,
                  "Total Cost": 20.4,
                  "Plan Rows": 1,
                  "Plan Width": 68,
                  "Recheck Cond": "(event_date = '2023-09-15'::date)",
                  "Filter": "((market_cap >= '113300000000'::numeric) AND (market = 'KOSPI'::text))",
                  "Plans": [
                    {
                      "Node Type": "Bitmap Index Scan",
                      "Parent Relationship": "Outer",
                      "Parallel Aware": false,
                      "Async Capable": false,
                      "Index Name": "idx_sdi_event_date",
                      "Startup Cost": 0.0,
                      "Total Cost": 2.36,
                      "Plan Rows": 10,
                      "Plan Width": 0,
                      "Index Cond": "(event_date = '2023-09-15'::date)"
                    }
                  ]
                },
                {
                  "Node Type": "Index Scan",
                  "Parent Relationship": "Inner",
                  "Parallel Aware": false,
                  "Async Capable": false,
                  "Scan Direction": "Forward",
                  "Index Name": "fundamentals_daily_pkey",
                  "Relation Name": "fundamentals_daily",
                  "Alias": "fd",
                  "Startup Cost": 0.29,
                  "Total Cost": 4.3,
                  "Plan Rows": 1,
                  "Plan Width": 55,
                  "Index Cond": "((event_date = '2023-09-15'::date) AND (ticker = sdi.ticker))"
                }
              ]
            }
          ]
        }
      ]
    }
  },
  "db_statistics": {
    "table_stats": {
      "stocks_daily_info": {
        "row_count": 12700,
        "size_mb": 1.71
      },
      "fundamentals_daily": {
        "row_count": 12080,
        "size_mb": 2.33
      },
      "financials_quarterly": {
        "row_count": 8634,
        "size_mb": 0.8
      }
    },
    "existing_indexes": [
      "backtest_results_pkey",
      "community_posts_pkey",
      "financials_quarterly_pkey",
      "fundamentals_daily_pkey",
      "idx_finq_period_end",
      "idx_finq_ticker",
      "idx_fund_event_date",
      "idx_fund_ticker",
      "idx_sdi_event_date",
      "idx_sdi_ticker",
      "ix_backtest_results_strategy_id",
      "ix_community_posts_author_id",
      "ix_community_posts_strategy_id",
      "ix_ml_models_owner_id",
      "ix_strategies_owner_id",
      "ix_users_email",
      "ml_models_pkey",
      "stocks_daily_info_pkey",
      "strategies_pkey",
      "users_pkey"
    ]
  }
}
---
{
  "workload_id": 218,
  "metadata": {
    "strategy_template": "ML Hybrid Style",
    "ml_model_used": null
  },
  "sql_query": "SELECT sdi.close_price, sdi.company_name, sdi.ma_20d, sdi.market_cap, sdi.momentum_12m, sdi.momentum_3m, sdi.rsi_14, sdi.ticker, sdi.volatility_20d FROM stocks_daily_info sdi WHERE sdi.market = 'KOSDAQ' AND sdi.market_cap >= 51200000000 AND sdi.event_date = DATE '2023-10-14' ORDER BY sdi.rsi_14 desc, sdi.momentum_3m asc LIMIT 33;",
  "baseline_execution_plan": {
    "Plan": {
      "Node Type": "Limit",
      "Parallel Aware": false,
      "Async Capable": false,
      "Startup Cost": 20.41,
      "Total Cost": 20.41,
      "Plan Rows": 1,
      "Plan Width": 64,
      "Plans": [
        {
          "Node Type": "Sort",
          "Parent Relationship": "Outer",
          "Parallel Aware": false,
          "Async Capable": false,
          "Startup Cost": 20.41,
          "Total Cost": 20.41,
          "Plan Rows": 1,
          "Plan Width": 64,
          "Sort Key": [
            "rsi_14 DESC",
            "momentum_3m"
          ],
          "Plans": [
            {
              "Node Type": "Bitmap Heap Scan",
              "Parent Relationship": "Outer",
              "Parallel Aware": false,
              "Async Capable": false,
              "Relation Name": "stocks_daily_info",
              "Alias": "sdi",
              "Startup Cost": 2.36,
              "Total Cost": 20.4,
              "Plan Rows": 1,
              "Plan Width": 64,
              "Recheck Cond": "(event_date = '2023-10-14'::date)",
              "Filter": "((market_cap >= '51200000000'::numeric) AND (market = 'KOSDAQ'::text))",
              "Plans": [
                {
                  "Node Type": "Bitmap Index Scan",
                  "Parent Relationship": "Outer",
                  "Parallel Aware": false,
                  "Async Capable": false,
                  "Index Name": "idx_sdi_event_date",
                  "Startup Cost": 0.0,
                  "Total Cost": 2.36,
                  "Plan Rows": 10,
                  "Plan Width": 0,
                  "Index Cond": "(event_date = '2023-10-14'::date)"
                }
              ]
            }
          ]
        }
      ]
    }
  },
  "db_statistics": {
    "table_stats": {
      "stocks_daily_info": {
        "row_count": 12700,
        "size_mb": 1.71
      },
      "fundamentals_daily": {
        "row_count": 12080,
        "size_mb": 2.33
      },
      "financials_quarterly": {
        "row_count": 8634,
        "size_mb": 0.8
      }
    },
    "existing_indexes": [
      "backtest_results_pkey",
      "community_posts_pkey",
      "financials_quarterly_pkey",
      "fundamentals_daily_pkey",
      "idx_finq_period_end",
      "idx_finq_ticker",
      "idx_fund_event_date",
      "idx_fund_ticker",
      "idx_sdi_event_date",
      "idx_sdi_ticker",
      "ix_backtest_results_strategy_id",
      "ix_community_posts_author_id",
      "ix_community_posts_strategy_id",
      "ix_ml_models_owner_id",
      "ix_strategies_owner_id",
      "ix_users_email",
      "ml_models_pkey",
      "stocks_daily_info_pkey",
      "strategies_pkey",
      "users_pkey"
    ]
  }
}
---
{
  "workload_id": 219,
  "metadata": {
    "strategy_template": "ML Hybrid Style",
    "ml_model_used": "Return Forecast Model"
  },
  "sql_query": "SELECT ( SELECT COALESCE(SUM(value), 0) FROM ( SELECT value FROM financials_quarterly fq WHERE fq.ticker = sdi.ticker AND fq.item_name = 'OperatingIncome' AND fq.statement_type IN ('IS_Q','CF_Q') AND fq.period_end <= DATE '2023-10-26' ORDER BY fq.period_end DESC LIMIT 4 ) as recent_quarters ) AS ttm_operatingincome , sdi.close_price, sdi.company_name, sdi.ma_20d, sdi.market_cap, sdi.momentum_12m, sdi.momentum_3m, sdi.rsi_14, sdi.ticker, sdi.volatility_20d FROM stocks_daily_info sdi WHERE sdi.market = 'KOSDAQ' AND sdi.market_cap >= 292300000000 AND sdi.event_date = DATE '2023-10-26' ORDER BY CASE sdi.ticker WHEN '000660.KS' THEN 1 WHEN '005930.KS' THEN 2 WHEN '068270.KQ' THEN 3 WHEN '207940.KS' THEN 4 WHEN '035420.KS' THEN 5 WHEN '005380.KS' THEN 6 WHEN '051910.KS' THEN 7 WHEN '012330.KS' THEN 8 WHEN '035720.KS' THEN 9 WHEN '105560.KS' THEN 10 ELSE 11 END LIMIT 20;",
  "baseline_execution_plan": {
    "Plan": {
      "Node Type": "Limit",
      "Parallel Aware": false,
      "Async Capable": false,
      "Startup Cost": 20.43,
      "Total Cost": 24.75,
      "Plan Rows": 1,
      "Plan Width": 100,
      "Plans": [
        {
          "Node Type": "Result",
          "Parent Relationship": "Outer",
          "Parallel Aware": false,
          "Async Capable": false,
          "Startup Cost": 20.43,
          "Total Cost": 24.75,
          "Plan Rows": 1,
          "Plan Width": 100,
          "Plans": [
            {
              "Node Type": "Sort",
              "Parent Relationship": "Outer",
              "Parallel Aware": false,
              "Async Capable": false,
              "Startup Cost": 20.43,
              "Total Cost": 20.44,
              "Plan Rows": 1,
              "Plan Width": 68,
              "Sort Key": [
                "(CASE sdi.ticker WHEN '000660.KS'::text THEN 1 WHEN '005930.KS'::text THEN 2 WHEN '068270.KQ'::text THEN 3 WHEN '207940.KS'::text THEN 4 WHEN '035420.KS'::text THEN 5 WHEN '005380.KS'::text THEN 6 WHEN '051910.KS'::text THEN 7 WHEN '012330.KS'::text THEN 8 WHEN '035720.KS'::text THEN 9 WHEN '105560.KS'::text THEN 10 ELSE 11 END)"
              ],
              "Plans": [
                {
                  "Node Type": "Bitmap Heap Scan",
                  "Parent Relationship": "Outer",
                  "Parallel Aware": false,
                  "Async Capable": false,
                  "Relation Name": "stocks_daily_info",
                  "Alias": "sdi",
                  "Startup Cost": 2.36,
                  "Total Cost": 20.42,
                  "Plan Rows": 1,
                  "Plan Width": 68,
                  "Recheck Cond": "(event_date = '2023-10-26'::date)",
                  "Filter": "((market_cap >= '292300000000'::numeric) AND (market = 'KOSDAQ'::text))",
                  "Plans": [
                    {
                      "Node Type": "Bitmap Index Scan",
                      "Parent Relationship": "Outer",
                      "Parallel Aware": false,
                      "Async Capable": false,
                      "Index Name": "idx_sdi_event_date",
                      "Startup Cost": 0.0,
                      "Total Cost": 2.36,
                      "Plan Rows": 10,
                      "Plan Width": 0,
                      "Index Cond": "(event_date = '2023-10-26'::date)"
                    }
                  ]
                }
              ]
            },
            {
              "Node Type": "Aggregate",
              "Strategy": "Plain",
              "Partial Mode": "Simple",
              "Parent Relationship": "SubPlan",
              "Subplan Name": "SubPlan 1",
              "Parallel Aware": false,
              "Async Capable": false,
              "Startup Cost": 4.27,
              "Total Cost": 4.28,
              "Plan Rows": 1,
              "Plan Width": 32,
              "Plans": [
                {
                  "Node Type": "Limit",
                  "Parent Relationship": "Outer",
                  "Parallel Aware": false,
                  "Async Capable": false,
                  "Startup Cost": 0.29,
                  "Total Cost": 4.25,
                  "Plan Rows": 1,
                  "Plan Width": 12,
                  "Plans": [
                    {
                      "Node Type": "Index Scan",
                      "Parent Relationship": "Outer",
                      "Parallel Aware": false,
                      "Async Capable": false,
                      "Scan Direction": "Backward",
                      "Index Name": "idx_finq_period_end",
                      "Relation Name": "financials_quarterly",
                      "Alias": "fq",
                      "Startup Cost": 0.29,
                      "Total Cost": 4.25,
                      "Plan Rows": 1,
                      "Plan Width": 12,
                      "Index Cond": "(period_end <= '2023-10-26'::date)",
                      "Filter": "((statement_type = ANY ('{IS_Q,CF_Q}'::text[])) AND (ticker = sdi.ticker) AND (item_name = 'OperatingIncome'::text))"
                    }
                  ]
                }
              ]
            }
          ]
        }
      ]
    }
  },
  "db_statistics": {
    "table_stats": {
      "stocks_daily_info": {
        "row_count": 12700,
        "size_mb": 1.71
      },
      "fundamentals_daily": {
        "row_count": 12080,
        "size_mb": 2.33
      },
      "financials_quarterly": {
        "row_count": 8634,
        "size_mb": 0.8
      }
    },
    "existing_indexes": [
      "backtest_results_pkey",
      "community_posts_pkey",
      "financials_quarterly_pkey",
      "fundamentals_daily_pkey",
      "idx_finq_period_end",
      "idx_finq_ticker",
      "idx_fund_event_date",
      "idx_fund_ticker",
      "idx_sdi_event_date",
      "idx_sdi_ticker",
      "ix_backtest_results_strategy_id",
      "ix_community_posts_author_id",
      "ix_community_posts_strategy_id",
      "ix_ml_models_owner_id",
      "ix_strategies_owner_id",
      "ix_users_email",
      "ml_models_pkey",
      "stocks_daily_info_pkey",
      "strategies_pkey",
      "users_pkey"
    ]
  }
}
---
{
  "workload_id": 220,
  "metadata": {
    "strategy_template": "Momentum Investing Style",
    "ml_model_used": null
  },
  "sql_query": "SELECT sdi.close_price, sdi.company_name, sdi.ma_20d, sdi.market_cap, sdi.momentum_12m, sdi.momentum_3m, sdi.rsi_14, sdi.ticker, sdi.volatility_20d FROM stocks_daily_info sdi WHERE sdi.market = 'KOSDAQ' AND sdi.market_cap >= 78100000000 AND sdi.event_date = DATE '2023-05-04' ORDER BY sdi.momentum_3m desc, sdi.momentum_12m asc, sdi.volatility_20d desc, sdi.rsi_14 desc LIMIT 22;",
  "baseline_execution_plan": {
    "Plan": {
      "Node Type": "Limit",
      "Parallel Aware": false,
      "Async Capable": false,
      "Startup Cost": 20.41,
      "Total Cost": 20.41,
      "Plan Rows": 1,
      "Plan Width": 64,
      "Plans": [
        {
          "Node Type": "Sort",
          "Parent Relationship": "Outer",
          "Parallel Aware": false,
          "Async Capable": false,
          "Startup Cost": 20.41,
          "Total Cost": 20.41,
          "Plan Rows": 1,
          "Plan Width": 64,
          "Sort Key": [
            "momentum_3m DESC",
            "momentum_12m",
            "volatility_20d DESC",
            "rsi_14 DESC"
          ],
          "Plans": [
            {
              "Node Type": "Bitmap Heap Scan",
              "Parent Relationship": "Outer",
              "Parallel Aware": false,
              "Async Capable": false,
              "Relation Name": "stocks_daily_info",
              "Alias": "sdi",
              "Startup Cost": 2.36,
              "Total Cost": 20.4,
              "Plan Rows": 1,
              "Plan Width": 64,
              "Recheck Cond": "(event_date = '2023-05-04'::date)",
              "Filter": "((market_cap >= '78100000000'::numeric) AND (market = 'KOSDAQ'::text))",
              "Plans": [
                {
                  "Node Type": "Bitmap Index Scan",
                  "Parent Relationship": "Outer",
                  "Parallel Aware": false,
                  "Async Capable": false,
                  "Index Name": "idx_sdi_event_date",
                  "Startup Cost": 0.0,
                  "Total Cost": 2.36,
                  "Plan Rows": 10,
                  "Plan Width": 0,
                  "Index Cond": "(event_date = '2023-05-04'::date)"
                }
              ]
            }
          ]
        }
      ]
    }
  },
  "db_statistics": {
    "table_stats": {
      "stocks_daily_info": {
        "row_count": 12700,
        "size_mb": 1.71
      },
      "fundamentals_daily": {
        "row_count": 12080,
        "size_mb": 2.33
      },
      "financials_quarterly": {
        "row_count": 8634,
        "size_mb": 0.8
      }
    },
    "existing_indexes": [
      "backtest_results_pkey",
      "community_posts_pkey",
      "financials_quarterly_pkey",
      "fundamentals_daily_pkey",
      "idx_finq_period_end",
      "idx_finq_ticker",
      "idx_fund_event_date",
      "idx_fund_ticker",
      "idx_sdi_event_date",
      "idx_sdi_ticker",
      "ix_backtest_results_strategy_id",
      "ix_community_posts_author_id",
      "ix_community_posts_strategy_id",
      "ix_ml_models_owner_id",
      "ix_strategies_owner_id",
      "ix_users_email",
      "ml_models_pkey",
      "stocks_daily_info_pkey",
      "strategies_pkey",
      "users_pkey"
    ]
  }
}
---
{
  "workload_id": 221,
  "metadata": {
    "strategy_template": "Value Investing Style",
    "ml_model_used": null
  },
  "sql_query": "SELECT fd.bps, fd.dividend_yield, fd.eps, fd.pbr, fd.per, sdi.close_price, sdi.company_name, sdi.ma_20d, sdi.market_cap, sdi.momentum_12m, sdi.momentum_3m, sdi.rsi_14, sdi.ticker, sdi.volatility_20d FROM stocks_daily_info sdi LEFT JOIN fundamentals_daily fd ON fd.ticker = sdi.ticker AND fd.event_date = sdi.event_date WHERE sdi.market = 'KOSPI' AND sdi.market_cap >= 276200000000 AND sdi.event_date = DATE '2023-10-05' ORDER BY fd.pbr asc, fd.per desc, fd.eps desc, fd.dividend_yield desc LIMIT 24;",
  "baseline_execution_plan": {
    "Plan": {
      "Node Type": "Limit",
      "Parallel Aware": false,
      "Async Capable": false,
      "Startup Cost": 24.72,
      "Total Cost": 24.73,
      "Plan Rows": 1,
      "Plan Width": 105,
      "Plans": [
        {
          "Node Type": "Sort",
          "Parent Relationship": "Outer",
          "Parallel Aware": false,
          "Async Capable": false,
          "Startup Cost": 24.72,
          "Total Cost": 24.73,
          "Plan Rows": 1,
          "Plan Width": 105,
          "Sort Key": [
            "fd.pbr",
            "fd.per DESC",
            "fd.eps DESC",
            "fd.dividend_yield DESC"
          ],
          "Plans": [
            {
              "Node Type": "Nested Loop",
              "Parent Relationship": "Outer",
              "Parallel Aware": false,
              "Async Capable": false,
              "Join Type": "Left",
              "Startup Cost": 2.65,
              "Total Cost": 24.71,
              "Plan Rows": 1,
              "Plan Width": 105,
              "Inner Unique": true,
              "Plans": [
                {
                  "Node Type": "Bitmap Heap Scan",
                  "Parent Relationship": "Outer",
                  "Parallel Aware": false,
                  "Async Capable": false,
                  "Relation Name": "stocks_daily_info",
                  "Alias": "sdi",
                  "Startup Cost": 2.36,
                  "Total Cost": 20.4,
                  "Plan Rows": 1,
                  "Plan Width": 68,
                  "Recheck Cond": "(event_date = '2023-10-05'::date)",
                  "Filter": "((market_cap >= '276200000000'::numeric) AND (market = 'KOSPI'::text))",
                  "Plans": [
                    {
                      "Node Type": "Bitmap Index Scan",
                      "Parent Relationship": "Outer",
                      "Parallel Aware": false,
                      "Async Capable": false,
                      "Index Name": "idx_sdi_event_date",
                      "Startup Cost": 0.0,
                      "Total Cost": 2.36,
                      "Plan Rows": 10,
                      "Plan Width": 0,
                      "Index Cond": "(event_date = '2023-10-05'::date)"
                    }
                  ]
                },
                {
                  "Node Type": "Index Scan",
                  "Parent Relationship": "Inner",
                  "Parallel Aware": false,
                  "Async Capable": false,
                  "Scan Direction": "Forward",
                  "Index Name": "fundamentals_daily_pkey",
                  "Relation Name": "fundamentals_daily",
                  "Alias": "fd",
                  "Startup Cost": 0.29,
                  "Total Cost": 4.3,
                  "Plan Rows": 1,
                  "Plan Width": 55,
                  "Index Cond": "((event_date = '2023-10-05'::date) AND (ticker = sdi.ticker))"
                }
              ]
            }
          ]
        }
      ]
    }
  },
  "db_statistics": {
    "table_stats": {
      "stocks_daily_info": {
        "row_count": 12700,
        "size_mb": 1.71
      },
      "fundamentals_daily": {
        "row_count": 12080,
        "size_mb": 2.33
      },
      "financials_quarterly": {
        "row_count": 8634,
        "size_mb": 0.8
      }
    },
    "existing_indexes": [
      "backtest_results_pkey",
      "community_posts_pkey",
      "financials_quarterly_pkey",
      "fundamentals_daily_pkey",
      "idx_finq_period_end",
      "idx_finq_ticker",
      "idx_fund_event_date",
      "idx_fund_ticker",
      "idx_sdi_event_date",
      "idx_sdi_ticker",
      "ix_backtest_results_strategy_id",
      "ix_community_posts_author_id",
      "ix_community_posts_strategy_id",
      "ix_ml_models_owner_id",
      "ix_strategies_owner_id",
      "ix_users_email",
      "ml_models_pkey",
      "stocks_daily_info_pkey",
      "strategies_pkey",
      "users_pkey"
    ]
  }
}
---
{
  "workload_id": 222,
  "metadata": {
    "strategy_template": "ML Hybrid Style",
    "ml_model_used": "Return Forecast Model"
  },
  "sql_query": "SELECT sdi.close_price, sdi.company_name, sdi.ma_20d, sdi.market_cap, sdi.momentum_12m, sdi.momentum_3m, sdi.rsi_14, sdi.ticker, sdi.volatility_20d FROM stocks_daily_info sdi WHERE sdi.market = 'KOSDAQ' AND sdi.market_cap >= 73700000000 AND sdi.event_date = DATE '2023-09-18' ORDER BY CASE sdi.ticker WHEN '000660.KS' THEN 1 WHEN '005930.KS' THEN 2 WHEN '068270.KQ' THEN 3 WHEN '207940.KS' THEN 4 WHEN '035420.KS' THEN 5 WHEN '005380.KS' THEN 6 WHEN '051910.KS' THEN 7 WHEN '012330.KS' THEN 8 WHEN '035720.KS' THEN 9 WHEN '105560.KS' THEN 10 ELSE 11 END LIMIT 14;",
  "baseline_execution_plan": {
    "Plan": {
      "Node Type": "Limit",
      "Parallel Aware": false,
      "Async Capable": false,
      "Startup Cost": 20.43,
      "Total Cost": 20.44,
      "Plan Rows": 1,
      "Plan Width": 68,
      "Plans": [
        {
          "Node Type": "Sort",
          "Parent Relationship": "Outer",
          "Parallel Aware": false,
          "Async Capable": false,
          "Startup Cost": 20.43,
          "Total Cost": 20.44,
          "Plan Rows": 1,
          "Plan Width": 68,
          "Sort Key": [
            "(CASE ticker WHEN '000660.KS'::text THEN 1 WHEN '005930.KS'::text THEN 2 WHEN '068270.KQ'::text THEN 3 WHEN '207940.KS'::text THEN 4 WHEN '035420.KS'::text THEN 5 WHEN '005380.KS'::text THEN 6 WHEN '051910.KS'::text THEN 7 WHEN '012330.KS'::text THEN 8 WHEN '035720.KS'::text THEN 9 WHEN '105560.KS'::text THEN 10 ELSE 11 END)"
          ],
          "Plans": [
            {
              "Node Type": "Bitmap Heap Scan",
              "Parent Relationship": "Outer",
              "Parallel Aware": false,
              "Async Capable": false,
              "Relation Name": "stocks_daily_info",
              "Alias": "sdi",
              "Startup Cost": 2.36,
              "Total Cost": 20.42,
              "Plan Rows": 1,
              "Plan Width": 68,
              "Recheck Cond": "(event_date = '2023-09-18'::date)",
              "Filter": "((market_cap >= '73700000000'::numeric) AND (market = 'KOSDAQ'::text))",
              "Plans": [
                {
                  "Node Type": "Bitmap Index Scan",
                  "Parent Relationship": "Outer",
                  "Parallel Aware": false,
                  "Async Capable": false,
                  "Index Name": "idx_sdi_event_date",
                  "Startup Cost": 0.0,
                  "Total Cost": 2.36,
                  "Plan Rows": 10,
                  "Plan Width": 0,
                  "Index Cond": "(event_date = '2023-09-18'::date)"
                }
              ]
            }
          ]
        }
      ]
    }
  },
  "db_statistics": {
    "table_stats": {
      "stocks_daily_info": {
        "row_count": 12700,
        "size_mb": 1.71
      },
      "fundamentals_daily": {
        "row_count": 12080,
        "size_mb": 2.33
      },
      "financials_quarterly": {
        "row_count": 8634,
        "size_mb": 0.8
      }
    },
    "existing_indexes": [
      "backtest_results_pkey",
      "community_posts_pkey",
      "financials_quarterly_pkey",
      "fundamentals_daily_pkey",
      "idx_finq_period_end",
      "idx_finq_ticker",
      "idx_fund_event_date",
      "idx_fund_ticker",
      "idx_sdi_event_date",
      "idx_sdi_ticker",
      "ix_backtest_results_strategy_id",
      "ix_community_posts_author_id",
      "ix_community_posts_strategy_id",
      "ix_ml_models_owner_id",
      "ix_strategies_owner_id",
      "ix_users_email",
      "ml_models_pkey",
      "stocks_daily_info_pkey",
      "strategies_pkey",
      "users_pkey"
    ]
  }
}
---
{
  "workload_id": 223,
  "metadata": {
    "strategy_template": "ML Hybrid Style",
    "ml_model_used": "Return Forecast Model"
  },
  "sql_query": "SELECT sdi.close_price, sdi.company_name, sdi.ma_20d, sdi.market_cap, sdi.momentum_12m, sdi.momentum_3m, sdi.rsi_14, sdi.ticker, sdi.volatility_20d FROM stocks_daily_info sdi WHERE sdi.market = 'KOSPI' AND sdi.market_cap >= 364200000000 AND sdi.event_date = DATE '2023-05-26' ORDER BY CASE sdi.ticker WHEN '000660.KS' THEN 1 WHEN '005930.KS' THEN 2 WHEN '068270.KQ' THEN 3 WHEN '207940.KS' THEN 4 WHEN '035420.KS' THEN 5 WHEN '005380.KS' THEN 6 WHEN '051910.KS' THEN 7 WHEN '012330.KS' THEN 8 WHEN '035720.KS' THEN 9 WHEN '105560.KS' THEN 10 ELSE 11 END LIMIT 28;",
  "baseline_execution_plan": {
    "Plan": {
      "Node Type": "Limit",
      "Parallel Aware": false,
      "Async Capable": false,
      "Startup Cost": 20.43,
      "Total Cost": 20.44,
      "Plan Rows": 1,
      "Plan Width": 68,
      "Plans": [
        {
          "Node Type": "Sort",
          "Parent Relationship": "Outer",
          "Parallel Aware": false,
          "Async Capable": false,
          "Startup Cost": 20.43,
          "Total Cost": 20.44,
          "Plan Rows": 1,
          "Plan Width": 68,
          "Sort Key": [
            "(CASE ticker WHEN '000660.KS'::text THEN 1 WHEN '005930.KS'::text THEN 2 WHEN '068270.KQ'::text THEN 3 WHEN '207940.KS'::text THEN 4 WHEN '035420.KS'::text THEN 5 WHEN '005380.KS'::text THEN 6 WHEN '051910.KS'::text THEN 7 WHEN '012330.KS'::text THEN 8 WHEN '035720.KS'::text THEN 9 WHEN '105560.KS'::text THEN 10 ELSE 11 END)"
          ],
          "Plans": [
            {
              "Node Type": "Bitmap Heap Scan",
              "Parent Relationship": "Outer",
              "Parallel Aware": false,
              "Async Capable": false,
              "Relation Name": "stocks_daily_info",
              "Alias": "sdi",
              "Startup Cost": 2.36,
              "Total Cost": 20.42,
              "Plan Rows": 1,
              "Plan Width": 68,
              "Recheck Cond": "(event_date = '2023-05-26'::date)",
              "Filter": "((market_cap >= '364200000000'::numeric) AND (market = 'KOSPI'::text))",
              "Plans": [
                {
                  "Node Type": "Bitmap Index Scan",
                  "Parent Relationship": "Outer",
                  "Parallel Aware": false,
                  "Async Capable": false,
                  "Index Name": "idx_sdi_event_date",
                  "Startup Cost": 0.0,
                  "Total Cost": 2.36,
                  "Plan Rows": 10,
                  "Plan Width": 0,
                  "Index Cond": "(event_date = '2023-05-26'::date)"
                }
              ]
            }
          ]
        }
      ]
    }
  },
  "db_statistics": {
    "table_stats": {
      "stocks_daily_info": {
        "row_count": 12700,
        "size_mb": 1.71
      },
      "fundamentals_daily": {
        "row_count": 12080,
        "size_mb": 2.33
      },
      "financials_quarterly": {
        "row_count": 8634,
        "size_mb": 0.8
      }
    },
    "existing_indexes": [
      "backtest_results_pkey",
      "community_posts_pkey",
      "financials_quarterly_pkey",
      "fundamentals_daily_pkey",
      "idx_finq_period_end",
      "idx_finq_ticker",
      "idx_fund_event_date",
      "idx_fund_ticker",
      "idx_sdi_event_date",
      "idx_sdi_ticker",
      "ix_backtest_results_strategy_id",
      "ix_community_posts_author_id",
      "ix_community_posts_strategy_id",
      "ix_ml_models_owner_id",
      "ix_strategies_owner_id",
      "ix_users_email",
      "ml_models_pkey",
      "stocks_daily_info_pkey",
      "strategies_pkey",
      "users_pkey"
    ]
  }
}
---
{
  "workload_id": 224,
  "metadata": {
    "strategy_template": "Momentum Investing Style",
    "ml_model_used": null
  },
  "sql_query": "SELECT sdi.close_price, sdi.company_name, sdi.ma_20d, sdi.market_cap, sdi.momentum_12m, sdi.momentum_3m, sdi.rsi_14, sdi.ticker, sdi.volatility_20d FROM stocks_daily_info sdi WHERE sdi.market = 'KOSDAQ' AND sdi.market_cap >= 158100000000 AND sdi.event_date = DATE '2023-06-13' ORDER BY sdi.momentum_3m desc, sdi.momentum_12m asc, sdi.rsi_14 desc LIMIT 23;",
  "baseline_execution_plan": {
    "Plan": {
      "Node Type": "Limit",
      "Parallel Aware": false,
      "Async Capable": false,
      "Startup Cost": 20.41,
      "Total Cost": 20.41,
      "Plan Rows": 1,
      "Plan Width": 64,
      "Plans": [
        {
          "Node Type": "Sort",
          "Parent Relationship": "Outer",
          "Parallel Aware": false,
          "Async Capable": false,
          "Startup Cost": 20.41,
          "Total Cost": 20.41,
          "Plan Rows": 1,
          "Plan Width": 64,
          "Sort Key": [
            "momentum_3m DESC",
            "momentum_12m",
            "rsi_14 DESC"
          ],
          "Plans": [
            {
              "Node Type": "Bitmap Heap Scan",
              "Parent Relationship": "Outer",
              "Parallel Aware": false,
              "Async Capable": false,
              "Relation Name": "stocks_daily_info",
              "Alias": "sdi",
              "Startup Cost": 2.36,
              "Total Cost": 20.4,
              "Plan Rows": 1,
              "Plan Width": 64,
              "Recheck Cond": "(event_date = '2023-06-13'::date)",
              "Filter": "((market_cap >= '158100000000'::numeric) AND (market = 'KOSDAQ'::text))",
              "Plans": [
                {
                  "Node Type": "Bitmap Index Scan",
                  "Parent Relationship": "Outer",
                  "Parallel Aware": false,
                  "Async Capable": false,
                  "Index Name": "idx_sdi_event_date",
                  "Startup Cost": 0.0,
                  "Total Cost": 2.36,
                  "Plan Rows": 10,
                  "Plan Width": 0,
                  "Index Cond": "(event_date = '2023-06-13'::date)"
                }
              ]
            }
          ]
        }
      ]
    }
  },
  "db_statistics": {
    "table_stats": {
      "stocks_daily_info": {
        "row_count": 12700,
        "size_mb": 1.71
      },
      "fundamentals_daily": {
        "row_count": 12080,
        "size_mb": 2.33
      },
      "financials_quarterly": {
        "row_count": 8634,
        "size_mb": 0.8
      }
    },
    "existing_indexes": [
      "backtest_results_pkey",
      "community_posts_pkey",
      "financials_quarterly_pkey",
      "fundamentals_daily_pkey",
      "idx_finq_period_end",
      "idx_finq_ticker",
      "idx_fund_event_date",
      "idx_fund_ticker",
      "idx_sdi_event_date",
      "idx_sdi_ticker",
      "ix_backtest_results_strategy_id",
      "ix_community_posts_author_id",
      "ix_community_posts_strategy_id",
      "ix_ml_models_owner_id",
      "ix_strategies_owner_id",
      "ix_users_email",
      "ml_models_pkey",
      "stocks_daily_info_pkey",
      "strategies_pkey",
      "users_pkey"
    ]
  }
}
---
{
  "workload_id": 225,
  "metadata": {
    "strategy_template": "Value Investing Style",
    "ml_model_used": null
  },
  "sql_query": "SELECT fd.bps, fd.dividend_yield, fd.eps, fd.pbr, fd.per, sdi.close_price, sdi.company_name, sdi.ma_20d, sdi.market_cap, sdi.momentum_12m, sdi.momentum_3m, sdi.rsi_14, sdi.ticker, sdi.volatility_20d FROM stocks_daily_info sdi LEFT JOIN fundamentals_daily fd ON fd.ticker = sdi.ticker AND fd.event_date = sdi.event_date WHERE sdi.market = 'KOSPI' AND sdi.market_cap >= 434600000000 AND sdi.event_date = DATE '2023-05-01' ORDER BY fd.pbr asc, fd.per desc, fd.dividend_yield desc, fd.eps desc LIMIT 23;",
  "baseline_execution_plan": {
    "Plan": {
      "Node Type": "Limit",
      "Parallel Aware": false,
      "Async Capable": false,
      "Startup Cost": 24.72,
      "Total Cost": 24.73,
      "Plan Rows": 1,
      "Plan Width": 105,
      "Plans": [
        {
          "Node Type": "Sort",
          "Parent Relationship": "Outer",
          "Parallel Aware": false,
          "Async Capable": false,
          "Startup Cost": 24.72,
          "Total Cost": 24.73,
          "Plan Rows": 1,
          "Plan Width": 105,
          "Sort Key": [
            "fd.pbr",
            "fd.per DESC",
            "fd.dividend_yield DESC",
            "fd.eps DESC"
          ],
          "Plans": [
            {
              "Node Type": "Nested Loop",
              "Parent Relationship": "Outer",
              "Parallel Aware": false,
              "Async Capable": false,
              "Join Type": "Left",
              "Startup Cost": 2.65,
              "Total Cost": 24.71,
              "Plan Rows": 1,
              "Plan Width": 105,
              "Inner Unique": true,
              "Plans": [
                {
                  "Node Type": "Bitmap Heap Scan",
                  "Parent Relationship": "Outer",
                  "Parallel Aware": false,
                  "Async Capable": false,
                  "Relation Name": "stocks_daily_info",
                  "Alias": "sdi",
                  "Startup Cost": 2.36,
                  "Total Cost": 20.4,
                  "Plan Rows": 1,
                  "Plan Width": 68,
                  "Recheck Cond": "(event_date = '2023-05-01'::date)",
                  "Filter": "((market_cap >= '434600000000'::numeric) AND (market = 'KOSPI'::text))",
                  "Plans": [
                    {
                      "Node Type": "Bitmap Index Scan",
                      "Parent Relationship": "Outer",
                      "Parallel Aware": false,
                      "Async Capable": false,
                      "Index Name": "idx_sdi_event_date",
                      "Startup Cost": 0.0,
                      "Total Cost": 2.36,
                      "Plan Rows": 10,
                      "Plan Width": 0,
                      "Index Cond": "(event_date = '2023-05-01'::date)"
                    }
                  ]
                },
                {
                  "Node Type": "Index Scan",
                  "Parent Relationship": "Inner",
                  "Parallel Aware": false,
                  "Async Capable": false,
                  "Scan Direction": "Forward",
                  "Index Name": "fundamentals_daily_pkey",
                  "Relation Name": "fundamentals_daily",
                  "Alias": "fd",
                  "Startup Cost": 0.29,
                  "Total Cost": 4.3,
                  "Plan Rows": 1,
                  "Plan Width": 55,
                  "Index Cond": "((event_date = '2023-05-01'::date) AND (ticker = sdi.ticker))"
                }
              ]
            }
          ]
        }
      ]
    }
  },
  "db_statistics": {
    "table_stats": {
      "stocks_daily_info": {
        "row_count": 12700,
        "size_mb": 1.71
      },
      "fundamentals_daily": {
        "row_count": 12080,
        "size_mb": 2.33
      },
      "financials_quarterly": {
        "row_count": 8634,
        "size_mb": 0.8
      }
    },
    "existing_indexes": [
      "backtest_results_pkey",
      "community_posts_pkey",
      "financials_quarterly_pkey",
      "fundamentals_daily_pkey",
      "idx_finq_period_end",
      "idx_finq_ticker",
      "idx_fund_event_date",
      "idx_fund_ticker",
      "idx_sdi_event_date",
      "idx_sdi_ticker",
      "ix_backtest_results_strategy_id",
      "ix_community_posts_author_id",
      "ix_community_posts_strategy_id",
      "ix_ml_models_owner_id",
      "ix_strategies_owner_id",
      "ix_users_email",
      "ml_models_pkey",
      "stocks_daily_info_pkey",
      "strategies_pkey",
      "users_pkey"
    ]
  }
}
---
{
  "workload_id": 226,
  "metadata": {
    "strategy_template": "ML Hybrid Style",
    "ml_model_used": null
  },
  "sql_query": "SELECT ( SELECT COALESCE(SUM(value), 0) FROM ( SELECT value FROM financials_quarterly fq WHERE fq.ticker = sdi.ticker AND fq.item_name = 'OperatingIncome' AND fq.statement_type IN ('IS_Q','CF_Q') AND fq.period_end <= DATE '2023-09-10' ORDER BY fq.period_end DESC LIMIT 4 ) as recent_quarters ) AS ttm_operatingincome , sdi.close_price, sdi.company_name, sdi.ma_20d, sdi.market_cap, sdi.momentum_12m, sdi.momentum_3m, sdi.rsi_14, sdi.ticker, sdi.volatility_20d FROM stocks_daily_info sdi WHERE sdi.market = 'KOSPI' AND sdi.market_cap >= 131900000000 AND sdi.event_date = DATE '2023-09-10' ORDER BY sdi.market_cap DESC LIMIT 35;",
  "baseline_execution_plan": {
    "Plan": {
      "Node Type": "Limit",
      "Parallel Aware": false,
      "Async Capable": false,
      "Startup Cost": 20.41,
      "Total Cost": 24.7,
      "Plan Rows": 1,
      "Plan Width": 96,
      "Plans": [
        {
          "Node Type": "Result",
          "Parent Relationship": "Outer",
          "Parallel Aware": false,
          "Async Capable": false,
          "Startup Cost": 20.41,
          "Total Cost": 24.7,
          "Plan Rows": 1,
          "Plan Width": 96,
          "Plans": [
            {
              "Node Type": "Sort",
              "Parent Relationship": "Outer",
              "Parallel Aware": false,
              "Async Capable": false,
              "Startup Cost": 20.41,
              "Total Cost": 20.41,
              "Plan Rows": 1,
              "Plan Width": 64,
              "Sort Key": [
                "sdi.market_cap DESC"
              ],
              "Plans": [
                {
                  "Node Type": "Bitmap Heap Scan",
                  "Parent Relationship": "Outer",
                  "Parallel Aware": false,
                  "Async Capable": false,
                  "Relation Name": "stocks_daily_info",
                  "Alias": "sdi",
                  "Startup Cost": 2.36,
                  "Total Cost": 20.4,
                  "Plan Rows": 1,
                  "Plan Width": 64,
                  "Recheck Cond": "(event_date = '2023-09-10'::date)",
                  "Filter": "((market_cap >= '131900000000'::numeric) AND (market = 'KOSPI'::text))",
                  "Plans": [
                    {
                      "Node Type": "Bitmap Index Scan",
                      "Parent Relationship": "Outer",
                      "Parallel Aware": false,
                      "Async Capable": false,
                      "Index Name": "idx_sdi_event_date",
                      "Startup Cost": 0.0,
                      "Total Cost": 2.36,
                      "Plan Rows": 10,
                      "Plan Width": 0,
                      "Index Cond": "(event_date = '2023-09-10'::date)"
                    }
                  ]
                }
              ]
            },
            {
              "Node Type": "Aggregate",
              "Strategy": "Plain",
              "Partial Mode": "Simple",
              "Parent Relationship": "SubPlan",
              "Subplan Name": "SubPlan 1",
              "Parallel Aware": false,
              "Async Capable": false,
              "Startup Cost": 4.27,
              "Total Cost": 4.28,
              "Plan Rows": 1,
              "Plan Width": 32,
              "Plans": [
                {
                  "Node Type": "Limit",
                  "Parent Relationship": "Outer",
                  "Parallel Aware": false,
                  "Async Capable": false,
                  "Startup Cost": 0.29,
                  "Total Cost": 4.25,
                  "Plan Rows": 1,
                  "Plan Width": 12,
                  "Plans": [
                    {
                      "Node Type": "Index Scan",
                      "Parent Relationship": "Outer",
                      "Parallel Aware": false,
                      "Async Capable": false,
                      "Scan Direction": "Backward",
                      "Index Name": "idx_finq_period_end",
                      "Relation Name": "financials_quarterly",
                      "Alias": "fq",
                      "Startup Cost": 0.29,
                      "Total Cost": 4.25,
                      "Plan Rows": 1,
                      "Plan Width": 12,
                      "Index Cond": "(period_end <= '2023-09-10'::date)",
                      "Filter": "((statement_type = ANY ('{IS_Q,CF_Q}'::text[])) AND (ticker = sdi.ticker) AND (item_name = 'OperatingIncome'::text))"
                    }
                  ]
                }
              ]
            }
          ]
        }
      ]
    }
  },
  "db_statistics": {
    "table_stats": {
      "stocks_daily_info": {
        "row_count": 12700,
        "size_mb": 1.71
      },
      "fundamentals_daily": {
        "row_count": 12080,
        "size_mb": 2.33
      },
      "financials_quarterly": {
        "row_count": 8634,
        "size_mb": 0.8
      }
    },
    "existing_indexes": [
      "backtest_results_pkey",
      "community_posts_pkey",
      "financials_quarterly_pkey",
      "fundamentals_daily_pkey",
      "idx_finq_period_end",
      "idx_finq_ticker",
      "idx_fund_event_date",
      "idx_fund_ticker",
      "idx_sdi_event_date",
      "idx_sdi_ticker",
      "ix_backtest_results_strategy_id",
      "ix_community_posts_author_id",
      "ix_community_posts_strategy_id",
      "ix_ml_models_owner_id",
      "ix_strategies_owner_id",
      "ix_users_email",
      "ml_models_pkey",
      "stocks_daily_info_pkey",
      "strategies_pkey",
      "users_pkey"
    ]
  }
}
---
{
  "workload_id": 227,
  "metadata": {
    "strategy_template": "ML Hybrid Style",
    "ml_model_used": "Return Forecast Model"
  },
  "sql_query": "SELECT ( SELECT COALESCE(SUM(value), 0) FROM ( SELECT value FROM financials_quarterly fq WHERE fq.ticker = sdi.ticker AND fq.item_name = 'OperatingCashFlow' AND fq.statement_type IN ('IS_Q','CF_Q') AND fq.period_end <= DATE '2023-06-27' ORDER BY fq.period_end DESC LIMIT 4 ) as recent_quarters ) AS ttm_operatingcashflow , fd.bps, fd.dividend_yield, fd.eps, fd.pbr, fd.per, sdi.close_price, sdi.company_name, sdi.ma_20d, sdi.market_cap, sdi.momentum_12m, sdi.momentum_3m, sdi.rsi_14, sdi.ticker, sdi.volatility_20d FROM stocks_daily_info sdi LEFT JOIN fundamentals_daily fd ON fd.ticker = sdi.ticker AND fd.event_date = sdi.event_date WHERE sdi.market = 'KOSPI' AND sdi.market_cap >= 208100000000 AND sdi.event_date = DATE '2023-06-27' ORDER BY CASE sdi.ticker WHEN '000660.KS' THEN 1 WHEN '005930.KS' THEN 2 WHEN '068270.KQ' THEN 3 WHEN '207940.KS' THEN 4 WHEN '035420.KS' THEN 5 WHEN '005380.KS' THEN 6 WHEN '051910.KS' THEN 7 WHEN '012330.KS' THEN 8 WHEN '035720.KS' THEN 9 WHEN '105560.KS' THEN 10 ELSE 11 END LIMIT 34;",
  "baseline_execution_plan": {
    "Plan": {
      "Node Type": "Limit",
      "Parallel Aware": false,
      "Async Capable": false,
      "Startup Cost": 24.75,
      "Total Cost": 29.07,
      "Plan Rows": 1,
      "Plan Width": 141,
      "Plans": [
        {
          "Node Type": "Result",
          "Parent Relationship": "Outer",
          "Parallel Aware": false,
          "Async Capable": false,
          "Startup Cost": 24.75,
          "Total Cost": 29.07,
          "Plan Rows": 1,
          "Plan Width": 141,
          "Plans": [
            {
              "Node Type": "Sort",
              "Parent Relationship": "Outer",
              "Parallel Aware": false,
              "Async Capable": false,
              "Startup Cost": 24.75,
              "Total Cost": 24.75,
              "Plan Rows": 1,
              "Plan Width": 109,
              "Sort Key": [
                "(CASE sdi.ticker WHEN '000660.KS'::text THEN 1 WHEN '005930.KS'::text THEN 2 WHEN '068270.KQ'::text THEN 3 WHEN '207940.KS'::text THEN 4 WHEN '035420.KS'::text THEN 5 WHEN '005380.KS'::text THEN 6 WHEN '051910.KS'::text THEN 7 WHEN '012330.KS'::text THEN 8 WHEN '035720.KS'::text THEN 9 WHEN '105560.KS'::text THEN 10 ELSE 11 END)"
              ],
              "Plans": [
                {
                  "Node Type": "Nested Loop",
                  "Parent Relationship": "Outer",
                  "Parallel Aware": false,
                  "Async Capable": false,
                  "Join Type": "Left",
                  "Startup Cost": 2.65,
                  "Total Cost": 24.74,
                  "Plan Rows": 1,
                  "Plan Width": 109,
                  "Inner Unique": true,
                  "Plans": [
                    {
                      "Node Type": "Bitmap Heap Scan",
                      "Parent Relationship": "Outer",
                      "Parallel Aware": false,
                      "Async Capable": false,
                      "Relation Name": "stocks_daily_info",
                      "Alias": "sdi",
                      "Startup Cost": 2.36,
                      "Total Cost": 20.4,
                      "Plan Rows": 1,
                      "Plan Width": 68,
                      "Recheck Cond": "(event_date = '2023-06-27'::date)",
                      "Filter": "((market_cap >= '208100000000'::numeric) AND (market = 'KOSPI'::text))",
                      "Plans": [
                        {
                          "Node Type": "Bitmap Index Scan",
                          "Parent Relationship": "Outer",
                          "Parallel Aware": false,
                          "Async Capable": false,
                          "Index Name": "idx_sdi_event_date",
                          "Startup Cost": 0.0,
                          "Total Cost": 2.36,
                          "Plan Rows": 10,
                          "Plan Width": 0,
                          "Index Cond": "(event_date = '2023-06-27'::date)"
                        }
                      ]
                    },
                    {
                      "Node Type": "Index Scan",
                      "Parent Relationship": "Inner",
                      "Parallel Aware": false,
                      "Async Capable": false,
                      "Scan Direction": "Forward",
                      "Index Name": "fundamentals_daily_pkey",
                      "Relation Name": "fundamentals_daily",
                      "Alias": "fd",
                      "Startup Cost": 0.29,
                      "Total Cost": 4.3,
                      "Plan Rows": 1,
                      "Plan Width": 55,
                      "Index Cond": "((event_date = '2023-06-27'::date) AND (ticker = sdi.ticker))"
                    }
                  ]
                }
              ]
            },
            {
              "Node Type": "Aggregate",
              "Strategy": "Plain",
              "Partial Mode": "Simple",
              "Parent Relationship": "SubPlan",
              "Subplan Name": "SubPlan 1",
              "Parallel Aware": false,
              "Async Capable": false,
              "Startup Cost": 4.27,
              "Total Cost": 4.28,
              "Plan Rows": 1,
              "Plan Width": 32,
              "Plans": [
                {
                  "Node Type": "Limit",
                  "Parent Relationship": "Outer",
                  "Parallel Aware": false,
                  "Async Capable": false,
                  "Startup Cost": 0.29,
                  "Total Cost": 4.25,
                  "Plan Rows": 1,
                  "Plan Width": 12,
                  "Plans": [
                    {
                      "Node Type": "Index Scan",
                      "Parent Relationship": "Outer",
                      "Parallel Aware": false,
                      "Async Capable": false,
                      "Scan Direction": "Backward",
                      "Index Name": "idx_finq_period_end",
                      "Relation Name": "financials_quarterly",
                      "Alias": "fq",
                      "Startup Cost": 0.29,
                      "Total Cost": 4.25,
                      "Plan Rows": 1,
                      "Plan Width": 12,
                      "Index Cond": "(period_end <= '2023-06-27'::date)",
                      "Filter": "((statement_type = ANY ('{IS_Q,CF_Q}'::text[])) AND (ticker = sdi.ticker) AND (item_name = 'OperatingCashFlow'::text))"
                    }
                  ]
                }
              ]
            }
          ]
        }
      ]
    }
  },
  "db_statistics": {
    "table_stats": {
      "stocks_daily_info": {
        "row_count": 12700,
        "size_mb": 1.71
      },
      "fundamentals_daily": {
        "row_count": 12080,
        "size_mb": 2.33
      },
      "financials_quarterly": {
        "row_count": 8634,
        "size_mb": 0.8
      }
    },
    "existing_indexes": [
      "backtest_results_pkey",
      "community_posts_pkey",
      "financials_quarterly_pkey",
      "fundamentals_daily_pkey",
      "idx_finq_period_end",
      "idx_finq_ticker",
      "idx_fund_event_date",
      "idx_fund_ticker",
      "idx_sdi_event_date",
      "idx_sdi_ticker",
      "ix_backtest_results_strategy_id",
      "ix_community_posts_author_id",
      "ix_community_posts_strategy_id",
      "ix_ml_models_owner_id",
      "ix_strategies_owner_id",
      "ix_users_email",
      "ml_models_pkey",
      "stocks_daily_info_pkey",
      "strategies_pkey",
      "users_pkey"
    ]
  }
}
---
{
  "workload_id": 228,
  "metadata": {
    "strategy_template": "ML Hybrid Style",
    "ml_model_used": null
  },
  "sql_query": "SELECT ( SELECT COALESCE(SUM(value), 0) FROM ( SELECT value FROM financials_quarterly fq WHERE fq.ticker = sdi.ticker AND fq.item_name = 'OperatingCashFlow' AND fq.statement_type IN ('IS_Q','CF_Q') AND fq.period_end <= DATE '2023-05-06' ORDER BY fq.period_end DESC LIMIT 4 ) as recent_quarters ) AS ttm_operatingcashflow , fd.bps, fd.dividend_yield, fd.eps, fd.pbr, fd.per, sdi.close_price, sdi.company_name, sdi.ma_20d, sdi.market_cap, sdi.momentum_12m, sdi.momentum_3m, sdi.rsi_14, sdi.ticker, sdi.volatility_20d FROM stocks_daily_info sdi LEFT JOIN fundamentals_daily fd ON fd.ticker = sdi.ticker AND fd.event_date = sdi.event_date WHERE sdi.market = 'KOSPI' AND sdi.market_cap >= 359000000000 AND sdi.event_date = DATE '2023-05-06' ORDER BY sdi.rsi_14 asc, fd.pbr asc, sdi.momentum_3m asc LIMIT 34;",
  "baseline_execution_plan": {
    "Plan": {
      "Node Type": "Limit",
      "Parallel Aware": false,
      "Async Capable": false,
      "Startup Cost": 24.72,
      "Total Cost": 29.02,
      "Plan Rows": 1,
      "Plan Width": 137,
      "Plans": [
        {
          "Node Type": "Result",
          "Parent Relationship": "Outer",
          "Parallel Aware": false,
          "Async Capable": false,
          "Startup Cost": 24.72,
          "Total Cost": 29.02,
          "Plan Rows": 1,
          "Plan Width": 137,
          "Plans": [
            {
              "Node Type": "Sort",
              "Parent Relationship": "Outer",
              "Parallel Aware": false,
              "Async Capable": false,
              "Startup Cost": 24.72,
              "Total Cost": 24.73,
              "Plan Rows": 1,
              "Plan Width": 105,
              "Sort Key": [
                "sdi.rsi_14",
                "fd.pbr",
                "sdi.momentum_3m"
              ],
              "Plans": [
                {
                  "Node Type": "Nested Loop",
                  "Parent Relationship": "Outer",
                  "Parallel Aware": false,
                  "Async Capable": false,
                  "Join Type": "Left",
                  "Startup Cost": 2.65,
                  "Total Cost": 24.71,
                  "Plan Rows": 1,
                  "Plan Width": 105,
                  "Inner Unique": true,
                  "Plans": [
                    {
                      "Node Type": "Bitmap Heap Scan",
                      "Parent Relationship": "Outer",
                      "Parallel Aware": false,
                      "Async Capable": false,
                      "Relation Name": "stocks_daily_info",
                      "Alias": "sdi",
                      "Startup Cost": 2.36,
                      "Total Cost": 20.4,
                      "Plan Rows": 1,
                      "Plan Width": 68,
                      "Recheck Cond": "(event_date = '2023-05-06'::date)",
                      "Filter": "((market_cap >= '359000000000'::numeric) AND (market = 'KOSPI'::text))",
                      "Plans": [
                        {
                          "Node Type": "Bitmap Index Scan",
                          "Parent Relationship": "Outer",
                          "Parallel Aware": false,
                          "Async Capable": false,
                          "Index Name": "idx_sdi_event_date",
                          "Startup Cost": 0.0,
                          "Total Cost": 2.36,
                          "Plan Rows": 10,
                          "Plan Width": 0,
                          "Index Cond": "(event_date = '2023-05-06'::date)"
                        }
                      ]
                    },
                    {
                      "Node Type": "Index Scan",
                      "Parent Relationship": "Inner",
                      "Parallel Aware": false,
                      "Async Capable": false,
                      "Scan Direction": "Forward",
                      "Index Name": "fundamentals_daily_pkey",
                      "Relation Name": "fundamentals_daily",
                      "Alias": "fd",
                      "Startup Cost": 0.29,
                      "Total Cost": 4.3,
                      "Plan Rows": 1,
                      "Plan Width": 55,
                      "Index Cond": "((event_date = '2023-05-06'::date) AND (ticker = sdi.ticker))"
                    }
                  ]
                }
              ]
            },
            {
              "Node Type": "Aggregate",
              "Strategy": "Plain",
              "Partial Mode": "Simple",
              "Parent Relationship": "SubPlan",
              "Subplan Name": "SubPlan 1",
              "Parallel Aware": false,
              "Async Capable": false,
              "Startup Cost": 4.27,
              "Total Cost": 4.28,
              "Plan Rows": 1,
              "Plan Width": 32,
              "Plans": [
                {
                  "Node Type": "Limit",
                  "Parent Relationship": "Outer",
                  "Parallel Aware": false,
                  "Async Capable": false,
                  "Startup Cost": 0.29,
                  "Total Cost": 4.25,
                  "Plan Rows": 1,
                  "Plan Width": 12,
                  "Plans": [
                    {
                      "Node Type": "Index Scan",
                      "Parent Relationship": "Outer",
                      "Parallel Aware": false,
                      "Async Capable": false,
                      "Scan Direction": "Backward",
                      "Index Name": "idx_finq_period_end",
                      "Relation Name": "financials_quarterly",
                      "Alias": "fq",
                      "Startup Cost": 0.29,
                      "Total Cost": 4.25,
                      "Plan Rows": 1,
                      "Plan Width": 12,
                      "Index Cond": "(period_end <= '2023-05-06'::date)",
                      "Filter": "((statement_type = ANY ('{IS_Q,CF_Q}'::text[])) AND (ticker = sdi.ticker) AND (item_name = 'OperatingCashFlow'::text))"
                    }
                  ]
                }
              ]
            }
          ]
        }
      ]
    }
  },
  "db_statistics": {
    "table_stats": {
      "stocks_daily_info": {
        "row_count": 12700,
        "size_mb": 1.71
      },
      "fundamentals_daily": {
        "row_count": 12080,
        "size_mb": 2.33
      },
      "financials_quarterly": {
        "row_count": 8634,
        "size_mb": 0.8
      }
    },
    "existing_indexes": [
      "backtest_results_pkey",
      "community_posts_pkey",
      "financials_quarterly_pkey",
      "fundamentals_daily_pkey",
      "idx_finq_period_end",
      "idx_finq_ticker",
      "idx_fund_event_date",
      "idx_fund_ticker",
      "idx_sdi_event_date",
      "idx_sdi_ticker",
      "ix_backtest_results_strategy_id",
      "ix_community_posts_author_id",
      "ix_community_posts_strategy_id",
      "ix_ml_models_owner_id",
      "ix_strategies_owner_id",
      "ix_users_email",
      "ml_models_pkey",
      "stocks_daily_info_pkey",
      "strategies_pkey",
      "users_pkey"
    ]
  }
}
---
{
  "workload_id": 229,
  "metadata": {
    "strategy_template": "ML Hybrid Style",
    "ml_model_used": "Return Forecast Model"
  },
  "sql_query": "SELECT fd.bps, fd.dividend_yield, fd.eps, fd.pbr, fd.per, sdi.close_price, sdi.company_name, sdi.ma_20d, sdi.market_cap, sdi.momentum_12m, sdi.momentum_3m, sdi.rsi_14, sdi.ticker, sdi.volatility_20d FROM stocks_daily_info sdi LEFT JOIN fundamentals_daily fd ON fd.ticker = sdi.ticker AND fd.event_date = sdi.event_date WHERE sdi.market = 'KOSDAQ' AND sdi.market_cap >= 472800000000 AND sdi.event_date = DATE '2023-08-31' ORDER BY CASE sdi.ticker WHEN '000660.KS' THEN 1 WHEN '005930.KS' THEN 2 WHEN '068270.KQ' THEN 3 WHEN '207940.KS' THEN 4 WHEN '035420.KS' THEN 5 WHEN '005380.KS' THEN 6 WHEN '051910.KS' THEN 7 WHEN '012330.KS' THEN 8 WHEN '035720.KS' THEN 9 WHEN '105560.KS' THEN 10 ELSE 11 END LIMIT 49;",
  "baseline_execution_plan": {
    "Plan": {
      "Node Type": "Limit",
      "Parallel Aware": false,
      "Async Capable": false,
      "Startup Cost": 24.75,
      "Total Cost": 24.75,
      "Plan Rows": 1,
      "Plan Width": 109,
      "Plans": [
        {
          "Node Type": "Sort",
          "Parent Relationship": "Outer",
          "Parallel Aware": false,
          "Async Capable": false,
          "Startup Cost": 24.75,
          "Total Cost": 24.75,
          "Plan Rows": 1,
          "Plan Width": 109,
          "Sort Key": [
            "(CASE sdi.ticker WHEN '000660.KS'::text THEN 1 WHEN '005930.KS'::text THEN 2 WHEN '068270.KQ'::text THEN 3 WHEN '207940.KS'::text THEN 4 WHEN '035420.KS'::text THEN 5 WHEN '005380.KS'::text THEN 6 WHEN '051910.KS'::text THEN 7 WHEN '012330.KS'::text THEN 8 WHEN '035720.KS'::text THEN 9 WHEN '105560.KS'::text THEN 10 ELSE 11 END)"
          ],
          "Plans": [
            {
              "Node Type": "Nested Loop",
              "Parent Relationship": "Outer",
              "Parallel Aware": false,
              "Async Capable": false,
              "Join Type": "Left",
              "Startup Cost": 2.65,
              "Total Cost": 24.74,
              "Plan Rows": 1,
              "Plan Width": 109,
              "Inner Unique": true,
              "Plans": [
                {
                  "Node Type": "Bitmap Heap Scan",
                  "Parent Relationship": "Outer",
                  "Parallel Aware": false,
                  "Async Capable": false,
                  "Relation Name": "stocks_daily_info",
                  "Alias": "sdi",
                  "Startup Cost": 2.36,
                  "Total Cost": 20.4,
                  "Plan Rows": 1,
                  "Plan Width": 68,
                  "Recheck Cond": "(event_date = '2023-08-31'::date)",
                  "Filter": "((market_cap >= '472800000000'::numeric) AND (market = 'KOSDAQ'::text))",
                  "Plans": [
                    {
                      "Node Type": "Bitmap Index Scan",
                      "Parent Relationship": "Outer",
                      "Parallel Aware": false,
                      "Async Capable": false,
                      "Index Name": "idx_sdi_event_date",
                      "Startup Cost": 0.0,
                      "Total Cost": 2.36,
                      "Plan Rows": 10,
                      "Plan Width": 0,
                      "Index Cond": "(event_date = '2023-08-31'::date)"
                    }
                  ]
                },
                {
                  "Node Type": "Index Scan",
                  "Parent Relationship": "Inner",
                  "Parallel Aware": false,
                  "Async Capable": false,
                  "Scan Direction": "Forward",
                  "Index Name": "fundamentals_daily_pkey",
                  "Relation Name": "fundamentals_daily",
                  "Alias": "fd",
                  "Startup Cost": 0.29,
                  "Total Cost": 4.3,
                  "Plan Rows": 1,
                  "Plan Width": 55,
                  "Index Cond": "((event_date = '2023-08-31'::date) AND (ticker = sdi.ticker))"
                }
              ]
            }
          ]
        }
      ]
    }
  },
  "db_statistics": {
    "table_stats": {
      "stocks_daily_info": {
        "row_count": 12700,
        "size_mb": 1.71
      },
      "fundamentals_daily": {
        "row_count": 12080,
        "size_mb": 2.33
      },
      "financials_quarterly": {
        "row_count": 8634,
        "size_mb": 0.8
      }
    },
    "existing_indexes": [
      "backtest_results_pkey",
      "community_posts_pkey",
      "financials_quarterly_pkey",
      "fundamentals_daily_pkey",
      "idx_finq_period_end",
      "idx_finq_ticker",
      "idx_fund_event_date",
      "idx_fund_ticker",
      "idx_sdi_event_date",
      "idx_sdi_ticker",
      "ix_backtest_results_strategy_id",
      "ix_community_posts_author_id",
      "ix_community_posts_strategy_id",
      "ix_ml_models_owner_id",
      "ix_strategies_owner_id",
      "ix_users_email",
      "ml_models_pkey",
      "stocks_daily_info_pkey",
      "strategies_pkey",
      "users_pkey"
    ]
  }
}
---
{
  "workload_id": 230,
  "metadata": {
    "strategy_template": "ML Hybrid Style",
    "ml_model_used": "Return Forecast Model"
  },
  "sql_query": "SELECT ( SELECT COALESCE(SUM(value), 0) FROM ( SELECT value FROM financials_quarterly fq WHERE fq.ticker = sdi.ticker AND fq.item_name = 'OperatingIncome' AND fq.statement_type IN ('IS_Q','CF_Q') AND fq.period_end <= DATE '2023-06-12' ORDER BY fq.period_end DESC LIMIT 4 ) as recent_quarters ) AS ttm_operatingincome , sdi.close_price, sdi.company_name, sdi.ma_20d, sdi.market_cap, sdi.momentum_12m, sdi.momentum_3m, sdi.rsi_14, sdi.ticker, sdi.volatility_20d FROM stocks_daily_info sdi WHERE sdi.market = 'KOSPI' AND sdi.market_cap >= 473400000000 AND sdi.event_date = DATE '2023-06-12' ORDER BY CASE sdi.ticker WHEN '000660.KS' THEN 1 WHEN '005930.KS' THEN 2 WHEN '068270.KQ' THEN 3 WHEN '207940.KS' THEN 4 WHEN '035420.KS' THEN 5 WHEN '005380.KS' THEN 6 WHEN '051910.KS' THEN 7 WHEN '012330.KS' THEN 8 WHEN '035720.KS' THEN 9 WHEN '105560.KS' THEN 10 ELSE 11 END LIMIT 15;",
  "baseline_execution_plan": {
    "Plan": {
      "Node Type": "Limit",
      "Parallel Aware": false,
      "Async Capable": false,
      "Startup Cost": 20.43,
      "Total Cost": 24.75,
      "Plan Rows": 1,
      "Plan Width": 100,
      "Plans": [
        {
          "Node Type": "Result",
          "Parent Relationship": "Outer",
          "Parallel Aware": false,
          "Async Capable": false,
          "Startup Cost": 20.43,
          "Total Cost": 24.75,
          "Plan Rows": 1,
          "Plan Width": 100,
          "Plans": [
            {
              "Node Type": "Sort",
              "Parent Relationship": "Outer",
              "Parallel Aware": false,
              "Async Capable": false,
              "Startup Cost": 20.43,
              "Total Cost": 20.44,
              "Plan Rows": 1,
              "Plan Width": 68,
              "Sort Key": [
                "(CASE sdi.ticker WHEN '000660.KS'::text THEN 1 WHEN '005930.KS'::text THEN 2 WHEN '068270.KQ'::text THEN 3 WHEN '207940.KS'::text THEN 4 WHEN '035420.KS'::text THEN 5 WHEN '005380.KS'::text THEN 6 WHEN '051910.KS'::text THEN 7 WHEN '012330.KS'::text THEN 8 WHEN '035720.KS'::text THEN 9 WHEN '105560.KS'::text THEN 10 ELSE 11 END)"
              ],
              "Plans": [
                {
                  "Node Type": "Bitmap Heap Scan",
                  "Parent Relationship": "Outer",
                  "Parallel Aware": false,
                  "Async Capable": false,
                  "Relation Name": "stocks_daily_info",
                  "Alias": "sdi",
                  "Startup Cost": 2.36,
                  "Total Cost": 20.42,
                  "Plan Rows": 1,
                  "Plan Width": 68,
                  "Recheck Cond": "(event_date = '2023-06-12'::date)",
                  "Filter": "((market_cap >= '473400000000'::numeric) AND (market = 'KOSPI'::text))",
                  "Plans": [
                    {
                      "Node Type": "Bitmap Index Scan",
                      "Parent Relationship": "Outer",
                      "Parallel Aware": false,
                      "Async Capable": false,
                      "Index Name": "idx_sdi_event_date",
                      "Startup Cost": 0.0,
                      "Total Cost": 2.36,
                      "Plan Rows": 10,
                      "Plan Width": 0,
                      "Index Cond": "(event_date = '2023-06-12'::date)"
                    }
                  ]
                }
              ]
            },
            {
              "Node Type": "Aggregate",
              "Strategy": "Plain",
              "Partial Mode": "Simple",
              "Parent Relationship": "SubPlan",
              "Subplan Name": "SubPlan 1",
              "Parallel Aware": false,
              "Async Capable": false,
              "Startup Cost": 4.27,
              "Total Cost": 4.28,
              "Plan Rows": 1,
              "Plan Width": 32,
              "Plans": [
                {
                  "Node Type": "Limit",
                  "Parent Relationship": "Outer",
                  "Parallel Aware": false,
                  "Async Capable": false,
                  "Startup Cost": 0.29,
                  "Total Cost": 4.25,
                  "Plan Rows": 1,
                  "Plan Width": 12,
                  "Plans": [
                    {
                      "Node Type": "Index Scan",
                      "Parent Relationship": "Outer",
                      "Parallel Aware": false,
                      "Async Capable": false,
                      "Scan Direction": "Backward",
                      "Index Name": "idx_finq_period_end",
                      "Relation Name": "financials_quarterly",
                      "Alias": "fq",
                      "Startup Cost": 0.29,
                      "Total Cost": 4.25,
                      "Plan Rows": 1,
                      "Plan Width": 12,
                      "Index Cond": "(period_end <= '2023-06-12'::date)",
                      "Filter": "((statement_type = ANY ('{IS_Q,CF_Q}'::text[])) AND (ticker = sdi.ticker) AND (item_name = 'OperatingIncome'::text))"
                    }
                  ]
                }
              ]
            }
          ]
        }
      ]
    }
  },
  "db_statistics": {
    "table_stats": {
      "stocks_daily_info": {
        "row_count": 12700,
        "size_mb": 1.71
      },
      "fundamentals_daily": {
        "row_count": 12080,
        "size_mb": 2.33
      },
      "financials_quarterly": {
        "row_count": 8634,
        "size_mb": 0.8
      }
    },
    "existing_indexes": [
      "backtest_results_pkey",
      "community_posts_pkey",
      "financials_quarterly_pkey",
      "fundamentals_daily_pkey",
      "idx_finq_period_end",
      "idx_finq_ticker",
      "idx_fund_event_date",
      "idx_fund_ticker",
      "idx_sdi_event_date",
      "idx_sdi_ticker",
      "ix_backtest_results_strategy_id",
      "ix_community_posts_author_id",
      "ix_community_posts_strategy_id",
      "ix_ml_models_owner_id",
      "ix_strategies_owner_id",
      "ix_users_email",
      "ml_models_pkey",
      "stocks_daily_info_pkey",
      "strategies_pkey",
      "users_pkey"
    ]
  }
}
---
{
  "workload_id": 231,
  "metadata": {
    "strategy_template": "Momentum Investing Style",
    "ml_model_used": null
  },
  "sql_query": "SELECT ( SELECT COALESCE(SUM(value), 0) FROM ( SELECT value FROM financials_quarterly fq WHERE fq.ticker = sdi.ticker AND fq.item_name = 'OperatingCashFlow' AND fq.statement_type IN ('IS_Q','CF_Q') AND fq.period_end <= DATE '2023-08-25' ORDER BY fq.period_end DESC LIMIT 4 ) as recent_quarters ) AS ttm_operatingcashflow , sdi.close_price, sdi.company_name, sdi.ma_20d, sdi.market_cap, sdi.momentum_12m, sdi.momentum_3m, sdi.rsi_14, sdi.ticker, sdi.volatility_20d FROM stocks_daily_info sdi WHERE sdi.market = 'KOSDAQ' AND sdi.market_cap >= 163900000000 AND sdi.event_date = DATE '2023-08-25' ORDER BY sdi.momentum_3m desc, sdi.momentum_12m desc LIMIT 22;",
  "baseline_execution_plan": {
    "Plan": {
      "Node Type": "Limit",
      "Parallel Aware": false,
      "Async Capable": false,
      "Startup Cost": 20.41,
      "Total Cost": 24.7,
      "Plan Rows": 1,
      "Plan Width": 96,
      "Plans": [
        {
          "Node Type": "Result",
          "Parent Relationship": "Outer",
          "Parallel Aware": false,
          "Async Capable": false,
          "Startup Cost": 20.41,
          "Total Cost": 24.7,
          "Plan Rows": 1,
          "Plan Width": 96,
          "Plans": [
            {
              "Node Type": "Sort",
              "Parent Relationship": "Outer",
              "Parallel Aware": false,
              "Async Capable": false,
              "Startup Cost": 20.41,
              "Total Cost": 20.41,
              "Plan Rows": 1,
              "Plan Width": 64,
              "Sort Key": [
                "sdi.momentum_3m DESC",
                "sdi.momentum_12m DESC"
              ],
              "Plans": [
                {
                  "Node Type": "Bitmap Heap Scan",
                  "Parent Relationship": "Outer",
                  "Parallel Aware": false,
                  "Async Capable": false,
                  "Relation Name": "stocks_daily_info",
                  "Alias": "sdi",
                  "Startup Cost": 2.36,
                  "Total Cost": 20.4,
                  "Plan Rows": 1,
                  "Plan Width": 64,
                  "Recheck Cond": "(event_date = '2023-08-25'::date)",
                  "Filter": "((market_cap >= '163900000000'::numeric) AND (market = 'KOSDAQ'::text))",
                  "Plans": [
                    {
                      "Node Type": "Bitmap Index Scan",
                      "Parent Relationship": "Outer",
                      "Parallel Aware": false,
                      "Async Capable": false,
                      "Index Name": "idx_sdi_event_date",
                      "Startup Cost": 0.0,
                      "Total Cost": 2.36,
                      "Plan Rows": 10,
                      "Plan Width": 0,
                      "Index Cond": "(event_date = '2023-08-25'::date)"
                    }
                  ]
                }
              ]
            },
            {
              "Node Type": "Aggregate",
              "Strategy": "Plain",
              "Partial Mode": "Simple",
              "Parent Relationship": "SubPlan",
              "Subplan Name": "SubPlan 1",
              "Parallel Aware": false,
              "Async Capable": false,
              "Startup Cost": 4.27,
              "Total Cost": 4.28,
              "Plan Rows": 1,
              "Plan Width": 32,
              "Plans": [
                {
                  "Node Type": "Limit",
                  "Parent Relationship": "Outer",
                  "Parallel Aware": false,
                  "Async Capable": false,
                  "Startup Cost": 0.29,
                  "Total Cost": 4.25,
                  "Plan Rows": 1,
                  "Plan Width": 12,
                  "Plans": [
                    {
                      "Node Type": "Index Scan",
                      "Parent Relationship": "Outer",
                      "Parallel Aware": false,
                      "Async Capable": false,
                      "Scan Direction": "Backward",
                      "Index Name": "idx_finq_period_end",
                      "Relation Name": "financials_quarterly",
                      "Alias": "fq",
                      "Startup Cost": 0.29,
                      "Total Cost": 4.25,
                      "Plan Rows": 1,
                      "Plan Width": 12,
                      "Index Cond": "(period_end <= '2023-08-25'::date)",
                      "Filter": "((statement_type = ANY ('{IS_Q,CF_Q}'::text[])) AND (ticker = sdi.ticker) AND (item_name = 'OperatingCashFlow'::text))"
                    }
                  ]
                }
              ]
            }
          ]
        }
      ]
    }
  },
  "db_statistics": {
    "table_stats": {
      "stocks_daily_info": {
        "row_count": 12700,
        "size_mb": 1.71
      },
      "fundamentals_daily": {
        "row_count": 12080,
        "size_mb": 2.33
      },
      "financials_quarterly": {
        "row_count": 8634,
        "size_mb": 0.8
      }
    },
    "existing_indexes": [
      "backtest_results_pkey",
      "community_posts_pkey",
      "financials_quarterly_pkey",
      "fundamentals_daily_pkey",
      "idx_finq_period_end",
      "idx_finq_ticker",
      "idx_fund_event_date",
      "idx_fund_ticker",
      "idx_sdi_event_date",
      "idx_sdi_ticker",
      "ix_backtest_results_strategy_id",
      "ix_community_posts_author_id",
      "ix_community_posts_strategy_id",
      "ix_ml_models_owner_id",
      "ix_strategies_owner_id",
      "ix_users_email",
      "ml_models_pkey",
      "stocks_daily_info_pkey",
      "strategies_pkey",
      "users_pkey"
    ]
  }
}
---
{
  "workload_id": 232,
  "metadata": {
    "strategy_template": "Value Investing Style",
    "ml_model_used": null
  },
  "sql_query": "SELECT fd.bps, fd.dividend_yield, fd.eps, fd.pbr, fd.per, sdi.close_price, sdi.company_name, sdi.ma_20d, sdi.market_cap, sdi.momentum_12m, sdi.momentum_3m, sdi.rsi_14, sdi.ticker, sdi.volatility_20d FROM stocks_daily_info sdi LEFT JOIN fundamentals_daily fd ON fd.ticker = sdi.ticker AND fd.event_date = sdi.event_date WHERE sdi.market = 'KOSDAQ' AND sdi.market_cap >= 315100000000 AND sdi.event_date = DATE '2023-06-30' ORDER BY fd.pbr desc, fd.per desc LIMIT 26;",
  "baseline_execution_plan": {
    "Plan": {
      "Node Type": "Limit",
      "Parallel Aware": false,
      "Async Capable": false,
      "Startup Cost": 24.72,
      "Total Cost": 24.73,
      "Plan Rows": 1,
      "Plan Width": 105,
      "Plans": [
        {
          "Node Type": "Sort",
          "Parent Relationship": "Outer",
          "Parallel Aware": false,
          "Async Capable": false,
          "Startup Cost": 24.72,
          "Total Cost": 24.73,
          "Plan Rows": 1,
          "Plan Width": 105,
          "Sort Key": [
            "fd.pbr DESC",
            "fd.per DESC"
          ],
          "Plans": [
            {
              "Node Type": "Nested Loop",
              "Parent Relationship": "Outer",
              "Parallel Aware": false,
              "Async Capable": false,
              "Join Type": "Left",
              "Startup Cost": 2.65,
              "Total Cost": 24.71,
              "Plan Rows": 1,
              "Plan Width": 105,
              "Inner Unique": true,
              "Plans": [
                {
                  "Node Type": "Bitmap Heap Scan",
                  "Parent Relationship": "Outer",
                  "Parallel Aware": false,
                  "Async Capable": false,
                  "Relation Name": "stocks_daily_info",
                  "Alias": "sdi",
                  "Startup Cost": 2.36,
                  "Total Cost": 20.4,
                  "Plan Rows": 1,
                  "Plan Width": 68,
                  "Recheck Cond": "(event_date = '2023-06-30'::date)",
                  "Filter": "((market_cap >= '315100000000'::numeric) AND (market = 'KOSDAQ'::text))",
                  "Plans": [
                    {
                      "Node Type": "Bitmap Index Scan",
                      "Parent Relationship": "Outer",
                      "Parallel Aware": false,
                      "Async Capable": false,
                      "Index Name": "idx_sdi_event_date",
                      "Startup Cost": 0.0,
                      "Total Cost": 2.36,
                      "Plan Rows": 10,
                      "Plan Width": 0,
                      "Index Cond": "(event_date = '2023-06-30'::date)"
                    }
                  ]
                },
                {
                  "Node Type": "Index Scan",
                  "Parent Relationship": "Inner",
                  "Parallel Aware": false,
                  "Async Capable": false,
                  "Scan Direction": "Forward",
                  "Index Name": "fundamentals_daily_pkey",
                  "Relation Name": "fundamentals_daily",
                  "Alias": "fd",
                  "Startup Cost": 0.29,
                  "Total Cost": 4.3,
                  "Plan Rows": 1,
                  "Plan Width": 55,
                  "Index Cond": "((event_date = '2023-06-30'::date) AND (ticker = sdi.ticker))"
                }
              ]
            }
          ]
        }
      ]
    }
  },
  "db_statistics": {
    "table_stats": {
      "stocks_daily_info": {
        "row_count": 12700,
        "size_mb": 1.71
      },
      "fundamentals_daily": {
        "row_count": 12080,
        "size_mb": 2.33
      },
      "financials_quarterly": {
        "row_count": 8634,
        "size_mb": 0.8
      }
    },
    "existing_indexes": [
      "backtest_results_pkey",
      "community_posts_pkey",
      "financials_quarterly_pkey",
      "fundamentals_daily_pkey",
      "idx_finq_period_end",
      "idx_finq_ticker",
      "idx_fund_event_date",
      "idx_fund_ticker",
      "idx_sdi_event_date",
      "idx_sdi_ticker",
      "ix_backtest_results_strategy_id",
      "ix_community_posts_author_id",
      "ix_community_posts_strategy_id",
      "ix_ml_models_owner_id",
      "ix_strategies_owner_id",
      "ix_users_email",
      "ml_models_pkey",
      "stocks_daily_info_pkey",
      "strategies_pkey",
      "users_pkey"
    ]
  }
}
---
{
  "workload_id": 233,
  "metadata": {
    "strategy_template": "Momentum Investing Style",
    "ml_model_used": null
  },
  "sql_query": "SELECT sdi.close_price, sdi.company_name, sdi.ma_20d, sdi.market_cap, sdi.momentum_12m, sdi.momentum_3m, sdi.rsi_14, sdi.ticker, sdi.volatility_20d FROM stocks_daily_info sdi WHERE sdi.market = 'KOSPI' AND sdi.market_cap >= 148300000000 AND sdi.event_date = DATE '2023-07-21' ORDER BY sdi.momentum_3m desc, sdi.momentum_12m desc, sdi.volatility_20d desc LIMIT 17;",
  "baseline_execution_plan": {
    "Plan": {
      "Node Type": "Limit",
      "Parallel Aware": false,
      "Async Capable": false,
      "Startup Cost": 20.41,
      "Total Cost": 20.41,
      "Plan Rows": 1,
      "Plan Width": 64,
      "Plans": [
        {
          "Node Type": "Sort",
          "Parent Relationship": "Outer",
          "Parallel Aware": false,
          "Async Capable": false,
          "Startup Cost": 20.41,
          "Total Cost": 20.41,
          "Plan Rows": 1,
          "Plan Width": 64,
          "Sort Key": [
            "momentum_3m DESC",
            "momentum_12m DESC",
            "volatility_20d DESC"
          ],
          "Plans": [
            {
              "Node Type": "Bitmap Heap Scan",
              "Parent Relationship": "Outer",
              "Parallel Aware": false,
              "Async Capable": false,
              "Relation Name": "stocks_daily_info",
              "Alias": "sdi",
              "Startup Cost": 2.36,
              "Total Cost": 20.4,
              "Plan Rows": 1,
              "Plan Width": 64,
              "Recheck Cond": "(event_date = '2023-07-21'::date)",
              "Filter": "((market_cap >= '148300000000'::numeric) AND (market = 'KOSPI'::text))",
              "Plans": [
                {
                  "Node Type": "Bitmap Index Scan",
                  "Parent Relationship": "Outer",
                  "Parallel Aware": false,
                  "Async Capable": false,
                  "Index Name": "idx_sdi_event_date",
                  "Startup Cost": 0.0,
                  "Total Cost": 2.36,
                  "Plan Rows": 10,
                  "Plan Width": 0,
                  "Index Cond": "(event_date = '2023-07-21'::date)"
                }
              ]
            }
          ]
        }
      ]
    }
  },
  "db_statistics": {
    "table_stats": {
      "stocks_daily_info": {
        "row_count": 12700,
        "size_mb": 1.71
      },
      "fundamentals_daily": {
        "row_count": 12080,
        "size_mb": 2.33
      },
      "financials_quarterly": {
        "row_count": 8634,
        "size_mb": 0.8
      }
    },
    "existing_indexes": [
      "backtest_results_pkey",
      "community_posts_pkey",
      "financials_quarterly_pkey",
      "fundamentals_daily_pkey",
      "idx_finq_period_end",
      "idx_finq_ticker",
      "idx_fund_event_date",
      "idx_fund_ticker",
      "idx_sdi_event_date",
      "idx_sdi_ticker",
      "ix_backtest_results_strategy_id",
      "ix_community_posts_author_id",
      "ix_community_posts_strategy_id",
      "ix_ml_models_owner_id",
      "ix_strategies_owner_id",
      "ix_users_email",
      "ml_models_pkey",
      "stocks_daily_info_pkey",
      "strategies_pkey",
      "users_pkey"
    ]
  }
}
---
{
  "workload_id": 234,
  "metadata": {
    "strategy_template": "Momentum Investing Style",
    "ml_model_used": null
  },
  "sql_query": "SELECT sdi.close_price, sdi.company_name, sdi.ma_20d, sdi.market_cap, sdi.momentum_12m, sdi.momentum_3m, sdi.rsi_14, sdi.ticker, sdi.volatility_20d FROM stocks_daily_info sdi WHERE sdi.market = 'KOSDAQ' AND sdi.market_cap >= 158300000000 AND sdi.event_date = DATE '2023-09-16' ORDER BY sdi.momentum_3m desc, sdi.momentum_12m desc LIMIT 39;",
  "baseline_execution_plan": {
    "Plan": {
      "Node Type": "Limit",
      "Parallel Aware": false,
      "Async Capable": false,
      "Startup Cost": 20.41,
      "Total Cost": 20.41,
      "Plan Rows": 1,
      "Plan Width": 64,
      "Plans": [
        {
          "Node Type": "Sort",
          "Parent Relationship": "Outer",
          "Parallel Aware": false,
          "Async Capable": false,
          "Startup Cost": 20.41,
          "Total Cost": 20.41,
          "Plan Rows": 1,
          "Plan Width": 64,
          "Sort Key": [
            "momentum_3m DESC",
            "momentum_12m DESC"
          ],
          "Plans": [
            {
              "Node Type": "Bitmap Heap Scan",
              "Parent Relationship": "Outer",
              "Parallel Aware": false,
              "Async Capable": false,
              "Relation Name": "stocks_daily_info",
              "Alias": "sdi",
              "Startup Cost": 2.36,
              "Total Cost": 20.4,
              "Plan Rows": 1,
              "Plan Width": 64,
              "Recheck Cond": "(event_date = '2023-09-16'::date)",
              "Filter": "((market_cap >= '158300000000'::numeric) AND (market = 'KOSDAQ'::text))",
              "Plans": [
                {
                  "Node Type": "Bitmap Index Scan",
                  "Parent Relationship": "Outer",
                  "Parallel Aware": false,
                  "Async Capable": false,
                  "Index Name": "idx_sdi_event_date",
                  "Startup Cost": 0.0,
                  "Total Cost": 2.36,
                  "Plan Rows": 10,
                  "Plan Width": 0,
                  "Index Cond": "(event_date = '2023-09-16'::date)"
                }
              ]
            }
          ]
        }
      ]
    }
  },
  "db_statistics": {
    "table_stats": {
      "stocks_daily_info": {
        "row_count": 12700,
        "size_mb": 1.71
      },
      "fundamentals_daily": {
        "row_count": 12080,
        "size_mb": 2.33
      },
      "financials_quarterly": {
        "row_count": 8634,
        "size_mb": 0.8
      }
    },
    "existing_indexes": [
      "backtest_results_pkey",
      "community_posts_pkey",
      "financials_quarterly_pkey",
      "fundamentals_daily_pkey",
      "idx_finq_period_end",
      "idx_finq_ticker",
      "idx_fund_event_date",
      "idx_fund_ticker",
      "idx_sdi_event_date",
      "idx_sdi_ticker",
      "ix_backtest_results_strategy_id",
      "ix_community_posts_author_id",
      "ix_community_posts_strategy_id",
      "ix_ml_models_owner_id",
      "ix_strategies_owner_id",
      "ix_users_email",
      "ml_models_pkey",
      "stocks_daily_info_pkey",
      "strategies_pkey",
      "users_pkey"
    ]
  }
}
---
{
  "workload_id": 235,
  "metadata": {
    "strategy_template": "Momentum Investing Style",
    "ml_model_used": null
  },
  "sql_query": "SELECT sdi.close_price, sdi.company_name, sdi.ma_20d, sdi.market_cap, sdi.momentum_12m, sdi.momentum_3m, sdi.rsi_14, sdi.ticker, sdi.volatility_20d FROM stocks_daily_info sdi WHERE sdi.market = 'KOSDAQ' AND sdi.market_cap >= 250300000000 AND sdi.event_date = DATE '2023-08-22' ORDER BY sdi.momentum_3m desc, sdi.momentum_12m desc, sdi.rsi_14 desc, sdi.volatility_20d asc LIMIT 46;",
  "baseline_execution_plan": {
    "Plan": {
      "Node Type": "Limit",
      "Parallel Aware": false,
      "Async Capable": false,
      "Startup Cost": 20.41,
      "Total Cost": 20.41,
      "Plan Rows": 1,
      "Plan Width": 64,
      "Plans": [
        {
          "Node Type": "Sort",
          "Parent Relationship": "Outer",
          "Parallel Aware": false,
          "Async Capable": false,
          "Startup Cost": 20.41,
          "Total Cost": 20.41,
          "Plan Rows": 1,
          "Plan Width": 64,
          "Sort Key": [
            "momentum_3m DESC",
            "momentum_12m DESC",
            "rsi_14 DESC",
            "volatility_20d"
          ],
          "Plans": [
            {
              "Node Type": "Bitmap Heap Scan",
              "Parent Relationship": "Outer",
              "Parallel Aware": false,
              "Async Capable": false,
              "Relation Name": "stocks_daily_info",
              "Alias": "sdi",
              "Startup Cost": 2.36,
              "Total Cost": 20.4,
              "Plan Rows": 1,
              "Plan Width": 64,
              "Recheck Cond": "(event_date = '2023-08-22'::date)",
              "Filter": "((market_cap >= '250300000000'::numeric) AND (market = 'KOSDAQ'::text))",
              "Plans": [
                {
                  "Node Type": "Bitmap Index Scan",
                  "Parent Relationship": "Outer",
                  "Parallel Aware": false,
                  "Async Capable": false,
                  "Index Name": "idx_sdi_event_date",
                  "Startup Cost": 0.0,
                  "Total Cost": 2.36,
                  "Plan Rows": 10,
                  "Plan Width": 0,
                  "Index Cond": "(event_date = '2023-08-22'::date)"
                }
              ]
            }
          ]
        }
      ]
    }
  },
  "db_statistics": {
    "table_stats": {
      "stocks_daily_info": {
        "row_count": 12700,
        "size_mb": 1.71
      },
      "fundamentals_daily": {
        "row_count": 12080,
        "size_mb": 2.33
      },
      "financials_quarterly": {
        "row_count": 8634,
        "size_mb": 0.8
      }
    },
    "existing_indexes": [
      "backtest_results_pkey",
      "community_posts_pkey",
      "financials_quarterly_pkey",
      "fundamentals_daily_pkey",
      "idx_finq_period_end",
      "idx_finq_ticker",
      "idx_fund_event_date",
      "idx_fund_ticker",
      "idx_sdi_event_date",
      "idx_sdi_ticker",
      "ix_backtest_results_strategy_id",
      "ix_community_posts_author_id",
      "ix_community_posts_strategy_id",
      "ix_ml_models_owner_id",
      "ix_strategies_owner_id",
      "ix_users_email",
      "ml_models_pkey",
      "stocks_daily_info_pkey",
      "strategies_pkey",
      "users_pkey"
    ]
  }
}
---
{
  "workload_id": 236,
  "metadata": {
    "strategy_template": "Value Investing Style",
    "ml_model_used": null
  },
  "sql_query": "SELECT ( SELECT COALESCE(SUM(value), 0) FROM ( SELECT value FROM financials_quarterly fq WHERE fq.ticker = sdi.ticker AND fq.item_name = 'OperatingCashFlow' AND fq.statement_type IN ('IS_Q','CF_Q') AND fq.period_end <= DATE '2023-06-11' ORDER BY fq.period_end DESC LIMIT 4 ) as recent_quarters ) AS ttm_operatingcashflow , fd.bps, fd.dividend_yield, fd.eps, fd.pbr, fd.per, sdi.close_price, sdi.company_name, sdi.ma_20d, sdi.market_cap, sdi.momentum_12m, sdi.momentum_3m, sdi.rsi_14, sdi.ticker, sdi.volatility_20d FROM stocks_daily_info sdi LEFT JOIN fundamentals_daily fd ON fd.ticker = sdi.ticker AND fd.event_date = sdi.event_date WHERE sdi.market = 'KOSPI' AND sdi.market_cap >= 59900000000 AND sdi.event_date = DATE '2023-06-11' ORDER BY fd.pbr desc, fd.per desc, fd.eps desc LIMIT 33;",
  "baseline_execution_plan": {
    "Plan": {
      "Node Type": "Limit",
      "Parallel Aware": false,
      "Async Capable": false,
      "Startup Cost": 24.72,
      "Total Cost": 29.02,
      "Plan Rows": 1,
      "Plan Width": 137,
      "Plans": [
        {
          "Node Type": "Result",
          "Parent Relationship": "Outer",
          "Parallel Aware": false,
          "Async Capable": false,
          "Startup Cost": 24.72,
          "Total Cost": 29.02,
          "Plan Rows": 1,
          "Plan Width": 137,
          "Plans": [
            {
              "Node Type": "Sort",
              "Parent Relationship": "Outer",
              "Parallel Aware": false,
              "Async Capable": false,
              "Startup Cost": 24.72,
              "Total Cost": 24.73,
              "Plan Rows": 1,
              "Plan Width": 105,
              "Sort Key": [
                "fd.pbr DESC",
                "fd.per DESC",
                "fd.eps DESC"
              ],
              "Plans": [
                {
                  "Node Type": "Nested Loop",
                  "Parent Relationship": "Outer",
                  "Parallel Aware": false,
                  "Async Capable": false,
                  "Join Type": "Left",
                  "Startup Cost": 2.65,
                  "Total Cost": 24.71,
                  "Plan Rows": 1,
                  "Plan Width": 105,
                  "Inner Unique": true,
                  "Plans": [
                    {
                      "Node Type": "Bitmap Heap Scan",
                      "Parent Relationship": "Outer",
                      "Parallel Aware": false,
                      "Async Capable": false,
                      "Relation Name": "stocks_daily_info",
                      "Alias": "sdi",
                      "Startup Cost": 2.36,
                      "Total Cost": 20.4,
                      "Plan Rows": 1,
                      "Plan Width": 68,
                      "Recheck Cond": "(event_date = '2023-06-11'::date)",
                      "Filter": "((market_cap >= '59900000000'::numeric) AND (market = 'KOSPI'::text))",
                      "Plans": [
                        {
                          "Node Type": "Bitmap Index Scan",
                          "Parent Relationship": "Outer",
                          "Parallel Aware": false,
                          "Async Capable": false,
                          "Index Name": "idx_sdi_event_date",
                          "Startup Cost": 0.0,
                          "Total Cost": 2.36,
                          "Plan Rows": 10,
                          "Plan Width": 0,
                          "Index Cond": "(event_date = '2023-06-11'::date)"
                        }
                      ]
                    },
                    {
                      "Node Type": "Index Scan",
                      "Parent Relationship": "Inner",
                      "Parallel Aware": false,
                      "Async Capable": false,
                      "Scan Direction": "Forward",
                      "Index Name": "fundamentals_daily_pkey",
                      "Relation Name": "fundamentals_daily",
                      "Alias": "fd",
                      "Startup Cost": 0.29,
                      "Total Cost": 4.3,
                      "Plan Rows": 1,
                      "Plan Width": 55,
                      "Index Cond": "((event_date = '2023-06-11'::date) AND (ticker = sdi.ticker))"
                    }
                  ]
                }
              ]
            },
            {
              "Node Type": "Aggregate",
              "Strategy": "Plain",
              "Partial Mode": "Simple",
              "Parent Relationship": "SubPlan",
              "Subplan Name": "SubPlan 1",
              "Parallel Aware": false,
              "Async Capable": false,
              "Startup Cost": 4.27,
              "Total Cost": 4.28,
              "Plan Rows": 1,
              "Plan Width": 32,
              "Plans": [
                {
                  "Node Type": "Limit",
                  "Parent Relationship": "Outer",
                  "Parallel Aware": false,
                  "Async Capable": false,
                  "Startup Cost": 0.29,
                  "Total Cost": 4.25,
                  "Plan Rows": 1,
                  "Plan Width": 12,
                  "Plans": [
                    {
                      "Node Type": "Index Scan",
                      "Parent Relationship": "Outer",
                      "Parallel Aware": false,
                      "Async Capable": false,
                      "Scan Direction": "Backward",
                      "Index Name": "idx_finq_period_end",
                      "Relation Name": "financials_quarterly",
                      "Alias": "fq",
                      "Startup Cost": 0.29,
                      "Total Cost": 4.25,
                      "Plan Rows": 1,
                      "Plan Width": 12,
                      "Index Cond": "(period_end <= '2023-06-11'::date)",
                      "Filter": "((statement_type = ANY ('{IS_Q,CF_Q}'::text[])) AND (ticker = sdi.ticker) AND (item_name = 'OperatingCashFlow'::text))"
                    }
                  ]
                }
              ]
            }
          ]
        }
      ]
    }
  },
  "db_statistics": {
    "table_stats": {
      "stocks_daily_info": {
        "row_count": 12700,
        "size_mb": 1.71
      },
      "fundamentals_daily": {
        "row_count": 12080,
        "size_mb": 2.33
      },
      "financials_quarterly": {
        "row_count": 8634,
        "size_mb": 0.8
      }
    },
    "existing_indexes": [
      "backtest_results_pkey",
      "community_posts_pkey",
      "financials_quarterly_pkey",
      "fundamentals_daily_pkey",
      "idx_finq_period_end",
      "idx_finq_ticker",
      "idx_fund_event_date",
      "idx_fund_ticker",
      "idx_sdi_event_date",
      "idx_sdi_ticker",
      "ix_backtest_results_strategy_id",
      "ix_community_posts_author_id",
      "ix_community_posts_strategy_id",
      "ix_ml_models_owner_id",
      "ix_strategies_owner_id",
      "ix_users_email",
      "ml_models_pkey",
      "stocks_daily_info_pkey",
      "strategies_pkey",
      "users_pkey"
    ]
  }
}
---
{
  "workload_id": 237,
  "metadata": {
    "strategy_template": "Momentum Investing Style",
    "ml_model_used": null
  },
  "sql_query": "SELECT ( SELECT COALESCE(SUM(value), 0) FROM ( SELECT value FROM financials_quarterly fq WHERE fq.ticker = sdi.ticker AND fq.item_name = 'OperatingCashFlow' AND fq.statement_type IN ('IS_Q','CF_Q') AND fq.period_end <= DATE '2023-09-05' ORDER BY fq.period_end DESC LIMIT 4 ) as recent_quarters ) AS ttm_operatingcashflow , sdi.close_price, sdi.company_name, sdi.ma_20d, sdi.market_cap, sdi.momentum_12m, sdi.momentum_3m, sdi.rsi_14, sdi.ticker, sdi.volatility_20d FROM stocks_daily_info sdi WHERE sdi.market = 'KOSDAQ' AND sdi.market_cap >= 349300000000 AND sdi.event_date = DATE '2023-09-05' ORDER BY sdi.momentum_3m asc, sdi.momentum_12m asc, sdi.rsi_14 desc LIMIT 47;",
  "baseline_execution_plan": {
    "Plan": {
      "Node Type": "Limit",
      "Parallel Aware": false,
      "Async Capable": false,
      "Startup Cost": 20.41,
      "Total Cost": 24.7,
      "Plan Rows": 1,
      "Plan Width": 96,
      "Plans": [
        {
          "Node Type": "Result",
          "Parent Relationship": "Outer",
          "Parallel Aware": false,
          "Async Capable": false,
          "Startup Cost": 20.41,
          "Total Cost": 24.7,
          "Plan Rows": 1,
          "Plan Width": 96,
          "Plans": [
            {
              "Node Type": "Sort",
              "Parent Relationship": "Outer",
              "Parallel Aware": false,
              "Async Capable": false,
              "Startup Cost": 20.41,
              "Total Cost": 20.41,
              "Plan Rows": 1,
              "Plan Width": 64,
              "Sort Key": [
                "sdi.momentum_3m",
                "sdi.momentum_12m",
                "sdi.rsi_14 DESC"
              ],
              "Plans": [
                {
                  "Node Type": "Bitmap Heap Scan",
                  "Parent Relationship": "Outer",
                  "Parallel Aware": false,
                  "Async Capable": false,
                  "Relation Name": "stocks_daily_info",
                  "Alias": "sdi",
                  "Startup Cost": 2.36,
                  "Total Cost": 20.4,
                  "Plan Rows": 1,
                  "Plan Width": 64,
                  "Recheck Cond": "(event_date = '2023-09-05'::date)",
                  "Filter": "((market_cap >= '349300000000'::numeric) AND (market = 'KOSDAQ'::text))",
                  "Plans": [
                    {
                      "Node Type": "Bitmap Index Scan",
                      "Parent Relationship": "Outer",
                      "Parallel Aware": false,
                      "Async Capable": false,
                      "Index Name": "idx_sdi_event_date",
                      "Startup Cost": 0.0,
                      "Total Cost": 2.36,
                      "Plan Rows": 10,
                      "Plan Width": 0,
                      "Index Cond": "(event_date = '2023-09-05'::date)"
                    }
                  ]
                }
              ]
            },
            {
              "Node Type": "Aggregate",
              "Strategy": "Plain",
              "Partial Mode": "Simple",
              "Parent Relationship": "SubPlan",
              "Subplan Name": "SubPlan 1",
              "Parallel Aware": false,
              "Async Capable": false,
              "Startup Cost": 4.27,
              "Total Cost": 4.28,
              "Plan Rows": 1,
              "Plan Width": 32,
              "Plans": [
                {
                  "Node Type": "Limit",
                  "Parent Relationship": "Outer",
                  "Parallel Aware": false,
                  "Async Capable": false,
                  "Startup Cost": 0.29,
                  "Total Cost": 4.25,
                  "Plan Rows": 1,
                  "Plan Width": 12,
                  "Plans": [
                    {
                      "Node Type": "Index Scan",
                      "Parent Relationship": "Outer",
                      "Parallel Aware": false,
                      "Async Capable": false,
                      "Scan Direction": "Backward",
                      "Index Name": "idx_finq_period_end",
                      "Relation Name": "financials_quarterly",
                      "Alias": "fq",
                      "Startup Cost": 0.29,
                      "Total Cost": 4.25,
                      "Plan Rows": 1,
                      "Plan Width": 12,
                      "Index Cond": "(period_end <= '2023-09-05'::date)",
                      "Filter": "((statement_type = ANY ('{IS_Q,CF_Q}'::text[])) AND (ticker = sdi.ticker) AND (item_name = 'OperatingCashFlow'::text))"
                    }
                  ]
                }
              ]
            }
          ]
        }
      ]
    }
  },
  "db_statistics": {
    "table_stats": {
      "stocks_daily_info": {
        "row_count": 12700,
        "size_mb": 1.71
      },
      "fundamentals_daily": {
        "row_count": 12080,
        "size_mb": 2.33
      },
      "financials_quarterly": {
        "row_count": 8634,
        "size_mb": 0.8
      }
    },
    "existing_indexes": [
      "backtest_results_pkey",
      "community_posts_pkey",
      "financials_quarterly_pkey",
      "fundamentals_daily_pkey",
      "idx_finq_period_end",
      "idx_finq_ticker",
      "idx_fund_event_date",
      "idx_fund_ticker",
      "idx_sdi_event_date",
      "idx_sdi_ticker",
      "ix_backtest_results_strategy_id",
      "ix_community_posts_author_id",
      "ix_community_posts_strategy_id",
      "ix_ml_models_owner_id",
      "ix_strategies_owner_id",
      "ix_users_email",
      "ml_models_pkey",
      "stocks_daily_info_pkey",
      "strategies_pkey",
      "users_pkey"
    ]
  }
}
---
{
  "workload_id": 238,
  "metadata": {
    "strategy_template": "Value Investing Style",
    "ml_model_used": null
  },
  "sql_query": "SELECT ( SELECT COALESCE(SUM(value), 0) FROM ( SELECT value FROM financials_quarterly fq WHERE fq.ticker = sdi.ticker AND fq.item_name = 'NetIncome' AND fq.statement_type IN ('IS_Q','CF_Q') AND fq.period_end <= DATE '2023-06-29' ORDER BY fq.period_end DESC LIMIT 4 ) as recent_quarters ) AS ttm_netincome , fd.bps, fd.dividend_yield, fd.eps, fd.pbr, fd.per, sdi.close_price, sdi.company_name, sdi.ma_20d, sdi.market_cap, sdi.momentum_12m, sdi.momentum_3m, sdi.rsi_14, sdi.ticker, sdi.volatility_20d FROM stocks_daily_info sdi LEFT JOIN fundamentals_daily fd ON fd.ticker = sdi.ticker AND fd.event_date = sdi.event_date WHERE sdi.market = 'KOSDAQ' AND sdi.market_cap >= 197400000000 AND sdi.event_date = DATE '2023-06-29' ORDER BY fd.pbr desc, fd.per asc, fd.dividend_yield desc, fd.eps desc LIMIT 26;",
  "baseline_execution_plan": {
    "Plan": {
      "Node Type": "Limit",
      "Parallel Aware": false,
      "Async Capable": false,
      "Startup Cost": 24.72,
      "Total Cost": 29.02,
      "Plan Rows": 1,
      "Plan Width": 137,
      "Plans": [
        {
          "Node Type": "Result",
          "Parent Relationship": "Outer",
          "Parallel Aware": false,
          "Async Capable": false,
          "Startup Cost": 24.72,
          "Total Cost": 29.02,
          "Plan Rows": 1,
          "Plan Width": 137,
          "Plans": [
            {
              "Node Type": "Sort",
              "Parent Relationship": "Outer",
              "Parallel Aware": false,
              "Async Capable": false,
              "Startup Cost": 24.72,
              "Total Cost": 24.73,
              "Plan Rows": 1,
              "Plan Width": 105,
              "Sort Key": [
                "fd.pbr DESC",
                "fd.per",
                "fd.dividend_yield DESC",
                "fd.eps DESC"
              ],
              "Plans": [
                {
                  "Node Type": "Nested Loop",
                  "Parent Relationship": "Outer",
                  "Parallel Aware": false,
                  "Async Capable": false,
                  "Join Type": "Left",
                  "Startup Cost": 2.65,
                  "Total Cost": 24.71,
                  "Plan Rows": 1,
                  "Plan Width": 105,
                  "Inner Unique": true,
                  "Plans": [
                    {
                      "Node Type": "Bitmap Heap Scan",
                      "Parent Relationship": "Outer",
                      "Parallel Aware": false,
                      "Async Capable": false,
                      "Relation Name": "stocks_daily_info",
                      "Alias": "sdi",
                      "Startup Cost": 2.36,
                      "Total Cost": 20.4,
                      "Plan Rows": 1,
                      "Plan Width": 68,
                      "Recheck Cond": "(event_date = '2023-06-29'::date)",
                      "Filter": "((market_cap >= '197400000000'::numeric) AND (market = 'KOSDAQ'::text))",
                      "Plans": [
                        {
                          "Node Type": "Bitmap Index Scan",
                          "Parent Relationship": "Outer",
                          "Parallel Aware": false,
                          "Async Capable": false,
                          "Index Name": "idx_sdi_event_date",
                          "Startup Cost": 0.0,
                          "Total Cost": 2.36,
                          "Plan Rows": 10,
                          "Plan Width": 0,
                          "Index Cond": "(event_date = '2023-06-29'::date)"
                        }
                      ]
                    },
                    {
                      "Node Type": "Index Scan",
                      "Parent Relationship": "Inner",
                      "Parallel Aware": false,
                      "Async Capable": false,
                      "Scan Direction": "Forward",
                      "Index Name": "fundamentals_daily_pkey",
                      "Relation Name": "fundamentals_daily",
                      "Alias": "fd",
                      "Startup Cost": 0.29,
                      "Total Cost": 4.3,
                      "Plan Rows": 1,
                      "Plan Width": 55,
                      "Index Cond": "((event_date = '2023-06-29'::date) AND (ticker = sdi.ticker))"
                    }
                  ]
                }
              ]
            },
            {
              "Node Type": "Aggregate",
              "Strategy": "Plain",
              "Partial Mode": "Simple",
              "Parent Relationship": "SubPlan",
              "Subplan Name": "SubPlan 1",
              "Parallel Aware": false,
              "Async Capable": false,
              "Startup Cost": 4.27,
              "Total Cost": 4.28,
              "Plan Rows": 1,
              "Plan Width": 32,
              "Plans": [
                {
                  "Node Type": "Limit",
                  "Parent Relationship": "Outer",
                  "Parallel Aware": false,
                  "Async Capable": false,
                  "Startup Cost": 0.29,
                  "Total Cost": 4.25,
                  "Plan Rows": 1,
                  "Plan Width": 12,
                  "Plans": [
                    {
                      "Node Type": "Index Scan",
                      "Parent Relationship": "Outer",
                      "Parallel Aware": false,
                      "Async Capable": false,
                      "Scan Direction": "Backward",
                      "Index Name": "idx_finq_period_end",
                      "Relation Name": "financials_quarterly",
                      "Alias": "fq",
                      "Startup Cost": 0.29,
                      "Total Cost": 4.25,
                      "Plan Rows": 1,
                      "Plan Width": 12,
                      "Index Cond": "(period_end <= '2023-06-29'::date)",
                      "Filter": "((statement_type = ANY ('{IS_Q,CF_Q}'::text[])) AND (ticker = sdi.ticker) AND (item_name = 'NetIncome'::text))"
                    }
                  ]
                }
              ]
            }
          ]
        }
      ]
    }
  },
  "db_statistics": {
    "table_stats": {
      "stocks_daily_info": {
        "row_count": 12700,
        "size_mb": 1.71
      },
      "fundamentals_daily": {
        "row_count": 12080,
        "size_mb": 2.33
      },
      "financials_quarterly": {
        "row_count": 8634,
        "size_mb": 0.8
      }
    },
    "existing_indexes": [
      "backtest_results_pkey",
      "community_posts_pkey",
      "financials_quarterly_pkey",
      "fundamentals_daily_pkey",
      "idx_finq_period_end",
      "idx_finq_ticker",
      "idx_fund_event_date",
      "idx_fund_ticker",
      "idx_sdi_event_date",
      "idx_sdi_ticker",
      "ix_backtest_results_strategy_id",
      "ix_community_posts_author_id",
      "ix_community_posts_strategy_id",
      "ix_ml_models_owner_id",
      "ix_strategies_owner_id",
      "ix_users_email",
      "ml_models_pkey",
      "stocks_daily_info_pkey",
      "strategies_pkey",
      "users_pkey"
    ]
  }
}
---
{
  "workload_id": 239,
  "metadata": {
    "strategy_template": "ML Hybrid Style",
    "ml_model_used": "Return Forecast Model"
  },
  "sql_query": "SELECT fd.bps, fd.dividend_yield, fd.eps, fd.pbr, fd.per, sdi.close_price, sdi.company_name, sdi.ma_20d, sdi.market_cap, sdi.momentum_12m, sdi.momentum_3m, sdi.rsi_14, sdi.ticker, sdi.volatility_20d FROM stocks_daily_info sdi LEFT JOIN fundamentals_daily fd ON fd.ticker = sdi.ticker AND fd.event_date = sdi.event_date WHERE sdi.market = 'KOSDAQ' AND sdi.market_cap >= 430400000000 AND sdi.event_date = DATE '2023-10-10' ORDER BY CASE sdi.ticker WHEN '000660.KS' THEN 1 WHEN '005930.KS' THEN 2 WHEN '068270.KQ' THEN 3 WHEN '207940.KS' THEN 4 WHEN '035420.KS' THEN 5 WHEN '005380.KS' THEN 6 WHEN '051910.KS' THEN 7 WHEN '012330.KS' THEN 8 WHEN '035720.KS' THEN 9 WHEN '105560.KS' THEN 10 ELSE 11 END LIMIT 29;",
  "baseline_execution_plan": {
    "Plan": {
      "Node Type": "Limit",
      "Parallel Aware": false,
      "Async Capable": false,
      "Startup Cost": 24.75,
      "Total Cost": 24.75,
      "Plan Rows": 1,
      "Plan Width": 109,
      "Plans": [
        {
          "Node Type": "Sort",
          "Parent Relationship": "Outer",
          "Parallel Aware": false,
          "Async Capable": false,
          "Startup Cost": 24.75,
          "Total Cost": 24.75,
          "Plan Rows": 1,
          "Plan Width": 109,
          "Sort Key": [
            "(CASE sdi.ticker WHEN '000660.KS'::text THEN 1 WHEN '005930.KS'::text THEN 2 WHEN '068270.KQ'::text THEN 3 WHEN '207940.KS'::text THEN 4 WHEN '035420.KS'::text THEN 5 WHEN '005380.KS'::text THEN 6 WHEN '051910.KS'::text THEN 7 WHEN '012330.KS'::text THEN 8 WHEN '035720.KS'::text THEN 9 WHEN '105560.KS'::text THEN 10 ELSE 11 END)"
          ],
          "Plans": [
            {
              "Node Type": "Nested Loop",
              "Parent Relationship": "Outer",
              "Parallel Aware": false,
              "Async Capable": false,
              "Join Type": "Left",
              "Startup Cost": 2.65,
              "Total Cost": 24.74,
              "Plan Rows": 1,
              "Plan Width": 109,
              "Inner Unique": true,
              "Plans": [
                {
                  "Node Type": "Bitmap Heap Scan",
                  "Parent Relationship": "Outer",
                  "Parallel Aware": false,
                  "Async Capable": false,
                  "Relation Name": "stocks_daily_info",
                  "Alias": "sdi",
                  "Startup Cost": 2.36,
                  "Total Cost": 20.4,
                  "Plan Rows": 1,
                  "Plan Width": 68,
                  "Recheck Cond": "(event_date = '2023-10-10'::date)",
                  "Filter": "((market_cap >= '430400000000'::numeric) AND (market = 'KOSDAQ'::text))",
                  "Plans": [
                    {
                      "Node Type": "Bitmap Index Scan",
                      "Parent Relationship": "Outer",
                      "Parallel Aware": false,
                      "Async Capable": false,
                      "Index Name": "idx_sdi_event_date",
                      "Startup Cost": 0.0,
                      "Total Cost": 2.36,
                      "Plan Rows": 10,
                      "Plan Width": 0,
                      "Index Cond": "(event_date = '2023-10-10'::date)"
                    }
                  ]
                },
                {
                  "Node Type": "Index Scan",
                  "Parent Relationship": "Inner",
                  "Parallel Aware": false,
                  "Async Capable": false,
                  "Scan Direction": "Forward",
                  "Index Name": "fundamentals_daily_pkey",
                  "Relation Name": "fundamentals_daily",
                  "Alias": "fd",
                  "Startup Cost": 0.29,
                  "Total Cost": 4.3,
                  "Plan Rows": 1,
                  "Plan Width": 55,
                  "Index Cond": "((event_date = '2023-10-10'::date) AND (ticker = sdi.ticker))"
                }
              ]
            }
          ]
        }
      ]
    }
  },
  "db_statistics": {
    "table_stats": {
      "stocks_daily_info": {
        "row_count": 12700,
        "size_mb": 1.71
      },
      "fundamentals_daily": {
        "row_count": 12080,
        "size_mb": 2.33
      },
      "financials_quarterly": {
        "row_count": 8634,
        "size_mb": 0.8
      }
    },
    "existing_indexes": [
      "backtest_results_pkey",
      "community_posts_pkey",
      "financials_quarterly_pkey",
      "fundamentals_daily_pkey",
      "idx_finq_period_end",
      "idx_finq_ticker",
      "idx_fund_event_date",
      "idx_fund_ticker",
      "idx_sdi_event_date",
      "idx_sdi_ticker",
      "ix_backtest_results_strategy_id",
      "ix_community_posts_author_id",
      "ix_community_posts_strategy_id",
      "ix_ml_models_owner_id",
      "ix_strategies_owner_id",
      "ix_users_email",
      "ml_models_pkey",
      "stocks_daily_info_pkey",
      "strategies_pkey",
      "users_pkey"
    ]
  }
}
---
{
  "workload_id": 240,
  "metadata": {
    "strategy_template": "ML Hybrid Style",
    "ml_model_used": "Return Forecast Model"
  },
  "sql_query": "SELECT fd.bps, fd.dividend_yield, fd.eps, fd.pbr, fd.per, sdi.close_price, sdi.company_name, sdi.ma_20d, sdi.market_cap, sdi.momentum_12m, sdi.momentum_3m, sdi.rsi_14, sdi.ticker, sdi.volatility_20d FROM stocks_daily_info sdi LEFT JOIN fundamentals_daily fd ON fd.ticker = sdi.ticker AND fd.event_date = sdi.event_date WHERE sdi.market = 'KOSDAQ' AND sdi.market_cap >= 437300000000 AND sdi.event_date = DATE '2023-05-02' ORDER BY CASE sdi.ticker WHEN '000660.KS' THEN 1 WHEN '005930.KS' THEN 2 WHEN '068270.KQ' THEN 3 WHEN '207940.KS' THEN 4 WHEN '035420.KS' THEN 5 WHEN '005380.KS' THEN 6 WHEN '051910.KS' THEN 7 WHEN '012330.KS' THEN 8 WHEN '035720.KS' THEN 9 WHEN '105560.KS' THEN 10 ELSE 11 END LIMIT 38;",
  "baseline_execution_plan": {
    "Plan": {
      "Node Type": "Limit",
      "Parallel Aware": false,
      "Async Capable": false,
      "Startup Cost": 24.75,
      "Total Cost": 24.75,
      "Plan Rows": 1,
      "Plan Width": 109,
      "Plans": [
        {
          "Node Type": "Sort",
          "Parent Relationship": "Outer",
          "Parallel Aware": false,
          "Async Capable": false,
          "Startup Cost": 24.75,
          "Total Cost": 24.75,
          "Plan Rows": 1,
          "Plan Width": 109,
          "Sort Key": [
            "(CASE sdi.ticker WHEN '000660.KS'::text THEN 1 WHEN '005930.KS'::text THEN 2 WHEN '068270.KQ'::text THEN 3 WHEN '207940.KS'::text THEN 4 WHEN '035420.KS'::text THEN 5 WHEN '005380.KS'::text THEN 6 WHEN '051910.KS'::text THEN 7 WHEN '012330.KS'::text THEN 8 WHEN '035720.KS'::text THEN 9 WHEN '105560.KS'::text THEN 10 ELSE 11 END)"
          ],
          "Plans": [
            {
              "Node Type": "Nested Loop",
              "Parent Relationship": "Outer",
              "Parallel Aware": false,
              "Async Capable": false,
              "Join Type": "Left",
              "Startup Cost": 2.65,
              "Total Cost": 24.74,
              "Plan Rows": 1,
              "Plan Width": 109,
              "Inner Unique": true,
              "Plans": [
                {
                  "Node Type": "Bitmap Heap Scan",
                  "Parent Relationship": "Outer",
                  "Parallel Aware": false,
                  "Async Capable": false,
                  "Relation Name": "stocks_daily_info",
                  "Alias": "sdi",
                  "Startup Cost": 2.36,
                  "Total Cost": 20.4,
                  "Plan Rows": 1,
                  "Plan Width": 68,
                  "Recheck Cond": "(event_date = '2023-05-02'::date)",
                  "Filter": "((market_cap >= '437300000000'::numeric) AND (market = 'KOSDAQ'::text))",
                  "Plans": [
                    {
                      "Node Type": "Bitmap Index Scan",
                      "Parent Relationship": "Outer",
                      "Parallel Aware": false,
                      "Async Capable": false,
                      "Index Name": "idx_sdi_event_date",
                      "Startup Cost": 0.0,
                      "Total Cost": 2.36,
                      "Plan Rows": 10,
                      "Plan Width": 0,
                      "Index Cond": "(event_date = '2023-05-02'::date)"
                    }
                  ]
                },
                {
                  "Node Type": "Index Scan",
                  "Parent Relationship": "Inner",
                  "Parallel Aware": false,
                  "Async Capable": false,
                  "Scan Direction": "Forward",
                  "Index Name": "fundamentals_daily_pkey",
                  "Relation Name": "fundamentals_daily",
                  "Alias": "fd",
                  "Startup Cost": 0.29,
                  "Total Cost": 4.3,
                  "Plan Rows": 1,
                  "Plan Width": 55,
                  "Index Cond": "((event_date = '2023-05-02'::date) AND (ticker = sdi.ticker))"
                }
              ]
            }
          ]
        }
      ]
    }
  },
  "db_statistics": {
    "table_stats": {
      "stocks_daily_info": {
        "row_count": 12700,
        "size_mb": 1.71
      },
      "fundamentals_daily": {
        "row_count": 12080,
        "size_mb": 2.33
      },
      "financials_quarterly": {
        "row_count": 8634,
        "size_mb": 0.8
      }
    },
    "existing_indexes": [
      "backtest_results_pkey",
      "community_posts_pkey",
      "financials_quarterly_pkey",
      "fundamentals_daily_pkey",
      "idx_finq_period_end",
      "idx_finq_ticker",
      "idx_fund_event_date",
      "idx_fund_ticker",
      "idx_sdi_event_date",
      "idx_sdi_ticker",
      "ix_backtest_results_strategy_id",
      "ix_community_posts_author_id",
      "ix_community_posts_strategy_id",
      "ix_ml_models_owner_id",
      "ix_strategies_owner_id",
      "ix_users_email",
      "ml_models_pkey",
      "stocks_daily_info_pkey",
      "strategies_pkey",
      "users_pkey"
    ]
  }
}
---
{
  "workload_id": 241,
  "metadata": {
    "strategy_template": "ML Hybrid Style",
    "ml_model_used": "Return Forecast Model"
  },
  "sql_query": "SELECT ( SELECT COALESCE(SUM(value), 0) FROM ( SELECT value FROM financials_quarterly fq WHERE fq.ticker = sdi.ticker AND fq.item_name = 'OperatingCashFlow' AND fq.statement_type IN ('IS_Q','CF_Q') AND fq.period_end <= DATE '2023-06-30' ORDER BY fq.period_end DESC LIMIT 4 ) as recent_quarters ) AS ttm_operatingcashflow , sdi.close_price, sdi.company_name, sdi.ma_20d, sdi.market_cap, sdi.momentum_12m, sdi.momentum_3m, sdi.rsi_14, sdi.ticker, sdi.volatility_20d FROM stocks_daily_info sdi WHERE sdi.market = 'KOSDAQ' AND sdi.market_cap >= 251700000000 AND sdi.event_date = DATE '2023-06-30' ORDER BY CASE sdi.ticker WHEN '000660.KS' THEN 1 WHEN '005930.KS' THEN 2 WHEN '068270.KQ' THEN 3 WHEN '207940.KS' THEN 4 WHEN '035420.KS' THEN 5 WHEN '005380.KS' THEN 6 WHEN '051910.KS' THEN 7 WHEN '012330.KS' THEN 8 WHEN '035720.KS' THEN 9 WHEN '105560.KS' THEN 10 ELSE 11 END LIMIT 26;",
  "baseline_execution_plan": {
    "Plan": {
      "Node Type": "Limit",
      "Parallel Aware": false,
      "Async Capable": false,
      "Startup Cost": 20.43,
      "Total Cost": 24.75,
      "Plan Rows": 1,
      "Plan Width": 100,
      "Plans": [
        {
          "Node Type": "Result",
          "Parent Relationship": "Outer",
          "Parallel Aware": false,
          "Async Capable": false,
          "Startup Cost": 20.43,
          "Total Cost": 24.75,
          "Plan Rows": 1,
          "Plan Width": 100,
          "Plans": [
            {
              "Node Type": "Sort",
              "Parent Relationship": "Outer",
              "Parallel Aware": false,
              "Async Capable": false,
              "Startup Cost": 20.43,
              "Total Cost": 20.44,
              "Plan Rows": 1,
              "Plan Width": 68,
              "Sort Key": [
                "(CASE sdi.ticker WHEN '000660.KS'::text THEN 1 WHEN '005930.KS'::text THEN 2 WHEN '068270.KQ'::text THEN 3 WHEN '207940.KS'::text THEN 4 WHEN '035420.KS'::text THEN 5 WHEN '005380.KS'::text THEN 6 WHEN '051910.KS'::text THEN 7 WHEN '012330.KS'::text THEN 8 WHEN '035720.KS'::text THEN 9 WHEN '105560.KS'::text THEN 10 ELSE 11 END)"
              ],
              "Plans": [
                {
                  "Node Type": "Bitmap Heap Scan",
                  "Parent Relationship": "Outer",
                  "Parallel Aware": false,
                  "Async Capable": false,
                  "Relation Name": "stocks_daily_info",
                  "Alias": "sdi",
                  "Startup Cost": 2.36,
                  "Total Cost": 20.42,
                  "Plan Rows": 1,
                  "Plan Width": 68,
                  "Recheck Cond": "(event_date = '2023-06-30'::date)",
                  "Filter": "((market_cap >= '251700000000'::numeric) AND (market = 'KOSDAQ'::text))",
                  "Plans": [
                    {
                      "Node Type": "Bitmap Index Scan",
                      "Parent Relationship": "Outer",
                      "Parallel Aware": false,
                      "Async Capable": false,
                      "Index Name": "idx_sdi_event_date",
                      "Startup Cost": 0.0,
                      "Total Cost": 2.36,
                      "Plan Rows": 10,
                      "Plan Width": 0,
                      "Index Cond": "(event_date = '2023-06-30'::date)"
                    }
                  ]
                }
              ]
            },
            {
              "Node Type": "Aggregate",
              "Strategy": "Plain",
              "Partial Mode": "Simple",
              "Parent Relationship": "SubPlan",
              "Subplan Name": "SubPlan 1",
              "Parallel Aware": false,
              "Async Capable": false,
              "Startup Cost": 4.27,
              "Total Cost": 4.28,
              "Plan Rows": 1,
              "Plan Width": 32,
              "Plans": [
                {
                  "Node Type": "Limit",
                  "Parent Relationship": "Outer",
                  "Parallel Aware": false,
                  "Async Capable": false,
                  "Startup Cost": 0.29,
                  "Total Cost": 4.25,
                  "Plan Rows": 1,
                  "Plan Width": 12,
                  "Plans": [
                    {
                      "Node Type": "Index Scan",
                      "Parent Relationship": "Outer",
                      "Parallel Aware": false,
                      "Async Capable": false,
                      "Scan Direction": "Backward",
                      "Index Name": "idx_finq_period_end",
                      "Relation Name": "financials_quarterly",
                      "Alias": "fq",
                      "Startup Cost": 0.29,
                      "Total Cost": 4.25,
                      "Plan Rows": 1,
                      "Plan Width": 12,
                      "Index Cond": "(period_end <= '2023-06-30'::date)",
                      "Filter": "((statement_type = ANY ('{IS_Q,CF_Q}'::text[])) AND (ticker = sdi.ticker) AND (item_name = 'OperatingCashFlow'::text))"
                    }
                  ]
                }
              ]
            }
          ]
        }
      ]
    }
  },
  "db_statistics": {
    "table_stats": {
      "stocks_daily_info": {
        "row_count": 12700,
        "size_mb": 1.71
      },
      "fundamentals_daily": {
        "row_count": 12080,
        "size_mb": 2.33
      },
      "financials_quarterly": {
        "row_count": 8634,
        "size_mb": 0.8
      }
    },
    "existing_indexes": [
      "backtest_results_pkey",
      "community_posts_pkey",
      "financials_quarterly_pkey",
      "fundamentals_daily_pkey",
      "idx_finq_period_end",
      "idx_finq_ticker",
      "idx_fund_event_date",
      "idx_fund_ticker",
      "idx_sdi_event_date",
      "idx_sdi_ticker",
      "ix_backtest_results_strategy_id",
      "ix_community_posts_author_id",
      "ix_community_posts_strategy_id",
      "ix_ml_models_owner_id",
      "ix_strategies_owner_id",
      "ix_users_email",
      "ml_models_pkey",
      "stocks_daily_info_pkey",
      "strategies_pkey",
      "users_pkey"
    ]
  }
}
---
{
  "workload_id": 242,
  "metadata": {
    "strategy_template": "Value Investing Style",
    "ml_model_used": null
  },
  "sql_query": "SELECT fd.bps, fd.dividend_yield, fd.eps, fd.pbr, fd.per, sdi.close_price, sdi.company_name, sdi.ma_20d, sdi.market_cap, sdi.momentum_12m, sdi.momentum_3m, sdi.rsi_14, sdi.ticker, sdi.volatility_20d FROM stocks_daily_info sdi LEFT JOIN fundamentals_daily fd ON fd.ticker = sdi.ticker AND fd.event_date = sdi.event_date WHERE sdi.market = 'KOSPI' AND sdi.market_cap >= 264600000000 AND sdi.event_date = DATE '2023-06-09' ORDER BY fd.pbr desc, fd.per asc, fd.dividend_yield asc LIMIT 47;",
  "baseline_execution_plan": {
    "Plan": {
      "Node Type": "Limit",
      "Parallel Aware": false,
      "Async Capable": false,
      "Startup Cost": 24.72,
      "Total Cost": 24.73,
      "Plan Rows": 1,
      "Plan Width": 105,
      "Plans": [
        {
          "Node Type": "Sort",
          "Parent Relationship": "Outer",
          "Parallel Aware": false,
          "Async Capable": false,
          "Startup Cost": 24.72,
          "Total Cost": 24.73,
          "Plan Rows": 1,
          "Plan Width": 105,
          "Sort Key": [
            "fd.pbr DESC",
            "fd.per",
            "fd.dividend_yield"
          ],
          "Plans": [
            {
              "Node Type": "Nested Loop",
              "Parent Relationship": "Outer",
              "Parallel Aware": false,
              "Async Capable": false,
              "Join Type": "Left",
              "Startup Cost": 2.65,
              "Total Cost": 24.71,
              "Plan Rows": 1,
              "Plan Width": 105,
              "Inner Unique": true,
              "Plans": [
                {
                  "Node Type": "Bitmap Heap Scan",
                  "Parent Relationship": "Outer",
                  "Parallel Aware": false,
                  "Async Capable": false,
                  "Relation Name": "stocks_daily_info",
                  "Alias": "sdi",
                  "Startup Cost": 2.36,
                  "Total Cost": 20.4,
                  "Plan Rows": 1,
                  "Plan Width": 68,
                  "Recheck Cond": "(event_date = '2023-06-09'::date)",
                  "Filter": "((market_cap >= '264600000000'::numeric) AND (market = 'KOSPI'::text))",
                  "Plans": [
                    {
                      "Node Type": "Bitmap Index Scan",
                      "Parent Relationship": "Outer",
                      "Parallel Aware": false,
                      "Async Capable": false,
                      "Index Name": "idx_sdi_event_date",
                      "Startup Cost": 0.0,
                      "Total Cost": 2.36,
                      "Plan Rows": 10,
                      "Plan Width": 0,
                      "Index Cond": "(event_date = '2023-06-09'::date)"
                    }
                  ]
                },
                {
                  "Node Type": "Index Scan",
                  "Parent Relationship": "Inner",
                  "Parallel Aware": false,
                  "Async Capable": false,
                  "Scan Direction": "Forward",
                  "Index Name": "fundamentals_daily_pkey",
                  "Relation Name": "fundamentals_daily",
                  "Alias": "fd",
                  "Startup Cost": 0.29,
                  "Total Cost": 4.3,
                  "Plan Rows": 1,
                  "Plan Width": 55,
                  "Index Cond": "((event_date = '2023-06-09'::date) AND (ticker = sdi.ticker))"
                }
              ]
            }
          ]
        }
      ]
    }
  },
  "db_statistics": {
    "table_stats": {
      "stocks_daily_info": {
        "row_count": 12700,
        "size_mb": 1.71
      },
      "fundamentals_daily": {
        "row_count": 12080,
        "size_mb": 2.33
      },
      "financials_quarterly": {
        "row_count": 8634,
        "size_mb": 0.8
      }
    },
    "existing_indexes": [
      "backtest_results_pkey",
      "community_posts_pkey",
      "financials_quarterly_pkey",
      "fundamentals_daily_pkey",
      "idx_finq_period_end",
      "idx_finq_ticker",
      "idx_fund_event_date",
      "idx_fund_ticker",
      "idx_sdi_event_date",
      "idx_sdi_ticker",
      "ix_backtest_results_strategy_id",
      "ix_community_posts_author_id",
      "ix_community_posts_strategy_id",
      "ix_ml_models_owner_id",
      "ix_strategies_owner_id",
      "ix_users_email",
      "ml_models_pkey",
      "stocks_daily_info_pkey",
      "strategies_pkey",
      "users_pkey"
    ]
  }
}
---
{
  "workload_id": 243,
  "metadata": {
    "strategy_template": "Momentum Investing Style",
    "ml_model_used": null
  },
  "sql_query": "SELECT sdi.close_price, sdi.company_name, sdi.ma_20d, sdi.market_cap, sdi.momentum_12m, sdi.momentum_3m, sdi.rsi_14, sdi.ticker, sdi.volatility_20d FROM stocks_daily_info sdi WHERE sdi.market = 'KOSDAQ' AND sdi.market_cap >= 352300000000 AND sdi.event_date = DATE '2023-09-24' ORDER BY sdi.momentum_3m asc, sdi.momentum_12m desc, sdi.volatility_20d desc LIMIT 18;",
  "baseline_execution_plan": {
    "Plan": {
      "Node Type": "Limit",
      "Parallel Aware": false,
      "Async Capable": false,
      "Startup Cost": 20.41,
      "Total Cost": 20.41,
      "Plan Rows": 1,
      "Plan Width": 64,
      "Plans": [
        {
          "Node Type": "Sort",
          "Parent Relationship": "Outer",
          "Parallel Aware": false,
          "Async Capable": false,
          "Startup Cost": 20.41,
          "Total Cost": 20.41,
          "Plan Rows": 1,
          "Plan Width": 64,
          "Sort Key": [
            "momentum_3m",
            "momentum_12m DESC",
            "volatility_20d DESC"
          ],
          "Plans": [
            {
              "Node Type": "Bitmap Heap Scan",
              "Parent Relationship": "Outer",
              "Parallel Aware": false,
              "Async Capable": false,
              "Relation Name": "stocks_daily_info",
              "Alias": "sdi",
              "Startup Cost": 2.36,
              "Total Cost": 20.4,
              "Plan Rows": 1,
              "Plan Width": 64,
              "Recheck Cond": "(event_date = '2023-09-24'::date)",
              "Filter": "((market_cap >= '352300000000'::numeric) AND (market = 'KOSDAQ'::text))",
              "Plans": [
                {
                  "Node Type": "Bitmap Index Scan",
                  "Parent Relationship": "Outer",
                  "Parallel Aware": false,
                  "Async Capable": false,
                  "Index Name": "idx_sdi_event_date",
                  "Startup Cost": 0.0,
                  "Total Cost": 2.36,
                  "Plan Rows": 10,
                  "Plan Width": 0,
                  "Index Cond": "(event_date = '2023-09-24'::date)"
                }
              ]
            }
          ]
        }
      ]
    }
  },
  "db_statistics": {
    "table_stats": {
      "stocks_daily_info": {
        "row_count": 12700,
        "size_mb": 1.71
      },
      "fundamentals_daily": {
        "row_count": 12080,
        "size_mb": 2.33
      },
      "financials_quarterly": {
        "row_count": 8634,
        "size_mb": 0.8
      }
    },
    "existing_indexes": [
      "backtest_results_pkey",
      "community_posts_pkey",
      "financials_quarterly_pkey",
      "fundamentals_daily_pkey",
      "idx_finq_period_end",
      "idx_finq_ticker",
      "idx_fund_event_date",
      "idx_fund_ticker",
      "idx_sdi_event_date",
      "idx_sdi_ticker",
      "ix_backtest_results_strategy_id",
      "ix_community_posts_author_id",
      "ix_community_posts_strategy_id",
      "ix_ml_models_owner_id",
      "ix_strategies_owner_id",
      "ix_users_email",
      "ml_models_pkey",
      "stocks_daily_info_pkey",
      "strategies_pkey",
      "users_pkey"
    ]
  }
}
---
{
  "workload_id": 244,
  "metadata": {
    "strategy_template": "Momentum Investing Style",
    "ml_model_used": null
  },
  "sql_query": "SELECT ( SELECT COALESCE(SUM(value), 0) FROM ( SELECT value FROM financials_quarterly fq WHERE fq.ticker = sdi.ticker AND fq.item_name = 'OperatingCashFlow' AND fq.statement_type IN ('IS_Q','CF_Q') AND fq.period_end <= DATE '2023-09-02' ORDER BY fq.period_end DESC LIMIT 4 ) as recent_quarters ) AS ttm_operatingcashflow , sdi.close_price, sdi.company_name, sdi.ma_20d, sdi.market_cap, sdi.momentum_12m, sdi.momentum_3m, sdi.rsi_14, sdi.ticker, sdi.volatility_20d FROM stocks_daily_info sdi WHERE sdi.market = 'KOSDAQ' AND sdi.market_cap >= 317400000000 AND sdi.event_date = DATE '2023-09-02' ORDER BY sdi.momentum_3m desc, sdi.momentum_12m asc, sdi.rsi_14 desc LIMIT 36;",
  "baseline_execution_plan": {
    "Plan": {
      "Node Type": "Limit",
      "Parallel Aware": false,
      "Async Capable": false,
      "Startup Cost": 20.41,
      "Total Cost": 24.7,
      "Plan Rows": 1,
      "Plan Width": 96,
      "Plans": [
        {
          "Node Type": "Result",
          "Parent Relationship": "Outer",
          "Parallel Aware": false,
          "Async Capable": false,
          "Startup Cost": 20.41,
          "Total Cost": 24.7,
          "Plan Rows": 1,
          "Plan Width": 96,
          "Plans": [
            {
              "Node Type": "Sort",
              "Parent Relationship": "Outer",
              "Parallel Aware": false,
              "Async Capable": false,
              "Startup Cost": 20.41,
              "Total Cost": 20.41,
              "Plan Rows": 1,
              "Plan Width": 64,
              "Sort Key": [
                "sdi.momentum_3m DESC",
                "sdi.momentum_12m",
                "sdi.rsi_14 DESC"
              ],
              "Plans": [
                {
                  "Node Type": "Bitmap Heap Scan",
                  "Parent Relationship": "Outer",
                  "Parallel Aware": false,
                  "Async Capable": false,
                  "Relation Name": "stocks_daily_info",
                  "Alias": "sdi",
                  "Startup Cost": 2.36,
                  "Total Cost": 20.4,
                  "Plan Rows": 1,
                  "Plan Width": 64,
                  "Recheck Cond": "(event_date = '2023-09-02'::date)",
                  "Filter": "((market_cap >= '317400000000'::numeric) AND (market = 'KOSDAQ'::text))",
                  "Plans": [
                    {
                      "Node Type": "Bitmap Index Scan",
                      "Parent Relationship": "Outer",
                      "Parallel Aware": false,
                      "Async Capable": false,
                      "Index Name": "idx_sdi_event_date",
                      "Startup Cost": 0.0,
                      "Total Cost": 2.36,
                      "Plan Rows": 10,
                      "Plan Width": 0,
                      "Index Cond": "(event_date = '2023-09-02'::date)"
                    }
                  ]
                }
              ]
            },
            {
              "Node Type": "Aggregate",
              "Strategy": "Plain",
              "Partial Mode": "Simple",
              "Parent Relationship": "SubPlan",
              "Subplan Name": "SubPlan 1",
              "Parallel Aware": false,
              "Async Capable": false,
              "Startup Cost": 4.27,
              "Total Cost": 4.28,
              "Plan Rows": 1,
              "Plan Width": 32,
              "Plans": [
                {
                  "Node Type": "Limit",
                  "Parent Relationship": "Outer",
                  "Parallel Aware": false,
                  "Async Capable": false,
                  "Startup Cost": 0.29,
                  "Total Cost": 4.25,
                  "Plan Rows": 1,
                  "Plan Width": 12,
                  "Plans": [
                    {
                      "Node Type": "Index Scan",
                      "Parent Relationship": "Outer",
                      "Parallel Aware": false,
                      "Async Capable": false,
                      "Scan Direction": "Backward",
                      "Index Name": "idx_finq_period_end",
                      "Relation Name": "financials_quarterly",
                      "Alias": "fq",
                      "Startup Cost": 0.29,
                      "Total Cost": 4.25,
                      "Plan Rows": 1,
                      "Plan Width": 12,
                      "Index Cond": "(period_end <= '2023-09-02'::date)",
                      "Filter": "((statement_type = ANY ('{IS_Q,CF_Q}'::text[])) AND (ticker = sdi.ticker) AND (item_name = 'OperatingCashFlow'::text))"
                    }
                  ]
                }
              ]
            }
          ]
        }
      ]
    }
  },
  "db_statistics": {
    "table_stats": {
      "stocks_daily_info": {
        "row_count": 12700,
        "size_mb": 1.71
      },
      "fundamentals_daily": {
        "row_count": 12080,
        "size_mb": 2.33
      },
      "financials_quarterly": {
        "row_count": 8634,
        "size_mb": 0.8
      }
    },
    "existing_indexes": [
      "backtest_results_pkey",
      "community_posts_pkey",
      "financials_quarterly_pkey",
      "fundamentals_daily_pkey",
      "idx_finq_period_end",
      "idx_finq_ticker",
      "idx_fund_event_date",
      "idx_fund_ticker",
      "idx_sdi_event_date",
      "idx_sdi_ticker",
      "ix_backtest_results_strategy_id",
      "ix_community_posts_author_id",
      "ix_community_posts_strategy_id",
      "ix_ml_models_owner_id",
      "ix_strategies_owner_id",
      "ix_users_email",
      "ml_models_pkey",
      "stocks_daily_info_pkey",
      "strategies_pkey",
      "users_pkey"
    ]
  }
}
---
{
  "workload_id": 245,
  "metadata": {
    "strategy_template": "Momentum Investing Style",
    "ml_model_used": null
  },
  "sql_query": "SELECT sdi.close_price, sdi.company_name, sdi.ma_20d, sdi.market_cap, sdi.momentum_12m, sdi.momentum_3m, sdi.rsi_14, sdi.ticker, sdi.volatility_20d FROM stocks_daily_info sdi WHERE sdi.market = 'KOSPI' AND sdi.market_cap >= 250000000000 AND sdi.event_date = DATE '2023-08-02' ORDER BY sdi.momentum_3m desc, sdi.momentum_12m asc LIMIT 14;",
  "baseline_execution_plan": {
    "Plan": {
      "Node Type": "Limit",
      "Parallel Aware": false,
      "Async Capable": false,
      "Startup Cost": 20.41,
      "Total Cost": 20.41,
      "Plan Rows": 1,
      "Plan Width": 64,
      "Plans": [
        {
          "Node Type": "Sort",
          "Parent Relationship": "Outer",
          "Parallel Aware": false,
          "Async Capable": false,
          "Startup Cost": 20.41,
          "Total Cost": 20.41,
          "Plan Rows": 1,
          "Plan Width": 64,
          "Sort Key": [
            "momentum_3m DESC",
            "momentum_12m"
          ],
          "Plans": [
            {
              "Node Type": "Bitmap Heap Scan",
              "Parent Relationship": "Outer",
              "Parallel Aware": false,
              "Async Capable": false,
              "Relation Name": "stocks_daily_info",
              "Alias": "sdi",
              "Startup Cost": 2.36,
              "Total Cost": 20.4,
              "Plan Rows": 1,
              "Plan Width": 64,
              "Recheck Cond": "(event_date = '2023-08-02'::date)",
              "Filter": "((market_cap >= '250000000000'::numeric) AND (market = 'KOSPI'::text))",
              "Plans": [
                {
                  "Node Type": "Bitmap Index Scan",
                  "Parent Relationship": "Outer",
                  "Parallel Aware": false,
                  "Async Capable": false,
                  "Index Name": "idx_sdi_event_date",
                  "Startup Cost": 0.0,
                  "Total Cost": 2.36,
                  "Plan Rows": 10,
                  "Plan Width": 0,
                  "Index Cond": "(event_date = '2023-08-02'::date)"
                }
              ]
            }
          ]
        }
      ]
    }
  },
  "db_statistics": {
    "table_stats": {
      "stocks_daily_info": {
        "row_count": 12700,
        "size_mb": 1.71
      },
      "fundamentals_daily": {
        "row_count": 12080,
        "size_mb": 2.33
      },
      "financials_quarterly": {
        "row_count": 8634,
        "size_mb": 0.8
      }
    },
    "existing_indexes": [
      "backtest_results_pkey",
      "community_posts_pkey",
      "financials_quarterly_pkey",
      "fundamentals_daily_pkey",
      "idx_finq_period_end",
      "idx_finq_ticker",
      "idx_fund_event_date",
      "idx_fund_ticker",
      "idx_sdi_event_date",
      "idx_sdi_ticker",
      "ix_backtest_results_strategy_id",
      "ix_community_posts_author_id",
      "ix_community_posts_strategy_id",
      "ix_ml_models_owner_id",
      "ix_strategies_owner_id",
      "ix_users_email",
      "ml_models_pkey",
      "stocks_daily_info_pkey",
      "strategies_pkey",
      "users_pkey"
    ]
  }
}
---
{
  "workload_id": 246,
  "metadata": {
    "strategy_template": "Value Investing Style",
    "ml_model_used": null
  },
  "sql_query": "SELECT fd.bps, fd.dividend_yield, fd.eps, fd.pbr, fd.per, sdi.close_price, sdi.company_name, sdi.ma_20d, sdi.market_cap, sdi.momentum_12m, sdi.momentum_3m, sdi.rsi_14, sdi.ticker, sdi.volatility_20d FROM stocks_daily_info sdi LEFT JOIN fundamentals_daily fd ON fd.ticker = sdi.ticker AND fd.event_date = sdi.event_date WHERE sdi.market = 'KOSDAQ' AND sdi.market_cap >= 212500000000 AND sdi.event_date = DATE '2023-08-28' ORDER BY fd.pbr desc, fd.per asc, fd.dividend_yield asc, fd.eps asc LIMIT 10;",
  "baseline_execution_plan": {
    "Plan": {
      "Node Type": "Limit",
      "Parallel Aware": false,
      "Async Capable": false,
      "Startup Cost": 24.72,
      "Total Cost": 24.73,
      "Plan Rows": 1,
      "Plan Width": 105,
      "Plans": [
        {
          "Node Type": "Sort",
          "Parent Relationship": "Outer",
          "Parallel Aware": false,
          "Async Capable": false,
          "Startup Cost": 24.72,
          "Total Cost": 24.73,
          "Plan Rows": 1,
          "Plan Width": 105,
          "Sort Key": [
            "fd.pbr DESC",
            "fd.per",
            "fd.dividend_yield",
            "fd.eps"
          ],
          "Plans": [
            {
              "Node Type": "Nested Loop",
              "Parent Relationship": "Outer",
              "Parallel Aware": false,
              "Async Capable": false,
              "Join Type": "Left",
              "Startup Cost": 2.65,
              "Total Cost": 24.71,
              "Plan Rows": 1,
              "Plan Width": 105,
              "Inner Unique": true,
              "Plans": [
                {
                  "Node Type": "Bitmap Heap Scan",
                  "Parent Relationship": "Outer",
                  "Parallel Aware": false,
                  "Async Capable": false,
                  "Relation Name": "stocks_daily_info",
                  "Alias": "sdi",
                  "Startup Cost": 2.36,
                  "Total Cost": 20.4,
                  "Plan Rows": 1,
                  "Plan Width": 68,
                  "Recheck Cond": "(event_date = '2023-08-28'::date)",
                  "Filter": "((market_cap >= '212500000000'::numeric) AND (market = 'KOSDAQ'::text))",
                  "Plans": [
                    {
                      "Node Type": "Bitmap Index Scan",
                      "Parent Relationship": "Outer",
                      "Parallel Aware": false,
                      "Async Capable": false,
                      "Index Name": "idx_sdi_event_date",
                      "Startup Cost": 0.0,
                      "Total Cost": 2.36,
                      "Plan Rows": 10,
                      "Plan Width": 0,
                      "Index Cond": "(event_date = '2023-08-28'::date)"
                    }
                  ]
                },
                {
                  "Node Type": "Index Scan",
                  "Parent Relationship": "Inner",
                  "Parallel Aware": false,
                  "Async Capable": false,
                  "Scan Direction": "Forward",
                  "Index Name": "fundamentals_daily_pkey",
                  "Relation Name": "fundamentals_daily",
                  "Alias": "fd",
                  "Startup Cost": 0.29,
                  "Total Cost": 4.3,
                  "Plan Rows": 1,
                  "Plan Width": 55,
                  "Index Cond": "((event_date = '2023-08-28'::date) AND (ticker = sdi.ticker))"
                }
              ]
            }
          ]
        }
      ]
    }
  },
  "db_statistics": {
    "table_stats": {
      "stocks_daily_info": {
        "row_count": 12700,
        "size_mb": 1.71
      },
      "fundamentals_daily": {
        "row_count": 12080,
        "size_mb": 2.33
      },
      "financials_quarterly": {
        "row_count": 8634,
        "size_mb": 0.8
      }
    },
    "existing_indexes": [
      "backtest_results_pkey",
      "community_posts_pkey",
      "financials_quarterly_pkey",
      "fundamentals_daily_pkey",
      "idx_finq_period_end",
      "idx_finq_ticker",
      "idx_fund_event_date",
      "idx_fund_ticker",
      "idx_sdi_event_date",
      "idx_sdi_ticker",
      "ix_backtest_results_strategy_id",
      "ix_community_posts_author_id",
      "ix_community_posts_strategy_id",
      "ix_ml_models_owner_id",
      "ix_strategies_owner_id",
      "ix_users_email",
      "ml_models_pkey",
      "stocks_daily_info_pkey",
      "strategies_pkey",
      "users_pkey"
    ]
  }
}
---
{
  "workload_id": 247,
  "metadata": {
    "strategy_template": "Value Investing Style",
    "ml_model_used": null
  },
  "sql_query": "SELECT fd.bps, fd.dividend_yield, fd.eps, fd.pbr, fd.per, sdi.close_price, sdi.company_name, sdi.ma_20d, sdi.market_cap, sdi.momentum_12m, sdi.momentum_3m, sdi.rsi_14, sdi.ticker, sdi.volatility_20d FROM stocks_daily_info sdi LEFT JOIN fundamentals_daily fd ON fd.ticker = sdi.ticker AND fd.event_date = sdi.event_date WHERE sdi.market = 'KOSDAQ' AND sdi.market_cap >= 323100000000 AND sdi.event_date = DATE '2023-08-08' ORDER BY fd.pbr asc, fd.per desc, fd.dividend_yield desc, fd.eps desc LIMIT 47;",
  "baseline_execution_plan": {
    "Plan": {
      "Node Type": "Limit",
      "Parallel Aware": false,
      "Async Capable": false,
      "Startup Cost": 24.72,
      "Total Cost": 24.73,
      "Plan Rows": 1,
      "Plan Width": 105,
      "Plans": [
        {
          "Node Type": "Sort",
          "Parent Relationship": "Outer",
          "Parallel Aware": false,
          "Async Capable": false,
          "Startup Cost": 24.72,
          "Total Cost": 24.73,
          "Plan Rows": 1,
          "Plan Width": 105,
          "Sort Key": [
            "fd.pbr",
            "fd.per DESC",
            "fd.dividend_yield DESC",
            "fd.eps DESC"
          ],
          "Plans": [
            {
              "Node Type": "Nested Loop",
              "Parent Relationship": "Outer",
              "Parallel Aware": false,
              "Async Capable": false,
              "Join Type": "Left",
              "Startup Cost": 2.65,
              "Total Cost": 24.71,
              "Plan Rows": 1,
              "Plan Width": 105,
              "Inner Unique": true,
              "Plans": [
                {
                  "Node Type": "Bitmap Heap Scan",
                  "Parent Relationship": "Outer",
                  "Parallel Aware": false,
                  "Async Capable": false,
                  "Relation Name": "stocks_daily_info",
                  "Alias": "sdi",
                  "Startup Cost": 2.36,
                  "Total Cost": 20.4,
                  "Plan Rows": 1,
                  "Plan Width": 68,
                  "Recheck Cond": "(event_date = '2023-08-08'::date)",
                  "Filter": "((market_cap >= '323100000000'::numeric) AND (market = 'KOSDAQ'::text))",
                  "Plans": [
                    {
                      "Node Type": "Bitmap Index Scan",
                      "Parent Relationship": "Outer",
                      "Parallel Aware": false,
                      "Async Capable": false,
                      "Index Name": "idx_sdi_event_date",
                      "Startup Cost": 0.0,
                      "Total Cost": 2.36,
                      "Plan Rows": 10,
                      "Plan Width": 0,
                      "Index Cond": "(event_date = '2023-08-08'::date)"
                    }
                  ]
                },
                {
                  "Node Type": "Index Scan",
                  "Parent Relationship": "Inner",
                  "Parallel Aware": false,
                  "Async Capable": false,
                  "Scan Direction": "Forward",
                  "Index Name": "fundamentals_daily_pkey",
                  "Relation Name": "fundamentals_daily",
                  "Alias": "fd",
                  "Startup Cost": 0.29,
                  "Total Cost": 4.3,
                  "Plan Rows": 1,
                  "Plan Width": 55,
                  "Index Cond": "((event_date = '2023-08-08'::date) AND (ticker = sdi.ticker))"
                }
              ]
            }
          ]
        }
      ]
    }
  },
  "db_statistics": {
    "table_stats": {
      "stocks_daily_info": {
        "row_count": 12700,
        "size_mb": 1.71
      },
      "fundamentals_daily": {
        "row_count": 12080,
        "size_mb": 2.33
      },
      "financials_quarterly": {
        "row_count": 8634,
        "size_mb": 0.8
      }
    },
    "existing_indexes": [
      "backtest_results_pkey",
      "community_posts_pkey",
      "financials_quarterly_pkey",
      "fundamentals_daily_pkey",
      "idx_finq_period_end",
      "idx_finq_ticker",
      "idx_fund_event_date",
      "idx_fund_ticker",
      "idx_sdi_event_date",
      "idx_sdi_ticker",
      "ix_backtest_results_strategy_id",
      "ix_community_posts_author_id",
      "ix_community_posts_strategy_id",
      "ix_ml_models_owner_id",
      "ix_strategies_owner_id",
      "ix_users_email",
      "ml_models_pkey",
      "stocks_daily_info_pkey",
      "strategies_pkey",
      "users_pkey"
    ]
  }
}
---
{
  "workload_id": 248,
  "metadata": {
    "strategy_template": "Value Investing Style",
    "ml_model_used": null
  },
  "sql_query": "SELECT ( SELECT COALESCE(SUM(value), 0) FROM ( SELECT value FROM financials_quarterly fq WHERE fq.ticker = sdi.ticker AND fq.item_name = 'OperatingIncome' AND fq.statement_type IN ('IS_Q','CF_Q') AND fq.period_end <= DATE '2023-08-02' ORDER BY fq.period_end DESC LIMIT 4 ) as recent_quarters ) AS ttm_operatingincome , fd.bps, fd.dividend_yield, fd.eps, fd.pbr, fd.per, sdi.close_price, sdi.company_name, sdi.ma_20d, sdi.market_cap, sdi.momentum_12m, sdi.momentum_3m, sdi.rsi_14, sdi.ticker, sdi.volatility_20d FROM stocks_daily_info sdi LEFT JOIN fundamentals_daily fd ON fd.ticker = sdi.ticker AND fd.event_date = sdi.event_date WHERE sdi.market = 'KOSDAQ' AND sdi.market_cap >= 50800000000 AND sdi.event_date = DATE '2023-08-02' ORDER BY fd.pbr desc, fd.per desc LIMIT 19;",
  "baseline_execution_plan": {
    "Plan": {
      "Node Type": "Limit",
      "Parallel Aware": false,
      "Async Capable": false,
      "Startup Cost": 24.72,
      "Total Cost": 29.02,
      "Plan Rows": 1,
      "Plan Width": 137,
      "Plans": [
        {
          "Node Type": "Result",
          "Parent Relationship": "Outer",
          "Parallel Aware": false,
          "Async Capable": false,
          "Startup Cost": 24.72,
          "Total Cost": 29.02,
          "Plan Rows": 1,
          "Plan Width": 137,
          "Plans": [
            {
              "Node Type": "Sort",
              "Parent Relationship": "Outer",
              "Parallel Aware": false,
              "Async Capable": false,
              "Startup Cost": 24.72,
              "Total Cost": 24.73,
              "Plan Rows": 1,
              "Plan Width": 105,
              "Sort Key": [
                "fd.pbr DESC",
                "fd.per DESC"
              ],
              "Plans": [
                {
                  "Node Type": "Nested Loop",
                  "Parent Relationship": "Outer",
                  "Parallel Aware": false,
                  "Async Capable": false,
                  "Join Type": "Left",
                  "Startup Cost": 2.65,
                  "Total Cost": 24.71,
                  "Plan Rows": 1,
                  "Plan Width": 105,
                  "Inner Unique": true,
                  "Plans": [
                    {
                      "Node Type": "Bitmap Heap Scan",
                      "Parent Relationship": "Outer",
                      "Parallel Aware": false,
                      "Async Capable": false,
                      "Relation Name": "stocks_daily_info",
                      "Alias": "sdi",
                      "Startup Cost": 2.36,
                      "Total Cost": 20.4,
                      "Plan Rows": 1,
                      "Plan Width": 68,
                      "Recheck Cond": "(event_date = '2023-08-02'::date)",
                      "Filter": "((market_cap >= '50800000000'::numeric) AND (market = 'KOSDAQ'::text))",
                      "Plans": [
                        {
                          "Node Type": "Bitmap Index Scan",
                          "Parent Relationship": "Outer",
                          "Parallel Aware": false,
                          "Async Capable": false,
                          "Index Name": "idx_sdi_event_date",
                          "Startup Cost": 0.0,
                          "Total Cost": 2.36,
                          "Plan Rows": 10,
                          "Plan Width": 0,
                          "Index Cond": "(event_date = '2023-08-02'::date)"
                        }
                      ]
                    },
                    {
                      "Node Type": "Index Scan",
                      "Parent Relationship": "Inner",
                      "Parallel Aware": false,
                      "Async Capable": false,
                      "Scan Direction": "Forward",
                      "Index Name": "fundamentals_daily_pkey",
                      "Relation Name": "fundamentals_daily",
                      "Alias": "fd",
                      "Startup Cost": 0.29,
                      "Total Cost": 4.3,
                      "Plan Rows": 1,
                      "Plan Width": 55,
                      "Index Cond": "((event_date = '2023-08-02'::date) AND (ticker = sdi.ticker))"
                    }
                  ]
                }
              ]
            },
            {
              "Node Type": "Aggregate",
              "Strategy": "Plain",
              "Partial Mode": "Simple",
              "Parent Relationship": "SubPlan",
              "Subplan Name": "SubPlan 1",
              "Parallel Aware": false,
              "Async Capable": false,
              "Startup Cost": 4.27,
              "Total Cost": 4.28,
              "Plan Rows": 1,
              "Plan Width": 32,
              "Plans": [
                {
                  "Node Type": "Limit",
                  "Parent Relationship": "Outer",
                  "Parallel Aware": false,
                  "Async Capable": false,
                  "Startup Cost": 0.29,
                  "Total Cost": 4.25,
                  "Plan Rows": 1,
                  "Plan Width": 12,
                  "Plans": [
                    {
                      "Node Type": "Index Scan",
                      "Parent Relationship": "Outer",
                      "Parallel Aware": false,
                      "Async Capable": false,
                      "Scan Direction": "Backward",
                      "Index Name": "idx_finq_period_end",
                      "Relation Name": "financials_quarterly",
                      "Alias": "fq",
                      "Startup Cost": 0.29,
                      "Total Cost": 4.25,
                      "Plan Rows": 1,
                      "Plan Width": 12,
                      "Index Cond": "(period_end <= '2023-08-02'::date)",
                      "Filter": "((statement_type = ANY ('{IS_Q,CF_Q}'::text[])) AND (ticker = sdi.ticker) AND (item_name = 'OperatingIncome'::text))"
                    }
                  ]
                }
              ]
            }
          ]
        }
      ]
    }
  },
  "db_statistics": {
    "table_stats": {
      "stocks_daily_info": {
        "row_count": 12700,
        "size_mb": 1.71
      },
      "fundamentals_daily": {
        "row_count": 12080,
        "size_mb": 2.33
      },
      "financials_quarterly": {
        "row_count": 8634,
        "size_mb": 0.8
      }
    },
    "existing_indexes": [
      "backtest_results_pkey",
      "community_posts_pkey",
      "financials_quarterly_pkey",
      "fundamentals_daily_pkey",
      "idx_finq_period_end",
      "idx_finq_ticker",
      "idx_fund_event_date",
      "idx_fund_ticker",
      "idx_sdi_event_date",
      "idx_sdi_ticker",
      "ix_backtest_results_strategy_id",
      "ix_community_posts_author_id",
      "ix_community_posts_strategy_id",
      "ix_ml_models_owner_id",
      "ix_strategies_owner_id",
      "ix_users_email",
      "ml_models_pkey",
      "stocks_daily_info_pkey",
      "strategies_pkey",
      "users_pkey"
    ]
  }
}
---
{
  "workload_id": 249,
  "metadata": {
    "strategy_template": "Value Investing Style",
    "ml_model_used": null
  },
  "sql_query": "SELECT fd.bps, fd.dividend_yield, fd.eps, fd.pbr, fd.per, sdi.close_price, sdi.company_name, sdi.ma_20d, sdi.market_cap, sdi.momentum_12m, sdi.momentum_3m, sdi.rsi_14, sdi.ticker, sdi.volatility_20d FROM stocks_daily_info sdi LEFT JOIN fundamentals_daily fd ON fd.ticker = sdi.ticker AND fd.event_date = sdi.event_date WHERE sdi.market = 'KOSPI' AND sdi.market_cap >= 180900000000 AND sdi.event_date = DATE '2023-09-21' ORDER BY fd.pbr desc, fd.per asc LIMIT 12;",
  "baseline_execution_plan": {
    "Plan": {
      "Node Type": "Limit",
      "Parallel Aware": false,
      "Async Capable": false,
      "Startup Cost": 24.72,
      "Total Cost": 24.73,
      "Plan Rows": 1,
      "Plan Width": 105,
      "Plans": [
        {
          "Node Type": "Sort",
          "Parent Relationship": "Outer",
          "Parallel Aware": false,
          "Async Capable": false,
          "Startup Cost": 24.72,
          "Total Cost": 24.73,
          "Plan Rows": 1,
          "Plan Width": 105,
          "Sort Key": [
            "fd.pbr DESC",
            "fd.per"
          ],
          "Plans": [
            {
              "Node Type": "Nested Loop",
              "Parent Relationship": "Outer",
              "Parallel Aware": false,
              "Async Capable": false,
              "Join Type": "Left",
              "Startup Cost": 2.65,
              "Total Cost": 24.71,
              "Plan Rows": 1,
              "Plan Width": 105,
              "Inner Unique": true,
              "Plans": [
                {
                  "Node Type": "Bitmap Heap Scan",
                  "Parent Relationship": "Outer",
                  "Parallel Aware": false,
                  "Async Capable": false,
                  "Relation Name": "stocks_daily_info",
                  "Alias": "sdi",
                  "Startup Cost": 2.36,
                  "Total Cost": 20.4,
                  "Plan Rows": 1,
                  "Plan Width": 68,
                  "Recheck Cond": "(event_date = '2023-09-21'::date)",
                  "Filter": "((market_cap >= '180900000000'::numeric) AND (market = 'KOSPI'::text))",
                  "Plans": [
                    {
                      "Node Type": "Bitmap Index Scan",
                      "Parent Relationship": "Outer",
                      "Parallel Aware": false,
                      "Async Capable": false,
                      "Index Name": "idx_sdi_event_date",
                      "Startup Cost": 0.0,
                      "Total Cost": 2.36,
                      "Plan Rows": 10,
                      "Plan Width": 0,
                      "Index Cond": "(event_date = '2023-09-21'::date)"
                    }
                  ]
                },
                {
                  "Node Type": "Index Scan",
                  "Parent Relationship": "Inner",
                  "Parallel Aware": false,
                  "Async Capable": false,
                  "Scan Direction": "Forward",
                  "Index Name": "fundamentals_daily_pkey",
                  "Relation Name": "fundamentals_daily",
                  "Alias": "fd",
                  "Startup Cost": 0.29,
                  "Total Cost": 4.3,
                  "Plan Rows": 1,
                  "Plan Width": 55,
                  "Index Cond": "((event_date = '2023-09-21'::date) AND (ticker = sdi.ticker))"
                }
              ]
            }
          ]
        }
      ]
    }
  },
  "db_statistics": {
    "table_stats": {
      "stocks_daily_info": {
        "row_count": 12700,
        "size_mb": 1.71
      },
      "fundamentals_daily": {
        "row_count": 12080,
        "size_mb": 2.33
      },
      "financials_quarterly": {
        "row_count": 8634,
        "size_mb": 0.8
      }
    },
    "existing_indexes": [
      "backtest_results_pkey",
      "community_posts_pkey",
      "financials_quarterly_pkey",
      "fundamentals_daily_pkey",
      "idx_finq_period_end",
      "idx_finq_ticker",
      "idx_fund_event_date",
      "idx_fund_ticker",
      "idx_sdi_event_date",
      "idx_sdi_ticker",
      "ix_backtest_results_strategy_id",
      "ix_community_posts_author_id",
      "ix_community_posts_strategy_id",
      "ix_ml_models_owner_id",
      "ix_strategies_owner_id",
      "ix_users_email",
      "ml_models_pkey",
      "stocks_daily_info_pkey",
      "strategies_pkey",
      "users_pkey"
    ]
  }
}
---
{
  "workload_id": 250,
  "metadata": {
    "strategy_template": "Value Investing Style",
    "ml_model_used": null
  },
  "sql_query": "SELECT fd.bps, fd.dividend_yield, fd.eps, fd.pbr, fd.per, sdi.close_price, sdi.company_name, sdi.ma_20d, sdi.market_cap, sdi.momentum_12m, sdi.momentum_3m, sdi.rsi_14, sdi.ticker, sdi.volatility_20d FROM stocks_daily_info sdi LEFT JOIN fundamentals_daily fd ON fd.ticker = sdi.ticker AND fd.event_date = sdi.event_date WHERE sdi.market = 'KOSPI' AND sdi.market_cap >= 86600000000 AND sdi.event_date = DATE '2023-06-20' ORDER BY fd.pbr asc, fd.per asc LIMIT 42;",
  "baseline_execution_plan": {
    "Plan": {
      "Node Type": "Limit",
      "Parallel Aware": false,
      "Async Capable": false,
      "Startup Cost": 24.72,
      "Total Cost": 24.73,
      "Plan Rows": 1,
      "Plan Width": 105,
      "Plans": [
        {
          "Node Type": "Sort",
          "Parent Relationship": "Outer",
          "Parallel Aware": false,
          "Async Capable": false,
          "Startup Cost": 24.72,
          "Total Cost": 24.73,
          "Plan Rows": 1,
          "Plan Width": 105,
          "Sort Key": [
            "fd.pbr",
            "fd.per"
          ],
          "Plans": [
            {
              "Node Type": "Nested Loop",
              "Parent Relationship": "Outer",
              "Parallel Aware": false,
              "Async Capable": false,
              "Join Type": "Left",
              "Startup Cost": 2.65,
              "Total Cost": 24.71,
              "Plan Rows": 1,
              "Plan Width": 105,
              "Inner Unique": true,
              "Plans": [
                {
                  "Node Type": "Bitmap Heap Scan",
                  "Parent Relationship": "Outer",
                  "Parallel Aware": false,
                  "Async Capable": false,
                  "Relation Name": "stocks_daily_info",
                  "Alias": "sdi",
                  "Startup Cost": 2.36,
                  "Total Cost": 20.4,
                  "Plan Rows": 1,
                  "Plan Width": 68,
                  "Recheck Cond": "(event_date = '2023-06-20'::date)",
                  "Filter": "((market_cap >= '86600000000'::numeric) AND (market = 'KOSPI'::text))",
                  "Plans": [
                    {
                      "Node Type": "Bitmap Index Scan",
                      "Parent Relationship": "Outer",
                      "Parallel Aware": false,
                      "Async Capable": false,
                      "Index Name": "idx_sdi_event_date",
                      "Startup Cost": 0.0,
                      "Total Cost": 2.36,
                      "Plan Rows": 10,
                      "Plan Width": 0,
                      "Index Cond": "(event_date = '2023-06-20'::date)"
                    }
                  ]
                },
                {
                  "Node Type": "Index Scan",
                  "Parent Relationship": "Inner",
                  "Parallel Aware": false,
                  "Async Capable": false,
                  "Scan Direction": "Forward",
                  "Index Name": "fundamentals_daily_pkey",
                  "Relation Name": "fundamentals_daily",
                  "Alias": "fd",
                  "Startup Cost": 0.29,
                  "Total Cost": 4.3,
                  "Plan Rows": 1,
                  "Plan Width": 55,
                  "Index Cond": "((event_date = '2023-06-20'::date) AND (ticker = sdi.ticker))"
                }
              ]
            }
          ]
        }
      ]
    }
  },
  "db_statistics": {
    "table_stats": {
      "stocks_daily_info": {
        "row_count": 12700,
        "size_mb": 1.71
      },
      "fundamentals_daily": {
        "row_count": 12080,
        "size_mb": 2.33
      },
      "financials_quarterly": {
        "row_count": 8634,
        "size_mb": 0.8
      }
    },
    "existing_indexes": [
      "backtest_results_pkey",
      "community_posts_pkey",
      "financials_quarterly_pkey",
      "fundamentals_daily_pkey",
      "idx_finq_period_end",
      "idx_finq_ticker",
      "idx_fund_event_date",
      "idx_fund_ticker",
      "idx_sdi_event_date",
      "idx_sdi_ticker",
      "ix_backtest_results_strategy_id",
      "ix_community_posts_author_id",
      "ix_community_posts_strategy_id",
      "ix_ml_models_owner_id",
      "ix_strategies_owner_id",
      "ix_users_email",
      "ml_models_pkey",
      "stocks_daily_info_pkey",
      "strategies_pkey",
      "users_pkey"
    ]
  }
}
---
{
  "workload_id": 251,
  "metadata": {
    "strategy_template": "Value Investing Style",
    "ml_model_used": null
  },
  "sql_query": "SELECT ( SELECT COALESCE(SUM(value), 0) FROM ( SELECT value FROM financials_quarterly fq WHERE fq.ticker = sdi.ticker AND fq.item_name = 'OperatingIncome' AND fq.statement_type IN ('IS_Q','CF_Q') AND fq.period_end <= DATE '2023-07-23' ORDER BY fq.period_end DESC LIMIT 4 ) as recent_quarters ) AS ttm_operatingincome , fd.bps, fd.dividend_yield, fd.eps, fd.pbr, fd.per, sdi.close_price, sdi.company_name, sdi.ma_20d, sdi.market_cap, sdi.momentum_12m, sdi.momentum_3m, sdi.rsi_14, sdi.ticker, sdi.volatility_20d FROM stocks_daily_info sdi LEFT JOIN fundamentals_daily fd ON fd.ticker = sdi.ticker AND fd.event_date = sdi.event_date WHERE sdi.market = 'KOSDAQ' AND sdi.market_cap >= 113300000000 AND sdi.event_date = DATE '2023-07-23' ORDER BY fd.pbr desc, fd.per asc LIMIT 45;",
  "baseline_execution_plan": {
    "Plan": {
      "Node Type": "Limit",
      "Parallel Aware": false,
      "Async Capable": false,
      "Startup Cost": 24.72,
      "Total Cost": 29.02,
      "Plan Rows": 1,
      "Plan Width": 137,
      "Plans": [
        {
          "Node Type": "Result",
          "Parent Relationship": "Outer",
          "Parallel Aware": false,
          "Async Capable": false,
          "Startup Cost": 24.72,
          "Total Cost": 29.02,
          "Plan Rows": 1,
          "Plan Width": 137,
          "Plans": [
            {
              "Node Type": "Sort",
              "Parent Relationship": "Outer",
              "Parallel Aware": false,
              "Async Capable": false,
              "Startup Cost": 24.72,
              "Total Cost": 24.73,
              "Plan Rows": 1,
              "Plan Width": 105,
              "Sort Key": [
                "fd.pbr DESC",
                "fd.per"
              ],
              "Plans": [
                {
                  "Node Type": "Nested Loop",
                  "Parent Relationship": "Outer",
                  "Parallel Aware": false,
                  "Async Capable": false,
                  "Join Type": "Left",
                  "Startup Cost": 2.65,
                  "Total Cost": 24.71,
                  "Plan Rows": 1,
                  "Plan Width": 105,
                  "Inner Unique": true,
                  "Plans": [
                    {
                      "Node Type": "Bitmap Heap Scan",
                      "Parent Relationship": "Outer",
                      "Parallel Aware": false,
                      "Async Capable": false,
                      "Relation Name": "stocks_daily_info",
                      "Alias": "sdi",
                      "Startup Cost": 2.36,
                      "Total Cost": 20.4,
                      "Plan Rows": 1,
                      "Plan Width": 68,
                      "Recheck Cond": "(event_date = '2023-07-23'::date)",
                      "Filter": "((market_cap >= '113300000000'::numeric) AND (market = 'KOSDAQ'::text))",
                      "Plans": [
                        {
                          "Node Type": "Bitmap Index Scan",
                          "Parent Relationship": "Outer",
                          "Parallel Aware": false,
                          "Async Capable": false,
                          "Index Name": "idx_sdi_event_date",
                          "Startup Cost": 0.0,
                          "Total Cost": 2.36,
                          "Plan Rows": 10,
                          "Plan Width": 0,
                          "Index Cond": "(event_date = '2023-07-23'::date)"
                        }
                      ]
                    },
                    {
                      "Node Type": "Index Scan",
                      "Parent Relationship": "Inner",
                      "Parallel Aware": false,
                      "Async Capable": false,
                      "Scan Direction": "Forward",
                      "Index Name": "fundamentals_daily_pkey",
                      "Relation Name": "fundamentals_daily",
                      "Alias": "fd",
                      "Startup Cost": 0.29,
                      "Total Cost": 4.3,
                      "Plan Rows": 1,
                      "Plan Width": 55,
                      "Index Cond": "((event_date = '2023-07-23'::date) AND (ticker = sdi.ticker))"
                    }
                  ]
                }
              ]
            },
            {
              "Node Type": "Aggregate",
              "Strategy": "Plain",
              "Partial Mode": "Simple",
              "Parent Relationship": "SubPlan",
              "Subplan Name": "SubPlan 1",
              "Parallel Aware": false,
              "Async Capable": false,
              "Startup Cost": 4.27,
              "Total Cost": 4.28,
              "Plan Rows": 1,
              "Plan Width": 32,
              "Plans": [
                {
                  "Node Type": "Limit",
                  "Parent Relationship": "Outer",
                  "Parallel Aware": false,
                  "Async Capable": false,
                  "Startup Cost": 0.29,
                  "Total Cost": 4.25,
                  "Plan Rows": 1,
                  "Plan Width": 12,
                  "Plans": [
                    {
                      "Node Type": "Index Scan",
                      "Parent Relationship": "Outer",
                      "Parallel Aware": false,
                      "Async Capable": false,
                      "Scan Direction": "Backward",
                      "Index Name": "idx_finq_period_end",
                      "Relation Name": "financials_quarterly",
                      "Alias": "fq",
                      "Startup Cost": 0.29,
                      "Total Cost": 4.25,
                      "Plan Rows": 1,
                      "Plan Width": 12,
                      "Index Cond": "(period_end <= '2023-07-23'::date)",
                      "Filter": "((statement_type = ANY ('{IS_Q,CF_Q}'::text[])) AND (ticker = sdi.ticker) AND (item_name = 'OperatingIncome'::text))"
                    }
                  ]
                }
              ]
            }
          ]
        }
      ]
    }
  },
  "db_statistics": {
    "table_stats": {
      "stocks_daily_info": {
        "row_count": 12700,
        "size_mb": 1.71
      },
      "fundamentals_daily": {
        "row_count": 12080,
        "size_mb": 2.33
      },
      "financials_quarterly": {
        "row_count": 8634,
        "size_mb": 0.8
      }
    },
    "existing_indexes": [
      "backtest_results_pkey",
      "community_posts_pkey",
      "financials_quarterly_pkey",
      "fundamentals_daily_pkey",
      "idx_finq_period_end",
      "idx_finq_ticker",
      "idx_fund_event_date",
      "idx_fund_ticker",
      "idx_sdi_event_date",
      "idx_sdi_ticker",
      "ix_backtest_results_strategy_id",
      "ix_community_posts_author_id",
      "ix_community_posts_strategy_id",
      "ix_ml_models_owner_id",
      "ix_strategies_owner_id",
      "ix_users_email",
      "ml_models_pkey",
      "stocks_daily_info_pkey",
      "strategies_pkey",
      "users_pkey"
    ]
  }
}
---
{
  "workload_id": 252,
  "metadata": {
    "strategy_template": "ML Hybrid Style",
    "ml_model_used": null
  },
  "sql_query": "SELECT fd.bps, fd.dividend_yield, fd.eps, fd.pbr, fd.per, sdi.close_price, sdi.company_name, sdi.ma_20d, sdi.market_cap, sdi.momentum_12m, sdi.momentum_3m, sdi.rsi_14, sdi.ticker, sdi.volatility_20d FROM stocks_daily_info sdi LEFT JOIN fundamentals_daily fd ON fd.ticker = sdi.ticker AND fd.event_date = sdi.event_date WHERE sdi.market = 'KOSPI' AND sdi.market_cap >= 202800000000 AND sdi.event_date = DATE '2023-09-23' ORDER BY fd.pbr desc, sdi.rsi_14 desc LIMIT 11;",
  "baseline_execution_plan": {
    "Plan": {
      "Node Type": "Limit",
      "Parallel Aware": false,
      "Async Capable": false,
      "Startup Cost": 24.72,
      "Total Cost": 24.73,
      "Plan Rows": 1,
      "Plan Width": 105,
      "Plans": [
        {
          "Node Type": "Sort",
          "Parent Relationship": "Outer",
          "Parallel Aware": false,
          "Async Capable": false,
          "Startup Cost": 24.72,
          "Total Cost": 24.73,
          "Plan Rows": 1,
          "Plan Width": 105,
          "Sort Key": [
            "fd.pbr DESC",
            "sdi.rsi_14 DESC"
          ],
          "Plans": [
            {
              "Node Type": "Nested Loop",
              "Parent Relationship": "Outer",
              "Parallel Aware": false,
              "Async Capable": false,
              "Join Type": "Left",
              "Startup Cost": 2.65,
              "Total Cost": 24.71,
              "Plan Rows": 1,
              "Plan Width": 105,
              "Inner Unique": true,
              "Plans": [
                {
                  "Node Type": "Bitmap Heap Scan",
                  "Parent Relationship": "Outer",
                  "Parallel Aware": false,
                  "Async Capable": false,
                  "Relation Name": "stocks_daily_info",
                  "Alias": "sdi",
                  "Startup Cost": 2.36,
                  "Total Cost": 20.4,
                  "Plan Rows": 1,
                  "Plan Width": 68,
                  "Recheck Cond": "(event_date = '2023-09-23'::date)",
                  "Filter": "((market_cap >= '202800000000'::numeric) AND (market = 'KOSPI'::text))",
                  "Plans": [
                    {
                      "Node Type": "Bitmap Index Scan",
                      "Parent Relationship": "Outer",
                      "Parallel Aware": false,
                      "Async Capable": false,
                      "Index Name": "idx_sdi_event_date",
                      "Startup Cost": 0.0,
                      "Total Cost": 2.36,
                      "Plan Rows": 10,
                      "Plan Width": 0,
                      "Index Cond": "(event_date = '2023-09-23'::date)"
                    }
                  ]
                },
                {
                  "Node Type": "Index Scan",
                  "Parent Relationship": "Inner",
                  "Parallel Aware": false,
                  "Async Capable": false,
                  "Scan Direction": "Forward",
                  "Index Name": "fundamentals_daily_pkey",
                  "Relation Name": "fundamentals_daily",
                  "Alias": "fd",
                  "Startup Cost": 0.29,
                  "Total Cost": 4.3,
                  "Plan Rows": 1,
                  "Plan Width": 55,
                  "Index Cond": "((event_date = '2023-09-23'::date) AND (ticker = sdi.ticker))"
                }
              ]
            }
          ]
        }
      ]
    }
  },
  "db_statistics": {
    "table_stats": {
      "stocks_daily_info": {
        "row_count": 12700,
        "size_mb": 1.71
      },
      "fundamentals_daily": {
        "row_count": 12080,
        "size_mb": 2.33
      },
      "financials_quarterly": {
        "row_count": 8634,
        "size_mb": 0.8
      }
    },
    "existing_indexes": [
      "backtest_results_pkey",
      "community_posts_pkey",
      "financials_quarterly_pkey",
      "fundamentals_daily_pkey",
      "idx_finq_period_end",
      "idx_finq_ticker",
      "idx_fund_event_date",
      "idx_fund_ticker",
      "idx_sdi_event_date",
      "idx_sdi_ticker",
      "ix_backtest_results_strategy_id",
      "ix_community_posts_author_id",
      "ix_community_posts_strategy_id",
      "ix_ml_models_owner_id",
      "ix_strategies_owner_id",
      "ix_users_email",
      "ml_models_pkey",
      "stocks_daily_info_pkey",
      "strategies_pkey",
      "users_pkey"
    ]
  }
}
---
{
  "workload_id": 253,
  "metadata": {
    "strategy_template": "Value Investing Style",
    "ml_model_used": null
  },
  "sql_query": "SELECT ( SELECT COALESCE(SUM(value), 0) FROM ( SELECT value FROM financials_quarterly fq WHERE fq.ticker = sdi.ticker AND fq.item_name = 'OperatingIncome' AND fq.statement_type IN ('IS_Q','CF_Q') AND fq.period_end <= DATE '2023-08-09' ORDER BY fq.period_end DESC LIMIT 4 ) as recent_quarters ) AS ttm_operatingincome , fd.bps, fd.dividend_yield, fd.eps, fd.pbr, fd.per, sdi.close_price, sdi.company_name, sdi.ma_20d, sdi.market_cap, sdi.momentum_12m, sdi.momentum_3m, sdi.rsi_14, sdi.ticker, sdi.volatility_20d FROM stocks_daily_info sdi LEFT JOIN fundamentals_daily fd ON fd.ticker = sdi.ticker AND fd.event_date = sdi.event_date WHERE sdi.market = 'KOSPI' AND sdi.market_cap >= 261900000000 AND sdi.event_date = DATE '2023-08-09' ORDER BY fd.pbr desc, fd.per asc, fd.eps desc, fd.dividend_yield desc LIMIT 24;",
  "baseline_execution_plan": {
    "Plan": {
      "Node Type": "Limit",
      "Parallel Aware": false,
      "Async Capable": false,
      "Startup Cost": 24.72,
      "Total Cost": 29.02,
      "Plan Rows": 1,
      "Plan Width": 137,
      "Plans": [
        {
          "Node Type": "Result",
          "Parent Relationship": "Outer",
          "Parallel Aware": false,
          "Async Capable": false,
          "Startup Cost": 24.72,
          "Total Cost": 29.02,
          "Plan Rows": 1,
          "Plan Width": 137,
          "Plans": [
            {
              "Node Type": "Sort",
              "Parent Relationship": "Outer",
              "Parallel Aware": false,
              "Async Capable": false,
              "Startup Cost": 24.72,
              "Total Cost": 24.73,
              "Plan Rows": 1,
              "Plan Width": 105,
              "Sort Key": [
                "fd.pbr DESC",
                "fd.per",
                "fd.eps DESC",
                "fd.dividend_yield DESC"
              ],
              "Plans": [
                {
                  "Node Type": "Nested Loop",
                  "Parent Relationship": "Outer",
                  "Parallel Aware": false,
                  "Async Capable": false,
                  "Join Type": "Left",
                  "Startup Cost": 2.65,
                  "Total Cost": 24.71,
                  "Plan Rows": 1,
                  "Plan Width": 105,
                  "Inner Unique": true,
                  "Plans": [
                    {
                      "Node Type": "Bitmap Heap Scan",
                      "Parent Relationship": "Outer",
                      "Parallel Aware": false,
                      "Async Capable": false,
                      "Relation Name": "stocks_daily_info",
                      "Alias": "sdi",
                      "Startup Cost": 2.36,
                      "Total Cost": 20.4,
                      "Plan Rows": 1,
                      "Plan Width": 68,
                      "Recheck Cond": "(event_date = '2023-08-09'::date)",
                      "Filter": "((market_cap >= '261900000000'::numeric) AND (market = 'KOSPI'::text))",
                      "Plans": [
                        {
                          "Node Type": "Bitmap Index Scan",
                          "Parent Relationship": "Outer",
                          "Parallel Aware": false,
                          "Async Capable": false,
                          "Index Name": "idx_sdi_event_date",
                          "Startup Cost": 0.0,
                          "Total Cost": 2.36,
                          "Plan Rows": 10,
                          "Plan Width": 0,
                          "Index Cond": "(event_date = '2023-08-09'::date)"
                        }
                      ]
                    },
                    {
                      "Node Type": "Index Scan",
                      "Parent Relationship": "Inner",
                      "Parallel Aware": false,
                      "Async Capable": false,
                      "Scan Direction": "Forward",
                      "Index Name": "fundamentals_daily_pkey",
                      "Relation Name": "fundamentals_daily",
                      "Alias": "fd",
                      "Startup Cost": 0.29,
                      "Total Cost": 4.3,
                      "Plan Rows": 1,
                      "Plan Width": 55,
                      "Index Cond": "((event_date = '2023-08-09'::date) AND (ticker = sdi.ticker))"
                    }
                  ]
                }
              ]
            },
            {
              "Node Type": "Aggregate",
              "Strategy": "Plain",
              "Partial Mode": "Simple",
              "Parent Relationship": "SubPlan",
              "Subplan Name": "SubPlan 1",
              "Parallel Aware": false,
              "Async Capable": false,
              "Startup Cost": 4.27,
              "Total Cost": 4.28,
              "Plan Rows": 1,
              "Plan Width": 32,
              "Plans": [
                {
                  "Node Type": "Limit",
                  "Parent Relationship": "Outer",
                  "Parallel Aware": false,
                  "Async Capable": false,
                  "Startup Cost": 0.29,
                  "Total Cost": 4.25,
                  "Plan Rows": 1,
                  "Plan Width": 12,
                  "Plans": [
                    {
                      "Node Type": "Index Scan",
                      "Parent Relationship": "Outer",
                      "Parallel Aware": false,
                      "Async Capable": false,
                      "Scan Direction": "Backward",
                      "Index Name": "idx_finq_period_end",
                      "Relation Name": "financials_quarterly",
                      "Alias": "fq",
                      "Startup Cost": 0.29,
                      "Total Cost": 4.25,
                      "Plan Rows": 1,
                      "Plan Width": 12,
                      "Index Cond": "(period_end <= '2023-08-09'::date)",
                      "Filter": "((statement_type = ANY ('{IS_Q,CF_Q}'::text[])) AND (ticker = sdi.ticker) AND (item_name = 'OperatingIncome'::text))"
                    }
                  ]
                }
              ]
            }
          ]
        }
      ]
    }
  },
  "db_statistics": {
    "table_stats": {
      "stocks_daily_info": {
        "row_count": 12700,
        "size_mb": 1.71
      },
      "fundamentals_daily": {
        "row_count": 12080,
        "size_mb": 2.33
      },
      "financials_quarterly": {
        "row_count": 8634,
        "size_mb": 0.8
      }
    },
    "existing_indexes": [
      "backtest_results_pkey",
      "community_posts_pkey",
      "financials_quarterly_pkey",
      "fundamentals_daily_pkey",
      "idx_finq_period_end",
      "idx_finq_ticker",
      "idx_fund_event_date",
      "idx_fund_ticker",
      "idx_sdi_event_date",
      "idx_sdi_ticker",
      "ix_backtest_results_strategy_id",
      "ix_community_posts_author_id",
      "ix_community_posts_strategy_id",
      "ix_ml_models_owner_id",
      "ix_strategies_owner_id",
      "ix_users_email",
      "ml_models_pkey",
      "stocks_daily_info_pkey",
      "strategies_pkey",
      "users_pkey"
    ]
  }
}
---
{
  "workload_id": 254,
  "metadata": {
    "strategy_template": "Value Investing Style",
    "ml_model_used": null
  },
  "sql_query": "SELECT fd.bps, fd.dividend_yield, fd.eps, fd.pbr, fd.per, sdi.close_price, sdi.company_name, sdi.ma_20d, sdi.market_cap, sdi.momentum_12m, sdi.momentum_3m, sdi.rsi_14, sdi.ticker, sdi.volatility_20d FROM stocks_daily_info sdi LEFT JOIN fundamentals_daily fd ON fd.ticker = sdi.ticker AND fd.event_date = sdi.event_date WHERE sdi.market = 'KOSDAQ' AND sdi.market_cap >= 278100000000 AND sdi.event_date = DATE '2023-07-08' ORDER BY fd.pbr asc, fd.per desc, fd.dividend_yield desc LIMIT 19;",
  "baseline_execution_plan": {
    "Plan": {
      "Node Type": "Limit",
      "Parallel Aware": false,
      "Async Capable": false,
      "Startup Cost": 24.72,
      "Total Cost": 24.73,
      "Plan Rows": 1,
      "Plan Width": 105,
      "Plans": [
        {
          "Node Type": "Sort",
          "Parent Relationship": "Outer",
          "Parallel Aware": false,
          "Async Capable": false,
          "Startup Cost": 24.72,
          "Total Cost": 24.73,
          "Plan Rows": 1,
          "Plan Width": 105,
          "Sort Key": [
            "fd.pbr",
            "fd.per DESC",
            "fd.dividend_yield DESC"
          ],
          "Plans": [
            {
              "Node Type": "Nested Loop",
              "Parent Relationship": "Outer",
              "Parallel Aware": false,
              "Async Capable": false,
              "Join Type": "Left",
              "Startup Cost": 2.65,
              "Total Cost": 24.71,
              "Plan Rows": 1,
              "Plan Width": 105,
              "Inner Unique": true,
              "Plans": [
                {
                  "Node Type": "Bitmap Heap Scan",
                  "Parent Relationship": "Outer",
                  "Parallel Aware": false,
                  "Async Capable": false,
                  "Relation Name": "stocks_daily_info",
                  "Alias": "sdi",
                  "Startup Cost": 2.36,
                  "Total Cost": 20.4,
                  "Plan Rows": 1,
                  "Plan Width": 68,
                  "Recheck Cond": "(event_date = '2023-07-08'::date)",
                  "Filter": "((market_cap >= '278100000000'::numeric) AND (market = 'KOSDAQ'::text))",
                  "Plans": [
                    {
                      "Node Type": "Bitmap Index Scan",
                      "Parent Relationship": "Outer",
                      "Parallel Aware": false,
                      "Async Capable": false,
                      "Index Name": "idx_sdi_event_date",
                      "Startup Cost": 0.0,
                      "Total Cost": 2.36,
                      "Plan Rows": 10,
                      "Plan Width": 0,
                      "Index Cond": "(event_date = '2023-07-08'::date)"
                    }
                  ]
                },
                {
                  "Node Type": "Index Scan",
                  "Parent Relationship": "Inner",
                  "Parallel Aware": false,
                  "Async Capable": false,
                  "Scan Direction": "Forward",
                  "Index Name": "fundamentals_daily_pkey",
                  "Relation Name": "fundamentals_daily",
                  "Alias": "fd",
                  "Startup Cost": 0.29,
                  "Total Cost": 4.3,
                  "Plan Rows": 1,
                  "Plan Width": 55,
                  "Index Cond": "((event_date = '2023-07-08'::date) AND (ticker = sdi.ticker))"
                }
              ]
            }
          ]
        }
      ]
    }
  },
  "db_statistics": {
    "table_stats": {
      "stocks_daily_info": {
        "row_count": 12700,
        "size_mb": 1.71
      },
      "fundamentals_daily": {
        "row_count": 12080,
        "size_mb": 2.33
      },
      "financials_quarterly": {
        "row_count": 8634,
        "size_mb": 0.8
      }
    },
    "existing_indexes": [
      "backtest_results_pkey",
      "community_posts_pkey",
      "financials_quarterly_pkey",
      "fundamentals_daily_pkey",
      "idx_finq_period_end",
      "idx_finq_ticker",
      "idx_fund_event_date",
      "idx_fund_ticker",
      "idx_sdi_event_date",
      "idx_sdi_ticker",
      "ix_backtest_results_strategy_id",
      "ix_community_posts_author_id",
      "ix_community_posts_strategy_id",
      "ix_ml_models_owner_id",
      "ix_strategies_owner_id",
      "ix_users_email",
      "ml_models_pkey",
      "stocks_daily_info_pkey",
      "strategies_pkey",
      "users_pkey"
    ]
  }
}
---
{
  "workload_id": 255,
  "metadata": {
    "strategy_template": "Momentum Investing Style",
    "ml_model_used": null
  },
  "sql_query": "SELECT ( SELECT COALESCE(SUM(value), 0) FROM ( SELECT value FROM financials_quarterly fq WHERE fq.ticker = sdi.ticker AND fq.item_name = 'NetIncome' AND fq.statement_type IN ('IS_Q','CF_Q') AND fq.period_end <= DATE '2023-09-24' ORDER BY fq.period_end DESC LIMIT 4 ) as recent_quarters ) AS ttm_netincome , sdi.close_price, sdi.company_name, sdi.ma_20d, sdi.market_cap, sdi.momentum_12m, sdi.momentum_3m, sdi.rsi_14, sdi.ticker, sdi.volatility_20d FROM stocks_daily_info sdi WHERE sdi.market = 'KOSPI' AND sdi.market_cap >= 487100000000 AND sdi.event_date = DATE '2023-09-24' ORDER BY sdi.momentum_3m asc, sdi.momentum_12m asc, sdi.rsi_14 desc LIMIT 38;",
  "baseline_execution_plan": {
    "Plan": {
      "Node Type": "Limit",
      "Parallel Aware": false,
      "Async Capable": false,
      "Startup Cost": 20.41,
      "Total Cost": 24.7,
      "Plan Rows": 1,
      "Plan Width": 96,
      "Plans": [
        {
          "Node Type": "Result",
          "Parent Relationship": "Outer",
          "Parallel Aware": false,
          "Async Capable": false,
          "Startup Cost": 20.41,
          "Total Cost": 24.7,
          "Plan Rows": 1,
          "Plan Width": 96,
          "Plans": [
            {
              "Node Type": "Sort",
              "Parent Relationship": "Outer",
              "Parallel Aware": false,
              "Async Capable": false,
              "Startup Cost": 20.41,
              "Total Cost": 20.41,
              "Plan Rows": 1,
              "Plan Width": 64,
              "Sort Key": [
                "sdi.momentum_3m",
                "sdi.momentum_12m",
                "sdi.rsi_14 DESC"
              ],
              "Plans": [
                {
                  "Node Type": "Bitmap Heap Scan",
                  "Parent Relationship": "Outer",
                  "Parallel Aware": false,
                  "Async Capable": false,
                  "Relation Name": "stocks_daily_info",
                  "Alias": "sdi",
                  "Startup Cost": 2.36,
                  "Total Cost": 20.4,
                  "Plan Rows": 1,
                  "Plan Width": 64,
                  "Recheck Cond": "(event_date = '2023-09-24'::date)",
                  "Filter": "((market_cap >= '487100000000'::numeric) AND (market = 'KOSPI'::text))",
                  "Plans": [
                    {
                      "Node Type": "Bitmap Index Scan",
                      "Parent Relationship": "Outer",
                      "Parallel Aware": false,
                      "Async Capable": false,
                      "Index Name": "idx_sdi_event_date",
                      "Startup Cost": 0.0,
                      "Total Cost": 2.36,
                      "Plan Rows": 10,
                      "Plan Width": 0,
                      "Index Cond": "(event_date = '2023-09-24'::date)"
                    }
                  ]
                }
              ]
            },
            {
              "Node Type": "Aggregate",
              "Strategy": "Plain",
              "Partial Mode": "Simple",
              "Parent Relationship": "SubPlan",
              "Subplan Name": "SubPlan 1",
              "Parallel Aware": false,
              "Async Capable": false,
              "Startup Cost": 4.27,
              "Total Cost": 4.28,
              "Plan Rows": 1,
              "Plan Width": 32,
              "Plans": [
                {
                  "Node Type": "Limit",
                  "Parent Relationship": "Outer",
                  "Parallel Aware": false,
                  "Async Capable": false,
                  "Startup Cost": 0.29,
                  "Total Cost": 4.25,
                  "Plan Rows": 1,
                  "Plan Width": 12,
                  "Plans": [
                    {
                      "Node Type": "Index Scan",
                      "Parent Relationship": "Outer",
                      "Parallel Aware": false,
                      "Async Capable": false,
                      "Scan Direction": "Backward",
                      "Index Name": "idx_finq_period_end",
                      "Relation Name": "financials_quarterly",
                      "Alias": "fq",
                      "Startup Cost": 0.29,
                      "Total Cost": 4.25,
                      "Plan Rows": 1,
                      "Plan Width": 12,
                      "Index Cond": "(period_end <= '2023-09-24'::date)",
                      "Filter": "((statement_type = ANY ('{IS_Q,CF_Q}'::text[])) AND (ticker = sdi.ticker) AND (item_name = 'NetIncome'::text))"
                    }
                  ]
                }
              ]
            }
          ]
        }
      ]
    }
  },
  "db_statistics": {
    "table_stats": {
      "stocks_daily_info": {
        "row_count": 12700,
        "size_mb": 1.71
      },
      "fundamentals_daily": {
        "row_count": 12080,
        "size_mb": 2.33
      },
      "financials_quarterly": {
        "row_count": 8634,
        "size_mb": 0.8
      }
    },
    "existing_indexes": [
      "backtest_results_pkey",
      "community_posts_pkey",
      "financials_quarterly_pkey",
      "fundamentals_daily_pkey",
      "idx_finq_period_end",
      "idx_finq_ticker",
      "idx_fund_event_date",
      "idx_fund_ticker",
      "idx_sdi_event_date",
      "idx_sdi_ticker",
      "ix_backtest_results_strategy_id",
      "ix_community_posts_author_id",
      "ix_community_posts_strategy_id",
      "ix_ml_models_owner_id",
      "ix_strategies_owner_id",
      "ix_users_email",
      "ml_models_pkey",
      "stocks_daily_info_pkey",
      "strategies_pkey",
      "users_pkey"
    ]
  }
}
---
{
  "workload_id": 256,
  "metadata": {
    "strategy_template": "Momentum Investing Style",
    "ml_model_used": null
  },
  "sql_query": "SELECT ( SELECT COALESCE(SUM(value), 0) FROM ( SELECT value FROM financials_quarterly fq WHERE fq.ticker = sdi.ticker AND fq.item_name = 'NetIncome' AND fq.statement_type IN ('IS_Q','CF_Q') AND fq.period_end <= DATE '2023-05-09' ORDER BY fq.period_end DESC LIMIT 4 ) as recent_quarters ) AS ttm_netincome , sdi.close_price, sdi.company_name, sdi.ma_20d, sdi.market_cap, sdi.momentum_12m, sdi.momentum_3m, sdi.rsi_14, sdi.ticker, sdi.volatility_20d FROM stocks_daily_info sdi WHERE sdi.market = 'KOSDAQ' AND sdi.market_cap >= 405900000000 AND sdi.event_date = DATE '2023-05-09' ORDER BY sdi.momentum_3m desc, sdi.momentum_12m desc, sdi.rsi_14 asc, sdi.volatility_20d asc LIMIT 21;",
  "baseline_execution_plan": {
    "Plan": {
      "Node Type": "Limit",
      "Parallel Aware": false,
      "Async Capable": false,
      "Startup Cost": 20.41,
      "Total Cost": 24.7,
      "Plan Rows": 1,
      "Plan Width": 96,
      "Plans": [
        {
          "Node Type": "Result",
          "Parent Relationship": "Outer",
          "Parallel Aware": false,
          "Async Capable": false,
          "Startup Cost": 20.41,
          "Total Cost": 24.7,
          "Plan Rows": 1,
          "Plan Width": 96,
          "Plans": [
            {
              "Node Type": "Sort",
              "Parent Relationship": "Outer",
              "Parallel Aware": false,
              "Async Capable": false,
              "Startup Cost": 20.41,
              "Total Cost": 20.41,
              "Plan Rows": 1,
              "Plan Width": 64,
              "Sort Key": [
                "sdi.momentum_3m DESC",
                "sdi.momentum_12m DESC",
                "sdi.rsi_14",
                "sdi.volatility_20d"
              ],
              "Plans": [
                {
                  "Node Type": "Bitmap Heap Scan",
                  "Parent Relationship": "Outer",
                  "Parallel Aware": false,
                  "Async Capable": false,
                  "Relation Name": "stocks_daily_info",
                  "Alias": "sdi",
                  "Startup Cost": 2.36,
                  "Total Cost": 20.4,
                  "Plan Rows": 1,
                  "Plan Width": 64,
                  "Recheck Cond": "(event_date = '2023-05-09'::date)",
                  "Filter": "((market_cap >= '405900000000'::numeric) AND (market = 'KOSDAQ'::text))",
                  "Plans": [
                    {
                      "Node Type": "Bitmap Index Scan",
                      "Parent Relationship": "Outer",
                      "Parallel Aware": false,
                      "Async Capable": false,
                      "Index Name": "idx_sdi_event_date",
                      "Startup Cost": 0.0,
                      "Total Cost": 2.36,
                      "Plan Rows": 10,
                      "Plan Width": 0,
                      "Index Cond": "(event_date = '2023-05-09'::date)"
                    }
                  ]
                }
              ]
            },
            {
              "Node Type": "Aggregate",
              "Strategy": "Plain",
              "Partial Mode": "Simple",
              "Parent Relationship": "SubPlan",
              "Subplan Name": "SubPlan 1",
              "Parallel Aware": false,
              "Async Capable": false,
              "Startup Cost": 4.27,
              "Total Cost": 4.28,
              "Plan Rows": 1,
              "Plan Width": 32,
              "Plans": [
                {
                  "Node Type": "Limit",
                  "Parent Relationship": "Outer",
                  "Parallel Aware": false,
                  "Async Capable": false,
                  "Startup Cost": 0.29,
                  "Total Cost": 4.25,
                  "Plan Rows": 1,
                  "Plan Width": 12,
                  "Plans": [
                    {
                      "Node Type": "Index Scan",
                      "Parent Relationship": "Outer",
                      "Parallel Aware": false,
                      "Async Capable": false,
                      "Scan Direction": "Backward",
                      "Index Name": "idx_finq_period_end",
                      "Relation Name": "financials_quarterly",
                      "Alias": "fq",
                      "Startup Cost": 0.29,
                      "Total Cost": 4.25,
                      "Plan Rows": 1,
                      "Plan Width": 12,
                      "Index Cond": "(period_end <= '2023-05-09'::date)",
                      "Filter": "((statement_type = ANY ('{IS_Q,CF_Q}'::text[])) AND (ticker = sdi.ticker) AND (item_name = 'NetIncome'::text))"
                    }
                  ]
                }
              ]
            }
          ]
        }
      ]
    }
  },
  "db_statistics": {
    "table_stats": {
      "stocks_daily_info": {
        "row_count": 12700,
        "size_mb": 1.71
      },
      "fundamentals_daily": {
        "row_count": 12080,
        "size_mb": 2.33
      },
      "financials_quarterly": {
        "row_count": 8634,
        "size_mb": 0.8
      }
    },
    "existing_indexes": [
      "backtest_results_pkey",
      "community_posts_pkey",
      "financials_quarterly_pkey",
      "fundamentals_daily_pkey",
      "idx_finq_period_end",
      "idx_finq_ticker",
      "idx_fund_event_date",
      "idx_fund_ticker",
      "idx_sdi_event_date",
      "idx_sdi_ticker",
      "ix_backtest_results_strategy_id",
      "ix_community_posts_author_id",
      "ix_community_posts_strategy_id",
      "ix_ml_models_owner_id",
      "ix_strategies_owner_id",
      "ix_users_email",
      "ml_models_pkey",
      "stocks_daily_info_pkey",
      "strategies_pkey",
      "users_pkey"
    ]
  }
}
---
{
  "workload_id": 257,
  "metadata": {
    "strategy_template": "Momentum Investing Style",
    "ml_model_used": null
  },
  "sql_query": "SELECT ( SELECT COALESCE(SUM(value), 0) FROM ( SELECT value FROM financials_quarterly fq WHERE fq.ticker = sdi.ticker AND fq.item_name = 'OperatingCashFlow' AND fq.statement_type IN ('IS_Q','CF_Q') AND fq.period_end <= DATE '2023-05-25' ORDER BY fq.period_end DESC LIMIT 4 ) as recent_quarters ) AS ttm_operatingcashflow , sdi.close_price, sdi.company_name, sdi.ma_20d, sdi.market_cap, sdi.momentum_12m, sdi.momentum_3m, sdi.rsi_14, sdi.ticker, sdi.volatility_20d FROM stocks_daily_info sdi WHERE sdi.market = 'KOSDAQ' AND sdi.market_cap >= 478300000000 AND sdi.event_date = DATE '2023-05-25' ORDER BY sdi.momentum_3m asc, sdi.momentum_12m asc, sdi.rsi_14 desc, sdi.volatility_20d desc LIMIT 36;",
  "baseline_execution_plan": {
    "Plan": {
      "Node Type": "Limit",
      "Parallel Aware": false,
      "Async Capable": false,
      "Startup Cost": 20.41,
      "Total Cost": 24.7,
      "Plan Rows": 1,
      "Plan Width": 96,
      "Plans": [
        {
          "Node Type": "Result",
          "Parent Relationship": "Outer",
          "Parallel Aware": false,
          "Async Capable": false,
          "Startup Cost": 20.41,
          "Total Cost": 24.7,
          "Plan Rows": 1,
          "Plan Width": 96,
          "Plans": [
            {
              "Node Type": "Sort",
              "Parent Relationship": "Outer",
              "Parallel Aware": false,
              "Async Capable": false,
              "Startup Cost": 20.41,
              "Total Cost": 20.41,
              "Plan Rows": 1,
              "Plan Width": 64,
              "Sort Key": [
                "sdi.momentum_3m",
                "sdi.momentum_12m",
                "sdi.rsi_14 DESC",
                "sdi.volatility_20d DESC"
              ],
              "Plans": [
                {
                  "Node Type": "Bitmap Heap Scan",
                  "Parent Relationship": "Outer",
                  "Parallel Aware": false,
                  "Async Capable": false,
                  "Relation Name": "stocks_daily_info",
                  "Alias": "sdi",
                  "Startup Cost": 2.36,
                  "Total Cost": 20.4,
                  "Plan Rows": 1,
                  "Plan Width": 64,
                  "Recheck Cond": "(event_date = '2023-05-25'::date)",
                  "Filter": "((market_cap >= '478300000000'::numeric) AND (market = 'KOSDAQ'::text))",
                  "Plans": [
                    {
                      "Node Type": "Bitmap Index Scan",
                      "Parent Relationship": "Outer",
                      "Parallel Aware": false,
                      "Async Capable": false,
                      "Index Name": "idx_sdi_event_date",
                      "Startup Cost": 0.0,
                      "Total Cost": 2.36,
                      "Plan Rows": 10,
                      "Plan Width": 0,
                      "Index Cond": "(event_date = '2023-05-25'::date)"
                    }
                  ]
                }
              ]
            },
            {
              "Node Type": "Aggregate",
              "Strategy": "Plain",
              "Partial Mode": "Simple",
              "Parent Relationship": "SubPlan",
              "Subplan Name": "SubPlan 1",
              "Parallel Aware": false,
              "Async Capable": false,
              "Startup Cost": 4.27,
              "Total Cost": 4.28,
              "Plan Rows": 1,
              "Plan Width": 32,
              "Plans": [
                {
                  "Node Type": "Limit",
                  "Parent Relationship": "Outer",
                  "Parallel Aware": false,
                  "Async Capable": false,
                  "Startup Cost": 0.29,
                  "Total Cost": 4.25,
                  "Plan Rows": 1,
                  "Plan Width": 12,
                  "Plans": [
                    {
                      "Node Type": "Index Scan",
                      "Parent Relationship": "Outer",
                      "Parallel Aware": false,
                      "Async Capable": false,
                      "Scan Direction": "Backward",
                      "Index Name": "idx_finq_period_end",
                      "Relation Name": "financials_quarterly",
                      "Alias": "fq",
                      "Startup Cost": 0.29,
                      "Total Cost": 4.25,
                      "Plan Rows": 1,
                      "Plan Width": 12,
                      "Index Cond": "(period_end <= '2023-05-25'::date)",
                      "Filter": "((statement_type = ANY ('{IS_Q,CF_Q}'::text[])) AND (ticker = sdi.ticker) AND (item_name = 'OperatingCashFlow'::text))"
                    }
                  ]
                }
              ]
            }
          ]
        }
      ]
    }
  },
  "db_statistics": {
    "table_stats": {
      "stocks_daily_info": {
        "row_count": 12700,
        "size_mb": 1.71
      },
      "fundamentals_daily": {
        "row_count": 12080,
        "size_mb": 2.33
      },
      "financials_quarterly": {
        "row_count": 8634,
        "size_mb": 0.8
      }
    },
    "existing_indexes": [
      "backtest_results_pkey",
      "community_posts_pkey",
      "financials_quarterly_pkey",
      "fundamentals_daily_pkey",
      "idx_finq_period_end",
      "idx_finq_ticker",
      "idx_fund_event_date",
      "idx_fund_ticker",
      "idx_sdi_event_date",
      "idx_sdi_ticker",
      "ix_backtest_results_strategy_id",
      "ix_community_posts_author_id",
      "ix_community_posts_strategy_id",
      "ix_ml_models_owner_id",
      "ix_strategies_owner_id",
      "ix_users_email",
      "ml_models_pkey",
      "stocks_daily_info_pkey",
      "strategies_pkey",
      "users_pkey"
    ]
  }
}
---
{
  "workload_id": 258,
  "metadata": {
    "strategy_template": "ML Hybrid Style",
    "ml_model_used": "Return Forecast Model"
  },
  "sql_query": "SELECT fd.bps, fd.dividend_yield, fd.eps, fd.pbr, fd.per, sdi.close_price, sdi.company_name, sdi.ma_20d, sdi.market_cap, sdi.momentum_12m, sdi.momentum_3m, sdi.rsi_14, sdi.ticker, sdi.volatility_20d FROM stocks_daily_info sdi LEFT JOIN fundamentals_daily fd ON fd.ticker = sdi.ticker AND fd.event_date = sdi.event_date WHERE sdi.market = 'KOSDAQ' AND sdi.market_cap >= 162800000000 AND sdi.event_date = DATE '2023-09-04' ORDER BY CASE sdi.ticker WHEN '000660.KS' THEN 1 WHEN '005930.KS' THEN 2 WHEN '068270.KQ' THEN 3 WHEN '207940.KS' THEN 4 WHEN '035420.KS' THEN 5 WHEN '005380.KS' THEN 6 WHEN '051910.KS' THEN 7 WHEN '012330.KS' THEN 8 WHEN '035720.KS' THEN 9 WHEN '105560.KS' THEN 10 ELSE 11 END LIMIT 40;",
  "baseline_execution_plan": {
    "Plan": {
      "Node Type": "Limit",
      "Parallel Aware": false,
      "Async Capable": false,
      "Startup Cost": 24.75,
      "Total Cost": 24.75,
      "Plan Rows": 1,
      "Plan Width": 109,
      "Plans": [
        {
          "Node Type": "Sort",
          "Parent Relationship": "Outer",
          "Parallel Aware": false,
          "Async Capable": false,
          "Startup Cost": 24.75,
          "Total Cost": 24.75,
          "Plan Rows": 1,
          "Plan Width": 109,
          "Sort Key": [
            "(CASE sdi.ticker WHEN '000660.KS'::text THEN 1 WHEN '005930.KS'::text THEN 2 WHEN '068270.KQ'::text THEN 3 WHEN '207940.KS'::text THEN 4 WHEN '035420.KS'::text THEN 5 WHEN '005380.KS'::text THEN 6 WHEN '051910.KS'::text THEN 7 WHEN '012330.KS'::text THEN 8 WHEN '035720.KS'::text THEN 9 WHEN '105560.KS'::text THEN 10 ELSE 11 END)"
          ],
          "Plans": [
            {
              "Node Type": "Nested Loop",
              "Parent Relationship": "Outer",
              "Parallel Aware": false,
              "Async Capable": false,
              "Join Type": "Left",
              "Startup Cost": 2.65,
              "Total Cost": 24.74,
              "Plan Rows": 1,
              "Plan Width": 109,
              "Inner Unique": true,
              "Plans": [
                {
                  "Node Type": "Bitmap Heap Scan",
                  "Parent Relationship": "Outer",
                  "Parallel Aware": false,
                  "Async Capable": false,
                  "Relation Name": "stocks_daily_info",
                  "Alias": "sdi",
                  "Startup Cost": 2.36,
                  "Total Cost": 20.4,
                  "Plan Rows": 1,
                  "Plan Width": 68,
                  "Recheck Cond": "(event_date = '2023-09-04'::date)",
                  "Filter": "((market_cap >= '162800000000'::numeric) AND (market = 'KOSDAQ'::text))",
                  "Plans": [
                    {
                      "Node Type": "Bitmap Index Scan",
                      "Parent Relationship": "Outer",
                      "Parallel Aware": false,
                      "Async Capable": false,
                      "Index Name": "idx_sdi_event_date",
                      "Startup Cost": 0.0,
                      "Total Cost": 2.36,
                      "Plan Rows": 10,
                      "Plan Width": 0,
                      "Index Cond": "(event_date = '2023-09-04'::date)"
                    }
                  ]
                },
                {
                  "Node Type": "Index Scan",
                  "Parent Relationship": "Inner",
                  "Parallel Aware": false,
                  "Async Capable": false,
                  "Scan Direction": "Forward",
                  "Index Name": "fundamentals_daily_pkey",
                  "Relation Name": "fundamentals_daily",
                  "Alias": "fd",
                  "Startup Cost": 0.29,
                  "Total Cost": 4.3,
                  "Plan Rows": 1,
                  "Plan Width": 55,
                  "Index Cond": "((event_date = '2023-09-04'::date) AND (ticker = sdi.ticker))"
                }
              ]
            }
          ]
        }
      ]
    }
  },
  "db_statistics": {
    "table_stats": {
      "stocks_daily_info": {
        "row_count": 12700,
        "size_mb": 1.71
      },
      "fundamentals_daily": {
        "row_count": 12080,
        "size_mb": 2.33
      },
      "financials_quarterly": {
        "row_count": 8634,
        "size_mb": 0.8
      }
    },
    "existing_indexes": [
      "backtest_results_pkey",
      "community_posts_pkey",
      "financials_quarterly_pkey",
      "fundamentals_daily_pkey",
      "idx_finq_period_end",
      "idx_finq_ticker",
      "idx_fund_event_date",
      "idx_fund_ticker",
      "idx_sdi_event_date",
      "idx_sdi_ticker",
      "ix_backtest_results_strategy_id",
      "ix_community_posts_author_id",
      "ix_community_posts_strategy_id",
      "ix_ml_models_owner_id",
      "ix_strategies_owner_id",
      "ix_users_email",
      "ml_models_pkey",
      "stocks_daily_info_pkey",
      "strategies_pkey",
      "users_pkey"
    ]
  }
}
---
{
  "workload_id": 259,
  "metadata": {
    "strategy_template": "Momentum Investing Style",
    "ml_model_used": null
  },
  "sql_query": "SELECT sdi.close_price, sdi.company_name, sdi.ma_20d, sdi.market_cap, sdi.momentum_12m, sdi.momentum_3m, sdi.rsi_14, sdi.ticker, sdi.volatility_20d FROM stocks_daily_info sdi WHERE sdi.market = 'KOSDAQ' AND sdi.market_cap >= 96100000000 AND sdi.event_date = DATE '2023-06-25' ORDER BY sdi.momentum_3m asc, sdi.momentum_12m desc, sdi.rsi_14 asc LIMIT 17;",
  "baseline_execution_plan": {
    "Plan": {
      "Node Type": "Limit",
      "Parallel Aware": false,
      "Async Capable": false,
      "Startup Cost": 20.41,
      "Total Cost": 20.41,
      "Plan Rows": 1,
      "Plan Width": 64,
      "Plans": [
        {
          "Node Type": "Sort",
          "Parent Relationship": "Outer",
          "Parallel Aware": false,
          "Async Capable": false,
          "Startup Cost": 20.41,
          "Total Cost": 20.41,
          "Plan Rows": 1,
          "Plan Width": 64,
          "Sort Key": [
            "momentum_3m",
            "momentum_12m DESC",
            "rsi_14"
          ],
          "Plans": [
            {
              "Node Type": "Bitmap Heap Scan",
              "Parent Relationship": "Outer",
              "Parallel Aware": false,
              "Async Capable": false,
              "Relation Name": "stocks_daily_info",
              "Alias": "sdi",
              "Startup Cost": 2.36,
              "Total Cost": 20.4,
              "Plan Rows": 1,
              "Plan Width": 64,
              "Recheck Cond": "(event_date = '2023-06-25'::date)",
              "Filter": "((market_cap >= '96100000000'::numeric) AND (market = 'KOSDAQ'::text))",
              "Plans": [
                {
                  "Node Type": "Bitmap Index Scan",
                  "Parent Relationship": "Outer",
                  "Parallel Aware": false,
                  "Async Capable": false,
                  "Index Name": "idx_sdi_event_date",
                  "Startup Cost": 0.0,
                  "Total Cost": 2.36,
                  "Plan Rows": 10,
                  "Plan Width": 0,
                  "Index Cond": "(event_date = '2023-06-25'::date)"
                }
              ]
            }
          ]
        }
      ]
    }
  },
  "db_statistics": {
    "table_stats": {
      "stocks_daily_info": {
        "row_count": 12700,
        "size_mb": 1.71
      },
      "fundamentals_daily": {
        "row_count": 12080,
        "size_mb": 2.33
      },
      "financials_quarterly": {
        "row_count": 8634,
        "size_mb": 0.8
      }
    },
    "existing_indexes": [
      "backtest_results_pkey",
      "community_posts_pkey",
      "financials_quarterly_pkey",
      "fundamentals_daily_pkey",
      "idx_finq_period_end",
      "idx_finq_ticker",
      "idx_fund_event_date",
      "idx_fund_ticker",
      "idx_sdi_event_date",
      "idx_sdi_ticker",
      "ix_backtest_results_strategy_id",
      "ix_community_posts_author_id",
      "ix_community_posts_strategy_id",
      "ix_ml_models_owner_id",
      "ix_strategies_owner_id",
      "ix_users_email",
      "ml_models_pkey",
      "stocks_daily_info_pkey",
      "strategies_pkey",
      "users_pkey"
    ]
  }
}
---
{
  "workload_id": 260,
  "metadata": {
    "strategy_template": "Momentum Investing Style",
    "ml_model_used": null
  },
  "sql_query": "SELECT sdi.close_price, sdi.company_name, sdi.ma_20d, sdi.market_cap, sdi.momentum_12m, sdi.momentum_3m, sdi.rsi_14, sdi.ticker, sdi.volatility_20d FROM stocks_daily_info sdi WHERE sdi.market = 'KOSDAQ' AND sdi.market_cap >= 389100000000 AND sdi.event_date = DATE '2023-08-14' ORDER BY sdi.momentum_3m asc, sdi.momentum_12m asc, sdi.volatility_20d asc LIMIT 22;",
  "baseline_execution_plan": {
    "Plan": {
      "Node Type": "Limit",
      "Parallel Aware": false,
      "Async Capable": false,
      "Startup Cost": 20.41,
      "Total Cost": 20.41,
      "Plan Rows": 1,
      "Plan Width": 64,
      "Plans": [
        {
          "Node Type": "Sort",
          "Parent Relationship": "Outer",
          "Parallel Aware": false,
          "Async Capable": false,
          "Startup Cost": 20.41,
          "Total Cost": 20.41,
          "Plan Rows": 1,
          "Plan Width": 64,
          "Sort Key": [
            "momentum_3m",
            "momentum_12m",
            "volatility_20d"
          ],
          "Plans": [
            {
              "Node Type": "Bitmap Heap Scan",
              "Parent Relationship": "Outer",
              "Parallel Aware": false,
              "Async Capable": false,
              "Relation Name": "stocks_daily_info",
              "Alias": "sdi",
              "Startup Cost": 2.36,
              "Total Cost": 20.4,
              "Plan Rows": 1,
              "Plan Width": 64,
              "Recheck Cond": "(event_date = '2023-08-14'::date)",
              "Filter": "((market_cap >= '389100000000'::numeric) AND (market = 'KOSDAQ'::text))",
              "Plans": [
                {
                  "Node Type": "Bitmap Index Scan",
                  "Parent Relationship": "Outer",
                  "Parallel Aware": false,
                  "Async Capable": false,
                  "Index Name": "idx_sdi_event_date",
                  "Startup Cost": 0.0,
                  "Total Cost": 2.36,
                  "Plan Rows": 10,
                  "Plan Width": 0,
                  "Index Cond": "(event_date = '2023-08-14'::date)"
                }
              ]
            }
          ]
        }
      ]
    }
  },
  "db_statistics": {
    "table_stats": {
      "stocks_daily_info": {
        "row_count": 12700,
        "size_mb": 1.71
      },
      "fundamentals_daily": {
        "row_count": 12080,
        "size_mb": 2.33
      },
      "financials_quarterly": {
        "row_count": 8634,
        "size_mb": 0.8
      }
    },
    "existing_indexes": [
      "backtest_results_pkey",
      "community_posts_pkey",
      "financials_quarterly_pkey",
      "fundamentals_daily_pkey",
      "idx_finq_period_end",
      "idx_finq_ticker",
      "idx_fund_event_date",
      "idx_fund_ticker",
      "idx_sdi_event_date",
      "idx_sdi_ticker",
      "ix_backtest_results_strategy_id",
      "ix_community_posts_author_id",
      "ix_community_posts_strategy_id",
      "ix_ml_models_owner_id",
      "ix_strategies_owner_id",
      "ix_users_email",
      "ml_models_pkey",
      "stocks_daily_info_pkey",
      "strategies_pkey",
      "users_pkey"
    ]
  }
}
---
{
  "workload_id": 261,
  "metadata": {
    "strategy_template": "Value Investing Style",
    "ml_model_used": null
  },
  "sql_query": "SELECT fd.bps, fd.dividend_yield, fd.eps, fd.pbr, fd.per, sdi.close_price, sdi.company_name, sdi.ma_20d, sdi.market_cap, sdi.momentum_12m, sdi.momentum_3m, sdi.rsi_14, sdi.ticker, sdi.volatility_20d FROM stocks_daily_info sdi LEFT JOIN fundamentals_daily fd ON fd.ticker = sdi.ticker AND fd.event_date = sdi.event_date WHERE sdi.market = 'KOSDAQ' AND sdi.market_cap >= 69400000000 AND sdi.event_date = DATE '2023-06-24' ORDER BY fd.pbr asc, fd.per desc LIMIT 22;",
  "baseline_execution_plan": {
    "Plan": {
      "Node Type": "Limit",
      "Parallel Aware": false,
      "Async Capable": false,
      "Startup Cost": 24.72,
      "Total Cost": 24.73,
      "Plan Rows": 1,
      "Plan Width": 105,
      "Plans": [
        {
          "Node Type": "Sort",
          "Parent Relationship": "Outer",
          "Parallel Aware": false,
          "Async Capable": false,
          "Startup Cost": 24.72,
          "Total Cost": 24.73,
          "Plan Rows": 1,
          "Plan Width": 105,
          "Sort Key": [
            "fd.pbr",
            "fd.per DESC"
          ],
          "Plans": [
            {
              "Node Type": "Nested Loop",
              "Parent Relationship": "Outer",
              "Parallel Aware": false,
              "Async Capable": false,
              "Join Type": "Left",
              "Startup Cost": 2.65,
              "Total Cost": 24.71,
              "Plan Rows": 1,
              "Plan Width": 105,
              "Inner Unique": true,
              "Plans": [
                {
                  "Node Type": "Bitmap Heap Scan",
                  "Parent Relationship": "Outer",
                  "Parallel Aware": false,
                  "Async Capable": false,
                  "Relation Name": "stocks_daily_info",
                  "Alias": "sdi",
                  "Startup Cost": 2.36,
                  "Total Cost": 20.4,
                  "Plan Rows": 1,
                  "Plan Width": 68,
                  "Recheck Cond": "(event_date = '2023-06-24'::date)",
                  "Filter": "((market_cap >= '69400000000'::numeric) AND (market = 'KOSDAQ'::text))",
                  "Plans": [
                    {
                      "Node Type": "Bitmap Index Scan",
                      "Parent Relationship": "Outer",
                      "Parallel Aware": false,
                      "Async Capable": false,
                      "Index Name": "idx_sdi_event_date",
                      "Startup Cost": 0.0,
                      "Total Cost": 2.36,
                      "Plan Rows": 10,
                      "Plan Width": 0,
                      "Index Cond": "(event_date = '2023-06-24'::date)"
                    }
                  ]
                },
                {
                  "Node Type": "Index Scan",
                  "Parent Relationship": "Inner",
                  "Parallel Aware": false,
                  "Async Capable": false,
                  "Scan Direction": "Forward",
                  "Index Name": "fundamentals_daily_pkey",
                  "Relation Name": "fundamentals_daily",
                  "Alias": "fd",
                  "Startup Cost": 0.29,
                  "Total Cost": 4.3,
                  "Plan Rows": 1,
                  "Plan Width": 55,
                  "Index Cond": "((event_date = '2023-06-24'::date) AND (ticker = sdi.ticker))"
                }
              ]
            }
          ]
        }
      ]
    }
  },
  "db_statistics": {
    "table_stats": {
      "stocks_daily_info": {
        "row_count": 12700,
        "size_mb": 1.71
      },
      "fundamentals_daily": {
        "row_count": 12080,
        "size_mb": 2.33
      },
      "financials_quarterly": {
        "row_count": 8634,
        "size_mb": 0.8
      }
    },
    "existing_indexes": [
      "backtest_results_pkey",
      "community_posts_pkey",
      "financials_quarterly_pkey",
      "fundamentals_daily_pkey",
      "idx_finq_period_end",
      "idx_finq_ticker",
      "idx_fund_event_date",
      "idx_fund_ticker",
      "idx_sdi_event_date",
      "idx_sdi_ticker",
      "ix_backtest_results_strategy_id",
      "ix_community_posts_author_id",
      "ix_community_posts_strategy_id",
      "ix_ml_models_owner_id",
      "ix_strategies_owner_id",
      "ix_users_email",
      "ml_models_pkey",
      "stocks_daily_info_pkey",
      "strategies_pkey",
      "users_pkey"
    ]
  }
}
---
{
  "workload_id": 262,
  "metadata": {
    "strategy_template": "Momentum Investing Style",
    "ml_model_used": null
  },
  "sql_query": "SELECT ( SELECT COALESCE(SUM(value), 0) FROM ( SELECT value FROM financials_quarterly fq WHERE fq.ticker = sdi.ticker AND fq.item_name = 'OperatingIncome' AND fq.statement_type IN ('IS_Q','CF_Q') AND fq.period_end <= DATE '2023-10-20' ORDER BY fq.period_end DESC LIMIT 4 ) as recent_quarters ) AS ttm_operatingincome , sdi.close_price, sdi.company_name, sdi.ma_20d, sdi.market_cap, sdi.momentum_12m, sdi.momentum_3m, sdi.rsi_14, sdi.ticker, sdi.volatility_20d FROM stocks_daily_info sdi WHERE sdi.market = 'KOSDAQ' AND sdi.market_cap >= 437000000000 AND sdi.event_date = DATE '2023-10-20' ORDER BY sdi.momentum_3m desc, sdi.momentum_12m asc LIMIT 36;",
  "baseline_execution_plan": {
    "Plan": {
      "Node Type": "Limit",
      "Parallel Aware": false,
      "Async Capable": false,
      "Startup Cost": 20.41,
      "Total Cost": 24.7,
      "Plan Rows": 1,
      "Plan Width": 96,
      "Plans": [
        {
          "Node Type": "Result",
          "Parent Relationship": "Outer",
          "Parallel Aware": false,
          "Async Capable": false,
          "Startup Cost": 20.41,
          "Total Cost": 24.7,
          "Plan Rows": 1,
          "Plan Width": 96,
          "Plans": [
            {
              "Node Type": "Sort",
              "Parent Relationship": "Outer",
              "Parallel Aware": false,
              "Async Capable": false,
              "Startup Cost": 20.41,
              "Total Cost": 20.41,
              "Plan Rows": 1,
              "Plan Width": 64,
              "Sort Key": [
                "sdi.momentum_3m DESC",
                "sdi.momentum_12m"
              ],
              "Plans": [
                {
                  "Node Type": "Bitmap Heap Scan",
                  "Parent Relationship": "Outer",
                  "Parallel Aware": false,
                  "Async Capable": false,
                  "Relation Name": "stocks_daily_info",
                  "Alias": "sdi",
                  "Startup Cost": 2.36,
                  "Total Cost": 20.4,
                  "Plan Rows": 1,
                  "Plan Width": 64,
                  "Recheck Cond": "(event_date = '2023-10-20'::date)",
                  "Filter": "((market_cap >= '437000000000'::numeric) AND (market = 'KOSDAQ'::text))",
                  "Plans": [
                    {
                      "Node Type": "Bitmap Index Scan",
                      "Parent Relationship": "Outer",
                      "Parallel Aware": false,
                      "Async Capable": false,
                      "Index Name": "idx_sdi_event_date",
                      "Startup Cost": 0.0,
                      "Total Cost": 2.36,
                      "Plan Rows": 10,
                      "Plan Width": 0,
                      "Index Cond": "(event_date = '2023-10-20'::date)"
                    }
                  ]
                }
              ]
            },
            {
              "Node Type": "Aggregate",
              "Strategy": "Plain",
              "Partial Mode": "Simple",
              "Parent Relationship": "SubPlan",
              "Subplan Name": "SubPlan 1",
              "Parallel Aware": false,
              "Async Capable": false,
              "Startup Cost": 4.27,
              "Total Cost": 4.28,
              "Plan Rows": 1,
              "Plan Width": 32,
              "Plans": [
                {
                  "Node Type": "Limit",
                  "Parent Relationship": "Outer",
                  "Parallel Aware": false,
                  "Async Capable": false,
                  "Startup Cost": 0.29,
                  "Total Cost": 4.25,
                  "Plan Rows": 1,
                  "Plan Width": 12,
                  "Plans": [
                    {
                      "Node Type": "Index Scan",
                      "Parent Relationship": "Outer",
                      "Parallel Aware": false,
                      "Async Capable": false,
                      "Scan Direction": "Backward",
                      "Index Name": "idx_finq_period_end",
                      "Relation Name": "financials_quarterly",
                      "Alias": "fq",
                      "Startup Cost": 0.29,
                      "Total Cost": 4.25,
                      "Plan Rows": 1,
                      "Plan Width": 12,
                      "Index Cond": "(period_end <= '2023-10-20'::date)",
                      "Filter": "((statement_type = ANY ('{IS_Q,CF_Q}'::text[])) AND (ticker = sdi.ticker) AND (item_name = 'OperatingIncome'::text))"
                    }
                  ]
                }
              ]
            }
          ]
        }
      ]
    }
  },
  "db_statistics": {
    "table_stats": {
      "stocks_daily_info": {
        "row_count": 12700,
        "size_mb": 1.71
      },
      "fundamentals_daily": {
        "row_count": 12080,
        "size_mb": 2.33
      },
      "financials_quarterly": {
        "row_count": 8634,
        "size_mb": 0.8
      }
    },
    "existing_indexes": [
      "backtest_results_pkey",
      "community_posts_pkey",
      "financials_quarterly_pkey",
      "fundamentals_daily_pkey",
      "idx_finq_period_end",
      "idx_finq_ticker",
      "idx_fund_event_date",
      "idx_fund_ticker",
      "idx_sdi_event_date",
      "idx_sdi_ticker",
      "ix_backtest_results_strategy_id",
      "ix_community_posts_author_id",
      "ix_community_posts_strategy_id",
      "ix_ml_models_owner_id",
      "ix_strategies_owner_id",
      "ix_users_email",
      "ml_models_pkey",
      "stocks_daily_info_pkey",
      "strategies_pkey",
      "users_pkey"
    ]
  }
}
---
{
  "workload_id": 263,
  "metadata": {
    "strategy_template": "ML Hybrid Style",
    "ml_model_used": null
  },
  "sql_query": "SELECT sdi.close_price, sdi.company_name, sdi.ma_20d, sdi.market_cap, sdi.momentum_12m, sdi.momentum_3m, sdi.rsi_14, sdi.ticker, sdi.volatility_20d FROM stocks_daily_info sdi WHERE sdi.market = 'KOSDAQ' AND sdi.market_cap >= 482300000000 AND sdi.event_date = DATE '2023-10-22' ORDER BY sdi.momentum_3m desc LIMIT 40;",
  "baseline_execution_plan": {
    "Plan": {
      "Node Type": "Limit",
      "Parallel Aware": false,
      "Async Capable": false,
      "Startup Cost": 20.41,
      "Total Cost": 20.41,
      "Plan Rows": 1,
      "Plan Width": 64,
      "Plans": [
        {
          "Node Type": "Sort",
          "Parent Relationship": "Outer",
          "Parallel Aware": false,
          "Async Capable": false,
          "Startup Cost": 20.41,
          "Total Cost": 20.41,
          "Plan Rows": 1,
          "Plan Width": 64,
          "Sort Key": [
            "momentum_3m DESC"
          ],
          "Plans": [
            {
              "Node Type": "Bitmap Heap Scan",
              "Parent Relationship": "Outer",
              "Parallel Aware": false,
              "Async Capable": false,
              "Relation Name": "stocks_daily_info",
              "Alias": "sdi",
              "Startup Cost": 2.36,
              "Total Cost": 20.4,
              "Plan Rows": 1,
              "Plan Width": 64,
              "Recheck Cond": "(event_date = '2023-10-22'::date)",
              "Filter": "((market_cap >= '482300000000'::numeric) AND (market = 'KOSDAQ'::text))",
              "Plans": [
                {
                  "Node Type": "Bitmap Index Scan",
                  "Parent Relationship": "Outer",
                  "Parallel Aware": false,
                  "Async Capable": false,
                  "Index Name": "idx_sdi_event_date",
                  "Startup Cost": 0.0,
                  "Total Cost": 2.36,
                  "Plan Rows": 10,
                  "Plan Width": 0,
                  "Index Cond": "(event_date = '2023-10-22'::date)"
                }
              ]
            }
          ]
        }
      ]
    }
  },
  "db_statistics": {
    "table_stats": {
      "stocks_daily_info": {
        "row_count": 12700,
        "size_mb": 1.71
      },
      "fundamentals_daily": {
        "row_count": 12080,
        "size_mb": 2.33
      },
      "financials_quarterly": {
        "row_count": 8634,
        "size_mb": 0.8
      }
    },
    "existing_indexes": [
      "backtest_results_pkey",
      "community_posts_pkey",
      "financials_quarterly_pkey",
      "fundamentals_daily_pkey",
      "idx_finq_period_end",
      "idx_finq_ticker",
      "idx_fund_event_date",
      "idx_fund_ticker",
      "idx_sdi_event_date",
      "idx_sdi_ticker",
      "ix_backtest_results_strategy_id",
      "ix_community_posts_author_id",
      "ix_community_posts_strategy_id",
      "ix_ml_models_owner_id",
      "ix_strategies_owner_id",
      "ix_users_email",
      "ml_models_pkey",
      "stocks_daily_info_pkey",
      "strategies_pkey",
      "users_pkey"
    ]
  }
}
---
{
  "workload_id": 264,
  "metadata": {
    "strategy_template": "Momentum Investing Style",
    "ml_model_used": null
  },
  "sql_query": "SELECT sdi.close_price, sdi.company_name, sdi.ma_20d, sdi.market_cap, sdi.momentum_12m, sdi.momentum_3m, sdi.rsi_14, sdi.ticker, sdi.volatility_20d FROM stocks_daily_info sdi WHERE sdi.market = 'KOSPI' AND sdi.market_cap >= 355900000000 AND sdi.event_date = DATE '2023-07-09' ORDER BY sdi.momentum_3m asc, sdi.momentum_12m asc, sdi.rsi_14 desc LIMIT 37;",
  "baseline_execution_plan": {
    "Plan": {
      "Node Type": "Limit",
      "Parallel Aware": false,
      "Async Capable": false,
      "Startup Cost": 20.41,
      "Total Cost": 20.41,
      "Plan Rows": 1,
      "Plan Width": 64,
      "Plans": [
        {
          "Node Type": "Sort",
          "Parent Relationship": "Outer",
          "Parallel Aware": false,
          "Async Capable": false,
          "Startup Cost": 20.41,
          "Total Cost": 20.41,
          "Plan Rows": 1,
          "Plan Width": 64,
          "Sort Key": [
            "momentum_3m",
            "momentum_12m",
            "rsi_14 DESC"
          ],
          "Plans": [
            {
              "Node Type": "Bitmap Heap Scan",
              "Parent Relationship": "Outer",
              "Parallel Aware": false,
              "Async Capable": false,
              "Relation Name": "stocks_daily_info",
              "Alias": "sdi",
              "Startup Cost": 2.36,
              "Total Cost": 20.4,
              "Plan Rows": 1,
              "Plan Width": 64,
              "Recheck Cond": "(event_date = '2023-07-09'::date)",
              "Filter": "((market_cap >= '355900000000'::numeric) AND (market = 'KOSPI'::text))",
              "Plans": [
                {
                  "Node Type": "Bitmap Index Scan",
                  "Parent Relationship": "Outer",
                  "Parallel Aware": false,
                  "Async Capable": false,
                  "Index Name": "idx_sdi_event_date",
                  "Startup Cost": 0.0,
                  "Total Cost": 2.36,
                  "Plan Rows": 10,
                  "Plan Width": 0,
                  "Index Cond": "(event_date = '2023-07-09'::date)"
                }
              ]
            }
          ]
        }
      ]
    }
  },
  "db_statistics": {
    "table_stats": {
      "stocks_daily_info": {
        "row_count": 12700,
        "size_mb": 1.71
      },
      "fundamentals_daily": {
        "row_count": 12080,
        "size_mb": 2.33
      },
      "financials_quarterly": {
        "row_count": 8634,
        "size_mb": 0.8
      }
    },
    "existing_indexes": [
      "backtest_results_pkey",
      "community_posts_pkey",
      "financials_quarterly_pkey",
      "fundamentals_daily_pkey",
      "idx_finq_period_end",
      "idx_finq_ticker",
      "idx_fund_event_date",
      "idx_fund_ticker",
      "idx_sdi_event_date",
      "idx_sdi_ticker",
      "ix_backtest_results_strategy_id",
      "ix_community_posts_author_id",
      "ix_community_posts_strategy_id",
      "ix_ml_models_owner_id",
      "ix_strategies_owner_id",
      "ix_users_email",
      "ml_models_pkey",
      "stocks_daily_info_pkey",
      "strategies_pkey",
      "users_pkey"
    ]
  }
}
---
{
  "workload_id": 265,
  "metadata": {
    "strategy_template": "Value Investing Style",
    "ml_model_used": null
  },
  "sql_query": "SELECT ( SELECT COALESCE(SUM(value), 0) FROM ( SELECT value FROM financials_quarterly fq WHERE fq.ticker = sdi.ticker AND fq.item_name = 'NetIncome' AND fq.statement_type IN ('IS_Q','CF_Q') AND fq.period_end <= DATE '2023-05-05' ORDER BY fq.period_end DESC LIMIT 4 ) as recent_quarters ) AS ttm_netincome , fd.bps, fd.dividend_yield, fd.eps, fd.pbr, fd.per, sdi.close_price, sdi.company_name, sdi.ma_20d, sdi.market_cap, sdi.momentum_12m, sdi.momentum_3m, sdi.rsi_14, sdi.ticker, sdi.volatility_20d FROM stocks_daily_info sdi LEFT JOIN fundamentals_daily fd ON fd.ticker = sdi.ticker AND fd.event_date = sdi.event_date WHERE sdi.market = 'KOSDAQ' AND sdi.market_cap >= 239000000000 AND sdi.event_date = DATE '2023-05-05' ORDER BY fd.pbr asc, fd.per asc LIMIT 10;",
  "baseline_execution_plan": {
    "Plan": {
      "Node Type": "Limit",
      "Parallel Aware": false,
      "Async Capable": false,
      "Startup Cost": 24.72,
      "Total Cost": 29.02,
      "Plan Rows": 1,
      "Plan Width": 137,
      "Plans": [
        {
          "Node Type": "Result",
          "Parent Relationship": "Outer",
          "Parallel Aware": false,
          "Async Capable": false,
          "Startup Cost": 24.72,
          "Total Cost": 29.02,
          "Plan Rows": 1,
          "Plan Width": 137,
          "Plans": [
            {
              "Node Type": "Sort",
              "Parent Relationship": "Outer",
              "Parallel Aware": false,
              "Async Capable": false,
              "Startup Cost": 24.72,
              "Total Cost": 24.73,
              "Plan Rows": 1,
              "Plan Width": 105,
              "Sort Key": [
                "fd.pbr",
                "fd.per"
              ],
              "Plans": [
                {
                  "Node Type": "Nested Loop",
                  "Parent Relationship": "Outer",
                  "Parallel Aware": false,
                  "Async Capable": false,
                  "Join Type": "Left",
                  "Startup Cost": 2.65,
                  "Total Cost": 24.71,
                  "Plan Rows": 1,
                  "Plan Width": 105,
                  "Inner Unique": true,
                  "Plans": [
                    {
                      "Node Type": "Bitmap Heap Scan",
                      "Parent Relationship": "Outer",
                      "Parallel Aware": false,
                      "Async Capable": false,
                      "Relation Name": "stocks_daily_info",
                      "Alias": "sdi",
                      "Startup Cost": 2.36,
                      "Total Cost": 20.4,
                      "Plan Rows": 1,
                      "Plan Width": 68,
                      "Recheck Cond": "(event_date = '2023-05-05'::date)",
                      "Filter": "((market_cap >= '239000000000'::numeric) AND (market = 'KOSDAQ'::text))",
                      "Plans": [
                        {
                          "Node Type": "Bitmap Index Scan",
                          "Parent Relationship": "Outer",
                          "Parallel Aware": false,
                          "Async Capable": false,
                          "Index Name": "idx_sdi_event_date",
                          "Startup Cost": 0.0,
                          "Total Cost": 2.36,
                          "Plan Rows": 10,
                          "Plan Width": 0,
                          "Index Cond": "(event_date = '2023-05-05'::date)"
                        }
                      ]
                    },
                    {
                      "Node Type": "Index Scan",
                      "Parent Relationship": "Inner",
                      "Parallel Aware": false,
                      "Async Capable": false,
                      "Scan Direction": "Forward",
                      "Index Name": "fundamentals_daily_pkey",
                      "Relation Name": "fundamentals_daily",
                      "Alias": "fd",
                      "Startup Cost": 0.29,
                      "Total Cost": 4.3,
                      "Plan Rows": 1,
                      "Plan Width": 55,
                      "Index Cond": "((event_date = '2023-05-05'::date) AND (ticker = sdi.ticker))"
                    }
                  ]
                }
              ]
            },
            {
              "Node Type": "Aggregate",
              "Strategy": "Plain",
              "Partial Mode": "Simple",
              "Parent Relationship": "SubPlan",
              "Subplan Name": "SubPlan 1",
              "Parallel Aware": false,
              "Async Capable": false,
              "Startup Cost": 4.27,
              "Total Cost": 4.28,
              "Plan Rows": 1,
              "Plan Width": 32,
              "Plans": [
                {
                  "Node Type": "Limit",
                  "Parent Relationship": "Outer",
                  "Parallel Aware": false,
                  "Async Capable": false,
                  "Startup Cost": 0.29,
                  "Total Cost": 4.25,
                  "Plan Rows": 1,
                  "Plan Width": 12,
                  "Plans": [
                    {
                      "Node Type": "Index Scan",
                      "Parent Relationship": "Outer",
                      "Parallel Aware": false,
                      "Async Capable": false,
                      "Scan Direction": "Backward",
                      "Index Name": "idx_finq_period_end",
                      "Relation Name": "financials_quarterly",
                      "Alias": "fq",
                      "Startup Cost": 0.29,
                      "Total Cost": 4.25,
                      "Plan Rows": 1,
                      "Plan Width": 12,
                      "Index Cond": "(period_end <= '2023-05-05'::date)",
                      "Filter": "((statement_type = ANY ('{IS_Q,CF_Q}'::text[])) AND (ticker = sdi.ticker) AND (item_name = 'NetIncome'::text))"
                    }
                  ]
                }
              ]
            }
          ]
        }
      ]
    }
  },
  "db_statistics": {
    "table_stats": {
      "stocks_daily_info": {
        "row_count": 12700,
        "size_mb": 1.71
      },
      "fundamentals_daily": {
        "row_count": 12080,
        "size_mb": 2.33
      },
      "financials_quarterly": {
        "row_count": 8634,
        "size_mb": 0.8
      }
    },
    "existing_indexes": [
      "backtest_results_pkey",
      "community_posts_pkey",
      "financials_quarterly_pkey",
      "fundamentals_daily_pkey",
      "idx_finq_period_end",
      "idx_finq_ticker",
      "idx_fund_event_date",
      "idx_fund_ticker",
      "idx_sdi_event_date",
      "idx_sdi_ticker",
      "ix_backtest_results_strategy_id",
      "ix_community_posts_author_id",
      "ix_community_posts_strategy_id",
      "ix_ml_models_owner_id",
      "ix_strategies_owner_id",
      "ix_users_email",
      "ml_models_pkey",
      "stocks_daily_info_pkey",
      "strategies_pkey",
      "users_pkey"
    ]
  }
}
---
{
  "workload_id": 266,
  "metadata": {
    "strategy_template": "Value Investing Style",
    "ml_model_used": null
  },
  "sql_query": "SELECT fd.bps, fd.dividend_yield, fd.eps, fd.pbr, fd.per, sdi.close_price, sdi.company_name, sdi.ma_20d, sdi.market_cap, sdi.momentum_12m, sdi.momentum_3m, sdi.rsi_14, sdi.ticker, sdi.volatility_20d FROM stocks_daily_info sdi LEFT JOIN fundamentals_daily fd ON fd.ticker = sdi.ticker AND fd.event_date = sdi.event_date WHERE sdi.market = 'KOSPI' AND sdi.market_cap >= 61200000000 AND sdi.event_date = DATE '2023-07-30' ORDER BY fd.pbr asc, fd.per desc, fd.dividend_yield asc LIMIT 38;",
  "baseline_execution_plan": {
    "Plan": {
      "Node Type": "Limit",
      "Parallel Aware": false,
      "Async Capable": false,
      "Startup Cost": 24.72,
      "Total Cost": 24.73,
      "Plan Rows": 1,
      "Plan Width": 105,
      "Plans": [
        {
          "Node Type": "Sort",
          "Parent Relationship": "Outer",
          "Parallel Aware": false,
          "Async Capable": false,
          "Startup Cost": 24.72,
          "Total Cost": 24.73,
          "Plan Rows": 1,
          "Plan Width": 105,
          "Sort Key": [
            "fd.pbr",
            "fd.per DESC",
            "fd.dividend_yield"
          ],
          "Plans": [
            {
              "Node Type": "Nested Loop",
              "Parent Relationship": "Outer",
              "Parallel Aware": false,
              "Async Capable": false,
              "Join Type": "Left",
              "Startup Cost": 2.65,
              "Total Cost": 24.71,
              "Plan Rows": 1,
              "Plan Width": 105,
              "Inner Unique": true,
              "Plans": [
                {
                  "Node Type": "Bitmap Heap Scan",
                  "Parent Relationship": "Outer",
                  "Parallel Aware": false,
                  "Async Capable": false,
                  "Relation Name": "stocks_daily_info",
                  "Alias": "sdi",
                  "Startup Cost": 2.36,
                  "Total Cost": 20.4,
                  "Plan Rows": 1,
                  "Plan Width": 68,
                  "Recheck Cond": "(event_date = '2023-07-30'::date)",
                  "Filter": "((market_cap >= '61200000000'::numeric) AND (market = 'KOSPI'::text))",
                  "Plans": [
                    {
                      "Node Type": "Bitmap Index Scan",
                      "Parent Relationship": "Outer",
                      "Parallel Aware": false,
                      "Async Capable": false,
                      "Index Name": "idx_sdi_event_date",
                      "Startup Cost": 0.0,
                      "Total Cost": 2.36,
                      "Plan Rows": 10,
                      "Plan Width": 0,
                      "Index Cond": "(event_date = '2023-07-30'::date)"
                    }
                  ]
                },
                {
                  "Node Type": "Index Scan",
                  "Parent Relationship": "Inner",
                  "Parallel Aware": false,
                  "Async Capable": false,
                  "Scan Direction": "Forward",
                  "Index Name": "fundamentals_daily_pkey",
                  "Relation Name": "fundamentals_daily",
                  "Alias": "fd",
                  "Startup Cost": 0.29,
                  "Total Cost": 4.3,
                  "Plan Rows": 1,
                  "Plan Width": 55,
                  "Index Cond": "((event_date = '2023-07-30'::date) AND (ticker = sdi.ticker))"
                }
              ]
            }
          ]
        }
      ]
    }
  },
  "db_statistics": {
    "table_stats": {
      "stocks_daily_info": {
        "row_count": 12700,
        "size_mb": 1.71
      },
      "fundamentals_daily": {
        "row_count": 12080,
        "size_mb": 2.33
      },
      "financials_quarterly": {
        "row_count": 8634,
        "size_mb": 0.8
      }
    },
    "existing_indexes": [
      "backtest_results_pkey",
      "community_posts_pkey",
      "financials_quarterly_pkey",
      "fundamentals_daily_pkey",
      "idx_finq_period_end",
      "idx_finq_ticker",
      "idx_fund_event_date",
      "idx_fund_ticker",
      "idx_sdi_event_date",
      "idx_sdi_ticker",
      "ix_backtest_results_strategy_id",
      "ix_community_posts_author_id",
      "ix_community_posts_strategy_id",
      "ix_ml_models_owner_id",
      "ix_strategies_owner_id",
      "ix_users_email",
      "ml_models_pkey",
      "stocks_daily_info_pkey",
      "strategies_pkey",
      "users_pkey"
    ]
  }
}
---
{
  "workload_id": 267,
  "metadata": {
    "strategy_template": "Momentum Investing Style",
    "ml_model_used": null
  },
  "sql_query": "SELECT sdi.close_price, sdi.company_name, sdi.ma_20d, sdi.market_cap, sdi.momentum_12m, sdi.momentum_3m, sdi.rsi_14, sdi.ticker, sdi.volatility_20d FROM stocks_daily_info sdi WHERE sdi.market = 'KOSPI' AND sdi.market_cap >= 361500000000 AND sdi.event_date = DATE '2023-06-23' ORDER BY sdi.momentum_3m asc, sdi.momentum_12m asc, sdi.rsi_14 desc LIMIT 34;",
  "baseline_execution_plan": {
    "Plan": {
      "Node Type": "Limit",
      "Parallel Aware": false,
      "Async Capable": false,
      "Startup Cost": 20.41,
      "Total Cost": 20.41,
      "Plan Rows": 1,
      "Plan Width": 64,
      "Plans": [
        {
          "Node Type": "Sort",
          "Parent Relationship": "Outer",
          "Parallel Aware": false,
          "Async Capable": false,
          "Startup Cost": 20.41,
          "Total Cost": 20.41,
          "Plan Rows": 1,
          "Plan Width": 64,
          "Sort Key": [
            "momentum_3m",
            "momentum_12m",
            "rsi_14 DESC"
          ],
          "Plans": [
            {
              "Node Type": "Bitmap Heap Scan",
              "Parent Relationship": "Outer",
              "Parallel Aware": false,
              "Async Capable": false,
              "Relation Name": "stocks_daily_info",
              "Alias": "sdi",
              "Startup Cost": 2.36,
              "Total Cost": 20.4,
              "Plan Rows": 1,
              "Plan Width": 64,
              "Recheck Cond": "(event_date = '2023-06-23'::date)",
              "Filter": "((market_cap >= '361500000000'::numeric) AND (market = 'KOSPI'::text))",
              "Plans": [
                {
                  "Node Type": "Bitmap Index Scan",
                  "Parent Relationship": "Outer",
                  "Parallel Aware": false,
                  "Async Capable": false,
                  "Index Name": "idx_sdi_event_date",
                  "Startup Cost": 0.0,
                  "Total Cost": 2.36,
                  "Plan Rows": 10,
                  "Plan Width": 0,
                  "Index Cond": "(event_date = '2023-06-23'::date)"
                }
              ]
            }
          ]
        }
      ]
    }
  },
  "db_statistics": {
    "table_stats": {
      "stocks_daily_info": {
        "row_count": 12700,
        "size_mb": 1.71
      },
      "fundamentals_daily": {
        "row_count": 12080,
        "size_mb": 2.33
      },
      "financials_quarterly": {
        "row_count": 8634,
        "size_mb": 0.8
      }
    },
    "existing_indexes": [
      "backtest_results_pkey",
      "community_posts_pkey",
      "financials_quarterly_pkey",
      "fundamentals_daily_pkey",
      "idx_finq_period_end",
      "idx_finq_ticker",
      "idx_fund_event_date",
      "idx_fund_ticker",
      "idx_sdi_event_date",
      "idx_sdi_ticker",
      "ix_backtest_results_strategy_id",
      "ix_community_posts_author_id",
      "ix_community_posts_strategy_id",
      "ix_ml_models_owner_id",
      "ix_strategies_owner_id",
      "ix_users_email",
      "ml_models_pkey",
      "stocks_daily_info_pkey",
      "strategies_pkey",
      "users_pkey"
    ]
  }
}
---
{
  "workload_id": 268,
  "metadata": {
    "strategy_template": "Momentum Investing Style",
    "ml_model_used": null
  },
  "sql_query": "SELECT sdi.close_price, sdi.company_name, sdi.ma_20d, sdi.market_cap, sdi.momentum_12m, sdi.momentum_3m, sdi.rsi_14, sdi.ticker, sdi.volatility_20d FROM stocks_daily_info sdi WHERE sdi.market = 'KOSDAQ' AND sdi.market_cap >= 156400000000 AND sdi.event_date = DATE '2023-06-23' ORDER BY sdi.momentum_3m asc, sdi.momentum_12m asc LIMIT 48;",
  "baseline_execution_plan": {
    "Plan": {
      "Node Type": "Limit",
      "Parallel Aware": false,
      "Async Capable": false,
      "Startup Cost": 20.41,
      "Total Cost": 20.41,
      "Plan Rows": 1,
      "Plan Width": 64,
      "Plans": [
        {
          "Node Type": "Sort",
          "Parent Relationship": "Outer",
          "Parallel Aware": false,
          "Async Capable": false,
          "Startup Cost": 20.41,
          "Total Cost": 20.41,
          "Plan Rows": 1,
          "Plan Width": 64,
          "Sort Key": [
            "momentum_3m",
            "momentum_12m"
          ],
          "Plans": [
            {
              "Node Type": "Bitmap Heap Scan",
              "Parent Relationship": "Outer",
              "Parallel Aware": false,
              "Async Capable": false,
              "Relation Name": "stocks_daily_info",
              "Alias": "sdi",
              "Startup Cost": 2.36,
              "Total Cost": 20.4,
              "Plan Rows": 1,
              "Plan Width": 64,
              "Recheck Cond": "(event_date = '2023-06-23'::date)",
              "Filter": "((market_cap >= '156400000000'::numeric) AND (market = 'KOSDAQ'::text))",
              "Plans": [
                {
                  "Node Type": "Bitmap Index Scan",
                  "Parent Relationship": "Outer",
                  "Parallel Aware": false,
                  "Async Capable": false,
                  "Index Name": "idx_sdi_event_date",
                  "Startup Cost": 0.0,
                  "Total Cost": 2.36,
                  "Plan Rows": 10,
                  "Plan Width": 0,
                  "Index Cond": "(event_date = '2023-06-23'::date)"
                }
              ]
            }
          ]
        }
      ]
    }
  },
  "db_statistics": {
    "table_stats": {
      "stocks_daily_info": {
        "row_count": 12700,
        "size_mb": 1.71
      },
      "fundamentals_daily": {
        "row_count": 12080,
        "size_mb": 2.33
      },
      "financials_quarterly": {
        "row_count": 8634,
        "size_mb": 0.8
      }
    },
    "existing_indexes": [
      "backtest_results_pkey",
      "community_posts_pkey",
      "financials_quarterly_pkey",
      "fundamentals_daily_pkey",
      "idx_finq_period_end",
      "idx_finq_ticker",
      "idx_fund_event_date",
      "idx_fund_ticker",
      "idx_sdi_event_date",
      "idx_sdi_ticker",
      "ix_backtest_results_strategy_id",
      "ix_community_posts_author_id",
      "ix_community_posts_strategy_id",
      "ix_ml_models_owner_id",
      "ix_strategies_owner_id",
      "ix_users_email",
      "ml_models_pkey",
      "stocks_daily_info_pkey",
      "strategies_pkey",
      "users_pkey"
    ]
  }
}
---
{
  "workload_id": 269,
  "metadata": {
    "strategy_template": "Value Investing Style",
    "ml_model_used": null
  },
  "sql_query": "SELECT fd.bps, fd.dividend_yield, fd.eps, fd.pbr, fd.per, sdi.close_price, sdi.company_name, sdi.ma_20d, sdi.market_cap, sdi.momentum_12m, sdi.momentum_3m, sdi.rsi_14, sdi.ticker, sdi.volatility_20d FROM stocks_daily_info sdi LEFT JOIN fundamentals_daily fd ON fd.ticker = sdi.ticker AND fd.event_date = sdi.event_date WHERE sdi.market = 'KOSDAQ' AND sdi.market_cap >= 82600000000 AND sdi.event_date = DATE '2023-07-20' ORDER BY fd.pbr asc, fd.per desc, fd.eps asc, fd.dividend_yield asc LIMIT 11;",
  "baseline_execution_plan": {
    "Plan": {
      "Node Type": "Limit",
      "Parallel Aware": false,
      "Async Capable": false,
      "Startup Cost": 24.72,
      "Total Cost": 24.73,
      "Plan Rows": 1,
      "Plan Width": 105,
      "Plans": [
        {
          "Node Type": "Sort",
          "Parent Relationship": "Outer",
          "Parallel Aware": false,
          "Async Capable": false,
          "Startup Cost": 24.72,
          "Total Cost": 24.73,
          "Plan Rows": 1,
          "Plan Width": 105,
          "Sort Key": [
            "fd.pbr",
            "fd.per DESC",
            "fd.eps",
            "fd.dividend_yield"
          ],
          "Plans": [
            {
              "Node Type": "Nested Loop",
              "Parent Relationship": "Outer",
              "Parallel Aware": false,
              "Async Capable": false,
              "Join Type": "Left",
              "Startup Cost": 2.65,
              "Total Cost": 24.71,
              "Plan Rows": 1,
              "Plan Width": 105,
              "Inner Unique": true,
              "Plans": [
                {
                  "Node Type": "Bitmap Heap Scan",
                  "Parent Relationship": "Outer",
                  "Parallel Aware": false,
                  "Async Capable": false,
                  "Relation Name": "stocks_daily_info",
                  "Alias": "sdi",
                  "Startup Cost": 2.36,
                  "Total Cost": 20.4,
                  "Plan Rows": 1,
                  "Plan Width": 68,
                  "Recheck Cond": "(event_date = '2023-07-20'::date)",
                  "Filter": "((market_cap >= '82600000000'::numeric) AND (market = 'KOSDAQ'::text))",
                  "Plans": [
                    {
                      "Node Type": "Bitmap Index Scan",
                      "Parent Relationship": "Outer",
                      "Parallel Aware": false,
                      "Async Capable": false,
                      "Index Name": "idx_sdi_event_date",
                      "Startup Cost": 0.0,
                      "Total Cost": 2.36,
                      "Plan Rows": 10,
                      "Plan Width": 0,
                      "Index Cond": "(event_date = '2023-07-20'::date)"
                    }
                  ]
                },
                {
                  "Node Type": "Index Scan",
                  "Parent Relationship": "Inner",
                  "Parallel Aware": false,
                  "Async Capable": false,
                  "Scan Direction": "Forward",
                  "Index Name": "fundamentals_daily_pkey",
                  "Relation Name": "fundamentals_daily",
                  "Alias": "fd",
                  "Startup Cost": 0.29,
                  "Total Cost": 4.3,
                  "Plan Rows": 1,
                  "Plan Width": 55,
                  "Index Cond": "((event_date = '2023-07-20'::date) AND (ticker = sdi.ticker))"
                }
              ]
            }
          ]
        }
      ]
    }
  },
  "db_statistics": {
    "table_stats": {
      "stocks_daily_info": {
        "row_count": 12700,
        "size_mb": 1.71
      },
      "fundamentals_daily": {
        "row_count": 12080,
        "size_mb": 2.33
      },
      "financials_quarterly": {
        "row_count": 8634,
        "size_mb": 0.8
      }
    },
    "existing_indexes": [
      "backtest_results_pkey",
      "community_posts_pkey",
      "financials_quarterly_pkey",
      "fundamentals_daily_pkey",
      "idx_finq_period_end",
      "idx_finq_ticker",
      "idx_fund_event_date",
      "idx_fund_ticker",
      "idx_sdi_event_date",
      "idx_sdi_ticker",
      "ix_backtest_results_strategy_id",
      "ix_community_posts_author_id",
      "ix_community_posts_strategy_id",
      "ix_ml_models_owner_id",
      "ix_strategies_owner_id",
      "ix_users_email",
      "ml_models_pkey",
      "stocks_daily_info_pkey",
      "strategies_pkey",
      "users_pkey"
    ]
  }
}
---
{
  "workload_id": 270,
  "metadata": {
    "strategy_template": "Momentum Investing Style",
    "ml_model_used": null
  },
  "sql_query": "SELECT sdi.close_price, sdi.company_name, sdi.ma_20d, sdi.market_cap, sdi.momentum_12m, sdi.momentum_3m, sdi.rsi_14, sdi.ticker, sdi.volatility_20d FROM stocks_daily_info sdi WHERE sdi.market = 'KOSPI' AND sdi.market_cap >= 129400000000 AND sdi.event_date = DATE '2023-09-20' ORDER BY sdi.momentum_3m asc, sdi.momentum_12m asc, sdi.rsi_14 asc LIMIT 22;",
  "baseline_execution_plan": {
    "Plan": {
      "Node Type": "Limit",
      "Parallel Aware": false,
      "Async Capable": false,
      "Startup Cost": 20.41,
      "Total Cost": 20.41,
      "Plan Rows": 1,
      "Plan Width": 64,
      "Plans": [
        {
          "Node Type": "Sort",
          "Parent Relationship": "Outer",
          "Parallel Aware": false,
          "Async Capable": false,
          "Startup Cost": 20.41,
          "Total Cost": 20.41,
          "Plan Rows": 1,
          "Plan Width": 64,
          "Sort Key": [
            "momentum_3m",
            "momentum_12m",
            "rsi_14"
          ],
          "Plans": [
            {
              "Node Type": "Bitmap Heap Scan",
              "Parent Relationship": "Outer",
              "Parallel Aware": false,
              "Async Capable": false,
              "Relation Name": "stocks_daily_info",
              "Alias": "sdi",
              "Startup Cost": 2.36,
              "Total Cost": 20.4,
              "Plan Rows": 1,
              "Plan Width": 64,
              "Recheck Cond": "(event_date = '2023-09-20'::date)",
              "Filter": "((market_cap >= '129400000000'::numeric) AND (market = 'KOSPI'::text))",
              "Plans": [
                {
                  "Node Type": "Bitmap Index Scan",
                  "Parent Relationship": "Outer",
                  "Parallel Aware": false,
                  "Async Capable": false,
                  "Index Name": "idx_sdi_event_date",
                  "Startup Cost": 0.0,
                  "Total Cost": 2.36,
                  "Plan Rows": 10,
                  "Plan Width": 0,
                  "Index Cond": "(event_date = '2023-09-20'::date)"
                }
              ]
            }
          ]
        }
      ]
    }
  },
  "db_statistics": {
    "table_stats": {
      "stocks_daily_info": {
        "row_count": 12700,
        "size_mb": 1.71
      },
      "fundamentals_daily": {
        "row_count": 12080,
        "size_mb": 2.33
      },
      "financials_quarterly": {
        "row_count": 8634,
        "size_mb": 0.8
      }
    },
    "existing_indexes": [
      "backtest_results_pkey",
      "community_posts_pkey",
      "financials_quarterly_pkey",
      "fundamentals_daily_pkey",
      "idx_finq_period_end",
      "idx_finq_ticker",
      "idx_fund_event_date",
      "idx_fund_ticker",
      "idx_sdi_event_date",
      "idx_sdi_ticker",
      "ix_backtest_results_strategy_id",
      "ix_community_posts_author_id",
      "ix_community_posts_strategy_id",
      "ix_ml_models_owner_id",
      "ix_strategies_owner_id",
      "ix_users_email",
      "ml_models_pkey",
      "stocks_daily_info_pkey",
      "strategies_pkey",
      "users_pkey"
    ]
  }
}
---
{
  "workload_id": 271,
  "metadata": {
    "strategy_template": "Momentum Investing Style",
    "ml_model_used": null
  },
  "sql_query": "SELECT ( SELECT COALESCE(SUM(value), 0) FROM ( SELECT value FROM financials_quarterly fq WHERE fq.ticker = sdi.ticker AND fq.item_name = 'NetIncome' AND fq.statement_type IN ('IS_Q','CF_Q') AND fq.period_end <= DATE '2023-07-12' ORDER BY fq.period_end DESC LIMIT 4 ) as recent_quarters ) AS ttm_netincome , sdi.close_price, sdi.company_name, sdi.ma_20d, sdi.market_cap, sdi.momentum_12m, sdi.momentum_3m, sdi.rsi_14, sdi.ticker, sdi.volatility_20d FROM stocks_daily_info sdi WHERE sdi.market = 'KOSPI' AND sdi.market_cap >= 408700000000 AND sdi.event_date = DATE '2023-07-12' ORDER BY sdi.momentum_3m desc, sdi.momentum_12m asc LIMIT 46;",
  "baseline_execution_plan": {
    "Plan": {
      "Node Type": "Limit",
      "Parallel Aware": false,
      "Async Capable": false,
      "Startup Cost": 20.41,
      "Total Cost": 24.7,
      "Plan Rows": 1,
      "Plan Width": 96,
      "Plans": [
        {
          "Node Type": "Result",
          "Parent Relationship": "Outer",
          "Parallel Aware": false,
          "Async Capable": false,
          "Startup Cost": 20.41,
          "Total Cost": 24.7,
          "Plan Rows": 1,
          "Plan Width": 96,
          "Plans": [
            {
              "Node Type": "Sort",
              "Parent Relationship": "Outer",
              "Parallel Aware": false,
              "Async Capable": false,
              "Startup Cost": 20.41,
              "Total Cost": 20.41,
              "Plan Rows": 1,
              "Plan Width": 64,
              "Sort Key": [
                "sdi.momentum_3m DESC",
                "sdi.momentum_12m"
              ],
              "Plans": [
                {
                  "Node Type": "Bitmap Heap Scan",
                  "Parent Relationship": "Outer",
                  "Parallel Aware": false,
                  "Async Capable": false,
                  "Relation Name": "stocks_daily_info",
                  "Alias": "sdi",
                  "Startup Cost": 2.36,
                  "Total Cost": 20.4,
                  "Plan Rows": 1,
                  "Plan Width": 64,
                  "Recheck Cond": "(event_date = '2023-07-12'::date)",
                  "Filter": "((market_cap >= '408700000000'::numeric) AND (market = 'KOSPI'::text))",
                  "Plans": [
                    {
                      "Node Type": "Bitmap Index Scan",
                      "Parent Relationship": "Outer",
                      "Parallel Aware": false,
                      "Async Capable": false,
                      "Index Name": "idx_sdi_event_date",
                      "Startup Cost": 0.0,
                      "Total Cost": 2.36,
                      "Plan Rows": 10,
                      "Plan Width": 0,
                      "Index Cond": "(event_date = '2023-07-12'::date)"
                    }
                  ]
                }
              ]
            },
            {
              "Node Type": "Aggregate",
              "Strategy": "Plain",
              "Partial Mode": "Simple",
              "Parent Relationship": "SubPlan",
              "Subplan Name": "SubPlan 1",
              "Parallel Aware": false,
              "Async Capable": false,
              "Startup Cost": 4.27,
              "Total Cost": 4.28,
              "Plan Rows": 1,
              "Plan Width": 32,
              "Plans": [
                {
                  "Node Type": "Limit",
                  "Parent Relationship": "Outer",
                  "Parallel Aware": false,
                  "Async Capable": false,
                  "Startup Cost": 0.29,
                  "Total Cost": 4.25,
                  "Plan Rows": 1,
                  "Plan Width": 12,
                  "Plans": [
                    {
                      "Node Type": "Index Scan",
                      "Parent Relationship": "Outer",
                      "Parallel Aware": false,
                      "Async Capable": false,
                      "Scan Direction": "Backward",
                      "Index Name": "idx_finq_period_end",
                      "Relation Name": "financials_quarterly",
                      "Alias": "fq",
                      "Startup Cost": 0.29,
                      "Total Cost": 4.25,
                      "Plan Rows": 1,
                      "Plan Width": 12,
                      "Index Cond": "(period_end <= '2023-07-12'::date)",
                      "Filter": "((statement_type = ANY ('{IS_Q,CF_Q}'::text[])) AND (ticker = sdi.ticker) AND (item_name = 'NetIncome'::text))"
                    }
                  ]
                }
              ]
            }
          ]
        }
      ]
    }
  },
  "db_statistics": {
    "table_stats": {
      "stocks_daily_info": {
        "row_count": 12700,
        "size_mb": 1.71
      },
      "fundamentals_daily": {
        "row_count": 12080,
        "size_mb": 2.33
      },
      "financials_quarterly": {
        "row_count": 8634,
        "size_mb": 0.8
      }
    },
    "existing_indexes": [
      "backtest_results_pkey",
      "community_posts_pkey",
      "financials_quarterly_pkey",
      "fundamentals_daily_pkey",
      "idx_finq_period_end",
      "idx_finq_ticker",
      "idx_fund_event_date",
      "idx_fund_ticker",
      "idx_sdi_event_date",
      "idx_sdi_ticker",
      "ix_backtest_results_strategy_id",
      "ix_community_posts_author_id",
      "ix_community_posts_strategy_id",
      "ix_ml_models_owner_id",
      "ix_strategies_owner_id",
      "ix_users_email",
      "ml_models_pkey",
      "stocks_daily_info_pkey",
      "strategies_pkey",
      "users_pkey"
    ]
  }
}
---
{
  "workload_id": 272,
  "metadata": {
    "strategy_template": "Value Investing Style",
    "ml_model_used": null
  },
  "sql_query": "SELECT fd.bps, fd.dividend_yield, fd.eps, fd.pbr, fd.per, sdi.close_price, sdi.company_name, sdi.ma_20d, sdi.market_cap, sdi.momentum_12m, sdi.momentum_3m, sdi.rsi_14, sdi.ticker, sdi.volatility_20d FROM stocks_daily_info sdi LEFT JOIN fundamentals_daily fd ON fd.ticker = sdi.ticker AND fd.event_date = sdi.event_date WHERE sdi.market = 'KOSPI' AND sdi.market_cap >= 50600000000 AND sdi.event_date = DATE '2023-06-04' ORDER BY fd.pbr asc, fd.per desc LIMIT 47;",
  "baseline_execution_plan": {
    "Plan": {
      "Node Type": "Limit",
      "Parallel Aware": false,
      "Async Capable": false,
      "Startup Cost": 24.72,
      "Total Cost": 24.73,
      "Plan Rows": 1,
      "Plan Width": 105,
      "Plans": [
        {
          "Node Type": "Sort",
          "Parent Relationship": "Outer",
          "Parallel Aware": false,
          "Async Capable": false,
          "Startup Cost": 24.72,
          "Total Cost": 24.73,
          "Plan Rows": 1,
          "Plan Width": 105,
          "Sort Key": [
            "fd.pbr",
            "fd.per DESC"
          ],
          "Plans": [
            {
              "Node Type": "Nested Loop",
              "Parent Relationship": "Outer",
              "Parallel Aware": false,
              "Async Capable": false,
              "Join Type": "Left",
              "Startup Cost": 2.65,
              "Total Cost": 24.71,
              "Plan Rows": 1,
              "Plan Width": 105,
              "Inner Unique": true,
              "Plans": [
                {
                  "Node Type": "Bitmap Heap Scan",
                  "Parent Relationship": "Outer",
                  "Parallel Aware": false,
                  "Async Capable": false,
                  "Relation Name": "stocks_daily_info",
                  "Alias": "sdi",
                  "Startup Cost": 2.36,
                  "Total Cost": 20.4,
                  "Plan Rows": 1,
                  "Plan Width": 68,
                  "Recheck Cond": "(event_date = '2023-06-04'::date)",
                  "Filter": "((market_cap >= '50600000000'::numeric) AND (market = 'KOSPI'::text))",
                  "Plans": [
                    {
                      "Node Type": "Bitmap Index Scan",
                      "Parent Relationship": "Outer",
                      "Parallel Aware": false,
                      "Async Capable": false,
                      "Index Name": "idx_sdi_event_date",
                      "Startup Cost": 0.0,
                      "Total Cost": 2.36,
                      "Plan Rows": 10,
                      "Plan Width": 0,
                      "Index Cond": "(event_date = '2023-06-04'::date)"
                    }
                  ]
                },
                {
                  "Node Type": "Index Scan",
                  "Parent Relationship": "Inner",
                  "Parallel Aware": false,
                  "Async Capable": false,
                  "Scan Direction": "Forward",
                  "Index Name": "fundamentals_daily_pkey",
                  "Relation Name": "fundamentals_daily",
                  "Alias": "fd",
                  "Startup Cost": 0.29,
                  "Total Cost": 4.3,
                  "Plan Rows": 1,
                  "Plan Width": 55,
                  "Index Cond": "((event_date = '2023-06-04'::date) AND (ticker = sdi.ticker))"
                }
              ]
            }
          ]
        }
      ]
    }
  },
  "db_statistics": {
    "table_stats": {
      "stocks_daily_info": {
        "row_count": 12700,
        "size_mb": 1.71
      },
      "fundamentals_daily": {
        "row_count": 12080,
        "size_mb": 2.33
      },
      "financials_quarterly": {
        "row_count": 8634,
        "size_mb": 0.8
      }
    },
    "existing_indexes": [
      "backtest_results_pkey",
      "community_posts_pkey",
      "financials_quarterly_pkey",
      "fundamentals_daily_pkey",
      "idx_finq_period_end",
      "idx_finq_ticker",
      "idx_fund_event_date",
      "idx_fund_ticker",
      "idx_sdi_event_date",
      "idx_sdi_ticker",
      "ix_backtest_results_strategy_id",
      "ix_community_posts_author_id",
      "ix_community_posts_strategy_id",
      "ix_ml_models_owner_id",
      "ix_strategies_owner_id",
      "ix_users_email",
      "ml_models_pkey",
      "stocks_daily_info_pkey",
      "strategies_pkey",
      "users_pkey"
    ]
  }
}
---
{
  "workload_id": 273,
  "metadata": {
    "strategy_template": "Momentum Investing Style",
    "ml_model_used": null
  },
  "sql_query": "SELECT ( SELECT COALESCE(SUM(value), 0) FROM ( SELECT value FROM financials_quarterly fq WHERE fq.ticker = sdi.ticker AND fq.item_name = 'OperatingIncome' AND fq.statement_type IN ('IS_Q','CF_Q') AND fq.period_end <= DATE '2023-06-03' ORDER BY fq.period_end DESC LIMIT 4 ) as recent_quarters ) AS ttm_operatingincome , sdi.close_price, sdi.company_name, sdi.ma_20d, sdi.market_cap, sdi.momentum_12m, sdi.momentum_3m, sdi.rsi_14, sdi.ticker, sdi.volatility_20d FROM stocks_daily_info sdi WHERE sdi.market = 'KOSPI' AND sdi.market_cap >= 132700000000 AND sdi.event_date = DATE '2023-06-03' ORDER BY sdi.momentum_3m asc, sdi.momentum_12m asc, sdi.rsi_14 desc LIMIT 19;",
  "baseline_execution_plan": {
    "Plan": {
      "Node Type": "Limit",
      "Parallel Aware": false,
      "Async Capable": false,
      "Startup Cost": 20.41,
      "Total Cost": 24.7,
      "Plan Rows": 1,
      "Plan Width": 96,
      "Plans": [
        {
          "Node Type": "Result",
          "Parent Relationship": "Outer",
          "Parallel Aware": false,
          "Async Capable": false,
          "Startup Cost": 20.41,
          "Total Cost": 24.7,
          "Plan Rows": 1,
          "Plan Width": 96,
          "Plans": [
            {
              "Node Type": "Sort",
              "Parent Relationship": "Outer",
              "Parallel Aware": false,
              "Async Capable": false,
              "Startup Cost": 20.41,
              "Total Cost": 20.41,
              "Plan Rows": 1,
              "Plan Width": 64,
              "Sort Key": [
                "sdi.momentum_3m",
                "sdi.momentum_12m",
                "sdi.rsi_14 DESC"
              ],
              "Plans": [
                {
                  "Node Type": "Bitmap Heap Scan",
                  "Parent Relationship": "Outer",
                  "Parallel Aware": false,
                  "Async Capable": false,
                  "Relation Name": "stocks_daily_info",
                  "Alias": "sdi",
                  "Startup Cost": 2.36,
                  "Total Cost": 20.4,
                  "Plan Rows": 1,
                  "Plan Width": 64,
                  "Recheck Cond": "(event_date = '2023-06-03'::date)",
                  "Filter": "((market_cap >= '132700000000'::numeric) AND (market = 'KOSPI'::text))",
                  "Plans": [
                    {
                      "Node Type": "Bitmap Index Scan",
                      "Parent Relationship": "Outer",
                      "Parallel Aware": false,
                      "Async Capable": false,
                      "Index Name": "idx_sdi_event_date",
                      "Startup Cost": 0.0,
                      "Total Cost": 2.36,
                      "Plan Rows": 10,
                      "Plan Width": 0,
                      "Index Cond": "(event_date = '2023-06-03'::date)"
                    }
                  ]
                }
              ]
            },
            {
              "Node Type": "Aggregate",
              "Strategy": "Plain",
              "Partial Mode": "Simple",
              "Parent Relationship": "SubPlan",
              "Subplan Name": "SubPlan 1",
              "Parallel Aware": false,
              "Async Capable": false,
              "Startup Cost": 4.27,
              "Total Cost": 4.28,
              "Plan Rows": 1,
              "Plan Width": 32,
              "Plans": [
                {
                  "Node Type": "Limit",
                  "Parent Relationship": "Outer",
                  "Parallel Aware": false,
                  "Async Capable": false,
                  "Startup Cost": 0.29,
                  "Total Cost": 4.25,
                  "Plan Rows": 1,
                  "Plan Width": 12,
                  "Plans": [
                    {
                      "Node Type": "Index Scan",
                      "Parent Relationship": "Outer",
                      "Parallel Aware": false,
                      "Async Capable": false,
                      "Scan Direction": "Backward",
                      "Index Name": "idx_finq_period_end",
                      "Relation Name": "financials_quarterly",
                      "Alias": "fq",
                      "Startup Cost": 0.29,
                      "Total Cost": 4.25,
                      "Plan Rows": 1,
                      "Plan Width": 12,
                      "Index Cond": "(period_end <= '2023-06-03'::date)",
                      "Filter": "((statement_type = ANY ('{IS_Q,CF_Q}'::text[])) AND (ticker = sdi.ticker) AND (item_name = 'OperatingIncome'::text))"
                    }
                  ]
                }
              ]
            }
          ]
        }
      ]
    }
  },
  "db_statistics": {
    "table_stats": {
      "stocks_daily_info": {
        "row_count": 12700,
        "size_mb": 1.71
      },
      "fundamentals_daily": {
        "row_count": 12080,
        "size_mb": 2.33
      },
      "financials_quarterly": {
        "row_count": 8634,
        "size_mb": 0.8
      }
    },
    "existing_indexes": [
      "backtest_results_pkey",
      "community_posts_pkey",
      "financials_quarterly_pkey",
      "fundamentals_daily_pkey",
      "idx_finq_period_end",
      "idx_finq_ticker",
      "idx_fund_event_date",
      "idx_fund_ticker",
      "idx_sdi_event_date",
      "idx_sdi_ticker",
      "ix_backtest_results_strategy_id",
      "ix_community_posts_author_id",
      "ix_community_posts_strategy_id",
      "ix_ml_models_owner_id",
      "ix_strategies_owner_id",
      "ix_users_email",
      "ml_models_pkey",
      "stocks_daily_info_pkey",
      "strategies_pkey",
      "users_pkey"
    ]
  }
}
---
{
  "workload_id": 274,
  "metadata": {
    "strategy_template": "Value Investing Style",
    "ml_model_used": null
  },
  "sql_query": "SELECT ( SELECT COALESCE(SUM(value), 0) FROM ( SELECT value FROM financials_quarterly fq WHERE fq.ticker = sdi.ticker AND fq.item_name = 'NetIncome' AND fq.statement_type IN ('IS_Q','CF_Q') AND fq.period_end <= DATE '2023-10-17' ORDER BY fq.period_end DESC LIMIT 4 ) as recent_quarters ) AS ttm_netincome , fd.bps, fd.dividend_yield, fd.eps, fd.pbr, fd.per, sdi.close_price, sdi.company_name, sdi.ma_20d, sdi.market_cap, sdi.momentum_12m, sdi.momentum_3m, sdi.rsi_14, sdi.ticker, sdi.volatility_20d FROM stocks_daily_info sdi LEFT JOIN fundamentals_daily fd ON fd.ticker = sdi.ticker AND fd.event_date = sdi.event_date WHERE sdi.market = 'KOSDAQ' AND sdi.market_cap >= 225500000000 AND sdi.event_date = DATE '2023-10-17' ORDER BY fd.pbr asc, fd.per asc, fd.dividend_yield desc LIMIT 22;",
  "baseline_execution_plan": {
    "Plan": {
      "Node Type": "Limit",
      "Parallel Aware": false,
      "Async Capable": false,
      "Startup Cost": 24.72,
      "Total Cost": 29.02,
      "Plan Rows": 1,
      "Plan Width": 137,
      "Plans": [
        {
          "Node Type": "Result",
          "Parent Relationship": "Outer",
          "Parallel Aware": false,
          "Async Capable": false,
          "Startup Cost": 24.72,
          "Total Cost": 29.02,
          "Plan Rows": 1,
          "Plan Width": 137,
          "Plans": [
            {
              "Node Type": "Sort",
              "Parent Relationship": "Outer",
              "Parallel Aware": false,
              "Async Capable": false,
              "Startup Cost": 24.72,
              "Total Cost": 24.73,
              "Plan Rows": 1,
              "Plan Width": 105,
              "Sort Key": [
                "fd.pbr",
                "fd.per",
                "fd.dividend_yield DESC"
              ],
              "Plans": [
                {
                  "Node Type": "Nested Loop",
                  "Parent Relationship": "Outer",
                  "Parallel Aware": false,
                  "Async Capable": false,
                  "Join Type": "Left",
                  "Startup Cost": 2.65,
                  "Total Cost": 24.71,
                  "Plan Rows": 1,
                  "Plan Width": 105,
                  "Inner Unique": true,
                  "Plans": [
                    {
                      "Node Type": "Bitmap Heap Scan",
                      "Parent Relationship": "Outer",
                      "Parallel Aware": false,
                      "Async Capable": false,
                      "Relation Name": "stocks_daily_info",
                      "Alias": "sdi",
                      "Startup Cost": 2.36,
                      "Total Cost": 20.4,
                      "Plan Rows": 1,
                      "Plan Width": 68,
                      "Recheck Cond": "(event_date = '2023-10-17'::date)",
                      "Filter": "((market_cap >= '225500000000'::numeric) AND (market = 'KOSDAQ'::text))",
                      "Plans": [
                        {
                          "Node Type": "Bitmap Index Scan",
                          "Parent Relationship": "Outer",
                          "Parallel Aware": false,
                          "Async Capable": false,
                          "Index Name": "idx_sdi_event_date",
                          "Startup Cost": 0.0,
                          "Total Cost": 2.36,
                          "Plan Rows": 10,
                          "Plan Width": 0,
                          "Index Cond": "(event_date = '2023-10-17'::date)"
                        }
                      ]
                    },
                    {
                      "Node Type": "Index Scan",
                      "Parent Relationship": "Inner",
                      "Parallel Aware": false,
                      "Async Capable": false,
                      "Scan Direction": "Forward",
                      "Index Name": "fundamentals_daily_pkey",
                      "Relation Name": "fundamentals_daily",
                      "Alias": "fd",
                      "Startup Cost": 0.29,
                      "Total Cost": 4.3,
                      "Plan Rows": 1,
                      "Plan Width": 55,
                      "Index Cond": "((event_date = '2023-10-17'::date) AND (ticker = sdi.ticker))"
                    }
                  ]
                }
              ]
            },
            {
              "Node Type": "Aggregate",
              "Strategy": "Plain",
              "Partial Mode": "Simple",
              "Parent Relationship": "SubPlan",
              "Subplan Name": "SubPlan 1",
              "Parallel Aware": false,
              "Async Capable": false,
              "Startup Cost": 4.27,
              "Total Cost": 4.28,
              "Plan Rows": 1,
              "Plan Width": 32,
              "Plans": [
                {
                  "Node Type": "Limit",
                  "Parent Relationship": "Outer",
                  "Parallel Aware": false,
                  "Async Capable": false,
                  "Startup Cost": 0.29,
                  "Total Cost": 4.25,
                  "Plan Rows": 1,
                  "Plan Width": 12,
                  "Plans": [
                    {
                      "Node Type": "Index Scan",
                      "Parent Relationship": "Outer",
                      "Parallel Aware": false,
                      "Async Capable": false,
                      "Scan Direction": "Backward",
                      "Index Name": "idx_finq_period_end",
                      "Relation Name": "financials_quarterly",
                      "Alias": "fq",
                      "Startup Cost": 0.29,
                      "Total Cost": 4.25,
                      "Plan Rows": 1,
                      "Plan Width": 12,
                      "Index Cond": "(period_end <= '2023-10-17'::date)",
                      "Filter": "((statement_type = ANY ('{IS_Q,CF_Q}'::text[])) AND (ticker = sdi.ticker) AND (item_name = 'NetIncome'::text))"
                    }
                  ]
                }
              ]
            }
          ]
        }
      ]
    }
  },
  "db_statistics": {
    "table_stats": {
      "stocks_daily_info": {
        "row_count": 12700,
        "size_mb": 1.71
      },
      "fundamentals_daily": {
        "row_count": 12080,
        "size_mb": 2.33
      },
      "financials_quarterly": {
        "row_count": 8634,
        "size_mb": 0.8
      }
    },
    "existing_indexes": [
      "backtest_results_pkey",
      "community_posts_pkey",
      "financials_quarterly_pkey",
      "fundamentals_daily_pkey",
      "idx_finq_period_end",
      "idx_finq_ticker",
      "idx_fund_event_date",
      "idx_fund_ticker",
      "idx_sdi_event_date",
      "idx_sdi_ticker",
      "ix_backtest_results_strategy_id",
      "ix_community_posts_author_id",
      "ix_community_posts_strategy_id",
      "ix_ml_models_owner_id",
      "ix_strategies_owner_id",
      "ix_users_email",
      "ml_models_pkey",
      "stocks_daily_info_pkey",
      "strategies_pkey",
      "users_pkey"
    ]
  }
}
---
{
  "workload_id": 275,
  "metadata": {
    "strategy_template": "Value Investing Style",
    "ml_model_used": null
  },
  "sql_query": "SELECT fd.bps, fd.dividend_yield, fd.eps, fd.pbr, fd.per, sdi.close_price, sdi.company_name, sdi.ma_20d, sdi.market_cap, sdi.momentum_12m, sdi.momentum_3m, sdi.rsi_14, sdi.ticker, sdi.volatility_20d FROM stocks_daily_info sdi LEFT JOIN fundamentals_daily fd ON fd.ticker = sdi.ticker AND fd.event_date = sdi.event_date WHERE sdi.market = 'KOSDAQ' AND sdi.market_cap >= 412600000000 AND sdi.event_date = DATE '2023-09-03' ORDER BY fd.pbr desc, fd.per desc, fd.dividend_yield asc, fd.eps asc LIMIT 10;",
  "baseline_execution_plan": {
    "Plan": {
      "Node Type": "Limit",
      "Parallel Aware": false,
      "Async Capable": false,
      "Startup Cost": 24.72,
      "Total Cost": 24.73,
      "Plan Rows": 1,
      "Plan Width": 105,
      "Plans": [
        {
          "Node Type": "Sort",
          "Parent Relationship": "Outer",
          "Parallel Aware": false,
          "Async Capable": false,
          "Startup Cost": 24.72,
          "Total Cost": 24.73,
          "Plan Rows": 1,
          "Plan Width": 105,
          "Sort Key": [
            "fd.pbr DESC",
            "fd.per DESC",
            "fd.dividend_yield",
            "fd.eps"
          ],
          "Plans": [
            {
              "Node Type": "Nested Loop",
              "Parent Relationship": "Outer",
              "Parallel Aware": false,
              "Async Capable": false,
              "Join Type": "Left",
              "Startup Cost": 2.65,
              "Total Cost": 24.71,
              "Plan Rows": 1,
              "Plan Width": 105,
              "Inner Unique": true,
              "Plans": [
                {
                  "Node Type": "Bitmap Heap Scan",
                  "Parent Relationship": "Outer",
                  "Parallel Aware": false,
                  "Async Capable": false,
                  "Relation Name": "stocks_daily_info",
                  "Alias": "sdi",
                  "Startup Cost": 2.36,
                  "Total Cost": 20.4,
                  "Plan Rows": 1,
                  "Plan Width": 68,
                  "Recheck Cond": "(event_date = '2023-09-03'::date)",
                  "Filter": "((market_cap >= '412600000000'::numeric) AND (market = 'KOSDAQ'::text))",
                  "Plans": [
                    {
                      "Node Type": "Bitmap Index Scan",
                      "Parent Relationship": "Outer",
                      "Parallel Aware": false,
                      "Async Capable": false,
                      "Index Name": "idx_sdi_event_date",
                      "Startup Cost": 0.0,
                      "Total Cost": 2.36,
                      "Plan Rows": 10,
                      "Plan Width": 0,
                      "Index Cond": "(event_date = '2023-09-03'::date)"
                    }
                  ]
                },
                {
                  "Node Type": "Index Scan",
                  "Parent Relationship": "Inner",
                  "Parallel Aware": false,
                  "Async Capable": false,
                  "Scan Direction": "Forward",
                  "Index Name": "fundamentals_daily_pkey",
                  "Relation Name": "fundamentals_daily",
                  "Alias": "fd",
                  "Startup Cost": 0.29,
                  "Total Cost": 4.3,
                  "Plan Rows": 1,
                  "Plan Width": 55,
                  "Index Cond": "((event_date = '2023-09-03'::date) AND (ticker = sdi.ticker))"
                }
              ]
            }
          ]
        }
      ]
    }
  },
  "db_statistics": {
    "table_stats": {
      "stocks_daily_info": {
        "row_count": 12700,
        "size_mb": 1.71
      },
      "fundamentals_daily": {
        "row_count": 12080,
        "size_mb": 2.33
      },
      "financials_quarterly": {
        "row_count": 8634,
        "size_mb": 0.8
      }
    },
    "existing_indexes": [
      "backtest_results_pkey",
      "community_posts_pkey",
      "financials_quarterly_pkey",
      "fundamentals_daily_pkey",
      "idx_finq_period_end",
      "idx_finq_ticker",
      "idx_fund_event_date",
      "idx_fund_ticker",
      "idx_sdi_event_date",
      "idx_sdi_ticker",
      "ix_backtest_results_strategy_id",
      "ix_community_posts_author_id",
      "ix_community_posts_strategy_id",
      "ix_ml_models_owner_id",
      "ix_strategies_owner_id",
      "ix_users_email",
      "ml_models_pkey",
      "stocks_daily_info_pkey",
      "strategies_pkey",
      "users_pkey"
    ]
  }
}
---
{
  "workload_id": 276,
  "metadata": {
    "strategy_template": "ML Hybrid Style",
    "ml_model_used": "Return Forecast Model"
  },
  "sql_query": "SELECT fd.bps, fd.dividend_yield, fd.eps, fd.pbr, fd.per, sdi.close_price, sdi.company_name, sdi.ma_20d, sdi.market_cap, sdi.momentum_12m, sdi.momentum_3m, sdi.rsi_14, sdi.ticker, sdi.volatility_20d FROM stocks_daily_info sdi LEFT JOIN fundamentals_daily fd ON fd.ticker = sdi.ticker AND fd.event_date = sdi.event_date WHERE sdi.market = 'KOSDAQ' AND sdi.market_cap >= 483000000000 AND sdi.event_date = DATE '2023-10-17' ORDER BY CASE sdi.ticker WHEN '000660.KS' THEN 1 WHEN '005930.KS' THEN 2 WHEN '068270.KQ' THEN 3 WHEN '207940.KS' THEN 4 WHEN '035420.KS' THEN 5 WHEN '005380.KS' THEN 6 WHEN '051910.KS' THEN 7 WHEN '012330.KS' THEN 8 WHEN '035720.KS' THEN 9 WHEN '105560.KS' THEN 10 ELSE 11 END LIMIT 47;",
  "baseline_execution_plan": {
    "Plan": {
      "Node Type": "Limit",
      "Parallel Aware": false,
      "Async Capable": false,
      "Startup Cost": 24.75,
      "Total Cost": 24.75,
      "Plan Rows": 1,
      "Plan Width": 109,
      "Plans": [
        {
          "Node Type": "Sort",
          "Parent Relationship": "Outer",
          "Parallel Aware": false,
          "Async Capable": false,
          "Startup Cost": 24.75,
          "Total Cost": 24.75,
          "Plan Rows": 1,
          "Plan Width": 109,
          "Sort Key": [
            "(CASE sdi.ticker WHEN '000660.KS'::text THEN 1 WHEN '005930.KS'::text THEN 2 WHEN '068270.KQ'::text THEN 3 WHEN '207940.KS'::text THEN 4 WHEN '035420.KS'::text THEN 5 WHEN '005380.KS'::text THEN 6 WHEN '051910.KS'::text THEN 7 WHEN '012330.KS'::text THEN 8 WHEN '035720.KS'::text THEN 9 WHEN '105560.KS'::text THEN 10 ELSE 11 END)"
          ],
          "Plans": [
            {
              "Node Type": "Nested Loop",
              "Parent Relationship": "Outer",
              "Parallel Aware": false,
              "Async Capable": false,
              "Join Type": "Left",
              "Startup Cost": 2.65,
              "Total Cost": 24.74,
              "Plan Rows": 1,
              "Plan Width": 109,
              "Inner Unique": true,
              "Plans": [
                {
                  "Node Type": "Bitmap Heap Scan",
                  "Parent Relationship": "Outer",
                  "Parallel Aware": false,
                  "Async Capable": false,
                  "Relation Name": "stocks_daily_info",
                  "Alias": "sdi",
                  "Startup Cost": 2.36,
                  "Total Cost": 20.4,
                  "Plan Rows": 1,
                  "Plan Width": 68,
                  "Recheck Cond": "(event_date = '2023-10-17'::date)",
                  "Filter": "((market_cap >= '483000000000'::numeric) AND (market = 'KOSDAQ'::text))",
                  "Plans": [
                    {
                      "Node Type": "Bitmap Index Scan",
                      "Parent Relationship": "Outer",
                      "Parallel Aware": false,
                      "Async Capable": false,
                      "Index Name": "idx_sdi_event_date",
                      "Startup Cost": 0.0,
                      "Total Cost": 2.36,
                      "Plan Rows": 10,
                      "Plan Width": 0,
                      "Index Cond": "(event_date = '2023-10-17'::date)"
                    }
                  ]
                },
                {
                  "Node Type": "Index Scan",
                  "Parent Relationship": "Inner",
                  "Parallel Aware": false,
                  "Async Capable": false,
                  "Scan Direction": "Forward",
                  "Index Name": "fundamentals_daily_pkey",
                  "Relation Name": "fundamentals_daily",
                  "Alias": "fd",
                  "Startup Cost": 0.29,
                  "Total Cost": 4.3,
                  "Plan Rows": 1,
                  "Plan Width": 55,
                  "Index Cond": "((event_date = '2023-10-17'::date) AND (ticker = sdi.ticker))"
                }
              ]
            }
          ]
        }
      ]
    }
  },
  "db_statistics": {
    "table_stats": {
      "stocks_daily_info": {
        "row_count": 12700,
        "size_mb": 1.71
      },
      "fundamentals_daily": {
        "row_count": 12080,
        "size_mb": 2.33
      },
      "financials_quarterly": {
        "row_count": 8634,
        "size_mb": 0.8
      }
    },
    "existing_indexes": [
      "backtest_results_pkey",
      "community_posts_pkey",
      "financials_quarterly_pkey",
      "fundamentals_daily_pkey",
      "idx_finq_period_end",
      "idx_finq_ticker",
      "idx_fund_event_date",
      "idx_fund_ticker",
      "idx_sdi_event_date",
      "idx_sdi_ticker",
      "ix_backtest_results_strategy_id",
      "ix_community_posts_author_id",
      "ix_community_posts_strategy_id",
      "ix_ml_models_owner_id",
      "ix_strategies_owner_id",
      "ix_users_email",
      "ml_models_pkey",
      "stocks_daily_info_pkey",
      "strategies_pkey",
      "users_pkey"
    ]
  }
}
---
{
  "workload_id": 277,
  "metadata": {
    "strategy_template": "Value Investing Style",
    "ml_model_used": null
  },
  "sql_query": "SELECT fd.bps, fd.dividend_yield, fd.eps, fd.pbr, fd.per, sdi.close_price, sdi.company_name, sdi.ma_20d, sdi.market_cap, sdi.momentum_12m, sdi.momentum_3m, sdi.rsi_14, sdi.ticker, sdi.volatility_20d FROM stocks_daily_info sdi LEFT JOIN fundamentals_daily fd ON fd.ticker = sdi.ticker AND fd.event_date = sdi.event_date WHERE sdi.market = 'KOSDAQ' AND sdi.market_cap >= 316600000000 AND sdi.event_date = DATE '2023-06-09' ORDER BY fd.pbr desc, fd.per desc, fd.eps desc LIMIT 37;",
  "baseline_execution_plan": {
    "Plan": {
      "Node Type": "Limit",
      "Parallel Aware": false,
      "Async Capable": false,
      "Startup Cost": 24.72,
      "Total Cost": 24.73,
      "Plan Rows": 1,
      "Plan Width": 105,
      "Plans": [
        {
          "Node Type": "Sort",
          "Parent Relationship": "Outer",
          "Parallel Aware": false,
          "Async Capable": false,
          "Startup Cost": 24.72,
          "Total Cost": 24.73,
          "Plan Rows": 1,
          "Plan Width": 105,
          "Sort Key": [
            "fd.pbr DESC",
            "fd.per DESC",
            "fd.eps DESC"
          ],
          "Plans": [
            {
              "Node Type": "Nested Loop",
              "Parent Relationship": "Outer",
              "Parallel Aware": false,
              "Async Capable": false,
              "Join Type": "Left",
              "Startup Cost": 2.65,
              "Total Cost": 24.71,
              "Plan Rows": 1,
              "Plan Width": 105,
              "Inner Unique": true,
              "Plans": [
                {
                  "Node Type": "Bitmap Heap Scan",
                  "Parent Relationship": "Outer",
                  "Parallel Aware": false,
                  "Async Capable": false,
                  "Relation Name": "stocks_daily_info",
                  "Alias": "sdi",
                  "Startup Cost": 2.36,
                  "Total Cost": 20.4,
                  "Plan Rows": 1,
                  "Plan Width": 68,
                  "Recheck Cond": "(event_date = '2023-06-09'::date)",
                  "Filter": "((market_cap >= '316600000000'::numeric) AND (market = 'KOSDAQ'::text))",
                  "Plans": [
                    {
                      "Node Type": "Bitmap Index Scan",
                      "Parent Relationship": "Outer",
                      "Parallel Aware": false,
                      "Async Capable": false,
                      "Index Name": "idx_sdi_event_date",
                      "Startup Cost": 0.0,
                      "Total Cost": 2.36,
                      "Plan Rows": 10,
                      "Plan Width": 0,
                      "Index Cond": "(event_date = '2023-06-09'::date)"
                    }
                  ]
                },
                {
                  "Node Type": "Index Scan",
                  "Parent Relationship": "Inner",
                  "Parallel Aware": false,
                  "Async Capable": false,
                  "Scan Direction": "Forward",
                  "Index Name": "fundamentals_daily_pkey",
                  "Relation Name": "fundamentals_daily",
                  "Alias": "fd",
                  "Startup Cost": 0.29,
                  "Total Cost": 4.3,
                  "Plan Rows": 1,
                  "Plan Width": 55,
                  "Index Cond": "((event_date = '2023-06-09'::date) AND (ticker = sdi.ticker))"
                }
              ]
            }
          ]
        }
      ]
    }
  },
  "db_statistics": {
    "table_stats": {
      "stocks_daily_info": {
        "row_count": 12700,
        "size_mb": 1.71
      },
      "fundamentals_daily": {
        "row_count": 12080,
        "size_mb": 2.33
      },
      "financials_quarterly": {
        "row_count": 8634,
        "size_mb": 0.8
      }
    },
    "existing_indexes": [
      "backtest_results_pkey",
      "community_posts_pkey",
      "financials_quarterly_pkey",
      "fundamentals_daily_pkey",
      "idx_finq_period_end",
      "idx_finq_ticker",
      "idx_fund_event_date",
      "idx_fund_ticker",
      "idx_sdi_event_date",
      "idx_sdi_ticker",
      "ix_backtest_results_strategy_id",
      "ix_community_posts_author_id",
      "ix_community_posts_strategy_id",
      "ix_ml_models_owner_id",
      "ix_strategies_owner_id",
      "ix_users_email",
      "ml_models_pkey",
      "stocks_daily_info_pkey",
      "strategies_pkey",
      "users_pkey"
    ]
  }
}
---
{
  "workload_id": 278,
  "metadata": {
    "strategy_template": "ML Hybrid Style",
    "ml_model_used": "Return Forecast Model"
  },
  "sql_query": "SELECT sdi.close_price, sdi.company_name, sdi.ma_20d, sdi.market_cap, sdi.momentum_12m, sdi.momentum_3m, sdi.rsi_14, sdi.ticker, sdi.volatility_20d FROM stocks_daily_info sdi WHERE sdi.market = 'KOSPI' AND sdi.market_cap >= 244600000000 AND sdi.event_date = DATE '2023-05-02' ORDER BY CASE sdi.ticker WHEN '000660.KS' THEN 1 WHEN '005930.KS' THEN 2 WHEN '068270.KQ' THEN 3 WHEN '207940.KS' THEN 4 WHEN '035420.KS' THEN 5 WHEN '005380.KS' THEN 6 WHEN '051910.KS' THEN 7 WHEN '012330.KS' THEN 8 WHEN '035720.KS' THEN 9 WHEN '105560.KS' THEN 10 ELSE 11 END LIMIT 40;",
  "baseline_execution_plan": {
    "Plan": {
      "Node Type": "Limit",
      "Parallel Aware": false,
      "Async Capable": false,
      "Startup Cost": 20.43,
      "Total Cost": 20.44,
      "Plan Rows": 1,
      "Plan Width": 68,
      "Plans": [
        {
          "Node Type": "Sort",
          "Parent Relationship": "Outer",
          "Parallel Aware": false,
          "Async Capable": false,
          "Startup Cost": 20.43,
          "Total Cost": 20.44,
          "Plan Rows": 1,
          "Plan Width": 68,
          "Sort Key": [
            "(CASE ticker WHEN '000660.KS'::text THEN 1 WHEN '005930.KS'::text THEN 2 WHEN '068270.KQ'::text THEN 3 WHEN '207940.KS'::text THEN 4 WHEN '035420.KS'::text THEN 5 WHEN '005380.KS'::text THEN 6 WHEN '051910.KS'::text THEN 7 WHEN '012330.KS'::text THEN 8 WHEN '035720.KS'::text THEN 9 WHEN '105560.KS'::text THEN 10 ELSE 11 END)"
          ],
          "Plans": [
            {
              "Node Type": "Bitmap Heap Scan",
              "Parent Relationship": "Outer",
              "Parallel Aware": false,
              "Async Capable": false,
              "Relation Name": "stocks_daily_info",
              "Alias": "sdi",
              "Startup Cost": 2.36,
              "Total Cost": 20.42,
              "Plan Rows": 1,
              "Plan Width": 68,
              "Recheck Cond": "(event_date = '2023-05-02'::date)",
              "Filter": "((market_cap >= '244600000000'::numeric) AND (market = 'KOSPI'::text))",
              "Plans": [
                {
                  "Node Type": "Bitmap Index Scan",
                  "Parent Relationship": "Outer",
                  "Parallel Aware": false,
                  "Async Capable": false,
                  "Index Name": "idx_sdi_event_date",
                  "Startup Cost": 0.0,
                  "Total Cost": 2.36,
                  "Plan Rows": 10,
                  "Plan Width": 0,
                  "Index Cond": "(event_date = '2023-05-02'::date)"
                }
              ]
            }
          ]
        }
      ]
    }
  },
  "db_statistics": {
    "table_stats": {
      "stocks_daily_info": {
        "row_count": 12700,
        "size_mb": 1.71
      },
      "fundamentals_daily": {
        "row_count": 12080,
        "size_mb": 2.33
      },
      "financials_quarterly": {
        "row_count": 8634,
        "size_mb": 0.8
      }
    },
    "existing_indexes": [
      "backtest_results_pkey",
      "community_posts_pkey",
      "financials_quarterly_pkey",
      "fundamentals_daily_pkey",
      "idx_finq_period_end",
      "idx_finq_ticker",
      "idx_fund_event_date",
      "idx_fund_ticker",
      "idx_sdi_event_date",
      "idx_sdi_ticker",
      "ix_backtest_results_strategy_id",
      "ix_community_posts_author_id",
      "ix_community_posts_strategy_id",
      "ix_ml_models_owner_id",
      "ix_strategies_owner_id",
      "ix_users_email",
      "ml_models_pkey",
      "stocks_daily_info_pkey",
      "strategies_pkey",
      "users_pkey"
    ]
  }
}
---
{
  "workload_id": 279,
  "metadata": {
    "strategy_template": "ML Hybrid Style",
    "ml_model_used": "Return Forecast Model"
  },
  "sql_query": "SELECT fd.bps, fd.dividend_yield, fd.eps, fd.pbr, fd.per, sdi.close_price, sdi.company_name, sdi.ma_20d, sdi.market_cap, sdi.momentum_12m, sdi.momentum_3m, sdi.rsi_14, sdi.ticker, sdi.volatility_20d FROM stocks_daily_info sdi LEFT JOIN fundamentals_daily fd ON fd.ticker = sdi.ticker AND fd.event_date = sdi.event_date WHERE sdi.market = 'KOSPI' AND sdi.market_cap >= 155400000000 AND sdi.event_date = DATE '2023-08-02' ORDER BY CASE sdi.ticker WHEN '000660.KS' THEN 1 WHEN '005930.KS' THEN 2 WHEN '068270.KQ' THEN 3 WHEN '207940.KS' THEN 4 WHEN '035420.KS' THEN 5 WHEN '005380.KS' THEN 6 WHEN '051910.KS' THEN 7 WHEN '012330.KS' THEN 8 WHEN '035720.KS' THEN 9 WHEN '105560.KS' THEN 10 ELSE 11 END LIMIT 18;",
  "baseline_execution_plan": {
    "Plan": {
      "Node Type": "Limit",
      "Parallel Aware": false,
      "Async Capable": false,
      "Startup Cost": 24.75,
      "Total Cost": 24.75,
      "Plan Rows": 1,
      "Plan Width": 109,
      "Plans": [
        {
          "Node Type": "Sort",
          "Parent Relationship": "Outer",
          "Parallel Aware": false,
          "Async Capable": false,
          "Startup Cost": 24.75,
          "Total Cost": 24.75,
          "Plan Rows": 1,
          "Plan Width": 109,
          "Sort Key": [
            "(CASE sdi.ticker WHEN '000660.KS'::text THEN 1 WHEN '005930.KS'::text THEN 2 WHEN '068270.KQ'::text THEN 3 WHEN '207940.KS'::text THEN 4 WHEN '035420.KS'::text THEN 5 WHEN '005380.KS'::text THEN 6 WHEN '051910.KS'::text THEN 7 WHEN '012330.KS'::text THEN 8 WHEN '035720.KS'::text THEN 9 WHEN '105560.KS'::text THEN 10 ELSE 11 END)"
          ],
          "Plans": [
            {
              "Node Type": "Nested Loop",
              "Parent Relationship": "Outer",
              "Parallel Aware": false,
              "Async Capable": false,
              "Join Type": "Left",
              "Startup Cost": 2.65,
              "Total Cost": 24.74,
              "Plan Rows": 1,
              "Plan Width": 109,
              "Inner Unique": true,
              "Plans": [
                {
                  "Node Type": "Bitmap Heap Scan",
                  "Parent Relationship": "Outer",
                  "Parallel Aware": false,
                  "Async Capable": false,
                  "Relation Name": "stocks_daily_info",
                  "Alias": "sdi",
                  "Startup Cost": 2.36,
                  "Total Cost": 20.4,
                  "Plan Rows": 1,
                  "Plan Width": 68,
                  "Recheck Cond": "(event_date = '2023-08-02'::date)",
                  "Filter": "((market_cap >= '155400000000'::numeric) AND (market = 'KOSPI'::text))",
                  "Plans": [
                    {
                      "Node Type": "Bitmap Index Scan",
                      "Parent Relationship": "Outer",
                      "Parallel Aware": false,
                      "Async Capable": false,
                      "Index Name": "idx_sdi_event_date",
                      "Startup Cost": 0.0,
                      "Total Cost": 2.36,
                      "Plan Rows": 10,
                      "Plan Width": 0,
                      "Index Cond": "(event_date = '2023-08-02'::date)"
                    }
                  ]
                },
                {
                  "Node Type": "Index Scan",
                  "Parent Relationship": "Inner",
                  "Parallel Aware": false,
                  "Async Capable": false,
                  "Scan Direction": "Forward",
                  "Index Name": "fundamentals_daily_pkey",
                  "Relation Name": "fundamentals_daily",
                  "Alias": "fd",
                  "Startup Cost": 0.29,
                  "Total Cost": 4.3,
                  "Plan Rows": 1,
                  "Plan Width": 55,
                  "Index Cond": "((event_date = '2023-08-02'::date) AND (ticker = sdi.ticker))"
                }
              ]
            }
          ]
        }
      ]
    }
  },
  "db_statistics": {
    "table_stats": {
      "stocks_daily_info": {
        "row_count": 12700,
        "size_mb": 1.71
      },
      "fundamentals_daily": {
        "row_count": 12080,
        "size_mb": 2.33
      },
      "financials_quarterly": {
        "row_count": 8634,
        "size_mb": 0.8
      }
    },
    "existing_indexes": [
      "backtest_results_pkey",
      "community_posts_pkey",
      "financials_quarterly_pkey",
      "fundamentals_daily_pkey",
      "idx_finq_period_end",
      "idx_finq_ticker",
      "idx_fund_event_date",
      "idx_fund_ticker",
      "idx_sdi_event_date",
      "idx_sdi_ticker",
      "ix_backtest_results_strategy_id",
      "ix_community_posts_author_id",
      "ix_community_posts_strategy_id",
      "ix_ml_models_owner_id",
      "ix_strategies_owner_id",
      "ix_users_email",
      "ml_models_pkey",
      "stocks_daily_info_pkey",
      "strategies_pkey",
      "users_pkey"
    ]
  }
}
---
{
  "workload_id": 280,
  "metadata": {
    "strategy_template": "Value Investing Style",
    "ml_model_used": null
  },
  "sql_query": "SELECT fd.bps, fd.dividend_yield, fd.eps, fd.pbr, fd.per, sdi.close_price, sdi.company_name, sdi.ma_20d, sdi.market_cap, sdi.momentum_12m, sdi.momentum_3m, sdi.rsi_14, sdi.ticker, sdi.volatility_20d FROM stocks_daily_info sdi LEFT JOIN fundamentals_daily fd ON fd.ticker = sdi.ticker AND fd.event_date = sdi.event_date WHERE sdi.market = 'KOSPI' AND sdi.market_cap >= 413500000000 AND sdi.event_date = DATE '2023-10-24' ORDER BY fd.pbr desc, fd.per desc LIMIT 36;",
  "baseline_execution_plan": {
    "Plan": {
      "Node Type": "Limit",
      "Parallel Aware": false,
      "Async Capable": false,
      "Startup Cost": 24.72,
      "Total Cost": 24.73,
      "Plan Rows": 1,
      "Plan Width": 105,
      "Plans": [
        {
          "Node Type": "Sort",
          "Parent Relationship": "Outer",
          "Parallel Aware": false,
          "Async Capable": false,
          "Startup Cost": 24.72,
          "Total Cost": 24.73,
          "Plan Rows": 1,
          "Plan Width": 105,
          "Sort Key": [
            "fd.pbr DESC",
            "fd.per DESC"
          ],
          "Plans": [
            {
              "Node Type": "Nested Loop",
              "Parent Relationship": "Outer",
              "Parallel Aware": false,
              "Async Capable": false,
              "Join Type": "Left",
              "Startup Cost": 2.65,
              "Total Cost": 24.71,
              "Plan Rows": 1,
              "Plan Width": 105,
              "Inner Unique": true,
              "Plans": [
                {
                  "Node Type": "Bitmap Heap Scan",
                  "Parent Relationship": "Outer",
                  "Parallel Aware": false,
                  "Async Capable": false,
                  "Relation Name": "stocks_daily_info",
                  "Alias": "sdi",
                  "Startup Cost": 2.36,
                  "Total Cost": 20.4,
                  "Plan Rows": 1,
                  "Plan Width": 68,
                  "Recheck Cond": "(event_date = '2023-10-24'::date)",
                  "Filter": "((market_cap >= '413500000000'::numeric) AND (market = 'KOSPI'::text))",
                  "Plans": [
                    {
                      "Node Type": "Bitmap Index Scan",
                      "Parent Relationship": "Outer",
                      "Parallel Aware": false,
                      "Async Capable": false,
                      "Index Name": "idx_sdi_event_date",
                      "Startup Cost": 0.0,
                      "Total Cost": 2.36,
                      "Plan Rows": 10,
                      "Plan Width": 0,
                      "Index Cond": "(event_date = '2023-10-24'::date)"
                    }
                  ]
                },
                {
                  "Node Type": "Index Scan",
                  "Parent Relationship": "Inner",
                  "Parallel Aware": false,
                  "Async Capable": false,
                  "Scan Direction": "Forward",
                  "Index Name": "fundamentals_daily_pkey",
                  "Relation Name": "fundamentals_daily",
                  "Alias": "fd",
                  "Startup Cost": 0.29,
                  "Total Cost": 4.3,
                  "Plan Rows": 1,
                  "Plan Width": 55,
                  "Index Cond": "((event_date = '2023-10-24'::date) AND (ticker = sdi.ticker))"
                }
              ]
            }
          ]
        }
      ]
    }
  },
  "db_statistics": {
    "table_stats": {
      "stocks_daily_info": {
        "row_count": 12700,
        "size_mb": 1.71
      },
      "fundamentals_daily": {
        "row_count": 12080,
        "size_mb": 2.33
      },
      "financials_quarterly": {
        "row_count": 8634,
        "size_mb": 0.8
      }
    },
    "existing_indexes": [
      "backtest_results_pkey",
      "community_posts_pkey",
      "financials_quarterly_pkey",
      "fundamentals_daily_pkey",
      "idx_finq_period_end",
      "idx_finq_ticker",
      "idx_fund_event_date",
      "idx_fund_ticker",
      "idx_sdi_event_date",
      "idx_sdi_ticker",
      "ix_backtest_results_strategy_id",
      "ix_community_posts_author_id",
      "ix_community_posts_strategy_id",
      "ix_ml_models_owner_id",
      "ix_strategies_owner_id",
      "ix_users_email",
      "ml_models_pkey",
      "stocks_daily_info_pkey",
      "strategies_pkey",
      "users_pkey"
    ]
  }
}
---
{
  "workload_id": 281,
  "metadata": {
    "strategy_template": "ML Hybrid Style",
    "ml_model_used": "Return Forecast Model"
  },
  "sql_query": "SELECT fd.bps, fd.dividend_yield, fd.eps, fd.pbr, fd.per, sdi.close_price, sdi.company_name, sdi.ma_20d, sdi.market_cap, sdi.momentum_12m, sdi.momentum_3m, sdi.rsi_14, sdi.ticker, sdi.volatility_20d FROM stocks_daily_info sdi LEFT JOIN fundamentals_daily fd ON fd.ticker = sdi.ticker AND fd.event_date = sdi.event_date WHERE sdi.market = 'KOSPI' AND sdi.market_cap >= 497200000000 AND sdi.event_date = DATE '2023-10-25' ORDER BY CASE sdi.ticker WHEN '000660.KS' THEN 1 WHEN '005930.KS' THEN 2 WHEN '068270.KQ' THEN 3 WHEN '207940.KS' THEN 4 WHEN '035420.KS' THEN 5 WHEN '005380.KS' THEN 6 WHEN '051910.KS' THEN 7 WHEN '012330.KS' THEN 8 WHEN '035720.KS' THEN 9 WHEN '105560.KS' THEN 10 ELSE 11 END LIMIT 37;",
  "baseline_execution_plan": {
    "Plan": {
      "Node Type": "Limit",
      "Parallel Aware": false,
      "Async Capable": false,
      "Startup Cost": 24.75,
      "Total Cost": 24.75,
      "Plan Rows": 1,
      "Plan Width": 109,
      "Plans": [
        {
          "Node Type": "Sort",
          "Parent Relationship": "Outer",
          "Parallel Aware": false,
          "Async Capable": false,
          "Startup Cost": 24.75,
          "Total Cost": 24.75,
          "Plan Rows": 1,
          "Plan Width": 109,
          "Sort Key": [
            "(CASE sdi.ticker WHEN '000660.KS'::text THEN 1 WHEN '005930.KS'::text THEN 2 WHEN '068270.KQ'::text THEN 3 WHEN '207940.KS'::text THEN 4 WHEN '035420.KS'::text THEN 5 WHEN '005380.KS'::text THEN 6 WHEN '051910.KS'::text THEN 7 WHEN '012330.KS'::text THEN 8 WHEN '035720.KS'::text THEN 9 WHEN '105560.KS'::text THEN 10 ELSE 11 END)"
          ],
          "Plans": [
            {
              "Node Type": "Nested Loop",
              "Parent Relationship": "Outer",
              "Parallel Aware": false,
              "Async Capable": false,
              "Join Type": "Left",
              "Startup Cost": 2.65,
              "Total Cost": 24.74,
              "Plan Rows": 1,
              "Plan Width": 109,
              "Inner Unique": true,
              "Plans": [
                {
                  "Node Type": "Bitmap Heap Scan",
                  "Parent Relationship": "Outer",
                  "Parallel Aware": false,
                  "Async Capable": false,
                  "Relation Name": "stocks_daily_info",
                  "Alias": "sdi",
                  "Startup Cost": 2.36,
                  "Total Cost": 20.4,
                  "Plan Rows": 1,
                  "Plan Width": 68,
                  "Recheck Cond": "(event_date = '2023-10-25'::date)",
                  "Filter": "((market_cap >= '497200000000'::numeric) AND (market = 'KOSPI'::text))",
                  "Plans": [
                    {
                      "Node Type": "Bitmap Index Scan",
                      "Parent Relationship": "Outer",
                      "Parallel Aware": false,
                      "Async Capable": false,
                      "Index Name": "idx_sdi_event_date",
                      "Startup Cost": 0.0,
                      "Total Cost": 2.36,
                      "Plan Rows": 10,
                      "Plan Width": 0,
                      "Index Cond": "(event_date = '2023-10-25'::date)"
                    }
                  ]
                },
                {
                  "Node Type": "Index Scan",
                  "Parent Relationship": "Inner",
                  "Parallel Aware": false,
                  "Async Capable": false,
                  "Scan Direction": "Forward",
                  "Index Name": "fundamentals_daily_pkey",
                  "Relation Name": "fundamentals_daily",
                  "Alias": "fd",
                  "Startup Cost": 0.29,
                  "Total Cost": 4.3,
                  "Plan Rows": 1,
                  "Plan Width": 55,
                  "Index Cond": "((event_date = '2023-10-25'::date) AND (ticker = sdi.ticker))"
                }
              ]
            }
          ]
        }
      ]
    }
  },
  "db_statistics": {
    "table_stats": {
      "stocks_daily_info": {
        "row_count": 12700,
        "size_mb": 1.71
      },
      "fundamentals_daily": {
        "row_count": 12080,
        "size_mb": 2.33
      },
      "financials_quarterly": {
        "row_count": 8634,
        "size_mb": 0.8
      }
    },
    "existing_indexes": [
      "backtest_results_pkey",
      "community_posts_pkey",
      "financials_quarterly_pkey",
      "fundamentals_daily_pkey",
      "idx_finq_period_end",
      "idx_finq_ticker",
      "idx_fund_event_date",
      "idx_fund_ticker",
      "idx_sdi_event_date",
      "idx_sdi_ticker",
      "ix_backtest_results_strategy_id",
      "ix_community_posts_author_id",
      "ix_community_posts_strategy_id",
      "ix_ml_models_owner_id",
      "ix_strategies_owner_id",
      "ix_users_email",
      "ml_models_pkey",
      "stocks_daily_info_pkey",
      "strategies_pkey",
      "users_pkey"
    ]
  }
}
---
{
  "workload_id": 282,
  "metadata": {
    "strategy_template": "Momentum Investing Style",
    "ml_model_used": null
  },
  "sql_query": "SELECT sdi.close_price, sdi.company_name, sdi.ma_20d, sdi.market_cap, sdi.momentum_12m, sdi.momentum_3m, sdi.rsi_14, sdi.ticker, sdi.volatility_20d FROM stocks_daily_info sdi WHERE sdi.market = 'KOSPI' AND sdi.market_cap >= 363400000000 AND sdi.event_date = DATE '2023-09-03' ORDER BY sdi.momentum_3m desc, sdi.momentum_12m desc, sdi.rsi_14 asc, sdi.volatility_20d asc LIMIT 24;",
  "baseline_execution_plan": {
    "Plan": {
      "Node Type": "Limit",
      "Parallel Aware": false,
      "Async Capable": false,
      "Startup Cost": 20.41,
      "Total Cost": 20.41,
      "Plan Rows": 1,
      "Plan Width": 64,
      "Plans": [
        {
          "Node Type": "Sort",
          "Parent Relationship": "Outer",
          "Parallel Aware": false,
          "Async Capable": false,
          "Startup Cost": 20.41,
          "Total Cost": 20.41,
          "Plan Rows": 1,
          "Plan Width": 64,
          "Sort Key": [
            "momentum_3m DESC",
            "momentum_12m DESC",
            "rsi_14",
            "volatility_20d"
          ],
          "Plans": [
            {
              "Node Type": "Bitmap Heap Scan",
              "Parent Relationship": "Outer",
              "Parallel Aware": false,
              "Async Capable": false,
              "Relation Name": "stocks_daily_info",
              "Alias": "sdi",
              "Startup Cost": 2.36,
              "Total Cost": 20.4,
              "Plan Rows": 1,
              "Plan Width": 64,
              "Recheck Cond": "(event_date = '2023-09-03'::date)",
              "Filter": "((market_cap >= '363400000000'::numeric) AND (market = 'KOSPI'::text))",
              "Plans": [
                {
                  "Node Type": "Bitmap Index Scan",
                  "Parent Relationship": "Outer",
                  "Parallel Aware": false,
                  "Async Capable": false,
                  "Index Name": "idx_sdi_event_date",
                  "Startup Cost": 0.0,
                  "Total Cost": 2.36,
                  "Plan Rows": 10,
                  "Plan Width": 0,
                  "Index Cond": "(event_date = '2023-09-03'::date)"
                }
              ]
            }
          ]
        }
      ]
    }
  },
  "db_statistics": {
    "table_stats": {
      "stocks_daily_info": {
        "row_count": 12700,
        "size_mb": 1.71
      },
      "fundamentals_daily": {
        "row_count": 12080,
        "size_mb": 2.33
      },
      "financials_quarterly": {
        "row_count": 8634,
        "size_mb": 0.8
      }
    },
    "existing_indexes": [
      "backtest_results_pkey",
      "community_posts_pkey",
      "financials_quarterly_pkey",
      "fundamentals_daily_pkey",
      "idx_finq_period_end",
      "idx_finq_ticker",
      "idx_fund_event_date",
      "idx_fund_ticker",
      "idx_sdi_event_date",
      "idx_sdi_ticker",
      "ix_backtest_results_strategy_id",
      "ix_community_posts_author_id",
      "ix_community_posts_strategy_id",
      "ix_ml_models_owner_id",
      "ix_strategies_owner_id",
      "ix_users_email",
      "ml_models_pkey",
      "stocks_daily_info_pkey",
      "strategies_pkey",
      "users_pkey"
    ]
  }
}
---
{
  "workload_id": 283,
  "metadata": {
    "strategy_template": "Momentum Investing Style",
    "ml_model_used": null
  },
  "sql_query": "SELECT sdi.close_price, sdi.company_name, sdi.ma_20d, sdi.market_cap, sdi.momentum_12m, sdi.momentum_3m, sdi.rsi_14, sdi.ticker, sdi.volatility_20d FROM stocks_daily_info sdi WHERE sdi.market = 'KOSDAQ' AND sdi.market_cap >= 400400000000 AND sdi.event_date = DATE '2023-06-27' ORDER BY sdi.momentum_3m asc, sdi.momentum_12m desc, sdi.rsi_14 asc, sdi.volatility_20d asc LIMIT 24;",
  "baseline_execution_plan": {
    "Plan": {
      "Node Type": "Limit",
      "Parallel Aware": false,
      "Async Capable": false,
      "Startup Cost": 20.41,
      "Total Cost": 20.41,
      "Plan Rows": 1,
      "Plan Width": 64,
      "Plans": [
        {
          "Node Type": "Sort",
          "Parent Relationship": "Outer",
          "Parallel Aware": false,
          "Async Capable": false,
          "Startup Cost": 20.41,
          "Total Cost": 20.41,
          "Plan Rows": 1,
          "Plan Width": 64,
          "Sort Key": [
            "momentum_3m",
            "momentum_12m DESC",
            "rsi_14",
            "volatility_20d"
          ],
          "Plans": [
            {
              "Node Type": "Bitmap Heap Scan",
              "Parent Relationship": "Outer",
              "Parallel Aware": false,
              "Async Capable": false,
              "Relation Name": "stocks_daily_info",
              "Alias": "sdi",
              "Startup Cost": 2.36,
              "Total Cost": 20.4,
              "Plan Rows": 1,
              "Plan Width": 64,
              "Recheck Cond": "(event_date = '2023-06-27'::date)",
              "Filter": "((market_cap >= '400400000000'::numeric) AND (market = 'KOSDAQ'::text))",
              "Plans": [
                {
                  "Node Type": "Bitmap Index Scan",
                  "Parent Relationship": "Outer",
                  "Parallel Aware": false,
                  "Async Capable": false,
                  "Index Name": "idx_sdi_event_date",
                  "Startup Cost": 0.0,
                  "Total Cost": 2.36,
                  "Plan Rows": 10,
                  "Plan Width": 0,
                  "Index Cond": "(event_date = '2023-06-27'::date)"
                }
              ]
            }
          ]
        }
      ]
    }
  },
  "db_statistics": {
    "table_stats": {
      "stocks_daily_info": {
        "row_count": 12700,
        "size_mb": 1.71
      },
      "fundamentals_daily": {
        "row_count": 12080,
        "size_mb": 2.33
      },
      "financials_quarterly": {
        "row_count": 8634,
        "size_mb": 0.8
      }
    },
    "existing_indexes": [
      "backtest_results_pkey",
      "community_posts_pkey",
      "financials_quarterly_pkey",
      "fundamentals_daily_pkey",
      "idx_finq_period_end",
      "idx_finq_ticker",
      "idx_fund_event_date",
      "idx_fund_ticker",
      "idx_sdi_event_date",
      "idx_sdi_ticker",
      "ix_backtest_results_strategy_id",
      "ix_community_posts_author_id",
      "ix_community_posts_strategy_id",
      "ix_ml_models_owner_id",
      "ix_strategies_owner_id",
      "ix_users_email",
      "ml_models_pkey",
      "stocks_daily_info_pkey",
      "strategies_pkey",
      "users_pkey"
    ]
  }
}
---
{
  "workload_id": 284,
  "metadata": {
    "strategy_template": "Momentum Investing Style",
    "ml_model_used": null
  },
  "sql_query": "SELECT sdi.close_price, sdi.company_name, sdi.ma_20d, sdi.market_cap, sdi.momentum_12m, sdi.momentum_3m, sdi.rsi_14, sdi.ticker, sdi.volatility_20d FROM stocks_daily_info sdi WHERE sdi.market = 'KOSDAQ' AND sdi.market_cap >= 130000000000 AND sdi.event_date = DATE '2023-09-20' ORDER BY sdi.momentum_3m desc, sdi.momentum_12m desc, sdi.rsi_14 desc LIMIT 38;",
  "baseline_execution_plan": {
    "Plan": {
      "Node Type": "Limit",
      "Parallel Aware": false,
      "Async Capable": false,
      "Startup Cost": 20.41,
      "Total Cost": 20.41,
      "Plan Rows": 1,
      "Plan Width": 64,
      "Plans": [
        {
          "Node Type": "Sort",
          "Parent Relationship": "Outer",
          "Parallel Aware": false,
          "Async Capable": false,
          "Startup Cost": 20.41,
          "Total Cost": 20.41,
          "Plan Rows": 1,
          "Plan Width": 64,
          "Sort Key": [
            "momentum_3m DESC",
            "momentum_12m DESC",
            "rsi_14 DESC"
          ],
          "Plans": [
            {
              "Node Type": "Bitmap Heap Scan",
              "Parent Relationship": "Outer",
              "Parallel Aware": false,
              "Async Capable": false,
              "Relation Name": "stocks_daily_info",
              "Alias": "sdi",
              "Startup Cost": 2.36,
              "Total Cost": 20.4,
              "Plan Rows": 1,
              "Plan Width": 64,
              "Recheck Cond": "(event_date = '2023-09-20'::date)",
              "Filter": "((market_cap >= '130000000000'::numeric) AND (market = 'KOSDAQ'::text))",
              "Plans": [
                {
                  "Node Type": "Bitmap Index Scan",
                  "Parent Relationship": "Outer",
                  "Parallel Aware": false,
                  "Async Capable": false,
                  "Index Name": "idx_sdi_event_date",
                  "Startup Cost": 0.0,
                  "Total Cost": 2.36,
                  "Plan Rows": 10,
                  "Plan Width": 0,
                  "Index Cond": "(event_date = '2023-09-20'::date)"
                }
              ]
            }
          ]
        }
      ]
    }
  },
  "db_statistics": {
    "table_stats": {
      "stocks_daily_info": {
        "row_count": 12700,
        "size_mb": 1.71
      },
      "fundamentals_daily": {
        "row_count": 12080,
        "size_mb": 2.33
      },
      "financials_quarterly": {
        "row_count": 8634,
        "size_mb": 0.8
      }
    },
    "existing_indexes": [
      "backtest_results_pkey",
      "community_posts_pkey",
      "financials_quarterly_pkey",
      "fundamentals_daily_pkey",
      "idx_finq_period_end",
      "idx_finq_ticker",
      "idx_fund_event_date",
      "idx_fund_ticker",
      "idx_sdi_event_date",
      "idx_sdi_ticker",
      "ix_backtest_results_strategy_id",
      "ix_community_posts_author_id",
      "ix_community_posts_strategy_id",
      "ix_ml_models_owner_id",
      "ix_strategies_owner_id",
      "ix_users_email",
      "ml_models_pkey",
      "stocks_daily_info_pkey",
      "strategies_pkey",
      "users_pkey"
    ]
  }
}
---
{
  "workload_id": 285,
  "metadata": {
    "strategy_template": "ML Hybrid Style",
    "ml_model_used": "Return Forecast Model"
  },
  "sql_query": "SELECT fd.bps, fd.dividend_yield, fd.eps, fd.pbr, fd.per, sdi.close_price, sdi.company_name, sdi.ma_20d, sdi.market_cap, sdi.momentum_12m, sdi.momentum_3m, sdi.rsi_14, sdi.ticker, sdi.volatility_20d FROM stocks_daily_info sdi LEFT JOIN fundamentals_daily fd ON fd.ticker = sdi.ticker AND fd.event_date = sdi.event_date WHERE sdi.market = 'KOSPI' AND sdi.market_cap >= 369500000000 AND sdi.event_date = DATE '2023-06-05' ORDER BY CASE sdi.ticker WHEN '000660.KS' THEN 1 WHEN '005930.KS' THEN 2 WHEN '068270.KQ' THEN 3 WHEN '207940.KS' THEN 4 WHEN '035420.KS' THEN 5 WHEN '005380.KS' THEN 6 WHEN '051910.KS' THEN 7 WHEN '012330.KS' THEN 8 WHEN '035720.KS' THEN 9 WHEN '105560.KS' THEN 10 ELSE 11 END LIMIT 30;",
  "baseline_execution_plan": {
    "Plan": {
      "Node Type": "Limit",
      "Parallel Aware": false,
      "Async Capable": false,
      "Startup Cost": 24.75,
      "Total Cost": 24.75,
      "Plan Rows": 1,
      "Plan Width": 109,
      "Plans": [
        {
          "Node Type": "Sort",
          "Parent Relationship": "Outer",
          "Parallel Aware": false,
          "Async Capable": false,
          "Startup Cost": 24.75,
          "Total Cost": 24.75,
          "Plan Rows": 1,
          "Plan Width": 109,
          "Sort Key": [
            "(CASE sdi.ticker WHEN '000660.KS'::text THEN 1 WHEN '005930.KS'::text THEN 2 WHEN '068270.KQ'::text THEN 3 WHEN '207940.KS'::text THEN 4 WHEN '035420.KS'::text THEN 5 WHEN '005380.KS'::text THEN 6 WHEN '051910.KS'::text THEN 7 WHEN '012330.KS'::text THEN 8 WHEN '035720.KS'::text THEN 9 WHEN '105560.KS'::text THEN 10 ELSE 11 END)"
          ],
          "Plans": [
            {
              "Node Type": "Nested Loop",
              "Parent Relationship": "Outer",
              "Parallel Aware": false,
              "Async Capable": false,
              "Join Type": "Left",
              "Startup Cost": 2.65,
              "Total Cost": 24.74,
              "Plan Rows": 1,
              "Plan Width": 109,
              "Inner Unique": true,
              "Plans": [
                {
                  "Node Type": "Bitmap Heap Scan",
                  "Parent Relationship": "Outer",
                  "Parallel Aware": false,
                  "Async Capable": false,
                  "Relation Name": "stocks_daily_info",
                  "Alias": "sdi",
                  "Startup Cost": 2.36,
                  "Total Cost": 20.4,
                  "Plan Rows": 1,
                  "Plan Width": 68,
                  "Recheck Cond": "(event_date = '2023-06-05'::date)",
                  "Filter": "((market_cap >= '369500000000'::numeric) AND (market = 'KOSPI'::text))",
                  "Plans": [
                    {
                      "Node Type": "Bitmap Index Scan",
                      "Parent Relationship": "Outer",
                      "Parallel Aware": false,
                      "Async Capable": false,
                      "Index Name": "idx_sdi_event_date",
                      "Startup Cost": 0.0,
                      "Total Cost": 2.36,
                      "Plan Rows": 10,
                      "Plan Width": 0,
                      "Index Cond": "(event_date = '2023-06-05'::date)"
                    }
                  ]
                },
                {
                  "Node Type": "Index Scan",
                  "Parent Relationship": "Inner",
                  "Parallel Aware": false,
                  "Async Capable": false,
                  "Scan Direction": "Forward",
                  "Index Name": "fundamentals_daily_pkey",
                  "Relation Name": "fundamentals_daily",
                  "Alias": "fd",
                  "Startup Cost": 0.29,
                  "Total Cost": 4.3,
                  "Plan Rows": 1,
                  "Plan Width": 55,
                  "Index Cond": "((event_date = '2023-06-05'::date) AND (ticker = sdi.ticker))"
                }
              ]
            }
          ]
        }
      ]
    }
  },
  "db_statistics": {
    "table_stats": {
      "stocks_daily_info": {
        "row_count": 12700,
        "size_mb": 1.71
      },
      "fundamentals_daily": {
        "row_count": 12080,
        "size_mb": 2.33
      },
      "financials_quarterly": {
        "row_count": 8634,
        "size_mb": 0.8
      }
    },
    "existing_indexes": [
      "backtest_results_pkey",
      "community_posts_pkey",
      "financials_quarterly_pkey",
      "fundamentals_daily_pkey",
      "idx_finq_period_end",
      "idx_finq_ticker",
      "idx_fund_event_date",
      "idx_fund_ticker",
      "idx_sdi_event_date",
      "idx_sdi_ticker",
      "ix_backtest_results_strategy_id",
      "ix_community_posts_author_id",
      "ix_community_posts_strategy_id",
      "ix_ml_models_owner_id",
      "ix_strategies_owner_id",
      "ix_users_email",
      "ml_models_pkey",
      "stocks_daily_info_pkey",
      "strategies_pkey",
      "users_pkey"
    ]
  }
}
---
{
  "workload_id": 286,
  "metadata": {
    "strategy_template": "Momentum Investing Style",
    "ml_model_used": null
  },
  "sql_query": "SELECT sdi.close_price, sdi.company_name, sdi.ma_20d, sdi.market_cap, sdi.momentum_12m, sdi.momentum_3m, sdi.rsi_14, sdi.ticker, sdi.volatility_20d FROM stocks_daily_info sdi WHERE sdi.market = 'KOSDAQ' AND sdi.market_cap >= 252400000000 AND sdi.event_date = DATE '2023-06-27' ORDER BY sdi.momentum_3m desc, sdi.momentum_12m desc, sdi.volatility_20d asc, sdi.rsi_14 asc LIMIT 10;",
  "baseline_execution_plan": {
    "Plan": {
      "Node Type": "Limit",
      "Parallel Aware": false,
      "Async Capable": false,
      "Startup Cost": 20.41,
      "Total Cost": 20.41,
      "Plan Rows": 1,
      "Plan Width": 64,
      "Plans": [
        {
          "Node Type": "Sort",
          "Parent Relationship": "Outer",
          "Parallel Aware": false,
          "Async Capable": false,
          "Startup Cost": 20.41,
          "Total Cost": 20.41,
          "Plan Rows": 1,
          "Plan Width": 64,
          "Sort Key": [
            "momentum_3m DESC",
            "momentum_12m DESC",
            "volatility_20d",
            "rsi_14"
          ],
          "Plans": [
            {
              "Node Type": "Bitmap Heap Scan",
              "Parent Relationship": "Outer",
              "Parallel Aware": false,
              "Async Capable": false,
              "Relation Name": "stocks_daily_info",
              "Alias": "sdi",
              "Startup Cost": 2.36,
              "Total Cost": 20.4,
              "Plan Rows": 1,
              "Plan Width": 64,
              "Recheck Cond": "(event_date = '2023-06-27'::date)",
              "Filter": "((market_cap >= '252400000000'::numeric) AND (market = 'KOSDAQ'::text))",
              "Plans": [
                {
                  "Node Type": "Bitmap Index Scan",
                  "Parent Relationship": "Outer",
                  "Parallel Aware": false,
                  "Async Capable": false,
                  "Index Name": "idx_sdi_event_date",
                  "Startup Cost": 0.0,
                  "Total Cost": 2.36,
                  "Plan Rows": 10,
                  "Plan Width": 0,
                  "Index Cond": "(event_date = '2023-06-27'::date)"
                }
              ]
            }
          ]
        }
      ]
    }
  },
  "db_statistics": {
    "table_stats": {
      "stocks_daily_info": {
        "row_count": 12700,
        "size_mb": 1.71
      },
      "fundamentals_daily": {
        "row_count": 12080,
        "size_mb": 2.33
      },
      "financials_quarterly": {
        "row_count": 8634,
        "size_mb": 0.8
      }
    },
    "existing_indexes": [
      "backtest_results_pkey",
      "community_posts_pkey",
      "financials_quarterly_pkey",
      "fundamentals_daily_pkey",
      "idx_finq_period_end",
      "idx_finq_ticker",
      "idx_fund_event_date",
      "idx_fund_ticker",
      "idx_sdi_event_date",
      "idx_sdi_ticker",
      "ix_backtest_results_strategy_id",
      "ix_community_posts_author_id",
      "ix_community_posts_strategy_id",
      "ix_ml_models_owner_id",
      "ix_strategies_owner_id",
      "ix_users_email",
      "ml_models_pkey",
      "stocks_daily_info_pkey",
      "strategies_pkey",
      "users_pkey"
    ]
  }
}
---
{
  "workload_id": 287,
  "metadata": {
    "strategy_template": "ML Hybrid Style",
    "ml_model_used": "Return Forecast Model"
  },
  "sql_query": "SELECT ( SELECT COALESCE(SUM(value), 0) FROM ( SELECT value FROM financials_quarterly fq WHERE fq.ticker = sdi.ticker AND fq.item_name = 'OperatingIncome' AND fq.statement_type IN ('IS_Q','CF_Q') AND fq.period_end <= DATE '2023-10-13' ORDER BY fq.period_end DESC LIMIT 4 ) as recent_quarters ) AS ttm_operatingincome , fd.bps, fd.dividend_yield, fd.eps, fd.pbr, fd.per, sdi.close_price, sdi.company_name, sdi.ma_20d, sdi.market_cap, sdi.momentum_12m, sdi.momentum_3m, sdi.rsi_14, sdi.ticker, sdi.volatility_20d FROM stocks_daily_info sdi LEFT JOIN fundamentals_daily fd ON fd.ticker = sdi.ticker AND fd.event_date = sdi.event_date WHERE sdi.market = 'KOSPI' AND sdi.market_cap >= 67200000000 AND sdi.event_date = DATE '2023-10-13' ORDER BY CASE sdi.ticker WHEN '000660.KS' THEN 1 WHEN '005930.KS' THEN 2 WHEN '068270.KQ' THEN 3 WHEN '207940.KS' THEN 4 WHEN '035420.KS' THEN 5 WHEN '005380.KS' THEN 6 WHEN '051910.KS' THEN 7 WHEN '012330.KS' THEN 8 WHEN '035720.KS' THEN 9 WHEN '105560.KS' THEN 10 ELSE 11 END LIMIT 50;",
  "baseline_execution_plan": {
    "Plan": {
      "Node Type": "Limit",
      "Parallel Aware": false,
      "Async Capable": false,
      "Startup Cost": 24.75,
      "Total Cost": 29.07,
      "Plan Rows": 1,
      "Plan Width": 141,
      "Plans": [
        {
          "Node Type": "Result",
          "Parent Relationship": "Outer",
          "Parallel Aware": false,
          "Async Capable": false,
          "Startup Cost": 24.75,
          "Total Cost": 29.07,
          "Plan Rows": 1,
          "Plan Width": 141,
          "Plans": [
            {
              "Node Type": "Sort",
              "Parent Relationship": "Outer",
              "Parallel Aware": false,
              "Async Capable": false,
              "Startup Cost": 24.75,
              "Total Cost": 24.75,
              "Plan Rows": 1,
              "Plan Width": 109,
              "Sort Key": [
                "(CASE sdi.ticker WHEN '000660.KS'::text THEN 1 WHEN '005930.KS'::text THEN 2 WHEN '068270.KQ'::text THEN 3 WHEN '207940.KS'::text THEN 4 WHEN '035420.KS'::text THEN 5 WHEN '005380.KS'::text THEN 6 WHEN '051910.KS'::text THEN 7 WHEN '012330.KS'::text THEN 8 WHEN '035720.KS'::text THEN 9 WHEN '105560.KS'::text THEN 10 ELSE 11 END)"
              ],
              "Plans": [
                {
                  "Node Type": "Nested Loop",
                  "Parent Relationship": "Outer",
                  "Parallel Aware": false,
                  "Async Capable": false,
                  "Join Type": "Left",
                  "Startup Cost": 2.65,
                  "Total Cost": 24.74,
                  "Plan Rows": 1,
                  "Plan Width": 109,
                  "Inner Unique": true,
                  "Plans": [
                    {
                      "Node Type": "Bitmap Heap Scan",
                      "Parent Relationship": "Outer",
                      "Parallel Aware": false,
                      "Async Capable": false,
                      "Relation Name": "stocks_daily_info",
                      "Alias": "sdi",
                      "Startup Cost": 2.36,
                      "Total Cost": 20.4,
                      "Plan Rows": 1,
                      "Plan Width": 68,
                      "Recheck Cond": "(event_date = '2023-10-13'::date)",
                      "Filter": "((market_cap >= '67200000000'::numeric) AND (market = 'KOSPI'::text))",
                      "Plans": [
                        {
                          "Node Type": "Bitmap Index Scan",
                          "Parent Relationship": "Outer",
                          "Parallel Aware": false,
                          "Async Capable": false,
                          "Index Name": "idx_sdi_event_date",
                          "Startup Cost": 0.0,
                          "Total Cost": 2.36,
                          "Plan Rows": 10,
                          "Plan Width": 0,
                          "Index Cond": "(event_date = '2023-10-13'::date)"
                        }
                      ]
                    },
                    {
                      "Node Type": "Index Scan",
                      "Parent Relationship": "Inner",
                      "Parallel Aware": false,
                      "Async Capable": false,
                      "Scan Direction": "Forward",
                      "Index Name": "fundamentals_daily_pkey",
                      "Relation Name": "fundamentals_daily",
                      "Alias": "fd",
                      "Startup Cost": 0.29,
                      "Total Cost": 4.3,
                      "Plan Rows": 1,
                      "Plan Width": 55,
                      "Index Cond": "((event_date = '2023-10-13'::date) AND (ticker = sdi.ticker))"
                    }
                  ]
                }
              ]
            },
            {
              "Node Type": "Aggregate",
              "Strategy": "Plain",
              "Partial Mode": "Simple",
              "Parent Relationship": "SubPlan",
              "Subplan Name": "SubPlan 1",
              "Parallel Aware": false,
              "Async Capable": false,
              "Startup Cost": 4.27,
              "Total Cost": 4.28,
              "Plan Rows": 1,
              "Plan Width": 32,
              "Plans": [
                {
                  "Node Type": "Limit",
                  "Parent Relationship": "Outer",
                  "Parallel Aware": false,
                  "Async Capable": false,
                  "Startup Cost": 0.29,
                  "Total Cost": 4.25,
                  "Plan Rows": 1,
                  "Plan Width": 12,
                  "Plans": [
                    {
                      "Node Type": "Index Scan",
                      "Parent Relationship": "Outer",
                      "Parallel Aware": false,
                      "Async Capable": false,
                      "Scan Direction": "Backward",
                      "Index Name": "idx_finq_period_end",
                      "Relation Name": "financials_quarterly",
                      "Alias": "fq",
                      "Startup Cost": 0.29,
                      "Total Cost": 4.25,
                      "Plan Rows": 1,
                      "Plan Width": 12,
                      "Index Cond": "(period_end <= '2023-10-13'::date)",
                      "Filter": "((statement_type = ANY ('{IS_Q,CF_Q}'::text[])) AND (ticker = sdi.ticker) AND (item_name = 'OperatingIncome'::text))"
                    }
                  ]
                }
              ]
            }
          ]
        }
      ]
    }
  },
  "db_statistics": {
    "table_stats": {
      "stocks_daily_info": {
        "row_count": 12700,
        "size_mb": 1.71
      },
      "fundamentals_daily": {
        "row_count": 12080,
        "size_mb": 2.33
      },
      "financials_quarterly": {
        "row_count": 8634,
        "size_mb": 0.8
      }
    },
    "existing_indexes": [
      "backtest_results_pkey",
      "community_posts_pkey",
      "financials_quarterly_pkey",
      "fundamentals_daily_pkey",
      "idx_finq_period_end",
      "idx_finq_ticker",
      "idx_fund_event_date",
      "idx_fund_ticker",
      "idx_sdi_event_date",
      "idx_sdi_ticker",
      "ix_backtest_results_strategy_id",
      "ix_community_posts_author_id",
      "ix_community_posts_strategy_id",
      "ix_ml_models_owner_id",
      "ix_strategies_owner_id",
      "ix_users_email",
      "ml_models_pkey",
      "stocks_daily_info_pkey",
      "strategies_pkey",
      "users_pkey"
    ]
  }
}
---
{
  "workload_id": 288,
  "metadata": {
    "strategy_template": "ML Hybrid Style",
    "ml_model_used": "Return Forecast Model"
  },
  "sql_query": "SELECT fd.bps, fd.dividend_yield, fd.eps, fd.pbr, fd.per, sdi.close_price, sdi.company_name, sdi.ma_20d, sdi.market_cap, sdi.momentum_12m, sdi.momentum_3m, sdi.rsi_14, sdi.ticker, sdi.volatility_20d FROM stocks_daily_info sdi LEFT JOIN fundamentals_daily fd ON fd.ticker = sdi.ticker AND fd.event_date = sdi.event_date WHERE sdi.market = 'KOSDAQ' AND sdi.market_cap >= 208400000000 AND sdi.event_date = DATE '2023-09-06' ORDER BY CASE sdi.ticker WHEN '000660.KS' THEN 1 WHEN '005930.KS' THEN 2 WHEN '068270.KQ' THEN 3 WHEN '207940.KS' THEN 4 WHEN '035420.KS' THEN 5 WHEN '005380.KS' THEN 6 WHEN '051910.KS' THEN 7 WHEN '012330.KS' THEN 8 WHEN '035720.KS' THEN 9 WHEN '105560.KS' THEN 10 ELSE 11 END LIMIT 47;",
  "baseline_execution_plan": {
    "Plan": {
      "Node Type": "Limit",
      "Parallel Aware": false,
      "Async Capable": false,
      "Startup Cost": 24.75,
      "Total Cost": 24.75,
      "Plan Rows": 1,
      "Plan Width": 109,
      "Plans": [
        {
          "Node Type": "Sort",
          "Parent Relationship": "Outer",
          "Parallel Aware": false,
          "Async Capable": false,
          "Startup Cost": 24.75,
          "Total Cost": 24.75,
          "Plan Rows": 1,
          "Plan Width": 109,
          "Sort Key": [
            "(CASE sdi.ticker WHEN '000660.KS'::text THEN 1 WHEN '005930.KS'::text THEN 2 WHEN '068270.KQ'::text THEN 3 WHEN '207940.KS'::text THEN 4 WHEN '035420.KS'::text THEN 5 WHEN '005380.KS'::text THEN 6 WHEN '051910.KS'::text THEN 7 WHEN '012330.KS'::text THEN 8 WHEN '035720.KS'::text THEN 9 WHEN '105560.KS'::text THEN 10 ELSE 11 END)"
          ],
          "Plans": [
            {
              "Node Type": "Nested Loop",
              "Parent Relationship": "Outer",
              "Parallel Aware": false,
              "Async Capable": false,
              "Join Type": "Left",
              "Startup Cost": 2.65,
              "Total Cost": 24.74,
              "Plan Rows": 1,
              "Plan Width": 109,
              "Inner Unique": true,
              "Plans": [
                {
                  "Node Type": "Bitmap Heap Scan",
                  "Parent Relationship": "Outer",
                  "Parallel Aware": false,
                  "Async Capable": false,
                  "Relation Name": "stocks_daily_info",
                  "Alias": "sdi",
                  "Startup Cost": 2.36,
                  "Total Cost": 20.4,
                  "Plan Rows": 1,
                  "Plan Width": 68,
                  "Recheck Cond": "(event_date = '2023-09-06'::date)",
                  "Filter": "((market_cap >= '208400000000'::numeric) AND (market = 'KOSDAQ'::text))",
                  "Plans": [
                    {
                      "Node Type": "Bitmap Index Scan",
                      "Parent Relationship": "Outer",
                      "Parallel Aware": false,
                      "Async Capable": false,
                      "Index Name": "idx_sdi_event_date",
                      "Startup Cost": 0.0,
                      "Total Cost": 2.36,
                      "Plan Rows": 10,
                      "Plan Width": 0,
                      "Index Cond": "(event_date = '2023-09-06'::date)"
                    }
                  ]
                },
                {
                  "Node Type": "Index Scan",
                  "Parent Relationship": "Inner",
                  "Parallel Aware": false,
                  "Async Capable": false,
                  "Scan Direction": "Forward",
                  "Index Name": "fundamentals_daily_pkey",
                  "Relation Name": "fundamentals_daily",
                  "Alias": "fd",
                  "Startup Cost": 0.29,
                  "Total Cost": 4.3,
                  "Plan Rows": 1,
                  "Plan Width": 55,
                  "Index Cond": "((event_date = '2023-09-06'::date) AND (ticker = sdi.ticker))"
                }
              ]
            }
          ]
        }
      ]
    }
  },
  "db_statistics": {
    "table_stats": {
      "stocks_daily_info": {
        "row_count": 12700,
        "size_mb": 1.71
      },
      "fundamentals_daily": {
        "row_count": 12080,
        "size_mb": 2.33
      },
      "financials_quarterly": {
        "row_count": 8634,
        "size_mb": 0.8
      }
    },
    "existing_indexes": [
      "backtest_results_pkey",
      "community_posts_pkey",
      "financials_quarterly_pkey",
      "fundamentals_daily_pkey",
      "idx_finq_period_end",
      "idx_finq_ticker",
      "idx_fund_event_date",
      "idx_fund_ticker",
      "idx_sdi_event_date",
      "idx_sdi_ticker",
      "ix_backtest_results_strategy_id",
      "ix_community_posts_author_id",
      "ix_community_posts_strategy_id",
      "ix_ml_models_owner_id",
      "ix_strategies_owner_id",
      "ix_users_email",
      "ml_models_pkey",
      "stocks_daily_info_pkey",
      "strategies_pkey",
      "users_pkey"
    ]
  }
}
---
{
  "workload_id": 289,
  "metadata": {
    "strategy_template": "Momentum Investing Style",
    "ml_model_used": null
  },
  "sql_query": "SELECT ( SELECT COALESCE(SUM(value), 0) FROM ( SELECT value FROM financials_quarterly fq WHERE fq.ticker = sdi.ticker AND fq.item_name = 'OperatingCashFlow' AND fq.statement_type IN ('IS_Q','CF_Q') AND fq.period_end <= DATE '2023-07-28' ORDER BY fq.period_end DESC LIMIT 4 ) as recent_quarters ) AS ttm_operatingcashflow , sdi.close_price, sdi.company_name, sdi.ma_20d, sdi.market_cap, sdi.momentum_12m, sdi.momentum_3m, sdi.rsi_14, sdi.ticker, sdi.volatility_20d FROM stocks_daily_info sdi WHERE sdi.market = 'KOSPI' AND sdi.market_cap >= 90300000000 AND sdi.event_date = DATE '2023-07-28' ORDER BY sdi.momentum_3m desc, sdi.momentum_12m desc, sdi.volatility_20d asc LIMIT 35;",
  "baseline_execution_plan": {
    "Plan": {
      "Node Type": "Limit",
      "Parallel Aware": false,
      "Async Capable": false,
      "Startup Cost": 20.41,
      "Total Cost": 24.7,
      "Plan Rows": 1,
      "Plan Width": 96,
      "Plans": [
        {
          "Node Type": "Result",
          "Parent Relationship": "Outer",
          "Parallel Aware": false,
          "Async Capable": false,
          "Startup Cost": 20.41,
          "Total Cost": 24.7,
          "Plan Rows": 1,
          "Plan Width": 96,
          "Plans": [
            {
              "Node Type": "Sort",
              "Parent Relationship": "Outer",
              "Parallel Aware": false,
              "Async Capable": false,
              "Startup Cost": 20.41,
              "Total Cost": 20.41,
              "Plan Rows": 1,
              "Plan Width": 64,
              "Sort Key": [
                "sdi.momentum_3m DESC",
                "sdi.momentum_12m DESC",
                "sdi.volatility_20d"
              ],
              "Plans": [
                {
                  "Node Type": "Bitmap Heap Scan",
                  "Parent Relationship": "Outer",
                  "Parallel Aware": false,
                  "Async Capable": false,
                  "Relation Name": "stocks_daily_info",
                  "Alias": "sdi",
                  "Startup Cost": 2.36,
                  "Total Cost": 20.4,
                  "Plan Rows": 1,
                  "Plan Width": 64,
                  "Recheck Cond": "(event_date = '2023-07-28'::date)",
                  "Filter": "((market_cap >= '90300000000'::numeric) AND (market = 'KOSPI'::text))",
                  "Plans": [
                    {
                      "Node Type": "Bitmap Index Scan",
                      "Parent Relationship": "Outer",
                      "Parallel Aware": false,
                      "Async Capable": false,
                      "Index Name": "idx_sdi_event_date",
                      "Startup Cost": 0.0,
                      "Total Cost": 2.36,
                      "Plan Rows": 10,
                      "Plan Width": 0,
                      "Index Cond": "(event_date = '2023-07-28'::date)"
                    }
                  ]
                }
              ]
            },
            {
              "Node Type": "Aggregate",
              "Strategy": "Plain",
              "Partial Mode": "Simple",
              "Parent Relationship": "SubPlan",
              "Subplan Name": "SubPlan 1",
              "Parallel Aware": false,
              "Async Capable": false,
              "Startup Cost": 4.27,
              "Total Cost": 4.28,
              "Plan Rows": 1,
              "Plan Width": 32,
              "Plans": [
                {
                  "Node Type": "Limit",
                  "Parent Relationship": "Outer",
                  "Parallel Aware": false,
                  "Async Capable": false,
                  "Startup Cost": 0.29,
                  "Total Cost": 4.25,
                  "Plan Rows": 1,
                  "Plan Width": 12,
                  "Plans": [
                    {
                      "Node Type": "Index Scan",
                      "Parent Relationship": "Outer",
                      "Parallel Aware": false,
                      "Async Capable": false,
                      "Scan Direction": "Backward",
                      "Index Name": "idx_finq_period_end",
                      "Relation Name": "financials_quarterly",
                      "Alias": "fq",
                      "Startup Cost": 0.29,
                      "Total Cost": 4.25,
                      "Plan Rows": 1,
                      "Plan Width": 12,
                      "Index Cond": "(period_end <= '2023-07-28'::date)",
                      "Filter": "((statement_type = ANY ('{IS_Q,CF_Q}'::text[])) AND (ticker = sdi.ticker) AND (item_name = 'OperatingCashFlow'::text))"
                    }
                  ]
                }
              ]
            }
          ]
        }
      ]
    }
  },
  "db_statistics": {
    "table_stats": {
      "stocks_daily_info": {
        "row_count": 12700,
        "size_mb": 1.71
      },
      "fundamentals_daily": {
        "row_count": 12080,
        "size_mb": 2.33
      },
      "financials_quarterly": {
        "row_count": 8634,
        "size_mb": 0.8
      }
    },
    "existing_indexes": [
      "backtest_results_pkey",
      "community_posts_pkey",
      "financials_quarterly_pkey",
      "fundamentals_daily_pkey",
      "idx_finq_period_end",
      "idx_finq_ticker",
      "idx_fund_event_date",
      "idx_fund_ticker",
      "idx_sdi_event_date",
      "idx_sdi_ticker",
      "ix_backtest_results_strategy_id",
      "ix_community_posts_author_id",
      "ix_community_posts_strategy_id",
      "ix_ml_models_owner_id",
      "ix_strategies_owner_id",
      "ix_users_email",
      "ml_models_pkey",
      "stocks_daily_info_pkey",
      "strategies_pkey",
      "users_pkey"
    ]
  }
}
---
{
  "workload_id": 290,
  "metadata": {
    "strategy_template": "Value Investing Style",
    "ml_model_used": null
  },
  "sql_query": "SELECT fd.bps, fd.dividend_yield, fd.eps, fd.pbr, fd.per, sdi.close_price, sdi.company_name, sdi.ma_20d, sdi.market_cap, sdi.momentum_12m, sdi.momentum_3m, sdi.rsi_14, sdi.ticker, sdi.volatility_20d FROM stocks_daily_info sdi LEFT JOIN fundamentals_daily fd ON fd.ticker = sdi.ticker AND fd.event_date = sdi.event_date WHERE sdi.market = 'KOSDAQ' AND sdi.market_cap >= 190200000000 AND sdi.event_date = DATE '2023-10-05' ORDER BY fd.pbr desc, fd.per asc, fd.dividend_yield desc LIMIT 48;",
  "baseline_execution_plan": {
    "Plan": {
      "Node Type": "Limit",
      "Parallel Aware": false,
      "Async Capable": false,
      "Startup Cost": 24.72,
      "Total Cost": 24.73,
      "Plan Rows": 1,
      "Plan Width": 105,
      "Plans": [
        {
          "Node Type": "Sort",
          "Parent Relationship": "Outer",
          "Parallel Aware": false,
          "Async Capable": false,
          "Startup Cost": 24.72,
          "Total Cost": 24.73,
          "Plan Rows": 1,
          "Plan Width": 105,
          "Sort Key": [
            "fd.pbr DESC",
            "fd.per",
            "fd.dividend_yield DESC"
          ],
          "Plans": [
            {
              "Node Type": "Nested Loop",
              "Parent Relationship": "Outer",
              "Parallel Aware": false,
              "Async Capable": false,
              "Join Type": "Left",
              "Startup Cost": 2.65,
              "Total Cost": 24.71,
              "Plan Rows": 1,
              "Plan Width": 105,
              "Inner Unique": true,
              "Plans": [
                {
                  "Node Type": "Bitmap Heap Scan",
                  "Parent Relationship": "Outer",
                  "Parallel Aware": false,
                  "Async Capable": false,
                  "Relation Name": "stocks_daily_info",
                  "Alias": "sdi",
                  "Startup Cost": 2.36,
                  "Total Cost": 20.4,
                  "Plan Rows": 1,
                  "Plan Width": 68,
                  "Recheck Cond": "(event_date = '2023-10-05'::date)",
                  "Filter": "((market_cap >= '190200000000'::numeric) AND (market = 'KOSDAQ'::text))",
                  "Plans": [
                    {
                      "Node Type": "Bitmap Index Scan",
                      "Parent Relationship": "Outer",
                      "Parallel Aware": false,
                      "Async Capable": false,
                      "Index Name": "idx_sdi_event_date",
                      "Startup Cost": 0.0,
                      "Total Cost": 2.36,
                      "Plan Rows": 10,
                      "Plan Width": 0,
                      "Index Cond": "(event_date = '2023-10-05'::date)"
                    }
                  ]
                },
                {
                  "Node Type": "Index Scan",
                  "Parent Relationship": "Inner",
                  "Parallel Aware": false,
                  "Async Capable": false,
                  "Scan Direction": "Forward",
                  "Index Name": "fundamentals_daily_pkey",
                  "Relation Name": "fundamentals_daily",
                  "Alias": "fd",
                  "Startup Cost": 0.29,
                  "Total Cost": 4.3,
                  "Plan Rows": 1,
                  "Plan Width": 55,
                  "Index Cond": "((event_date = '2023-10-05'::date) AND (ticker = sdi.ticker))"
                }
              ]
            }
          ]
        }
      ]
    }
  },
  "db_statistics": {
    "table_stats": {
      "stocks_daily_info": {
        "row_count": 12700,
        "size_mb": 1.71
      },
      "fundamentals_daily": {
        "row_count": 12080,
        "size_mb": 2.33
      },
      "financials_quarterly": {
        "row_count": 8634,
        "size_mb": 0.8
      }
    },
    "existing_indexes": [
      "backtest_results_pkey",
      "community_posts_pkey",
      "financials_quarterly_pkey",
      "fundamentals_daily_pkey",
      "idx_finq_period_end",
      "idx_finq_ticker",
      "idx_fund_event_date",
      "idx_fund_ticker",
      "idx_sdi_event_date",
      "idx_sdi_ticker",
      "ix_backtest_results_strategy_id",
      "ix_community_posts_author_id",
      "ix_community_posts_strategy_id",
      "ix_ml_models_owner_id",
      "ix_strategies_owner_id",
      "ix_users_email",
      "ml_models_pkey",
      "stocks_daily_info_pkey",
      "strategies_pkey",
      "users_pkey"
    ]
  }
}
---
{
  "workload_id": 291,
  "metadata": {
    "strategy_template": "ML Hybrid Style",
    "ml_model_used": "Return Forecast Model"
  },
  "sql_query": "SELECT ( SELECT COALESCE(SUM(value), 0) FROM ( SELECT value FROM financials_quarterly fq WHERE fq.ticker = sdi.ticker AND fq.item_name = 'NetIncome' AND fq.statement_type IN ('IS_Q','CF_Q') AND fq.period_end <= DATE '2023-09-13' ORDER BY fq.period_end DESC LIMIT 4 ) as recent_quarters ) AS ttm_netincome , fd.bps, fd.dividend_yield, fd.eps, fd.pbr, fd.per, sdi.close_price, sdi.company_name, sdi.ma_20d, sdi.market_cap, sdi.momentum_12m, sdi.momentum_3m, sdi.rsi_14, sdi.ticker, sdi.volatility_20d FROM stocks_daily_info sdi LEFT JOIN fundamentals_daily fd ON fd.ticker = sdi.ticker AND fd.event_date = sdi.event_date WHERE sdi.market = 'KOSPI' AND sdi.market_cap >= 380800000000 AND sdi.event_date = DATE '2023-09-13' ORDER BY CASE sdi.ticker WHEN '000660.KS' THEN 1 WHEN '005930.KS' THEN 2 WHEN '068270.KQ' THEN 3 WHEN '207940.KS' THEN 4 WHEN '035420.KS' THEN 5 WHEN '005380.KS' THEN 6 WHEN '051910.KS' THEN 7 WHEN '012330.KS' THEN 8 WHEN '035720.KS' THEN 9 WHEN '105560.KS' THEN 10 ELSE 11 END LIMIT 47;",
  "baseline_execution_plan": {
    "Plan": {
      "Node Type": "Limit",
      "Parallel Aware": false,
      "Async Capable": false,
      "Startup Cost": 24.75,
      "Total Cost": 29.07,
      "Plan Rows": 1,
      "Plan Width": 141,
      "Plans": [
        {
          "Node Type": "Result",
          "Parent Relationship": "Outer",
          "Parallel Aware": false,
          "Async Capable": false,
          "Startup Cost": 24.75,
          "Total Cost": 29.07,
          "Plan Rows": 1,
          "Plan Width": 141,
          "Plans": [
            {
              "Node Type": "Sort",
              "Parent Relationship": "Outer",
              "Parallel Aware": false,
              "Async Capable": false,
              "Startup Cost": 24.75,
              "Total Cost": 24.75,
              "Plan Rows": 1,
              "Plan Width": 109,
              "Sort Key": [
                "(CASE sdi.ticker WHEN '000660.KS'::text THEN 1 WHEN '005930.KS'::text THEN 2 WHEN '068270.KQ'::text THEN 3 WHEN '207940.KS'::text THEN 4 WHEN '035420.KS'::text THEN 5 WHEN '005380.KS'::text THEN 6 WHEN '051910.KS'::text THEN 7 WHEN '012330.KS'::text THEN 8 WHEN '035720.KS'::text THEN 9 WHEN '105560.KS'::text THEN 10 ELSE 11 END)"
              ],
              "Plans": [
                {
                  "Node Type": "Nested Loop",
                  "Parent Relationship": "Outer",
                  "Parallel Aware": false,
                  "Async Capable": false,
                  "Join Type": "Left",
                  "Startup Cost": 2.65,
                  "Total Cost": 24.74,
                  "Plan Rows": 1,
                  "Plan Width": 109,
                  "Inner Unique": true,
                  "Plans": [
                    {
                      "Node Type": "Bitmap Heap Scan",
                      "Parent Relationship": "Outer",
                      "Parallel Aware": false,
                      "Async Capable": false,
                      "Relation Name": "stocks_daily_info",
                      "Alias": "sdi",
                      "Startup Cost": 2.36,
                      "Total Cost": 20.4,
                      "Plan Rows": 1,
                      "Plan Width": 68,
                      "Recheck Cond": "(event_date = '2023-09-13'::date)",
                      "Filter": "((market_cap >= '380800000000'::numeric) AND (market = 'KOSPI'::text))",
                      "Plans": [
                        {
                          "Node Type": "Bitmap Index Scan",
                          "Parent Relationship": "Outer",
                          "Parallel Aware": false,
                          "Async Capable": false,
                          "Index Name": "idx_sdi_event_date",
                          "Startup Cost": 0.0,
                          "Total Cost": 2.36,
                          "Plan Rows": 10,
                          "Plan Width": 0,
                          "Index Cond": "(event_date = '2023-09-13'::date)"
                        }
                      ]
                    },
                    {
                      "Node Type": "Index Scan",
                      "Parent Relationship": "Inner",
                      "Parallel Aware": false,
                      "Async Capable": false,
                      "Scan Direction": "Forward",
                      "Index Name": "fundamentals_daily_pkey",
                      "Relation Name": "fundamentals_daily",
                      "Alias": "fd",
                      "Startup Cost": 0.29,
                      "Total Cost": 4.3,
                      "Plan Rows": 1,
                      "Plan Width": 55,
                      "Index Cond": "((event_date = '2023-09-13'::date) AND (ticker = sdi.ticker))"
                    }
                  ]
                }
              ]
            },
            {
              "Node Type": "Aggregate",
              "Strategy": "Plain",
              "Partial Mode": "Simple",
              "Parent Relationship": "SubPlan",
              "Subplan Name": "SubPlan 1",
              "Parallel Aware": false,
              "Async Capable": false,
              "Startup Cost": 4.27,
              "Total Cost": 4.28,
              "Plan Rows": 1,
              "Plan Width": 32,
              "Plans": [
                {
                  "Node Type": "Limit",
                  "Parent Relationship": "Outer",
                  "Parallel Aware": false,
                  "Async Capable": false,
                  "Startup Cost": 0.29,
                  "Total Cost": 4.25,
                  "Plan Rows": 1,
                  "Plan Width": 12,
                  "Plans": [
                    {
                      "Node Type": "Index Scan",
                      "Parent Relationship": "Outer",
                      "Parallel Aware": false,
                      "Async Capable": false,
                      "Scan Direction": "Backward",
                      "Index Name": "idx_finq_period_end",
                      "Relation Name": "financials_quarterly",
                      "Alias": "fq",
                      "Startup Cost": 0.29,
                      "Total Cost": 4.25,
                      "Plan Rows": 1,
                      "Plan Width": 12,
                      "Index Cond": "(period_end <= '2023-09-13'::date)",
                      "Filter": "((statement_type = ANY ('{IS_Q,CF_Q}'::text[])) AND (ticker = sdi.ticker) AND (item_name = 'NetIncome'::text))"
                    }
                  ]
                }
              ]
            }
          ]
        }
      ]
    }
  },
  "db_statistics": {
    "table_stats": {
      "stocks_daily_info": {
        "row_count": 12700,
        "size_mb": 1.71
      },
      "fundamentals_daily": {
        "row_count": 12080,
        "size_mb": 2.33
      },
      "financials_quarterly": {
        "row_count": 8634,
        "size_mb": 0.8
      }
    },
    "existing_indexes": [
      "backtest_results_pkey",
      "community_posts_pkey",
      "financials_quarterly_pkey",
      "fundamentals_daily_pkey",
      "idx_finq_period_end",
      "idx_finq_ticker",
      "idx_fund_event_date",
      "idx_fund_ticker",
      "idx_sdi_event_date",
      "idx_sdi_ticker",
      "ix_backtest_results_strategy_id",
      "ix_community_posts_author_id",
      "ix_community_posts_strategy_id",
      "ix_ml_models_owner_id",
      "ix_strategies_owner_id",
      "ix_users_email",
      "ml_models_pkey",
      "stocks_daily_info_pkey",
      "strategies_pkey",
      "users_pkey"
    ]
  }
}
---
{
  "workload_id": 292,
  "metadata": {
    "strategy_template": "Momentum Investing Style",
    "ml_model_used": null
  },
  "sql_query": "SELECT sdi.close_price, sdi.company_name, sdi.ma_20d, sdi.market_cap, sdi.momentum_12m, sdi.momentum_3m, sdi.rsi_14, sdi.ticker, sdi.volatility_20d FROM stocks_daily_info sdi WHERE sdi.market = 'KOSDAQ' AND sdi.market_cap >= 282300000000 AND sdi.event_date = DATE '2023-09-18' ORDER BY sdi.momentum_3m desc, sdi.momentum_12m asc, sdi.volatility_20d asc, sdi.rsi_14 desc LIMIT 21;",
  "baseline_execution_plan": {
    "Plan": {
      "Node Type": "Limit",
      "Parallel Aware": false,
      "Async Capable": false,
      "Startup Cost": 20.41,
      "Total Cost": 20.41,
      "Plan Rows": 1,
      "Plan Width": 64,
      "Plans": [
        {
          "Node Type": "Sort",
          "Parent Relationship": "Outer",
          "Parallel Aware": false,
          "Async Capable": false,
          "Startup Cost": 20.41,
          "Total Cost": 20.41,
          "Plan Rows": 1,
          "Plan Width": 64,
          "Sort Key": [
            "momentum_3m DESC",
            "momentum_12m",
            "volatility_20d",
            "rsi_14 DESC"
          ],
          "Plans": [
            {
              "Node Type": "Bitmap Heap Scan",
              "Parent Relationship": "Outer",
              "Parallel Aware": false,
              "Async Capable": false,
              "Relation Name": "stocks_daily_info",
              "Alias": "sdi",
              "Startup Cost": 2.36,
              "Total Cost": 20.4,
              "Plan Rows": 1,
              "Plan Width": 64,
              "Recheck Cond": "(event_date = '2023-09-18'::date)",
              "Filter": "((market_cap >= '282300000000'::numeric) AND (market = 'KOSDAQ'::text))",
              "Plans": [
                {
                  "Node Type": "Bitmap Index Scan",
                  "Parent Relationship": "Outer",
                  "Parallel Aware": false,
                  "Async Capable": false,
                  "Index Name": "idx_sdi_event_date",
                  "Startup Cost": 0.0,
                  "Total Cost": 2.36,
                  "Plan Rows": 10,
                  "Plan Width": 0,
                  "Index Cond": "(event_date = '2023-09-18'::date)"
                }
              ]
            }
          ]
        }
      ]
    }
  },
  "db_statistics": {
    "table_stats": {
      "stocks_daily_info": {
        "row_count": 12700,
        "size_mb": 1.71
      },
      "fundamentals_daily": {
        "row_count": 12080,
        "size_mb": 2.33
      },
      "financials_quarterly": {
        "row_count": 8634,
        "size_mb": 0.8
      }
    },
    "existing_indexes": [
      "backtest_results_pkey",
      "community_posts_pkey",
      "financials_quarterly_pkey",
      "fundamentals_daily_pkey",
      "idx_finq_period_end",
      "idx_finq_ticker",
      "idx_fund_event_date",
      "idx_fund_ticker",
      "idx_sdi_event_date",
      "idx_sdi_ticker",
      "ix_backtest_results_strategy_id",
      "ix_community_posts_author_id",
      "ix_community_posts_strategy_id",
      "ix_ml_models_owner_id",
      "ix_strategies_owner_id",
      "ix_users_email",
      "ml_models_pkey",
      "stocks_daily_info_pkey",
      "strategies_pkey",
      "users_pkey"
    ]
  }
}
---
{
  "workload_id": 293,
  "metadata": {
    "strategy_template": "Value Investing Style",
    "ml_model_used": null
  },
  "sql_query": "SELECT fd.bps, fd.dividend_yield, fd.eps, fd.pbr, fd.per, sdi.close_price, sdi.company_name, sdi.ma_20d, sdi.market_cap, sdi.momentum_12m, sdi.momentum_3m, sdi.rsi_14, sdi.ticker, sdi.volatility_20d FROM stocks_daily_info sdi LEFT JOIN fundamentals_daily fd ON fd.ticker = sdi.ticker AND fd.event_date = sdi.event_date WHERE sdi.market = 'KOSPI' AND sdi.market_cap >= 67700000000 AND sdi.event_date = DATE '2023-06-09' ORDER BY fd.pbr asc, fd.per desc LIMIT 37;",
  "baseline_execution_plan": {
    "Plan": {
      "Node Type": "Limit",
      "Parallel Aware": false,
      "Async Capable": false,
      "Startup Cost": 24.72,
      "Total Cost": 24.73,
      "Plan Rows": 1,
      "Plan Width": 105,
      "Plans": [
        {
          "Node Type": "Sort",
          "Parent Relationship": "Outer",
          "Parallel Aware": false,
          "Async Capable": false,
          "Startup Cost": 24.72,
          "Total Cost": 24.73,
          "Plan Rows": 1,
          "Plan Width": 105,
          "Sort Key": [
            "fd.pbr",
            "fd.per DESC"
          ],
          "Plans": [
            {
              "Node Type": "Nested Loop",
              "Parent Relationship": "Outer",
              "Parallel Aware": false,
              "Async Capable": false,
              "Join Type": "Left",
              "Startup Cost": 2.65,
              "Total Cost": 24.71,
              "Plan Rows": 1,
              "Plan Width": 105,
              "Inner Unique": true,
              "Plans": [
                {
                  "Node Type": "Bitmap Heap Scan",
                  "Parent Relationship": "Outer",
                  "Parallel Aware": false,
                  "Async Capable": false,
                  "Relation Name": "stocks_daily_info",
                  "Alias": "sdi",
                  "Startup Cost": 2.36,
                  "Total Cost": 20.4,
                  "Plan Rows": 1,
                  "Plan Width": 68,
                  "Recheck Cond": "(event_date = '2023-06-09'::date)",
                  "Filter": "((market_cap >= '67700000000'::numeric) AND (market = 'KOSPI'::text))",
                  "Plans": [
                    {
                      "Node Type": "Bitmap Index Scan",
                      "Parent Relationship": "Outer",
                      "Parallel Aware": false,
                      "Async Capable": false,
                      "Index Name": "idx_sdi_event_date",
                      "Startup Cost": 0.0,
                      "Total Cost": 2.36,
                      "Plan Rows": 10,
                      "Plan Width": 0,
                      "Index Cond": "(event_date = '2023-06-09'::date)"
                    }
                  ]
                },
                {
                  "Node Type": "Index Scan",
                  "Parent Relationship": "Inner",
                  "Parallel Aware": false,
                  "Async Capable": false,
                  "Scan Direction": "Forward",
                  "Index Name": "fundamentals_daily_pkey",
                  "Relation Name": "fundamentals_daily",
                  "Alias": "fd",
                  "Startup Cost": 0.29,
                  "Total Cost": 4.3,
                  "Plan Rows": 1,
                  "Plan Width": 55,
                  "Index Cond": "((event_date = '2023-06-09'::date) AND (ticker = sdi.ticker))"
                }
              ]
            }
          ]
        }
      ]
    }
  },
  "db_statistics": {
    "table_stats": {
      "stocks_daily_info": {
        "row_count": 12700,
        "size_mb": 1.71
      },
      "fundamentals_daily": {
        "row_count": 12080,
        "size_mb": 2.33
      },
      "financials_quarterly": {
        "row_count": 8634,
        "size_mb": 0.8
      }
    },
    "existing_indexes": [
      "backtest_results_pkey",
      "community_posts_pkey",
      "financials_quarterly_pkey",
      "fundamentals_daily_pkey",
      "idx_finq_period_end",
      "idx_finq_ticker",
      "idx_fund_event_date",
      "idx_fund_ticker",
      "idx_sdi_event_date",
      "idx_sdi_ticker",
      "ix_backtest_results_strategy_id",
      "ix_community_posts_author_id",
      "ix_community_posts_strategy_id",
      "ix_ml_models_owner_id",
      "ix_strategies_owner_id",
      "ix_users_email",
      "ml_models_pkey",
      "stocks_daily_info_pkey",
      "strategies_pkey",
      "users_pkey"
    ]
  }
}
---
{
  "workload_id": 294,
  "metadata": {
    "strategy_template": "ML Hybrid Style",
    "ml_model_used": null
  },
  "sql_query": "SELECT fd.bps, fd.dividend_yield, fd.eps, fd.pbr, fd.per, sdi.close_price, sdi.company_name, sdi.ma_20d, sdi.market_cap, sdi.momentum_12m, sdi.momentum_3m, sdi.rsi_14, sdi.ticker, sdi.volatility_20d FROM stocks_daily_info sdi LEFT JOIN fundamentals_daily fd ON fd.ticker = sdi.ticker AND fd.event_date = sdi.event_date WHERE sdi.market = 'KOSPI' AND sdi.market_cap >= 51500000000 AND sdi.event_date = DATE '2023-08-15' ORDER BY fd.pbr desc, sdi.momentum_3m desc, sdi.volatility_20d desc LIMIT 33;",
  "baseline_execution_plan": {
    "Plan": {
      "Node Type": "Limit",
      "Parallel Aware": false,
      "Async Capable": false,
      "Startup Cost": 24.72,
      "Total Cost": 24.73,
      "Plan Rows": 1,
      "Plan Width": 105,
      "Plans": [
        {
          "Node Type": "Sort",
          "Parent Relationship": "Outer",
          "Parallel Aware": false,
          "Async Capable": false,
          "Startup Cost": 24.72,
          "Total Cost": 24.73,
          "Plan Rows": 1,
          "Plan Width": 105,
          "Sort Key": [
            "fd.pbr DESC",
            "sdi.momentum_3m DESC",
            "sdi.volatility_20d DESC"
          ],
          "Plans": [
            {
              "Node Type": "Nested Loop",
              "Parent Relationship": "Outer",
              "Parallel Aware": false,
              "Async Capable": false,
              "Join Type": "Left",
              "Startup Cost": 2.65,
              "Total Cost": 24.71,
              "Plan Rows": 1,
              "Plan Width": 105,
              "Inner Unique": true,
              "Plans": [
                {
                  "Node Type": "Bitmap Heap Scan",
                  "Parent Relationship": "Outer",
                  "Parallel Aware": false,
                  "Async Capable": false,
                  "Relation Name": "stocks_daily_info",
                  "Alias": "sdi",
                  "Startup Cost": 2.36,
                  "Total Cost": 20.4,
                  "Plan Rows": 1,
                  "Plan Width": 68,
                  "Recheck Cond": "(event_date = '2023-08-15'::date)",
                  "Filter": "((market_cap >= '51500000000'::numeric) AND (market = 'KOSPI'::text))",
                  "Plans": [
                    {
                      "Node Type": "Bitmap Index Scan",
                      "Parent Relationship": "Outer",
                      "Parallel Aware": false,
                      "Async Capable": false,
                      "Index Name": "idx_sdi_event_date",
                      "Startup Cost": 0.0,
                      "Total Cost": 2.36,
                      "Plan Rows": 10,
                      "Plan Width": 0,
                      "Index Cond": "(event_date = '2023-08-15'::date)"
                    }
                  ]
                },
                {
                  "Node Type": "Index Scan",
                  "Parent Relationship": "Inner",
                  "Parallel Aware": false,
                  "Async Capable": false,
                  "Scan Direction": "Forward",
                  "Index Name": "fundamentals_daily_pkey",
                  "Relation Name": "fundamentals_daily",
                  "Alias": "fd",
                  "Startup Cost": 0.29,
                  "Total Cost": 4.3,
                  "Plan Rows": 1,
                  "Plan Width": 55,
                  "Index Cond": "((event_date = '2023-08-15'::date) AND (ticker = sdi.ticker))"
                }
              ]
            }
          ]
        }
      ]
    }
  },
  "db_statistics": {
    "table_stats": {
      "stocks_daily_info": {
        "row_count": 12700,
        "size_mb": 1.71
      },
      "fundamentals_daily": {
        "row_count": 12080,
        "size_mb": 2.33
      },
      "financials_quarterly": {
        "row_count": 8634,
        "size_mb": 0.8
      }
    },
    "existing_indexes": [
      "backtest_results_pkey",
      "community_posts_pkey",
      "financials_quarterly_pkey",
      "fundamentals_daily_pkey",
      "idx_finq_period_end",
      "idx_finq_ticker",
      "idx_fund_event_date",
      "idx_fund_ticker",
      "idx_sdi_event_date",
      "idx_sdi_ticker",
      "ix_backtest_results_strategy_id",
      "ix_community_posts_author_id",
      "ix_community_posts_strategy_id",
      "ix_ml_models_owner_id",
      "ix_strategies_owner_id",
      "ix_users_email",
      "ml_models_pkey",
      "stocks_daily_info_pkey",
      "strategies_pkey",
      "users_pkey"
    ]
  }
}
---
{
  "workload_id": 295,
  "metadata": {
    "strategy_template": "Momentum Investing Style",
    "ml_model_used": null
  },
  "sql_query": "SELECT sdi.close_price, sdi.company_name, sdi.ma_20d, sdi.market_cap, sdi.momentum_12m, sdi.momentum_3m, sdi.rsi_14, sdi.ticker, sdi.volatility_20d FROM stocks_daily_info sdi WHERE sdi.market = 'KOSPI' AND sdi.market_cap >= 157300000000 AND sdi.event_date = DATE '2023-06-09' ORDER BY sdi.momentum_3m desc, sdi.momentum_12m desc, sdi.volatility_20d asc, sdi.rsi_14 asc LIMIT 43;",
  "baseline_execution_plan": {
    "Plan": {
      "Node Type": "Limit",
      "Parallel Aware": false,
      "Async Capable": false,
      "Startup Cost": 20.41,
      "Total Cost": 20.41,
      "Plan Rows": 1,
      "Plan Width": 64,
      "Plans": [
        {
          "Node Type": "Sort",
          "Parent Relationship": "Outer",
          "Parallel Aware": false,
          "Async Capable": false,
          "Startup Cost": 20.41,
          "Total Cost": 20.41,
          "Plan Rows": 1,
          "Plan Width": 64,
          "Sort Key": [
            "momentum_3m DESC",
            "momentum_12m DESC",
            "volatility_20d",
            "rsi_14"
          ],
          "Plans": [
            {
              "Node Type": "Bitmap Heap Scan",
              "Parent Relationship": "Outer",
              "Parallel Aware": false,
              "Async Capable": false,
              "Relation Name": "stocks_daily_info",
              "Alias": "sdi",
              "Startup Cost": 2.36,
              "Total Cost": 20.4,
              "Plan Rows": 1,
              "Plan Width": 64,
              "Recheck Cond": "(event_date = '2023-06-09'::date)",
              "Filter": "((market_cap >= '157300000000'::numeric) AND (market = 'KOSPI'::text))",
              "Plans": [
                {
                  "Node Type": "Bitmap Index Scan",
                  "Parent Relationship": "Outer",
                  "Parallel Aware": false,
                  "Async Capable": false,
                  "Index Name": "idx_sdi_event_date",
                  "Startup Cost": 0.0,
                  "Total Cost": 2.36,
                  "Plan Rows": 10,
                  "Plan Width": 0,
                  "Index Cond": "(event_date = '2023-06-09'::date)"
                }
              ]
            }
          ]
        }
      ]
    }
  },
  "db_statistics": {
    "table_stats": {
      "stocks_daily_info": {
        "row_count": 12700,
        "size_mb": 1.71
      },
      "fundamentals_daily": {
        "row_count": 12080,
        "size_mb": 2.33
      },
      "financials_quarterly": {
        "row_count": 8634,
        "size_mb": 0.8
      }
    },
    "existing_indexes": [
      "backtest_results_pkey",
      "community_posts_pkey",
      "financials_quarterly_pkey",
      "fundamentals_daily_pkey",
      "idx_finq_period_end",
      "idx_finq_ticker",
      "idx_fund_event_date",
      "idx_fund_ticker",
      "idx_sdi_event_date",
      "idx_sdi_ticker",
      "ix_backtest_results_strategy_id",
      "ix_community_posts_author_id",
      "ix_community_posts_strategy_id",
      "ix_ml_models_owner_id",
      "ix_strategies_owner_id",
      "ix_users_email",
      "ml_models_pkey",
      "stocks_daily_info_pkey",
      "strategies_pkey",
      "users_pkey"
    ]
  }
}
---
{
  "workload_id": 296,
  "metadata": {
    "strategy_template": "ML Hybrid Style",
    "ml_model_used": "Return Forecast Model"
  },
  "sql_query": "SELECT fd.bps, fd.dividend_yield, fd.eps, fd.pbr, fd.per, sdi.close_price, sdi.company_name, sdi.ma_20d, sdi.market_cap, sdi.momentum_12m, sdi.momentum_3m, sdi.rsi_14, sdi.ticker, sdi.volatility_20d FROM stocks_daily_info sdi LEFT JOIN fundamentals_daily fd ON fd.ticker = sdi.ticker AND fd.event_date = sdi.event_date WHERE sdi.market = 'KOSDAQ' AND sdi.market_cap >= 304700000000 AND sdi.event_date = DATE '2023-07-17' ORDER BY CASE sdi.ticker WHEN '000660.KS' THEN 1 WHEN '005930.KS' THEN 2 WHEN '068270.KQ' THEN 3 WHEN '207940.KS' THEN 4 WHEN '035420.KS' THEN 5 WHEN '005380.KS' THEN 6 WHEN '051910.KS' THEN 7 WHEN '012330.KS' THEN 8 WHEN '035720.KS' THEN 9 WHEN '105560.KS' THEN 10 ELSE 11 END LIMIT 19;",
  "baseline_execution_plan": {
    "Plan": {
      "Node Type": "Limit",
      "Parallel Aware": false,
      "Async Capable": false,
      "Startup Cost": 24.75,
      "Total Cost": 24.75,
      "Plan Rows": 1,
      "Plan Width": 109,
      "Plans": [
        {
          "Node Type": "Sort",
          "Parent Relationship": "Outer",
          "Parallel Aware": false,
          "Async Capable": false,
          "Startup Cost": 24.75,
          "Total Cost": 24.75,
          "Plan Rows": 1,
          "Plan Width": 109,
          "Sort Key": [
            "(CASE sdi.ticker WHEN '000660.KS'::text THEN 1 WHEN '005930.KS'::text THEN 2 WHEN '068270.KQ'::text THEN 3 WHEN '207940.KS'::text THEN 4 WHEN '035420.KS'::text THEN 5 WHEN '005380.KS'::text THEN 6 WHEN '051910.KS'::text THEN 7 WHEN '012330.KS'::text THEN 8 WHEN '035720.KS'::text THEN 9 WHEN '105560.KS'::text THEN 10 ELSE 11 END)"
          ],
          "Plans": [
            {
              "Node Type": "Nested Loop",
              "Parent Relationship": "Outer",
              "Parallel Aware": false,
              "Async Capable": false,
              "Join Type": "Left",
              "Startup Cost": 2.65,
              "Total Cost": 24.74,
              "Plan Rows": 1,
              "Plan Width": 109,
              "Inner Unique": true,
              "Plans": [
                {
                  "Node Type": "Bitmap Heap Scan",
                  "Parent Relationship": "Outer",
                  "Parallel Aware": false,
                  "Async Capable": false,
                  "Relation Name": "stocks_daily_info",
                  "Alias": "sdi",
                  "Startup Cost": 2.36,
                  "Total Cost": 20.4,
                  "Plan Rows": 1,
                  "Plan Width": 68,
                  "Recheck Cond": "(event_date = '2023-07-17'::date)",
                  "Filter": "((market_cap >= '304700000000'::numeric) AND (market = 'KOSDAQ'::text))",
                  "Plans": [
                    {
                      "Node Type": "Bitmap Index Scan",
                      "Parent Relationship": "Outer",
                      "Parallel Aware": false,
                      "Async Capable": false,
                      "Index Name": "idx_sdi_event_date",
                      "Startup Cost": 0.0,
                      "Total Cost": 2.36,
                      "Plan Rows": 10,
                      "Plan Width": 0,
                      "Index Cond": "(event_date = '2023-07-17'::date)"
                    }
                  ]
                },
                {
                  "Node Type": "Index Scan",
                  "Parent Relationship": "Inner",
                  "Parallel Aware": false,
                  "Async Capable": false,
                  "Scan Direction": "Forward",
                  "Index Name": "fundamentals_daily_pkey",
                  "Relation Name": "fundamentals_daily",
                  "Alias": "fd",
                  "Startup Cost": 0.29,
                  "Total Cost": 4.3,
                  "Plan Rows": 1,
                  "Plan Width": 55,
                  "Index Cond": "((event_date = '2023-07-17'::date) AND (ticker = sdi.ticker))"
                }
              ]
            }
          ]
        }
      ]
    }
  },
  "db_statistics": {
    "table_stats": {
      "stocks_daily_info": {
        "row_count": 12700,
        "size_mb": 1.71
      },
      "fundamentals_daily": {
        "row_count": 12080,
        "size_mb": 2.33
      },
      "financials_quarterly": {
        "row_count": 8634,
        "size_mb": 0.8
      }
    },
    "existing_indexes": [
      "backtest_results_pkey",
      "community_posts_pkey",
      "financials_quarterly_pkey",
      "fundamentals_daily_pkey",
      "idx_finq_period_end",
      "idx_finq_ticker",
      "idx_fund_event_date",
      "idx_fund_ticker",
      "idx_sdi_event_date",
      "idx_sdi_ticker",
      "ix_backtest_results_strategy_id",
      "ix_community_posts_author_id",
      "ix_community_posts_strategy_id",
      "ix_ml_models_owner_id",
      "ix_strategies_owner_id",
      "ix_users_email",
      "ml_models_pkey",
      "stocks_daily_info_pkey",
      "strategies_pkey",
      "users_pkey"
    ]
  }
}
---
{
  "workload_id": 297,
  "metadata": {
    "strategy_template": "ML Hybrid Style",
    "ml_model_used": "Return Forecast Model"
  },
  "sql_query": "SELECT fd.bps, fd.dividend_yield, fd.eps, fd.pbr, fd.per, sdi.close_price, sdi.company_name, sdi.ma_20d, sdi.market_cap, sdi.momentum_12m, sdi.momentum_3m, sdi.rsi_14, sdi.ticker, sdi.volatility_20d FROM stocks_daily_info sdi LEFT JOIN fundamentals_daily fd ON fd.ticker = sdi.ticker AND fd.event_date = sdi.event_date WHERE sdi.market = 'KOSPI' AND sdi.market_cap >= 285500000000 AND sdi.event_date = DATE '2023-10-16' ORDER BY CASE sdi.ticker WHEN '000660.KS' THEN 1 WHEN '005930.KS' THEN 2 WHEN '068270.KQ' THEN 3 WHEN '207940.KS' THEN 4 WHEN '035420.KS' THEN 5 WHEN '005380.KS' THEN 6 WHEN '051910.KS' THEN 7 WHEN '012330.KS' THEN 8 WHEN '035720.KS' THEN 9 WHEN '105560.KS' THEN 10 ELSE 11 END LIMIT 39;",
  "baseline_execution_plan": {
    "Plan": {
      "Node Type": "Limit",
      "Parallel Aware": false,
      "Async Capable": false,
      "Startup Cost": 24.75,
      "Total Cost": 24.75,
      "Plan Rows": 1,
      "Plan Width": 109,
      "Plans": [
        {
          "Node Type": "Sort",
          "Parent Relationship": "Outer",
          "Parallel Aware": false,
          "Async Capable": false,
          "Startup Cost": 24.75,
          "Total Cost": 24.75,
          "Plan Rows": 1,
          "Plan Width": 109,
          "Sort Key": [
            "(CASE sdi.ticker WHEN '000660.KS'::text THEN 1 WHEN '005930.KS'::text THEN 2 WHEN '068270.KQ'::text THEN 3 WHEN '207940.KS'::text THEN 4 WHEN '035420.KS'::text THEN 5 WHEN '005380.KS'::text THEN 6 WHEN '051910.KS'::text THEN 7 WHEN '012330.KS'::text THEN 8 WHEN '035720.KS'::text THEN 9 WHEN '105560.KS'::text THEN 10 ELSE 11 END)"
          ],
          "Plans": [
            {
              "Node Type": "Nested Loop",
              "Parent Relationship": "Outer",
              "Parallel Aware": false,
              "Async Capable": false,
              "Join Type": "Left",
              "Startup Cost": 2.65,
              "Total Cost": 24.74,
              "Plan Rows": 1,
              "Plan Width": 109,
              "Inner Unique": true,
              "Plans": [
                {
                  "Node Type": "Bitmap Heap Scan",
                  "Parent Relationship": "Outer",
                  "Parallel Aware": false,
                  "Async Capable": false,
                  "Relation Name": "stocks_daily_info",
                  "Alias": "sdi",
                  "Startup Cost": 2.36,
                  "Total Cost": 20.4,
                  "Plan Rows": 1,
                  "Plan Width": 68,
                  "Recheck Cond": "(event_date = '2023-10-16'::date)",
                  "Filter": "((market_cap >= '285500000000'::numeric) AND (market = 'KOSPI'::text))",
                  "Plans": [
                    {
                      "Node Type": "Bitmap Index Scan",
                      "Parent Relationship": "Outer",
                      "Parallel Aware": false,
                      "Async Capable": false,
                      "Index Name": "idx_sdi_event_date",
                      "Startup Cost": 0.0,
                      "Total Cost": 2.36,
                      "Plan Rows": 10,
                      "Plan Width": 0,
                      "Index Cond": "(event_date = '2023-10-16'::date)"
                    }
                  ]
                },
                {
                  "Node Type": "Index Scan",
                  "Parent Relationship": "Inner",
                  "Parallel Aware": false,
                  "Async Capable": false,
                  "Scan Direction": "Forward",
                  "Index Name": "fundamentals_daily_pkey",
                  "Relation Name": "fundamentals_daily",
                  "Alias": "fd",
                  "Startup Cost": 0.29,
                  "Total Cost": 4.3,
                  "Plan Rows": 1,
                  "Plan Width": 55,
                  "Index Cond": "((event_date = '2023-10-16'::date) AND (ticker = sdi.ticker))"
                }
              ]
            }
          ]
        }
      ]
    }
  },
  "db_statistics": {
    "table_stats": {
      "stocks_daily_info": {
        "row_count": 12700,
        "size_mb": 1.71
      },
      "fundamentals_daily": {
        "row_count": 12080,
        "size_mb": 2.33
      },
      "financials_quarterly": {
        "row_count": 8634,
        "size_mb": 0.8
      }
    },
    "existing_indexes": [
      "backtest_results_pkey",
      "community_posts_pkey",
      "financials_quarterly_pkey",
      "fundamentals_daily_pkey",
      "idx_finq_period_end",
      "idx_finq_ticker",
      "idx_fund_event_date",
      "idx_fund_ticker",
      "idx_sdi_event_date",
      "idx_sdi_ticker",
      "ix_backtest_results_strategy_id",
      "ix_community_posts_author_id",
      "ix_community_posts_strategy_id",
      "ix_ml_models_owner_id",
      "ix_strategies_owner_id",
      "ix_users_email",
      "ml_models_pkey",
      "stocks_daily_info_pkey",
      "strategies_pkey",
      "users_pkey"
    ]
  }
}
---
{
  "workload_id": 298,
  "metadata": {
    "strategy_template": "Momentum Investing Style",
    "ml_model_used": null
  },
  "sql_query": "SELECT sdi.close_price, sdi.company_name, sdi.ma_20d, sdi.market_cap, sdi.momentum_12m, sdi.momentum_3m, sdi.rsi_14, sdi.ticker, sdi.volatility_20d FROM stocks_daily_info sdi WHERE sdi.market = 'KOSDAQ' AND sdi.market_cap >= 201200000000 AND sdi.event_date = DATE '2023-05-06' ORDER BY sdi.momentum_3m asc, sdi.momentum_12m desc LIMIT 43;",
  "baseline_execution_plan": {
    "Plan": {
      "Node Type": "Limit",
      "Parallel Aware": false,
      "Async Capable": false,
      "Startup Cost": 20.41,
      "Total Cost": 20.41,
      "Plan Rows": 1,
      "Plan Width": 64,
      "Plans": [
        {
          "Node Type": "Sort",
          "Parent Relationship": "Outer",
          "Parallel Aware": false,
          "Async Capable": false,
          "Startup Cost": 20.41,
          "Total Cost": 20.41,
          "Plan Rows": 1,
          "Plan Width": 64,
          "Sort Key": [
            "momentum_3m",
            "momentum_12m DESC"
          ],
          "Plans": [
            {
              "Node Type": "Bitmap Heap Scan",
              "Parent Relationship": "Outer",
              "Parallel Aware": false,
              "Async Capable": false,
              "Relation Name": "stocks_daily_info",
              "Alias": "sdi",
              "Startup Cost": 2.36,
              "Total Cost": 20.4,
              "Plan Rows": 1,
              "Plan Width": 64,
              "Recheck Cond": "(event_date = '2023-05-06'::date)",
              "Filter": "((market_cap >= '201200000000'::numeric) AND (market = 'KOSDAQ'::text))",
              "Plans": [
                {
                  "Node Type": "Bitmap Index Scan",
                  "Parent Relationship": "Outer",
                  "Parallel Aware": false,
                  "Async Capable": false,
                  "Index Name": "idx_sdi_event_date",
                  "Startup Cost": 0.0,
                  "Total Cost": 2.36,
                  "Plan Rows": 10,
                  "Plan Width": 0,
                  "Index Cond": "(event_date = '2023-05-06'::date)"
                }
              ]
            }
          ]
        }
      ]
    }
  },
  "db_statistics": {
    "table_stats": {
      "stocks_daily_info": {
        "row_count": 12700,
        "size_mb": 1.71
      },
      "fundamentals_daily": {
        "row_count": 12080,
        "size_mb": 2.33
      },
      "financials_quarterly": {
        "row_count": 8634,
        "size_mb": 0.8
      }
    },
    "existing_indexes": [
      "backtest_results_pkey",
      "community_posts_pkey",
      "financials_quarterly_pkey",
      "fundamentals_daily_pkey",
      "idx_finq_period_end",
      "idx_finq_ticker",
      "idx_fund_event_date",
      "idx_fund_ticker",
      "idx_sdi_event_date",
      "idx_sdi_ticker",
      "ix_backtest_results_strategy_id",
      "ix_community_posts_author_id",
      "ix_community_posts_strategy_id",
      "ix_ml_models_owner_id",
      "ix_strategies_owner_id",
      "ix_users_email",
      "ml_models_pkey",
      "stocks_daily_info_pkey",
      "strategies_pkey",
      "users_pkey"
    ]
  }
}
---
{
  "workload_id": 299,
  "metadata": {
    "strategy_template": "ML Hybrid Style",
    "ml_model_used": null
  },
  "sql_query": "SELECT ( SELECT COALESCE(SUM(value), 0) FROM ( SELECT value FROM financials_quarterly fq WHERE fq.ticker = sdi.ticker AND fq.item_name = 'OperatingCashFlow' AND fq.statement_type IN ('IS_Q','CF_Q') AND fq.period_end <= DATE '2023-08-15' ORDER BY fq.period_end DESC LIMIT 4 ) as recent_quarters ) AS ttm_operatingcashflow , sdi.close_price, sdi.company_name, sdi.ma_20d, sdi.market_cap, sdi.momentum_12m, sdi.momentum_3m, sdi.rsi_14, sdi.ticker, sdi.volatility_20d FROM stocks_daily_info sdi WHERE sdi.market = 'KOSPI' AND sdi.market_cap >= 87800000000 AND sdi.event_date = DATE '2023-08-15' ORDER BY sdi.market_cap DESC LIMIT 39;",
  "baseline_execution_plan": {
    "Plan": {
      "Node Type": "Limit",
      "Parallel Aware": false,
      "Async Capable": false,
      "Startup Cost": 20.41,
      "Total Cost": 24.7,
      "Plan Rows": 1,
      "Plan Width": 96,
      "Plans": [
        {
          "Node Type": "Result",
          "Parent Relationship": "Outer",
          "Parallel Aware": false,
          "Async Capable": false,
          "Startup Cost": 20.41,
          "Total Cost": 24.7,
          "Plan Rows": 1,
          "Plan Width": 96,
          "Plans": [
            {
              "Node Type": "Sort",
              "Parent Relationship": "Outer",
              "Parallel Aware": false,
              "Async Capable": false,
              "Startup Cost": 20.41,
              "Total Cost": 20.41,
              "Plan Rows": 1,
              "Plan Width": 64,
              "Sort Key": [
                "sdi.market_cap DESC"
              ],
              "Plans": [
                {
                  "Node Type": "Bitmap Heap Scan",
                  "Parent Relationship": "Outer",
                  "Parallel Aware": false,
                  "Async Capable": false,
                  "Relation Name": "stocks_daily_info",
                  "Alias": "sdi",
                  "Startup Cost": 2.36,
                  "Total Cost": 20.4,
                  "Plan Rows": 1,
                  "Plan Width": 64,
                  "Recheck Cond": "(event_date = '2023-08-15'::date)",
                  "Filter": "((market_cap >= '87800000000'::numeric) AND (market = 'KOSPI'::text))",
                  "Plans": [
                    {
                      "Node Type": "Bitmap Index Scan",
                      "Parent Relationship": "Outer",
                      "Parallel Aware": false,
                      "Async Capable": false,
                      "Index Name": "idx_sdi_event_date",
                      "Startup Cost": 0.0,
                      "Total Cost": 2.36,
                      "Plan Rows": 10,
                      "Plan Width": 0,
                      "Index Cond": "(event_date = '2023-08-15'::date)"
                    }
                  ]
                }
              ]
            },
            {
              "Node Type": "Aggregate",
              "Strategy": "Plain",
              "Partial Mode": "Simple",
              "Parent Relationship": "SubPlan",
              "Subplan Name": "SubPlan 1",
              "Parallel Aware": false,
              "Async Capable": false,
              "Startup Cost": 4.27,
              "Total Cost": 4.28,
              "Plan Rows": 1,
              "Plan Width": 32,
              "Plans": [
                {
                  "Node Type": "Limit",
                  "Parent Relationship": "Outer",
                  "Parallel Aware": false,
                  "Async Capable": false,
                  "Startup Cost": 0.29,
                  "Total Cost": 4.25,
                  "Plan Rows": 1,
                  "Plan Width": 12,
                  "Plans": [
                    {
                      "Node Type": "Index Scan",
                      "Parent Relationship": "Outer",
                      "Parallel Aware": false,
                      "Async Capable": false,
                      "Scan Direction": "Backward",
                      "Index Name": "idx_finq_period_end",
                      "Relation Name": "financials_quarterly",
                      "Alias": "fq",
                      "Startup Cost": 0.29,
                      "Total Cost": 4.25,
                      "Plan Rows": 1,
                      "Plan Width": 12,
                      "Index Cond": "(period_end <= '2023-08-15'::date)",
                      "Filter": "((statement_type = ANY ('{IS_Q,CF_Q}'::text[])) AND (ticker = sdi.ticker) AND (item_name = 'OperatingCashFlow'::text))"
                    }
                  ]
                }
              ]
            }
          ]
        }
      ]
    }
  },
  "db_statistics": {
    "table_stats": {
      "stocks_daily_info": {
        "row_count": 12700,
        "size_mb": 1.71
      },
      "fundamentals_daily": {
        "row_count": 12080,
        "size_mb": 2.33
      },
      "financials_quarterly": {
        "row_count": 8634,
        "size_mb": 0.8
      }
    },
    "existing_indexes": [
      "backtest_results_pkey",
      "community_posts_pkey",
      "financials_quarterly_pkey",
      "fundamentals_daily_pkey",
      "idx_finq_period_end",
      "idx_finq_ticker",
      "idx_fund_event_date",
      "idx_fund_ticker",
      "idx_sdi_event_date",
      "idx_sdi_ticker",
      "ix_backtest_results_strategy_id",
      "ix_community_posts_author_id",
      "ix_community_posts_strategy_id",
      "ix_ml_models_owner_id",
      "ix_strategies_owner_id",
      "ix_users_email",
      "ml_models_pkey",
      "stocks_daily_info_pkey",
      "strategies_pkey",
      "users_pkey"
    ]
  }
}
---
{
  "workload_id": 300,
  "metadata": {
    "strategy_template": "Momentum Investing Style",
    "ml_model_used": null
  },
  "sql_query": "SELECT ( SELECT COALESCE(SUM(value), 0) FROM ( SELECT value FROM financials_quarterly fq WHERE fq.ticker = sdi.ticker AND fq.item_name = 'OperatingIncome' AND fq.statement_type IN ('IS_Q','CF_Q') AND fq.period_end <= DATE '2023-06-20' ORDER BY fq.period_end DESC LIMIT 4 ) as recent_quarters ) AS ttm_operatingincome , sdi.close_price, sdi.company_name, sdi.ma_20d, sdi.market_cap, sdi.momentum_12m, sdi.momentum_3m, sdi.rsi_14, sdi.ticker, sdi.volatility_20d FROM stocks_daily_info sdi WHERE sdi.market = 'KOSPI' AND sdi.market_cap >= 222500000000 AND sdi.event_date = DATE '2023-06-20' ORDER BY sdi.momentum_3m asc, sdi.momentum_12m asc LIMIT 32;",
  "baseline_execution_plan": {
    "Plan": {
      "Node Type": "Limit",
      "Parallel Aware": false,
      "Async Capable": false,
      "Startup Cost": 20.41,
      "Total Cost": 24.7,
      "Plan Rows": 1,
      "Plan Width": 96,
      "Plans": [
        {
          "Node Type": "Result",
          "Parent Relationship": "Outer",
          "Parallel Aware": false,
          "Async Capable": false,
          "Startup Cost": 20.41,
          "Total Cost": 24.7,
          "Plan Rows": 1,
          "Plan Width": 96,
          "Plans": [
            {
              "Node Type": "Sort",
              "Parent Relationship": "Outer",
              "Parallel Aware": false,
              "Async Capable": false,
              "Startup Cost": 20.41,
              "Total Cost": 20.41,
              "Plan Rows": 1,
              "Plan Width": 64,
              "Sort Key": [
                "sdi.momentum_3m",
                "sdi.momentum_12m"
              ],
              "Plans": [
                {
                  "Node Type": "Bitmap Heap Scan",
                  "Parent Relationship": "Outer",
                  "Parallel Aware": false,
                  "Async Capable": false,
                  "Relation Name": "stocks_daily_info",
                  "Alias": "sdi",
                  "Startup Cost": 2.36,
                  "Total Cost": 20.4,
                  "Plan Rows": 1,
                  "Plan Width": 64,
                  "Recheck Cond": "(event_date = '2023-06-20'::date)",
                  "Filter": "((market_cap >= '222500000000'::numeric) AND (market = 'KOSPI'::text))",
                  "Plans": [
                    {
                      "Node Type": "Bitmap Index Scan",
                      "Parent Relationship": "Outer",
                      "Parallel Aware": false,
                      "Async Capable": false,
                      "Index Name": "idx_sdi_event_date",
                      "Startup Cost": 0.0,
                      "Total Cost": 2.36,
                      "Plan Rows": 10,
                      "Plan Width": 0,
                      "Index Cond": "(event_date = '2023-06-20'::date)"
                    }
                  ]
                }
              ]
            },
            {
              "Node Type": "Aggregate",
              "Strategy": "Plain",
              "Partial Mode": "Simple",
              "Parent Relationship": "SubPlan",
              "Subplan Name": "SubPlan 1",
              "Parallel Aware": false,
              "Async Capable": false,
              "Startup Cost": 4.27,
              "Total Cost": 4.28,
              "Plan Rows": 1,
              "Plan Width": 32,
              "Plans": [
                {
                  "Node Type": "Limit",
                  "Parent Relationship": "Outer",
                  "Parallel Aware": false,
                  "Async Capable": false,
                  "Startup Cost": 0.29,
                  "Total Cost": 4.25,
                  "Plan Rows": 1,
                  "Plan Width": 12,
                  "Plans": [
                    {
                      "Node Type": "Index Scan",
                      "Parent Relationship": "Outer",
                      "Parallel Aware": false,
                      "Async Capable": false,
                      "Scan Direction": "Backward",
                      "Index Name": "idx_finq_period_end",
                      "Relation Name": "financials_quarterly",
                      "Alias": "fq",
                      "Startup Cost": 0.29,
                      "Total Cost": 4.25,
                      "Plan Rows": 1,
                      "Plan Width": 12,
                      "Index Cond": "(period_end <= '2023-06-20'::date)",
                      "Filter": "((statement_type = ANY ('{IS_Q,CF_Q}'::text[])) AND (ticker = sdi.ticker) AND (item_name = 'OperatingIncome'::text))"
                    }
                  ]
                }
              ]
            }
          ]
        }
      ]
    }
  },
  "db_statistics": {
    "table_stats": {
      "stocks_daily_info": {
        "row_count": 12700,
        "size_mb": 1.71
      },
      "fundamentals_daily": {
        "row_count": 12080,
        "size_mb": 2.33
      },
      "financials_quarterly": {
        "row_count": 8634,
        "size_mb": 0.8
      }
    },
    "existing_indexes": [
      "backtest_results_pkey",
      "community_posts_pkey",
      "financials_quarterly_pkey",
      "fundamentals_daily_pkey",
      "idx_finq_period_end",
      "idx_finq_ticker",
      "idx_fund_event_date",
      "idx_fund_ticker",
      "idx_sdi_event_date",
      "idx_sdi_ticker",
      "ix_backtest_results_strategy_id",
      "ix_community_posts_author_id",
      "ix_community_posts_strategy_id",
      "ix_ml_models_owner_id",
      "ix_strategies_owner_id",
      "ix_users_email",
      "ml_models_pkey",
      "stocks_daily_info_pkey",
      "strategies_pkey",
      "users_pkey"
    ]
  }
}
---
