{
  "workload_id": 1201,
  "metadata": {
    "strategy_template": "Momentum Investing Style",
    "ml_model_used": null
  },
  "sql_query": "SELECT ( SELECT COALESCE(SUM(value), 0) FROM ( SELECT value FROM financials_quarterly fq WHERE fq.ticker = sdi.ticker AND fq.item_name = 'OperatingIncome' AND fq.statement_type IN ('IS_Q','CF_Q') AND fq.period_end <= DATE '2023-08-07' ORDER BY fq.period_end DESC LIMIT 4 ) as recent_quarters ) AS ttm_operatingincome , sdi.close_price, sdi.company_name, sdi.ma_20d, sdi.market_cap, sdi.momentum_12m, sdi.momentum_3m, sdi.rsi_14, sdi.ticker, sdi.volatility_20d FROM stocks_daily_info sdi WHERE sdi.market = 'KOSPI' AND sdi.market_cap >= 208700000000 AND sdi.event_date = DATE '2023-08-07' ORDER BY sdi.momentum_3m desc, sdi.momentum_12m desc, sdi.rsi_14 desc LIMIT 13;",
  "baseline_execution_plan": {
    "Plan": {
      "Node Type": "Limit",
      "Parallel Aware": false,
      "Async Capable": false,
      "Startup Cost": 20.41,
      "Total Cost": 24.7,
      "Plan Rows": 1,
      "Plan Width": 96,
      "Plans": [
        {
          "Node Type": "Result",
          "Parent Relationship": "Outer",
          "Parallel Aware": false,
          "Async Capable": false,
          "Startup Cost": 20.41,
          "Total Cost": 24.7,
          "Plan Rows": 1,
          "Plan Width": 96,
          "Plans": [
            {
              "Node Type": "Sort",
              "Parent Relationship": "Outer",
              "Parallel Aware": false,
              "Async Capable": false,
              "Startup Cost": 20.41,
              "Total Cost": 20.41,
              "Plan Rows": 1,
              "Plan Width": 64,
              "Sort Key": [
                "sdi.momentum_3m DESC",
                "sdi.momentum_12m DESC",
                "sdi.rsi_14 DESC"
              ],
              "Plans": [
                {
                  "Node Type": "Bitmap Heap Scan",
                  "Parent Relationship": "Outer",
                  "Parallel Aware": false,
                  "Async Capable": false,
                  "Relation Name": "stocks_daily_info",
                  "Alias": "sdi",
                  "Startup Cost": 2.36,
                  "Total Cost": 20.4,
                  "Plan Rows": 1,
                  "Plan Width": 64,
                  "Recheck Cond": "(event_date = '2023-08-07'::date)",
                  "Filter": "((market_cap >= '208700000000'::numeric) AND (market = 'KOSPI'::text))",
                  "Plans": [
                    {
                      "Node Type": "Bitmap Index Scan",
                      "Parent Relationship": "Outer",
                      "Parallel Aware": false,
                      "Async Capable": false,
                      "Index Name": "idx_sdi_event_date",
                      "Startup Cost": 0.0,
                      "Total Cost": 2.36,
                      "Plan Rows": 10,
                      "Plan Width": 0,
                      "Index Cond": "(event_date = '2023-08-07'::date)"
                    }
                  ]
                }
              ]
            },
            {
              "Node Type": "Aggregate",
              "Strategy": "Plain",
              "Partial Mode": "Simple",
              "Parent Relationship": "SubPlan",
              "Subplan Name": "SubPlan 1",
              "Parallel Aware": false,
              "Async Capable": false,
              "Startup Cost": 4.27,
              "Total Cost": 4.28,
              "Plan Rows": 1,
              "Plan Width": 32,
              "Plans": [
                {
                  "Node Type": "Limit",
                  "Parent Relationship": "Outer",
                  "Parallel Aware": false,
                  "Async Capable": false,
                  "Startup Cost": 0.29,
                  "Total Cost": 4.25,
                  "Plan Rows": 1,
                  "Plan Width": 12,
                  "Plans": [
                    {
                      "Node Type": "Index Scan",
                      "Parent Relationship": "Outer",
                      "Parallel Aware": false,
                      "Async Capable": false,
                      "Scan Direction": "Backward",
                      "Index Name": "idx_finq_period_end",
                      "Relation Name": "financials_quarterly",
                      "Alias": "fq",
                      "Startup Cost": 0.29,
                      "Total Cost": 4.25,
                      "Plan Rows": 1,
                      "Plan Width": 12,
                      "Index Cond": "(period_end <= '2023-08-07'::date)",
                      "Filter": "((statement_type = ANY ('{IS_Q,CF_Q}'::text[])) AND (ticker = sdi.ticker) AND (item_name = 'OperatingIncome'::text))"
                    }
                  ]
                }
              ]
            }
          ]
        }
      ]
    }
  },
  "db_statistics": {
    "table_stats": {
      "stocks_daily_info": {
        "row_count": 12700,
        "size_mb": 1.71
      },
      "fundamentals_daily": {
        "row_count": 12080,
        "size_mb": 2.33
      },
      "financials_quarterly": {
        "row_count": 8634,
        "size_mb": 0.8
      }
    },
    "existing_indexes": [
      "backtest_results_pkey",
      "community_posts_pkey",
      "financials_quarterly_pkey",
      "fundamentals_daily_pkey",
      "idx_finq_period_end",
      "idx_finq_ticker",
      "idx_fund_event_date",
      "idx_fund_ticker",
      "idx_sdi_event_date",
      "idx_sdi_ticker",
      "ix_backtest_results_strategy_id",
      "ix_community_posts_author_id",
      "ix_community_posts_strategy_id",
      "ix_ml_models_owner_id",
      "ix_strategies_owner_id",
      "ix_users_email",
      "ml_models_pkey",
      "stocks_daily_info_pkey",
      "strategies_pkey",
      "users_pkey"
    ]
  }
}
---
{
  "workload_id": 1202,
  "metadata": {
    "strategy_template": "ML Hybrid Style",
    "ml_model_used": "Return Forecast Model"
  },
  "sql_query": "SELECT fd.bps, fd.dividend_yield, fd.eps, fd.pbr, fd.per, sdi.close_price, sdi.company_name, sdi.ma_20d, sdi.market_cap, sdi.momentum_12m, sdi.momentum_3m, sdi.rsi_14, sdi.ticker, sdi.volatility_20d FROM stocks_daily_info sdi LEFT JOIN fundamentals_daily fd ON fd.ticker = sdi.ticker AND fd.event_date = sdi.event_date WHERE sdi.market = 'KOSDAQ' AND sdi.market_cap >= 217600000000 AND sdi.event_date = DATE '2023-08-17' ORDER BY CASE sdi.ticker WHEN '000660.KS' THEN 1 WHEN '005930.KS' THEN 2 WHEN '068270.KQ' THEN 3 WHEN '207940.KS' THEN 4 WHEN '035420.KS' THEN 5 WHEN '005380.KS' THEN 6 WHEN '051910.KS' THEN 7 WHEN '012330.KS' THEN 8 WHEN '035720.KS' THEN 9 WHEN '105560.KS' THEN 10 ELSE 11 END LIMIT 15;",
  "baseline_execution_plan": {
    "Plan": {
      "Node Type": "Limit",
      "Parallel Aware": false,
      "Async Capable": false,
      "Startup Cost": 24.75,
      "Total Cost": 24.75,
      "Plan Rows": 1,
      "Plan Width": 109,
      "Plans": [
        {
          "Node Type": "Sort",
          "Parent Relationship": "Outer",
          "Parallel Aware": false,
          "Async Capable": false,
          "Startup Cost": 24.75,
          "Total Cost": 24.75,
          "Plan Rows": 1,
          "Plan Width": 109,
          "Sort Key": [
            "(CASE sdi.ticker WHEN '000660.KS'::text THEN 1 WHEN '005930.KS'::text THEN 2 WHEN '068270.KQ'::text THEN 3 WHEN '207940.KS'::text THEN 4 WHEN '035420.KS'::text THEN 5 WHEN '005380.KS'::text THEN 6 WHEN '051910.KS'::text THEN 7 WHEN '012330.KS'::text THEN 8 WHEN '035720.KS'::text THEN 9 WHEN '105560.KS'::text THEN 10 ELSE 11 END)"
          ],
          "Plans": [
            {
              "Node Type": "Nested Loop",
              "Parent Relationship": "Outer",
              "Parallel Aware": false,
              "Async Capable": false,
              "Join Type": "Left",
              "Startup Cost": 2.65,
              "Total Cost": 24.74,
              "Plan Rows": 1,
              "Plan Width": 109,
              "Inner Unique": true,
              "Plans": [
                {
                  "Node Type": "Bitmap Heap Scan",
                  "Parent Relationship": "Outer",
                  "Parallel Aware": false,
                  "Async Capable": false,
                  "Relation Name": "stocks_daily_info",
                  "Alias": "sdi",
                  "Startup Cost": 2.36,
                  "Total Cost": 20.4,
                  "Plan Rows": 1,
                  "Plan Width": 68,
                  "Recheck Cond": "(event_date = '2023-08-17'::date)",
                  "Filter": "((market_cap >= '217600000000'::numeric) AND (market = 'KOSDAQ'::text))",
                  "Plans": [
                    {
                      "Node Type": "Bitmap Index Scan",
                      "Parent Relationship": "Outer",
                      "Parallel Aware": false,
                      "Async Capable": false,
                      "Index Name": "idx_sdi_event_date",
                      "Startup Cost": 0.0,
                      "Total Cost": 2.36,
                      "Plan Rows": 10,
                      "Plan Width": 0,
                      "Index Cond": "(event_date = '2023-08-17'::date)"
                    }
                  ]
                },
                {
                  "Node Type": "Index Scan",
                  "Parent Relationship": "Inner",
                  "Parallel Aware": false,
                  "Async Capable": false,
                  "Scan Direction": "Forward",
                  "Index Name": "fundamentals_daily_pkey",
                  "Relation Name": "fundamentals_daily",
                  "Alias": "fd",
                  "Startup Cost": 0.29,
                  "Total Cost": 4.3,
                  "Plan Rows": 1,
                  "Plan Width": 55,
                  "Index Cond": "((event_date = '2023-08-17'::date) AND (ticker = sdi.ticker))"
                }
              ]
            }
          ]
        }
      ]
    }
  },
  "db_statistics": {
    "table_stats": {
      "stocks_daily_info": {
        "row_count": 12700,
        "size_mb": 1.71
      },
      "fundamentals_daily": {
        "row_count": 12080,
        "size_mb": 2.33
      },
      "financials_quarterly": {
        "row_count": 8634,
        "size_mb": 0.8
      }
    },
    "existing_indexes": [
      "backtest_results_pkey",
      "community_posts_pkey",
      "financials_quarterly_pkey",
      "fundamentals_daily_pkey",
      "idx_finq_period_end",
      "idx_finq_ticker",
      "idx_fund_event_date",
      "idx_fund_ticker",
      "idx_sdi_event_date",
      "idx_sdi_ticker",
      "ix_backtest_results_strategy_id",
      "ix_community_posts_author_id",
      "ix_community_posts_strategy_id",
      "ix_ml_models_owner_id",
      "ix_strategies_owner_id",
      "ix_users_email",
      "ml_models_pkey",
      "stocks_daily_info_pkey",
      "strategies_pkey",
      "users_pkey"
    ]
  }
}
---
{
  "workload_id": 1203,
  "metadata": {
    "strategy_template": "Momentum Investing Style",
    "ml_model_used": null
  },
  "sql_query": "SELECT sdi.close_price, sdi.company_name, sdi.ma_20d, sdi.market_cap, sdi.momentum_12m, sdi.momentum_3m, sdi.rsi_14, sdi.ticker, sdi.volatility_20d FROM stocks_daily_info sdi WHERE sdi.market = 'KOSPI' AND sdi.market_cap >= 377700000000 AND sdi.event_date = DATE '2023-07-08' ORDER BY sdi.momentum_3m asc, sdi.momentum_12m desc, sdi.rsi_14 asc, sdi.volatility_20d desc LIMIT 44;",
  "baseline_execution_plan": {
    "Plan": {
      "Node Type": "Limit",
      "Parallel Aware": false,
      "Async Capable": false,
      "Startup Cost": 20.41,
      "Total Cost": 20.41,
      "Plan Rows": 1,
      "Plan Width": 64,
      "Plans": [
        {
          "Node Type": "Sort",
          "Parent Relationship": "Outer",
          "Parallel Aware": false,
          "Async Capable": false,
          "Startup Cost": 20.41,
          "Total Cost": 20.41,
          "Plan Rows": 1,
          "Plan Width": 64,
          "Sort Key": [
            "momentum_3m",
            "momentum_12m DESC",
            "rsi_14",
            "volatility_20d DESC"
          ],
          "Plans": [
            {
              "Node Type": "Bitmap Heap Scan",
              "Parent Relationship": "Outer",
              "Parallel Aware": false,
              "Async Capable": false,
              "Relation Name": "stocks_daily_info",
              "Alias": "sdi",
              "Startup Cost": 2.36,
              "Total Cost": 20.4,
              "Plan Rows": 1,
              "Plan Width": 64,
              "Recheck Cond": "(event_date = '2023-07-08'::date)",
              "Filter": "((market_cap >= '377700000000'::numeric) AND (market = 'KOSPI'::text))",
              "Plans": [
                {
                  "Node Type": "Bitmap Index Scan",
                  "Parent Relationship": "Outer",
                  "Parallel Aware": false,
                  "Async Capable": false,
                  "Index Name": "idx_sdi_event_date",
                  "Startup Cost": 0.0,
                  "Total Cost": 2.36,
                  "Plan Rows": 10,
                  "Plan Width": 0,
                  "Index Cond": "(event_date = '2023-07-08'::date)"
                }
              ]
            }
          ]
        }
      ]
    }
  },
  "db_statistics": {
    "table_stats": {
      "stocks_daily_info": {
        "row_count": 12700,
        "size_mb": 1.71
      },
      "fundamentals_daily": {
        "row_count": 12080,
        "size_mb": 2.33
      },
      "financials_quarterly": {
        "row_count": 8634,
        "size_mb": 0.8
      }
    },
    "existing_indexes": [
      "backtest_results_pkey",
      "community_posts_pkey",
      "financials_quarterly_pkey",
      "fundamentals_daily_pkey",
      "idx_finq_period_end",
      "idx_finq_ticker",
      "idx_fund_event_date",
      "idx_fund_ticker",
      "idx_sdi_event_date",
      "idx_sdi_ticker",
      "ix_backtest_results_strategy_id",
      "ix_community_posts_author_id",
      "ix_community_posts_strategy_id",
      "ix_ml_models_owner_id",
      "ix_strategies_owner_id",
      "ix_users_email",
      "ml_models_pkey",
      "stocks_daily_info_pkey",
      "strategies_pkey",
      "users_pkey"
    ]
  }
}
---
{
  "workload_id": 1204,
  "metadata": {
    "strategy_template": "Value Investing Style",
    "ml_model_used": null
  },
  "sql_query": "SELECT ( SELECT COALESCE(SUM(value), 0) FROM ( SELECT value FROM financials_quarterly fq WHERE fq.ticker = sdi.ticker AND fq.item_name = 'NetIncome' AND fq.statement_type IN ('IS_Q','CF_Q') AND fq.period_end <= DATE '2023-08-15' ORDER BY fq.period_end DESC LIMIT 4 ) as recent_quarters ) AS ttm_netincome , fd.bps, fd.dividend_yield, fd.eps, fd.pbr, fd.per, sdi.close_price, sdi.company_name, sdi.ma_20d, sdi.market_cap, sdi.momentum_12m, sdi.momentum_3m, sdi.rsi_14, sdi.ticker, sdi.volatility_20d FROM stocks_daily_info sdi LEFT JOIN fundamentals_daily fd ON fd.ticker = sdi.ticker AND fd.event_date = sdi.event_date WHERE sdi.market = 'KOSPI' AND sdi.market_cap >= 493400000000 AND sdi.event_date = DATE '2023-08-15' ORDER BY fd.pbr desc, fd.per asc, fd.dividend_yield asc, fd.eps desc LIMIT 44;",
  "baseline_execution_plan": {
    "Plan": {
      "Node Type": "Limit",
      "Parallel Aware": false,
      "Async Capable": false,
      "Startup Cost": 24.72,
      "Total Cost": 29.02,
      "Plan Rows": 1,
      "Plan Width": 137,
      "Plans": [
        {
          "Node Type": "Result",
          "Parent Relationship": "Outer",
          "Parallel Aware": false,
          "Async Capable": false,
          "Startup Cost": 24.72,
          "Total Cost": 29.02,
          "Plan Rows": 1,
          "Plan Width": 137,
          "Plans": [
            {
              "Node Type": "Sort",
              "Parent Relationship": "Outer",
              "Parallel Aware": false,
              "Async Capable": false,
              "Startup Cost": 24.72,
              "Total Cost": 24.73,
              "Plan Rows": 1,
              "Plan Width": 105,
              "Sort Key": [
                "fd.pbr DESC",
                "fd.per",
                "fd.dividend_yield",
                "fd.eps DESC"
              ],
              "Plans": [
                {
                  "Node Type": "Nested Loop",
                  "Parent Relationship": "Outer",
                  "Parallel Aware": false,
                  "Async Capable": false,
                  "Join Type": "Left",
                  "Startup Cost": 2.65,
                  "Total Cost": 24.71,
                  "Plan Rows": 1,
                  "Plan Width": 105,
                  "Inner Unique": true,
                  "Plans": [
                    {
                      "Node Type": "Bitmap Heap Scan",
                      "Parent Relationship": "Outer",
                      "Parallel Aware": false,
                      "Async Capable": false,
                      "Relation Name": "stocks_daily_info",
                      "Alias": "sdi",
                      "Startup Cost": 2.36,
                      "Total Cost": 20.4,
                      "Plan Rows": 1,
                      "Plan Width": 68,
                      "Recheck Cond": "(event_date = '2023-08-15'::date)",
                      "Filter": "((market_cap >= '493400000000'::numeric) AND (market = 'KOSPI'::text))",
                      "Plans": [
                        {
                          "Node Type": "Bitmap Index Scan",
                          "Parent Relationship": "Outer",
                          "Parallel Aware": false,
                          "Async Capable": false,
                          "Index Name": "idx_sdi_event_date",
                          "Startup Cost": 0.0,
                          "Total Cost": 2.36,
                          "Plan Rows": 10,
                          "Plan Width": 0,
                          "Index Cond": "(event_date = '2023-08-15'::date)"
                        }
                      ]
                    },
                    {
                      "Node Type": "Index Scan",
                      "Parent Relationship": "Inner",
                      "Parallel Aware": false,
                      "Async Capable": false,
                      "Scan Direction": "Forward",
                      "Index Name": "fundamentals_daily_pkey",
                      "Relation Name": "fundamentals_daily",
                      "Alias": "fd",
                      "Startup Cost": 0.29,
                      "Total Cost": 4.3,
                      "Plan Rows": 1,
                      "Plan Width": 55,
                      "Index Cond": "((event_date = '2023-08-15'::date) AND (ticker = sdi.ticker))"
                    }
                  ]
                }
              ]
            },
            {
              "Node Type": "Aggregate",
              "Strategy": "Plain",
              "Partial Mode": "Simple",
              "Parent Relationship": "SubPlan",
              "Subplan Name": "SubPlan 1",
              "Parallel Aware": false,
              "Async Capable": false,
              "Startup Cost": 4.27,
              "Total Cost": 4.28,
              "Plan Rows": 1,
              "Plan Width": 32,
              "Plans": [
                {
                  "Node Type": "Limit",
                  "Parent Relationship": "Outer",
                  "Parallel Aware": false,
                  "Async Capable": false,
                  "Startup Cost": 0.29,
                  "Total Cost": 4.25,
                  "Plan Rows": 1,
                  "Plan Width": 12,
                  "Plans": [
                    {
                      "Node Type": "Index Scan",
                      "Parent Relationship": "Outer",
                      "Parallel Aware": false,
                      "Async Capable": false,
                      "Scan Direction": "Backward",
                      "Index Name": "idx_finq_period_end",
                      "Relation Name": "financials_quarterly",
                      "Alias": "fq",
                      "Startup Cost": 0.29,
                      "Total Cost": 4.25,
                      "Plan Rows": 1,
                      "Plan Width": 12,
                      "Index Cond": "(period_end <= '2023-08-15'::date)",
                      "Filter": "((statement_type = ANY ('{IS_Q,CF_Q}'::text[])) AND (ticker = sdi.ticker) AND (item_name = 'NetIncome'::text))"
                    }
                  ]
                }
              ]
            }
          ]
        }
      ]
    }
  },
  "db_statistics": {
    "table_stats": {
      "stocks_daily_info": {
        "row_count": 12700,
        "size_mb": 1.71
      },
      "fundamentals_daily": {
        "row_count": 12080,
        "size_mb": 2.33
      },
      "financials_quarterly": {
        "row_count": 8634,
        "size_mb": 0.8
      }
    },
    "existing_indexes": [
      "backtest_results_pkey",
      "community_posts_pkey",
      "financials_quarterly_pkey",
      "fundamentals_daily_pkey",
      "idx_finq_period_end",
      "idx_finq_ticker",
      "idx_fund_event_date",
      "idx_fund_ticker",
      "idx_sdi_event_date",
      "idx_sdi_ticker",
      "ix_backtest_results_strategy_id",
      "ix_community_posts_author_id",
      "ix_community_posts_strategy_id",
      "ix_ml_models_owner_id",
      "ix_strategies_owner_id",
      "ix_users_email",
      "ml_models_pkey",
      "stocks_daily_info_pkey",
      "strategies_pkey",
      "users_pkey"
    ]
  }
}
---
{
  "workload_id": 1205,
  "metadata": {
    "strategy_template": "ML Hybrid Style",
    "ml_model_used": "Return Forecast Model"
  },
  "sql_query": "SELECT ( SELECT COALESCE(SUM(value), 0) FROM ( SELECT value FROM financials_quarterly fq WHERE fq.ticker = sdi.ticker AND fq.item_name = 'NetIncome' AND fq.statement_type IN ('IS_Q','CF_Q') AND fq.period_end <= DATE '2023-09-15' ORDER BY fq.period_end DESC LIMIT 4 ) as recent_quarters ) AS ttm_netincome , sdi.close_price, sdi.company_name, sdi.ma_20d, sdi.market_cap, sdi.momentum_12m, sdi.momentum_3m, sdi.rsi_14, sdi.ticker, sdi.volatility_20d FROM stocks_daily_info sdi WHERE sdi.market = 'KOSPI' AND sdi.market_cap >= 258000000000 AND sdi.event_date = DATE '2023-09-15' ORDER BY CASE sdi.ticker WHEN '000660.KS' THEN 1 WHEN '005930.KS' THEN 2 WHEN '068270.KQ' THEN 3 WHEN '207940.KS' THEN 4 WHEN '035420.KS' THEN 5 WHEN '005380.KS' THEN 6 WHEN '051910.KS' THEN 7 WHEN '012330.KS' THEN 8 WHEN '035720.KS' THEN 9 WHEN '105560.KS' THEN 10 ELSE 11 END LIMIT 31;",
  "baseline_execution_plan": {
    "Plan": {
      "Node Type": "Limit",
      "Parallel Aware": false,
      "Async Capable": false,
      "Startup Cost": 20.43,
      "Total Cost": 24.75,
      "Plan Rows": 1,
      "Plan Width": 100,
      "Plans": [
        {
          "Node Type": "Result",
          "Parent Relationship": "Outer",
          "Parallel Aware": false,
          "Async Capable": false,
          "Startup Cost": 20.43,
          "Total Cost": 24.75,
          "Plan Rows": 1,
          "Plan Width": 100,
          "Plans": [
            {
              "Node Type": "Sort",
              "Parent Relationship": "Outer",
              "Parallel Aware": false,
              "Async Capable": false,
              "Startup Cost": 20.43,
              "Total Cost": 20.44,
              "Plan Rows": 1,
              "Plan Width": 68,
              "Sort Key": [
                "(CASE sdi.ticker WHEN '000660.KS'::text THEN 1 WHEN '005930.KS'::text THEN 2 WHEN '068270.KQ'::text THEN 3 WHEN '207940.KS'::text THEN 4 WHEN '035420.KS'::text THEN 5 WHEN '005380.KS'::text THEN 6 WHEN '051910.KS'::text THEN 7 WHEN '012330.KS'::text THEN 8 WHEN '035720.KS'::text THEN 9 WHEN '105560.KS'::text THEN 10 ELSE 11 END)"
              ],
              "Plans": [
                {
                  "Node Type": "Bitmap Heap Scan",
                  "Parent Relationship": "Outer",
                  "Parallel Aware": false,
                  "Async Capable": false,
                  "Relation Name": "stocks_daily_info",
                  "Alias": "sdi",
                  "Startup Cost": 2.36,
                  "Total Cost": 20.42,
                  "Plan Rows": 1,
                  "Plan Width": 68,
                  "Recheck Cond": "(event_date = '2023-09-15'::date)",
                  "Filter": "((market_cap >= '258000000000'::numeric) AND (market = 'KOSPI'::text))",
                  "Plans": [
                    {
                      "Node Type": "Bitmap Index Scan",
                      "Parent Relationship": "Outer",
                      "Parallel Aware": false,
                      "Async Capable": false,
                      "Index Name": "idx_sdi_event_date",
                      "Startup Cost": 0.0,
                      "Total Cost": 2.36,
                      "Plan Rows": 10,
                      "Plan Width": 0,
                      "Index Cond": "(event_date = '2023-09-15'::date)"
                    }
                  ]
                }
              ]
            },
            {
              "Node Type": "Aggregate",
              "Strategy": "Plain",
              "Partial Mode": "Simple",
              "Parent Relationship": "SubPlan",
              "Subplan Name": "SubPlan 1",
              "Parallel Aware": false,
              "Async Capable": false,
              "Startup Cost": 4.27,
              "Total Cost": 4.28,
              "Plan Rows": 1,
              "Plan Width": 32,
              "Plans": [
                {
                  "Node Type": "Limit",
                  "Parent Relationship": "Outer",
                  "Parallel Aware": false,
                  "Async Capable": false,
                  "Startup Cost": 0.29,
                  "Total Cost": 4.25,
                  "Plan Rows": 1,
                  "Plan Width": 12,
                  "Plans": [
                    {
                      "Node Type": "Index Scan",
                      "Parent Relationship": "Outer",
                      "Parallel Aware": false,
                      "Async Capable": false,
                      "Scan Direction": "Backward",
                      "Index Name": "idx_finq_period_end",
                      "Relation Name": "financials_quarterly",
                      "Alias": "fq",
                      "Startup Cost": 0.29,
                      "Total Cost": 4.25,
                      "Plan Rows": 1,
                      "Plan Width": 12,
                      "Index Cond": "(period_end <= '2023-09-15'::date)",
                      "Filter": "((statement_type = ANY ('{IS_Q,CF_Q}'::text[])) AND (ticker = sdi.ticker) AND (item_name = 'NetIncome'::text))"
                    }
                  ]
                }
              ]
            }
          ]
        }
      ]
    }
  },
  "db_statistics": {
    "table_stats": {
      "stocks_daily_info": {
        "row_count": 12700,
        "size_mb": 1.71
      },
      "fundamentals_daily": {
        "row_count": 12080,
        "size_mb": 2.33
      },
      "financials_quarterly": {
        "row_count": 8634,
        "size_mb": 0.8
      }
    },
    "existing_indexes": [
      "backtest_results_pkey",
      "community_posts_pkey",
      "financials_quarterly_pkey",
      "fundamentals_daily_pkey",
      "idx_finq_period_end",
      "idx_finq_ticker",
      "idx_fund_event_date",
      "idx_fund_ticker",
      "idx_sdi_event_date",
      "idx_sdi_ticker",
      "ix_backtest_results_strategy_id",
      "ix_community_posts_author_id",
      "ix_community_posts_strategy_id",
      "ix_ml_models_owner_id",
      "ix_strategies_owner_id",
      "ix_users_email",
      "ml_models_pkey",
      "stocks_daily_info_pkey",
      "strategies_pkey",
      "users_pkey"
    ]
  }
}
---
{
  "workload_id": 1206,
  "metadata": {
    "strategy_template": "Momentum Investing Style",
    "ml_model_used": null
  },
  "sql_query": "SELECT sdi.close_price, sdi.company_name, sdi.ma_20d, sdi.market_cap, sdi.momentum_12m, sdi.momentum_3m, sdi.rsi_14, sdi.ticker, sdi.volatility_20d FROM stocks_daily_info sdi WHERE sdi.market = 'KOSPI' AND sdi.market_cap >= 470000000000 AND sdi.event_date = DATE '2023-06-10' ORDER BY sdi.momentum_3m desc, sdi.momentum_12m desc, sdi.volatility_20d asc LIMIT 27;",
  "baseline_execution_plan": {
    "Plan": {
      "Node Type": "Limit",
      "Parallel Aware": false,
      "Async Capable": false,
      "Startup Cost": 20.41,
      "Total Cost": 20.41,
      "Plan Rows": 1,
      "Plan Width": 64,
      "Plans": [
        {
          "Node Type": "Sort",
          "Parent Relationship": "Outer",
          "Parallel Aware": false,
          "Async Capable": false,
          "Startup Cost": 20.41,
          "Total Cost": 20.41,
          "Plan Rows": 1,
          "Plan Width": 64,
          "Sort Key": [
            "momentum_3m DESC",
            "momentum_12m DESC",
            "volatility_20d"
          ],
          "Plans": [
            {
              "Node Type": "Bitmap Heap Scan",
              "Parent Relationship": "Outer",
              "Parallel Aware": false,
              "Async Capable": false,
              "Relation Name": "stocks_daily_info",
              "Alias": "sdi",
              "Startup Cost": 2.36,
              "Total Cost": 20.4,
              "Plan Rows": 1,
              "Plan Width": 64,
              "Recheck Cond": "(event_date = '2023-06-10'::date)",
              "Filter": "((market_cap >= '470000000000'::numeric) AND (market = 'KOSPI'::text))",
              "Plans": [
                {
                  "Node Type": "Bitmap Index Scan",
                  "Parent Relationship": "Outer",
                  "Parallel Aware": false,
                  "Async Capable": false,
                  "Index Name": "idx_sdi_event_date",
                  "Startup Cost": 0.0,
                  "Total Cost": 2.36,
                  "Plan Rows": 10,
                  "Plan Width": 0,
                  "Index Cond": "(event_date = '2023-06-10'::date)"
                }
              ]
            }
          ]
        }
      ]
    }
  },
  "db_statistics": {
    "table_stats": {
      "stocks_daily_info": {
        "row_count": 12700,
        "size_mb": 1.71
      },
      "fundamentals_daily": {
        "row_count": 12080,
        "size_mb": 2.33
      },
      "financials_quarterly": {
        "row_count": 8634,
        "size_mb": 0.8
      }
    },
    "existing_indexes": [
      "backtest_results_pkey",
      "community_posts_pkey",
      "financials_quarterly_pkey",
      "fundamentals_daily_pkey",
      "idx_finq_period_end",
      "idx_finq_ticker",
      "idx_fund_event_date",
      "idx_fund_ticker",
      "idx_sdi_event_date",
      "idx_sdi_ticker",
      "ix_backtest_results_strategy_id",
      "ix_community_posts_author_id",
      "ix_community_posts_strategy_id",
      "ix_ml_models_owner_id",
      "ix_strategies_owner_id",
      "ix_users_email",
      "ml_models_pkey",
      "stocks_daily_info_pkey",
      "strategies_pkey",
      "users_pkey"
    ]
  }
}
---
{
  "workload_id": 1207,
  "metadata": {
    "strategy_template": "ML Hybrid Style",
    "ml_model_used": null
  },
  "sql_query": "SELECT ( SELECT COALESCE(SUM(value), 0) FROM ( SELECT value FROM financials_quarterly fq WHERE fq.ticker = sdi.ticker AND fq.item_name = 'NetIncome' AND fq.statement_type IN ('IS_Q','CF_Q') AND fq.period_end <= DATE '2023-08-05' ORDER BY fq.period_end DESC LIMIT 4 ) as recent_quarters ) AS ttm_netincome , fd.bps, fd.dividend_yield, fd.eps, fd.pbr, fd.per, sdi.close_price, sdi.company_name, sdi.ma_20d, sdi.market_cap, sdi.momentum_12m, sdi.momentum_3m, sdi.rsi_14, sdi.ticker, sdi.volatility_20d FROM stocks_daily_info sdi LEFT JOIN fundamentals_daily fd ON fd.ticker = sdi.ticker AND fd.event_date = sdi.event_date WHERE sdi.market = 'KOSDAQ' AND sdi.market_cap >= 102200000000 AND sdi.event_date = DATE '2023-08-05' ORDER BY sdi.rsi_14 desc, sdi.momentum_3m asc, sdi.volatility_20d asc, fd.pbr asc LIMIT 21;",
  "baseline_execution_plan": {
    "Plan": {
      "Node Type": "Limit",
      "Parallel Aware": false,
      "Async Capable": false,
      "Startup Cost": 24.72,
      "Total Cost": 29.02,
      "Plan Rows": 1,
      "Plan Width": 137,
      "Plans": [
        {
          "Node Type": "Result",
          "Parent Relationship": "Outer",
          "Parallel Aware": false,
          "Async Capable": false,
          "Startup Cost": 24.72,
          "Total Cost": 29.02,
          "Plan Rows": 1,
          "Plan Width": 137,
          "Plans": [
            {
              "Node Type": "Sort",
              "Parent Relationship": "Outer",
              "Parallel Aware": false,
              "Async Capable": false,
              "Startup Cost": 24.72,
              "Total Cost": 24.73,
              "Plan Rows": 1,
              "Plan Width": 105,
              "Sort Key": [
                "sdi.rsi_14 DESC",
                "sdi.momentum_3m",
                "sdi.volatility_20d",
                "fd.pbr"
              ],
              "Plans": [
                {
                  "Node Type": "Nested Loop",
                  "Parent Relationship": "Outer",
                  "Parallel Aware": false,
                  "Async Capable": false,
                  "Join Type": "Left",
                  "Startup Cost": 2.65,
                  "Total Cost": 24.71,
                  "Plan Rows": 1,
                  "Plan Width": 105,
                  "Inner Unique": true,
                  "Plans": [
                    {
                      "Node Type": "Bitmap Heap Scan",
                      "Parent Relationship": "Outer",
                      "Parallel Aware": false,
                      "Async Capable": false,
                      "Relation Name": "stocks_daily_info",
                      "Alias": "sdi",
                      "Startup Cost": 2.36,
                      "Total Cost": 20.4,
                      "Plan Rows": 1,
                      "Plan Width": 68,
                      "Recheck Cond": "(event_date = '2023-08-05'::date)",
                      "Filter": "((market_cap >= '102200000000'::numeric) AND (market = 'KOSDAQ'::text))",
                      "Plans": [
                        {
                          "Node Type": "Bitmap Index Scan",
                          "Parent Relationship": "Outer",
                          "Parallel Aware": false,
                          "Async Capable": false,
                          "Index Name": "idx_sdi_event_date",
                          "Startup Cost": 0.0,
                          "Total Cost": 2.36,
                          "Plan Rows": 10,
                          "Plan Width": 0,
                          "Index Cond": "(event_date = '2023-08-05'::date)"
                        }
                      ]
                    },
                    {
                      "Node Type": "Index Scan",
                      "Parent Relationship": "Inner",
                      "Parallel Aware": false,
                      "Async Capable": false,
                      "Scan Direction": "Forward",
                      "Index Name": "fundamentals_daily_pkey",
                      "Relation Name": "fundamentals_daily",
                      "Alias": "fd",
                      "Startup Cost": 0.29,
                      "Total Cost": 4.3,
                      "Plan Rows": 1,
                      "Plan Width": 55,
                      "Index Cond": "((event_date = '2023-08-05'::date) AND (ticker = sdi.ticker))"
                    }
                  ]
                }
              ]
            },
            {
              "Node Type": "Aggregate",
              "Strategy": "Plain",
              "Partial Mode": "Simple",
              "Parent Relationship": "SubPlan",
              "Subplan Name": "SubPlan 1",
              "Parallel Aware": false,
              "Async Capable": false,
              "Startup Cost": 4.27,
              "Total Cost": 4.28,
              "Plan Rows": 1,
              "Plan Width": 32,
              "Plans": [
                {
                  "Node Type": "Limit",
                  "Parent Relationship": "Outer",
                  "Parallel Aware": false,
                  "Async Capable": false,
                  "Startup Cost": 0.29,
                  "Total Cost": 4.25,
                  "Plan Rows": 1,
                  "Plan Width": 12,
                  "Plans": [
                    {
                      "Node Type": "Index Scan",
                      "Parent Relationship": "Outer",
                      "Parallel Aware": false,
                      "Async Capable": false,
                      "Scan Direction": "Backward",
                      "Index Name": "idx_finq_period_end",
                      "Relation Name": "financials_quarterly",
                      "Alias": "fq",
                      "Startup Cost": 0.29,
                      "Total Cost": 4.25,
                      "Plan Rows": 1,
                      "Plan Width": 12,
                      "Index Cond": "(period_end <= '2023-08-05'::date)",
                      "Filter": "((statement_type = ANY ('{IS_Q,CF_Q}'::text[])) AND (ticker = sdi.ticker) AND (item_name = 'NetIncome'::text))"
                    }
                  ]
                }
              ]
            }
          ]
        }
      ]
    }
  },
  "db_statistics": {
    "table_stats": {
      "stocks_daily_info": {
        "row_count": 12700,
        "size_mb": 1.71
      },
      "fundamentals_daily": {
        "row_count": 12080,
        "size_mb": 2.33
      },
      "financials_quarterly": {
        "row_count": 8634,
        "size_mb": 0.8
      }
    },
    "existing_indexes": [
      "backtest_results_pkey",
      "community_posts_pkey",
      "financials_quarterly_pkey",
      "fundamentals_daily_pkey",
      "idx_finq_period_end",
      "idx_finq_ticker",
      "idx_fund_event_date",
      "idx_fund_ticker",
      "idx_sdi_event_date",
      "idx_sdi_ticker",
      "ix_backtest_results_strategy_id",
      "ix_community_posts_author_id",
      "ix_community_posts_strategy_id",
      "ix_ml_models_owner_id",
      "ix_strategies_owner_id",
      "ix_users_email",
      "ml_models_pkey",
      "stocks_daily_info_pkey",
      "strategies_pkey",
      "users_pkey"
    ]
  }
}
---
{
  "workload_id": 1208,
  "metadata": {
    "strategy_template": "ML Hybrid Style",
    "ml_model_used": "Return Forecast Model"
  },
  "sql_query": "SELECT ( SELECT COALESCE(SUM(value), 0) FROM ( SELECT value FROM financials_quarterly fq WHERE fq.ticker = sdi.ticker AND fq.item_name = 'NetIncome' AND fq.statement_type IN ('IS_Q','CF_Q') AND fq.period_end <= DATE '2023-09-26' ORDER BY fq.period_end DESC LIMIT 4 ) as recent_quarters ) AS ttm_netincome , sdi.close_price, sdi.company_name, sdi.ma_20d, sdi.market_cap, sdi.momentum_12m, sdi.momentum_3m, sdi.rsi_14, sdi.ticker, sdi.volatility_20d FROM stocks_daily_info sdi WHERE sdi.market = 'KOSPI' AND sdi.market_cap >= 348900000000 AND sdi.event_date = DATE '2023-09-26' ORDER BY CASE sdi.ticker WHEN '000660.KS' THEN 1 WHEN '005930.KS' THEN 2 WHEN '068270.KQ' THEN 3 WHEN '207940.KS' THEN 4 WHEN '035420.KS' THEN 5 WHEN '005380.KS' THEN 6 WHEN '051910.KS' THEN 7 WHEN '012330.KS' THEN 8 WHEN '035720.KS' THEN 9 WHEN '105560.KS' THEN 10 ELSE 11 END LIMIT 39;",
  "baseline_execution_plan": {
    "Plan": {
      "Node Type": "Limit",
      "Parallel Aware": false,
      "Async Capable": false,
      "Startup Cost": 20.43,
      "Total Cost": 24.75,
      "Plan Rows": 1,
      "Plan Width": 100,
      "Plans": [
        {
          "Node Type": "Result",
          "Parent Relationship": "Outer",
          "Parallel Aware": false,
          "Async Capable": false,
          "Startup Cost": 20.43,
          "Total Cost": 24.75,
          "Plan Rows": 1,
          "Plan Width": 100,
          "Plans": [
            {
              "Node Type": "Sort",
              "Parent Relationship": "Outer",
              "Parallel Aware": false,
              "Async Capable": false,
              "Startup Cost": 20.43,
              "Total Cost": 20.44,
              "Plan Rows": 1,
              "Plan Width": 68,
              "Sort Key": [
                "(CASE sdi.ticker WHEN '000660.KS'::text THEN 1 WHEN '005930.KS'::text THEN 2 WHEN '068270.KQ'::text THEN 3 WHEN '207940.KS'::text THEN 4 WHEN '035420.KS'::text THEN 5 WHEN '005380.KS'::text THEN 6 WHEN '051910.KS'::text THEN 7 WHEN '012330.KS'::text THEN 8 WHEN '035720.KS'::text THEN 9 WHEN '105560.KS'::text THEN 10 ELSE 11 END)"
              ],
              "Plans": [
                {
                  "Node Type": "Bitmap Heap Scan",
                  "Parent Relationship": "Outer",
                  "Parallel Aware": false,
                  "Async Capable": false,
                  "Relation Name": "stocks_daily_info",
                  "Alias": "sdi",
                  "Startup Cost": 2.36,
                  "Total Cost": 20.42,
                  "Plan Rows": 1,
                  "Plan Width": 68,
                  "Recheck Cond": "(event_date = '2023-09-26'::date)",
                  "Filter": "((market_cap >= '348900000000'::numeric) AND (market = 'KOSPI'::text))",
                  "Plans": [
                    {
                      "Node Type": "Bitmap Index Scan",
                      "Parent Relationship": "Outer",
                      "Parallel Aware": false,
                      "Async Capable": false,
                      "Index Name": "idx_sdi_event_date",
                      "Startup Cost": 0.0,
                      "Total Cost": 2.36,
                      "Plan Rows": 10,
                      "Plan Width": 0,
                      "Index Cond": "(event_date = '2023-09-26'::date)"
                    }
                  ]
                }
              ]
            },
            {
              "Node Type": "Aggregate",
              "Strategy": "Plain",
              "Partial Mode": "Simple",
              "Parent Relationship": "SubPlan",
              "Subplan Name": "SubPlan 1",
              "Parallel Aware": false,
              "Async Capable": false,
              "Startup Cost": 4.27,
              "Total Cost": 4.28,
              "Plan Rows": 1,
              "Plan Width": 32,
              "Plans": [
                {
                  "Node Type": "Limit",
                  "Parent Relationship": "Outer",
                  "Parallel Aware": false,
                  "Async Capable": false,
                  "Startup Cost": 0.29,
                  "Total Cost": 4.25,
                  "Plan Rows": 1,
                  "Plan Width": 12,
                  "Plans": [
                    {
                      "Node Type": "Index Scan",
                      "Parent Relationship": "Outer",
                      "Parallel Aware": false,
                      "Async Capable": false,
                      "Scan Direction": "Backward",
                      "Index Name": "idx_finq_period_end",
                      "Relation Name": "financials_quarterly",
                      "Alias": "fq",
                      "Startup Cost": 0.29,
                      "Total Cost": 4.25,
                      "Plan Rows": 1,
                      "Plan Width": 12,
                      "Index Cond": "(period_end <= '2023-09-26'::date)",
                      "Filter": "((statement_type = ANY ('{IS_Q,CF_Q}'::text[])) AND (ticker = sdi.ticker) AND (item_name = 'NetIncome'::text))"
                    }
                  ]
                }
              ]
            }
          ]
        }
      ]
    }
  },
  "db_statistics": {
    "table_stats": {
      "stocks_daily_info": {
        "row_count": 12700,
        "size_mb": 1.71
      },
      "fundamentals_daily": {
        "row_count": 12080,
        "size_mb": 2.33
      },
      "financials_quarterly": {
        "row_count": 8634,
        "size_mb": 0.8
      }
    },
    "existing_indexes": [
      "backtest_results_pkey",
      "community_posts_pkey",
      "financials_quarterly_pkey",
      "fundamentals_daily_pkey",
      "idx_finq_period_end",
      "idx_finq_ticker",
      "idx_fund_event_date",
      "idx_fund_ticker",
      "idx_sdi_event_date",
      "idx_sdi_ticker",
      "ix_backtest_results_strategy_id",
      "ix_community_posts_author_id",
      "ix_community_posts_strategy_id",
      "ix_ml_models_owner_id",
      "ix_strategies_owner_id",
      "ix_users_email",
      "ml_models_pkey",
      "stocks_daily_info_pkey",
      "strategies_pkey",
      "users_pkey"
    ]
  }
}
---
{
  "workload_id": 1209,
  "metadata": {
    "strategy_template": "ML Hybrid Style",
    "ml_model_used": "Return Forecast Model"
  },
  "sql_query": "SELECT fd.bps, fd.dividend_yield, fd.eps, fd.pbr, fd.per, sdi.close_price, sdi.company_name, sdi.ma_20d, sdi.market_cap, sdi.momentum_12m, sdi.momentum_3m, sdi.rsi_14, sdi.ticker, sdi.volatility_20d FROM stocks_daily_info sdi LEFT JOIN fundamentals_daily fd ON fd.ticker = sdi.ticker AND fd.event_date = sdi.event_date WHERE sdi.market = 'KOSPI' AND sdi.market_cap >= 311100000000 AND sdi.event_date = DATE '2023-06-19' ORDER BY CASE sdi.ticker WHEN '000660.KS' THEN 1 WHEN '005930.KS' THEN 2 WHEN '068270.KQ' THEN 3 WHEN '207940.KS' THEN 4 WHEN '035420.KS' THEN 5 WHEN '005380.KS' THEN 6 WHEN '051910.KS' THEN 7 WHEN '012330.KS' THEN 8 WHEN '035720.KS' THEN 9 WHEN '105560.KS' THEN 10 ELSE 11 END LIMIT 27;",
  "baseline_execution_plan": {
    "Plan": {
      "Node Type": "Limit",
      "Parallel Aware": false,
      "Async Capable": false,
      "Startup Cost": 24.75,
      "Total Cost": 24.75,
      "Plan Rows": 1,
      "Plan Width": 109,
      "Plans": [
        {
          "Node Type": "Sort",
          "Parent Relationship": "Outer",
          "Parallel Aware": false,
          "Async Capable": false,
          "Startup Cost": 24.75,
          "Total Cost": 24.75,
          "Plan Rows": 1,
          "Plan Width": 109,
          "Sort Key": [
            "(CASE sdi.ticker WHEN '000660.KS'::text THEN 1 WHEN '005930.KS'::text THEN 2 WHEN '068270.KQ'::text THEN 3 WHEN '207940.KS'::text THEN 4 WHEN '035420.KS'::text THEN 5 WHEN '005380.KS'::text THEN 6 WHEN '051910.KS'::text THEN 7 WHEN '012330.KS'::text THEN 8 WHEN '035720.KS'::text THEN 9 WHEN '105560.KS'::text THEN 10 ELSE 11 END)"
          ],
          "Plans": [
            {
              "Node Type": "Nested Loop",
              "Parent Relationship": "Outer",
              "Parallel Aware": false,
              "Async Capable": false,
              "Join Type": "Left",
              "Startup Cost": 2.65,
              "Total Cost": 24.74,
              "Plan Rows": 1,
              "Plan Width": 109,
              "Inner Unique": true,
              "Plans": [
                {
                  "Node Type": "Bitmap Heap Scan",
                  "Parent Relationship": "Outer",
                  "Parallel Aware": false,
                  "Async Capable": false,
                  "Relation Name": "stocks_daily_info",
                  "Alias": "sdi",
                  "Startup Cost": 2.36,
                  "Total Cost": 20.4,
                  "Plan Rows": 1,
                  "Plan Width": 68,
                  "Recheck Cond": "(event_date = '2023-06-19'::date)",
                  "Filter": "((market_cap >= '311100000000'::numeric) AND (market = 'KOSPI'::text))",
                  "Plans": [
                    {
                      "Node Type": "Bitmap Index Scan",
                      "Parent Relationship": "Outer",
                      "Parallel Aware": false,
                      "Async Capable": false,
                      "Index Name": "idx_sdi_event_date",
                      "Startup Cost": 0.0,
                      "Total Cost": 2.36,
                      "Plan Rows": 10,
                      "Plan Width": 0,
                      "Index Cond": "(event_date = '2023-06-19'::date)"
                    }
                  ]
                },
                {
                  "Node Type": "Index Scan",
                  "Parent Relationship": "Inner",
                  "Parallel Aware": false,
                  "Async Capable": false,
                  "Scan Direction": "Forward",
                  "Index Name": "fundamentals_daily_pkey",
                  "Relation Name": "fundamentals_daily",
                  "Alias": "fd",
                  "Startup Cost": 0.29,
                  "Total Cost": 4.3,
                  "Plan Rows": 1,
                  "Plan Width": 55,
                  "Index Cond": "((event_date = '2023-06-19'::date) AND (ticker = sdi.ticker))"
                }
              ]
            }
          ]
        }
      ]
    }
  },
  "db_statistics": {
    "table_stats": {
      "stocks_daily_info": {
        "row_count": 12700,
        "size_mb": 1.71
      },
      "fundamentals_daily": {
        "row_count": 12080,
        "size_mb": 2.33
      },
      "financials_quarterly": {
        "row_count": 8634,
        "size_mb": 0.8
      }
    },
    "existing_indexes": [
      "backtest_results_pkey",
      "community_posts_pkey",
      "financials_quarterly_pkey",
      "fundamentals_daily_pkey",
      "idx_finq_period_end",
      "idx_finq_ticker",
      "idx_fund_event_date",
      "idx_fund_ticker",
      "idx_sdi_event_date",
      "idx_sdi_ticker",
      "ix_backtest_results_strategy_id",
      "ix_community_posts_author_id",
      "ix_community_posts_strategy_id",
      "ix_ml_models_owner_id",
      "ix_strategies_owner_id",
      "ix_users_email",
      "ml_models_pkey",
      "stocks_daily_info_pkey",
      "strategies_pkey",
      "users_pkey"
    ]
  }
}
---
{
  "workload_id": 1210,
  "metadata": {
    "strategy_template": "Value Investing Style",
    "ml_model_used": null
  },
  "sql_query": "SELECT fd.bps, fd.dividend_yield, fd.eps, fd.pbr, fd.per, sdi.close_price, sdi.company_name, sdi.ma_20d, sdi.market_cap, sdi.momentum_12m, sdi.momentum_3m, sdi.rsi_14, sdi.ticker, sdi.volatility_20d FROM stocks_daily_info sdi LEFT JOIN fundamentals_daily fd ON fd.ticker = sdi.ticker AND fd.event_date = sdi.event_date WHERE sdi.market = 'KOSDAQ' AND sdi.market_cap >= 414000000000 AND sdi.event_date = DATE '2023-07-11' ORDER BY fd.pbr desc, fd.per desc, fd.eps desc LIMIT 37;",
  "baseline_execution_plan": {
    "Plan": {
      "Node Type": "Limit",
      "Parallel Aware": false,
      "Async Capable": false,
      "Startup Cost": 24.72,
      "Total Cost": 24.73,
      "Plan Rows": 1,
      "Plan Width": 105,
      "Plans": [
        {
          "Node Type": "Sort",
          "Parent Relationship": "Outer",
          "Parallel Aware": false,
          "Async Capable": false,
          "Startup Cost": 24.72,
          "Total Cost": 24.73,
          "Plan Rows": 1,
          "Plan Width": 105,
          "Sort Key": [
            "fd.pbr DESC",
            "fd.per DESC",
            "fd.eps DESC"
          ],
          "Plans": [
            {
              "Node Type": "Nested Loop",
              "Parent Relationship": "Outer",
              "Parallel Aware": false,
              "Async Capable": false,
              "Join Type": "Left",
              "Startup Cost": 2.65,
              "Total Cost": 24.71,
              "Plan Rows": 1,
              "Plan Width": 105,
              "Inner Unique": true,
              "Plans": [
                {
                  "Node Type": "Bitmap Heap Scan",
                  "Parent Relationship": "Outer",
                  "Parallel Aware": false,
                  "Async Capable": false,
                  "Relation Name": "stocks_daily_info",
                  "Alias": "sdi",
                  "Startup Cost": 2.36,
                  "Total Cost": 20.4,
                  "Plan Rows": 1,
                  "Plan Width": 68,
                  "Recheck Cond": "(event_date = '2023-07-11'::date)",
                  "Filter": "((market_cap >= '414000000000'::numeric) AND (market = 'KOSDAQ'::text))",
                  "Plans": [
                    {
                      "Node Type": "Bitmap Index Scan",
                      "Parent Relationship": "Outer",
                      "Parallel Aware": false,
                      "Async Capable": false,
                      "Index Name": "idx_sdi_event_date",
                      "Startup Cost": 0.0,
                      "Total Cost": 2.36,
                      "Plan Rows": 10,
                      "Plan Width": 0,
                      "Index Cond": "(event_date = '2023-07-11'::date)"
                    }
                  ]
                },
                {
                  "Node Type": "Index Scan",
                  "Parent Relationship": "Inner",
                  "Parallel Aware": false,
                  "Async Capable": false,
                  "Scan Direction": "Forward",
                  "Index Name": "fundamentals_daily_pkey",
                  "Relation Name": "fundamentals_daily",
                  "Alias": "fd",
                  "Startup Cost": 0.29,
                  "Total Cost": 4.3,
                  "Plan Rows": 1,
                  "Plan Width": 55,
                  "Index Cond": "((event_date = '2023-07-11'::date) AND (ticker = sdi.ticker))"
                }
              ]
            }
          ]
        }
      ]
    }
  },
  "db_statistics": {
    "table_stats": {
      "stocks_daily_info": {
        "row_count": 12700,
        "size_mb": 1.71
      },
      "fundamentals_daily": {
        "row_count": 12080,
        "size_mb": 2.33
      },
      "financials_quarterly": {
        "row_count": 8634,
        "size_mb": 0.8
      }
    },
    "existing_indexes": [
      "backtest_results_pkey",
      "community_posts_pkey",
      "financials_quarterly_pkey",
      "fundamentals_daily_pkey",
      "idx_finq_period_end",
      "idx_finq_ticker",
      "idx_fund_event_date",
      "idx_fund_ticker",
      "idx_sdi_event_date",
      "idx_sdi_ticker",
      "ix_backtest_results_strategy_id",
      "ix_community_posts_author_id",
      "ix_community_posts_strategy_id",
      "ix_ml_models_owner_id",
      "ix_strategies_owner_id",
      "ix_users_email",
      "ml_models_pkey",
      "stocks_daily_info_pkey",
      "strategies_pkey",
      "users_pkey"
    ]
  }
}
---
{
  "workload_id": 1211,
  "metadata": {
    "strategy_template": "ML Hybrid Style",
    "ml_model_used": "Return Forecast Model"
  },
  "sql_query": "SELECT sdi.close_price, sdi.company_name, sdi.ma_20d, sdi.market_cap, sdi.momentum_12m, sdi.momentum_3m, sdi.rsi_14, sdi.ticker, sdi.volatility_20d FROM stocks_daily_info sdi WHERE sdi.market = 'KOSPI' AND sdi.market_cap >= 131500000000 AND sdi.event_date = DATE '2023-09-27' ORDER BY CASE sdi.ticker WHEN '000660.KS' THEN 1 WHEN '005930.KS' THEN 2 WHEN '068270.KQ' THEN 3 WHEN '207940.KS' THEN 4 WHEN '035420.KS' THEN 5 WHEN '005380.KS' THEN 6 WHEN '051910.KS' THEN 7 WHEN '012330.KS' THEN 8 WHEN '035720.KS' THEN 9 WHEN '105560.KS' THEN 10 ELSE 11 END LIMIT 15;",
  "baseline_execution_plan": {
    "Plan": {
      "Node Type": "Limit",
      "Parallel Aware": false,
      "Async Capable": false,
      "Startup Cost": 20.43,
      "Total Cost": 20.44,
      "Plan Rows": 1,
      "Plan Width": 68,
      "Plans": [
        {
          "Node Type": "Sort",
          "Parent Relationship": "Outer",
          "Parallel Aware": false,
          "Async Capable": false,
          "Startup Cost": 20.43,
          "Total Cost": 20.44,
          "Plan Rows": 1,
          "Plan Width": 68,
          "Sort Key": [
            "(CASE ticker WHEN '000660.KS'::text THEN 1 WHEN '005930.KS'::text THEN 2 WHEN '068270.KQ'::text THEN 3 WHEN '207940.KS'::text THEN 4 WHEN '035420.KS'::text THEN 5 WHEN '005380.KS'::text THEN 6 WHEN '051910.KS'::text THEN 7 WHEN '012330.KS'::text THEN 8 WHEN '035720.KS'::text THEN 9 WHEN '105560.KS'::text THEN 10 ELSE 11 END)"
          ],
          "Plans": [
            {
              "Node Type": "Bitmap Heap Scan",
              "Parent Relationship": "Outer",
              "Parallel Aware": false,
              "Async Capable": false,
              "Relation Name": "stocks_daily_info",
              "Alias": "sdi",
              "Startup Cost": 2.36,
              "Total Cost": 20.42,
              "Plan Rows": 1,
              "Plan Width": 68,
              "Recheck Cond": "(event_date = '2023-09-27'::date)",
              "Filter": "((market_cap >= '131500000000'::numeric) AND (market = 'KOSPI'::text))",
              "Plans": [
                {
                  "Node Type": "Bitmap Index Scan",
                  "Parent Relationship": "Outer",
                  "Parallel Aware": false,
                  "Async Capable": false,
                  "Index Name": "idx_sdi_event_date",
                  "Startup Cost": 0.0,
                  "Total Cost": 2.36,
                  "Plan Rows": 10,
                  "Plan Width": 0,
                  "Index Cond": "(event_date = '2023-09-27'::date)"
                }
              ]
            }
          ]
        }
      ]
    }
  },
  "db_statistics": {
    "table_stats": {
      "stocks_daily_info": {
        "row_count": 12700,
        "size_mb": 1.71
      },
      "fundamentals_daily": {
        "row_count": 12080,
        "size_mb": 2.33
      },
      "financials_quarterly": {
        "row_count": 8634,
        "size_mb": 0.8
      }
    },
    "existing_indexes": [
      "backtest_results_pkey",
      "community_posts_pkey",
      "financials_quarterly_pkey",
      "fundamentals_daily_pkey",
      "idx_finq_period_end",
      "idx_finq_ticker",
      "idx_fund_event_date",
      "idx_fund_ticker",
      "idx_sdi_event_date",
      "idx_sdi_ticker",
      "ix_backtest_results_strategy_id",
      "ix_community_posts_author_id",
      "ix_community_posts_strategy_id",
      "ix_ml_models_owner_id",
      "ix_strategies_owner_id",
      "ix_users_email",
      "ml_models_pkey",
      "stocks_daily_info_pkey",
      "strategies_pkey",
      "users_pkey"
    ]
  }
}
---
{
  "workload_id": 1212,
  "metadata": {
    "strategy_template": "Momentum Investing Style",
    "ml_model_used": null
  },
  "sql_query": "SELECT sdi.close_price, sdi.company_name, sdi.ma_20d, sdi.market_cap, sdi.momentum_12m, sdi.momentum_3m, sdi.rsi_14, sdi.ticker, sdi.volatility_20d FROM stocks_daily_info sdi WHERE sdi.market = 'KOSDAQ' AND sdi.market_cap >= 206700000000 AND sdi.event_date = DATE '2023-09-10' ORDER BY sdi.momentum_3m asc, sdi.momentum_12m asc, sdi.volatility_20d desc, sdi.rsi_14 desc LIMIT 37;",
  "baseline_execution_plan": {
    "Plan": {
      "Node Type": "Limit",
      "Parallel Aware": false,
      "Async Capable": false,
      "Startup Cost": 20.41,
      "Total Cost": 20.41,
      "Plan Rows": 1,
      "Plan Width": 64,
      "Plans": [
        {
          "Node Type": "Sort",
          "Parent Relationship": "Outer",
          "Parallel Aware": false,
          "Async Capable": false,
          "Startup Cost": 20.41,
          "Total Cost": 20.41,
          "Plan Rows": 1,
          "Plan Width": 64,
          "Sort Key": [
            "momentum_3m",
            "momentum_12m",
            "volatility_20d DESC",
            "rsi_14 DESC"
          ],
          "Plans": [
            {
              "Node Type": "Bitmap Heap Scan",
              "Parent Relationship": "Outer",
              "Parallel Aware": false,
              "Async Capable": false,
              "Relation Name": "stocks_daily_info",
              "Alias": "sdi",
              "Startup Cost": 2.36,
              "Total Cost": 20.4,
              "Plan Rows": 1,
              "Plan Width": 64,
              "Recheck Cond": "(event_date = '2023-09-10'::date)",
              "Filter": "((market_cap >= '206700000000'::numeric) AND (market = 'KOSDAQ'::text))",
              "Plans": [
                {
                  "Node Type": "Bitmap Index Scan",
                  "Parent Relationship": "Outer",
                  "Parallel Aware": false,
                  "Async Capable": false,
                  "Index Name": "idx_sdi_event_date",
                  "Startup Cost": 0.0,
                  "Total Cost": 2.36,
                  "Plan Rows": 10,
                  "Plan Width": 0,
                  "Index Cond": "(event_date = '2023-09-10'::date)"
                }
              ]
            }
          ]
        }
      ]
    }
  },
  "db_statistics": {
    "table_stats": {
      "stocks_daily_info": {
        "row_count": 12700,
        "size_mb": 1.71
      },
      "fundamentals_daily": {
        "row_count": 12080,
        "size_mb": 2.33
      },
      "financials_quarterly": {
        "row_count": 8634,
        "size_mb": 0.8
      }
    },
    "existing_indexes": [
      "backtest_results_pkey",
      "community_posts_pkey",
      "financials_quarterly_pkey",
      "fundamentals_daily_pkey",
      "idx_finq_period_end",
      "idx_finq_ticker",
      "idx_fund_event_date",
      "idx_fund_ticker",
      "idx_sdi_event_date",
      "idx_sdi_ticker",
      "ix_backtest_results_strategy_id",
      "ix_community_posts_author_id",
      "ix_community_posts_strategy_id",
      "ix_ml_models_owner_id",
      "ix_strategies_owner_id",
      "ix_users_email",
      "ml_models_pkey",
      "stocks_daily_info_pkey",
      "strategies_pkey",
      "users_pkey"
    ]
  }
}
---
{
  "workload_id": 1213,
  "metadata": {
    "strategy_template": "ML Hybrid Style",
    "ml_model_used": "Return Forecast Model"
  },
  "sql_query": "SELECT sdi.close_price, sdi.company_name, sdi.ma_20d, sdi.market_cap, sdi.momentum_12m, sdi.momentum_3m, sdi.rsi_14, sdi.ticker, sdi.volatility_20d FROM stocks_daily_info sdi WHERE sdi.market = 'KOSPI' AND sdi.market_cap >= 107700000000 AND sdi.event_date = DATE '2023-08-31' ORDER BY CASE sdi.ticker WHEN '000660.KS' THEN 1 WHEN '005930.KS' THEN 2 WHEN '068270.KQ' THEN 3 WHEN '207940.KS' THEN 4 WHEN '035420.KS' THEN 5 WHEN '005380.KS' THEN 6 WHEN '051910.KS' THEN 7 WHEN '012330.KS' THEN 8 WHEN '035720.KS' THEN 9 WHEN '105560.KS' THEN 10 ELSE 11 END LIMIT 21;",
  "baseline_execution_plan": {
    "Plan": {
      "Node Type": "Limit",
      "Parallel Aware": false,
      "Async Capable": false,
      "Startup Cost": 20.43,
      "Total Cost": 20.44,
      "Plan Rows": 1,
      "Plan Width": 68,
      "Plans": [
        {
          "Node Type": "Sort",
          "Parent Relationship": "Outer",
          "Parallel Aware": false,
          "Async Capable": false,
          "Startup Cost": 20.43,
          "Total Cost": 20.44,
          "Plan Rows": 1,
          "Plan Width": 68,
          "Sort Key": [
            "(CASE ticker WHEN '000660.KS'::text THEN 1 WHEN '005930.KS'::text THEN 2 WHEN '068270.KQ'::text THEN 3 WHEN '207940.KS'::text THEN 4 WHEN '035420.KS'::text THEN 5 WHEN '005380.KS'::text THEN 6 WHEN '051910.KS'::text THEN 7 WHEN '012330.KS'::text THEN 8 WHEN '035720.KS'::text THEN 9 WHEN '105560.KS'::text THEN 10 ELSE 11 END)"
          ],
          "Plans": [
            {
              "Node Type": "Bitmap Heap Scan",
              "Parent Relationship": "Outer",
              "Parallel Aware": false,
              "Async Capable": false,
              "Relation Name": "stocks_daily_info",
              "Alias": "sdi",
              "Startup Cost": 2.36,
              "Total Cost": 20.42,
              "Plan Rows": 1,
              "Plan Width": 68,
              "Recheck Cond": "(event_date = '2023-08-31'::date)",
              "Filter": "((market_cap >= '107700000000'::numeric) AND (market = 'KOSPI'::text))",
              "Plans": [
                {
                  "Node Type": "Bitmap Index Scan",
                  "Parent Relationship": "Outer",
                  "Parallel Aware": false,
                  "Async Capable": false,
                  "Index Name": "idx_sdi_event_date",
                  "Startup Cost": 0.0,
                  "Total Cost": 2.36,
                  "Plan Rows": 10,
                  "Plan Width": 0,
                  "Index Cond": "(event_date = '2023-08-31'::date)"
                }
              ]
            }
          ]
        }
      ]
    }
  },
  "db_statistics": {
    "table_stats": {
      "stocks_daily_info": {
        "row_count": 12700,
        "size_mb": 1.71
      },
      "fundamentals_daily": {
        "row_count": 12080,
        "size_mb": 2.33
      },
      "financials_quarterly": {
        "row_count": 8634,
        "size_mb": 0.8
      }
    },
    "existing_indexes": [
      "backtest_results_pkey",
      "community_posts_pkey",
      "financials_quarterly_pkey",
      "fundamentals_daily_pkey",
      "idx_finq_period_end",
      "idx_finq_ticker",
      "idx_fund_event_date",
      "idx_fund_ticker",
      "idx_sdi_event_date",
      "idx_sdi_ticker",
      "ix_backtest_results_strategy_id",
      "ix_community_posts_author_id",
      "ix_community_posts_strategy_id",
      "ix_ml_models_owner_id",
      "ix_strategies_owner_id",
      "ix_users_email",
      "ml_models_pkey",
      "stocks_daily_info_pkey",
      "strategies_pkey",
      "users_pkey"
    ]
  }
}
---
{
  "workload_id": 1214,
  "metadata": {
    "strategy_template": "Value Investing Style",
    "ml_model_used": null
  },
  "sql_query": "SELECT fd.bps, fd.dividend_yield, fd.eps, fd.pbr, fd.per, sdi.close_price, sdi.company_name, sdi.ma_20d, sdi.market_cap, sdi.momentum_12m, sdi.momentum_3m, sdi.rsi_14, sdi.ticker, sdi.volatility_20d FROM stocks_daily_info sdi LEFT JOIN fundamentals_daily fd ON fd.ticker = sdi.ticker AND fd.event_date = sdi.event_date WHERE sdi.market = 'KOSPI' AND sdi.market_cap >= 253100000000 AND sdi.event_date = DATE '2023-09-23' ORDER BY fd.pbr desc, fd.per asc, fd.dividend_yield asc LIMIT 26;",
  "baseline_execution_plan": {
    "Plan": {
      "Node Type": "Limit",
      "Parallel Aware": false,
      "Async Capable": false,
      "Startup Cost": 24.72,
      "Total Cost": 24.73,
      "Plan Rows": 1,
      "Plan Width": 105,
      "Plans": [
        {
          "Node Type": "Sort",
          "Parent Relationship": "Outer",
          "Parallel Aware": false,
          "Async Capable": false,
          "Startup Cost": 24.72,
          "Total Cost": 24.73,
          "Plan Rows": 1,
          "Plan Width": 105,
          "Sort Key": [
            "fd.pbr DESC",
            "fd.per",
            "fd.dividend_yield"
          ],
          "Plans": [
            {
              "Node Type": "Nested Loop",
              "Parent Relationship": "Outer",
              "Parallel Aware": false,
              "Async Capable": false,
              "Join Type": "Left",
              "Startup Cost": 2.65,
              "Total Cost": 24.71,
              "Plan Rows": 1,
              "Plan Width": 105,
              "Inner Unique": true,
              "Plans": [
                {
                  "Node Type": "Bitmap Heap Scan",
                  "Parent Relationship": "Outer",
                  "Parallel Aware": false,
                  "Async Capable": false,
                  "Relation Name": "stocks_daily_info",
                  "Alias": "sdi",
                  "Startup Cost": 2.36,
                  "Total Cost": 20.4,
                  "Plan Rows": 1,
                  "Plan Width": 68,
                  "Recheck Cond": "(event_date = '2023-09-23'::date)",
                  "Filter": "((market_cap >= '253100000000'::numeric) AND (market = 'KOSPI'::text))",
                  "Plans": [
                    {
                      "Node Type": "Bitmap Index Scan",
                      "Parent Relationship": "Outer",
                      "Parallel Aware": false,
                      "Async Capable": false,
                      "Index Name": "idx_sdi_event_date",
                      "Startup Cost": 0.0,
                      "Total Cost": 2.36,
                      "Plan Rows": 10,
                      "Plan Width": 0,
                      "Index Cond": "(event_date = '2023-09-23'::date)"
                    }
                  ]
                },
                {
                  "Node Type": "Index Scan",
                  "Parent Relationship": "Inner",
                  "Parallel Aware": false,
                  "Async Capable": false,
                  "Scan Direction": "Forward",
                  "Index Name": "fundamentals_daily_pkey",
                  "Relation Name": "fundamentals_daily",
                  "Alias": "fd",
                  "Startup Cost": 0.29,
                  "Total Cost": 4.3,
                  "Plan Rows": 1,
                  "Plan Width": 55,
                  "Index Cond": "((event_date = '2023-09-23'::date) AND (ticker = sdi.ticker))"
                }
              ]
            }
          ]
        }
      ]
    }
  },
  "db_statistics": {
    "table_stats": {
      "stocks_daily_info": {
        "row_count": 12700,
        "size_mb": 1.71
      },
      "fundamentals_daily": {
        "row_count": 12080,
        "size_mb": 2.33
      },
      "financials_quarterly": {
        "row_count": 8634,
        "size_mb": 0.8
      }
    },
    "existing_indexes": [
      "backtest_results_pkey",
      "community_posts_pkey",
      "financials_quarterly_pkey",
      "fundamentals_daily_pkey",
      "idx_finq_period_end",
      "idx_finq_ticker",
      "idx_fund_event_date",
      "idx_fund_ticker",
      "idx_sdi_event_date",
      "idx_sdi_ticker",
      "ix_backtest_results_strategy_id",
      "ix_community_posts_author_id",
      "ix_community_posts_strategy_id",
      "ix_ml_models_owner_id",
      "ix_strategies_owner_id",
      "ix_users_email",
      "ml_models_pkey",
      "stocks_daily_info_pkey",
      "strategies_pkey",
      "users_pkey"
    ]
  }
}
---
{
  "workload_id": 1215,
  "metadata": {
    "strategy_template": "ML Hybrid Style",
    "ml_model_used": null
  },
  "sql_query": "SELECT sdi.close_price, sdi.company_name, sdi.ma_20d, sdi.market_cap, sdi.momentum_12m, sdi.momentum_3m, sdi.rsi_14, sdi.ticker, sdi.volatility_20d FROM stocks_daily_info sdi WHERE sdi.market = 'KOSPI' AND sdi.market_cap >= 176400000000 AND sdi.event_date = DATE '2023-10-14' ORDER BY sdi.momentum_3m asc, sdi.volatility_20d asc LIMIT 23;",
  "baseline_execution_plan": {
    "Plan": {
      "Node Type": "Limit",
      "Parallel Aware": false,
      "Async Capable": false,
      "Startup Cost": 20.41,
      "Total Cost": 20.41,
      "Plan Rows": 1,
      "Plan Width": 64,
      "Plans": [
        {
          "Node Type": "Sort",
          "Parent Relationship": "Outer",
          "Parallel Aware": false,
          "Async Capable": false,
          "Startup Cost": 20.41,
          "Total Cost": 20.41,
          "Plan Rows": 1,
          "Plan Width": 64,
          "Sort Key": [
            "momentum_3m",
            "volatility_20d"
          ],
          "Plans": [
            {
              "Node Type": "Bitmap Heap Scan",
              "Parent Relationship": "Outer",
              "Parallel Aware": false,
              "Async Capable": false,
              "Relation Name": "stocks_daily_info",
              "Alias": "sdi",
              "Startup Cost": 2.36,
              "Total Cost": 20.4,
              "Plan Rows": 1,
              "Plan Width": 64,
              "Recheck Cond": "(event_date = '2023-10-14'::date)",
              "Filter": "((market_cap >= '176400000000'::numeric) AND (market = 'KOSPI'::text))",
              "Plans": [
                {
                  "Node Type": "Bitmap Index Scan",
                  "Parent Relationship": "Outer",
                  "Parallel Aware": false,
                  "Async Capable": false,
                  "Index Name": "idx_sdi_event_date",
                  "Startup Cost": 0.0,
                  "Total Cost": 2.36,
                  "Plan Rows": 10,
                  "Plan Width": 0,
                  "Index Cond": "(event_date = '2023-10-14'::date)"
                }
              ]
            }
          ]
        }
      ]
    }
  },
  "db_statistics": {
    "table_stats": {
      "stocks_daily_info": {
        "row_count": 12700,
        "size_mb": 1.71
      },
      "fundamentals_daily": {
        "row_count": 12080,
        "size_mb": 2.33
      },
      "financials_quarterly": {
        "row_count": 8634,
        "size_mb": 0.8
      }
    },
    "existing_indexes": [
      "backtest_results_pkey",
      "community_posts_pkey",
      "financials_quarterly_pkey",
      "fundamentals_daily_pkey",
      "idx_finq_period_end",
      "idx_finq_ticker",
      "idx_fund_event_date",
      "idx_fund_ticker",
      "idx_sdi_event_date",
      "idx_sdi_ticker",
      "ix_backtest_results_strategy_id",
      "ix_community_posts_author_id",
      "ix_community_posts_strategy_id",
      "ix_ml_models_owner_id",
      "ix_strategies_owner_id",
      "ix_users_email",
      "ml_models_pkey",
      "stocks_daily_info_pkey",
      "strategies_pkey",
      "users_pkey"
    ]
  }
}
---
{
  "workload_id": 1216,
  "metadata": {
    "strategy_template": "Momentum Investing Style",
    "ml_model_used": null
  },
  "sql_query": "SELECT sdi.close_price, sdi.company_name, sdi.ma_20d, sdi.market_cap, sdi.momentum_12m, sdi.momentum_3m, sdi.rsi_14, sdi.ticker, sdi.volatility_20d FROM stocks_daily_info sdi WHERE sdi.market = 'KOSDAQ' AND sdi.market_cap >= 131400000000 AND sdi.event_date = DATE '2023-06-13' ORDER BY sdi.momentum_3m desc, sdi.momentum_12m desc, sdi.rsi_14 desc LIMIT 35;",
  "baseline_execution_plan": {
    "Plan": {
      "Node Type": "Limit",
      "Parallel Aware": false,
      "Async Capable": false,
      "Startup Cost": 20.41,
      "Total Cost": 20.41,
      "Plan Rows": 1,
      "Plan Width": 64,
      "Plans": [
        {
          "Node Type": "Sort",
          "Parent Relationship": "Outer",
          "Parallel Aware": false,
          "Async Capable": false,
          "Startup Cost": 20.41,
          "Total Cost": 20.41,
          "Plan Rows": 1,
          "Plan Width": 64,
          "Sort Key": [
            "momentum_3m DESC",
            "momentum_12m DESC",
            "rsi_14 DESC"
          ],
          "Plans": [
            {
              "Node Type": "Bitmap Heap Scan",
              "Parent Relationship": "Outer",
              "Parallel Aware": false,
              "Async Capable": false,
              "Relation Name": "stocks_daily_info",
              "Alias": "sdi",
              "Startup Cost": 2.36,
              "Total Cost": 20.4,
              "Plan Rows": 1,
              "Plan Width": 64,
              "Recheck Cond": "(event_date = '2023-06-13'::date)",
              "Filter": "((market_cap >= '131400000000'::numeric) AND (market = 'KOSDAQ'::text))",
              "Plans": [
                {
                  "Node Type": "Bitmap Index Scan",
                  "Parent Relationship": "Outer",
                  "Parallel Aware": false,
                  "Async Capable": false,
                  "Index Name": "idx_sdi_event_date",
                  "Startup Cost": 0.0,
                  "Total Cost": 2.36,
                  "Plan Rows": 10,
                  "Plan Width": 0,
                  "Index Cond": "(event_date = '2023-06-13'::date)"
                }
              ]
            }
          ]
        }
      ]
    }
  },
  "db_statistics": {
    "table_stats": {
      "stocks_daily_info": {
        "row_count": 12700,
        "size_mb": 1.71
      },
      "fundamentals_daily": {
        "row_count": 12080,
        "size_mb": 2.33
      },
      "financials_quarterly": {
        "row_count": 8634,
        "size_mb": 0.8
      }
    },
    "existing_indexes": [
      "backtest_results_pkey",
      "community_posts_pkey",
      "financials_quarterly_pkey",
      "fundamentals_daily_pkey",
      "idx_finq_period_end",
      "idx_finq_ticker",
      "idx_fund_event_date",
      "idx_fund_ticker",
      "idx_sdi_event_date",
      "idx_sdi_ticker",
      "ix_backtest_results_strategy_id",
      "ix_community_posts_author_id",
      "ix_community_posts_strategy_id",
      "ix_ml_models_owner_id",
      "ix_strategies_owner_id",
      "ix_users_email",
      "ml_models_pkey",
      "stocks_daily_info_pkey",
      "strategies_pkey",
      "users_pkey"
    ]
  }
}
---
{
  "workload_id": 1217,
  "metadata": {
    "strategy_template": "ML Hybrid Style",
    "ml_model_used": "Return Forecast Model"
  },
  "sql_query": "SELECT fd.bps, fd.dividend_yield, fd.eps, fd.pbr, fd.per, sdi.close_price, sdi.company_name, sdi.ma_20d, sdi.market_cap, sdi.momentum_12m, sdi.momentum_3m, sdi.rsi_14, sdi.ticker, sdi.volatility_20d FROM stocks_daily_info sdi LEFT JOIN fundamentals_daily fd ON fd.ticker = sdi.ticker AND fd.event_date = sdi.event_date WHERE sdi.market = 'KOSDAQ' AND sdi.market_cap >= 63000000000 AND sdi.event_date = DATE '2023-05-16' ORDER BY CASE sdi.ticker WHEN '000660.KS' THEN 1 WHEN '005930.KS' THEN 2 WHEN '068270.KQ' THEN 3 WHEN '207940.KS' THEN 4 WHEN '035420.KS' THEN 5 WHEN '005380.KS' THEN 6 WHEN '051910.KS' THEN 7 WHEN '012330.KS' THEN 8 WHEN '035720.KS' THEN 9 WHEN '105560.KS' THEN 10 ELSE 11 END LIMIT 32;",
  "baseline_execution_plan": {
    "Plan": {
      "Node Type": "Limit",
      "Parallel Aware": false,
      "Async Capable": false,
      "Startup Cost": 24.75,
      "Total Cost": 24.75,
      "Plan Rows": 1,
      "Plan Width": 109,
      "Plans": [
        {
          "Node Type": "Sort",
          "Parent Relationship": "Outer",
          "Parallel Aware": false,
          "Async Capable": false,
          "Startup Cost": 24.75,
          "Total Cost": 24.75,
          "Plan Rows": 1,
          "Plan Width": 109,
          "Sort Key": [
            "(CASE sdi.ticker WHEN '000660.KS'::text THEN 1 WHEN '005930.KS'::text THEN 2 WHEN '068270.KQ'::text THEN 3 WHEN '207940.KS'::text THEN 4 WHEN '035420.KS'::text THEN 5 WHEN '005380.KS'::text THEN 6 WHEN '051910.KS'::text THEN 7 WHEN '012330.KS'::text THEN 8 WHEN '035720.KS'::text THEN 9 WHEN '105560.KS'::text THEN 10 ELSE 11 END)"
          ],
          "Plans": [
            {
              "Node Type": "Nested Loop",
              "Parent Relationship": "Outer",
              "Parallel Aware": false,
              "Async Capable": false,
              "Join Type": "Left",
              "Startup Cost": 2.65,
              "Total Cost": 24.74,
              "Plan Rows": 1,
              "Plan Width": 109,
              "Inner Unique": true,
              "Plans": [
                {
                  "Node Type": "Bitmap Heap Scan",
                  "Parent Relationship": "Outer",
                  "Parallel Aware": false,
                  "Async Capable": false,
                  "Relation Name": "stocks_daily_info",
                  "Alias": "sdi",
                  "Startup Cost": 2.36,
                  "Total Cost": 20.4,
                  "Plan Rows": 1,
                  "Plan Width": 68,
                  "Recheck Cond": "(event_date = '2023-05-16'::date)",
                  "Filter": "((market_cap >= '63000000000'::numeric) AND (market = 'KOSDAQ'::text))",
                  "Plans": [
                    {
                      "Node Type": "Bitmap Index Scan",
                      "Parent Relationship": "Outer",
                      "Parallel Aware": false,
                      "Async Capable": false,
                      "Index Name": "idx_sdi_event_date",
                      "Startup Cost": 0.0,
                      "Total Cost": 2.36,
                      "Plan Rows": 10,
                      "Plan Width": 0,
                      "Index Cond": "(event_date = '2023-05-16'::date)"
                    }
                  ]
                },
                {
                  "Node Type": "Index Scan",
                  "Parent Relationship": "Inner",
                  "Parallel Aware": false,
                  "Async Capable": false,
                  "Scan Direction": "Forward",
                  "Index Name": "fundamentals_daily_pkey",
                  "Relation Name": "fundamentals_daily",
                  "Alias": "fd",
                  "Startup Cost": 0.29,
                  "Total Cost": 4.3,
                  "Plan Rows": 1,
                  "Plan Width": 55,
                  "Index Cond": "((event_date = '2023-05-16'::date) AND (ticker = sdi.ticker))"
                }
              ]
            }
          ]
        }
      ]
    }
  },
  "db_statistics": {
    "table_stats": {
      "stocks_daily_info": {
        "row_count": 12700,
        "size_mb": 1.71
      },
      "fundamentals_daily": {
        "row_count": 12080,
        "size_mb": 2.33
      },
      "financials_quarterly": {
        "row_count": 8634,
        "size_mb": 0.8
      }
    },
    "existing_indexes": [
      "backtest_results_pkey",
      "community_posts_pkey",
      "financials_quarterly_pkey",
      "fundamentals_daily_pkey",
      "idx_finq_period_end",
      "idx_finq_ticker",
      "idx_fund_event_date",
      "idx_fund_ticker",
      "idx_sdi_event_date",
      "idx_sdi_ticker",
      "ix_backtest_results_strategy_id",
      "ix_community_posts_author_id",
      "ix_community_posts_strategy_id",
      "ix_ml_models_owner_id",
      "ix_strategies_owner_id",
      "ix_users_email",
      "ml_models_pkey",
      "stocks_daily_info_pkey",
      "strategies_pkey",
      "users_pkey"
    ]
  }
}
---
{
  "workload_id": 1218,
  "metadata": {
    "strategy_template": "ML Hybrid Style",
    "ml_model_used": "Return Forecast Model"
  },
  "sql_query": "SELECT sdi.close_price, sdi.company_name, sdi.ma_20d, sdi.market_cap, sdi.momentum_12m, sdi.momentum_3m, sdi.rsi_14, sdi.ticker, sdi.volatility_20d FROM stocks_daily_info sdi WHERE sdi.market = 'KOSPI' AND sdi.market_cap >= 126600000000 AND sdi.event_date = DATE '2023-08-24' ORDER BY CASE sdi.ticker WHEN '000660.KS' THEN 1 WHEN '005930.KS' THEN 2 WHEN '068270.KQ' THEN 3 WHEN '207940.KS' THEN 4 WHEN '035420.KS' THEN 5 WHEN '005380.KS' THEN 6 WHEN '051910.KS' THEN 7 WHEN '012330.KS' THEN 8 WHEN '035720.KS' THEN 9 WHEN '105560.KS' THEN 10 ELSE 11 END LIMIT 24;",
  "baseline_execution_plan": {
    "Plan": {
      "Node Type": "Limit",
      "Parallel Aware": false,
      "Async Capable": false,
      "Startup Cost": 20.43,
      "Total Cost": 20.44,
      "Plan Rows": 1,
      "Plan Width": 68,
      "Plans": [
        {
          "Node Type": "Sort",
          "Parent Relationship": "Outer",
          "Parallel Aware": false,
          "Async Capable": false,
          "Startup Cost": 20.43,
          "Total Cost": 20.44,
          "Plan Rows": 1,
          "Plan Width": 68,
          "Sort Key": [
            "(CASE ticker WHEN '000660.KS'::text THEN 1 WHEN '005930.KS'::text THEN 2 WHEN '068270.KQ'::text THEN 3 WHEN '207940.KS'::text THEN 4 WHEN '035420.KS'::text THEN 5 WHEN '005380.KS'::text THEN 6 WHEN '051910.KS'::text THEN 7 WHEN '012330.KS'::text THEN 8 WHEN '035720.KS'::text THEN 9 WHEN '105560.KS'::text THEN 10 ELSE 11 END)"
          ],
          "Plans": [
            {
              "Node Type": "Bitmap Heap Scan",
              "Parent Relationship": "Outer",
              "Parallel Aware": false,
              "Async Capable": false,
              "Relation Name": "stocks_daily_info",
              "Alias": "sdi",
              "Startup Cost": 2.36,
              "Total Cost": 20.42,
              "Plan Rows": 1,
              "Plan Width": 68,
              "Recheck Cond": "(event_date = '2023-08-24'::date)",
              "Filter": "((market_cap >= '126600000000'::numeric) AND (market = 'KOSPI'::text))",
              "Plans": [
                {
                  "Node Type": "Bitmap Index Scan",
                  "Parent Relationship": "Outer",
                  "Parallel Aware": false,
                  "Async Capable": false,
                  "Index Name": "idx_sdi_event_date",
                  "Startup Cost": 0.0,
                  "Total Cost": 2.36,
                  "Plan Rows": 10,
                  "Plan Width": 0,
                  "Index Cond": "(event_date = '2023-08-24'::date)"
                }
              ]
            }
          ]
        }
      ]
    }
  },
  "db_statistics": {
    "table_stats": {
      "stocks_daily_info": {
        "row_count": 12700,
        "size_mb": 1.71
      },
      "fundamentals_daily": {
        "row_count": 12080,
        "size_mb": 2.33
      },
      "financials_quarterly": {
        "row_count": 8634,
        "size_mb": 0.8
      }
    },
    "existing_indexes": [
      "backtest_results_pkey",
      "community_posts_pkey",
      "financials_quarterly_pkey",
      "fundamentals_daily_pkey",
      "idx_finq_period_end",
      "idx_finq_ticker",
      "idx_fund_event_date",
      "idx_fund_ticker",
      "idx_sdi_event_date",
      "idx_sdi_ticker",
      "ix_backtest_results_strategy_id",
      "ix_community_posts_author_id",
      "ix_community_posts_strategy_id",
      "ix_ml_models_owner_id",
      "ix_strategies_owner_id",
      "ix_users_email",
      "ml_models_pkey",
      "stocks_daily_info_pkey",
      "strategies_pkey",
      "users_pkey"
    ]
  }
}
---
{
  "workload_id": 1219,
  "metadata": {
    "strategy_template": "Value Investing Style",
    "ml_model_used": null
  },
  "sql_query": "SELECT fd.bps, fd.dividend_yield, fd.eps, fd.pbr, fd.per, sdi.close_price, sdi.company_name, sdi.ma_20d, sdi.market_cap, sdi.momentum_12m, sdi.momentum_3m, sdi.rsi_14, sdi.ticker, sdi.volatility_20d FROM stocks_daily_info sdi LEFT JOIN fundamentals_daily fd ON fd.ticker = sdi.ticker AND fd.event_date = sdi.event_date WHERE sdi.market = 'KOSDAQ' AND sdi.market_cap >= 66600000000 AND sdi.event_date = DATE '2023-07-07' ORDER BY fd.pbr asc, fd.per desc, fd.dividend_yield asc, fd.eps desc LIMIT 44;",
  "baseline_execution_plan": {
    "Plan": {
      "Node Type": "Limit",
      "Parallel Aware": false,
      "Async Capable": false,
      "Startup Cost": 24.72,
      "Total Cost": 24.73,
      "Plan Rows": 1,
      "Plan Width": 105,
      "Plans": [
        {
          "Node Type": "Sort",
          "Parent Relationship": "Outer",
          "Parallel Aware": false,
          "Async Capable": false,
          "Startup Cost": 24.72,
          "Total Cost": 24.73,
          "Plan Rows": 1,
          "Plan Width": 105,
          "Sort Key": [
            "fd.pbr",
            "fd.per DESC",
            "fd.dividend_yield",
            "fd.eps DESC"
          ],
          "Plans": [
            {
              "Node Type": "Nested Loop",
              "Parent Relationship": "Outer",
              "Parallel Aware": false,
              "Async Capable": false,
              "Join Type": "Left",
              "Startup Cost": 2.65,
              "Total Cost": 24.71,
              "Plan Rows": 1,
              "Plan Width": 105,
              "Inner Unique": true,
              "Plans": [
                {
                  "Node Type": "Bitmap Heap Scan",
                  "Parent Relationship": "Outer",
                  "Parallel Aware": false,
                  "Async Capable": false,
                  "Relation Name": "stocks_daily_info",
                  "Alias": "sdi",
                  "Startup Cost": 2.36,
                  "Total Cost": 20.4,
                  "Plan Rows": 1,
                  "Plan Width": 68,
                  "Recheck Cond": "(event_date = '2023-07-07'::date)",
                  "Filter": "((market_cap >= '66600000000'::numeric) AND (market = 'KOSDAQ'::text))",
                  "Plans": [
                    {
                      "Node Type": "Bitmap Index Scan",
                      "Parent Relationship": "Outer",
                      "Parallel Aware": false,
                      "Async Capable": false,
                      "Index Name": "idx_sdi_event_date",
                      "Startup Cost": 0.0,
                      "Total Cost": 2.36,
                      "Plan Rows": 10,
                      "Plan Width": 0,
                      "Index Cond": "(event_date = '2023-07-07'::date)"
                    }
                  ]
                },
                {
                  "Node Type": "Index Scan",
                  "Parent Relationship": "Inner",
                  "Parallel Aware": false,
                  "Async Capable": false,
                  "Scan Direction": "Forward",
                  "Index Name": "fundamentals_daily_pkey",
                  "Relation Name": "fundamentals_daily",
                  "Alias": "fd",
                  "Startup Cost": 0.29,
                  "Total Cost": 4.3,
                  "Plan Rows": 1,
                  "Plan Width": 55,
                  "Index Cond": "((event_date = '2023-07-07'::date) AND (ticker = sdi.ticker))"
                }
              ]
            }
          ]
        }
      ]
    }
  },
  "db_statistics": {
    "table_stats": {
      "stocks_daily_info": {
        "row_count": 12700,
        "size_mb": 1.71
      },
      "fundamentals_daily": {
        "row_count": 12080,
        "size_mb": 2.33
      },
      "financials_quarterly": {
        "row_count": 8634,
        "size_mb": 0.8
      }
    },
    "existing_indexes": [
      "backtest_results_pkey",
      "community_posts_pkey",
      "financials_quarterly_pkey",
      "fundamentals_daily_pkey",
      "idx_finq_period_end",
      "idx_finq_ticker",
      "idx_fund_event_date",
      "idx_fund_ticker",
      "idx_sdi_event_date",
      "idx_sdi_ticker",
      "ix_backtest_results_strategy_id",
      "ix_community_posts_author_id",
      "ix_community_posts_strategy_id",
      "ix_ml_models_owner_id",
      "ix_strategies_owner_id",
      "ix_users_email",
      "ml_models_pkey",
      "stocks_daily_info_pkey",
      "strategies_pkey",
      "users_pkey"
    ]
  }
}
---
{
  "workload_id": 1220,
  "metadata": {
    "strategy_template": "ML Hybrid Style",
    "ml_model_used": "Return Forecast Model"
  },
  "sql_query": "SELECT fd.bps, fd.dividend_yield, fd.eps, fd.pbr, fd.per, sdi.close_price, sdi.company_name, sdi.ma_20d, sdi.market_cap, sdi.momentum_12m, sdi.momentum_3m, sdi.rsi_14, sdi.ticker, sdi.volatility_20d FROM stocks_daily_info sdi LEFT JOIN fundamentals_daily fd ON fd.ticker = sdi.ticker AND fd.event_date = sdi.event_date WHERE sdi.market = 'KOSDAQ' AND sdi.market_cap >= 406500000000 AND sdi.event_date = DATE '2023-05-31' ORDER BY CASE sdi.ticker WHEN '000660.KS' THEN 1 WHEN '005930.KS' THEN 2 WHEN '068270.KQ' THEN 3 WHEN '207940.KS' THEN 4 WHEN '035420.KS' THEN 5 WHEN '005380.KS' THEN 6 WHEN '051910.KS' THEN 7 WHEN '012330.KS' THEN 8 WHEN '035720.KS' THEN 9 WHEN '105560.KS' THEN 10 ELSE 11 END LIMIT 50;",
  "baseline_execution_plan": {
    "Plan": {
      "Node Type": "Limit",
      "Parallel Aware": false,
      "Async Capable": false,
      "Startup Cost": 24.75,
      "Total Cost": 24.75,
      "Plan Rows": 1,
      "Plan Width": 109,
      "Plans": [
        {
          "Node Type": "Sort",
          "Parent Relationship": "Outer",
          "Parallel Aware": false,
          "Async Capable": false,
          "Startup Cost": 24.75,
          "Total Cost": 24.75,
          "Plan Rows": 1,
          "Plan Width": 109,
          "Sort Key": [
            "(CASE sdi.ticker WHEN '000660.KS'::text THEN 1 WHEN '005930.KS'::text THEN 2 WHEN '068270.KQ'::text THEN 3 WHEN '207940.KS'::text THEN 4 WHEN '035420.KS'::text THEN 5 WHEN '005380.KS'::text THEN 6 WHEN '051910.KS'::text THEN 7 WHEN '012330.KS'::text THEN 8 WHEN '035720.KS'::text THEN 9 WHEN '105560.KS'::text THEN 10 ELSE 11 END)"
          ],
          "Plans": [
            {
              "Node Type": "Nested Loop",
              "Parent Relationship": "Outer",
              "Parallel Aware": false,
              "Async Capable": false,
              "Join Type": "Left",
              "Startup Cost": 2.65,
              "Total Cost": 24.74,
              "Plan Rows": 1,
              "Plan Width": 109,
              "Inner Unique": true,
              "Plans": [
                {
                  "Node Type": "Bitmap Heap Scan",
                  "Parent Relationship": "Outer",
                  "Parallel Aware": false,
                  "Async Capable": false,
                  "Relation Name": "stocks_daily_info",
                  "Alias": "sdi",
                  "Startup Cost": 2.36,
                  "Total Cost": 20.4,
                  "Plan Rows": 1,
                  "Plan Width": 68,
                  "Recheck Cond": "(event_date = '2023-05-31'::date)",
                  "Filter": "((market_cap >= '406500000000'::numeric) AND (market = 'KOSDAQ'::text))",
                  "Plans": [
                    {
                      "Node Type": "Bitmap Index Scan",
                      "Parent Relationship": "Outer",
                      "Parallel Aware": false,
                      "Async Capable": false,
                      "Index Name": "idx_sdi_event_date",
                      "Startup Cost": 0.0,
                      "Total Cost": 2.36,
                      "Plan Rows": 10,
                      "Plan Width": 0,
                      "Index Cond": "(event_date = '2023-05-31'::date)"
                    }
                  ]
                },
                {
                  "Node Type": "Index Scan",
                  "Parent Relationship": "Inner",
                  "Parallel Aware": false,
                  "Async Capable": false,
                  "Scan Direction": "Forward",
                  "Index Name": "fundamentals_daily_pkey",
                  "Relation Name": "fundamentals_daily",
                  "Alias": "fd",
                  "Startup Cost": 0.29,
                  "Total Cost": 4.3,
                  "Plan Rows": 1,
                  "Plan Width": 55,
                  "Index Cond": "((event_date = '2023-05-31'::date) AND (ticker = sdi.ticker))"
                }
              ]
            }
          ]
        }
      ]
    }
  },
  "db_statistics": {
    "table_stats": {
      "stocks_daily_info": {
        "row_count": 12700,
        "size_mb": 1.71
      },
      "fundamentals_daily": {
        "row_count": 12080,
        "size_mb": 2.33
      },
      "financials_quarterly": {
        "row_count": 8634,
        "size_mb": 0.8
      }
    },
    "existing_indexes": [
      "backtest_results_pkey",
      "community_posts_pkey",
      "financials_quarterly_pkey",
      "fundamentals_daily_pkey",
      "idx_finq_period_end",
      "idx_finq_ticker",
      "idx_fund_event_date",
      "idx_fund_ticker",
      "idx_sdi_event_date",
      "idx_sdi_ticker",
      "ix_backtest_results_strategy_id",
      "ix_community_posts_author_id",
      "ix_community_posts_strategy_id",
      "ix_ml_models_owner_id",
      "ix_strategies_owner_id",
      "ix_users_email",
      "ml_models_pkey",
      "stocks_daily_info_pkey",
      "strategies_pkey",
      "users_pkey"
    ]
  }
}
---
{
  "workload_id": 1221,
  "metadata": {
    "strategy_template": "Value Investing Style",
    "ml_model_used": null
  },
  "sql_query": "SELECT ( SELECT COALESCE(SUM(value), 0) FROM ( SELECT value FROM financials_quarterly fq WHERE fq.ticker = sdi.ticker AND fq.item_name = 'OperatingIncome' AND fq.statement_type IN ('IS_Q','CF_Q') AND fq.period_end <= DATE '2023-09-04' ORDER BY fq.period_end DESC LIMIT 4 ) as recent_quarters ) AS ttm_operatingincome , fd.bps, fd.dividend_yield, fd.eps, fd.pbr, fd.per, sdi.close_price, sdi.company_name, sdi.ma_20d, sdi.market_cap, sdi.momentum_12m, sdi.momentum_3m, sdi.rsi_14, sdi.ticker, sdi.volatility_20d FROM stocks_daily_info sdi LEFT JOIN fundamentals_daily fd ON fd.ticker = sdi.ticker AND fd.event_date = sdi.event_date WHERE sdi.market = 'KOSPI' AND sdi.market_cap >= 333200000000 AND sdi.event_date = DATE '2023-09-04' ORDER BY fd.pbr asc, fd.per asc, fd.dividend_yield asc LIMIT 37;",
  "baseline_execution_plan": {
    "Plan": {
      "Node Type": "Limit",
      "Parallel Aware": false,
      "Async Capable": false,
      "Startup Cost": 24.72,
      "Total Cost": 29.02,
      "Plan Rows": 1,
      "Plan Width": 137,
      "Plans": [
        {
          "Node Type": "Result",
          "Parent Relationship": "Outer",
          "Parallel Aware": false,
          "Async Capable": false,
          "Startup Cost": 24.72,
          "Total Cost": 29.02,
          "Plan Rows": 1,
          "Plan Width": 137,
          "Plans": [
            {
              "Node Type": "Sort",
              "Parent Relationship": "Outer",
              "Parallel Aware": false,
              "Async Capable": false,
              "Startup Cost": 24.72,
              "Total Cost": 24.73,
              "Plan Rows": 1,
              "Plan Width": 105,
              "Sort Key": [
                "fd.pbr",
                "fd.per",
                "fd.dividend_yield"
              ],
              "Plans": [
                {
                  "Node Type": "Nested Loop",
                  "Parent Relationship": "Outer",
                  "Parallel Aware": false,
                  "Async Capable": false,
                  "Join Type": "Left",
                  "Startup Cost": 2.65,
                  "Total Cost": 24.71,
                  "Plan Rows": 1,
                  "Plan Width": 105,
                  "Inner Unique": true,
                  "Plans": [
                    {
                      "Node Type": "Bitmap Heap Scan",
                      "Parent Relationship": "Outer",
                      "Parallel Aware": false,
                      "Async Capable": false,
                      "Relation Name": "stocks_daily_info",
                      "Alias": "sdi",
                      "Startup Cost": 2.36,
                      "Total Cost": 20.4,
                      "Plan Rows": 1,
                      "Plan Width": 68,
                      "Recheck Cond": "(event_date = '2023-09-04'::date)",
                      "Filter": "((market_cap >= '333200000000'::numeric) AND (market = 'KOSPI'::text))",
                      "Plans": [
                        {
                          "Node Type": "Bitmap Index Scan",
                          "Parent Relationship": "Outer",
                          "Parallel Aware": false,
                          "Async Capable": false,
                          "Index Name": "idx_sdi_event_date",
                          "Startup Cost": 0.0,
                          "Total Cost": 2.36,
                          "Plan Rows": 10,
                          "Plan Width": 0,
                          "Index Cond": "(event_date = '2023-09-04'::date)"
                        }
                      ]
                    },
                    {
                      "Node Type": "Index Scan",
                      "Parent Relationship": "Inner",
                      "Parallel Aware": false,
                      "Async Capable": false,
                      "Scan Direction": "Forward",
                      "Index Name": "fundamentals_daily_pkey",
                      "Relation Name": "fundamentals_daily",
                      "Alias": "fd",
                      "Startup Cost": 0.29,
                      "Total Cost": 4.3,
                      "Plan Rows": 1,
                      "Plan Width": 55,
                      "Index Cond": "((event_date = '2023-09-04'::date) AND (ticker = sdi.ticker))"
                    }
                  ]
                }
              ]
            },
            {
              "Node Type": "Aggregate",
              "Strategy": "Plain",
              "Partial Mode": "Simple",
              "Parent Relationship": "SubPlan",
              "Subplan Name": "SubPlan 1",
              "Parallel Aware": false,
              "Async Capable": false,
              "Startup Cost": 4.27,
              "Total Cost": 4.28,
              "Plan Rows": 1,
              "Plan Width": 32,
              "Plans": [
                {
                  "Node Type": "Limit",
                  "Parent Relationship": "Outer",
                  "Parallel Aware": false,
                  "Async Capable": false,
                  "Startup Cost": 0.29,
                  "Total Cost": 4.25,
                  "Plan Rows": 1,
                  "Plan Width": 12,
                  "Plans": [
                    {
                      "Node Type": "Index Scan",
                      "Parent Relationship": "Outer",
                      "Parallel Aware": false,
                      "Async Capable": false,
                      "Scan Direction": "Backward",
                      "Index Name": "idx_finq_period_end",
                      "Relation Name": "financials_quarterly",
                      "Alias": "fq",
                      "Startup Cost": 0.29,
                      "Total Cost": 4.25,
                      "Plan Rows": 1,
                      "Plan Width": 12,
                      "Index Cond": "(period_end <= '2023-09-04'::date)",
                      "Filter": "((statement_type = ANY ('{IS_Q,CF_Q}'::text[])) AND (ticker = sdi.ticker) AND (item_name = 'OperatingIncome'::text))"
                    }
                  ]
                }
              ]
            }
          ]
        }
      ]
    }
  },
  "db_statistics": {
    "table_stats": {
      "stocks_daily_info": {
        "row_count": 12700,
        "size_mb": 1.71
      },
      "fundamentals_daily": {
        "row_count": 12080,
        "size_mb": 2.33
      },
      "financials_quarterly": {
        "row_count": 8634,
        "size_mb": 0.8
      }
    },
    "existing_indexes": [
      "backtest_results_pkey",
      "community_posts_pkey",
      "financials_quarterly_pkey",
      "fundamentals_daily_pkey",
      "idx_finq_period_end",
      "idx_finq_ticker",
      "idx_fund_event_date",
      "idx_fund_ticker",
      "idx_sdi_event_date",
      "idx_sdi_ticker",
      "ix_backtest_results_strategy_id",
      "ix_community_posts_author_id",
      "ix_community_posts_strategy_id",
      "ix_ml_models_owner_id",
      "ix_strategies_owner_id",
      "ix_users_email",
      "ml_models_pkey",
      "stocks_daily_info_pkey",
      "strategies_pkey",
      "users_pkey"
    ]
  }
}
---
{
  "workload_id": 1222,
  "metadata": {
    "strategy_template": "Momentum Investing Style",
    "ml_model_used": null
  },
  "sql_query": "SELECT sdi.close_price, sdi.company_name, sdi.ma_20d, sdi.market_cap, sdi.momentum_12m, sdi.momentum_3m, sdi.rsi_14, sdi.ticker, sdi.volatility_20d FROM stocks_daily_info sdi WHERE sdi.market = 'KOSPI' AND sdi.market_cap >= 56400000000 AND sdi.event_date = DATE '2023-06-12' ORDER BY sdi.momentum_3m desc, sdi.momentum_12m asc, sdi.volatility_20d desc LIMIT 30;",
  "baseline_execution_plan": {
    "Plan": {
      "Node Type": "Limit",
      "Parallel Aware": false,
      "Async Capable": false,
      "Startup Cost": 20.41,
      "Total Cost": 20.41,
      "Plan Rows": 1,
      "Plan Width": 64,
      "Plans": [
        {
          "Node Type": "Sort",
          "Parent Relationship": "Outer",
          "Parallel Aware": false,
          "Async Capable": false,
          "Startup Cost": 20.41,
          "Total Cost": 20.41,
          "Plan Rows": 1,
          "Plan Width": 64,
          "Sort Key": [
            "momentum_3m DESC",
            "momentum_12m",
            "volatility_20d DESC"
          ],
          "Plans": [
            {
              "Node Type": "Bitmap Heap Scan",
              "Parent Relationship": "Outer",
              "Parallel Aware": false,
              "Async Capable": false,
              "Relation Name": "stocks_daily_info",
              "Alias": "sdi",
              "Startup Cost": 2.36,
              "Total Cost": 20.4,
              "Plan Rows": 1,
              "Plan Width": 64,
              "Recheck Cond": "(event_date = '2023-06-12'::date)",
              "Filter": "((market_cap >= '56400000000'::numeric) AND (market = 'KOSPI'::text))",
              "Plans": [
                {
                  "Node Type": "Bitmap Index Scan",
                  "Parent Relationship": "Outer",
                  "Parallel Aware": false,
                  "Async Capable": false,
                  "Index Name": "idx_sdi_event_date",
                  "Startup Cost": 0.0,
                  "Total Cost": 2.36,
                  "Plan Rows": 10,
                  "Plan Width": 0,
                  "Index Cond": "(event_date = '2023-06-12'::date)"
                }
              ]
            }
          ]
        }
      ]
    }
  },
  "db_statistics": {
    "table_stats": {
      "stocks_daily_info": {
        "row_count": 12700,
        "size_mb": 1.71
      },
      "fundamentals_daily": {
        "row_count": 12080,
        "size_mb": 2.33
      },
      "financials_quarterly": {
        "row_count": 8634,
        "size_mb": 0.8
      }
    },
    "existing_indexes": [
      "backtest_results_pkey",
      "community_posts_pkey",
      "financials_quarterly_pkey",
      "fundamentals_daily_pkey",
      "idx_finq_period_end",
      "idx_finq_ticker",
      "idx_fund_event_date",
      "idx_fund_ticker",
      "idx_sdi_event_date",
      "idx_sdi_ticker",
      "ix_backtest_results_strategy_id",
      "ix_community_posts_author_id",
      "ix_community_posts_strategy_id",
      "ix_ml_models_owner_id",
      "ix_strategies_owner_id",
      "ix_users_email",
      "ml_models_pkey",
      "stocks_daily_info_pkey",
      "strategies_pkey",
      "users_pkey"
    ]
  }
}
---
{
  "workload_id": 1223,
  "metadata": {
    "strategy_template": "ML Hybrid Style",
    "ml_model_used": null
  },
  "sql_query": "SELECT fd.bps, fd.dividend_yield, fd.eps, fd.pbr, fd.per, sdi.close_price, sdi.company_name, sdi.ma_20d, sdi.market_cap, sdi.momentum_12m, sdi.momentum_3m, sdi.rsi_14, sdi.ticker, sdi.volatility_20d FROM stocks_daily_info sdi LEFT JOIN fundamentals_daily fd ON fd.ticker = sdi.ticker AND fd.event_date = sdi.event_date WHERE sdi.market = 'KOSPI' AND sdi.market_cap >= 430400000000 AND sdi.event_date = DATE '2023-07-01' ORDER BY sdi.rsi_14 desc, sdi.momentum_3m desc, fd.pbr asc LIMIT 41;",
  "baseline_execution_plan": {
    "Plan": {
      "Node Type": "Limit",
      "Parallel Aware": false,
      "Async Capable": false,
      "Startup Cost": 24.72,
      "Total Cost": 24.73,
      "Plan Rows": 1,
      "Plan Width": 105,
      "Plans": [
        {
          "Node Type": "Sort",
          "Parent Relationship": "Outer",
          "Parallel Aware": false,
          "Async Capable": false,
          "Startup Cost": 24.72,
          "Total Cost": 24.73,
          "Plan Rows": 1,
          "Plan Width": 105,
          "Sort Key": [
            "sdi.rsi_14 DESC",
            "sdi.momentum_3m DESC",
            "fd.pbr"
          ],
          "Plans": [
            {
              "Node Type": "Nested Loop",
              "Parent Relationship": "Outer",
              "Parallel Aware": false,
              "Async Capable": false,
              "Join Type": "Left",
              "Startup Cost": 2.65,
              "Total Cost": 24.71,
              "Plan Rows": 1,
              "Plan Width": 105,
              "Inner Unique": true,
              "Plans": [
                {
                  "Node Type": "Bitmap Heap Scan",
                  "Parent Relationship": "Outer",
                  "Parallel Aware": false,
                  "Async Capable": false,
                  "Relation Name": "stocks_daily_info",
                  "Alias": "sdi",
                  "Startup Cost": 2.36,
                  "Total Cost": 20.4,
                  "Plan Rows": 1,
                  "Plan Width": 68,
                  "Recheck Cond": "(event_date = '2023-07-01'::date)",
                  "Filter": "((market_cap >= '430400000000'::numeric) AND (market = 'KOSPI'::text))",
                  "Plans": [
                    {
                      "Node Type": "Bitmap Index Scan",
                      "Parent Relationship": "Outer",
                      "Parallel Aware": false,
                      "Async Capable": false,
                      "Index Name": "idx_sdi_event_date",
                      "Startup Cost": 0.0,
                      "Total Cost": 2.36,
                      "Plan Rows": 10,
                      "Plan Width": 0,
                      "Index Cond": "(event_date = '2023-07-01'::date)"
                    }
                  ]
                },
                {
                  "Node Type": "Index Scan",
                  "Parent Relationship": "Inner",
                  "Parallel Aware": false,
                  "Async Capable": false,
                  "Scan Direction": "Forward",
                  "Index Name": "fundamentals_daily_pkey",
                  "Relation Name": "fundamentals_daily",
                  "Alias": "fd",
                  "Startup Cost": 0.29,
                  "Total Cost": 4.3,
                  "Plan Rows": 1,
                  "Plan Width": 55,
                  "Index Cond": "((event_date = '2023-07-01'::date) AND (ticker = sdi.ticker))"
                }
              ]
            }
          ]
        }
      ]
    }
  },
  "db_statistics": {
    "table_stats": {
      "stocks_daily_info": {
        "row_count": 12700,
        "size_mb": 1.71
      },
      "fundamentals_daily": {
        "row_count": 12080,
        "size_mb": 2.33
      },
      "financials_quarterly": {
        "row_count": 8634,
        "size_mb": 0.8
      }
    },
    "existing_indexes": [
      "backtest_results_pkey",
      "community_posts_pkey",
      "financials_quarterly_pkey",
      "fundamentals_daily_pkey",
      "idx_finq_period_end",
      "idx_finq_ticker",
      "idx_fund_event_date",
      "idx_fund_ticker",
      "idx_sdi_event_date",
      "idx_sdi_ticker",
      "ix_backtest_results_strategy_id",
      "ix_community_posts_author_id",
      "ix_community_posts_strategy_id",
      "ix_ml_models_owner_id",
      "ix_strategies_owner_id",
      "ix_users_email",
      "ml_models_pkey",
      "stocks_daily_info_pkey",
      "strategies_pkey",
      "users_pkey"
    ]
  }
}
---
{
  "workload_id": 1224,
  "metadata": {
    "strategy_template": "Momentum Investing Style",
    "ml_model_used": null
  },
  "sql_query": "SELECT sdi.close_price, sdi.company_name, sdi.ma_20d, sdi.market_cap, sdi.momentum_12m, sdi.momentum_3m, sdi.rsi_14, sdi.ticker, sdi.volatility_20d FROM stocks_daily_info sdi WHERE sdi.market = 'KOSPI' AND sdi.market_cap >= 486400000000 AND sdi.event_date = DATE '2023-07-24' ORDER BY sdi.momentum_3m desc, sdi.momentum_12m asc LIMIT 35;",
  "baseline_execution_plan": {
    "Plan": {
      "Node Type": "Limit",
      "Parallel Aware": false,
      "Async Capable": false,
      "Startup Cost": 20.41,
      "Total Cost": 20.41,
      "Plan Rows": 1,
      "Plan Width": 64,
      "Plans": [
        {
          "Node Type": "Sort",
          "Parent Relationship": "Outer",
          "Parallel Aware": false,
          "Async Capable": false,
          "Startup Cost": 20.41,
          "Total Cost": 20.41,
          "Plan Rows": 1,
          "Plan Width": 64,
          "Sort Key": [
            "momentum_3m DESC",
            "momentum_12m"
          ],
          "Plans": [
            {
              "Node Type": "Bitmap Heap Scan",
              "Parent Relationship": "Outer",
              "Parallel Aware": false,
              "Async Capable": false,
              "Relation Name": "stocks_daily_info",
              "Alias": "sdi",
              "Startup Cost": 2.36,
              "Total Cost": 20.4,
              "Plan Rows": 1,
              "Plan Width": 64,
              "Recheck Cond": "(event_date = '2023-07-24'::date)",
              "Filter": "((market_cap >= '486400000000'::numeric) AND (market = 'KOSPI'::text))",
              "Plans": [
                {
                  "Node Type": "Bitmap Index Scan",
                  "Parent Relationship": "Outer",
                  "Parallel Aware": false,
                  "Async Capable": false,
                  "Index Name": "idx_sdi_event_date",
                  "Startup Cost": 0.0,
                  "Total Cost": 2.36,
                  "Plan Rows": 10,
                  "Plan Width": 0,
                  "Index Cond": "(event_date = '2023-07-24'::date)"
                }
              ]
            }
          ]
        }
      ]
    }
  },
  "db_statistics": {
    "table_stats": {
      "stocks_daily_info": {
        "row_count": 12700,
        "size_mb": 1.71
      },
      "fundamentals_daily": {
        "row_count": 12080,
        "size_mb": 2.33
      },
      "financials_quarterly": {
        "row_count": 8634,
        "size_mb": 0.8
      }
    },
    "existing_indexes": [
      "backtest_results_pkey",
      "community_posts_pkey",
      "financials_quarterly_pkey",
      "fundamentals_daily_pkey",
      "idx_finq_period_end",
      "idx_finq_ticker",
      "idx_fund_event_date",
      "idx_fund_ticker",
      "idx_sdi_event_date",
      "idx_sdi_ticker",
      "ix_backtest_results_strategy_id",
      "ix_community_posts_author_id",
      "ix_community_posts_strategy_id",
      "ix_ml_models_owner_id",
      "ix_strategies_owner_id",
      "ix_users_email",
      "ml_models_pkey",
      "stocks_daily_info_pkey",
      "strategies_pkey",
      "users_pkey"
    ]
  }
}
---
{
  "workload_id": 1225,
  "metadata": {
    "strategy_template": "Momentum Investing Style",
    "ml_model_used": null
  },
  "sql_query": "SELECT ( SELECT COALESCE(SUM(value), 0) FROM ( SELECT value FROM financials_quarterly fq WHERE fq.ticker = sdi.ticker AND fq.item_name = 'NetIncome' AND fq.statement_type IN ('IS_Q','CF_Q') AND fq.period_end <= DATE '2023-09-25' ORDER BY fq.period_end DESC LIMIT 4 ) as recent_quarters ) AS ttm_netincome , sdi.close_price, sdi.company_name, sdi.ma_20d, sdi.market_cap, sdi.momentum_12m, sdi.momentum_3m, sdi.rsi_14, sdi.ticker, sdi.volatility_20d FROM stocks_daily_info sdi WHERE sdi.market = 'KOSDAQ' AND sdi.market_cap >= 454100000000 AND sdi.event_date = DATE '2023-09-25' ORDER BY sdi.momentum_3m desc, sdi.momentum_12m asc, sdi.rsi_14 asc, sdi.volatility_20d desc LIMIT 48;",
  "baseline_execution_plan": {
    "Plan": {
      "Node Type": "Limit",
      "Parallel Aware": false,
      "Async Capable": false,
      "Startup Cost": 20.41,
      "Total Cost": 24.7,
      "Plan Rows": 1,
      "Plan Width": 96,
      "Plans": [
        {
          "Node Type": "Result",
          "Parent Relationship": "Outer",
          "Parallel Aware": false,
          "Async Capable": false,
          "Startup Cost": 20.41,
          "Total Cost": 24.7,
          "Plan Rows": 1,
          "Plan Width": 96,
          "Plans": [
            {
              "Node Type": "Sort",
              "Parent Relationship": "Outer",
              "Parallel Aware": false,
              "Async Capable": false,
              "Startup Cost": 20.41,
              "Total Cost": 20.41,
              "Plan Rows": 1,
              "Plan Width": 64,
              "Sort Key": [
                "sdi.momentum_3m DESC",
                "sdi.momentum_12m",
                "sdi.rsi_14",
                "sdi.volatility_20d DESC"
              ],
              "Plans": [
                {
                  "Node Type": "Bitmap Heap Scan",
                  "Parent Relationship": "Outer",
                  "Parallel Aware": false,
                  "Async Capable": false,
                  "Relation Name": "stocks_daily_info",
                  "Alias": "sdi",
                  "Startup Cost": 2.36,
                  "Total Cost": 20.4,
                  "Plan Rows": 1,
                  "Plan Width": 64,
                  "Recheck Cond": "(event_date = '2023-09-25'::date)",
                  "Filter": "((market_cap >= '454100000000'::numeric) AND (market = 'KOSDAQ'::text))",
                  "Plans": [
                    {
                      "Node Type": "Bitmap Index Scan",
                      "Parent Relationship": "Outer",
                      "Parallel Aware": false,
                      "Async Capable": false,
                      "Index Name": "idx_sdi_event_date",
                      "Startup Cost": 0.0,
                      "Total Cost": 2.36,
                      "Plan Rows": 10,
                      "Plan Width": 0,
                      "Index Cond": "(event_date = '2023-09-25'::date)"
                    }
                  ]
                }
              ]
            },
            {
              "Node Type": "Aggregate",
              "Strategy": "Plain",
              "Partial Mode": "Simple",
              "Parent Relationship": "SubPlan",
              "Subplan Name": "SubPlan 1",
              "Parallel Aware": false,
              "Async Capable": false,
              "Startup Cost": 4.27,
              "Total Cost": 4.28,
              "Plan Rows": 1,
              "Plan Width": 32,
              "Plans": [
                {
                  "Node Type": "Limit",
                  "Parent Relationship": "Outer",
                  "Parallel Aware": false,
                  "Async Capable": false,
                  "Startup Cost": 0.29,
                  "Total Cost": 4.25,
                  "Plan Rows": 1,
                  "Plan Width": 12,
                  "Plans": [
                    {
                      "Node Type": "Index Scan",
                      "Parent Relationship": "Outer",
                      "Parallel Aware": false,
                      "Async Capable": false,
                      "Scan Direction": "Backward",
                      "Index Name": "idx_finq_period_end",
                      "Relation Name": "financials_quarterly",
                      "Alias": "fq",
                      "Startup Cost": 0.29,
                      "Total Cost": 4.25,
                      "Plan Rows": 1,
                      "Plan Width": 12,
                      "Index Cond": "(period_end <= '2023-09-25'::date)",
                      "Filter": "((statement_type = ANY ('{IS_Q,CF_Q}'::text[])) AND (ticker = sdi.ticker) AND (item_name = 'NetIncome'::text))"
                    }
                  ]
                }
              ]
            }
          ]
        }
      ]
    }
  },
  "db_statistics": {
    "table_stats": {
      "stocks_daily_info": {
        "row_count": 12700,
        "size_mb": 1.71
      },
      "fundamentals_daily": {
        "row_count": 12080,
        "size_mb": 2.33
      },
      "financials_quarterly": {
        "row_count": 8634,
        "size_mb": 0.8
      }
    },
    "existing_indexes": [
      "backtest_results_pkey",
      "community_posts_pkey",
      "financials_quarterly_pkey",
      "fundamentals_daily_pkey",
      "idx_finq_period_end",
      "idx_finq_ticker",
      "idx_fund_event_date",
      "idx_fund_ticker",
      "idx_sdi_event_date",
      "idx_sdi_ticker",
      "ix_backtest_results_strategy_id",
      "ix_community_posts_author_id",
      "ix_community_posts_strategy_id",
      "ix_ml_models_owner_id",
      "ix_strategies_owner_id",
      "ix_users_email",
      "ml_models_pkey",
      "stocks_daily_info_pkey",
      "strategies_pkey",
      "users_pkey"
    ]
  }
}
---
{
  "workload_id": 1226,
  "metadata": {
    "strategy_template": "Momentum Investing Style",
    "ml_model_used": null
  },
  "sql_query": "SELECT sdi.close_price, sdi.company_name, sdi.ma_20d, sdi.market_cap, sdi.momentum_12m, sdi.momentum_3m, sdi.rsi_14, sdi.ticker, sdi.volatility_20d FROM stocks_daily_info sdi WHERE sdi.market = 'KOSDAQ' AND sdi.market_cap >= 124100000000 AND sdi.event_date = DATE '2023-09-09' ORDER BY sdi.momentum_3m desc, sdi.momentum_12m desc, sdi.volatility_20d desc, sdi.rsi_14 asc LIMIT 31;",
  "baseline_execution_plan": {
    "Plan": {
      "Node Type": "Limit",
      "Parallel Aware": false,
      "Async Capable": false,
      "Startup Cost": 20.41,
      "Total Cost": 20.41,
      "Plan Rows": 1,
      "Plan Width": 64,
      "Plans": [
        {
          "Node Type": "Sort",
          "Parent Relationship": "Outer",
          "Parallel Aware": false,
          "Async Capable": false,
          "Startup Cost": 20.41,
          "Total Cost": 20.41,
          "Plan Rows": 1,
          "Plan Width": 64,
          "Sort Key": [
            "momentum_3m DESC",
            "momentum_12m DESC",
            "volatility_20d DESC",
            "rsi_14"
          ],
          "Plans": [
            {
              "Node Type": "Bitmap Heap Scan",
              "Parent Relationship": "Outer",
              "Parallel Aware": false,
              "Async Capable": false,
              "Relation Name": "stocks_daily_info",
              "Alias": "sdi",
              "Startup Cost": 2.36,
              "Total Cost": 20.4,
              "Plan Rows": 1,
              "Plan Width": 64,
              "Recheck Cond": "(event_date = '2023-09-09'::date)",
              "Filter": "((market_cap >= '124100000000'::numeric) AND (market = 'KOSDAQ'::text))",
              "Plans": [
                {
                  "Node Type": "Bitmap Index Scan",
                  "Parent Relationship": "Outer",
                  "Parallel Aware": false,
                  "Async Capable": false,
                  "Index Name": "idx_sdi_event_date",
                  "Startup Cost": 0.0,
                  "Total Cost": 2.36,
                  "Plan Rows": 10,
                  "Plan Width": 0,
                  "Index Cond": "(event_date = '2023-09-09'::date)"
                }
              ]
            }
          ]
        }
      ]
    }
  },
  "db_statistics": {
    "table_stats": {
      "stocks_daily_info": {
        "row_count": 12700,
        "size_mb": 1.71
      },
      "fundamentals_daily": {
        "row_count": 12080,
        "size_mb": 2.33
      },
      "financials_quarterly": {
        "row_count": 8634,
        "size_mb": 0.8
      }
    },
    "existing_indexes": [
      "backtest_results_pkey",
      "community_posts_pkey",
      "financials_quarterly_pkey",
      "fundamentals_daily_pkey",
      "idx_finq_period_end",
      "idx_finq_ticker",
      "idx_fund_event_date",
      "idx_fund_ticker",
      "idx_sdi_event_date",
      "idx_sdi_ticker",
      "ix_backtest_results_strategy_id",
      "ix_community_posts_author_id",
      "ix_community_posts_strategy_id",
      "ix_ml_models_owner_id",
      "ix_strategies_owner_id",
      "ix_users_email",
      "ml_models_pkey",
      "stocks_daily_info_pkey",
      "strategies_pkey",
      "users_pkey"
    ]
  }
}
---
{
  "workload_id": 1227,
  "metadata": {
    "strategy_template": "Momentum Investing Style",
    "ml_model_used": null
  },
  "sql_query": "SELECT ( SELECT COALESCE(SUM(value), 0) FROM ( SELECT value FROM financials_quarterly fq WHERE fq.ticker = sdi.ticker AND fq.item_name = 'NetIncome' AND fq.statement_type IN ('IS_Q','CF_Q') AND fq.period_end <= DATE '2023-10-20' ORDER BY fq.period_end DESC LIMIT 4 ) as recent_quarters ) AS ttm_netincome , sdi.close_price, sdi.company_name, sdi.ma_20d, sdi.market_cap, sdi.momentum_12m, sdi.momentum_3m, sdi.rsi_14, sdi.ticker, sdi.volatility_20d FROM stocks_daily_info sdi WHERE sdi.market = 'KOSPI' AND sdi.market_cap >= 435200000000 AND sdi.event_date = DATE '2023-10-20' ORDER BY sdi.momentum_3m asc, sdi.momentum_12m asc, sdi.rsi_14 desc LIMIT 36;",
  "baseline_execution_plan": {
    "Plan": {
      "Node Type": "Limit",
      "Parallel Aware": false,
      "Async Capable": false,
      "Startup Cost": 20.41,
      "Total Cost": 24.7,
      "Plan Rows": 1,
      "Plan Width": 96,
      "Plans": [
        {
          "Node Type": "Result",
          "Parent Relationship": "Outer",
          "Parallel Aware": false,
          "Async Capable": false,
          "Startup Cost": 20.41,
          "Total Cost": 24.7,
          "Plan Rows": 1,
          "Plan Width": 96,
          "Plans": [
            {
              "Node Type": "Sort",
              "Parent Relationship": "Outer",
              "Parallel Aware": false,
              "Async Capable": false,
              "Startup Cost": 20.41,
              "Total Cost": 20.41,
              "Plan Rows": 1,
              "Plan Width": 64,
              "Sort Key": [
                "sdi.momentum_3m",
                "sdi.momentum_12m",
                "sdi.rsi_14 DESC"
              ],
              "Plans": [
                {
                  "Node Type": "Bitmap Heap Scan",
                  "Parent Relationship": "Outer",
                  "Parallel Aware": false,
                  "Async Capable": false,
                  "Relation Name": "stocks_daily_info",
                  "Alias": "sdi",
                  "Startup Cost": 2.36,
                  "Total Cost": 20.4,
                  "Plan Rows": 1,
                  "Plan Width": 64,
                  "Recheck Cond": "(event_date = '2023-10-20'::date)",
                  "Filter": "((market_cap >= '435200000000'::numeric) AND (market = 'KOSPI'::text))",
                  "Plans": [
                    {
                      "Node Type": "Bitmap Index Scan",
                      "Parent Relationship": "Outer",
                      "Parallel Aware": false,
                      "Async Capable": false,
                      "Index Name": "idx_sdi_event_date",
                      "Startup Cost": 0.0,
                      "Total Cost": 2.36,
                      "Plan Rows": 10,
                      "Plan Width": 0,
                      "Index Cond": "(event_date = '2023-10-20'::date)"
                    }
                  ]
                }
              ]
            },
            {
              "Node Type": "Aggregate",
              "Strategy": "Plain",
              "Partial Mode": "Simple",
              "Parent Relationship": "SubPlan",
              "Subplan Name": "SubPlan 1",
              "Parallel Aware": false,
              "Async Capable": false,
              "Startup Cost": 4.27,
              "Total Cost": 4.28,
              "Plan Rows": 1,
              "Plan Width": 32,
              "Plans": [
                {
                  "Node Type": "Limit",
                  "Parent Relationship": "Outer",
                  "Parallel Aware": false,
                  "Async Capable": false,
                  "Startup Cost": 0.29,
                  "Total Cost": 4.25,
                  "Plan Rows": 1,
                  "Plan Width": 12,
                  "Plans": [
                    {
                      "Node Type": "Index Scan",
                      "Parent Relationship": "Outer",
                      "Parallel Aware": false,
                      "Async Capable": false,
                      "Scan Direction": "Backward",
                      "Index Name": "idx_finq_period_end",
                      "Relation Name": "financials_quarterly",
                      "Alias": "fq",
                      "Startup Cost": 0.29,
                      "Total Cost": 4.25,
                      "Plan Rows": 1,
                      "Plan Width": 12,
                      "Index Cond": "(period_end <= '2023-10-20'::date)",
                      "Filter": "((statement_type = ANY ('{IS_Q,CF_Q}'::text[])) AND (ticker = sdi.ticker) AND (item_name = 'NetIncome'::text))"
                    }
                  ]
                }
              ]
            }
          ]
        }
      ]
    }
  },
  "db_statistics": {
    "table_stats": {
      "stocks_daily_info": {
        "row_count": 12700,
        "size_mb": 1.71
      },
      "fundamentals_daily": {
        "row_count": 12080,
        "size_mb": 2.33
      },
      "financials_quarterly": {
        "row_count": 8634,
        "size_mb": 0.8
      }
    },
    "existing_indexes": [
      "backtest_results_pkey",
      "community_posts_pkey",
      "financials_quarterly_pkey",
      "fundamentals_daily_pkey",
      "idx_finq_period_end",
      "idx_finq_ticker",
      "idx_fund_event_date",
      "idx_fund_ticker",
      "idx_sdi_event_date",
      "idx_sdi_ticker",
      "ix_backtest_results_strategy_id",
      "ix_community_posts_author_id",
      "ix_community_posts_strategy_id",
      "ix_ml_models_owner_id",
      "ix_strategies_owner_id",
      "ix_users_email",
      "ml_models_pkey",
      "stocks_daily_info_pkey",
      "strategies_pkey",
      "users_pkey"
    ]
  }
}
---
{
  "workload_id": 1228,
  "metadata": {
    "strategy_template": "ML Hybrid Style",
    "ml_model_used": null
  },
  "sql_query": "SELECT ( SELECT COALESCE(SUM(value), 0) FROM ( SELECT value FROM financials_quarterly fq WHERE fq.ticker = sdi.ticker AND fq.item_name = 'NetIncome' AND fq.statement_type IN ('IS_Q','CF_Q') AND fq.period_end <= DATE '2023-05-29' ORDER BY fq.period_end DESC LIMIT 4 ) as recent_quarters ) AS ttm_netincome , sdi.close_price, sdi.company_name, sdi.ma_20d, sdi.market_cap, sdi.momentum_12m, sdi.momentum_3m, sdi.rsi_14, sdi.ticker, sdi.volatility_20d FROM stocks_daily_info sdi WHERE sdi.market = 'KOSDAQ' AND sdi.market_cap >= 262600000000 AND sdi.event_date = DATE '2023-05-29' ORDER BY sdi.momentum_3m desc, sdi.rsi_14 desc LIMIT 23;",
  "baseline_execution_plan": {
    "Plan": {
      "Node Type": "Limit",
      "Parallel Aware": false,
      "Async Capable": false,
      "Startup Cost": 20.41,
      "Total Cost": 24.7,
      "Plan Rows": 1,
      "Plan Width": 96,
      "Plans": [
        {
          "Node Type": "Result",
          "Parent Relationship": "Outer",
          "Parallel Aware": false,
          "Async Capable": false,
          "Startup Cost": 20.41,
          "Total Cost": 24.7,
          "Plan Rows": 1,
          "Plan Width": 96,
          "Plans": [
            {
              "Node Type": "Sort",
              "Parent Relationship": "Outer",
              "Parallel Aware": false,
              "Async Capable": false,
              "Startup Cost": 20.41,
              "Total Cost": 20.41,
              "Plan Rows": 1,
              "Plan Width": 64,
              "Sort Key": [
                "sdi.momentum_3m DESC",
                "sdi.rsi_14 DESC"
              ],
              "Plans": [
                {
                  "Node Type": "Bitmap Heap Scan",
                  "Parent Relationship": "Outer",
                  "Parallel Aware": false,
                  "Async Capable": false,
                  "Relation Name": "stocks_daily_info",
                  "Alias": "sdi",
                  "Startup Cost": 2.36,
                  "Total Cost": 20.4,
                  "Plan Rows": 1,
                  "Plan Width": 64,
                  "Recheck Cond": "(event_date = '2023-05-29'::date)",
                  "Filter": "((market_cap >= '262600000000'::numeric) AND (market = 'KOSDAQ'::text))",
                  "Plans": [
                    {
                      "Node Type": "Bitmap Index Scan",
                      "Parent Relationship": "Outer",
                      "Parallel Aware": false,
                      "Async Capable": false,
                      "Index Name": "idx_sdi_event_date",
                      "Startup Cost": 0.0,
                      "Total Cost": 2.36,
                      "Plan Rows": 10,
                      "Plan Width": 0,
                      "Index Cond": "(event_date = '2023-05-29'::date)"
                    }
                  ]
                }
              ]
            },
            {
              "Node Type": "Aggregate",
              "Strategy": "Plain",
              "Partial Mode": "Simple",
              "Parent Relationship": "SubPlan",
              "Subplan Name": "SubPlan 1",
              "Parallel Aware": false,
              "Async Capable": false,
              "Startup Cost": 4.27,
              "Total Cost": 4.28,
              "Plan Rows": 1,
              "Plan Width": 32,
              "Plans": [
                {
                  "Node Type": "Limit",
                  "Parent Relationship": "Outer",
                  "Parallel Aware": false,
                  "Async Capable": false,
                  "Startup Cost": 0.29,
                  "Total Cost": 4.25,
                  "Plan Rows": 1,
                  "Plan Width": 12,
                  "Plans": [
                    {
                      "Node Type": "Index Scan",
                      "Parent Relationship": "Outer",
                      "Parallel Aware": false,
                      "Async Capable": false,
                      "Scan Direction": "Backward",
                      "Index Name": "idx_finq_period_end",
                      "Relation Name": "financials_quarterly",
                      "Alias": "fq",
                      "Startup Cost": 0.29,
                      "Total Cost": 4.25,
                      "Plan Rows": 1,
                      "Plan Width": 12,
                      "Index Cond": "(period_end <= '2023-05-29'::date)",
                      "Filter": "((statement_type = ANY ('{IS_Q,CF_Q}'::text[])) AND (ticker = sdi.ticker) AND (item_name = 'NetIncome'::text))"
                    }
                  ]
                }
              ]
            }
          ]
        }
      ]
    }
  },
  "db_statistics": {
    "table_stats": {
      "stocks_daily_info": {
        "row_count": 12700,
        "size_mb": 1.71
      },
      "fundamentals_daily": {
        "row_count": 12080,
        "size_mb": 2.33
      },
      "financials_quarterly": {
        "row_count": 8634,
        "size_mb": 0.8
      }
    },
    "existing_indexes": [
      "backtest_results_pkey",
      "community_posts_pkey",
      "financials_quarterly_pkey",
      "fundamentals_daily_pkey",
      "idx_finq_period_end",
      "idx_finq_ticker",
      "idx_fund_event_date",
      "idx_fund_ticker",
      "idx_sdi_event_date",
      "idx_sdi_ticker",
      "ix_backtest_results_strategy_id",
      "ix_community_posts_author_id",
      "ix_community_posts_strategy_id",
      "ix_ml_models_owner_id",
      "ix_strategies_owner_id",
      "ix_users_email",
      "ml_models_pkey",
      "stocks_daily_info_pkey",
      "strategies_pkey",
      "users_pkey"
    ]
  }
}
---
{
  "workload_id": 1229,
  "metadata": {
    "strategy_template": "Momentum Investing Style",
    "ml_model_used": null
  },
  "sql_query": "SELECT sdi.close_price, sdi.company_name, sdi.ma_20d, sdi.market_cap, sdi.momentum_12m, sdi.momentum_3m, sdi.rsi_14, sdi.ticker, sdi.volatility_20d FROM stocks_daily_info sdi WHERE sdi.market = 'KOSDAQ' AND sdi.market_cap >= 84000000000 AND sdi.event_date = DATE '2023-06-04' ORDER BY sdi.momentum_3m desc, sdi.momentum_12m desc, sdi.volatility_20d asc, sdi.rsi_14 desc LIMIT 43;",
  "baseline_execution_plan": {
    "Plan": {
      "Node Type": "Limit",
      "Parallel Aware": false,
      "Async Capable": false,
      "Startup Cost": 20.41,
      "Total Cost": 20.41,
      "Plan Rows": 1,
      "Plan Width": 64,
      "Plans": [
        {
          "Node Type": "Sort",
          "Parent Relationship": "Outer",
          "Parallel Aware": false,
          "Async Capable": false,
          "Startup Cost": 20.41,
          "Total Cost": 20.41,
          "Plan Rows": 1,
          "Plan Width": 64,
          "Sort Key": [
            "momentum_3m DESC",
            "momentum_12m DESC",
            "volatility_20d",
            "rsi_14 DESC"
          ],
          "Plans": [
            {
              "Node Type": "Bitmap Heap Scan",
              "Parent Relationship": "Outer",
              "Parallel Aware": false,
              "Async Capable": false,
              "Relation Name": "stocks_daily_info",
              "Alias": "sdi",
              "Startup Cost": 2.36,
              "Total Cost": 20.4,
              "Plan Rows": 1,
              "Plan Width": 64,
              "Recheck Cond": "(event_date = '2023-06-04'::date)",
              "Filter": "((market_cap >= '84000000000'::numeric) AND (market = 'KOSDAQ'::text))",
              "Plans": [
                {
                  "Node Type": "Bitmap Index Scan",
                  "Parent Relationship": "Outer",
                  "Parallel Aware": false,
                  "Async Capable": false,
                  "Index Name": "idx_sdi_event_date",
                  "Startup Cost": 0.0,
                  "Total Cost": 2.36,
                  "Plan Rows": 10,
                  "Plan Width": 0,
                  "Index Cond": "(event_date = '2023-06-04'::date)"
                }
              ]
            }
          ]
        }
      ]
    }
  },
  "db_statistics": {
    "table_stats": {
      "stocks_daily_info": {
        "row_count": 12700,
        "size_mb": 1.71
      },
      "fundamentals_daily": {
        "row_count": 12080,
        "size_mb": 2.33
      },
      "financials_quarterly": {
        "row_count": 8634,
        "size_mb": 0.8
      }
    },
    "existing_indexes": [
      "backtest_results_pkey",
      "community_posts_pkey",
      "financials_quarterly_pkey",
      "fundamentals_daily_pkey",
      "idx_finq_period_end",
      "idx_finq_ticker",
      "idx_fund_event_date",
      "idx_fund_ticker",
      "idx_sdi_event_date",
      "idx_sdi_ticker",
      "ix_backtest_results_strategy_id",
      "ix_community_posts_author_id",
      "ix_community_posts_strategy_id",
      "ix_ml_models_owner_id",
      "ix_strategies_owner_id",
      "ix_users_email",
      "ml_models_pkey",
      "stocks_daily_info_pkey",
      "strategies_pkey",
      "users_pkey"
    ]
  }
}
---
{
  "workload_id": 1230,
  "metadata": {
    "strategy_template": "Momentum Investing Style",
    "ml_model_used": null
  },
  "sql_query": "SELECT sdi.close_price, sdi.company_name, sdi.ma_20d, sdi.market_cap, sdi.momentum_12m, sdi.momentum_3m, sdi.rsi_14, sdi.ticker, sdi.volatility_20d FROM stocks_daily_info sdi WHERE sdi.market = 'KOSDAQ' AND sdi.market_cap >= 139800000000 AND sdi.event_date = DATE '2023-05-10' ORDER BY sdi.momentum_3m desc, sdi.momentum_12m asc, sdi.volatility_20d desc, sdi.rsi_14 asc LIMIT 35;",
  "baseline_execution_plan": {
    "Plan": {
      "Node Type": "Limit",
      "Parallel Aware": false,
      "Async Capable": false,
      "Startup Cost": 20.41,
      "Total Cost": 20.41,
      "Plan Rows": 1,
      "Plan Width": 64,
      "Plans": [
        {
          "Node Type": "Sort",
          "Parent Relationship": "Outer",
          "Parallel Aware": false,
          "Async Capable": false,
          "Startup Cost": 20.41,
          "Total Cost": 20.41,
          "Plan Rows": 1,
          "Plan Width": 64,
          "Sort Key": [
            "momentum_3m DESC",
            "momentum_12m",
            "volatility_20d DESC",
            "rsi_14"
          ],
          "Plans": [
            {
              "Node Type": "Bitmap Heap Scan",
              "Parent Relationship": "Outer",
              "Parallel Aware": false,
              "Async Capable": false,
              "Relation Name": "stocks_daily_info",
              "Alias": "sdi",
              "Startup Cost": 2.36,
              "Total Cost": 20.4,
              "Plan Rows": 1,
              "Plan Width": 64,
              "Recheck Cond": "(event_date = '2023-05-10'::date)",
              "Filter": "((market_cap >= '139800000000'::numeric) AND (market = 'KOSDAQ'::text))",
              "Plans": [
                {
                  "Node Type": "Bitmap Index Scan",
                  "Parent Relationship": "Outer",
                  "Parallel Aware": false,
                  "Async Capable": false,
                  "Index Name": "idx_sdi_event_date",
                  "Startup Cost": 0.0,
                  "Total Cost": 2.36,
                  "Plan Rows": 10,
                  "Plan Width": 0,
                  "Index Cond": "(event_date = '2023-05-10'::date)"
                }
              ]
            }
          ]
        }
      ]
    }
  },
  "db_statistics": {
    "table_stats": {
      "stocks_daily_info": {
        "row_count": 12700,
        "size_mb": 1.71
      },
      "fundamentals_daily": {
        "row_count": 12080,
        "size_mb": 2.33
      },
      "financials_quarterly": {
        "row_count": 8634,
        "size_mb": 0.8
      }
    },
    "existing_indexes": [
      "backtest_results_pkey",
      "community_posts_pkey",
      "financials_quarterly_pkey",
      "fundamentals_daily_pkey",
      "idx_finq_period_end",
      "idx_finq_ticker",
      "idx_fund_event_date",
      "idx_fund_ticker",
      "idx_sdi_event_date",
      "idx_sdi_ticker",
      "ix_backtest_results_strategy_id",
      "ix_community_posts_author_id",
      "ix_community_posts_strategy_id",
      "ix_ml_models_owner_id",
      "ix_strategies_owner_id",
      "ix_users_email",
      "ml_models_pkey",
      "stocks_daily_info_pkey",
      "strategies_pkey",
      "users_pkey"
    ]
  }
}
---
{
  "workload_id": 1231,
  "metadata": {
    "strategy_template": "Value Investing Style",
    "ml_model_used": null
  },
  "sql_query": "SELECT fd.bps, fd.dividend_yield, fd.eps, fd.pbr, fd.per, sdi.close_price, sdi.company_name, sdi.ma_20d, sdi.market_cap, sdi.momentum_12m, sdi.momentum_3m, sdi.rsi_14, sdi.ticker, sdi.volatility_20d FROM stocks_daily_info sdi LEFT JOIN fundamentals_daily fd ON fd.ticker = sdi.ticker AND fd.event_date = sdi.event_date WHERE sdi.market = 'KOSDAQ' AND sdi.market_cap >= 194000000000 AND sdi.event_date = DATE '2023-07-10' ORDER BY fd.pbr desc, fd.per asc, fd.eps desc LIMIT 38;",
  "baseline_execution_plan": {
    "Plan": {
      "Node Type": "Limit",
      "Parallel Aware": false,
      "Async Capable": false,
      "Startup Cost": 24.72,
      "Total Cost": 24.73,
      "Plan Rows": 1,
      "Plan Width": 105,
      "Plans": [
        {
          "Node Type": "Sort",
          "Parent Relationship": "Outer",
          "Parallel Aware": false,
          "Async Capable": false,
          "Startup Cost": 24.72,
          "Total Cost": 24.73,
          "Plan Rows": 1,
          "Plan Width": 105,
          "Sort Key": [
            "fd.pbr DESC",
            "fd.per",
            "fd.eps DESC"
          ],
          "Plans": [
            {
              "Node Type": "Nested Loop",
              "Parent Relationship": "Outer",
              "Parallel Aware": false,
              "Async Capable": false,
              "Join Type": "Left",
              "Startup Cost": 2.65,
              "Total Cost": 24.71,
              "Plan Rows": 1,
              "Plan Width": 105,
              "Inner Unique": true,
              "Plans": [
                {
                  "Node Type": "Bitmap Heap Scan",
                  "Parent Relationship": "Outer",
                  "Parallel Aware": false,
                  "Async Capable": false,
                  "Relation Name": "stocks_daily_info",
                  "Alias": "sdi",
                  "Startup Cost": 2.36,
                  "Total Cost": 20.4,
                  "Plan Rows": 1,
                  "Plan Width": 68,
                  "Recheck Cond": "(event_date = '2023-07-10'::date)",
                  "Filter": "((market_cap >= '194000000000'::numeric) AND (market = 'KOSDAQ'::text))",
                  "Plans": [
                    {
                      "Node Type": "Bitmap Index Scan",
                      "Parent Relationship": "Outer",
                      "Parallel Aware": false,
                      "Async Capable": false,
                      "Index Name": "idx_sdi_event_date",
                      "Startup Cost": 0.0,
                      "Total Cost": 2.36,
                      "Plan Rows": 10,
                      "Plan Width": 0,
                      "Index Cond": "(event_date = '2023-07-10'::date)"
                    }
                  ]
                },
                {
                  "Node Type": "Index Scan",
                  "Parent Relationship": "Inner",
                  "Parallel Aware": false,
                  "Async Capable": false,
                  "Scan Direction": "Forward",
                  "Index Name": "fundamentals_daily_pkey",
                  "Relation Name": "fundamentals_daily",
                  "Alias": "fd",
                  "Startup Cost": 0.29,
                  "Total Cost": 4.3,
                  "Plan Rows": 1,
                  "Plan Width": 55,
                  "Index Cond": "((event_date = '2023-07-10'::date) AND (ticker = sdi.ticker))"
                }
              ]
            }
          ]
        }
      ]
    }
  },
  "db_statistics": {
    "table_stats": {
      "stocks_daily_info": {
        "row_count": 12700,
        "size_mb": 1.71
      },
      "fundamentals_daily": {
        "row_count": 12080,
        "size_mb": 2.33
      },
      "financials_quarterly": {
        "row_count": 8634,
        "size_mb": 0.8
      }
    },
    "existing_indexes": [
      "backtest_results_pkey",
      "community_posts_pkey",
      "financials_quarterly_pkey",
      "fundamentals_daily_pkey",
      "idx_finq_period_end",
      "idx_finq_ticker",
      "idx_fund_event_date",
      "idx_fund_ticker",
      "idx_sdi_event_date",
      "idx_sdi_ticker",
      "ix_backtest_results_strategy_id",
      "ix_community_posts_author_id",
      "ix_community_posts_strategy_id",
      "ix_ml_models_owner_id",
      "ix_strategies_owner_id",
      "ix_users_email",
      "ml_models_pkey",
      "stocks_daily_info_pkey",
      "strategies_pkey",
      "users_pkey"
    ]
  }
}
---
{
  "workload_id": 1232,
  "metadata": {
    "strategy_template": "ML Hybrid Style",
    "ml_model_used": null
  },
  "sql_query": "SELECT ( SELECT COALESCE(SUM(value), 0) FROM ( SELECT value FROM financials_quarterly fq WHERE fq.ticker = sdi.ticker AND fq.item_name = 'OperatingCashFlow' AND fq.statement_type IN ('IS_Q','CF_Q') AND fq.period_end <= DATE '2023-08-20' ORDER BY fq.period_end DESC LIMIT 4 ) as recent_quarters ) AS ttm_operatingcashflow , sdi.close_price, sdi.company_name, sdi.ma_20d, sdi.market_cap, sdi.momentum_12m, sdi.momentum_3m, sdi.rsi_14, sdi.ticker, sdi.volatility_20d FROM stocks_daily_info sdi WHERE sdi.market = 'KOSPI' AND sdi.market_cap >= 81100000000 AND sdi.event_date = DATE '2023-08-20' ORDER BY sdi.market_cap DESC LIMIT 39;",
  "baseline_execution_plan": {
    "Plan": {
      "Node Type": "Limit",
      "Parallel Aware": false,
      "Async Capable": false,
      "Startup Cost": 20.41,
      "Total Cost": 24.7,
      "Plan Rows": 1,
      "Plan Width": 96,
      "Plans": [
        {
          "Node Type": "Result",
          "Parent Relationship": "Outer",
          "Parallel Aware": false,
          "Async Capable": false,
          "Startup Cost": 20.41,
          "Total Cost": 24.7,
          "Plan Rows": 1,
          "Plan Width": 96,
          "Plans": [
            {
              "Node Type": "Sort",
              "Parent Relationship": "Outer",
              "Parallel Aware": false,
              "Async Capable": false,
              "Startup Cost": 20.41,
              "Total Cost": 20.41,
              "Plan Rows": 1,
              "Plan Width": 64,
              "Sort Key": [
                "sdi.market_cap DESC"
              ],
              "Plans": [
                {
                  "Node Type": "Bitmap Heap Scan",
                  "Parent Relationship": "Outer",
                  "Parallel Aware": false,
                  "Async Capable": false,
                  "Relation Name": "stocks_daily_info",
                  "Alias": "sdi",
                  "Startup Cost": 2.36,
                  "Total Cost": 20.4,
                  "Plan Rows": 1,
                  "Plan Width": 64,
                  "Recheck Cond": "(event_date = '2023-08-20'::date)",
                  "Filter": "((market_cap >= '81100000000'::numeric) AND (market = 'KOSPI'::text))",
                  "Plans": [
                    {
                      "Node Type": "Bitmap Index Scan",
                      "Parent Relationship": "Outer",
                      "Parallel Aware": false,
                      "Async Capable": false,
                      "Index Name": "idx_sdi_event_date",
                      "Startup Cost": 0.0,
                      "Total Cost": 2.36,
                      "Plan Rows": 10,
                      "Plan Width": 0,
                      "Index Cond": "(event_date = '2023-08-20'::date)"
                    }
                  ]
                }
              ]
            },
            {
              "Node Type": "Aggregate",
              "Strategy": "Plain",
              "Partial Mode": "Simple",
              "Parent Relationship": "SubPlan",
              "Subplan Name": "SubPlan 1",
              "Parallel Aware": false,
              "Async Capable": false,
              "Startup Cost": 4.27,
              "Total Cost": 4.28,
              "Plan Rows": 1,
              "Plan Width": 32,
              "Plans": [
                {
                  "Node Type": "Limit",
                  "Parent Relationship": "Outer",
                  "Parallel Aware": false,
                  "Async Capable": false,
                  "Startup Cost": 0.29,
                  "Total Cost": 4.25,
                  "Plan Rows": 1,
                  "Plan Width": 12,
                  "Plans": [
                    {
                      "Node Type": "Index Scan",
                      "Parent Relationship": "Outer",
                      "Parallel Aware": false,
                      "Async Capable": false,
                      "Scan Direction": "Backward",
                      "Index Name": "idx_finq_period_end",
                      "Relation Name": "financials_quarterly",
                      "Alias": "fq",
                      "Startup Cost": 0.29,
                      "Total Cost": 4.25,
                      "Plan Rows": 1,
                      "Plan Width": 12,
                      "Index Cond": "(period_end <= '2023-08-20'::date)",
                      "Filter": "((statement_type = ANY ('{IS_Q,CF_Q}'::text[])) AND (ticker = sdi.ticker) AND (item_name = 'OperatingCashFlow'::text))"
                    }
                  ]
                }
              ]
            }
          ]
        }
      ]
    }
  },
  "db_statistics": {
    "table_stats": {
      "stocks_daily_info": {
        "row_count": 12700,
        "size_mb": 1.71
      },
      "fundamentals_daily": {
        "row_count": 12080,
        "size_mb": 2.33
      },
      "financials_quarterly": {
        "row_count": 8634,
        "size_mb": 0.8
      }
    },
    "existing_indexes": [
      "backtest_results_pkey",
      "community_posts_pkey",
      "financials_quarterly_pkey",
      "fundamentals_daily_pkey",
      "idx_finq_period_end",
      "idx_finq_ticker",
      "idx_fund_event_date",
      "idx_fund_ticker",
      "idx_sdi_event_date",
      "idx_sdi_ticker",
      "ix_backtest_results_strategy_id",
      "ix_community_posts_author_id",
      "ix_community_posts_strategy_id",
      "ix_ml_models_owner_id",
      "ix_strategies_owner_id",
      "ix_users_email",
      "ml_models_pkey",
      "stocks_daily_info_pkey",
      "strategies_pkey",
      "users_pkey"
    ]
  }
}
---
{
  "workload_id": 1233,
  "metadata": {
    "strategy_template": "Value Investing Style",
    "ml_model_used": null
  },
  "sql_query": "SELECT ( SELECT COALESCE(SUM(value), 0) FROM ( SELECT value FROM financials_quarterly fq WHERE fq.ticker = sdi.ticker AND fq.item_name = 'OperatingIncome' AND fq.statement_type IN ('IS_Q','CF_Q') AND fq.period_end <= DATE '2023-05-28' ORDER BY fq.period_end DESC LIMIT 4 ) as recent_quarters ) AS ttm_operatingincome , fd.bps, fd.dividend_yield, fd.eps, fd.pbr, fd.per, sdi.close_price, sdi.company_name, sdi.ma_20d, sdi.market_cap, sdi.momentum_12m, sdi.momentum_3m, sdi.rsi_14, sdi.ticker, sdi.volatility_20d FROM stocks_daily_info sdi LEFT JOIN fundamentals_daily fd ON fd.ticker = sdi.ticker AND fd.event_date = sdi.event_date WHERE sdi.market = 'KOSDAQ' AND sdi.market_cap >= 372600000000 AND sdi.event_date = DATE '2023-05-28' ORDER BY fd.pbr desc, fd.per desc, fd.dividend_yield asc, fd.eps asc LIMIT 38;",
  "baseline_execution_plan": {
    "Plan": {
      "Node Type": "Limit",
      "Parallel Aware": false,
      "Async Capable": false,
      "Startup Cost": 24.72,
      "Total Cost": 29.02,
      "Plan Rows": 1,
      "Plan Width": 137,
      "Plans": [
        {
          "Node Type": "Result",
          "Parent Relationship": "Outer",
          "Parallel Aware": false,
          "Async Capable": false,
          "Startup Cost": 24.72,
          "Total Cost": 29.02,
          "Plan Rows": 1,
          "Plan Width": 137,
          "Plans": [
            {
              "Node Type": "Sort",
              "Parent Relationship": "Outer",
              "Parallel Aware": false,
              "Async Capable": false,
              "Startup Cost": 24.72,
              "Total Cost": 24.73,
              "Plan Rows": 1,
              "Plan Width": 105,
              "Sort Key": [
                "fd.pbr DESC",
                "fd.per DESC",
                "fd.dividend_yield",
                "fd.eps"
              ],
              "Plans": [
                {
                  "Node Type": "Nested Loop",
                  "Parent Relationship": "Outer",
                  "Parallel Aware": false,
                  "Async Capable": false,
                  "Join Type": "Left",
                  "Startup Cost": 2.65,
                  "Total Cost": 24.71,
                  "Plan Rows": 1,
                  "Plan Width": 105,
                  "Inner Unique": true,
                  "Plans": [
                    {
                      "Node Type": "Bitmap Heap Scan",
                      "Parent Relationship": "Outer",
                      "Parallel Aware": false,
                      "Async Capable": false,
                      "Relation Name": "stocks_daily_info",
                      "Alias": "sdi",
                      "Startup Cost": 2.36,
                      "Total Cost": 20.4,
                      "Plan Rows": 1,
                      "Plan Width": 68,
                      "Recheck Cond": "(event_date = '2023-05-28'::date)",
                      "Filter": "((market_cap >= '372600000000'::numeric) AND (market = 'KOSDAQ'::text))",
                      "Plans": [
                        {
                          "Node Type": "Bitmap Index Scan",
                          "Parent Relationship": "Outer",
                          "Parallel Aware": false,
                          "Async Capable": false,
                          "Index Name": "idx_sdi_event_date",
                          "Startup Cost": 0.0,
                          "Total Cost": 2.36,
                          "Plan Rows": 10,
                          "Plan Width": 0,
                          "Index Cond": "(event_date = '2023-05-28'::date)"
                        }
                      ]
                    },
                    {
                      "Node Type": "Index Scan",
                      "Parent Relationship": "Inner",
                      "Parallel Aware": false,
                      "Async Capable": false,
                      "Scan Direction": "Forward",
                      "Index Name": "fundamentals_daily_pkey",
                      "Relation Name": "fundamentals_daily",
                      "Alias": "fd",
                      "Startup Cost": 0.29,
                      "Total Cost": 4.3,
                      "Plan Rows": 1,
                      "Plan Width": 55,
                      "Index Cond": "((event_date = '2023-05-28'::date) AND (ticker = sdi.ticker))"
                    }
                  ]
                }
              ]
            },
            {
              "Node Type": "Aggregate",
              "Strategy": "Plain",
              "Partial Mode": "Simple",
              "Parent Relationship": "SubPlan",
              "Subplan Name": "SubPlan 1",
              "Parallel Aware": false,
              "Async Capable": false,
              "Startup Cost": 4.27,
              "Total Cost": 4.28,
              "Plan Rows": 1,
              "Plan Width": 32,
              "Plans": [
                {
                  "Node Type": "Limit",
                  "Parent Relationship": "Outer",
                  "Parallel Aware": false,
                  "Async Capable": false,
                  "Startup Cost": 0.29,
                  "Total Cost": 4.25,
                  "Plan Rows": 1,
                  "Plan Width": 12,
                  "Plans": [
                    {
                      "Node Type": "Index Scan",
                      "Parent Relationship": "Outer",
                      "Parallel Aware": false,
                      "Async Capable": false,
                      "Scan Direction": "Backward",
                      "Index Name": "idx_finq_period_end",
                      "Relation Name": "financials_quarterly",
                      "Alias": "fq",
                      "Startup Cost": 0.29,
                      "Total Cost": 4.25,
                      "Plan Rows": 1,
                      "Plan Width": 12,
                      "Index Cond": "(period_end <= '2023-05-28'::date)",
                      "Filter": "((statement_type = ANY ('{IS_Q,CF_Q}'::text[])) AND (ticker = sdi.ticker) AND (item_name = 'OperatingIncome'::text))"
                    }
                  ]
                }
              ]
            }
          ]
        }
      ]
    }
  },
  "db_statistics": {
    "table_stats": {
      "stocks_daily_info": {
        "row_count": 12700,
        "size_mb": 1.71
      },
      "fundamentals_daily": {
        "row_count": 12080,
        "size_mb": 2.33
      },
      "financials_quarterly": {
        "row_count": 8634,
        "size_mb": 0.8
      }
    },
    "existing_indexes": [
      "backtest_results_pkey",
      "community_posts_pkey",
      "financials_quarterly_pkey",
      "fundamentals_daily_pkey",
      "idx_finq_period_end",
      "idx_finq_ticker",
      "idx_fund_event_date",
      "idx_fund_ticker",
      "idx_sdi_event_date",
      "idx_sdi_ticker",
      "ix_backtest_results_strategy_id",
      "ix_community_posts_author_id",
      "ix_community_posts_strategy_id",
      "ix_ml_models_owner_id",
      "ix_strategies_owner_id",
      "ix_users_email",
      "ml_models_pkey",
      "stocks_daily_info_pkey",
      "strategies_pkey",
      "users_pkey"
    ]
  }
}
---
{
  "workload_id": 1234,
  "metadata": {
    "strategy_template": "Momentum Investing Style",
    "ml_model_used": null
  },
  "sql_query": "SELECT ( SELECT COALESCE(SUM(value), 0) FROM ( SELECT value FROM financials_quarterly fq WHERE fq.ticker = sdi.ticker AND fq.item_name = 'OperatingCashFlow' AND fq.statement_type IN ('IS_Q','CF_Q') AND fq.period_end <= DATE '2023-05-13' ORDER BY fq.period_end DESC LIMIT 4 ) as recent_quarters ) AS ttm_operatingcashflow , sdi.close_price, sdi.company_name, sdi.ma_20d, sdi.market_cap, sdi.momentum_12m, sdi.momentum_3m, sdi.rsi_14, sdi.ticker, sdi.volatility_20d FROM stocks_daily_info sdi WHERE sdi.market = 'KOSDAQ' AND sdi.market_cap >= 315000000000 AND sdi.event_date = DATE '2023-05-13' ORDER BY sdi.momentum_3m desc, sdi.momentum_12m asc LIMIT 42;",
  "baseline_execution_plan": {
    "Plan": {
      "Node Type": "Limit",
      "Parallel Aware": false,
      "Async Capable": false,
      "Startup Cost": 20.41,
      "Total Cost": 24.7,
      "Plan Rows": 1,
      "Plan Width": 96,
      "Plans": [
        {
          "Node Type": "Result",
          "Parent Relationship": "Outer",
          "Parallel Aware": false,
          "Async Capable": false,
          "Startup Cost": 20.41,
          "Total Cost": 24.7,
          "Plan Rows": 1,
          "Plan Width": 96,
          "Plans": [
            {
              "Node Type": "Sort",
              "Parent Relationship": "Outer",
              "Parallel Aware": false,
              "Async Capable": false,
              "Startup Cost": 20.41,
              "Total Cost": 20.41,
              "Plan Rows": 1,
              "Plan Width": 64,
              "Sort Key": [
                "sdi.momentum_3m DESC",
                "sdi.momentum_12m"
              ],
              "Plans": [
                {
                  "Node Type": "Bitmap Heap Scan",
                  "Parent Relationship": "Outer",
                  "Parallel Aware": false,
                  "Async Capable": false,
                  "Relation Name": "stocks_daily_info",
                  "Alias": "sdi",
                  "Startup Cost": 2.36,
                  "Total Cost": 20.4,
                  "Plan Rows": 1,
                  "Plan Width": 64,
                  "Recheck Cond": "(event_date = '2023-05-13'::date)",
                  "Filter": "((market_cap >= '315000000000'::numeric) AND (market = 'KOSDAQ'::text))",
                  "Plans": [
                    {
                      "Node Type": "Bitmap Index Scan",
                      "Parent Relationship": "Outer",
                      "Parallel Aware": false,
                      "Async Capable": false,
                      "Index Name": "idx_sdi_event_date",
                      "Startup Cost": 0.0,
                      "Total Cost": 2.36,
                      "Plan Rows": 10,
                      "Plan Width": 0,
                      "Index Cond": "(event_date = '2023-05-13'::date)"
                    }
                  ]
                }
              ]
            },
            {
              "Node Type": "Aggregate",
              "Strategy": "Plain",
              "Partial Mode": "Simple",
              "Parent Relationship": "SubPlan",
              "Subplan Name": "SubPlan 1",
              "Parallel Aware": false,
              "Async Capable": false,
              "Startup Cost": 4.27,
              "Total Cost": 4.28,
              "Plan Rows": 1,
              "Plan Width": 32,
              "Plans": [
                {
                  "Node Type": "Limit",
                  "Parent Relationship": "Outer",
                  "Parallel Aware": false,
                  "Async Capable": false,
                  "Startup Cost": 0.29,
                  "Total Cost": 4.25,
                  "Plan Rows": 1,
                  "Plan Width": 12,
                  "Plans": [
                    {
                      "Node Type": "Index Scan",
                      "Parent Relationship": "Outer",
                      "Parallel Aware": false,
                      "Async Capable": false,
                      "Scan Direction": "Backward",
                      "Index Name": "idx_finq_period_end",
                      "Relation Name": "financials_quarterly",
                      "Alias": "fq",
                      "Startup Cost": 0.29,
                      "Total Cost": 4.25,
                      "Plan Rows": 1,
                      "Plan Width": 12,
                      "Index Cond": "(period_end <= '2023-05-13'::date)",
                      "Filter": "((statement_type = ANY ('{IS_Q,CF_Q}'::text[])) AND (ticker = sdi.ticker) AND (item_name = 'OperatingCashFlow'::text))"
                    }
                  ]
                }
              ]
            }
          ]
        }
      ]
    }
  },
  "db_statistics": {
    "table_stats": {
      "stocks_daily_info": {
        "row_count": 12700,
        "size_mb": 1.71
      },
      "fundamentals_daily": {
        "row_count": 12080,
        "size_mb": 2.33
      },
      "financials_quarterly": {
        "row_count": 8634,
        "size_mb": 0.8
      }
    },
    "existing_indexes": [
      "backtest_results_pkey",
      "community_posts_pkey",
      "financials_quarterly_pkey",
      "fundamentals_daily_pkey",
      "idx_finq_period_end",
      "idx_finq_ticker",
      "idx_fund_event_date",
      "idx_fund_ticker",
      "idx_sdi_event_date",
      "idx_sdi_ticker",
      "ix_backtest_results_strategy_id",
      "ix_community_posts_author_id",
      "ix_community_posts_strategy_id",
      "ix_ml_models_owner_id",
      "ix_strategies_owner_id",
      "ix_users_email",
      "ml_models_pkey",
      "stocks_daily_info_pkey",
      "strategies_pkey",
      "users_pkey"
    ]
  }
}
---
{
  "workload_id": 1235,
  "metadata": {
    "strategy_template": "ML Hybrid Style",
    "ml_model_used": null
  },
  "sql_query": "SELECT sdi.close_price, sdi.company_name, sdi.ma_20d, sdi.market_cap, sdi.momentum_12m, sdi.momentum_3m, sdi.rsi_14, sdi.ticker, sdi.volatility_20d FROM stocks_daily_info sdi WHERE sdi.market = 'KOSPI' AND sdi.market_cap >= 283900000000 AND sdi.event_date = DATE '2023-05-21' ORDER BY sdi.volatility_20d asc, sdi.momentum_3m asc LIMIT 24;",
  "baseline_execution_plan": {
    "Plan": {
      "Node Type": "Limit",
      "Parallel Aware": false,
      "Async Capable": false,
      "Startup Cost": 20.41,
      "Total Cost": 20.41,
      "Plan Rows": 1,
      "Plan Width": 64,
      "Plans": [
        {
          "Node Type": "Sort",
          "Parent Relationship": "Outer",
          "Parallel Aware": false,
          "Async Capable": false,
          "Startup Cost": 20.41,
          "Total Cost": 20.41,
          "Plan Rows": 1,
          "Plan Width": 64,
          "Sort Key": [
            "volatility_20d",
            "momentum_3m"
          ],
          "Plans": [
            {
              "Node Type": "Bitmap Heap Scan",
              "Parent Relationship": "Outer",
              "Parallel Aware": false,
              "Async Capable": false,
              "Relation Name": "stocks_daily_info",
              "Alias": "sdi",
              "Startup Cost": 2.36,
              "Total Cost": 20.4,
              "Plan Rows": 1,
              "Plan Width": 64,
              "Recheck Cond": "(event_date = '2023-05-21'::date)",
              "Filter": "((market_cap >= '283900000000'::numeric) AND (market = 'KOSPI'::text))",
              "Plans": [
                {
                  "Node Type": "Bitmap Index Scan",
                  "Parent Relationship": "Outer",
                  "Parallel Aware": false,
                  "Async Capable": false,
                  "Index Name": "idx_sdi_event_date",
                  "Startup Cost": 0.0,
                  "Total Cost": 2.36,
                  "Plan Rows": 10,
                  "Plan Width": 0,
                  "Index Cond": "(event_date = '2023-05-21'::date)"
                }
              ]
            }
          ]
        }
      ]
    }
  },
  "db_statistics": {
    "table_stats": {
      "stocks_daily_info": {
        "row_count": 12700,
        "size_mb": 1.71
      },
      "fundamentals_daily": {
        "row_count": 12080,
        "size_mb": 2.33
      },
      "financials_quarterly": {
        "row_count": 8634,
        "size_mb": 0.8
      }
    },
    "existing_indexes": [
      "backtest_results_pkey",
      "community_posts_pkey",
      "financials_quarterly_pkey",
      "fundamentals_daily_pkey",
      "idx_finq_period_end",
      "idx_finq_ticker",
      "idx_fund_event_date",
      "idx_fund_ticker",
      "idx_sdi_event_date",
      "idx_sdi_ticker",
      "ix_backtest_results_strategy_id",
      "ix_community_posts_author_id",
      "ix_community_posts_strategy_id",
      "ix_ml_models_owner_id",
      "ix_strategies_owner_id",
      "ix_users_email",
      "ml_models_pkey",
      "stocks_daily_info_pkey",
      "strategies_pkey",
      "users_pkey"
    ]
  }
}
---
{
  "workload_id": 1236,
  "metadata": {
    "strategy_template": "Value Investing Style",
    "ml_model_used": null
  },
  "sql_query": "SELECT fd.bps, fd.dividend_yield, fd.eps, fd.pbr, fd.per, sdi.close_price, sdi.company_name, sdi.ma_20d, sdi.market_cap, sdi.momentum_12m, sdi.momentum_3m, sdi.rsi_14, sdi.ticker, sdi.volatility_20d FROM stocks_daily_info sdi LEFT JOIN fundamentals_daily fd ON fd.ticker = sdi.ticker AND fd.event_date = sdi.event_date WHERE sdi.market = 'KOSDAQ' AND sdi.market_cap >= 170300000000 AND sdi.event_date = DATE '2023-06-24' ORDER BY fd.pbr asc, fd.per desc LIMIT 49;",
  "baseline_execution_plan": {
    "Plan": {
      "Node Type": "Limit",
      "Parallel Aware": false,
      "Async Capable": false,
      "Startup Cost": 24.72,
      "Total Cost": 24.73,
      "Plan Rows": 1,
      "Plan Width": 105,
      "Plans": [
        {
          "Node Type": "Sort",
          "Parent Relationship": "Outer",
          "Parallel Aware": false,
          "Async Capable": false,
          "Startup Cost": 24.72,
          "Total Cost": 24.73,
          "Plan Rows": 1,
          "Plan Width": 105,
          "Sort Key": [
            "fd.pbr",
            "fd.per DESC"
          ],
          "Plans": [
            {
              "Node Type": "Nested Loop",
              "Parent Relationship": "Outer",
              "Parallel Aware": false,
              "Async Capable": false,
              "Join Type": "Left",
              "Startup Cost": 2.65,
              "Total Cost": 24.71,
              "Plan Rows": 1,
              "Plan Width": 105,
              "Inner Unique": true,
              "Plans": [
                {
                  "Node Type": "Bitmap Heap Scan",
                  "Parent Relationship": "Outer",
                  "Parallel Aware": false,
                  "Async Capable": false,
                  "Relation Name": "stocks_daily_info",
                  "Alias": "sdi",
                  "Startup Cost": 2.36,
                  "Total Cost": 20.4,
                  "Plan Rows": 1,
                  "Plan Width": 68,
                  "Recheck Cond": "(event_date = '2023-06-24'::date)",
                  "Filter": "((market_cap >= '170300000000'::numeric) AND (market = 'KOSDAQ'::text))",
                  "Plans": [
                    {
                      "Node Type": "Bitmap Index Scan",
                      "Parent Relationship": "Outer",
                      "Parallel Aware": false,
                      "Async Capable": false,
                      "Index Name": "idx_sdi_event_date",
                      "Startup Cost": 0.0,
                      "Total Cost": 2.36,
                      "Plan Rows": 10,
                      "Plan Width": 0,
                      "Index Cond": "(event_date = '2023-06-24'::date)"
                    }
                  ]
                },
                {
                  "Node Type": "Index Scan",
                  "Parent Relationship": "Inner",
                  "Parallel Aware": false,
                  "Async Capable": false,
                  "Scan Direction": "Forward",
                  "Index Name": "fundamentals_daily_pkey",
                  "Relation Name": "fundamentals_daily",
                  "Alias": "fd",
                  "Startup Cost": 0.29,
                  "Total Cost": 4.3,
                  "Plan Rows": 1,
                  "Plan Width": 55,
                  "Index Cond": "((event_date = '2023-06-24'::date) AND (ticker = sdi.ticker))"
                }
              ]
            }
          ]
        }
      ]
    }
  },
  "db_statistics": {
    "table_stats": {
      "stocks_daily_info": {
        "row_count": 12700,
        "size_mb": 1.71
      },
      "fundamentals_daily": {
        "row_count": 12080,
        "size_mb": 2.33
      },
      "financials_quarterly": {
        "row_count": 8634,
        "size_mb": 0.8
      }
    },
    "existing_indexes": [
      "backtest_results_pkey",
      "community_posts_pkey",
      "financials_quarterly_pkey",
      "fundamentals_daily_pkey",
      "idx_finq_period_end",
      "idx_finq_ticker",
      "idx_fund_event_date",
      "idx_fund_ticker",
      "idx_sdi_event_date",
      "idx_sdi_ticker",
      "ix_backtest_results_strategy_id",
      "ix_community_posts_author_id",
      "ix_community_posts_strategy_id",
      "ix_ml_models_owner_id",
      "ix_strategies_owner_id",
      "ix_users_email",
      "ml_models_pkey",
      "stocks_daily_info_pkey",
      "strategies_pkey",
      "users_pkey"
    ]
  }
}
---
{
  "workload_id": 1237,
  "metadata": {
    "strategy_template": "Value Investing Style",
    "ml_model_used": null
  },
  "sql_query": "SELECT fd.bps, fd.dividend_yield, fd.eps, fd.pbr, fd.per, sdi.close_price, sdi.company_name, sdi.ma_20d, sdi.market_cap, sdi.momentum_12m, sdi.momentum_3m, sdi.rsi_14, sdi.ticker, sdi.volatility_20d FROM stocks_daily_info sdi LEFT JOIN fundamentals_daily fd ON fd.ticker = sdi.ticker AND fd.event_date = sdi.event_date WHERE sdi.market = 'KOSPI' AND sdi.market_cap >= 125800000000 AND sdi.event_date = DATE '2023-10-22' ORDER BY fd.pbr asc, fd.per desc, fd.eps asc, fd.dividend_yield asc LIMIT 40;",
  "baseline_execution_plan": {
    "Plan": {
      "Node Type": "Limit",
      "Parallel Aware": false,
      "Async Capable": false,
      "Startup Cost": 24.72,
      "Total Cost": 24.73,
      "Plan Rows": 1,
      "Plan Width": 105,
      "Plans": [
        {
          "Node Type": "Sort",
          "Parent Relationship": "Outer",
          "Parallel Aware": false,
          "Async Capable": false,
          "Startup Cost": 24.72,
          "Total Cost": 24.73,
          "Plan Rows": 1,
          "Plan Width": 105,
          "Sort Key": [
            "fd.pbr",
            "fd.per DESC",
            "fd.eps",
            "fd.dividend_yield"
          ],
          "Plans": [
            {
              "Node Type": "Nested Loop",
              "Parent Relationship": "Outer",
              "Parallel Aware": false,
              "Async Capable": false,
              "Join Type": "Left",
              "Startup Cost": 2.65,
              "Total Cost": 24.71,
              "Plan Rows": 1,
              "Plan Width": 105,
              "Inner Unique": true,
              "Plans": [
                {
                  "Node Type": "Bitmap Heap Scan",
                  "Parent Relationship": "Outer",
                  "Parallel Aware": false,
                  "Async Capable": false,
                  "Relation Name": "stocks_daily_info",
                  "Alias": "sdi",
                  "Startup Cost": 2.36,
                  "Total Cost": 20.4,
                  "Plan Rows": 1,
                  "Plan Width": 68,
                  "Recheck Cond": "(event_date = '2023-10-22'::date)",
                  "Filter": "((market_cap >= '125800000000'::numeric) AND (market = 'KOSPI'::text))",
                  "Plans": [
                    {
                      "Node Type": "Bitmap Index Scan",
                      "Parent Relationship": "Outer",
                      "Parallel Aware": false,
                      "Async Capable": false,
                      "Index Name": "idx_sdi_event_date",
                      "Startup Cost": 0.0,
                      "Total Cost": 2.36,
                      "Plan Rows": 10,
                      "Plan Width": 0,
                      "Index Cond": "(event_date = '2023-10-22'::date)"
                    }
                  ]
                },
                {
                  "Node Type": "Index Scan",
                  "Parent Relationship": "Inner",
                  "Parallel Aware": false,
                  "Async Capable": false,
                  "Scan Direction": "Forward",
                  "Index Name": "fundamentals_daily_pkey",
                  "Relation Name": "fundamentals_daily",
                  "Alias": "fd",
                  "Startup Cost": 0.29,
                  "Total Cost": 4.3,
                  "Plan Rows": 1,
                  "Plan Width": 55,
                  "Index Cond": "((event_date = '2023-10-22'::date) AND (ticker = sdi.ticker))"
                }
              ]
            }
          ]
        }
      ]
    }
  },
  "db_statistics": {
    "table_stats": {
      "stocks_daily_info": {
        "row_count": 12700,
        "size_mb": 1.71
      },
      "fundamentals_daily": {
        "row_count": 12080,
        "size_mb": 2.33
      },
      "financials_quarterly": {
        "row_count": 8634,
        "size_mb": 0.8
      }
    },
    "existing_indexes": [
      "backtest_results_pkey",
      "community_posts_pkey",
      "financials_quarterly_pkey",
      "fundamentals_daily_pkey",
      "idx_finq_period_end",
      "idx_finq_ticker",
      "idx_fund_event_date",
      "idx_fund_ticker",
      "idx_sdi_event_date",
      "idx_sdi_ticker",
      "ix_backtest_results_strategy_id",
      "ix_community_posts_author_id",
      "ix_community_posts_strategy_id",
      "ix_ml_models_owner_id",
      "ix_strategies_owner_id",
      "ix_users_email",
      "ml_models_pkey",
      "stocks_daily_info_pkey",
      "strategies_pkey",
      "users_pkey"
    ]
  }
}
---
{
  "workload_id": 1238,
  "metadata": {
    "strategy_template": "Value Investing Style",
    "ml_model_used": null
  },
  "sql_query": "SELECT fd.bps, fd.dividend_yield, fd.eps, fd.pbr, fd.per, sdi.close_price, sdi.company_name, sdi.ma_20d, sdi.market_cap, sdi.momentum_12m, sdi.momentum_3m, sdi.rsi_14, sdi.ticker, sdi.volatility_20d FROM stocks_daily_info sdi LEFT JOIN fundamentals_daily fd ON fd.ticker = sdi.ticker AND fd.event_date = sdi.event_date WHERE sdi.market = 'KOSDAQ' AND sdi.market_cap >= 187700000000 AND sdi.event_date = DATE '2023-05-06' ORDER BY fd.pbr desc, fd.per asc, fd.eps desc, fd.dividend_yield asc LIMIT 35;",
  "baseline_execution_plan": {
    "Plan": {
      "Node Type": "Limit",
      "Parallel Aware": false,
      "Async Capable": false,
      "Startup Cost": 24.72,
      "Total Cost": 24.73,
      "Plan Rows": 1,
      "Plan Width": 105,
      "Plans": [
        {
          "Node Type": "Sort",
          "Parent Relationship": "Outer",
          "Parallel Aware": false,
          "Async Capable": false,
          "Startup Cost": 24.72,
          "Total Cost": 24.73,
          "Plan Rows": 1,
          "Plan Width": 105,
          "Sort Key": [
            "fd.pbr DESC",
            "fd.per",
            "fd.eps DESC",
            "fd.dividend_yield"
          ],
          "Plans": [
            {
              "Node Type": "Nested Loop",
              "Parent Relationship": "Outer",
              "Parallel Aware": false,
              "Async Capable": false,
              "Join Type": "Left",
              "Startup Cost": 2.65,
              "Total Cost": 24.71,
              "Plan Rows": 1,
              "Plan Width": 105,
              "Inner Unique": true,
              "Plans": [
                {
                  "Node Type": "Bitmap Heap Scan",
                  "Parent Relationship": "Outer",
                  "Parallel Aware": false,
                  "Async Capable": false,
                  "Relation Name": "stocks_daily_info",
                  "Alias": "sdi",
                  "Startup Cost": 2.36,
                  "Total Cost": 20.4,
                  "Plan Rows": 1,
                  "Plan Width": 68,
                  "Recheck Cond": "(event_date = '2023-05-06'::date)",
                  "Filter": "((market_cap >= '187700000000'::numeric) AND (market = 'KOSDAQ'::text))",
                  "Plans": [
                    {
                      "Node Type": "Bitmap Index Scan",
                      "Parent Relationship": "Outer",
                      "Parallel Aware": false,
                      "Async Capable": false,
                      "Index Name": "idx_sdi_event_date",
                      "Startup Cost": 0.0,
                      "Total Cost": 2.36,
                      "Plan Rows": 10,
                      "Plan Width": 0,
                      "Index Cond": "(event_date = '2023-05-06'::date)"
                    }
                  ]
                },
                {
                  "Node Type": "Index Scan",
                  "Parent Relationship": "Inner",
                  "Parallel Aware": false,
                  "Async Capable": false,
                  "Scan Direction": "Forward",
                  "Index Name": "fundamentals_daily_pkey",
                  "Relation Name": "fundamentals_daily",
                  "Alias": "fd",
                  "Startup Cost": 0.29,
                  "Total Cost": 4.3,
                  "Plan Rows": 1,
                  "Plan Width": 55,
                  "Index Cond": "((event_date = '2023-05-06'::date) AND (ticker = sdi.ticker))"
                }
              ]
            }
          ]
        }
      ]
    }
  },
  "db_statistics": {
    "table_stats": {
      "stocks_daily_info": {
        "row_count": 12700,
        "size_mb": 1.71
      },
      "fundamentals_daily": {
        "row_count": 12080,
        "size_mb": 2.33
      },
      "financials_quarterly": {
        "row_count": 8634,
        "size_mb": 0.8
      }
    },
    "existing_indexes": [
      "backtest_results_pkey",
      "community_posts_pkey",
      "financials_quarterly_pkey",
      "fundamentals_daily_pkey",
      "idx_finq_period_end",
      "idx_finq_ticker",
      "idx_fund_event_date",
      "idx_fund_ticker",
      "idx_sdi_event_date",
      "idx_sdi_ticker",
      "ix_backtest_results_strategy_id",
      "ix_community_posts_author_id",
      "ix_community_posts_strategy_id",
      "ix_ml_models_owner_id",
      "ix_strategies_owner_id",
      "ix_users_email",
      "ml_models_pkey",
      "stocks_daily_info_pkey",
      "strategies_pkey",
      "users_pkey"
    ]
  }
}
---
{
  "workload_id": 1239,
  "metadata": {
    "strategy_template": "ML Hybrid Style",
    "ml_model_used": null
  },
  "sql_query": "SELECT fd.bps, fd.dividend_yield, fd.eps, fd.pbr, fd.per, sdi.close_price, sdi.company_name, sdi.ma_20d, sdi.market_cap, sdi.momentum_12m, sdi.momentum_3m, sdi.rsi_14, sdi.ticker, sdi.volatility_20d FROM stocks_daily_info sdi LEFT JOIN fundamentals_daily fd ON fd.ticker = sdi.ticker AND fd.event_date = sdi.event_date WHERE sdi.market = 'KOSPI' AND sdi.market_cap >= 359400000000 AND sdi.event_date = DATE '2023-08-13' ORDER BY fd.pbr desc, sdi.volatility_20d desc, sdi.rsi_14 asc, sdi.momentum_3m desc LIMIT 10;",
  "baseline_execution_plan": {
    "Plan": {
      "Node Type": "Limit",
      "Parallel Aware": false,
      "Async Capable": false,
      "Startup Cost": 24.72,
      "Total Cost": 24.73,
      "Plan Rows": 1,
      "Plan Width": 105,
      "Plans": [
        {
          "Node Type": "Sort",
          "Parent Relationship": "Outer",
          "Parallel Aware": false,
          "Async Capable": false,
          "Startup Cost": 24.72,
          "Total Cost": 24.73,
          "Plan Rows": 1,
          "Plan Width": 105,
          "Sort Key": [
            "fd.pbr DESC",
            "sdi.volatility_20d DESC",
            "sdi.rsi_14",
            "sdi.momentum_3m DESC"
          ],
          "Plans": [
            {
              "Node Type": "Nested Loop",
              "Parent Relationship": "Outer",
              "Parallel Aware": false,
              "Async Capable": false,
              "Join Type": "Left",
              "Startup Cost": 2.65,
              "Total Cost": 24.71,
              "Plan Rows": 1,
              "Plan Width": 105,
              "Inner Unique": true,
              "Plans": [
                {
                  "Node Type": "Bitmap Heap Scan",
                  "Parent Relationship": "Outer",
                  "Parallel Aware": false,
                  "Async Capable": false,
                  "Relation Name": "stocks_daily_info",
                  "Alias": "sdi",
                  "Startup Cost": 2.36,
                  "Total Cost": 20.4,
                  "Plan Rows": 1,
                  "Plan Width": 68,
                  "Recheck Cond": "(event_date = '2023-08-13'::date)",
                  "Filter": "((market_cap >= '359400000000'::numeric) AND (market = 'KOSPI'::text))",
                  "Plans": [
                    {
                      "Node Type": "Bitmap Index Scan",
                      "Parent Relationship": "Outer",
                      "Parallel Aware": false,
                      "Async Capable": false,
                      "Index Name": "idx_sdi_event_date",
                      "Startup Cost": 0.0,
                      "Total Cost": 2.36,
                      "Plan Rows": 10,
                      "Plan Width": 0,
                      "Index Cond": "(event_date = '2023-08-13'::date)"
                    }
                  ]
                },
                {
                  "Node Type": "Index Scan",
                  "Parent Relationship": "Inner",
                  "Parallel Aware": false,
                  "Async Capable": false,
                  "Scan Direction": "Forward",
                  "Index Name": "fundamentals_daily_pkey",
                  "Relation Name": "fundamentals_daily",
                  "Alias": "fd",
                  "Startup Cost": 0.29,
                  "Total Cost": 4.3,
                  "Plan Rows": 1,
                  "Plan Width": 55,
                  "Index Cond": "((event_date = '2023-08-13'::date) AND (ticker = sdi.ticker))"
                }
              ]
            }
          ]
        }
      ]
    }
  },
  "db_statistics": {
    "table_stats": {
      "stocks_daily_info": {
        "row_count": 12700,
        "size_mb": 1.71
      },
      "fundamentals_daily": {
        "row_count": 12080,
        "size_mb": 2.33
      },
      "financials_quarterly": {
        "row_count": 8634,
        "size_mb": 0.8
      }
    },
    "existing_indexes": [
      "backtest_results_pkey",
      "community_posts_pkey",
      "financials_quarterly_pkey",
      "fundamentals_daily_pkey",
      "idx_finq_period_end",
      "idx_finq_ticker",
      "idx_fund_event_date",
      "idx_fund_ticker",
      "idx_sdi_event_date",
      "idx_sdi_ticker",
      "ix_backtest_results_strategy_id",
      "ix_community_posts_author_id",
      "ix_community_posts_strategy_id",
      "ix_ml_models_owner_id",
      "ix_strategies_owner_id",
      "ix_users_email",
      "ml_models_pkey",
      "stocks_daily_info_pkey",
      "strategies_pkey",
      "users_pkey"
    ]
  }
}
---
{
  "workload_id": 1240,
  "metadata": {
    "strategy_template": "ML Hybrid Style",
    "ml_model_used": "Return Forecast Model"
  },
  "sql_query": "SELECT fd.bps, fd.dividend_yield, fd.eps, fd.pbr, fd.per, sdi.close_price, sdi.company_name, sdi.ma_20d, sdi.market_cap, sdi.momentum_12m, sdi.momentum_3m, sdi.rsi_14, sdi.ticker, sdi.volatility_20d FROM stocks_daily_info sdi LEFT JOIN fundamentals_daily fd ON fd.ticker = sdi.ticker AND fd.event_date = sdi.event_date WHERE sdi.market = 'KOSDAQ' AND sdi.market_cap >= 61900000000 AND sdi.event_date = DATE '2023-05-26' ORDER BY CASE sdi.ticker WHEN '000660.KS' THEN 1 WHEN '005930.KS' THEN 2 WHEN '068270.KQ' THEN 3 WHEN '207940.KS' THEN 4 WHEN '035420.KS' THEN 5 WHEN '005380.KS' THEN 6 WHEN '051910.KS' THEN 7 WHEN '012330.KS' THEN 8 WHEN '035720.KS' THEN 9 WHEN '105560.KS' THEN 10 ELSE 11 END LIMIT 13;",
  "baseline_execution_plan": {
    "Plan": {
      "Node Type": "Limit",
      "Parallel Aware": false,
      "Async Capable": false,
      "Startup Cost": 24.75,
      "Total Cost": 24.75,
      "Plan Rows": 1,
      "Plan Width": 109,
      "Plans": [
        {
          "Node Type": "Sort",
          "Parent Relationship": "Outer",
          "Parallel Aware": false,
          "Async Capable": false,
          "Startup Cost": 24.75,
          "Total Cost": 24.75,
          "Plan Rows": 1,
          "Plan Width": 109,
          "Sort Key": [
            "(CASE sdi.ticker WHEN '000660.KS'::text THEN 1 WHEN '005930.KS'::text THEN 2 WHEN '068270.KQ'::text THEN 3 WHEN '207940.KS'::text THEN 4 WHEN '035420.KS'::text THEN 5 WHEN '005380.KS'::text THEN 6 WHEN '051910.KS'::text THEN 7 WHEN '012330.KS'::text THEN 8 WHEN '035720.KS'::text THEN 9 WHEN '105560.KS'::text THEN 10 ELSE 11 END)"
          ],
          "Plans": [
            {
              "Node Type": "Nested Loop",
              "Parent Relationship": "Outer",
              "Parallel Aware": false,
              "Async Capable": false,
              "Join Type": "Left",
              "Startup Cost": 2.65,
              "Total Cost": 24.74,
              "Plan Rows": 1,
              "Plan Width": 109,
              "Inner Unique": true,
              "Plans": [
                {
                  "Node Type": "Bitmap Heap Scan",
                  "Parent Relationship": "Outer",
                  "Parallel Aware": false,
                  "Async Capable": false,
                  "Relation Name": "stocks_daily_info",
                  "Alias": "sdi",
                  "Startup Cost": 2.36,
                  "Total Cost": 20.4,
                  "Plan Rows": 1,
                  "Plan Width": 68,
                  "Recheck Cond": "(event_date = '2023-05-26'::date)",
                  "Filter": "((market_cap >= '61900000000'::numeric) AND (market = 'KOSDAQ'::text))",
                  "Plans": [
                    {
                      "Node Type": "Bitmap Index Scan",
                      "Parent Relationship": "Outer",
                      "Parallel Aware": false,
                      "Async Capable": false,
                      "Index Name": "idx_sdi_event_date",
                      "Startup Cost": 0.0,
                      "Total Cost": 2.36,
                      "Plan Rows": 10,
                      "Plan Width": 0,
                      "Index Cond": "(event_date = '2023-05-26'::date)"
                    }
                  ]
                },
                {
                  "Node Type": "Index Scan",
                  "Parent Relationship": "Inner",
                  "Parallel Aware": false,
                  "Async Capable": false,
                  "Scan Direction": "Forward",
                  "Index Name": "fundamentals_daily_pkey",
                  "Relation Name": "fundamentals_daily",
                  "Alias": "fd",
                  "Startup Cost": 0.29,
                  "Total Cost": 4.3,
                  "Plan Rows": 1,
                  "Plan Width": 55,
                  "Index Cond": "((event_date = '2023-05-26'::date) AND (ticker = sdi.ticker))"
                }
              ]
            }
          ]
        }
      ]
    }
  },
  "db_statistics": {
    "table_stats": {
      "stocks_daily_info": {
        "row_count": 12700,
        "size_mb": 1.71
      },
      "fundamentals_daily": {
        "row_count": 12080,
        "size_mb": 2.33
      },
      "financials_quarterly": {
        "row_count": 8634,
        "size_mb": 0.8
      }
    },
    "existing_indexes": [
      "backtest_results_pkey",
      "community_posts_pkey",
      "financials_quarterly_pkey",
      "fundamentals_daily_pkey",
      "idx_finq_period_end",
      "idx_finq_ticker",
      "idx_fund_event_date",
      "idx_fund_ticker",
      "idx_sdi_event_date",
      "idx_sdi_ticker",
      "ix_backtest_results_strategy_id",
      "ix_community_posts_author_id",
      "ix_community_posts_strategy_id",
      "ix_ml_models_owner_id",
      "ix_strategies_owner_id",
      "ix_users_email",
      "ml_models_pkey",
      "stocks_daily_info_pkey",
      "strategies_pkey",
      "users_pkey"
    ]
  }
}
---
{
  "workload_id": 1241,
  "metadata": {
    "strategy_template": "ML Hybrid Style",
    "ml_model_used": "Return Forecast Model"
  },
  "sql_query": "SELECT sdi.close_price, sdi.company_name, sdi.ma_20d, sdi.market_cap, sdi.momentum_12m, sdi.momentum_3m, sdi.rsi_14, sdi.ticker, sdi.volatility_20d FROM stocks_daily_info sdi WHERE sdi.market = 'KOSDAQ' AND sdi.market_cap >= 179000000000 AND sdi.event_date = DATE '2023-08-02' ORDER BY CASE sdi.ticker WHEN '000660.KS' THEN 1 WHEN '005930.KS' THEN 2 WHEN '068270.KQ' THEN 3 WHEN '207940.KS' THEN 4 WHEN '035420.KS' THEN 5 WHEN '005380.KS' THEN 6 WHEN '051910.KS' THEN 7 WHEN '012330.KS' THEN 8 WHEN '035720.KS' THEN 9 WHEN '105560.KS' THEN 10 ELSE 11 END LIMIT 30;",
  "baseline_execution_plan": {
    "Plan": {
      "Node Type": "Limit",
      "Parallel Aware": false,
      "Async Capable": false,
      "Startup Cost": 20.43,
      "Total Cost": 20.44,
      "Plan Rows": 1,
      "Plan Width": 68,
      "Plans": [
        {
          "Node Type": "Sort",
          "Parent Relationship": "Outer",
          "Parallel Aware": false,
          "Async Capable": false,
          "Startup Cost": 20.43,
          "Total Cost": 20.44,
          "Plan Rows": 1,
          "Plan Width": 68,
          "Sort Key": [
            "(CASE ticker WHEN '000660.KS'::text THEN 1 WHEN '005930.KS'::text THEN 2 WHEN '068270.KQ'::text THEN 3 WHEN '207940.KS'::text THEN 4 WHEN '035420.KS'::text THEN 5 WHEN '005380.KS'::text THEN 6 WHEN '051910.KS'::text THEN 7 WHEN '012330.KS'::text THEN 8 WHEN '035720.KS'::text THEN 9 WHEN '105560.KS'::text THEN 10 ELSE 11 END)"
          ],
          "Plans": [
            {
              "Node Type": "Bitmap Heap Scan",
              "Parent Relationship": "Outer",
              "Parallel Aware": false,
              "Async Capable": false,
              "Relation Name": "stocks_daily_info",
              "Alias": "sdi",
              "Startup Cost": 2.36,
              "Total Cost": 20.42,
              "Plan Rows": 1,
              "Plan Width": 68,
              "Recheck Cond": "(event_date = '2023-08-02'::date)",
              "Filter": "((market_cap >= '179000000000'::numeric) AND (market = 'KOSDAQ'::text))",
              "Plans": [
                {
                  "Node Type": "Bitmap Index Scan",
                  "Parent Relationship": "Outer",
                  "Parallel Aware": false,
                  "Async Capable": false,
                  "Index Name": "idx_sdi_event_date",
                  "Startup Cost": 0.0,
                  "Total Cost": 2.36,
                  "Plan Rows": 10,
                  "Plan Width": 0,
                  "Index Cond": "(event_date = '2023-08-02'::date)"
                }
              ]
            }
          ]
        }
      ]
    }
  },
  "db_statistics": {
    "table_stats": {
      "stocks_daily_info": {
        "row_count": 12700,
        "size_mb": 1.71
      },
      "fundamentals_daily": {
        "row_count": 12080,
        "size_mb": 2.33
      },
      "financials_quarterly": {
        "row_count": 8634,
        "size_mb": 0.8
      }
    },
    "existing_indexes": [
      "backtest_results_pkey",
      "community_posts_pkey",
      "financials_quarterly_pkey",
      "fundamentals_daily_pkey",
      "idx_finq_period_end",
      "idx_finq_ticker",
      "idx_fund_event_date",
      "idx_fund_ticker",
      "idx_sdi_event_date",
      "idx_sdi_ticker",
      "ix_backtest_results_strategy_id",
      "ix_community_posts_author_id",
      "ix_community_posts_strategy_id",
      "ix_ml_models_owner_id",
      "ix_strategies_owner_id",
      "ix_users_email",
      "ml_models_pkey",
      "stocks_daily_info_pkey",
      "strategies_pkey",
      "users_pkey"
    ]
  }
}
---
{
  "workload_id": 1242,
  "metadata": {
    "strategy_template": "ML Hybrid Style",
    "ml_model_used": null
  },
  "sql_query": "SELECT sdi.close_price, sdi.company_name, sdi.ma_20d, sdi.market_cap, sdi.momentum_12m, sdi.momentum_3m, sdi.rsi_14, sdi.ticker, sdi.volatility_20d FROM stocks_daily_info sdi WHERE sdi.market = 'KOSPI' AND sdi.market_cap >= 301000000000 AND sdi.event_date = DATE '2023-06-10' ORDER BY sdi.market_cap DESC LIMIT 29;",
  "baseline_execution_plan": {
    "Plan": {
      "Node Type": "Limit",
      "Parallel Aware": false,
      "Async Capable": false,
      "Startup Cost": 20.41,
      "Total Cost": 20.41,
      "Plan Rows": 1,
      "Plan Width": 64,
      "Plans": [
        {
          "Node Type": "Sort",
          "Parent Relationship": "Outer",
          "Parallel Aware": false,
          "Async Capable": false,
          "Startup Cost": 20.41,
          "Total Cost": 20.41,
          "Plan Rows": 1,
          "Plan Width": 64,
          "Sort Key": [
            "market_cap DESC"
          ],
          "Plans": [
            {
              "Node Type": "Bitmap Heap Scan",
              "Parent Relationship": "Outer",
              "Parallel Aware": false,
              "Async Capable": false,
              "Relation Name": "stocks_daily_info",
              "Alias": "sdi",
              "Startup Cost": 2.36,
              "Total Cost": 20.4,
              "Plan Rows": 1,
              "Plan Width": 64,
              "Recheck Cond": "(event_date = '2023-06-10'::date)",
              "Filter": "((market_cap >= '301000000000'::numeric) AND (market = 'KOSPI'::text))",
              "Plans": [
                {
                  "Node Type": "Bitmap Index Scan",
                  "Parent Relationship": "Outer",
                  "Parallel Aware": false,
                  "Async Capable": false,
                  "Index Name": "idx_sdi_event_date",
                  "Startup Cost": 0.0,
                  "Total Cost": 2.36,
                  "Plan Rows": 10,
                  "Plan Width": 0,
                  "Index Cond": "(event_date = '2023-06-10'::date)"
                }
              ]
            }
          ]
        }
      ]
    }
  },
  "db_statistics": {
    "table_stats": {
      "stocks_daily_info": {
        "row_count": 12700,
        "size_mb": 1.71
      },
      "fundamentals_daily": {
        "row_count": 12080,
        "size_mb": 2.33
      },
      "financials_quarterly": {
        "row_count": 8634,
        "size_mb": 0.8
      }
    },
    "existing_indexes": [
      "backtest_results_pkey",
      "community_posts_pkey",
      "financials_quarterly_pkey",
      "fundamentals_daily_pkey",
      "idx_finq_period_end",
      "idx_finq_ticker",
      "idx_fund_event_date",
      "idx_fund_ticker",
      "idx_sdi_event_date",
      "idx_sdi_ticker",
      "ix_backtest_results_strategy_id",
      "ix_community_posts_author_id",
      "ix_community_posts_strategy_id",
      "ix_ml_models_owner_id",
      "ix_strategies_owner_id",
      "ix_users_email",
      "ml_models_pkey",
      "stocks_daily_info_pkey",
      "strategies_pkey",
      "users_pkey"
    ]
  }
}
---
{
  "workload_id": 1243,
  "metadata": {
    "strategy_template": "Value Investing Style",
    "ml_model_used": null
  },
  "sql_query": "SELECT ( SELECT COALESCE(SUM(value), 0) FROM ( SELECT value FROM financials_quarterly fq WHERE fq.ticker = sdi.ticker AND fq.item_name = 'OperatingCashFlow' AND fq.statement_type IN ('IS_Q','CF_Q') AND fq.period_end <= DATE '2023-06-21' ORDER BY fq.period_end DESC LIMIT 4 ) as recent_quarters ) AS ttm_operatingcashflow , fd.bps, fd.dividend_yield, fd.eps, fd.pbr, fd.per, sdi.close_price, sdi.company_name, sdi.ma_20d, sdi.market_cap, sdi.momentum_12m, sdi.momentum_3m, sdi.rsi_14, sdi.ticker, sdi.volatility_20d FROM stocks_daily_info sdi LEFT JOIN fundamentals_daily fd ON fd.ticker = sdi.ticker AND fd.event_date = sdi.event_date WHERE sdi.market = 'KOSPI' AND sdi.market_cap >= 221200000000 AND sdi.event_date = DATE '2023-06-21' ORDER BY fd.pbr asc, fd.per desc, fd.eps desc, fd.dividend_yield desc LIMIT 25;",
  "baseline_execution_plan": {
    "Plan": {
      "Node Type": "Limit",
      "Parallel Aware": false,
      "Async Capable": false,
      "Startup Cost": 24.72,
      "Total Cost": 29.02,
      "Plan Rows": 1,
      "Plan Width": 137,
      "Plans": [
        {
          "Node Type": "Result",
          "Parent Relationship": "Outer",
          "Parallel Aware": false,
          "Async Capable": false,
          "Startup Cost": 24.72,
          "Total Cost": 29.02,
          "Plan Rows": 1,
          "Plan Width": 137,
          "Plans": [
            {
              "Node Type": "Sort",
              "Parent Relationship": "Outer",
              "Parallel Aware": false,
              "Async Capable": false,
              "Startup Cost": 24.72,
              "Total Cost": 24.73,
              "Plan Rows": 1,
              "Plan Width": 105,
              "Sort Key": [
                "fd.pbr",
                "fd.per DESC",
                "fd.eps DESC",
                "fd.dividend_yield DESC"
              ],
              "Plans": [
                {
                  "Node Type": "Nested Loop",
                  "Parent Relationship": "Outer",
                  "Parallel Aware": false,
                  "Async Capable": false,
                  "Join Type": "Left",
                  "Startup Cost": 2.65,
                  "Total Cost": 24.71,
                  "Plan Rows": 1,
                  "Plan Width": 105,
                  "Inner Unique": true,
                  "Plans": [
                    {
                      "Node Type": "Bitmap Heap Scan",
                      "Parent Relationship": "Outer",
                      "Parallel Aware": false,
                      "Async Capable": false,
                      "Relation Name": "stocks_daily_info",
                      "Alias": "sdi",
                      "Startup Cost": 2.36,
                      "Total Cost": 20.4,
                      "Plan Rows": 1,
                      "Plan Width": 68,
                      "Recheck Cond": "(event_date = '2023-06-21'::date)",
                      "Filter": "((market_cap >= '221200000000'::numeric) AND (market = 'KOSPI'::text))",
                      "Plans": [
                        {
                          "Node Type": "Bitmap Index Scan",
                          "Parent Relationship": "Outer",
                          "Parallel Aware": false,
                          "Async Capable": false,
                          "Index Name": "idx_sdi_event_date",
                          "Startup Cost": 0.0,
                          "Total Cost": 2.36,
                          "Plan Rows": 10,
                          "Plan Width": 0,
                          "Index Cond": "(event_date = '2023-06-21'::date)"
                        }
                      ]
                    },
                    {
                      "Node Type": "Index Scan",
                      "Parent Relationship": "Inner",
                      "Parallel Aware": false,
                      "Async Capable": false,
                      "Scan Direction": "Forward",
                      "Index Name": "fundamentals_daily_pkey",
                      "Relation Name": "fundamentals_daily",
                      "Alias": "fd",
                      "Startup Cost": 0.29,
                      "Total Cost": 4.3,
                      "Plan Rows": 1,
                      "Plan Width": 55,
                      "Index Cond": "((event_date = '2023-06-21'::date) AND (ticker = sdi.ticker))"
                    }
                  ]
                }
              ]
            },
            {
              "Node Type": "Aggregate",
              "Strategy": "Plain",
              "Partial Mode": "Simple",
              "Parent Relationship": "SubPlan",
              "Subplan Name": "SubPlan 1",
              "Parallel Aware": false,
              "Async Capable": false,
              "Startup Cost": 4.27,
              "Total Cost": 4.28,
              "Plan Rows": 1,
              "Plan Width": 32,
              "Plans": [
                {
                  "Node Type": "Limit",
                  "Parent Relationship": "Outer",
                  "Parallel Aware": false,
                  "Async Capable": false,
                  "Startup Cost": 0.29,
                  "Total Cost": 4.25,
                  "Plan Rows": 1,
                  "Plan Width": 12,
                  "Plans": [
                    {
                      "Node Type": "Index Scan",
                      "Parent Relationship": "Outer",
                      "Parallel Aware": false,
                      "Async Capable": false,
                      "Scan Direction": "Backward",
                      "Index Name": "idx_finq_period_end",
                      "Relation Name": "financials_quarterly",
                      "Alias": "fq",
                      "Startup Cost": 0.29,
                      "Total Cost": 4.25,
                      "Plan Rows": 1,
                      "Plan Width": 12,
                      "Index Cond": "(period_end <= '2023-06-21'::date)",
                      "Filter": "((statement_type = ANY ('{IS_Q,CF_Q}'::text[])) AND (ticker = sdi.ticker) AND (item_name = 'OperatingCashFlow'::text))"
                    }
                  ]
                }
              ]
            }
          ]
        }
      ]
    }
  },
  "db_statistics": {
    "table_stats": {
      "stocks_daily_info": {
        "row_count": 12700,
        "size_mb": 1.71
      },
      "fundamentals_daily": {
        "row_count": 12080,
        "size_mb": 2.33
      },
      "financials_quarterly": {
        "row_count": 8634,
        "size_mb": 0.8
      }
    },
    "existing_indexes": [
      "backtest_results_pkey",
      "community_posts_pkey",
      "financials_quarterly_pkey",
      "fundamentals_daily_pkey",
      "idx_finq_period_end",
      "idx_finq_ticker",
      "idx_fund_event_date",
      "idx_fund_ticker",
      "idx_sdi_event_date",
      "idx_sdi_ticker",
      "ix_backtest_results_strategy_id",
      "ix_community_posts_author_id",
      "ix_community_posts_strategy_id",
      "ix_ml_models_owner_id",
      "ix_strategies_owner_id",
      "ix_users_email",
      "ml_models_pkey",
      "stocks_daily_info_pkey",
      "strategies_pkey",
      "users_pkey"
    ]
  }
}
---
{
  "workload_id": 1244,
  "metadata": {
    "strategy_template": "ML Hybrid Style",
    "ml_model_used": "Return Forecast Model"
  },
  "sql_query": "SELECT sdi.close_price, sdi.company_name, sdi.ma_20d, sdi.market_cap, sdi.momentum_12m, sdi.momentum_3m, sdi.rsi_14, sdi.ticker, sdi.volatility_20d FROM stocks_daily_info sdi WHERE sdi.market = 'KOSDAQ' AND sdi.market_cap >= 443200000000 AND sdi.event_date = DATE '2023-10-05' ORDER BY CASE sdi.ticker WHEN '000660.KS' THEN 1 WHEN '005930.KS' THEN 2 WHEN '068270.KQ' THEN 3 WHEN '207940.KS' THEN 4 WHEN '035420.KS' THEN 5 WHEN '005380.KS' THEN 6 WHEN '051910.KS' THEN 7 WHEN '012330.KS' THEN 8 WHEN '035720.KS' THEN 9 WHEN '105560.KS' THEN 10 ELSE 11 END LIMIT 14;",
  "baseline_execution_plan": {
    "Plan": {
      "Node Type": "Limit",
      "Parallel Aware": false,
      "Async Capable": false,
      "Startup Cost": 20.43,
      "Total Cost": 20.44,
      "Plan Rows": 1,
      "Plan Width": 68,
      "Plans": [
        {
          "Node Type": "Sort",
          "Parent Relationship": "Outer",
          "Parallel Aware": false,
          "Async Capable": false,
          "Startup Cost": 20.43,
          "Total Cost": 20.44,
          "Plan Rows": 1,
          "Plan Width": 68,
          "Sort Key": [
            "(CASE ticker WHEN '000660.KS'::text THEN 1 WHEN '005930.KS'::text THEN 2 WHEN '068270.KQ'::text THEN 3 WHEN '207940.KS'::text THEN 4 WHEN '035420.KS'::text THEN 5 WHEN '005380.KS'::text THEN 6 WHEN '051910.KS'::text THEN 7 WHEN '012330.KS'::text THEN 8 WHEN '035720.KS'::text THEN 9 WHEN '105560.KS'::text THEN 10 ELSE 11 END)"
          ],
          "Plans": [
            {
              "Node Type": "Bitmap Heap Scan",
              "Parent Relationship": "Outer",
              "Parallel Aware": false,
              "Async Capable": false,
              "Relation Name": "stocks_daily_info",
              "Alias": "sdi",
              "Startup Cost": 2.36,
              "Total Cost": 20.42,
              "Plan Rows": 1,
              "Plan Width": 68,
              "Recheck Cond": "(event_date = '2023-10-05'::date)",
              "Filter": "((market_cap >= '443200000000'::numeric) AND (market = 'KOSDAQ'::text))",
              "Plans": [
                {
                  "Node Type": "Bitmap Index Scan",
                  "Parent Relationship": "Outer",
                  "Parallel Aware": false,
                  "Async Capable": false,
                  "Index Name": "idx_sdi_event_date",
                  "Startup Cost": 0.0,
                  "Total Cost": 2.36,
                  "Plan Rows": 10,
                  "Plan Width": 0,
                  "Index Cond": "(event_date = '2023-10-05'::date)"
                }
              ]
            }
          ]
        }
      ]
    }
  },
  "db_statistics": {
    "table_stats": {
      "stocks_daily_info": {
        "row_count": 12700,
        "size_mb": 1.71
      },
      "fundamentals_daily": {
        "row_count": 12080,
        "size_mb": 2.33
      },
      "financials_quarterly": {
        "row_count": 8634,
        "size_mb": 0.8
      }
    },
    "existing_indexes": [
      "backtest_results_pkey",
      "community_posts_pkey",
      "financials_quarterly_pkey",
      "fundamentals_daily_pkey",
      "idx_finq_period_end",
      "idx_finq_ticker",
      "idx_fund_event_date",
      "idx_fund_ticker",
      "idx_sdi_event_date",
      "idx_sdi_ticker",
      "ix_backtest_results_strategy_id",
      "ix_community_posts_author_id",
      "ix_community_posts_strategy_id",
      "ix_ml_models_owner_id",
      "ix_strategies_owner_id",
      "ix_users_email",
      "ml_models_pkey",
      "stocks_daily_info_pkey",
      "strategies_pkey",
      "users_pkey"
    ]
  }
}
---
{
  "workload_id": 1245,
  "metadata": {
    "strategy_template": "Value Investing Style",
    "ml_model_used": null
  },
  "sql_query": "SELECT ( SELECT COALESCE(SUM(value), 0) FROM ( SELECT value FROM financials_quarterly fq WHERE fq.ticker = sdi.ticker AND fq.item_name = 'NetIncome' AND fq.statement_type IN ('IS_Q','CF_Q') AND fq.period_end <= DATE '2023-10-05' ORDER BY fq.period_end DESC LIMIT 4 ) as recent_quarters ) AS ttm_netincome , fd.bps, fd.dividend_yield, fd.eps, fd.pbr, fd.per, sdi.close_price, sdi.company_name, sdi.ma_20d, sdi.market_cap, sdi.momentum_12m, sdi.momentum_3m, sdi.rsi_14, sdi.ticker, sdi.volatility_20d FROM stocks_daily_info sdi LEFT JOIN fundamentals_daily fd ON fd.ticker = sdi.ticker AND fd.event_date = sdi.event_date WHERE sdi.market = 'KOSDAQ' AND sdi.market_cap >= 173900000000 AND sdi.event_date = DATE '2023-10-05' ORDER BY fd.pbr asc, fd.per asc, fd.eps desc, fd.dividend_yield desc LIMIT 10;",
  "baseline_execution_plan": {
    "Plan": {
      "Node Type": "Limit",
      "Parallel Aware": false,
      "Async Capable": false,
      "Startup Cost": 24.72,
      "Total Cost": 29.02,
      "Plan Rows": 1,
      "Plan Width": 137,
      "Plans": [
        {
          "Node Type": "Result",
          "Parent Relationship": "Outer",
          "Parallel Aware": false,
          "Async Capable": false,
          "Startup Cost": 24.72,
          "Total Cost": 29.02,
          "Plan Rows": 1,
          "Plan Width": 137,
          "Plans": [
            {
              "Node Type": "Sort",
              "Parent Relationship": "Outer",
              "Parallel Aware": false,
              "Async Capable": false,
              "Startup Cost": 24.72,
              "Total Cost": 24.73,
              "Plan Rows": 1,
              "Plan Width": 105,
              "Sort Key": [
                "fd.pbr",
                "fd.per",
                "fd.eps DESC",
                "fd.dividend_yield DESC"
              ],
              "Plans": [
                {
                  "Node Type": "Nested Loop",
                  "Parent Relationship": "Outer",
                  "Parallel Aware": false,
                  "Async Capable": false,
                  "Join Type": "Left",
                  "Startup Cost": 2.65,
                  "Total Cost": 24.71,
                  "Plan Rows": 1,
                  "Plan Width": 105,
                  "Inner Unique": true,
                  "Plans": [
                    {
                      "Node Type": "Bitmap Heap Scan",
                      "Parent Relationship": "Outer",
                      "Parallel Aware": false,
                      "Async Capable": false,
                      "Relation Name": "stocks_daily_info",
                      "Alias": "sdi",
                      "Startup Cost": 2.36,
                      "Total Cost": 20.4,
                      "Plan Rows": 1,
                      "Plan Width": 68,
                      "Recheck Cond": "(event_date = '2023-10-05'::date)",
                      "Filter": "((market_cap >= '173900000000'::numeric) AND (market = 'KOSDAQ'::text))",
                      "Plans": [
                        {
                          "Node Type": "Bitmap Index Scan",
                          "Parent Relationship": "Outer",
                          "Parallel Aware": false,
                          "Async Capable": false,
                          "Index Name": "idx_sdi_event_date",
                          "Startup Cost": 0.0,
                          "Total Cost": 2.36,
                          "Plan Rows": 10,
                          "Plan Width": 0,
                          "Index Cond": "(event_date = '2023-10-05'::date)"
                        }
                      ]
                    },
                    {
                      "Node Type": "Index Scan",
                      "Parent Relationship": "Inner",
                      "Parallel Aware": false,
                      "Async Capable": false,
                      "Scan Direction": "Forward",
                      "Index Name": "fundamentals_daily_pkey",
                      "Relation Name": "fundamentals_daily",
                      "Alias": "fd",
                      "Startup Cost": 0.29,
                      "Total Cost": 4.3,
                      "Plan Rows": 1,
                      "Plan Width": 55,
                      "Index Cond": "((event_date = '2023-10-05'::date) AND (ticker = sdi.ticker))"
                    }
                  ]
                }
              ]
            },
            {
              "Node Type": "Aggregate",
              "Strategy": "Plain",
              "Partial Mode": "Simple",
              "Parent Relationship": "SubPlan",
              "Subplan Name": "SubPlan 1",
              "Parallel Aware": false,
              "Async Capable": false,
              "Startup Cost": 4.27,
              "Total Cost": 4.28,
              "Plan Rows": 1,
              "Plan Width": 32,
              "Plans": [
                {
                  "Node Type": "Limit",
                  "Parent Relationship": "Outer",
                  "Parallel Aware": false,
                  "Async Capable": false,
                  "Startup Cost": 0.29,
                  "Total Cost": 4.25,
                  "Plan Rows": 1,
                  "Plan Width": 12,
                  "Plans": [
                    {
                      "Node Type": "Index Scan",
                      "Parent Relationship": "Outer",
                      "Parallel Aware": false,
                      "Async Capable": false,
                      "Scan Direction": "Backward",
                      "Index Name": "idx_finq_period_end",
                      "Relation Name": "financials_quarterly",
                      "Alias": "fq",
                      "Startup Cost": 0.29,
                      "Total Cost": 4.25,
                      "Plan Rows": 1,
                      "Plan Width": 12,
                      "Index Cond": "(period_end <= '2023-10-05'::date)",
                      "Filter": "((statement_type = ANY ('{IS_Q,CF_Q}'::text[])) AND (ticker = sdi.ticker) AND (item_name = 'NetIncome'::text))"
                    }
                  ]
                }
              ]
            }
          ]
        }
      ]
    }
  },
  "db_statistics": {
    "table_stats": {
      "stocks_daily_info": {
        "row_count": 12700,
        "size_mb": 1.71
      },
      "fundamentals_daily": {
        "row_count": 12080,
        "size_mb": 2.33
      },
      "financials_quarterly": {
        "row_count": 8634,
        "size_mb": 0.8
      }
    },
    "existing_indexes": [
      "backtest_results_pkey",
      "community_posts_pkey",
      "financials_quarterly_pkey",
      "fundamentals_daily_pkey",
      "idx_finq_period_end",
      "idx_finq_ticker",
      "idx_fund_event_date",
      "idx_fund_ticker",
      "idx_sdi_event_date",
      "idx_sdi_ticker",
      "ix_backtest_results_strategy_id",
      "ix_community_posts_author_id",
      "ix_community_posts_strategy_id",
      "ix_ml_models_owner_id",
      "ix_strategies_owner_id",
      "ix_users_email",
      "ml_models_pkey",
      "stocks_daily_info_pkey",
      "strategies_pkey",
      "users_pkey"
    ]
  }
}
---
{
  "workload_id": 1246,
  "metadata": {
    "strategy_template": "Momentum Investing Style",
    "ml_model_used": null
  },
  "sql_query": "SELECT sdi.close_price, sdi.company_name, sdi.ma_20d, sdi.market_cap, sdi.momentum_12m, sdi.momentum_3m, sdi.rsi_14, sdi.ticker, sdi.volatility_20d FROM stocks_daily_info sdi WHERE sdi.market = 'KOSPI' AND sdi.market_cap >= 153200000000 AND sdi.event_date = DATE '2023-05-10' ORDER BY sdi.momentum_3m desc, sdi.momentum_12m asc LIMIT 24;",
  "baseline_execution_plan": {
    "Plan": {
      "Node Type": "Limit",
      "Parallel Aware": false,
      "Async Capable": false,
      "Startup Cost": 20.41,
      "Total Cost": 20.41,
      "Plan Rows": 1,
      "Plan Width": 64,
      "Plans": [
        {
          "Node Type": "Sort",
          "Parent Relationship": "Outer",
          "Parallel Aware": false,
          "Async Capable": false,
          "Startup Cost": 20.41,
          "Total Cost": 20.41,
          "Plan Rows": 1,
          "Plan Width": 64,
          "Sort Key": [
            "momentum_3m DESC",
            "momentum_12m"
          ],
          "Plans": [
            {
              "Node Type": "Bitmap Heap Scan",
              "Parent Relationship": "Outer",
              "Parallel Aware": false,
              "Async Capable": false,
              "Relation Name": "stocks_daily_info",
              "Alias": "sdi",
              "Startup Cost": 2.36,
              "Total Cost": 20.4,
              "Plan Rows": 1,
              "Plan Width": 64,
              "Recheck Cond": "(event_date = '2023-05-10'::date)",
              "Filter": "((market_cap >= '153200000000'::numeric) AND (market = 'KOSPI'::text))",
              "Plans": [
                {
                  "Node Type": "Bitmap Index Scan",
                  "Parent Relationship": "Outer",
                  "Parallel Aware": false,
                  "Async Capable": false,
                  "Index Name": "idx_sdi_event_date",
                  "Startup Cost": 0.0,
                  "Total Cost": 2.36,
                  "Plan Rows": 10,
                  "Plan Width": 0,
                  "Index Cond": "(event_date = '2023-05-10'::date)"
                }
              ]
            }
          ]
        }
      ]
    }
  },
  "db_statistics": {
    "table_stats": {
      "stocks_daily_info": {
        "row_count": 12700,
        "size_mb": 1.71
      },
      "fundamentals_daily": {
        "row_count": 12080,
        "size_mb": 2.33
      },
      "financials_quarterly": {
        "row_count": 8634,
        "size_mb": 0.8
      }
    },
    "existing_indexes": [
      "backtest_results_pkey",
      "community_posts_pkey",
      "financials_quarterly_pkey",
      "fundamentals_daily_pkey",
      "idx_finq_period_end",
      "idx_finq_ticker",
      "idx_fund_event_date",
      "idx_fund_ticker",
      "idx_sdi_event_date",
      "idx_sdi_ticker",
      "ix_backtest_results_strategy_id",
      "ix_community_posts_author_id",
      "ix_community_posts_strategy_id",
      "ix_ml_models_owner_id",
      "ix_strategies_owner_id",
      "ix_users_email",
      "ml_models_pkey",
      "stocks_daily_info_pkey",
      "strategies_pkey",
      "users_pkey"
    ]
  }
}
---
{
  "workload_id": 1247,
  "metadata": {
    "strategy_template": "Value Investing Style",
    "ml_model_used": null
  },
  "sql_query": "SELECT fd.bps, fd.dividend_yield, fd.eps, fd.pbr, fd.per, sdi.close_price, sdi.company_name, sdi.ma_20d, sdi.market_cap, sdi.momentum_12m, sdi.momentum_3m, sdi.rsi_14, sdi.ticker, sdi.volatility_20d FROM stocks_daily_info sdi LEFT JOIN fundamentals_daily fd ON fd.ticker = sdi.ticker AND fd.event_date = sdi.event_date WHERE sdi.market = 'KOSDAQ' AND sdi.market_cap >= 499100000000 AND sdi.event_date = DATE '2023-09-29' ORDER BY fd.pbr asc, fd.per asc, fd.dividend_yield desc LIMIT 40;",
  "baseline_execution_plan": {
    "Plan": {
      "Node Type": "Limit",
      "Parallel Aware": false,
      "Async Capable": false,
      "Startup Cost": 24.72,
      "Total Cost": 24.73,
      "Plan Rows": 1,
      "Plan Width": 105,
      "Plans": [
        {
          "Node Type": "Sort",
          "Parent Relationship": "Outer",
          "Parallel Aware": false,
          "Async Capable": false,
          "Startup Cost": 24.72,
          "Total Cost": 24.73,
          "Plan Rows": 1,
          "Plan Width": 105,
          "Sort Key": [
            "fd.pbr",
            "fd.per",
            "fd.dividend_yield DESC"
          ],
          "Plans": [
            {
              "Node Type": "Nested Loop",
              "Parent Relationship": "Outer",
              "Parallel Aware": false,
              "Async Capable": false,
              "Join Type": "Left",
              "Startup Cost": 2.65,
              "Total Cost": 24.71,
              "Plan Rows": 1,
              "Plan Width": 105,
              "Inner Unique": true,
              "Plans": [
                {
                  "Node Type": "Bitmap Heap Scan",
                  "Parent Relationship": "Outer",
                  "Parallel Aware": false,
                  "Async Capable": false,
                  "Relation Name": "stocks_daily_info",
                  "Alias": "sdi",
                  "Startup Cost": 2.36,
                  "Total Cost": 20.4,
                  "Plan Rows": 1,
                  "Plan Width": 68,
                  "Recheck Cond": "(event_date = '2023-09-29'::date)",
                  "Filter": "((market_cap >= '499100000000'::numeric) AND (market = 'KOSDAQ'::text))",
                  "Plans": [
                    {
                      "Node Type": "Bitmap Index Scan",
                      "Parent Relationship": "Outer",
                      "Parallel Aware": false,
                      "Async Capable": false,
                      "Index Name": "idx_sdi_event_date",
                      "Startup Cost": 0.0,
                      "Total Cost": 2.36,
                      "Plan Rows": 10,
                      "Plan Width": 0,
                      "Index Cond": "(event_date = '2023-09-29'::date)"
                    }
                  ]
                },
                {
                  "Node Type": "Index Scan",
                  "Parent Relationship": "Inner",
                  "Parallel Aware": false,
                  "Async Capable": false,
                  "Scan Direction": "Forward",
                  "Index Name": "fundamentals_daily_pkey",
                  "Relation Name": "fundamentals_daily",
                  "Alias": "fd",
                  "Startup Cost": 0.29,
                  "Total Cost": 4.3,
                  "Plan Rows": 1,
                  "Plan Width": 55,
                  "Index Cond": "((event_date = '2023-09-29'::date) AND (ticker = sdi.ticker))"
                }
              ]
            }
          ]
        }
      ]
    }
  },
  "db_statistics": {
    "table_stats": {
      "stocks_daily_info": {
        "row_count": 12700,
        "size_mb": 1.71
      },
      "fundamentals_daily": {
        "row_count": 12080,
        "size_mb": 2.33
      },
      "financials_quarterly": {
        "row_count": 8634,
        "size_mb": 0.8
      }
    },
    "existing_indexes": [
      "backtest_results_pkey",
      "community_posts_pkey",
      "financials_quarterly_pkey",
      "fundamentals_daily_pkey",
      "idx_finq_period_end",
      "idx_finq_ticker",
      "idx_fund_event_date",
      "idx_fund_ticker",
      "idx_sdi_event_date",
      "idx_sdi_ticker",
      "ix_backtest_results_strategy_id",
      "ix_community_posts_author_id",
      "ix_community_posts_strategy_id",
      "ix_ml_models_owner_id",
      "ix_strategies_owner_id",
      "ix_users_email",
      "ml_models_pkey",
      "stocks_daily_info_pkey",
      "strategies_pkey",
      "users_pkey"
    ]
  }
}
---
{
  "workload_id": 1248,
  "metadata": {
    "strategy_template": "ML Hybrid Style",
    "ml_model_used": null
  },
  "sql_query": "SELECT ( SELECT COALESCE(SUM(value), 0) FROM ( SELECT value FROM financials_quarterly fq WHERE fq.ticker = sdi.ticker AND fq.item_name = 'OperatingIncome' AND fq.statement_type IN ('IS_Q','CF_Q') AND fq.period_end <= DATE '2023-09-28' ORDER BY fq.period_end DESC LIMIT 4 ) as recent_quarters ) AS ttm_operatingincome , sdi.close_price, sdi.company_name, sdi.ma_20d, sdi.market_cap, sdi.momentum_12m, sdi.momentum_3m, sdi.rsi_14, sdi.ticker, sdi.volatility_20d FROM stocks_daily_info sdi WHERE sdi.market = 'KOSPI' AND sdi.market_cap >= 480500000000 AND sdi.event_date = DATE '2023-09-28' ORDER BY sdi.volatility_20d asc LIMIT 20;",
  "baseline_execution_plan": {
    "Plan": {
      "Node Type": "Limit",
      "Parallel Aware": false,
      "Async Capable": false,
      "Startup Cost": 20.41,
      "Total Cost": 24.7,
      "Plan Rows": 1,
      "Plan Width": 96,
      "Plans": [
        {
          "Node Type": "Result",
          "Parent Relationship": "Outer",
          "Parallel Aware": false,
          "Async Capable": false,
          "Startup Cost": 20.41,
          "Total Cost": 24.7,
          "Plan Rows": 1,
          "Plan Width": 96,
          "Plans": [
            {
              "Node Type": "Sort",
              "Parent Relationship": "Outer",
              "Parallel Aware": false,
              "Async Capable": false,
              "Startup Cost": 20.41,
              "Total Cost": 20.41,
              "Plan Rows": 1,
              "Plan Width": 64,
              "Sort Key": [
                "sdi.volatility_20d"
              ],
              "Plans": [
                {
                  "Node Type": "Bitmap Heap Scan",
                  "Parent Relationship": "Outer",
                  "Parallel Aware": false,
                  "Async Capable": false,
                  "Relation Name": "stocks_daily_info",
                  "Alias": "sdi",
                  "Startup Cost": 2.36,
                  "Total Cost": 20.4,
                  "Plan Rows": 1,
                  "Plan Width": 64,
                  "Recheck Cond": "(event_date = '2023-09-28'::date)",
                  "Filter": "((market_cap >= '480500000000'::numeric) AND (market = 'KOSPI'::text))",
                  "Plans": [
                    {
                      "Node Type": "Bitmap Index Scan",
                      "Parent Relationship": "Outer",
                      "Parallel Aware": false,
                      "Async Capable": false,
                      "Index Name": "idx_sdi_event_date",
                      "Startup Cost": 0.0,
                      "Total Cost": 2.36,
                      "Plan Rows": 10,
                      "Plan Width": 0,
                      "Index Cond": "(event_date = '2023-09-28'::date)"
                    }
                  ]
                }
              ]
            },
            {
              "Node Type": "Aggregate",
              "Strategy": "Plain",
              "Partial Mode": "Simple",
              "Parent Relationship": "SubPlan",
              "Subplan Name": "SubPlan 1",
              "Parallel Aware": false,
              "Async Capable": false,
              "Startup Cost": 4.27,
              "Total Cost": 4.28,
              "Plan Rows": 1,
              "Plan Width": 32,
              "Plans": [
                {
                  "Node Type": "Limit",
                  "Parent Relationship": "Outer",
                  "Parallel Aware": false,
                  "Async Capable": false,
                  "Startup Cost": 0.29,
                  "Total Cost": 4.25,
                  "Plan Rows": 1,
                  "Plan Width": 12,
                  "Plans": [
                    {
                      "Node Type": "Index Scan",
                      "Parent Relationship": "Outer",
                      "Parallel Aware": false,
                      "Async Capable": false,
                      "Scan Direction": "Backward",
                      "Index Name": "idx_finq_period_end",
                      "Relation Name": "financials_quarterly",
                      "Alias": "fq",
                      "Startup Cost": 0.29,
                      "Total Cost": 4.25,
                      "Plan Rows": 1,
                      "Plan Width": 12,
                      "Index Cond": "(period_end <= '2023-09-28'::date)",
                      "Filter": "((statement_type = ANY ('{IS_Q,CF_Q}'::text[])) AND (ticker = sdi.ticker) AND (item_name = 'OperatingIncome'::text))"
                    }
                  ]
                }
              ]
            }
          ]
        }
      ]
    }
  },
  "db_statistics": {
    "table_stats": {
      "stocks_daily_info": {
        "row_count": 12700,
        "size_mb": 1.71
      },
      "fundamentals_daily": {
        "row_count": 12080,
        "size_mb": 2.33
      },
      "financials_quarterly": {
        "row_count": 8634,
        "size_mb": 0.8
      }
    },
    "existing_indexes": [
      "backtest_results_pkey",
      "community_posts_pkey",
      "financials_quarterly_pkey",
      "fundamentals_daily_pkey",
      "idx_finq_period_end",
      "idx_finq_ticker",
      "idx_fund_event_date",
      "idx_fund_ticker",
      "idx_sdi_event_date",
      "idx_sdi_ticker",
      "ix_backtest_results_strategy_id",
      "ix_community_posts_author_id",
      "ix_community_posts_strategy_id",
      "ix_ml_models_owner_id",
      "ix_strategies_owner_id",
      "ix_users_email",
      "ml_models_pkey",
      "stocks_daily_info_pkey",
      "strategies_pkey",
      "users_pkey"
    ]
  }
}
---
{
  "workload_id": 1249,
  "metadata": {
    "strategy_template": "ML Hybrid Style",
    "ml_model_used": null
  },
  "sql_query": "SELECT ( SELECT COALESCE(SUM(value), 0) FROM ( SELECT value FROM financials_quarterly fq WHERE fq.ticker = sdi.ticker AND fq.item_name = 'OperatingCashFlow' AND fq.statement_type IN ('IS_Q','CF_Q') AND fq.period_end <= DATE '2023-10-21' ORDER BY fq.period_end DESC LIMIT 4 ) as recent_quarters ) AS ttm_operatingcashflow , sdi.close_price, sdi.company_name, sdi.ma_20d, sdi.market_cap, sdi.momentum_12m, sdi.momentum_3m, sdi.rsi_14, sdi.ticker, sdi.volatility_20d FROM stocks_daily_info sdi WHERE sdi.market = 'KOSPI' AND sdi.market_cap >= 377000000000 AND sdi.event_date = DATE '2023-10-21' ORDER BY sdi.rsi_14 asc, sdi.momentum_3m asc LIMIT 15;",
  "baseline_execution_plan": {
    "Plan": {
      "Node Type": "Limit",
      "Parallel Aware": false,
      "Async Capable": false,
      "Startup Cost": 20.41,
      "Total Cost": 24.7,
      "Plan Rows": 1,
      "Plan Width": 96,
      "Plans": [
        {
          "Node Type": "Result",
          "Parent Relationship": "Outer",
          "Parallel Aware": false,
          "Async Capable": false,
          "Startup Cost": 20.41,
          "Total Cost": 24.7,
          "Plan Rows": 1,
          "Plan Width": 96,
          "Plans": [
            {
              "Node Type": "Sort",
              "Parent Relationship": "Outer",
              "Parallel Aware": false,
              "Async Capable": false,
              "Startup Cost": 20.41,
              "Total Cost": 20.41,
              "Plan Rows": 1,
              "Plan Width": 64,
              "Sort Key": [
                "sdi.rsi_14",
                "sdi.momentum_3m"
              ],
              "Plans": [
                {
                  "Node Type": "Bitmap Heap Scan",
                  "Parent Relationship": "Outer",
                  "Parallel Aware": false,
                  "Async Capable": false,
                  "Relation Name": "stocks_daily_info",
                  "Alias": "sdi",
                  "Startup Cost": 2.36,
                  "Total Cost": 20.4,
                  "Plan Rows": 1,
                  "Plan Width": 64,
                  "Recheck Cond": "(event_date = '2023-10-21'::date)",
                  "Filter": "((market_cap >= '377000000000'::numeric) AND (market = 'KOSPI'::text))",
                  "Plans": [
                    {
                      "Node Type": "Bitmap Index Scan",
                      "Parent Relationship": "Outer",
                      "Parallel Aware": false,
                      "Async Capable": false,
                      "Index Name": "idx_sdi_event_date",
                      "Startup Cost": 0.0,
                      "Total Cost": 2.36,
                      "Plan Rows": 10,
                      "Plan Width": 0,
                      "Index Cond": "(event_date = '2023-10-21'::date)"
                    }
                  ]
                }
              ]
            },
            {
              "Node Type": "Aggregate",
              "Strategy": "Plain",
              "Partial Mode": "Simple",
              "Parent Relationship": "SubPlan",
              "Subplan Name": "SubPlan 1",
              "Parallel Aware": false,
              "Async Capable": false,
              "Startup Cost": 4.27,
              "Total Cost": 4.28,
              "Plan Rows": 1,
              "Plan Width": 32,
              "Plans": [
                {
                  "Node Type": "Limit",
                  "Parent Relationship": "Outer",
                  "Parallel Aware": false,
                  "Async Capable": false,
                  "Startup Cost": 0.29,
                  "Total Cost": 4.25,
                  "Plan Rows": 1,
                  "Plan Width": 12,
                  "Plans": [
                    {
                      "Node Type": "Index Scan",
                      "Parent Relationship": "Outer",
                      "Parallel Aware": false,
                      "Async Capable": false,
                      "Scan Direction": "Backward",
                      "Index Name": "idx_finq_period_end",
                      "Relation Name": "financials_quarterly",
                      "Alias": "fq",
                      "Startup Cost": 0.29,
                      "Total Cost": 4.25,
                      "Plan Rows": 1,
                      "Plan Width": 12,
                      "Index Cond": "(period_end <= '2023-10-21'::date)",
                      "Filter": "((statement_type = ANY ('{IS_Q,CF_Q}'::text[])) AND (ticker = sdi.ticker) AND (item_name = 'OperatingCashFlow'::text))"
                    }
                  ]
                }
              ]
            }
          ]
        }
      ]
    }
  },
  "db_statistics": {
    "table_stats": {
      "stocks_daily_info": {
        "row_count": 12700,
        "size_mb": 1.71
      },
      "fundamentals_daily": {
        "row_count": 12080,
        "size_mb": 2.33
      },
      "financials_quarterly": {
        "row_count": 8634,
        "size_mb": 0.8
      }
    },
    "existing_indexes": [
      "backtest_results_pkey",
      "community_posts_pkey",
      "financials_quarterly_pkey",
      "fundamentals_daily_pkey",
      "idx_finq_period_end",
      "idx_finq_ticker",
      "idx_fund_event_date",
      "idx_fund_ticker",
      "idx_sdi_event_date",
      "idx_sdi_ticker",
      "ix_backtest_results_strategy_id",
      "ix_community_posts_author_id",
      "ix_community_posts_strategy_id",
      "ix_ml_models_owner_id",
      "ix_strategies_owner_id",
      "ix_users_email",
      "ml_models_pkey",
      "stocks_daily_info_pkey",
      "strategies_pkey",
      "users_pkey"
    ]
  }
}
---
{
  "workload_id": 1250,
  "metadata": {
    "strategy_template": "Momentum Investing Style",
    "ml_model_used": null
  },
  "sql_query": "SELECT ( SELECT COALESCE(SUM(value), 0) FROM ( SELECT value FROM financials_quarterly fq WHERE fq.ticker = sdi.ticker AND fq.item_name = 'OperatingCashFlow' AND fq.statement_type IN ('IS_Q','CF_Q') AND fq.period_end <= DATE '2023-08-06' ORDER BY fq.period_end DESC LIMIT 4 ) as recent_quarters ) AS ttm_operatingcashflow , sdi.close_price, sdi.company_name, sdi.ma_20d, sdi.market_cap, sdi.momentum_12m, sdi.momentum_3m, sdi.rsi_14, sdi.ticker, sdi.volatility_20d FROM stocks_daily_info sdi WHERE sdi.market = 'KOSPI' AND sdi.market_cap >= 128300000000 AND sdi.event_date = DATE '2023-08-06' ORDER BY sdi.momentum_3m desc, sdi.momentum_12m desc, sdi.volatility_20d desc LIMIT 19;",
  "baseline_execution_plan": {
    "Plan": {
      "Node Type": "Limit",
      "Parallel Aware": false,
      "Async Capable": false,
      "Startup Cost": 20.41,
      "Total Cost": 24.7,
      "Plan Rows": 1,
      "Plan Width": 96,
      "Plans": [
        {
          "Node Type": "Result",
          "Parent Relationship": "Outer",
          "Parallel Aware": false,
          "Async Capable": false,
          "Startup Cost": 20.41,
          "Total Cost": 24.7,
          "Plan Rows": 1,
          "Plan Width": 96,
          "Plans": [
            {
              "Node Type": "Sort",
              "Parent Relationship": "Outer",
              "Parallel Aware": false,
              "Async Capable": false,
              "Startup Cost": 20.41,
              "Total Cost": 20.41,
              "Plan Rows": 1,
              "Plan Width": 64,
              "Sort Key": [
                "sdi.momentum_3m DESC",
                "sdi.momentum_12m DESC",
                "sdi.volatility_20d DESC"
              ],
              "Plans": [
                {
                  "Node Type": "Bitmap Heap Scan",
                  "Parent Relationship": "Outer",
                  "Parallel Aware": false,
                  "Async Capable": false,
                  "Relation Name": "stocks_daily_info",
                  "Alias": "sdi",
                  "Startup Cost": 2.36,
                  "Total Cost": 20.4,
                  "Plan Rows": 1,
                  "Plan Width": 64,
                  "Recheck Cond": "(event_date = '2023-08-06'::date)",
                  "Filter": "((market_cap >= '128300000000'::numeric) AND (market = 'KOSPI'::text))",
                  "Plans": [
                    {
                      "Node Type": "Bitmap Index Scan",
                      "Parent Relationship": "Outer",
                      "Parallel Aware": false,
                      "Async Capable": false,
                      "Index Name": "idx_sdi_event_date",
                      "Startup Cost": 0.0,
                      "Total Cost": 2.36,
                      "Plan Rows": 10,
                      "Plan Width": 0,
                      "Index Cond": "(event_date = '2023-08-06'::date)"
                    }
                  ]
                }
              ]
            },
            {
              "Node Type": "Aggregate",
              "Strategy": "Plain",
              "Partial Mode": "Simple",
              "Parent Relationship": "SubPlan",
              "Subplan Name": "SubPlan 1",
              "Parallel Aware": false,
              "Async Capable": false,
              "Startup Cost": 4.27,
              "Total Cost": 4.28,
              "Plan Rows": 1,
              "Plan Width": 32,
              "Plans": [
                {
                  "Node Type": "Limit",
                  "Parent Relationship": "Outer",
                  "Parallel Aware": false,
                  "Async Capable": false,
                  "Startup Cost": 0.29,
                  "Total Cost": 4.25,
                  "Plan Rows": 1,
                  "Plan Width": 12,
                  "Plans": [
                    {
                      "Node Type": "Index Scan",
                      "Parent Relationship": "Outer",
                      "Parallel Aware": false,
                      "Async Capable": false,
                      "Scan Direction": "Backward",
                      "Index Name": "idx_finq_period_end",
                      "Relation Name": "financials_quarterly",
                      "Alias": "fq",
                      "Startup Cost": 0.29,
                      "Total Cost": 4.25,
                      "Plan Rows": 1,
                      "Plan Width": 12,
                      "Index Cond": "(period_end <= '2023-08-06'::date)",
                      "Filter": "((statement_type = ANY ('{IS_Q,CF_Q}'::text[])) AND (ticker = sdi.ticker) AND (item_name = 'OperatingCashFlow'::text))"
                    }
                  ]
                }
              ]
            }
          ]
        }
      ]
    }
  },
  "db_statistics": {
    "table_stats": {
      "stocks_daily_info": {
        "row_count": 12700,
        "size_mb": 1.71
      },
      "fundamentals_daily": {
        "row_count": 12080,
        "size_mb": 2.33
      },
      "financials_quarterly": {
        "row_count": 8634,
        "size_mb": 0.8
      }
    },
    "existing_indexes": [
      "backtest_results_pkey",
      "community_posts_pkey",
      "financials_quarterly_pkey",
      "fundamentals_daily_pkey",
      "idx_finq_period_end",
      "idx_finq_ticker",
      "idx_fund_event_date",
      "idx_fund_ticker",
      "idx_sdi_event_date",
      "idx_sdi_ticker",
      "ix_backtest_results_strategy_id",
      "ix_community_posts_author_id",
      "ix_community_posts_strategy_id",
      "ix_ml_models_owner_id",
      "ix_strategies_owner_id",
      "ix_users_email",
      "ml_models_pkey",
      "stocks_daily_info_pkey",
      "strategies_pkey",
      "users_pkey"
    ]
  }
}
---
{
  "workload_id": 1251,
  "metadata": {
    "strategy_template": "Momentum Investing Style",
    "ml_model_used": null
  },
  "sql_query": "SELECT ( SELECT COALESCE(SUM(value), 0) FROM ( SELECT value FROM financials_quarterly fq WHERE fq.ticker = sdi.ticker AND fq.item_name = 'NetIncome' AND fq.statement_type IN ('IS_Q','CF_Q') AND fq.period_end <= DATE '2023-07-25' ORDER BY fq.period_end DESC LIMIT 4 ) as recent_quarters ) AS ttm_netincome , sdi.close_price, sdi.company_name, sdi.ma_20d, sdi.market_cap, sdi.momentum_12m, sdi.momentum_3m, sdi.rsi_14, sdi.ticker, sdi.volatility_20d FROM stocks_daily_info sdi WHERE sdi.market = 'KOSDAQ' AND sdi.market_cap >= 269500000000 AND sdi.event_date = DATE '2023-07-25' ORDER BY sdi.momentum_3m desc, sdi.momentum_12m desc LIMIT 17;",
  "baseline_execution_plan": {
    "Plan": {
      "Node Type": "Limit",
      "Parallel Aware": false,
      "Async Capable": false,
      "Startup Cost": 20.41,
      "Total Cost": 24.7,
      "Plan Rows": 1,
      "Plan Width": 96,
      "Plans": [
        {
          "Node Type": "Result",
          "Parent Relationship": "Outer",
          "Parallel Aware": false,
          "Async Capable": false,
          "Startup Cost": 20.41,
          "Total Cost": 24.7,
          "Plan Rows": 1,
          "Plan Width": 96,
          "Plans": [
            {
              "Node Type": "Sort",
              "Parent Relationship": "Outer",
              "Parallel Aware": false,
              "Async Capable": false,
              "Startup Cost": 20.41,
              "Total Cost": 20.41,
              "Plan Rows": 1,
              "Plan Width": 64,
              "Sort Key": [
                "sdi.momentum_3m DESC",
                "sdi.momentum_12m DESC"
              ],
              "Plans": [
                {
                  "Node Type": "Bitmap Heap Scan",
                  "Parent Relationship": "Outer",
                  "Parallel Aware": false,
                  "Async Capable": false,
                  "Relation Name": "stocks_daily_info",
                  "Alias": "sdi",
                  "Startup Cost": 2.36,
                  "Total Cost": 20.4,
                  "Plan Rows": 1,
                  "Plan Width": 64,
                  "Recheck Cond": "(event_date = '2023-07-25'::date)",
                  "Filter": "((market_cap >= '269500000000'::numeric) AND (market = 'KOSDAQ'::text))",
                  "Plans": [
                    {
                      "Node Type": "Bitmap Index Scan",
                      "Parent Relationship": "Outer",
                      "Parallel Aware": false,
                      "Async Capable": false,
                      "Index Name": "idx_sdi_event_date",
                      "Startup Cost": 0.0,
                      "Total Cost": 2.36,
                      "Plan Rows": 10,
                      "Plan Width": 0,
                      "Index Cond": "(event_date = '2023-07-25'::date)"
                    }
                  ]
                }
              ]
            },
            {
              "Node Type": "Aggregate",
              "Strategy": "Plain",
              "Partial Mode": "Simple",
              "Parent Relationship": "SubPlan",
              "Subplan Name": "SubPlan 1",
              "Parallel Aware": false,
              "Async Capable": false,
              "Startup Cost": 4.27,
              "Total Cost": 4.28,
              "Plan Rows": 1,
              "Plan Width": 32,
              "Plans": [
                {
                  "Node Type": "Limit",
                  "Parent Relationship": "Outer",
                  "Parallel Aware": false,
                  "Async Capable": false,
                  "Startup Cost": 0.29,
                  "Total Cost": 4.25,
                  "Plan Rows": 1,
                  "Plan Width": 12,
                  "Plans": [
                    {
                      "Node Type": "Index Scan",
                      "Parent Relationship": "Outer",
                      "Parallel Aware": false,
                      "Async Capable": false,
                      "Scan Direction": "Backward",
                      "Index Name": "idx_finq_period_end",
                      "Relation Name": "financials_quarterly",
                      "Alias": "fq",
                      "Startup Cost": 0.29,
                      "Total Cost": 4.25,
                      "Plan Rows": 1,
                      "Plan Width": 12,
                      "Index Cond": "(period_end <= '2023-07-25'::date)",
                      "Filter": "((statement_type = ANY ('{IS_Q,CF_Q}'::text[])) AND (ticker = sdi.ticker) AND (item_name = 'NetIncome'::text))"
                    }
                  ]
                }
              ]
            }
          ]
        }
      ]
    }
  },
  "db_statistics": {
    "table_stats": {
      "stocks_daily_info": {
        "row_count": 12700,
        "size_mb": 1.71
      },
      "fundamentals_daily": {
        "row_count": 12080,
        "size_mb": 2.33
      },
      "financials_quarterly": {
        "row_count": 8634,
        "size_mb": 0.8
      }
    },
    "existing_indexes": [
      "backtest_results_pkey",
      "community_posts_pkey",
      "financials_quarterly_pkey",
      "fundamentals_daily_pkey",
      "idx_finq_period_end",
      "idx_finq_ticker",
      "idx_fund_event_date",
      "idx_fund_ticker",
      "idx_sdi_event_date",
      "idx_sdi_ticker",
      "ix_backtest_results_strategy_id",
      "ix_community_posts_author_id",
      "ix_community_posts_strategy_id",
      "ix_ml_models_owner_id",
      "ix_strategies_owner_id",
      "ix_users_email",
      "ml_models_pkey",
      "stocks_daily_info_pkey",
      "strategies_pkey",
      "users_pkey"
    ]
  }
}
---
{
  "workload_id": 1252,
  "metadata": {
    "strategy_template": "Momentum Investing Style",
    "ml_model_used": null
  },
  "sql_query": "SELECT sdi.close_price, sdi.company_name, sdi.ma_20d, sdi.market_cap, sdi.momentum_12m, sdi.momentum_3m, sdi.rsi_14, sdi.ticker, sdi.volatility_20d FROM stocks_daily_info sdi WHERE sdi.market = 'KOSPI' AND sdi.market_cap >= 400600000000 AND sdi.event_date = DATE '2023-08-15' ORDER BY sdi.momentum_3m desc, sdi.momentum_12m desc, sdi.rsi_14 desc, sdi.volatility_20d asc LIMIT 32;",
  "baseline_execution_plan": {
    "Plan": {
      "Node Type": "Limit",
      "Parallel Aware": false,
      "Async Capable": false,
      "Startup Cost": 20.41,
      "Total Cost": 20.41,
      "Plan Rows": 1,
      "Plan Width": 64,
      "Plans": [
        {
          "Node Type": "Sort",
          "Parent Relationship": "Outer",
          "Parallel Aware": false,
          "Async Capable": false,
          "Startup Cost": 20.41,
          "Total Cost": 20.41,
          "Plan Rows": 1,
          "Plan Width": 64,
          "Sort Key": [
            "momentum_3m DESC",
            "momentum_12m DESC",
            "rsi_14 DESC",
            "volatility_20d"
          ],
          "Plans": [
            {
              "Node Type": "Bitmap Heap Scan",
              "Parent Relationship": "Outer",
              "Parallel Aware": false,
              "Async Capable": false,
              "Relation Name": "stocks_daily_info",
              "Alias": "sdi",
              "Startup Cost": 2.36,
              "Total Cost": 20.4,
              "Plan Rows": 1,
              "Plan Width": 64,
              "Recheck Cond": "(event_date = '2023-08-15'::date)",
              "Filter": "((market_cap >= '400600000000'::numeric) AND (market = 'KOSPI'::text))",
              "Plans": [
                {
                  "Node Type": "Bitmap Index Scan",
                  "Parent Relationship": "Outer",
                  "Parallel Aware": false,
                  "Async Capable": false,
                  "Index Name": "idx_sdi_event_date",
                  "Startup Cost": 0.0,
                  "Total Cost": 2.36,
                  "Plan Rows": 10,
                  "Plan Width": 0,
                  "Index Cond": "(event_date = '2023-08-15'::date)"
                }
              ]
            }
          ]
        }
      ]
    }
  },
  "db_statistics": {
    "table_stats": {
      "stocks_daily_info": {
        "row_count": 12700,
        "size_mb": 1.71
      },
      "fundamentals_daily": {
        "row_count": 12080,
        "size_mb": 2.33
      },
      "financials_quarterly": {
        "row_count": 8634,
        "size_mb": 0.8
      }
    },
    "existing_indexes": [
      "backtest_results_pkey",
      "community_posts_pkey",
      "financials_quarterly_pkey",
      "fundamentals_daily_pkey",
      "idx_finq_period_end",
      "idx_finq_ticker",
      "idx_fund_event_date",
      "idx_fund_ticker",
      "idx_sdi_event_date",
      "idx_sdi_ticker",
      "ix_backtest_results_strategy_id",
      "ix_community_posts_author_id",
      "ix_community_posts_strategy_id",
      "ix_ml_models_owner_id",
      "ix_strategies_owner_id",
      "ix_users_email",
      "ml_models_pkey",
      "stocks_daily_info_pkey",
      "strategies_pkey",
      "users_pkey"
    ]
  }
}
---
{
  "workload_id": 1253,
  "metadata": {
    "strategy_template": "Momentum Investing Style",
    "ml_model_used": null
  },
  "sql_query": "SELECT ( SELECT COALESCE(SUM(value), 0) FROM ( SELECT value FROM financials_quarterly fq WHERE fq.ticker = sdi.ticker AND fq.item_name = 'OperatingIncome' AND fq.statement_type IN ('IS_Q','CF_Q') AND fq.period_end <= DATE '2023-05-23' ORDER BY fq.period_end DESC LIMIT 4 ) as recent_quarters ) AS ttm_operatingincome , sdi.close_price, sdi.company_name, sdi.ma_20d, sdi.market_cap, sdi.momentum_12m, sdi.momentum_3m, sdi.rsi_14, sdi.ticker, sdi.volatility_20d FROM stocks_daily_info sdi WHERE sdi.market = 'KOSDAQ' AND sdi.market_cap >= 164300000000 AND sdi.event_date = DATE '2023-05-23' ORDER BY sdi.momentum_3m asc, sdi.momentum_12m asc, sdi.rsi_14 asc, sdi.volatility_20d desc LIMIT 20;",
  "baseline_execution_plan": {
    "Plan": {
      "Node Type": "Limit",
      "Parallel Aware": false,
      "Async Capable": false,
      "Startup Cost": 20.41,
      "Total Cost": 24.7,
      "Plan Rows": 1,
      "Plan Width": 96,
      "Plans": [
        {
          "Node Type": "Result",
          "Parent Relationship": "Outer",
          "Parallel Aware": false,
          "Async Capable": false,
          "Startup Cost": 20.41,
          "Total Cost": 24.7,
          "Plan Rows": 1,
          "Plan Width": 96,
          "Plans": [
            {
              "Node Type": "Sort",
              "Parent Relationship": "Outer",
              "Parallel Aware": false,
              "Async Capable": false,
              "Startup Cost": 20.41,
              "Total Cost": 20.41,
              "Plan Rows": 1,
              "Plan Width": 64,
              "Sort Key": [
                "sdi.momentum_3m",
                "sdi.momentum_12m",
                "sdi.rsi_14",
                "sdi.volatility_20d DESC"
              ],
              "Plans": [
                {
                  "Node Type": "Bitmap Heap Scan",
                  "Parent Relationship": "Outer",
                  "Parallel Aware": false,
                  "Async Capable": false,
                  "Relation Name": "stocks_daily_info",
                  "Alias": "sdi",
                  "Startup Cost": 2.36,
                  "Total Cost": 20.4,
                  "Plan Rows": 1,
                  "Plan Width": 64,
                  "Recheck Cond": "(event_date = '2023-05-23'::date)",
                  "Filter": "((market_cap >= '164300000000'::numeric) AND (market = 'KOSDAQ'::text))",
                  "Plans": [
                    {
                      "Node Type": "Bitmap Index Scan",
                      "Parent Relationship": "Outer",
                      "Parallel Aware": false,
                      "Async Capable": false,
                      "Index Name": "idx_sdi_event_date",
                      "Startup Cost": 0.0,
                      "Total Cost": 2.36,
                      "Plan Rows": 10,
                      "Plan Width": 0,
                      "Index Cond": "(event_date = '2023-05-23'::date)"
                    }
                  ]
                }
              ]
            },
            {
              "Node Type": "Aggregate",
              "Strategy": "Plain",
              "Partial Mode": "Simple",
              "Parent Relationship": "SubPlan",
              "Subplan Name": "SubPlan 1",
              "Parallel Aware": false,
              "Async Capable": false,
              "Startup Cost": 4.27,
              "Total Cost": 4.28,
              "Plan Rows": 1,
              "Plan Width": 32,
              "Plans": [
                {
                  "Node Type": "Limit",
                  "Parent Relationship": "Outer",
                  "Parallel Aware": false,
                  "Async Capable": false,
                  "Startup Cost": 0.29,
                  "Total Cost": 4.25,
                  "Plan Rows": 1,
                  "Plan Width": 12,
                  "Plans": [
                    {
                      "Node Type": "Index Scan",
                      "Parent Relationship": "Outer",
                      "Parallel Aware": false,
                      "Async Capable": false,
                      "Scan Direction": "Backward",
                      "Index Name": "idx_finq_period_end",
                      "Relation Name": "financials_quarterly",
                      "Alias": "fq",
                      "Startup Cost": 0.29,
                      "Total Cost": 4.25,
                      "Plan Rows": 1,
                      "Plan Width": 12,
                      "Index Cond": "(period_end <= '2023-05-23'::date)",
                      "Filter": "((statement_type = ANY ('{IS_Q,CF_Q}'::text[])) AND (ticker = sdi.ticker) AND (item_name = 'OperatingIncome'::text))"
                    }
                  ]
                }
              ]
            }
          ]
        }
      ]
    }
  },
  "db_statistics": {
    "table_stats": {
      "stocks_daily_info": {
        "row_count": 12700,
        "size_mb": 1.71
      },
      "fundamentals_daily": {
        "row_count": 12080,
        "size_mb": 2.33
      },
      "financials_quarterly": {
        "row_count": 8634,
        "size_mb": 0.8
      }
    },
    "existing_indexes": [
      "backtest_results_pkey",
      "community_posts_pkey",
      "financials_quarterly_pkey",
      "fundamentals_daily_pkey",
      "idx_finq_period_end",
      "idx_finq_ticker",
      "idx_fund_event_date",
      "idx_fund_ticker",
      "idx_sdi_event_date",
      "idx_sdi_ticker",
      "ix_backtest_results_strategy_id",
      "ix_community_posts_author_id",
      "ix_community_posts_strategy_id",
      "ix_ml_models_owner_id",
      "ix_strategies_owner_id",
      "ix_users_email",
      "ml_models_pkey",
      "stocks_daily_info_pkey",
      "strategies_pkey",
      "users_pkey"
    ]
  }
}
---
{
  "workload_id": 1254,
  "metadata": {
    "strategy_template": "Momentum Investing Style",
    "ml_model_used": null
  },
  "sql_query": "SELECT sdi.close_price, sdi.company_name, sdi.ma_20d, sdi.market_cap, sdi.momentum_12m, sdi.momentum_3m, sdi.rsi_14, sdi.ticker, sdi.volatility_20d FROM stocks_daily_info sdi WHERE sdi.market = 'KOSPI' AND sdi.market_cap >= 300400000000 AND sdi.event_date = DATE '2023-05-21' ORDER BY sdi.momentum_3m desc, sdi.momentum_12m asc LIMIT 44;",
  "baseline_execution_plan": {
    "Plan": {
      "Node Type": "Limit",
      "Parallel Aware": false,
      "Async Capable": false,
      "Startup Cost": 20.41,
      "Total Cost": 20.41,
      "Plan Rows": 1,
      "Plan Width": 64,
      "Plans": [
        {
          "Node Type": "Sort",
          "Parent Relationship": "Outer",
          "Parallel Aware": false,
          "Async Capable": false,
          "Startup Cost": 20.41,
          "Total Cost": 20.41,
          "Plan Rows": 1,
          "Plan Width": 64,
          "Sort Key": [
            "momentum_3m DESC",
            "momentum_12m"
          ],
          "Plans": [
            {
              "Node Type": "Bitmap Heap Scan",
              "Parent Relationship": "Outer",
              "Parallel Aware": false,
              "Async Capable": false,
              "Relation Name": "stocks_daily_info",
              "Alias": "sdi",
              "Startup Cost": 2.36,
              "Total Cost": 20.4,
              "Plan Rows": 1,
              "Plan Width": 64,
              "Recheck Cond": "(event_date = '2023-05-21'::date)",
              "Filter": "((market_cap >= '300400000000'::numeric) AND (market = 'KOSPI'::text))",
              "Plans": [
                {
                  "Node Type": "Bitmap Index Scan",
                  "Parent Relationship": "Outer",
                  "Parallel Aware": false,
                  "Async Capable": false,
                  "Index Name": "idx_sdi_event_date",
                  "Startup Cost": 0.0,
                  "Total Cost": 2.36,
                  "Plan Rows": 10,
                  "Plan Width": 0,
                  "Index Cond": "(event_date = '2023-05-21'::date)"
                }
              ]
            }
          ]
        }
      ]
    }
  },
  "db_statistics": {
    "table_stats": {
      "stocks_daily_info": {
        "row_count": 12700,
        "size_mb": 1.71
      },
      "fundamentals_daily": {
        "row_count": 12080,
        "size_mb": 2.33
      },
      "financials_quarterly": {
        "row_count": 8634,
        "size_mb": 0.8
      }
    },
    "existing_indexes": [
      "backtest_results_pkey",
      "community_posts_pkey",
      "financials_quarterly_pkey",
      "fundamentals_daily_pkey",
      "idx_finq_period_end",
      "idx_finq_ticker",
      "idx_fund_event_date",
      "idx_fund_ticker",
      "idx_sdi_event_date",
      "idx_sdi_ticker",
      "ix_backtest_results_strategy_id",
      "ix_community_posts_author_id",
      "ix_community_posts_strategy_id",
      "ix_ml_models_owner_id",
      "ix_strategies_owner_id",
      "ix_users_email",
      "ml_models_pkey",
      "stocks_daily_info_pkey",
      "strategies_pkey",
      "users_pkey"
    ]
  }
}
---
{
  "workload_id": 1255,
  "metadata": {
    "strategy_template": "ML Hybrid Style",
    "ml_model_used": null
  },
  "sql_query": "SELECT sdi.close_price, sdi.company_name, sdi.ma_20d, sdi.market_cap, sdi.momentum_12m, sdi.momentum_3m, sdi.rsi_14, sdi.ticker, sdi.volatility_20d FROM stocks_daily_info sdi WHERE sdi.market = 'KOSPI' AND sdi.market_cap >= 100800000000 AND sdi.event_date = DATE '2023-05-13' ORDER BY sdi.momentum_3m asc, sdi.rsi_14 asc, sdi.volatility_20d desc LIMIT 34;",
  "baseline_execution_plan": {
    "Plan": {
      "Node Type": "Limit",
      "Parallel Aware": false,
      "Async Capable": false,
      "Startup Cost": 20.41,
      "Total Cost": 20.41,
      "Plan Rows": 1,
      "Plan Width": 64,
      "Plans": [
        {
          "Node Type": "Sort",
          "Parent Relationship": "Outer",
          "Parallel Aware": false,
          "Async Capable": false,
          "Startup Cost": 20.41,
          "Total Cost": 20.41,
          "Plan Rows": 1,
          "Plan Width": 64,
          "Sort Key": [
            "momentum_3m",
            "rsi_14",
            "volatility_20d DESC"
          ],
          "Plans": [
            {
              "Node Type": "Bitmap Heap Scan",
              "Parent Relationship": "Outer",
              "Parallel Aware": false,
              "Async Capable": false,
              "Relation Name": "stocks_daily_info",
              "Alias": "sdi",
              "Startup Cost": 2.36,
              "Total Cost": 20.4,
              "Plan Rows": 1,
              "Plan Width": 64,
              "Recheck Cond": "(event_date = '2023-05-13'::date)",
              "Filter": "((market_cap >= '100800000000'::numeric) AND (market = 'KOSPI'::text))",
              "Plans": [
                {
                  "Node Type": "Bitmap Index Scan",
                  "Parent Relationship": "Outer",
                  "Parallel Aware": false,
                  "Async Capable": false,
                  "Index Name": "idx_sdi_event_date",
                  "Startup Cost": 0.0,
                  "Total Cost": 2.36,
                  "Plan Rows": 10,
                  "Plan Width": 0,
                  "Index Cond": "(event_date = '2023-05-13'::date)"
                }
              ]
            }
          ]
        }
      ]
    }
  },
  "db_statistics": {
    "table_stats": {
      "stocks_daily_info": {
        "row_count": 12700,
        "size_mb": 1.71
      },
      "fundamentals_daily": {
        "row_count": 12080,
        "size_mb": 2.33
      },
      "financials_quarterly": {
        "row_count": 8634,
        "size_mb": 0.8
      }
    },
    "existing_indexes": [
      "backtest_results_pkey",
      "community_posts_pkey",
      "financials_quarterly_pkey",
      "fundamentals_daily_pkey",
      "idx_finq_period_end",
      "idx_finq_ticker",
      "idx_fund_event_date",
      "idx_fund_ticker",
      "idx_sdi_event_date",
      "idx_sdi_ticker",
      "ix_backtest_results_strategy_id",
      "ix_community_posts_author_id",
      "ix_community_posts_strategy_id",
      "ix_ml_models_owner_id",
      "ix_strategies_owner_id",
      "ix_users_email",
      "ml_models_pkey",
      "stocks_daily_info_pkey",
      "strategies_pkey",
      "users_pkey"
    ]
  }
}
---
{
  "workload_id": 1256,
  "metadata": {
    "strategy_template": "ML Hybrid Style",
    "ml_model_used": "Return Forecast Model"
  },
  "sql_query": "SELECT fd.bps, fd.dividend_yield, fd.eps, fd.pbr, fd.per, sdi.close_price, sdi.company_name, sdi.ma_20d, sdi.market_cap, sdi.momentum_12m, sdi.momentum_3m, sdi.rsi_14, sdi.ticker, sdi.volatility_20d FROM stocks_daily_info sdi LEFT JOIN fundamentals_daily fd ON fd.ticker = sdi.ticker AND fd.event_date = sdi.event_date WHERE sdi.market = 'KOSPI' AND sdi.market_cap >= 438700000000 AND sdi.event_date = DATE '2023-06-08' ORDER BY CASE sdi.ticker WHEN '000660.KS' THEN 1 WHEN '005930.KS' THEN 2 WHEN '068270.KQ' THEN 3 WHEN '207940.KS' THEN 4 WHEN '035420.KS' THEN 5 WHEN '005380.KS' THEN 6 WHEN '051910.KS' THEN 7 WHEN '012330.KS' THEN 8 WHEN '035720.KS' THEN 9 WHEN '105560.KS' THEN 10 ELSE 11 END LIMIT 44;",
  "baseline_execution_plan": {
    "Plan": {
      "Node Type": "Limit",
      "Parallel Aware": false,
      "Async Capable": false,
      "Startup Cost": 24.75,
      "Total Cost": 24.75,
      "Plan Rows": 1,
      "Plan Width": 109,
      "Plans": [
        {
          "Node Type": "Sort",
          "Parent Relationship": "Outer",
          "Parallel Aware": false,
          "Async Capable": false,
          "Startup Cost": 24.75,
          "Total Cost": 24.75,
          "Plan Rows": 1,
          "Plan Width": 109,
          "Sort Key": [
            "(CASE sdi.ticker WHEN '000660.KS'::text THEN 1 WHEN '005930.KS'::text THEN 2 WHEN '068270.KQ'::text THEN 3 WHEN '207940.KS'::text THEN 4 WHEN '035420.KS'::text THEN 5 WHEN '005380.KS'::text THEN 6 WHEN '051910.KS'::text THEN 7 WHEN '012330.KS'::text THEN 8 WHEN '035720.KS'::text THEN 9 WHEN '105560.KS'::text THEN 10 ELSE 11 END)"
          ],
          "Plans": [
            {
              "Node Type": "Nested Loop",
              "Parent Relationship": "Outer",
              "Parallel Aware": false,
              "Async Capable": false,
              "Join Type": "Left",
              "Startup Cost": 2.65,
              "Total Cost": 24.74,
              "Plan Rows": 1,
              "Plan Width": 109,
              "Inner Unique": true,
              "Plans": [
                {
                  "Node Type": "Bitmap Heap Scan",
                  "Parent Relationship": "Outer",
                  "Parallel Aware": false,
                  "Async Capable": false,
                  "Relation Name": "stocks_daily_info",
                  "Alias": "sdi",
                  "Startup Cost": 2.36,
                  "Total Cost": 20.4,
                  "Plan Rows": 1,
                  "Plan Width": 68,
                  "Recheck Cond": "(event_date = '2023-06-08'::date)",
                  "Filter": "((market_cap >= '438700000000'::numeric) AND (market = 'KOSPI'::text))",
                  "Plans": [
                    {
                      "Node Type": "Bitmap Index Scan",
                      "Parent Relationship": "Outer",
                      "Parallel Aware": false,
                      "Async Capable": false,
                      "Index Name": "idx_sdi_event_date",
                      "Startup Cost": 0.0,
                      "Total Cost": 2.36,
                      "Plan Rows": 10,
                      "Plan Width": 0,
                      "Index Cond": "(event_date = '2023-06-08'::date)"
                    }
                  ]
                },
                {
                  "Node Type": "Index Scan",
                  "Parent Relationship": "Inner",
                  "Parallel Aware": false,
                  "Async Capable": false,
                  "Scan Direction": "Forward",
                  "Index Name": "fundamentals_daily_pkey",
                  "Relation Name": "fundamentals_daily",
                  "Alias": "fd",
                  "Startup Cost": 0.29,
                  "Total Cost": 4.3,
                  "Plan Rows": 1,
                  "Plan Width": 55,
                  "Index Cond": "((event_date = '2023-06-08'::date) AND (ticker = sdi.ticker))"
                }
              ]
            }
          ]
        }
      ]
    }
  },
  "db_statistics": {
    "table_stats": {
      "stocks_daily_info": {
        "row_count": 12700,
        "size_mb": 1.71
      },
      "fundamentals_daily": {
        "row_count": 12080,
        "size_mb": 2.33
      },
      "financials_quarterly": {
        "row_count": 8634,
        "size_mb": 0.8
      }
    },
    "existing_indexes": [
      "backtest_results_pkey",
      "community_posts_pkey",
      "financials_quarterly_pkey",
      "fundamentals_daily_pkey",
      "idx_finq_period_end",
      "idx_finq_ticker",
      "idx_fund_event_date",
      "idx_fund_ticker",
      "idx_sdi_event_date",
      "idx_sdi_ticker",
      "ix_backtest_results_strategy_id",
      "ix_community_posts_author_id",
      "ix_community_posts_strategy_id",
      "ix_ml_models_owner_id",
      "ix_strategies_owner_id",
      "ix_users_email",
      "ml_models_pkey",
      "stocks_daily_info_pkey",
      "strategies_pkey",
      "users_pkey"
    ]
  }
}
---
{
  "workload_id": 1257,
  "metadata": {
    "strategy_template": "Value Investing Style",
    "ml_model_used": null
  },
  "sql_query": "SELECT ( SELECT COALESCE(SUM(value), 0) FROM ( SELECT value FROM financials_quarterly fq WHERE fq.ticker = sdi.ticker AND fq.item_name = 'OperatingCashFlow' AND fq.statement_type IN ('IS_Q','CF_Q') AND fq.period_end <= DATE '2023-10-20' ORDER BY fq.period_end DESC LIMIT 4 ) as recent_quarters ) AS ttm_operatingcashflow , fd.bps, fd.dividend_yield, fd.eps, fd.pbr, fd.per, sdi.close_price, sdi.company_name, sdi.ma_20d, sdi.market_cap, sdi.momentum_12m, sdi.momentum_3m, sdi.rsi_14, sdi.ticker, sdi.volatility_20d FROM stocks_daily_info sdi LEFT JOIN fundamentals_daily fd ON fd.ticker = sdi.ticker AND fd.event_date = sdi.event_date WHERE sdi.market = 'KOSPI' AND sdi.market_cap >= 61400000000 AND sdi.event_date = DATE '2023-10-20' ORDER BY fd.pbr asc, fd.per asc, fd.eps desc, fd.dividend_yield desc LIMIT 32;",
  "baseline_execution_plan": {
    "Plan": {
      "Node Type": "Limit",
      "Parallel Aware": false,
      "Async Capable": false,
      "Startup Cost": 24.72,
      "Total Cost": 29.02,
      "Plan Rows": 1,
      "Plan Width": 137,
      "Plans": [
        {
          "Node Type": "Result",
          "Parent Relationship": "Outer",
          "Parallel Aware": false,
          "Async Capable": false,
          "Startup Cost": 24.72,
          "Total Cost": 29.02,
          "Plan Rows": 1,
          "Plan Width": 137,
          "Plans": [
            {
              "Node Type": "Sort",
              "Parent Relationship": "Outer",
              "Parallel Aware": false,
              "Async Capable": false,
              "Startup Cost": 24.72,
              "Total Cost": 24.73,
              "Plan Rows": 1,
              "Plan Width": 105,
              "Sort Key": [
                "fd.pbr",
                "fd.per",
                "fd.eps DESC",
                "fd.dividend_yield DESC"
              ],
              "Plans": [
                {
                  "Node Type": "Nested Loop",
                  "Parent Relationship": "Outer",
                  "Parallel Aware": false,
                  "Async Capable": false,
                  "Join Type": "Left",
                  "Startup Cost": 2.65,
                  "Total Cost": 24.71,
                  "Plan Rows": 1,
                  "Plan Width": 105,
                  "Inner Unique": true,
                  "Plans": [
                    {
                      "Node Type": "Bitmap Heap Scan",
                      "Parent Relationship": "Outer",
                      "Parallel Aware": false,
                      "Async Capable": false,
                      "Relation Name": "stocks_daily_info",
                      "Alias": "sdi",
                      "Startup Cost": 2.36,
                      "Total Cost": 20.4,
                      "Plan Rows": 1,
                      "Plan Width": 68,
                      "Recheck Cond": "(event_date = '2023-10-20'::date)",
                      "Filter": "((market_cap >= '61400000000'::numeric) AND (market = 'KOSPI'::text))",
                      "Plans": [
                        {
                          "Node Type": "Bitmap Index Scan",
                          "Parent Relationship": "Outer",
                          "Parallel Aware": false,
                          "Async Capable": false,
                          "Index Name": "idx_sdi_event_date",
                          "Startup Cost": 0.0,
                          "Total Cost": 2.36,
                          "Plan Rows": 10,
                          "Plan Width": 0,
                          "Index Cond": "(event_date = '2023-10-20'::date)"
                        }
                      ]
                    },
                    {
                      "Node Type": "Index Scan",
                      "Parent Relationship": "Inner",
                      "Parallel Aware": false,
                      "Async Capable": false,
                      "Scan Direction": "Forward",
                      "Index Name": "fundamentals_daily_pkey",
                      "Relation Name": "fundamentals_daily",
                      "Alias": "fd",
                      "Startup Cost": 0.29,
                      "Total Cost": 4.3,
                      "Plan Rows": 1,
                      "Plan Width": 55,
                      "Index Cond": "((event_date = '2023-10-20'::date) AND (ticker = sdi.ticker))"
                    }
                  ]
                }
              ]
            },
            {
              "Node Type": "Aggregate",
              "Strategy": "Plain",
              "Partial Mode": "Simple",
              "Parent Relationship": "SubPlan",
              "Subplan Name": "SubPlan 1",
              "Parallel Aware": false,
              "Async Capable": false,
              "Startup Cost": 4.27,
              "Total Cost": 4.28,
              "Plan Rows": 1,
              "Plan Width": 32,
              "Plans": [
                {
                  "Node Type": "Limit",
                  "Parent Relationship": "Outer",
                  "Parallel Aware": false,
                  "Async Capable": false,
                  "Startup Cost": 0.29,
                  "Total Cost": 4.25,
                  "Plan Rows": 1,
                  "Plan Width": 12,
                  "Plans": [
                    {
                      "Node Type": "Index Scan",
                      "Parent Relationship": "Outer",
                      "Parallel Aware": false,
                      "Async Capable": false,
                      "Scan Direction": "Backward",
                      "Index Name": "idx_finq_period_end",
                      "Relation Name": "financials_quarterly",
                      "Alias": "fq",
                      "Startup Cost": 0.29,
                      "Total Cost": 4.25,
                      "Plan Rows": 1,
                      "Plan Width": 12,
                      "Index Cond": "(period_end <= '2023-10-20'::date)",
                      "Filter": "((statement_type = ANY ('{IS_Q,CF_Q}'::text[])) AND (ticker = sdi.ticker) AND (item_name = 'OperatingCashFlow'::text))"
                    }
                  ]
                }
              ]
            }
          ]
        }
      ]
    }
  },
  "db_statistics": {
    "table_stats": {
      "stocks_daily_info": {
        "row_count": 12700,
        "size_mb": 1.71
      },
      "fundamentals_daily": {
        "row_count": 12080,
        "size_mb": 2.33
      },
      "financials_quarterly": {
        "row_count": 8634,
        "size_mb": 0.8
      }
    },
    "existing_indexes": [
      "backtest_results_pkey",
      "community_posts_pkey",
      "financials_quarterly_pkey",
      "fundamentals_daily_pkey",
      "idx_finq_period_end",
      "idx_finq_ticker",
      "idx_fund_event_date",
      "idx_fund_ticker",
      "idx_sdi_event_date",
      "idx_sdi_ticker",
      "ix_backtest_results_strategy_id",
      "ix_community_posts_author_id",
      "ix_community_posts_strategy_id",
      "ix_ml_models_owner_id",
      "ix_strategies_owner_id",
      "ix_users_email",
      "ml_models_pkey",
      "stocks_daily_info_pkey",
      "strategies_pkey",
      "users_pkey"
    ]
  }
}
---
{
  "workload_id": 1258,
  "metadata": {
    "strategy_template": "ML Hybrid Style",
    "ml_model_used": null
  },
  "sql_query": "SELECT ( SELECT COALESCE(SUM(value), 0) FROM ( SELECT value FROM financials_quarterly fq WHERE fq.ticker = sdi.ticker AND fq.item_name = 'OperatingIncome' AND fq.statement_type IN ('IS_Q','CF_Q') AND fq.period_end <= DATE '2023-09-16' ORDER BY fq.period_end DESC LIMIT 4 ) as recent_quarters ) AS ttm_operatingincome , sdi.close_price, sdi.company_name, sdi.ma_20d, sdi.market_cap, sdi.momentum_12m, sdi.momentum_3m, sdi.rsi_14, sdi.ticker, sdi.volatility_20d FROM stocks_daily_info sdi WHERE sdi.market = 'KOSDAQ' AND sdi.market_cap >= 267600000000 AND sdi.event_date = DATE '2023-09-16' ORDER BY sdi.market_cap DESC LIMIT 26;",
  "baseline_execution_plan": {
    "Plan": {
      "Node Type": "Limit",
      "Parallel Aware": false,
      "Async Capable": false,
      "Startup Cost": 20.41,
      "Total Cost": 24.7,
      "Plan Rows": 1,
      "Plan Width": 96,
      "Plans": [
        {
          "Node Type": "Result",
          "Parent Relationship": "Outer",
          "Parallel Aware": false,
          "Async Capable": false,
          "Startup Cost": 20.41,
          "Total Cost": 24.7,
          "Plan Rows": 1,
          "Plan Width": 96,
          "Plans": [
            {
              "Node Type": "Sort",
              "Parent Relationship": "Outer",
              "Parallel Aware": false,
              "Async Capable": false,
              "Startup Cost": 20.41,
              "Total Cost": 20.41,
              "Plan Rows": 1,
              "Plan Width": 64,
              "Sort Key": [
                "sdi.market_cap DESC"
              ],
              "Plans": [
                {
                  "Node Type": "Bitmap Heap Scan",
                  "Parent Relationship": "Outer",
                  "Parallel Aware": false,
                  "Async Capable": false,
                  "Relation Name": "stocks_daily_info",
                  "Alias": "sdi",
                  "Startup Cost": 2.36,
                  "Total Cost": 20.4,
                  "Plan Rows": 1,
                  "Plan Width": 64,
                  "Recheck Cond": "(event_date = '2023-09-16'::date)",
                  "Filter": "((market_cap >= '267600000000'::numeric) AND (market = 'KOSDAQ'::text))",
                  "Plans": [
                    {
                      "Node Type": "Bitmap Index Scan",
                      "Parent Relationship": "Outer",
                      "Parallel Aware": false,
                      "Async Capable": false,
                      "Index Name": "idx_sdi_event_date",
                      "Startup Cost": 0.0,
                      "Total Cost": 2.36,
                      "Plan Rows": 10,
                      "Plan Width": 0,
                      "Index Cond": "(event_date = '2023-09-16'::date)"
                    }
                  ]
                }
              ]
            },
            {
              "Node Type": "Aggregate",
              "Strategy": "Plain",
              "Partial Mode": "Simple",
              "Parent Relationship": "SubPlan",
              "Subplan Name": "SubPlan 1",
              "Parallel Aware": false,
              "Async Capable": false,
              "Startup Cost": 4.27,
              "Total Cost": 4.28,
              "Plan Rows": 1,
              "Plan Width": 32,
              "Plans": [
                {
                  "Node Type": "Limit",
                  "Parent Relationship": "Outer",
                  "Parallel Aware": false,
                  "Async Capable": false,
                  "Startup Cost": 0.29,
                  "Total Cost": 4.25,
                  "Plan Rows": 1,
                  "Plan Width": 12,
                  "Plans": [
                    {
                      "Node Type": "Index Scan",
                      "Parent Relationship": "Outer",
                      "Parallel Aware": false,
                      "Async Capable": false,
                      "Scan Direction": "Backward",
                      "Index Name": "idx_finq_period_end",
                      "Relation Name": "financials_quarterly",
                      "Alias": "fq",
                      "Startup Cost": 0.29,
                      "Total Cost": 4.25,
                      "Plan Rows": 1,
                      "Plan Width": 12,
                      "Index Cond": "(period_end <= '2023-09-16'::date)",
                      "Filter": "((statement_type = ANY ('{IS_Q,CF_Q}'::text[])) AND (ticker = sdi.ticker) AND (item_name = 'OperatingIncome'::text))"
                    }
                  ]
                }
              ]
            }
          ]
        }
      ]
    }
  },
  "db_statistics": {
    "table_stats": {
      "stocks_daily_info": {
        "row_count": 12700,
        "size_mb": 1.71
      },
      "fundamentals_daily": {
        "row_count": 12080,
        "size_mb": 2.33
      },
      "financials_quarterly": {
        "row_count": 8634,
        "size_mb": 0.8
      }
    },
    "existing_indexes": [
      "backtest_results_pkey",
      "community_posts_pkey",
      "financials_quarterly_pkey",
      "fundamentals_daily_pkey",
      "idx_finq_period_end",
      "idx_finq_ticker",
      "idx_fund_event_date",
      "idx_fund_ticker",
      "idx_sdi_event_date",
      "idx_sdi_ticker",
      "ix_backtest_results_strategy_id",
      "ix_community_posts_author_id",
      "ix_community_posts_strategy_id",
      "ix_ml_models_owner_id",
      "ix_strategies_owner_id",
      "ix_users_email",
      "ml_models_pkey",
      "stocks_daily_info_pkey",
      "strategies_pkey",
      "users_pkey"
    ]
  }
}
---
{
  "workload_id": 1259,
  "metadata": {
    "strategy_template": "ML Hybrid Style",
    "ml_model_used": null
  },
  "sql_query": "SELECT sdi.close_price, sdi.company_name, sdi.ma_20d, sdi.market_cap, sdi.momentum_12m, sdi.momentum_3m, sdi.rsi_14, sdi.ticker, sdi.volatility_20d FROM stocks_daily_info sdi WHERE sdi.market = 'KOSPI' AND sdi.market_cap >= 105200000000 AND sdi.event_date = DATE '2023-07-02' ORDER BY sdi.market_cap DESC LIMIT 36;",
  "baseline_execution_plan": {
    "Plan": {
      "Node Type": "Limit",
      "Parallel Aware": false,
      "Async Capable": false,
      "Startup Cost": 20.41,
      "Total Cost": 20.41,
      "Plan Rows": 1,
      "Plan Width": 64,
      "Plans": [
        {
          "Node Type": "Sort",
          "Parent Relationship": "Outer",
          "Parallel Aware": false,
          "Async Capable": false,
          "Startup Cost": 20.41,
          "Total Cost": 20.41,
          "Plan Rows": 1,
          "Plan Width": 64,
          "Sort Key": [
            "market_cap DESC"
          ],
          "Plans": [
            {
              "Node Type": "Bitmap Heap Scan",
              "Parent Relationship": "Outer",
              "Parallel Aware": false,
              "Async Capable": false,
              "Relation Name": "stocks_daily_info",
              "Alias": "sdi",
              "Startup Cost": 2.36,
              "Total Cost": 20.4,
              "Plan Rows": 1,
              "Plan Width": 64,
              "Recheck Cond": "(event_date = '2023-07-02'::date)",
              "Filter": "((market_cap >= '105200000000'::numeric) AND (market = 'KOSPI'::text))",
              "Plans": [
                {
                  "Node Type": "Bitmap Index Scan",
                  "Parent Relationship": "Outer",
                  "Parallel Aware": false,
                  "Async Capable": false,
                  "Index Name": "idx_sdi_event_date",
                  "Startup Cost": 0.0,
                  "Total Cost": 2.36,
                  "Plan Rows": 10,
                  "Plan Width": 0,
                  "Index Cond": "(event_date = '2023-07-02'::date)"
                }
              ]
            }
          ]
        }
      ]
    }
  },
  "db_statistics": {
    "table_stats": {
      "stocks_daily_info": {
        "row_count": 12700,
        "size_mb": 1.71
      },
      "fundamentals_daily": {
        "row_count": 12080,
        "size_mb": 2.33
      },
      "financials_quarterly": {
        "row_count": 8634,
        "size_mb": 0.8
      }
    },
    "existing_indexes": [
      "backtest_results_pkey",
      "community_posts_pkey",
      "financials_quarterly_pkey",
      "fundamentals_daily_pkey",
      "idx_finq_period_end",
      "idx_finq_ticker",
      "idx_fund_event_date",
      "idx_fund_ticker",
      "idx_sdi_event_date",
      "idx_sdi_ticker",
      "ix_backtest_results_strategy_id",
      "ix_community_posts_author_id",
      "ix_community_posts_strategy_id",
      "ix_ml_models_owner_id",
      "ix_strategies_owner_id",
      "ix_users_email",
      "ml_models_pkey",
      "stocks_daily_info_pkey",
      "strategies_pkey",
      "users_pkey"
    ]
  }
}
---
{
  "workload_id": 1260,
  "metadata": {
    "strategy_template": "Value Investing Style",
    "ml_model_used": null
  },
  "sql_query": "SELECT fd.bps, fd.dividend_yield, fd.eps, fd.pbr, fd.per, sdi.close_price, sdi.company_name, sdi.ma_20d, sdi.market_cap, sdi.momentum_12m, sdi.momentum_3m, sdi.rsi_14, sdi.ticker, sdi.volatility_20d FROM stocks_daily_info sdi LEFT JOIN fundamentals_daily fd ON fd.ticker = sdi.ticker AND fd.event_date = sdi.event_date WHERE sdi.market = 'KOSDAQ' AND sdi.market_cap >= 180000000000 AND sdi.event_date = DATE '2023-10-21' ORDER BY fd.pbr desc, fd.per asc, fd.eps desc, fd.dividend_yield desc LIMIT 43;",
  "baseline_execution_plan": {
    "Plan": {
      "Node Type": "Limit",
      "Parallel Aware": false,
      "Async Capable": false,
      "Startup Cost": 24.72,
      "Total Cost": 24.73,
      "Plan Rows": 1,
      "Plan Width": 105,
      "Plans": [
        {
          "Node Type": "Sort",
          "Parent Relationship": "Outer",
          "Parallel Aware": false,
          "Async Capable": false,
          "Startup Cost": 24.72,
          "Total Cost": 24.73,
          "Plan Rows": 1,
          "Plan Width": 105,
          "Sort Key": [
            "fd.pbr DESC",
            "fd.per",
            "fd.eps DESC",
            "fd.dividend_yield DESC"
          ],
          "Plans": [
            {
              "Node Type": "Nested Loop",
              "Parent Relationship": "Outer",
              "Parallel Aware": false,
              "Async Capable": false,
              "Join Type": "Left",
              "Startup Cost": 2.65,
              "Total Cost": 24.71,
              "Plan Rows": 1,
              "Plan Width": 105,
              "Inner Unique": true,
              "Plans": [
                {
                  "Node Type": "Bitmap Heap Scan",
                  "Parent Relationship": "Outer",
                  "Parallel Aware": false,
                  "Async Capable": false,
                  "Relation Name": "stocks_daily_info",
                  "Alias": "sdi",
                  "Startup Cost": 2.36,
                  "Total Cost": 20.4,
                  "Plan Rows": 1,
                  "Plan Width": 68,
                  "Recheck Cond": "(event_date = '2023-10-21'::date)",
                  "Filter": "((market_cap >= '180000000000'::numeric) AND (market = 'KOSDAQ'::text))",
                  "Plans": [
                    {
                      "Node Type": "Bitmap Index Scan",
                      "Parent Relationship": "Outer",
                      "Parallel Aware": false,
                      "Async Capable": false,
                      "Index Name": "idx_sdi_event_date",
                      "Startup Cost": 0.0,
                      "Total Cost": 2.36,
                      "Plan Rows": 10,
                      "Plan Width": 0,
                      "Index Cond": "(event_date = '2023-10-21'::date)"
                    }
                  ]
                },
                {
                  "Node Type": "Index Scan",
                  "Parent Relationship": "Inner",
                  "Parallel Aware": false,
                  "Async Capable": false,
                  "Scan Direction": "Forward",
                  "Index Name": "fundamentals_daily_pkey",
                  "Relation Name": "fundamentals_daily",
                  "Alias": "fd",
                  "Startup Cost": 0.29,
                  "Total Cost": 4.3,
                  "Plan Rows": 1,
                  "Plan Width": 55,
                  "Index Cond": "((event_date = '2023-10-21'::date) AND (ticker = sdi.ticker))"
                }
              ]
            }
          ]
        }
      ]
    }
  },
  "db_statistics": {
    "table_stats": {
      "stocks_daily_info": {
        "row_count": 12700,
        "size_mb": 1.71
      },
      "fundamentals_daily": {
        "row_count": 12080,
        "size_mb": 2.33
      },
      "financials_quarterly": {
        "row_count": 8634,
        "size_mb": 0.8
      }
    },
    "existing_indexes": [
      "backtest_results_pkey",
      "community_posts_pkey",
      "financials_quarterly_pkey",
      "fundamentals_daily_pkey",
      "idx_finq_period_end",
      "idx_finq_ticker",
      "idx_fund_event_date",
      "idx_fund_ticker",
      "idx_sdi_event_date",
      "idx_sdi_ticker",
      "ix_backtest_results_strategy_id",
      "ix_community_posts_author_id",
      "ix_community_posts_strategy_id",
      "ix_ml_models_owner_id",
      "ix_strategies_owner_id",
      "ix_users_email",
      "ml_models_pkey",
      "stocks_daily_info_pkey",
      "strategies_pkey",
      "users_pkey"
    ]
  }
}
---
{
  "workload_id": 1261,
  "metadata": {
    "strategy_template": "ML Hybrid Style",
    "ml_model_used": "Return Forecast Model"
  },
  "sql_query": "SELECT sdi.close_price, sdi.company_name, sdi.ma_20d, sdi.market_cap, sdi.momentum_12m, sdi.momentum_3m, sdi.rsi_14, sdi.ticker, sdi.volatility_20d FROM stocks_daily_info sdi WHERE sdi.market = 'KOSPI' AND sdi.market_cap >= 279500000000 AND sdi.event_date = DATE '2023-05-02' ORDER BY CASE sdi.ticker WHEN '000660.KS' THEN 1 WHEN '005930.KS' THEN 2 WHEN '068270.KQ' THEN 3 WHEN '207940.KS' THEN 4 WHEN '035420.KS' THEN 5 WHEN '005380.KS' THEN 6 WHEN '051910.KS' THEN 7 WHEN '012330.KS' THEN 8 WHEN '035720.KS' THEN 9 WHEN '105560.KS' THEN 10 ELSE 11 END LIMIT 15;",
  "baseline_execution_plan": {
    "Plan": {
      "Node Type": "Limit",
      "Parallel Aware": false,
      "Async Capable": false,
      "Startup Cost": 20.43,
      "Total Cost": 20.44,
      "Plan Rows": 1,
      "Plan Width": 68,
      "Plans": [
        {
          "Node Type": "Sort",
          "Parent Relationship": "Outer",
          "Parallel Aware": false,
          "Async Capable": false,
          "Startup Cost": 20.43,
          "Total Cost": 20.44,
          "Plan Rows": 1,
          "Plan Width": 68,
          "Sort Key": [
            "(CASE ticker WHEN '000660.KS'::text THEN 1 WHEN '005930.KS'::text THEN 2 WHEN '068270.KQ'::text THEN 3 WHEN '207940.KS'::text THEN 4 WHEN '035420.KS'::text THEN 5 WHEN '005380.KS'::text THEN 6 WHEN '051910.KS'::text THEN 7 WHEN '012330.KS'::text THEN 8 WHEN '035720.KS'::text THEN 9 WHEN '105560.KS'::text THEN 10 ELSE 11 END)"
          ],
          "Plans": [
            {
              "Node Type": "Bitmap Heap Scan",
              "Parent Relationship": "Outer",
              "Parallel Aware": false,
              "Async Capable": false,
              "Relation Name": "stocks_daily_info",
              "Alias": "sdi",
              "Startup Cost": 2.36,
              "Total Cost": 20.42,
              "Plan Rows": 1,
              "Plan Width": 68,
              "Recheck Cond": "(event_date = '2023-05-02'::date)",
              "Filter": "((market_cap >= '279500000000'::numeric) AND (market = 'KOSPI'::text))",
              "Plans": [
                {
                  "Node Type": "Bitmap Index Scan",
                  "Parent Relationship": "Outer",
                  "Parallel Aware": false,
                  "Async Capable": false,
                  "Index Name": "idx_sdi_event_date",
                  "Startup Cost": 0.0,
                  "Total Cost": 2.36,
                  "Plan Rows": 10,
                  "Plan Width": 0,
                  "Index Cond": "(event_date = '2023-05-02'::date)"
                }
              ]
            }
          ]
        }
      ]
    }
  },
  "db_statistics": {
    "table_stats": {
      "stocks_daily_info": {
        "row_count": 12700,
        "size_mb": 1.71
      },
      "fundamentals_daily": {
        "row_count": 12080,
        "size_mb": 2.33
      },
      "financials_quarterly": {
        "row_count": 8634,
        "size_mb": 0.8
      }
    },
    "existing_indexes": [
      "backtest_results_pkey",
      "community_posts_pkey",
      "financials_quarterly_pkey",
      "fundamentals_daily_pkey",
      "idx_finq_period_end",
      "idx_finq_ticker",
      "idx_fund_event_date",
      "idx_fund_ticker",
      "idx_sdi_event_date",
      "idx_sdi_ticker",
      "ix_backtest_results_strategy_id",
      "ix_community_posts_author_id",
      "ix_community_posts_strategy_id",
      "ix_ml_models_owner_id",
      "ix_strategies_owner_id",
      "ix_users_email",
      "ml_models_pkey",
      "stocks_daily_info_pkey",
      "strategies_pkey",
      "users_pkey"
    ]
  }
}
---
{
  "workload_id": 1262,
  "metadata": {
    "strategy_template": "Value Investing Style",
    "ml_model_used": null
  },
  "sql_query": "SELECT fd.bps, fd.dividend_yield, fd.eps, fd.pbr, fd.per, sdi.close_price, sdi.company_name, sdi.ma_20d, sdi.market_cap, sdi.momentum_12m, sdi.momentum_3m, sdi.rsi_14, sdi.ticker, sdi.volatility_20d FROM stocks_daily_info sdi LEFT JOIN fundamentals_daily fd ON fd.ticker = sdi.ticker AND fd.event_date = sdi.event_date WHERE sdi.market = 'KOSDAQ' AND sdi.market_cap >= 61700000000 AND sdi.event_date = DATE '2023-10-16' ORDER BY fd.pbr asc, fd.per desc LIMIT 45;",
  "baseline_execution_plan": {
    "Plan": {
      "Node Type": "Limit",
      "Parallel Aware": false,
      "Async Capable": false,
      "Startup Cost": 24.72,
      "Total Cost": 24.73,
      "Plan Rows": 1,
      "Plan Width": 105,
      "Plans": [
        {
          "Node Type": "Sort",
          "Parent Relationship": "Outer",
          "Parallel Aware": false,
          "Async Capable": false,
          "Startup Cost": 24.72,
          "Total Cost": 24.73,
          "Plan Rows": 1,
          "Plan Width": 105,
          "Sort Key": [
            "fd.pbr",
            "fd.per DESC"
          ],
          "Plans": [
            {
              "Node Type": "Nested Loop",
              "Parent Relationship": "Outer",
              "Parallel Aware": false,
              "Async Capable": false,
              "Join Type": "Left",
              "Startup Cost": 2.65,
              "Total Cost": 24.71,
              "Plan Rows": 1,
              "Plan Width": 105,
              "Inner Unique": true,
              "Plans": [
                {
                  "Node Type": "Bitmap Heap Scan",
                  "Parent Relationship": "Outer",
                  "Parallel Aware": false,
                  "Async Capable": false,
                  "Relation Name": "stocks_daily_info",
                  "Alias": "sdi",
                  "Startup Cost": 2.36,
                  "Total Cost": 20.4,
                  "Plan Rows": 1,
                  "Plan Width": 68,
                  "Recheck Cond": "(event_date = '2023-10-16'::date)",
                  "Filter": "((market_cap >= '61700000000'::numeric) AND (market = 'KOSDAQ'::text))",
                  "Plans": [
                    {
                      "Node Type": "Bitmap Index Scan",
                      "Parent Relationship": "Outer",
                      "Parallel Aware": false,
                      "Async Capable": false,
                      "Index Name": "idx_sdi_event_date",
                      "Startup Cost": 0.0,
                      "Total Cost": 2.36,
                      "Plan Rows": 10,
                      "Plan Width": 0,
                      "Index Cond": "(event_date = '2023-10-16'::date)"
                    }
                  ]
                },
                {
                  "Node Type": "Index Scan",
                  "Parent Relationship": "Inner",
                  "Parallel Aware": false,
                  "Async Capable": false,
                  "Scan Direction": "Forward",
                  "Index Name": "fundamentals_daily_pkey",
                  "Relation Name": "fundamentals_daily",
                  "Alias": "fd",
                  "Startup Cost": 0.29,
                  "Total Cost": 4.3,
                  "Plan Rows": 1,
                  "Plan Width": 55,
                  "Index Cond": "((event_date = '2023-10-16'::date) AND (ticker = sdi.ticker))"
                }
              ]
            }
          ]
        }
      ]
    }
  },
  "db_statistics": {
    "table_stats": {
      "stocks_daily_info": {
        "row_count": 12700,
        "size_mb": 1.71
      },
      "fundamentals_daily": {
        "row_count": 12080,
        "size_mb": 2.33
      },
      "financials_quarterly": {
        "row_count": 8634,
        "size_mb": 0.8
      }
    },
    "existing_indexes": [
      "backtest_results_pkey",
      "community_posts_pkey",
      "financials_quarterly_pkey",
      "fundamentals_daily_pkey",
      "idx_finq_period_end",
      "idx_finq_ticker",
      "idx_fund_event_date",
      "idx_fund_ticker",
      "idx_sdi_event_date",
      "idx_sdi_ticker",
      "ix_backtest_results_strategy_id",
      "ix_community_posts_author_id",
      "ix_community_posts_strategy_id",
      "ix_ml_models_owner_id",
      "ix_strategies_owner_id",
      "ix_users_email",
      "ml_models_pkey",
      "stocks_daily_info_pkey",
      "strategies_pkey",
      "users_pkey"
    ]
  }
}
---
{
  "workload_id": 1263,
  "metadata": {
    "strategy_template": "Value Investing Style",
    "ml_model_used": null
  },
  "sql_query": "SELECT fd.bps, fd.dividend_yield, fd.eps, fd.pbr, fd.per, sdi.close_price, sdi.company_name, sdi.ma_20d, sdi.market_cap, sdi.momentum_12m, sdi.momentum_3m, sdi.rsi_14, sdi.ticker, sdi.volatility_20d FROM stocks_daily_info sdi LEFT JOIN fundamentals_daily fd ON fd.ticker = sdi.ticker AND fd.event_date = sdi.event_date WHERE sdi.market = 'KOSPI' AND sdi.market_cap >= 326600000000 AND sdi.event_date = DATE '2023-09-18' ORDER BY fd.pbr desc, fd.per asc, fd.dividend_yield asc, fd.eps asc LIMIT 11;",
  "baseline_execution_plan": {
    "Plan": {
      "Node Type": "Limit",
      "Parallel Aware": false,
      "Async Capable": false,
      "Startup Cost": 24.72,
      "Total Cost": 24.73,
      "Plan Rows": 1,
      "Plan Width": 105,
      "Plans": [
        {
          "Node Type": "Sort",
          "Parent Relationship": "Outer",
          "Parallel Aware": false,
          "Async Capable": false,
          "Startup Cost": 24.72,
          "Total Cost": 24.73,
          "Plan Rows": 1,
          "Plan Width": 105,
          "Sort Key": [
            "fd.pbr DESC",
            "fd.per",
            "fd.dividend_yield",
            "fd.eps"
          ],
          "Plans": [
            {
              "Node Type": "Nested Loop",
              "Parent Relationship": "Outer",
              "Parallel Aware": false,
              "Async Capable": false,
              "Join Type": "Left",
              "Startup Cost": 2.65,
              "Total Cost": 24.71,
              "Plan Rows": 1,
              "Plan Width": 105,
              "Inner Unique": true,
              "Plans": [
                {
                  "Node Type": "Bitmap Heap Scan",
                  "Parent Relationship": "Outer",
                  "Parallel Aware": false,
                  "Async Capable": false,
                  "Relation Name": "stocks_daily_info",
                  "Alias": "sdi",
                  "Startup Cost": 2.36,
                  "Total Cost": 20.4,
                  "Plan Rows": 1,
                  "Plan Width": 68,
                  "Recheck Cond": "(event_date = '2023-09-18'::date)",
                  "Filter": "((market_cap >= '326600000000'::numeric) AND (market = 'KOSPI'::text))",
                  "Plans": [
                    {
                      "Node Type": "Bitmap Index Scan",
                      "Parent Relationship": "Outer",
                      "Parallel Aware": false,
                      "Async Capable": false,
                      "Index Name": "idx_sdi_event_date",
                      "Startup Cost": 0.0,
                      "Total Cost": 2.36,
                      "Plan Rows": 10,
                      "Plan Width": 0,
                      "Index Cond": "(event_date = '2023-09-18'::date)"
                    }
                  ]
                },
                {
                  "Node Type": "Index Scan",
                  "Parent Relationship": "Inner",
                  "Parallel Aware": false,
                  "Async Capable": false,
                  "Scan Direction": "Forward",
                  "Index Name": "fundamentals_daily_pkey",
                  "Relation Name": "fundamentals_daily",
                  "Alias": "fd",
                  "Startup Cost": 0.29,
                  "Total Cost": 4.3,
                  "Plan Rows": 1,
                  "Plan Width": 55,
                  "Index Cond": "((event_date = '2023-09-18'::date) AND (ticker = sdi.ticker))"
                }
              ]
            }
          ]
        }
      ]
    }
  },
  "db_statistics": {
    "table_stats": {
      "stocks_daily_info": {
        "row_count": 12700,
        "size_mb": 1.71
      },
      "fundamentals_daily": {
        "row_count": 12080,
        "size_mb": 2.33
      },
      "financials_quarterly": {
        "row_count": 8634,
        "size_mb": 0.8
      }
    },
    "existing_indexes": [
      "backtest_results_pkey",
      "community_posts_pkey",
      "financials_quarterly_pkey",
      "fundamentals_daily_pkey",
      "idx_finq_period_end",
      "idx_finq_ticker",
      "idx_fund_event_date",
      "idx_fund_ticker",
      "idx_sdi_event_date",
      "idx_sdi_ticker",
      "ix_backtest_results_strategy_id",
      "ix_community_posts_author_id",
      "ix_community_posts_strategy_id",
      "ix_ml_models_owner_id",
      "ix_strategies_owner_id",
      "ix_users_email",
      "ml_models_pkey",
      "stocks_daily_info_pkey",
      "strategies_pkey",
      "users_pkey"
    ]
  }
}
---
{
  "workload_id": 1264,
  "metadata": {
    "strategy_template": "Value Investing Style",
    "ml_model_used": null
  },
  "sql_query": "SELECT fd.bps, fd.dividend_yield, fd.eps, fd.pbr, fd.per, sdi.close_price, sdi.company_name, sdi.ma_20d, sdi.market_cap, sdi.momentum_12m, sdi.momentum_3m, sdi.rsi_14, sdi.ticker, sdi.volatility_20d FROM stocks_daily_info sdi LEFT JOIN fundamentals_daily fd ON fd.ticker = sdi.ticker AND fd.event_date = sdi.event_date WHERE sdi.market = 'KOSPI' AND sdi.market_cap >= 70000000000 AND sdi.event_date = DATE '2023-05-22' ORDER BY fd.pbr asc, fd.per desc, fd.dividend_yield desc LIMIT 49;",
  "baseline_execution_plan": {
    "Plan": {
      "Node Type": "Limit",
      "Parallel Aware": false,
      "Async Capable": false,
      "Startup Cost": 24.72,
      "Total Cost": 24.73,
      "Plan Rows": 1,
      "Plan Width": 105,
      "Plans": [
        {
          "Node Type": "Sort",
          "Parent Relationship": "Outer",
          "Parallel Aware": false,
          "Async Capable": false,
          "Startup Cost": 24.72,
          "Total Cost": 24.73,
          "Plan Rows": 1,
          "Plan Width": 105,
          "Sort Key": [
            "fd.pbr",
            "fd.per DESC",
            "fd.dividend_yield DESC"
          ],
          "Plans": [
            {
              "Node Type": "Nested Loop",
              "Parent Relationship": "Outer",
              "Parallel Aware": false,
              "Async Capable": false,
              "Join Type": "Left",
              "Startup Cost": 2.65,
              "Total Cost": 24.71,
              "Plan Rows": 1,
              "Plan Width": 105,
              "Inner Unique": true,
              "Plans": [
                {
                  "Node Type": "Bitmap Heap Scan",
                  "Parent Relationship": "Outer",
                  "Parallel Aware": false,
                  "Async Capable": false,
                  "Relation Name": "stocks_daily_info",
                  "Alias": "sdi",
                  "Startup Cost": 2.36,
                  "Total Cost": 20.4,
                  "Plan Rows": 1,
                  "Plan Width": 68,
                  "Recheck Cond": "(event_date = '2023-05-22'::date)",
                  "Filter": "((market_cap >= '70000000000'::numeric) AND (market = 'KOSPI'::text))",
                  "Plans": [
                    {
                      "Node Type": "Bitmap Index Scan",
                      "Parent Relationship": "Outer",
                      "Parallel Aware": false,
                      "Async Capable": false,
                      "Index Name": "idx_sdi_event_date",
                      "Startup Cost": 0.0,
                      "Total Cost": 2.36,
                      "Plan Rows": 10,
                      "Plan Width": 0,
                      "Index Cond": "(event_date = '2023-05-22'::date)"
                    }
                  ]
                },
                {
                  "Node Type": "Index Scan",
                  "Parent Relationship": "Inner",
                  "Parallel Aware": false,
                  "Async Capable": false,
                  "Scan Direction": "Forward",
                  "Index Name": "fundamentals_daily_pkey",
                  "Relation Name": "fundamentals_daily",
                  "Alias": "fd",
                  "Startup Cost": 0.29,
                  "Total Cost": 4.3,
                  "Plan Rows": 1,
                  "Plan Width": 55,
                  "Index Cond": "((event_date = '2023-05-22'::date) AND (ticker = sdi.ticker))"
                }
              ]
            }
          ]
        }
      ]
    }
  },
  "db_statistics": {
    "table_stats": {
      "stocks_daily_info": {
        "row_count": 12700,
        "size_mb": 1.71
      },
      "fundamentals_daily": {
        "row_count": 12080,
        "size_mb": 2.33
      },
      "financials_quarterly": {
        "row_count": 8634,
        "size_mb": 0.8
      }
    },
    "existing_indexes": [
      "backtest_results_pkey",
      "community_posts_pkey",
      "financials_quarterly_pkey",
      "fundamentals_daily_pkey",
      "idx_finq_period_end",
      "idx_finq_ticker",
      "idx_fund_event_date",
      "idx_fund_ticker",
      "idx_sdi_event_date",
      "idx_sdi_ticker",
      "ix_backtest_results_strategy_id",
      "ix_community_posts_author_id",
      "ix_community_posts_strategy_id",
      "ix_ml_models_owner_id",
      "ix_strategies_owner_id",
      "ix_users_email",
      "ml_models_pkey",
      "stocks_daily_info_pkey",
      "strategies_pkey",
      "users_pkey"
    ]
  }
}
---
{
  "workload_id": 1265,
  "metadata": {
    "strategy_template": "Value Investing Style",
    "ml_model_used": null
  },
  "sql_query": "SELECT fd.bps, fd.dividend_yield, fd.eps, fd.pbr, fd.per, sdi.close_price, sdi.company_name, sdi.ma_20d, sdi.market_cap, sdi.momentum_12m, sdi.momentum_3m, sdi.rsi_14, sdi.ticker, sdi.volatility_20d FROM stocks_daily_info sdi LEFT JOIN fundamentals_daily fd ON fd.ticker = sdi.ticker AND fd.event_date = sdi.event_date WHERE sdi.market = 'KOSPI' AND sdi.market_cap >= 264000000000 AND sdi.event_date = DATE '2023-06-05' ORDER BY fd.pbr desc, fd.per asc LIMIT 29;",
  "baseline_execution_plan": {
    "Plan": {
      "Node Type": "Limit",
      "Parallel Aware": false,
      "Async Capable": false,
      "Startup Cost": 24.72,
      "Total Cost": 24.73,
      "Plan Rows": 1,
      "Plan Width": 105,
      "Plans": [
        {
          "Node Type": "Sort",
          "Parent Relationship": "Outer",
          "Parallel Aware": false,
          "Async Capable": false,
          "Startup Cost": 24.72,
          "Total Cost": 24.73,
          "Plan Rows": 1,
          "Plan Width": 105,
          "Sort Key": [
            "fd.pbr DESC",
            "fd.per"
          ],
          "Plans": [
            {
              "Node Type": "Nested Loop",
              "Parent Relationship": "Outer",
              "Parallel Aware": false,
              "Async Capable": false,
              "Join Type": "Left",
              "Startup Cost": 2.65,
              "Total Cost": 24.71,
              "Plan Rows": 1,
              "Plan Width": 105,
              "Inner Unique": true,
              "Plans": [
                {
                  "Node Type": "Bitmap Heap Scan",
                  "Parent Relationship": "Outer",
                  "Parallel Aware": false,
                  "Async Capable": false,
                  "Relation Name": "stocks_daily_info",
                  "Alias": "sdi",
                  "Startup Cost": 2.36,
                  "Total Cost": 20.4,
                  "Plan Rows": 1,
                  "Plan Width": 68,
                  "Recheck Cond": "(event_date = '2023-06-05'::date)",
                  "Filter": "((market_cap >= '264000000000'::numeric) AND (market = 'KOSPI'::text))",
                  "Plans": [
                    {
                      "Node Type": "Bitmap Index Scan",
                      "Parent Relationship": "Outer",
                      "Parallel Aware": false,
                      "Async Capable": false,
                      "Index Name": "idx_sdi_event_date",
                      "Startup Cost": 0.0,
                      "Total Cost": 2.36,
                      "Plan Rows": 10,
                      "Plan Width": 0,
                      "Index Cond": "(event_date = '2023-06-05'::date)"
                    }
                  ]
                },
                {
                  "Node Type": "Index Scan",
                  "Parent Relationship": "Inner",
                  "Parallel Aware": false,
                  "Async Capable": false,
                  "Scan Direction": "Forward",
                  "Index Name": "fundamentals_daily_pkey",
                  "Relation Name": "fundamentals_daily",
                  "Alias": "fd",
                  "Startup Cost": 0.29,
                  "Total Cost": 4.3,
                  "Plan Rows": 1,
                  "Plan Width": 55,
                  "Index Cond": "((event_date = '2023-06-05'::date) AND (ticker = sdi.ticker))"
                }
              ]
            }
          ]
        }
      ]
    }
  },
  "db_statistics": {
    "table_stats": {
      "stocks_daily_info": {
        "row_count": 12700,
        "size_mb": 1.71
      },
      "fundamentals_daily": {
        "row_count": 12080,
        "size_mb": 2.33
      },
      "financials_quarterly": {
        "row_count": 8634,
        "size_mb": 0.8
      }
    },
    "existing_indexes": [
      "backtest_results_pkey",
      "community_posts_pkey",
      "financials_quarterly_pkey",
      "fundamentals_daily_pkey",
      "idx_finq_period_end",
      "idx_finq_ticker",
      "idx_fund_event_date",
      "idx_fund_ticker",
      "idx_sdi_event_date",
      "idx_sdi_ticker",
      "ix_backtest_results_strategy_id",
      "ix_community_posts_author_id",
      "ix_community_posts_strategy_id",
      "ix_ml_models_owner_id",
      "ix_strategies_owner_id",
      "ix_users_email",
      "ml_models_pkey",
      "stocks_daily_info_pkey",
      "strategies_pkey",
      "users_pkey"
    ]
  }
}
---
{
  "workload_id": 1266,
  "metadata": {
    "strategy_template": "Value Investing Style",
    "ml_model_used": null
  },
  "sql_query": "SELECT fd.bps, fd.dividend_yield, fd.eps, fd.pbr, fd.per, sdi.close_price, sdi.company_name, sdi.ma_20d, sdi.market_cap, sdi.momentum_12m, sdi.momentum_3m, sdi.rsi_14, sdi.ticker, sdi.volatility_20d FROM stocks_daily_info sdi LEFT JOIN fundamentals_daily fd ON fd.ticker = sdi.ticker AND fd.event_date = sdi.event_date WHERE sdi.market = 'KOSDAQ' AND sdi.market_cap >= 96700000000 AND sdi.event_date = DATE '2023-06-10' ORDER BY fd.pbr desc, fd.per desc, fd.eps desc LIMIT 49;",
  "baseline_execution_plan": {
    "Plan": {
      "Node Type": "Limit",
      "Parallel Aware": false,
      "Async Capable": false,
      "Startup Cost": 24.72,
      "Total Cost": 24.73,
      "Plan Rows": 1,
      "Plan Width": 105,
      "Plans": [
        {
          "Node Type": "Sort",
          "Parent Relationship": "Outer",
          "Parallel Aware": false,
          "Async Capable": false,
          "Startup Cost": 24.72,
          "Total Cost": 24.73,
          "Plan Rows": 1,
          "Plan Width": 105,
          "Sort Key": [
            "fd.pbr DESC",
            "fd.per DESC",
            "fd.eps DESC"
          ],
          "Plans": [
            {
              "Node Type": "Nested Loop",
              "Parent Relationship": "Outer",
              "Parallel Aware": false,
              "Async Capable": false,
              "Join Type": "Left",
              "Startup Cost": 2.65,
              "Total Cost": 24.71,
              "Plan Rows": 1,
              "Plan Width": 105,
              "Inner Unique": true,
              "Plans": [
                {
                  "Node Type": "Bitmap Heap Scan",
                  "Parent Relationship": "Outer",
                  "Parallel Aware": false,
                  "Async Capable": false,
                  "Relation Name": "stocks_daily_info",
                  "Alias": "sdi",
                  "Startup Cost": 2.36,
                  "Total Cost": 20.4,
                  "Plan Rows": 1,
                  "Plan Width": 68,
                  "Recheck Cond": "(event_date = '2023-06-10'::date)",
                  "Filter": "((market_cap >= '96700000000'::numeric) AND (market = 'KOSDAQ'::text))",
                  "Plans": [
                    {
                      "Node Type": "Bitmap Index Scan",
                      "Parent Relationship": "Outer",
                      "Parallel Aware": false,
                      "Async Capable": false,
                      "Index Name": "idx_sdi_event_date",
                      "Startup Cost": 0.0,
                      "Total Cost": 2.36,
                      "Plan Rows": 10,
                      "Plan Width": 0,
                      "Index Cond": "(event_date = '2023-06-10'::date)"
                    }
                  ]
                },
                {
                  "Node Type": "Index Scan",
                  "Parent Relationship": "Inner",
                  "Parallel Aware": false,
                  "Async Capable": false,
                  "Scan Direction": "Forward",
                  "Index Name": "fundamentals_daily_pkey",
                  "Relation Name": "fundamentals_daily",
                  "Alias": "fd",
                  "Startup Cost": 0.29,
                  "Total Cost": 4.3,
                  "Plan Rows": 1,
                  "Plan Width": 55,
                  "Index Cond": "((event_date = '2023-06-10'::date) AND (ticker = sdi.ticker))"
                }
              ]
            }
          ]
        }
      ]
    }
  },
  "db_statistics": {
    "table_stats": {
      "stocks_daily_info": {
        "row_count": 12700,
        "size_mb": 1.71
      },
      "fundamentals_daily": {
        "row_count": 12080,
        "size_mb": 2.33
      },
      "financials_quarterly": {
        "row_count": 8634,
        "size_mb": 0.8
      }
    },
    "existing_indexes": [
      "backtest_results_pkey",
      "community_posts_pkey",
      "financials_quarterly_pkey",
      "fundamentals_daily_pkey",
      "idx_finq_period_end",
      "idx_finq_ticker",
      "idx_fund_event_date",
      "idx_fund_ticker",
      "idx_sdi_event_date",
      "idx_sdi_ticker",
      "ix_backtest_results_strategy_id",
      "ix_community_posts_author_id",
      "ix_community_posts_strategy_id",
      "ix_ml_models_owner_id",
      "ix_strategies_owner_id",
      "ix_users_email",
      "ml_models_pkey",
      "stocks_daily_info_pkey",
      "strategies_pkey",
      "users_pkey"
    ]
  }
}
---
{
  "workload_id": 1267,
  "metadata": {
    "strategy_template": "Value Investing Style",
    "ml_model_used": null
  },
  "sql_query": "SELECT fd.bps, fd.dividend_yield, fd.eps, fd.pbr, fd.per, sdi.close_price, sdi.company_name, sdi.ma_20d, sdi.market_cap, sdi.momentum_12m, sdi.momentum_3m, sdi.rsi_14, sdi.ticker, sdi.volatility_20d FROM stocks_daily_info sdi LEFT JOIN fundamentals_daily fd ON fd.ticker = sdi.ticker AND fd.event_date = sdi.event_date WHERE sdi.market = 'KOSDAQ' AND sdi.market_cap >= 132500000000 AND sdi.event_date = DATE '2023-09-19' ORDER BY fd.pbr asc, fd.per asc, fd.dividend_yield desc, fd.eps asc LIMIT 27;",
  "baseline_execution_plan": {
    "Plan": {
      "Node Type": "Limit",
      "Parallel Aware": false,
      "Async Capable": false,
      "Startup Cost": 24.72,
      "Total Cost": 24.73,
      "Plan Rows": 1,
      "Plan Width": 105,
      "Plans": [
        {
          "Node Type": "Sort",
          "Parent Relationship": "Outer",
          "Parallel Aware": false,
          "Async Capable": false,
          "Startup Cost": 24.72,
          "Total Cost": 24.73,
          "Plan Rows": 1,
          "Plan Width": 105,
          "Sort Key": [
            "fd.pbr",
            "fd.per",
            "fd.dividend_yield DESC",
            "fd.eps"
          ],
          "Plans": [
            {
              "Node Type": "Nested Loop",
              "Parent Relationship": "Outer",
              "Parallel Aware": false,
              "Async Capable": false,
              "Join Type": "Left",
              "Startup Cost": 2.65,
              "Total Cost": 24.71,
              "Plan Rows": 1,
              "Plan Width": 105,
              "Inner Unique": true,
              "Plans": [
                {
                  "Node Type": "Bitmap Heap Scan",
                  "Parent Relationship": "Outer",
                  "Parallel Aware": false,
                  "Async Capable": false,
                  "Relation Name": "stocks_daily_info",
                  "Alias": "sdi",
                  "Startup Cost": 2.36,
                  "Total Cost": 20.4,
                  "Plan Rows": 1,
                  "Plan Width": 68,
                  "Recheck Cond": "(event_date = '2023-09-19'::date)",
                  "Filter": "((market_cap >= '132500000000'::numeric) AND (market = 'KOSDAQ'::text))",
                  "Plans": [
                    {
                      "Node Type": "Bitmap Index Scan",
                      "Parent Relationship": "Outer",
                      "Parallel Aware": false,
                      "Async Capable": false,
                      "Index Name": "idx_sdi_event_date",
                      "Startup Cost": 0.0,
                      "Total Cost": 2.36,
                      "Plan Rows": 10,
                      "Plan Width": 0,
                      "Index Cond": "(event_date = '2023-09-19'::date)"
                    }
                  ]
                },
                {
                  "Node Type": "Index Scan",
                  "Parent Relationship": "Inner",
                  "Parallel Aware": false,
                  "Async Capable": false,
                  "Scan Direction": "Forward",
                  "Index Name": "fundamentals_daily_pkey",
                  "Relation Name": "fundamentals_daily",
                  "Alias": "fd",
                  "Startup Cost": 0.29,
                  "Total Cost": 4.3,
                  "Plan Rows": 1,
                  "Plan Width": 55,
                  "Index Cond": "((event_date = '2023-09-19'::date) AND (ticker = sdi.ticker))"
                }
              ]
            }
          ]
        }
      ]
    }
  },
  "db_statistics": {
    "table_stats": {
      "stocks_daily_info": {
        "row_count": 12700,
        "size_mb": 1.71
      },
      "fundamentals_daily": {
        "row_count": 12080,
        "size_mb": 2.33
      },
      "financials_quarterly": {
        "row_count": 8634,
        "size_mb": 0.8
      }
    },
    "existing_indexes": [
      "backtest_results_pkey",
      "community_posts_pkey",
      "financials_quarterly_pkey",
      "fundamentals_daily_pkey",
      "idx_finq_period_end",
      "idx_finq_ticker",
      "idx_fund_event_date",
      "idx_fund_ticker",
      "idx_sdi_event_date",
      "idx_sdi_ticker",
      "ix_backtest_results_strategy_id",
      "ix_community_posts_author_id",
      "ix_community_posts_strategy_id",
      "ix_ml_models_owner_id",
      "ix_strategies_owner_id",
      "ix_users_email",
      "ml_models_pkey",
      "stocks_daily_info_pkey",
      "strategies_pkey",
      "users_pkey"
    ]
  }
}
---
{
  "workload_id": 1268,
  "metadata": {
    "strategy_template": "ML Hybrid Style",
    "ml_model_used": "Return Forecast Model"
  },
  "sql_query": "SELECT fd.bps, fd.dividend_yield, fd.eps, fd.pbr, fd.per, sdi.close_price, sdi.company_name, sdi.ma_20d, sdi.market_cap, sdi.momentum_12m, sdi.momentum_3m, sdi.rsi_14, sdi.ticker, sdi.volatility_20d FROM stocks_daily_info sdi LEFT JOIN fundamentals_daily fd ON fd.ticker = sdi.ticker AND fd.event_date = sdi.event_date WHERE sdi.market = 'KOSDAQ' AND sdi.market_cap >= 135500000000 AND sdi.event_date = DATE '2023-08-16' ORDER BY CASE sdi.ticker WHEN '000660.KS' THEN 1 WHEN '005930.KS' THEN 2 WHEN '068270.KQ' THEN 3 WHEN '207940.KS' THEN 4 WHEN '035420.KS' THEN 5 WHEN '005380.KS' THEN 6 WHEN '051910.KS' THEN 7 WHEN '012330.KS' THEN 8 WHEN '035720.KS' THEN 9 WHEN '105560.KS' THEN 10 ELSE 11 END LIMIT 27;",
  "baseline_execution_plan": {
    "Plan": {
      "Node Type": "Limit",
      "Parallel Aware": false,
      "Async Capable": false,
      "Startup Cost": 24.75,
      "Total Cost": 24.75,
      "Plan Rows": 1,
      "Plan Width": 109,
      "Plans": [
        {
          "Node Type": "Sort",
          "Parent Relationship": "Outer",
          "Parallel Aware": false,
          "Async Capable": false,
          "Startup Cost": 24.75,
          "Total Cost": 24.75,
          "Plan Rows": 1,
          "Plan Width": 109,
          "Sort Key": [
            "(CASE sdi.ticker WHEN '000660.KS'::text THEN 1 WHEN '005930.KS'::text THEN 2 WHEN '068270.KQ'::text THEN 3 WHEN '207940.KS'::text THEN 4 WHEN '035420.KS'::text THEN 5 WHEN '005380.KS'::text THEN 6 WHEN '051910.KS'::text THEN 7 WHEN '012330.KS'::text THEN 8 WHEN '035720.KS'::text THEN 9 WHEN '105560.KS'::text THEN 10 ELSE 11 END)"
          ],
          "Plans": [
            {
              "Node Type": "Nested Loop",
              "Parent Relationship": "Outer",
              "Parallel Aware": false,
              "Async Capable": false,
              "Join Type": "Left",
              "Startup Cost": 2.65,
              "Total Cost": 24.74,
              "Plan Rows": 1,
              "Plan Width": 109,
              "Inner Unique": true,
              "Plans": [
                {
                  "Node Type": "Bitmap Heap Scan",
                  "Parent Relationship": "Outer",
                  "Parallel Aware": false,
                  "Async Capable": false,
                  "Relation Name": "stocks_daily_info",
                  "Alias": "sdi",
                  "Startup Cost": 2.36,
                  "Total Cost": 20.4,
                  "Plan Rows": 1,
                  "Plan Width": 68,
                  "Recheck Cond": "(event_date = '2023-08-16'::date)",
                  "Filter": "((market_cap >= '135500000000'::numeric) AND (market = 'KOSDAQ'::text))",
                  "Plans": [
                    {
                      "Node Type": "Bitmap Index Scan",
                      "Parent Relationship": "Outer",
                      "Parallel Aware": false,
                      "Async Capable": false,
                      "Index Name": "idx_sdi_event_date",
                      "Startup Cost": 0.0,
                      "Total Cost": 2.36,
                      "Plan Rows": 10,
                      "Plan Width": 0,
                      "Index Cond": "(event_date = '2023-08-16'::date)"
                    }
                  ]
                },
                {
                  "Node Type": "Index Scan",
                  "Parent Relationship": "Inner",
                  "Parallel Aware": false,
                  "Async Capable": false,
                  "Scan Direction": "Forward",
                  "Index Name": "fundamentals_daily_pkey",
                  "Relation Name": "fundamentals_daily",
                  "Alias": "fd",
                  "Startup Cost": 0.29,
                  "Total Cost": 4.3,
                  "Plan Rows": 1,
                  "Plan Width": 55,
                  "Index Cond": "((event_date = '2023-08-16'::date) AND (ticker = sdi.ticker))"
                }
              ]
            }
          ]
        }
      ]
    }
  },
  "db_statistics": {
    "table_stats": {
      "stocks_daily_info": {
        "row_count": 12700,
        "size_mb": 1.71
      },
      "fundamentals_daily": {
        "row_count": 12080,
        "size_mb": 2.33
      },
      "financials_quarterly": {
        "row_count": 8634,
        "size_mb": 0.8
      }
    },
    "existing_indexes": [
      "backtest_results_pkey",
      "community_posts_pkey",
      "financials_quarterly_pkey",
      "fundamentals_daily_pkey",
      "idx_finq_period_end",
      "idx_finq_ticker",
      "idx_fund_event_date",
      "idx_fund_ticker",
      "idx_sdi_event_date",
      "idx_sdi_ticker",
      "ix_backtest_results_strategy_id",
      "ix_community_posts_author_id",
      "ix_community_posts_strategy_id",
      "ix_ml_models_owner_id",
      "ix_strategies_owner_id",
      "ix_users_email",
      "ml_models_pkey",
      "stocks_daily_info_pkey",
      "strategies_pkey",
      "users_pkey"
    ]
  }
}
---
{
  "workload_id": 1269,
  "metadata": {
    "strategy_template": "Momentum Investing Style",
    "ml_model_used": null
  },
  "sql_query": "SELECT ( SELECT COALESCE(SUM(value), 0) FROM ( SELECT value FROM financials_quarterly fq WHERE fq.ticker = sdi.ticker AND fq.item_name = 'OperatingCashFlow' AND fq.statement_type IN ('IS_Q','CF_Q') AND fq.period_end <= DATE '2023-05-18' ORDER BY fq.period_end DESC LIMIT 4 ) as recent_quarters ) AS ttm_operatingcashflow , sdi.close_price, sdi.company_name, sdi.ma_20d, sdi.market_cap, sdi.momentum_12m, sdi.momentum_3m, sdi.rsi_14, sdi.ticker, sdi.volatility_20d FROM stocks_daily_info sdi WHERE sdi.market = 'KOSDAQ' AND sdi.market_cap >= 177400000000 AND sdi.event_date = DATE '2023-05-18' ORDER BY sdi.momentum_3m desc, sdi.momentum_12m desc LIMIT 50;",
  "baseline_execution_plan": {
    "Plan": {
      "Node Type": "Limit",
      "Parallel Aware": false,
      "Async Capable": false,
      "Startup Cost": 20.41,
      "Total Cost": 24.7,
      "Plan Rows": 1,
      "Plan Width": 96,
      "Plans": [
        {
          "Node Type": "Result",
          "Parent Relationship": "Outer",
          "Parallel Aware": false,
          "Async Capable": false,
          "Startup Cost": 20.41,
          "Total Cost": 24.7,
          "Plan Rows": 1,
          "Plan Width": 96,
          "Plans": [
            {
              "Node Type": "Sort",
              "Parent Relationship": "Outer",
              "Parallel Aware": false,
              "Async Capable": false,
              "Startup Cost": 20.41,
              "Total Cost": 20.41,
              "Plan Rows": 1,
              "Plan Width": 64,
              "Sort Key": [
                "sdi.momentum_3m DESC",
                "sdi.momentum_12m DESC"
              ],
              "Plans": [
                {
                  "Node Type": "Bitmap Heap Scan",
                  "Parent Relationship": "Outer",
                  "Parallel Aware": false,
                  "Async Capable": false,
                  "Relation Name": "stocks_daily_info",
                  "Alias": "sdi",
                  "Startup Cost": 2.36,
                  "Total Cost": 20.4,
                  "Plan Rows": 1,
                  "Plan Width": 64,
                  "Recheck Cond": "(event_date = '2023-05-18'::date)",
                  "Filter": "((market_cap >= '177400000000'::numeric) AND (market = 'KOSDAQ'::text))",
                  "Plans": [
                    {
                      "Node Type": "Bitmap Index Scan",
                      "Parent Relationship": "Outer",
                      "Parallel Aware": false,
                      "Async Capable": false,
                      "Index Name": "idx_sdi_event_date",
                      "Startup Cost": 0.0,
                      "Total Cost": 2.36,
                      "Plan Rows": 10,
                      "Plan Width": 0,
                      "Index Cond": "(event_date = '2023-05-18'::date)"
                    }
                  ]
                }
              ]
            },
            {
              "Node Type": "Aggregate",
              "Strategy": "Plain",
              "Partial Mode": "Simple",
              "Parent Relationship": "SubPlan",
              "Subplan Name": "SubPlan 1",
              "Parallel Aware": false,
              "Async Capable": false,
              "Startup Cost": 4.27,
              "Total Cost": 4.28,
              "Plan Rows": 1,
              "Plan Width": 32,
              "Plans": [
                {
                  "Node Type": "Limit",
                  "Parent Relationship": "Outer",
                  "Parallel Aware": false,
                  "Async Capable": false,
                  "Startup Cost": 0.29,
                  "Total Cost": 4.25,
                  "Plan Rows": 1,
                  "Plan Width": 12,
                  "Plans": [
                    {
                      "Node Type": "Index Scan",
                      "Parent Relationship": "Outer",
                      "Parallel Aware": false,
                      "Async Capable": false,
                      "Scan Direction": "Backward",
                      "Index Name": "idx_finq_period_end",
                      "Relation Name": "financials_quarterly",
                      "Alias": "fq",
                      "Startup Cost": 0.29,
                      "Total Cost": 4.25,
                      "Plan Rows": 1,
                      "Plan Width": 12,
                      "Index Cond": "(period_end <= '2023-05-18'::date)",
                      "Filter": "((statement_type = ANY ('{IS_Q,CF_Q}'::text[])) AND (ticker = sdi.ticker) AND (item_name = 'OperatingCashFlow'::text))"
                    }
                  ]
                }
              ]
            }
          ]
        }
      ]
    }
  },
  "db_statistics": {
    "table_stats": {
      "stocks_daily_info": {
        "row_count": 12700,
        "size_mb": 1.71
      },
      "fundamentals_daily": {
        "row_count": 12080,
        "size_mb": 2.33
      },
      "financials_quarterly": {
        "row_count": 8634,
        "size_mb": 0.8
      }
    },
    "existing_indexes": [
      "backtest_results_pkey",
      "community_posts_pkey",
      "financials_quarterly_pkey",
      "fundamentals_daily_pkey",
      "idx_finq_period_end",
      "idx_finq_ticker",
      "idx_fund_event_date",
      "idx_fund_ticker",
      "idx_sdi_event_date",
      "idx_sdi_ticker",
      "ix_backtest_results_strategy_id",
      "ix_community_posts_author_id",
      "ix_community_posts_strategy_id",
      "ix_ml_models_owner_id",
      "ix_strategies_owner_id",
      "ix_users_email",
      "ml_models_pkey",
      "stocks_daily_info_pkey",
      "strategies_pkey",
      "users_pkey"
    ]
  }
}
---
{
  "workload_id": 1270,
  "metadata": {
    "strategy_template": "ML Hybrid Style",
    "ml_model_used": "Return Forecast Model"
  },
  "sql_query": "SELECT sdi.close_price, sdi.company_name, sdi.ma_20d, sdi.market_cap, sdi.momentum_12m, sdi.momentum_3m, sdi.rsi_14, sdi.ticker, sdi.volatility_20d FROM stocks_daily_info sdi WHERE sdi.market = 'KOSPI' AND sdi.market_cap >= 492900000000 AND sdi.event_date = DATE '2023-08-14' ORDER BY CASE sdi.ticker WHEN '000660.KS' THEN 1 WHEN '005930.KS' THEN 2 WHEN '068270.KQ' THEN 3 WHEN '207940.KS' THEN 4 WHEN '035420.KS' THEN 5 WHEN '005380.KS' THEN 6 WHEN '051910.KS' THEN 7 WHEN '012330.KS' THEN 8 WHEN '035720.KS' THEN 9 WHEN '105560.KS' THEN 10 ELSE 11 END LIMIT 30;",
  "baseline_execution_plan": {
    "Plan": {
      "Node Type": "Limit",
      "Parallel Aware": false,
      "Async Capable": false,
      "Startup Cost": 20.43,
      "Total Cost": 20.44,
      "Plan Rows": 1,
      "Plan Width": 68,
      "Plans": [
        {
          "Node Type": "Sort",
          "Parent Relationship": "Outer",
          "Parallel Aware": false,
          "Async Capable": false,
          "Startup Cost": 20.43,
          "Total Cost": 20.44,
          "Plan Rows": 1,
          "Plan Width": 68,
          "Sort Key": [
            "(CASE ticker WHEN '000660.KS'::text THEN 1 WHEN '005930.KS'::text THEN 2 WHEN '068270.KQ'::text THEN 3 WHEN '207940.KS'::text THEN 4 WHEN '035420.KS'::text THEN 5 WHEN '005380.KS'::text THEN 6 WHEN '051910.KS'::text THEN 7 WHEN '012330.KS'::text THEN 8 WHEN '035720.KS'::text THEN 9 WHEN '105560.KS'::text THEN 10 ELSE 11 END)"
          ],
          "Plans": [
            {
              "Node Type": "Bitmap Heap Scan",
              "Parent Relationship": "Outer",
              "Parallel Aware": false,
              "Async Capable": false,
              "Relation Name": "stocks_daily_info",
              "Alias": "sdi",
              "Startup Cost": 2.36,
              "Total Cost": 20.42,
              "Plan Rows": 1,
              "Plan Width": 68,
              "Recheck Cond": "(event_date = '2023-08-14'::date)",
              "Filter": "((market_cap >= '492900000000'::numeric) AND (market = 'KOSPI'::text))",
              "Plans": [
                {
                  "Node Type": "Bitmap Index Scan",
                  "Parent Relationship": "Outer",
                  "Parallel Aware": false,
                  "Async Capable": false,
                  "Index Name": "idx_sdi_event_date",
                  "Startup Cost": 0.0,
                  "Total Cost": 2.36,
                  "Plan Rows": 10,
                  "Plan Width": 0,
                  "Index Cond": "(event_date = '2023-08-14'::date)"
                }
              ]
            }
          ]
        }
      ]
    }
  },
  "db_statistics": {
    "table_stats": {
      "stocks_daily_info": {
        "row_count": 12700,
        "size_mb": 1.71
      },
      "fundamentals_daily": {
        "row_count": 12080,
        "size_mb": 2.33
      },
      "financials_quarterly": {
        "row_count": 8634,
        "size_mb": 0.8
      }
    },
    "existing_indexes": [
      "backtest_results_pkey",
      "community_posts_pkey",
      "financials_quarterly_pkey",
      "fundamentals_daily_pkey",
      "idx_finq_period_end",
      "idx_finq_ticker",
      "idx_fund_event_date",
      "idx_fund_ticker",
      "idx_sdi_event_date",
      "idx_sdi_ticker",
      "ix_backtest_results_strategy_id",
      "ix_community_posts_author_id",
      "ix_community_posts_strategy_id",
      "ix_ml_models_owner_id",
      "ix_strategies_owner_id",
      "ix_users_email",
      "ml_models_pkey",
      "stocks_daily_info_pkey",
      "strategies_pkey",
      "users_pkey"
    ]
  }
}
---
{
  "workload_id": 1271,
  "metadata": {
    "strategy_template": "Momentum Investing Style",
    "ml_model_used": null
  },
  "sql_query": "SELECT ( SELECT COALESCE(SUM(value), 0) FROM ( SELECT value FROM financials_quarterly fq WHERE fq.ticker = sdi.ticker AND fq.item_name = 'OperatingIncome' AND fq.statement_type IN ('IS_Q','CF_Q') AND fq.period_end <= DATE '2023-07-04' ORDER BY fq.period_end DESC LIMIT 4 ) as recent_quarters ) AS ttm_operatingincome , sdi.close_price, sdi.company_name, sdi.ma_20d, sdi.market_cap, sdi.momentum_12m, sdi.momentum_3m, sdi.rsi_14, sdi.ticker, sdi.volatility_20d FROM stocks_daily_info sdi WHERE sdi.market = 'KOSPI' AND sdi.market_cap >= 177100000000 AND sdi.event_date = DATE '2023-07-04' ORDER BY sdi.momentum_3m asc, sdi.momentum_12m asc LIMIT 38;",
  "baseline_execution_plan": {
    "Plan": {
      "Node Type": "Limit",
      "Parallel Aware": false,
      "Async Capable": false,
      "Startup Cost": 20.41,
      "Total Cost": 24.7,
      "Plan Rows": 1,
      "Plan Width": 96,
      "Plans": [
        {
          "Node Type": "Result",
          "Parent Relationship": "Outer",
          "Parallel Aware": false,
          "Async Capable": false,
          "Startup Cost": 20.41,
          "Total Cost": 24.7,
          "Plan Rows": 1,
          "Plan Width": 96,
          "Plans": [
            {
              "Node Type": "Sort",
              "Parent Relationship": "Outer",
              "Parallel Aware": false,
              "Async Capable": false,
              "Startup Cost": 20.41,
              "Total Cost": 20.41,
              "Plan Rows": 1,
              "Plan Width": 64,
              "Sort Key": [
                "sdi.momentum_3m",
                "sdi.momentum_12m"
              ],
              "Plans": [
                {
                  "Node Type": "Bitmap Heap Scan",
                  "Parent Relationship": "Outer",
                  "Parallel Aware": false,
                  "Async Capable": false,
                  "Relation Name": "stocks_daily_info",
                  "Alias": "sdi",
                  "Startup Cost": 2.36,
                  "Total Cost": 20.4,
                  "Plan Rows": 1,
                  "Plan Width": 64,
                  "Recheck Cond": "(event_date = '2023-07-04'::date)",
                  "Filter": "((market_cap >= '177100000000'::numeric) AND (market = 'KOSPI'::text))",
                  "Plans": [
                    {
                      "Node Type": "Bitmap Index Scan",
                      "Parent Relationship": "Outer",
                      "Parallel Aware": false,
                      "Async Capable": false,
                      "Index Name": "idx_sdi_event_date",
                      "Startup Cost": 0.0,
                      "Total Cost": 2.36,
                      "Plan Rows": 10,
                      "Plan Width": 0,
                      "Index Cond": "(event_date = '2023-07-04'::date)"
                    }
                  ]
                }
              ]
            },
            {
              "Node Type": "Aggregate",
              "Strategy": "Plain",
              "Partial Mode": "Simple",
              "Parent Relationship": "SubPlan",
              "Subplan Name": "SubPlan 1",
              "Parallel Aware": false,
              "Async Capable": false,
              "Startup Cost": 4.27,
              "Total Cost": 4.28,
              "Plan Rows": 1,
              "Plan Width": 32,
              "Plans": [
                {
                  "Node Type": "Limit",
                  "Parent Relationship": "Outer",
                  "Parallel Aware": false,
                  "Async Capable": false,
                  "Startup Cost": 0.29,
                  "Total Cost": 4.25,
                  "Plan Rows": 1,
                  "Plan Width": 12,
                  "Plans": [
                    {
                      "Node Type": "Index Scan",
                      "Parent Relationship": "Outer",
                      "Parallel Aware": false,
                      "Async Capable": false,
                      "Scan Direction": "Backward",
                      "Index Name": "idx_finq_period_end",
                      "Relation Name": "financials_quarterly",
                      "Alias": "fq",
                      "Startup Cost": 0.29,
                      "Total Cost": 4.25,
                      "Plan Rows": 1,
                      "Plan Width": 12,
                      "Index Cond": "(period_end <= '2023-07-04'::date)",
                      "Filter": "((statement_type = ANY ('{IS_Q,CF_Q}'::text[])) AND (ticker = sdi.ticker) AND (item_name = 'OperatingIncome'::text))"
                    }
                  ]
                }
              ]
            }
          ]
        }
      ]
    }
  },
  "db_statistics": {
    "table_stats": {
      "stocks_daily_info": {
        "row_count": 12700,
        "size_mb": 1.71
      },
      "fundamentals_daily": {
        "row_count": 12080,
        "size_mb": 2.33
      },
      "financials_quarterly": {
        "row_count": 8634,
        "size_mb": 0.8
      }
    },
    "existing_indexes": [
      "backtest_results_pkey",
      "community_posts_pkey",
      "financials_quarterly_pkey",
      "fundamentals_daily_pkey",
      "idx_finq_period_end",
      "idx_finq_ticker",
      "idx_fund_event_date",
      "idx_fund_ticker",
      "idx_sdi_event_date",
      "idx_sdi_ticker",
      "ix_backtest_results_strategy_id",
      "ix_community_posts_author_id",
      "ix_community_posts_strategy_id",
      "ix_ml_models_owner_id",
      "ix_strategies_owner_id",
      "ix_users_email",
      "ml_models_pkey",
      "stocks_daily_info_pkey",
      "strategies_pkey",
      "users_pkey"
    ]
  }
}
---
{
  "workload_id": 1272,
  "metadata": {
    "strategy_template": "Value Investing Style",
    "ml_model_used": null
  },
  "sql_query": "SELECT fd.bps, fd.dividend_yield, fd.eps, fd.pbr, fd.per, sdi.close_price, sdi.company_name, sdi.ma_20d, sdi.market_cap, sdi.momentum_12m, sdi.momentum_3m, sdi.rsi_14, sdi.ticker, sdi.volatility_20d FROM stocks_daily_info sdi LEFT JOIN fundamentals_daily fd ON fd.ticker = sdi.ticker AND fd.event_date = sdi.event_date WHERE sdi.market = 'KOSPI' AND sdi.market_cap >= 58000000000 AND sdi.event_date = DATE '2023-09-21' ORDER BY fd.pbr asc, fd.per asc, fd.eps desc LIMIT 10;",
  "baseline_execution_plan": {
    "Plan": {
      "Node Type": "Limit",
      "Parallel Aware": false,
      "Async Capable": false,
      "Startup Cost": 24.72,
      "Total Cost": 24.73,
      "Plan Rows": 1,
      "Plan Width": 105,
      "Plans": [
        {
          "Node Type": "Sort",
          "Parent Relationship": "Outer",
          "Parallel Aware": false,
          "Async Capable": false,
          "Startup Cost": 24.72,
          "Total Cost": 24.73,
          "Plan Rows": 1,
          "Plan Width": 105,
          "Sort Key": [
            "fd.pbr",
            "fd.per",
            "fd.eps DESC"
          ],
          "Plans": [
            {
              "Node Type": "Nested Loop",
              "Parent Relationship": "Outer",
              "Parallel Aware": false,
              "Async Capable": false,
              "Join Type": "Left",
              "Startup Cost": 2.65,
              "Total Cost": 24.71,
              "Plan Rows": 1,
              "Plan Width": 105,
              "Inner Unique": true,
              "Plans": [
                {
                  "Node Type": "Bitmap Heap Scan",
                  "Parent Relationship": "Outer",
                  "Parallel Aware": false,
                  "Async Capable": false,
                  "Relation Name": "stocks_daily_info",
                  "Alias": "sdi",
                  "Startup Cost": 2.36,
                  "Total Cost": 20.4,
                  "Plan Rows": 1,
                  "Plan Width": 68,
                  "Recheck Cond": "(event_date = '2023-09-21'::date)",
                  "Filter": "((market_cap >= '58000000000'::numeric) AND (market = 'KOSPI'::text))",
                  "Plans": [
                    {
                      "Node Type": "Bitmap Index Scan",
                      "Parent Relationship": "Outer",
                      "Parallel Aware": false,
                      "Async Capable": false,
                      "Index Name": "idx_sdi_event_date",
                      "Startup Cost": 0.0,
                      "Total Cost": 2.36,
                      "Plan Rows": 10,
                      "Plan Width": 0,
                      "Index Cond": "(event_date = '2023-09-21'::date)"
                    }
                  ]
                },
                {
                  "Node Type": "Index Scan",
                  "Parent Relationship": "Inner",
                  "Parallel Aware": false,
                  "Async Capable": false,
                  "Scan Direction": "Forward",
                  "Index Name": "fundamentals_daily_pkey",
                  "Relation Name": "fundamentals_daily",
                  "Alias": "fd",
                  "Startup Cost": 0.29,
                  "Total Cost": 4.3,
                  "Plan Rows": 1,
                  "Plan Width": 55,
                  "Index Cond": "((event_date = '2023-09-21'::date) AND (ticker = sdi.ticker))"
                }
              ]
            }
          ]
        }
      ]
    }
  },
  "db_statistics": {
    "table_stats": {
      "stocks_daily_info": {
        "row_count": 12700,
        "size_mb": 1.71
      },
      "fundamentals_daily": {
        "row_count": 12080,
        "size_mb": 2.33
      },
      "financials_quarterly": {
        "row_count": 8634,
        "size_mb": 0.8
      }
    },
    "existing_indexes": [
      "backtest_results_pkey",
      "community_posts_pkey",
      "financials_quarterly_pkey",
      "fundamentals_daily_pkey",
      "idx_finq_period_end",
      "idx_finq_ticker",
      "idx_fund_event_date",
      "idx_fund_ticker",
      "idx_sdi_event_date",
      "idx_sdi_ticker",
      "ix_backtest_results_strategy_id",
      "ix_community_posts_author_id",
      "ix_community_posts_strategy_id",
      "ix_ml_models_owner_id",
      "ix_strategies_owner_id",
      "ix_users_email",
      "ml_models_pkey",
      "stocks_daily_info_pkey",
      "strategies_pkey",
      "users_pkey"
    ]
  }
}
---
{
  "workload_id": 1273,
  "metadata": {
    "strategy_template": "Value Investing Style",
    "ml_model_used": null
  },
  "sql_query": "SELECT ( SELECT COALESCE(SUM(value), 0) FROM ( SELECT value FROM financials_quarterly fq WHERE fq.ticker = sdi.ticker AND fq.item_name = 'NetIncome' AND fq.statement_type IN ('IS_Q','CF_Q') AND fq.period_end <= DATE '2023-06-05' ORDER BY fq.period_end DESC LIMIT 4 ) as recent_quarters ) AS ttm_netincome , fd.bps, fd.dividend_yield, fd.eps, fd.pbr, fd.per, sdi.close_price, sdi.company_name, sdi.ma_20d, sdi.market_cap, sdi.momentum_12m, sdi.momentum_3m, sdi.rsi_14, sdi.ticker, sdi.volatility_20d FROM stocks_daily_info sdi LEFT JOIN fundamentals_daily fd ON fd.ticker = sdi.ticker AND fd.event_date = sdi.event_date WHERE sdi.market = 'KOSPI' AND sdi.market_cap >= 404900000000 AND sdi.event_date = DATE '2023-06-05' ORDER BY fd.pbr asc, fd.per asc, fd.dividend_yield asc LIMIT 33;",
  "baseline_execution_plan": {
    "Plan": {
      "Node Type": "Limit",
      "Parallel Aware": false,
      "Async Capable": false,
      "Startup Cost": 24.72,
      "Total Cost": 29.02,
      "Plan Rows": 1,
      "Plan Width": 137,
      "Plans": [
        {
          "Node Type": "Result",
          "Parent Relationship": "Outer",
          "Parallel Aware": false,
          "Async Capable": false,
          "Startup Cost": 24.72,
          "Total Cost": 29.02,
          "Plan Rows": 1,
          "Plan Width": 137,
          "Plans": [
            {
              "Node Type": "Sort",
              "Parent Relationship": "Outer",
              "Parallel Aware": false,
              "Async Capable": false,
              "Startup Cost": 24.72,
              "Total Cost": 24.73,
              "Plan Rows": 1,
              "Plan Width": 105,
              "Sort Key": [
                "fd.pbr",
                "fd.per",
                "fd.dividend_yield"
              ],
              "Plans": [
                {
                  "Node Type": "Nested Loop",
                  "Parent Relationship": "Outer",
                  "Parallel Aware": false,
                  "Async Capable": false,
                  "Join Type": "Left",
                  "Startup Cost": 2.65,
                  "Total Cost": 24.71,
                  "Plan Rows": 1,
                  "Plan Width": 105,
                  "Inner Unique": true,
                  "Plans": [
                    {
                      "Node Type": "Bitmap Heap Scan",
                      "Parent Relationship": "Outer",
                      "Parallel Aware": false,
                      "Async Capable": false,
                      "Relation Name": "stocks_daily_info",
                      "Alias": "sdi",
                      "Startup Cost": 2.36,
                      "Total Cost": 20.4,
                      "Plan Rows": 1,
                      "Plan Width": 68,
                      "Recheck Cond": "(event_date = '2023-06-05'::date)",
                      "Filter": "((market_cap >= '404900000000'::numeric) AND (market = 'KOSPI'::text))",
                      "Plans": [
                        {
                          "Node Type": "Bitmap Index Scan",
                          "Parent Relationship": "Outer",
                          "Parallel Aware": false,
                          "Async Capable": false,
                          "Index Name": "idx_sdi_event_date",
                          "Startup Cost": 0.0,
                          "Total Cost": 2.36,
                          "Plan Rows": 10,
                          "Plan Width": 0,
                          "Index Cond": "(event_date = '2023-06-05'::date)"
                        }
                      ]
                    },
                    {
                      "Node Type": "Index Scan",
                      "Parent Relationship": "Inner",
                      "Parallel Aware": false,
                      "Async Capable": false,
                      "Scan Direction": "Forward",
                      "Index Name": "fundamentals_daily_pkey",
                      "Relation Name": "fundamentals_daily",
                      "Alias": "fd",
                      "Startup Cost": 0.29,
                      "Total Cost": 4.3,
                      "Plan Rows": 1,
                      "Plan Width": 55,
                      "Index Cond": "((event_date = '2023-06-05'::date) AND (ticker = sdi.ticker))"
                    }
                  ]
                }
              ]
            },
            {
              "Node Type": "Aggregate",
              "Strategy": "Plain",
              "Partial Mode": "Simple",
              "Parent Relationship": "SubPlan",
              "Subplan Name": "SubPlan 1",
              "Parallel Aware": false,
              "Async Capable": false,
              "Startup Cost": 4.27,
              "Total Cost": 4.28,
              "Plan Rows": 1,
              "Plan Width": 32,
              "Plans": [
                {
                  "Node Type": "Limit",
                  "Parent Relationship": "Outer",
                  "Parallel Aware": false,
                  "Async Capable": false,
                  "Startup Cost": 0.29,
                  "Total Cost": 4.25,
                  "Plan Rows": 1,
                  "Plan Width": 12,
                  "Plans": [
                    {
                      "Node Type": "Index Scan",
                      "Parent Relationship": "Outer",
                      "Parallel Aware": false,
                      "Async Capable": false,
                      "Scan Direction": "Backward",
                      "Index Name": "idx_finq_period_end",
                      "Relation Name": "financials_quarterly",
                      "Alias": "fq",
                      "Startup Cost": 0.29,
                      "Total Cost": 4.25,
                      "Plan Rows": 1,
                      "Plan Width": 12,
                      "Index Cond": "(period_end <= '2023-06-05'::date)",
                      "Filter": "((statement_type = ANY ('{IS_Q,CF_Q}'::text[])) AND (ticker = sdi.ticker) AND (item_name = 'NetIncome'::text))"
                    }
                  ]
                }
              ]
            }
          ]
        }
      ]
    }
  },
  "db_statistics": {
    "table_stats": {
      "stocks_daily_info": {
        "row_count": 12700,
        "size_mb": 1.71
      },
      "fundamentals_daily": {
        "row_count": 12080,
        "size_mb": 2.33
      },
      "financials_quarterly": {
        "row_count": 8634,
        "size_mb": 0.8
      }
    },
    "existing_indexes": [
      "backtest_results_pkey",
      "community_posts_pkey",
      "financials_quarterly_pkey",
      "fundamentals_daily_pkey",
      "idx_finq_period_end",
      "idx_finq_ticker",
      "idx_fund_event_date",
      "idx_fund_ticker",
      "idx_sdi_event_date",
      "idx_sdi_ticker",
      "ix_backtest_results_strategy_id",
      "ix_community_posts_author_id",
      "ix_community_posts_strategy_id",
      "ix_ml_models_owner_id",
      "ix_strategies_owner_id",
      "ix_users_email",
      "ml_models_pkey",
      "stocks_daily_info_pkey",
      "strategies_pkey",
      "users_pkey"
    ]
  }
}
---
{
  "workload_id": 1274,
  "metadata": {
    "strategy_template": "Momentum Investing Style",
    "ml_model_used": null
  },
  "sql_query": "SELECT sdi.close_price, sdi.company_name, sdi.ma_20d, sdi.market_cap, sdi.momentum_12m, sdi.momentum_3m, sdi.rsi_14, sdi.ticker, sdi.volatility_20d FROM stocks_daily_info sdi WHERE sdi.market = 'KOSDAQ' AND sdi.market_cap >= 345500000000 AND sdi.event_date = DATE '2023-05-07' ORDER BY sdi.momentum_3m desc, sdi.momentum_12m desc, sdi.rsi_14 desc, sdi.volatility_20d asc LIMIT 26;",
  "baseline_execution_plan": {
    "Plan": {
      "Node Type": "Limit",
      "Parallel Aware": false,
      "Async Capable": false,
      "Startup Cost": 20.41,
      "Total Cost": 20.41,
      "Plan Rows": 1,
      "Plan Width": 64,
      "Plans": [
        {
          "Node Type": "Sort",
          "Parent Relationship": "Outer",
          "Parallel Aware": false,
          "Async Capable": false,
          "Startup Cost": 20.41,
          "Total Cost": 20.41,
          "Plan Rows": 1,
          "Plan Width": 64,
          "Sort Key": [
            "momentum_3m DESC",
            "momentum_12m DESC",
            "rsi_14 DESC",
            "volatility_20d"
          ],
          "Plans": [
            {
              "Node Type": "Bitmap Heap Scan",
              "Parent Relationship": "Outer",
              "Parallel Aware": false,
              "Async Capable": false,
              "Relation Name": "stocks_daily_info",
              "Alias": "sdi",
              "Startup Cost": 2.36,
              "Total Cost": 20.4,
              "Plan Rows": 1,
              "Plan Width": 64,
              "Recheck Cond": "(event_date = '2023-05-07'::date)",
              "Filter": "((market_cap >= '345500000000'::numeric) AND (market = 'KOSDAQ'::text))",
              "Plans": [
                {
                  "Node Type": "Bitmap Index Scan",
                  "Parent Relationship": "Outer",
                  "Parallel Aware": false,
                  "Async Capable": false,
                  "Index Name": "idx_sdi_event_date",
                  "Startup Cost": 0.0,
                  "Total Cost": 2.36,
                  "Plan Rows": 10,
                  "Plan Width": 0,
                  "Index Cond": "(event_date = '2023-05-07'::date)"
                }
              ]
            }
          ]
        }
      ]
    }
  },
  "db_statistics": {
    "table_stats": {
      "stocks_daily_info": {
        "row_count": 12700,
        "size_mb": 1.71
      },
      "fundamentals_daily": {
        "row_count": 12080,
        "size_mb": 2.33
      },
      "financials_quarterly": {
        "row_count": 8634,
        "size_mb": 0.8
      }
    },
    "existing_indexes": [
      "backtest_results_pkey",
      "community_posts_pkey",
      "financials_quarterly_pkey",
      "fundamentals_daily_pkey",
      "idx_finq_period_end",
      "idx_finq_ticker",
      "idx_fund_event_date",
      "idx_fund_ticker",
      "idx_sdi_event_date",
      "idx_sdi_ticker",
      "ix_backtest_results_strategy_id",
      "ix_community_posts_author_id",
      "ix_community_posts_strategy_id",
      "ix_ml_models_owner_id",
      "ix_strategies_owner_id",
      "ix_users_email",
      "ml_models_pkey",
      "stocks_daily_info_pkey",
      "strategies_pkey",
      "users_pkey"
    ]
  }
}
---
{
  "workload_id": 1275,
  "metadata": {
    "strategy_template": "Value Investing Style",
    "ml_model_used": null
  },
  "sql_query": "SELECT fd.bps, fd.dividend_yield, fd.eps, fd.pbr, fd.per, sdi.close_price, sdi.company_name, sdi.ma_20d, sdi.market_cap, sdi.momentum_12m, sdi.momentum_3m, sdi.rsi_14, sdi.ticker, sdi.volatility_20d FROM stocks_daily_info sdi LEFT JOIN fundamentals_daily fd ON fd.ticker = sdi.ticker AND fd.event_date = sdi.event_date WHERE sdi.market = 'KOSPI' AND sdi.market_cap >= 487100000000 AND sdi.event_date = DATE '2023-07-30' ORDER BY fd.pbr asc, fd.per asc LIMIT 28;",
  "baseline_execution_plan": {
    "Plan": {
      "Node Type": "Limit",
      "Parallel Aware": false,
      "Async Capable": false,
      "Startup Cost": 24.72,
      "Total Cost": 24.73,
      "Plan Rows": 1,
      "Plan Width": 105,
      "Plans": [
        {
          "Node Type": "Sort",
          "Parent Relationship": "Outer",
          "Parallel Aware": false,
          "Async Capable": false,
          "Startup Cost": 24.72,
          "Total Cost": 24.73,
          "Plan Rows": 1,
          "Plan Width": 105,
          "Sort Key": [
            "fd.pbr",
            "fd.per"
          ],
          "Plans": [
            {
              "Node Type": "Nested Loop",
              "Parent Relationship": "Outer",
              "Parallel Aware": false,
              "Async Capable": false,
              "Join Type": "Left",
              "Startup Cost": 2.65,
              "Total Cost": 24.71,
              "Plan Rows": 1,
              "Plan Width": 105,
              "Inner Unique": true,
              "Plans": [
                {
                  "Node Type": "Bitmap Heap Scan",
                  "Parent Relationship": "Outer",
                  "Parallel Aware": false,
                  "Async Capable": false,
                  "Relation Name": "stocks_daily_info",
                  "Alias": "sdi",
                  "Startup Cost": 2.36,
                  "Total Cost": 20.4,
                  "Plan Rows": 1,
                  "Plan Width": 68,
                  "Recheck Cond": "(event_date = '2023-07-30'::date)",
                  "Filter": "((market_cap >= '487100000000'::numeric) AND (market = 'KOSPI'::text))",
                  "Plans": [
                    {
                      "Node Type": "Bitmap Index Scan",
                      "Parent Relationship": "Outer",
                      "Parallel Aware": false,
                      "Async Capable": false,
                      "Index Name": "idx_sdi_event_date",
                      "Startup Cost": 0.0,
                      "Total Cost": 2.36,
                      "Plan Rows": 10,
                      "Plan Width": 0,
                      "Index Cond": "(event_date = '2023-07-30'::date)"
                    }
                  ]
                },
                {
                  "Node Type": "Index Scan",
                  "Parent Relationship": "Inner",
                  "Parallel Aware": false,
                  "Async Capable": false,
                  "Scan Direction": "Forward",
                  "Index Name": "fundamentals_daily_pkey",
                  "Relation Name": "fundamentals_daily",
                  "Alias": "fd",
                  "Startup Cost": 0.29,
                  "Total Cost": 4.3,
                  "Plan Rows": 1,
                  "Plan Width": 55,
                  "Index Cond": "((event_date = '2023-07-30'::date) AND (ticker = sdi.ticker))"
                }
              ]
            }
          ]
        }
      ]
    }
  },
  "db_statistics": {
    "table_stats": {
      "stocks_daily_info": {
        "row_count": 12700,
        "size_mb": 1.71
      },
      "fundamentals_daily": {
        "row_count": 12080,
        "size_mb": 2.33
      },
      "financials_quarterly": {
        "row_count": 8634,
        "size_mb": 0.8
      }
    },
    "existing_indexes": [
      "backtest_results_pkey",
      "community_posts_pkey",
      "financials_quarterly_pkey",
      "fundamentals_daily_pkey",
      "idx_finq_period_end",
      "idx_finq_ticker",
      "idx_fund_event_date",
      "idx_fund_ticker",
      "idx_sdi_event_date",
      "idx_sdi_ticker",
      "ix_backtest_results_strategy_id",
      "ix_community_posts_author_id",
      "ix_community_posts_strategy_id",
      "ix_ml_models_owner_id",
      "ix_strategies_owner_id",
      "ix_users_email",
      "ml_models_pkey",
      "stocks_daily_info_pkey",
      "strategies_pkey",
      "users_pkey"
    ]
  }
}
---
{
  "workload_id": 1276,
  "metadata": {
    "strategy_template": "ML Hybrid Style",
    "ml_model_used": "Return Forecast Model"
  },
  "sql_query": "SELECT ( SELECT COALESCE(SUM(value), 0) FROM ( SELECT value FROM financials_quarterly fq WHERE fq.ticker = sdi.ticker AND fq.item_name = 'OperatingIncome' AND fq.statement_type IN ('IS_Q','CF_Q') AND fq.period_end <= DATE '2023-09-13' ORDER BY fq.period_end DESC LIMIT 4 ) as recent_quarters ) AS ttm_operatingincome , sdi.close_price, sdi.company_name, sdi.ma_20d, sdi.market_cap, sdi.momentum_12m, sdi.momentum_3m, sdi.rsi_14, sdi.ticker, sdi.volatility_20d FROM stocks_daily_info sdi WHERE sdi.market = 'KOSPI' AND sdi.market_cap >= 416800000000 AND sdi.event_date = DATE '2023-09-13' ORDER BY CASE sdi.ticker WHEN '000660.KS' THEN 1 WHEN '005930.KS' THEN 2 WHEN '068270.KQ' THEN 3 WHEN '207940.KS' THEN 4 WHEN '035420.KS' THEN 5 WHEN '005380.KS' THEN 6 WHEN '051910.KS' THEN 7 WHEN '012330.KS' THEN 8 WHEN '035720.KS' THEN 9 WHEN '105560.KS' THEN 10 ELSE 11 END LIMIT 20;",
  "baseline_execution_plan": {
    "Plan": {
      "Node Type": "Limit",
      "Parallel Aware": false,
      "Async Capable": false,
      "Startup Cost": 20.43,
      "Total Cost": 24.75,
      "Plan Rows": 1,
      "Plan Width": 100,
      "Plans": [
        {
          "Node Type": "Result",
          "Parent Relationship": "Outer",
          "Parallel Aware": false,
          "Async Capable": false,
          "Startup Cost": 20.43,
          "Total Cost": 24.75,
          "Plan Rows": 1,
          "Plan Width": 100,
          "Plans": [
            {
              "Node Type": "Sort",
              "Parent Relationship": "Outer",
              "Parallel Aware": false,
              "Async Capable": false,
              "Startup Cost": 20.43,
              "Total Cost": 20.44,
              "Plan Rows": 1,
              "Plan Width": 68,
              "Sort Key": [
                "(CASE sdi.ticker WHEN '000660.KS'::text THEN 1 WHEN '005930.KS'::text THEN 2 WHEN '068270.KQ'::text THEN 3 WHEN '207940.KS'::text THEN 4 WHEN '035420.KS'::text THEN 5 WHEN '005380.KS'::text THEN 6 WHEN '051910.KS'::text THEN 7 WHEN '012330.KS'::text THEN 8 WHEN '035720.KS'::text THEN 9 WHEN '105560.KS'::text THEN 10 ELSE 11 END)"
              ],
              "Plans": [
                {
                  "Node Type": "Bitmap Heap Scan",
                  "Parent Relationship": "Outer",
                  "Parallel Aware": false,
                  "Async Capable": false,
                  "Relation Name": "stocks_daily_info",
                  "Alias": "sdi",
                  "Startup Cost": 2.36,
                  "Total Cost": 20.42,
                  "Plan Rows": 1,
                  "Plan Width": 68,
                  "Recheck Cond": "(event_date = '2023-09-13'::date)",
                  "Filter": "((market_cap >= '416800000000'::numeric) AND (market = 'KOSPI'::text))",
                  "Plans": [
                    {
                      "Node Type": "Bitmap Index Scan",
                      "Parent Relationship": "Outer",
                      "Parallel Aware": false,
                      "Async Capable": false,
                      "Index Name": "idx_sdi_event_date",
                      "Startup Cost": 0.0,
                      "Total Cost": 2.36,
                      "Plan Rows": 10,
                      "Plan Width": 0,
                      "Index Cond": "(event_date = '2023-09-13'::date)"
                    }
                  ]
                }
              ]
            },
            {
              "Node Type": "Aggregate",
              "Strategy": "Plain",
              "Partial Mode": "Simple",
              "Parent Relationship": "SubPlan",
              "Subplan Name": "SubPlan 1",
              "Parallel Aware": false,
              "Async Capable": false,
              "Startup Cost": 4.27,
              "Total Cost": 4.28,
              "Plan Rows": 1,
              "Plan Width": 32,
              "Plans": [
                {
                  "Node Type": "Limit",
                  "Parent Relationship": "Outer",
                  "Parallel Aware": false,
                  "Async Capable": false,
                  "Startup Cost": 0.29,
                  "Total Cost": 4.25,
                  "Plan Rows": 1,
                  "Plan Width": 12,
                  "Plans": [
                    {
                      "Node Type": "Index Scan",
                      "Parent Relationship": "Outer",
                      "Parallel Aware": false,
                      "Async Capable": false,
                      "Scan Direction": "Backward",
                      "Index Name": "idx_finq_period_end",
                      "Relation Name": "financials_quarterly",
                      "Alias": "fq",
                      "Startup Cost": 0.29,
                      "Total Cost": 4.25,
                      "Plan Rows": 1,
                      "Plan Width": 12,
                      "Index Cond": "(period_end <= '2023-09-13'::date)",
                      "Filter": "((statement_type = ANY ('{IS_Q,CF_Q}'::text[])) AND (ticker = sdi.ticker) AND (item_name = 'OperatingIncome'::text))"
                    }
                  ]
                }
              ]
            }
          ]
        }
      ]
    }
  },
  "db_statistics": {
    "table_stats": {
      "stocks_daily_info": {
        "row_count": 12700,
        "size_mb": 1.71
      },
      "fundamentals_daily": {
        "row_count": 12080,
        "size_mb": 2.33
      },
      "financials_quarterly": {
        "row_count": 8634,
        "size_mb": 0.8
      }
    },
    "existing_indexes": [
      "backtest_results_pkey",
      "community_posts_pkey",
      "financials_quarterly_pkey",
      "fundamentals_daily_pkey",
      "idx_finq_period_end",
      "idx_finq_ticker",
      "idx_fund_event_date",
      "idx_fund_ticker",
      "idx_sdi_event_date",
      "idx_sdi_ticker",
      "ix_backtest_results_strategy_id",
      "ix_community_posts_author_id",
      "ix_community_posts_strategy_id",
      "ix_ml_models_owner_id",
      "ix_strategies_owner_id",
      "ix_users_email",
      "ml_models_pkey",
      "stocks_daily_info_pkey",
      "strategies_pkey",
      "users_pkey"
    ]
  }
}
---
{
  "workload_id": 1277,
  "metadata": {
    "strategy_template": "Value Investing Style",
    "ml_model_used": null
  },
  "sql_query": "SELECT fd.bps, fd.dividend_yield, fd.eps, fd.pbr, fd.per, sdi.close_price, sdi.company_name, sdi.ma_20d, sdi.market_cap, sdi.momentum_12m, sdi.momentum_3m, sdi.rsi_14, sdi.ticker, sdi.volatility_20d FROM stocks_daily_info sdi LEFT JOIN fundamentals_daily fd ON fd.ticker = sdi.ticker AND fd.event_date = sdi.event_date WHERE sdi.market = 'KOSDAQ' AND sdi.market_cap >= 224700000000 AND sdi.event_date = DATE '2023-06-16' ORDER BY fd.pbr desc, fd.per desc, fd.dividend_yield asc LIMIT 12;",
  "baseline_execution_plan": {
    "Plan": {
      "Node Type": "Limit",
      "Parallel Aware": false,
      "Async Capable": false,
      "Startup Cost": 24.72,
      "Total Cost": 24.73,
      "Plan Rows": 1,
      "Plan Width": 105,
      "Plans": [
        {
          "Node Type": "Sort",
          "Parent Relationship": "Outer",
          "Parallel Aware": false,
          "Async Capable": false,
          "Startup Cost": 24.72,
          "Total Cost": 24.73,
          "Plan Rows": 1,
          "Plan Width": 105,
          "Sort Key": [
            "fd.pbr DESC",
            "fd.per DESC",
            "fd.dividend_yield"
          ],
          "Plans": [
            {
              "Node Type": "Nested Loop",
              "Parent Relationship": "Outer",
              "Parallel Aware": false,
              "Async Capable": false,
              "Join Type": "Left",
              "Startup Cost": 2.65,
              "Total Cost": 24.71,
              "Plan Rows": 1,
              "Plan Width": 105,
              "Inner Unique": true,
              "Plans": [
                {
                  "Node Type": "Bitmap Heap Scan",
                  "Parent Relationship": "Outer",
                  "Parallel Aware": false,
                  "Async Capable": false,
                  "Relation Name": "stocks_daily_info",
                  "Alias": "sdi",
                  "Startup Cost": 2.36,
                  "Total Cost": 20.4,
                  "Plan Rows": 1,
                  "Plan Width": 68,
                  "Recheck Cond": "(event_date = '2023-06-16'::date)",
                  "Filter": "((market_cap >= '224700000000'::numeric) AND (market = 'KOSDAQ'::text))",
                  "Plans": [
                    {
                      "Node Type": "Bitmap Index Scan",
                      "Parent Relationship": "Outer",
                      "Parallel Aware": false,
                      "Async Capable": false,
                      "Index Name": "idx_sdi_event_date",
                      "Startup Cost": 0.0,
                      "Total Cost": 2.36,
                      "Plan Rows": 10,
                      "Plan Width": 0,
                      "Index Cond": "(event_date = '2023-06-16'::date)"
                    }
                  ]
                },
                {
                  "Node Type": "Index Scan",
                  "Parent Relationship": "Inner",
                  "Parallel Aware": false,
                  "Async Capable": false,
                  "Scan Direction": "Forward",
                  "Index Name": "fundamentals_daily_pkey",
                  "Relation Name": "fundamentals_daily",
                  "Alias": "fd",
                  "Startup Cost": 0.29,
                  "Total Cost": 4.3,
                  "Plan Rows": 1,
                  "Plan Width": 55,
                  "Index Cond": "((event_date = '2023-06-16'::date) AND (ticker = sdi.ticker))"
                }
              ]
            }
          ]
        }
      ]
    }
  },
  "db_statistics": {
    "table_stats": {
      "stocks_daily_info": {
        "row_count": 12700,
        "size_mb": 1.71
      },
      "fundamentals_daily": {
        "row_count": 12080,
        "size_mb": 2.33
      },
      "financials_quarterly": {
        "row_count": 8634,
        "size_mb": 0.8
      }
    },
    "existing_indexes": [
      "backtest_results_pkey",
      "community_posts_pkey",
      "financials_quarterly_pkey",
      "fundamentals_daily_pkey",
      "idx_finq_period_end",
      "idx_finq_ticker",
      "idx_fund_event_date",
      "idx_fund_ticker",
      "idx_sdi_event_date",
      "idx_sdi_ticker",
      "ix_backtest_results_strategy_id",
      "ix_community_posts_author_id",
      "ix_community_posts_strategy_id",
      "ix_ml_models_owner_id",
      "ix_strategies_owner_id",
      "ix_users_email",
      "ml_models_pkey",
      "stocks_daily_info_pkey",
      "strategies_pkey",
      "users_pkey"
    ]
  }
}
---
{
  "workload_id": 1278,
  "metadata": {
    "strategy_template": "Value Investing Style",
    "ml_model_used": null
  },
  "sql_query": "SELECT fd.bps, fd.dividend_yield, fd.eps, fd.pbr, fd.per, sdi.close_price, sdi.company_name, sdi.ma_20d, sdi.market_cap, sdi.momentum_12m, sdi.momentum_3m, sdi.rsi_14, sdi.ticker, sdi.volatility_20d FROM stocks_daily_info sdi LEFT JOIN fundamentals_daily fd ON fd.ticker = sdi.ticker AND fd.event_date = sdi.event_date WHERE sdi.market = 'KOSDAQ' AND sdi.market_cap >= 195400000000 AND sdi.event_date = DATE '2023-07-19' ORDER BY fd.pbr desc, fd.per desc, fd.eps asc LIMIT 13;",
  "baseline_execution_plan": {
    "Plan": {
      "Node Type": "Limit",
      "Parallel Aware": false,
      "Async Capable": false,
      "Startup Cost": 24.72,
      "Total Cost": 24.73,
      "Plan Rows": 1,
      "Plan Width": 105,
      "Plans": [
        {
          "Node Type": "Sort",
          "Parent Relationship": "Outer",
          "Parallel Aware": false,
          "Async Capable": false,
          "Startup Cost": 24.72,
          "Total Cost": 24.73,
          "Plan Rows": 1,
          "Plan Width": 105,
          "Sort Key": [
            "fd.pbr DESC",
            "fd.per DESC",
            "fd.eps"
          ],
          "Plans": [
            {
              "Node Type": "Nested Loop",
              "Parent Relationship": "Outer",
              "Parallel Aware": false,
              "Async Capable": false,
              "Join Type": "Left",
              "Startup Cost": 2.65,
              "Total Cost": 24.71,
              "Plan Rows": 1,
              "Plan Width": 105,
              "Inner Unique": true,
              "Plans": [
                {
                  "Node Type": "Bitmap Heap Scan",
                  "Parent Relationship": "Outer",
                  "Parallel Aware": false,
                  "Async Capable": false,
                  "Relation Name": "stocks_daily_info",
                  "Alias": "sdi",
                  "Startup Cost": 2.36,
                  "Total Cost": 20.4,
                  "Plan Rows": 1,
                  "Plan Width": 68,
                  "Recheck Cond": "(event_date = '2023-07-19'::date)",
                  "Filter": "((market_cap >= '195400000000'::numeric) AND (market = 'KOSDAQ'::text))",
                  "Plans": [
                    {
                      "Node Type": "Bitmap Index Scan",
                      "Parent Relationship": "Outer",
                      "Parallel Aware": false,
                      "Async Capable": false,
                      "Index Name": "idx_sdi_event_date",
                      "Startup Cost": 0.0,
                      "Total Cost": 2.36,
                      "Plan Rows": 10,
                      "Plan Width": 0,
                      "Index Cond": "(event_date = '2023-07-19'::date)"
                    }
                  ]
                },
                {
                  "Node Type": "Index Scan",
                  "Parent Relationship": "Inner",
                  "Parallel Aware": false,
                  "Async Capable": false,
                  "Scan Direction": "Forward",
                  "Index Name": "fundamentals_daily_pkey",
                  "Relation Name": "fundamentals_daily",
                  "Alias": "fd",
                  "Startup Cost": 0.29,
                  "Total Cost": 4.3,
                  "Plan Rows": 1,
                  "Plan Width": 55,
                  "Index Cond": "((event_date = '2023-07-19'::date) AND (ticker = sdi.ticker))"
                }
              ]
            }
          ]
        }
      ]
    }
  },
  "db_statistics": {
    "table_stats": {
      "stocks_daily_info": {
        "row_count": 12700,
        "size_mb": 1.71
      },
      "fundamentals_daily": {
        "row_count": 12080,
        "size_mb": 2.33
      },
      "financials_quarterly": {
        "row_count": 8634,
        "size_mb": 0.8
      }
    },
    "existing_indexes": [
      "backtest_results_pkey",
      "community_posts_pkey",
      "financials_quarterly_pkey",
      "fundamentals_daily_pkey",
      "idx_finq_period_end",
      "idx_finq_ticker",
      "idx_fund_event_date",
      "idx_fund_ticker",
      "idx_sdi_event_date",
      "idx_sdi_ticker",
      "ix_backtest_results_strategy_id",
      "ix_community_posts_author_id",
      "ix_community_posts_strategy_id",
      "ix_ml_models_owner_id",
      "ix_strategies_owner_id",
      "ix_users_email",
      "ml_models_pkey",
      "stocks_daily_info_pkey",
      "strategies_pkey",
      "users_pkey"
    ]
  }
}
---
{
  "workload_id": 1279,
  "metadata": {
    "strategy_template": "Momentum Investing Style",
    "ml_model_used": null
  },
  "sql_query": "SELECT sdi.close_price, sdi.company_name, sdi.ma_20d, sdi.market_cap, sdi.momentum_12m, sdi.momentum_3m, sdi.rsi_14, sdi.ticker, sdi.volatility_20d FROM stocks_daily_info sdi WHERE sdi.market = 'KOSPI' AND sdi.market_cap >= 151900000000 AND sdi.event_date = DATE '2023-10-06' ORDER BY sdi.momentum_3m asc, sdi.momentum_12m desc, sdi.rsi_14 desc, sdi.volatility_20d asc LIMIT 38;",
  "baseline_execution_plan": {
    "Plan": {
      "Node Type": "Limit",
      "Parallel Aware": false,
      "Async Capable": false,
      "Startup Cost": 20.41,
      "Total Cost": 20.41,
      "Plan Rows": 1,
      "Plan Width": 64,
      "Plans": [
        {
          "Node Type": "Sort",
          "Parent Relationship": "Outer",
          "Parallel Aware": false,
          "Async Capable": false,
          "Startup Cost": 20.41,
          "Total Cost": 20.41,
          "Plan Rows": 1,
          "Plan Width": 64,
          "Sort Key": [
            "momentum_3m",
            "momentum_12m DESC",
            "rsi_14 DESC",
            "volatility_20d"
          ],
          "Plans": [
            {
              "Node Type": "Bitmap Heap Scan",
              "Parent Relationship": "Outer",
              "Parallel Aware": false,
              "Async Capable": false,
              "Relation Name": "stocks_daily_info",
              "Alias": "sdi",
              "Startup Cost": 2.36,
              "Total Cost": 20.4,
              "Plan Rows": 1,
              "Plan Width": 64,
              "Recheck Cond": "(event_date = '2023-10-06'::date)",
              "Filter": "((market_cap >= '151900000000'::numeric) AND (market = 'KOSPI'::text))",
              "Plans": [
                {
                  "Node Type": "Bitmap Index Scan",
                  "Parent Relationship": "Outer",
                  "Parallel Aware": false,
                  "Async Capable": false,
                  "Index Name": "idx_sdi_event_date",
                  "Startup Cost": 0.0,
                  "Total Cost": 2.36,
                  "Plan Rows": 10,
                  "Plan Width": 0,
                  "Index Cond": "(event_date = '2023-10-06'::date)"
                }
              ]
            }
          ]
        }
      ]
    }
  },
  "db_statistics": {
    "table_stats": {
      "stocks_daily_info": {
        "row_count": 12700,
        "size_mb": 1.71
      },
      "fundamentals_daily": {
        "row_count": 12080,
        "size_mb": 2.33
      },
      "financials_quarterly": {
        "row_count": 8634,
        "size_mb": 0.8
      }
    },
    "existing_indexes": [
      "backtest_results_pkey",
      "community_posts_pkey",
      "financials_quarterly_pkey",
      "fundamentals_daily_pkey",
      "idx_finq_period_end",
      "idx_finq_ticker",
      "idx_fund_event_date",
      "idx_fund_ticker",
      "idx_sdi_event_date",
      "idx_sdi_ticker",
      "ix_backtest_results_strategy_id",
      "ix_community_posts_author_id",
      "ix_community_posts_strategy_id",
      "ix_ml_models_owner_id",
      "ix_strategies_owner_id",
      "ix_users_email",
      "ml_models_pkey",
      "stocks_daily_info_pkey",
      "strategies_pkey",
      "users_pkey"
    ]
  }
}
---
{
  "workload_id": 1280,
  "metadata": {
    "strategy_template": "ML Hybrid Style",
    "ml_model_used": "Return Forecast Model"
  },
  "sql_query": "SELECT sdi.close_price, sdi.company_name, sdi.ma_20d, sdi.market_cap, sdi.momentum_12m, sdi.momentum_3m, sdi.rsi_14, sdi.ticker, sdi.volatility_20d FROM stocks_daily_info sdi WHERE sdi.market = 'KOSDAQ' AND sdi.market_cap >= 228000000000 AND sdi.event_date = DATE '2023-10-13' ORDER BY CASE sdi.ticker WHEN '000660.KS' THEN 1 WHEN '005930.KS' THEN 2 WHEN '068270.KQ' THEN 3 WHEN '207940.KS' THEN 4 WHEN '035420.KS' THEN 5 WHEN '005380.KS' THEN 6 WHEN '051910.KS' THEN 7 WHEN '012330.KS' THEN 8 WHEN '035720.KS' THEN 9 WHEN '105560.KS' THEN 10 ELSE 11 END LIMIT 48;",
  "baseline_execution_plan": {
    "Plan": {
      "Node Type": "Limit",
      "Parallel Aware": false,
      "Async Capable": false,
      "Startup Cost": 20.43,
      "Total Cost": 20.44,
      "Plan Rows": 1,
      "Plan Width": 68,
      "Plans": [
        {
          "Node Type": "Sort",
          "Parent Relationship": "Outer",
          "Parallel Aware": false,
          "Async Capable": false,
          "Startup Cost": 20.43,
          "Total Cost": 20.44,
          "Plan Rows": 1,
          "Plan Width": 68,
          "Sort Key": [
            "(CASE ticker WHEN '000660.KS'::text THEN 1 WHEN '005930.KS'::text THEN 2 WHEN '068270.KQ'::text THEN 3 WHEN '207940.KS'::text THEN 4 WHEN '035420.KS'::text THEN 5 WHEN '005380.KS'::text THEN 6 WHEN '051910.KS'::text THEN 7 WHEN '012330.KS'::text THEN 8 WHEN '035720.KS'::text THEN 9 WHEN '105560.KS'::text THEN 10 ELSE 11 END)"
          ],
          "Plans": [
            {
              "Node Type": "Bitmap Heap Scan",
              "Parent Relationship": "Outer",
              "Parallel Aware": false,
              "Async Capable": false,
              "Relation Name": "stocks_daily_info",
              "Alias": "sdi",
              "Startup Cost": 2.36,
              "Total Cost": 20.42,
              "Plan Rows": 1,
              "Plan Width": 68,
              "Recheck Cond": "(event_date = '2023-10-13'::date)",
              "Filter": "((market_cap >= '228000000000'::numeric) AND (market = 'KOSDAQ'::text))",
              "Plans": [
                {
                  "Node Type": "Bitmap Index Scan",
                  "Parent Relationship": "Outer",
                  "Parallel Aware": false,
                  "Async Capable": false,
                  "Index Name": "idx_sdi_event_date",
                  "Startup Cost": 0.0,
                  "Total Cost": 2.36,
                  "Plan Rows": 10,
                  "Plan Width": 0,
                  "Index Cond": "(event_date = '2023-10-13'::date)"
                }
              ]
            }
          ]
        }
      ]
    }
  },
  "db_statistics": {
    "table_stats": {
      "stocks_daily_info": {
        "row_count": 12700,
        "size_mb": 1.71
      },
      "fundamentals_daily": {
        "row_count": 12080,
        "size_mb": 2.33
      },
      "financials_quarterly": {
        "row_count": 8634,
        "size_mb": 0.8
      }
    },
    "existing_indexes": [
      "backtest_results_pkey",
      "community_posts_pkey",
      "financials_quarterly_pkey",
      "fundamentals_daily_pkey",
      "idx_finq_period_end",
      "idx_finq_ticker",
      "idx_fund_event_date",
      "idx_fund_ticker",
      "idx_sdi_event_date",
      "idx_sdi_ticker",
      "ix_backtest_results_strategy_id",
      "ix_community_posts_author_id",
      "ix_community_posts_strategy_id",
      "ix_ml_models_owner_id",
      "ix_strategies_owner_id",
      "ix_users_email",
      "ml_models_pkey",
      "stocks_daily_info_pkey",
      "strategies_pkey",
      "users_pkey"
    ]
  }
}
---
{
  "workload_id": 1281,
  "metadata": {
    "strategy_template": "ML Hybrid Style",
    "ml_model_used": "Return Forecast Model"
  },
  "sql_query": "SELECT sdi.close_price, sdi.company_name, sdi.ma_20d, sdi.market_cap, sdi.momentum_12m, sdi.momentum_3m, sdi.rsi_14, sdi.ticker, sdi.volatility_20d FROM stocks_daily_info sdi WHERE sdi.market = 'KOSPI' AND sdi.market_cap >= 330400000000 AND sdi.event_date = DATE '2023-05-23' ORDER BY CASE sdi.ticker WHEN '000660.KS' THEN 1 WHEN '005930.KS' THEN 2 WHEN '068270.KQ' THEN 3 WHEN '207940.KS' THEN 4 WHEN '035420.KS' THEN 5 WHEN '005380.KS' THEN 6 WHEN '051910.KS' THEN 7 WHEN '012330.KS' THEN 8 WHEN '035720.KS' THEN 9 WHEN '105560.KS' THEN 10 ELSE 11 END LIMIT 25;",
  "baseline_execution_plan": {
    "Plan": {
      "Node Type": "Limit",
      "Parallel Aware": false,
      "Async Capable": false,
      "Startup Cost": 20.43,
      "Total Cost": 20.44,
      "Plan Rows": 1,
      "Plan Width": 68,
      "Plans": [
        {
          "Node Type": "Sort",
          "Parent Relationship": "Outer",
          "Parallel Aware": false,
          "Async Capable": false,
          "Startup Cost": 20.43,
          "Total Cost": 20.44,
          "Plan Rows": 1,
          "Plan Width": 68,
          "Sort Key": [
            "(CASE ticker WHEN '000660.KS'::text THEN 1 WHEN '005930.KS'::text THEN 2 WHEN '068270.KQ'::text THEN 3 WHEN '207940.KS'::text THEN 4 WHEN '035420.KS'::text THEN 5 WHEN '005380.KS'::text THEN 6 WHEN '051910.KS'::text THEN 7 WHEN '012330.KS'::text THEN 8 WHEN '035720.KS'::text THEN 9 WHEN '105560.KS'::text THEN 10 ELSE 11 END)"
          ],
          "Plans": [
            {
              "Node Type": "Bitmap Heap Scan",
              "Parent Relationship": "Outer",
              "Parallel Aware": false,
              "Async Capable": false,
              "Relation Name": "stocks_daily_info",
              "Alias": "sdi",
              "Startup Cost": 2.36,
              "Total Cost": 20.42,
              "Plan Rows": 1,
              "Plan Width": 68,
              "Recheck Cond": "(event_date = '2023-05-23'::date)",
              "Filter": "((market_cap >= '330400000000'::numeric) AND (market = 'KOSPI'::text))",
              "Plans": [
                {
                  "Node Type": "Bitmap Index Scan",
                  "Parent Relationship": "Outer",
                  "Parallel Aware": false,
                  "Async Capable": false,
                  "Index Name": "idx_sdi_event_date",
                  "Startup Cost": 0.0,
                  "Total Cost": 2.36,
                  "Plan Rows": 10,
                  "Plan Width": 0,
                  "Index Cond": "(event_date = '2023-05-23'::date)"
                }
              ]
            }
          ]
        }
      ]
    }
  },
  "db_statistics": {
    "table_stats": {
      "stocks_daily_info": {
        "row_count": 12700,
        "size_mb": 1.71
      },
      "fundamentals_daily": {
        "row_count": 12080,
        "size_mb": 2.33
      },
      "financials_quarterly": {
        "row_count": 8634,
        "size_mb": 0.8
      }
    },
    "existing_indexes": [
      "backtest_results_pkey",
      "community_posts_pkey",
      "financials_quarterly_pkey",
      "fundamentals_daily_pkey",
      "idx_finq_period_end",
      "idx_finq_ticker",
      "idx_fund_event_date",
      "idx_fund_ticker",
      "idx_sdi_event_date",
      "idx_sdi_ticker",
      "ix_backtest_results_strategy_id",
      "ix_community_posts_author_id",
      "ix_community_posts_strategy_id",
      "ix_ml_models_owner_id",
      "ix_strategies_owner_id",
      "ix_users_email",
      "ml_models_pkey",
      "stocks_daily_info_pkey",
      "strategies_pkey",
      "users_pkey"
    ]
  }
}
---
{
  "workload_id": 1282,
  "metadata": {
    "strategy_template": "ML Hybrid Style",
    "ml_model_used": "Return Forecast Model"
  },
  "sql_query": "SELECT ( SELECT COALESCE(SUM(value), 0) FROM ( SELECT value FROM financials_quarterly fq WHERE fq.ticker = sdi.ticker AND fq.item_name = 'OperatingCashFlow' AND fq.statement_type IN ('IS_Q','CF_Q') AND fq.period_end <= DATE '2023-07-28' ORDER BY fq.period_end DESC LIMIT 4 ) as recent_quarters ) AS ttm_operatingcashflow , sdi.close_price, sdi.company_name, sdi.ma_20d, sdi.market_cap, sdi.momentum_12m, sdi.momentum_3m, sdi.rsi_14, sdi.ticker, sdi.volatility_20d FROM stocks_daily_info sdi WHERE sdi.market = 'KOSPI' AND sdi.market_cap >= 473400000000 AND sdi.event_date = DATE '2023-07-28' ORDER BY CASE sdi.ticker WHEN '000660.KS' THEN 1 WHEN '005930.KS' THEN 2 WHEN '068270.KQ' THEN 3 WHEN '207940.KS' THEN 4 WHEN '035420.KS' THEN 5 WHEN '005380.KS' THEN 6 WHEN '051910.KS' THEN 7 WHEN '012330.KS' THEN 8 WHEN '035720.KS' THEN 9 WHEN '105560.KS' THEN 10 ELSE 11 END LIMIT 21;",
  "baseline_execution_plan": {
    "Plan": {
      "Node Type": "Limit",
      "Parallel Aware": false,
      "Async Capable": false,
      "Startup Cost": 20.43,
      "Total Cost": 24.75,
      "Plan Rows": 1,
      "Plan Width": 100,
      "Plans": [
        {
          "Node Type": "Result",
          "Parent Relationship": "Outer",
          "Parallel Aware": false,
          "Async Capable": false,
          "Startup Cost": 20.43,
          "Total Cost": 24.75,
          "Plan Rows": 1,
          "Plan Width": 100,
          "Plans": [
            {
              "Node Type": "Sort",
              "Parent Relationship": "Outer",
              "Parallel Aware": false,
              "Async Capable": false,
              "Startup Cost": 20.43,
              "Total Cost": 20.44,
              "Plan Rows": 1,
              "Plan Width": 68,
              "Sort Key": [
                "(CASE sdi.ticker WHEN '000660.KS'::text THEN 1 WHEN '005930.KS'::text THEN 2 WHEN '068270.KQ'::text THEN 3 WHEN '207940.KS'::text THEN 4 WHEN '035420.KS'::text THEN 5 WHEN '005380.KS'::text THEN 6 WHEN '051910.KS'::text THEN 7 WHEN '012330.KS'::text THEN 8 WHEN '035720.KS'::text THEN 9 WHEN '105560.KS'::text THEN 10 ELSE 11 END)"
              ],
              "Plans": [
                {
                  "Node Type": "Bitmap Heap Scan",
                  "Parent Relationship": "Outer",
                  "Parallel Aware": false,
                  "Async Capable": false,
                  "Relation Name": "stocks_daily_info",
                  "Alias": "sdi",
                  "Startup Cost": 2.36,
                  "Total Cost": 20.42,
                  "Plan Rows": 1,
                  "Plan Width": 68,
                  "Recheck Cond": "(event_date = '2023-07-28'::date)",
                  "Filter": "((market_cap >= '473400000000'::numeric) AND (market = 'KOSPI'::text))",
                  "Plans": [
                    {
                      "Node Type": "Bitmap Index Scan",
                      "Parent Relationship": "Outer",
                      "Parallel Aware": false,
                      "Async Capable": false,
                      "Index Name": "idx_sdi_event_date",
                      "Startup Cost": 0.0,
                      "Total Cost": 2.36,
                      "Plan Rows": 10,
                      "Plan Width": 0,
                      "Index Cond": "(event_date = '2023-07-28'::date)"
                    }
                  ]
                }
              ]
            },
            {
              "Node Type": "Aggregate",
              "Strategy": "Plain",
              "Partial Mode": "Simple",
              "Parent Relationship": "SubPlan",
              "Subplan Name": "SubPlan 1",
              "Parallel Aware": false,
              "Async Capable": false,
              "Startup Cost": 4.27,
              "Total Cost": 4.28,
              "Plan Rows": 1,
              "Plan Width": 32,
              "Plans": [
                {
                  "Node Type": "Limit",
                  "Parent Relationship": "Outer",
                  "Parallel Aware": false,
                  "Async Capable": false,
                  "Startup Cost": 0.29,
                  "Total Cost": 4.25,
                  "Plan Rows": 1,
                  "Plan Width": 12,
                  "Plans": [
                    {
                      "Node Type": "Index Scan",
                      "Parent Relationship": "Outer",
                      "Parallel Aware": false,
                      "Async Capable": false,
                      "Scan Direction": "Backward",
                      "Index Name": "idx_finq_period_end",
                      "Relation Name": "financials_quarterly",
                      "Alias": "fq",
                      "Startup Cost": 0.29,
                      "Total Cost": 4.25,
                      "Plan Rows": 1,
                      "Plan Width": 12,
                      "Index Cond": "(period_end <= '2023-07-28'::date)",
                      "Filter": "((statement_type = ANY ('{IS_Q,CF_Q}'::text[])) AND (ticker = sdi.ticker) AND (item_name = 'OperatingCashFlow'::text))"
                    }
                  ]
                }
              ]
            }
          ]
        }
      ]
    }
  },
  "db_statistics": {
    "table_stats": {
      "stocks_daily_info": {
        "row_count": 12700,
        "size_mb": 1.71
      },
      "fundamentals_daily": {
        "row_count": 12080,
        "size_mb": 2.33
      },
      "financials_quarterly": {
        "row_count": 8634,
        "size_mb": 0.8
      }
    },
    "existing_indexes": [
      "backtest_results_pkey",
      "community_posts_pkey",
      "financials_quarterly_pkey",
      "fundamentals_daily_pkey",
      "idx_finq_period_end",
      "idx_finq_ticker",
      "idx_fund_event_date",
      "idx_fund_ticker",
      "idx_sdi_event_date",
      "idx_sdi_ticker",
      "ix_backtest_results_strategy_id",
      "ix_community_posts_author_id",
      "ix_community_posts_strategy_id",
      "ix_ml_models_owner_id",
      "ix_strategies_owner_id",
      "ix_users_email",
      "ml_models_pkey",
      "stocks_daily_info_pkey",
      "strategies_pkey",
      "users_pkey"
    ]
  }
}
---
{
  "workload_id": 1283,
  "metadata": {
    "strategy_template": "ML Hybrid Style",
    "ml_model_used": "Return Forecast Model"
  },
  "sql_query": "SELECT sdi.close_price, sdi.company_name, sdi.ma_20d, sdi.market_cap, sdi.momentum_12m, sdi.momentum_3m, sdi.rsi_14, sdi.ticker, sdi.volatility_20d FROM stocks_daily_info sdi WHERE sdi.market = 'KOSDAQ' AND sdi.market_cap >= 106900000000 AND sdi.event_date = DATE '2023-09-11' ORDER BY CASE sdi.ticker WHEN '000660.KS' THEN 1 WHEN '005930.KS' THEN 2 WHEN '068270.KQ' THEN 3 WHEN '207940.KS' THEN 4 WHEN '035420.KS' THEN 5 WHEN '005380.KS' THEN 6 WHEN '051910.KS' THEN 7 WHEN '012330.KS' THEN 8 WHEN '035720.KS' THEN 9 WHEN '105560.KS' THEN 10 ELSE 11 END LIMIT 35;",
  "baseline_execution_plan": {
    "Plan": {
      "Node Type": "Limit",
      "Parallel Aware": false,
      "Async Capable": false,
      "Startup Cost": 20.43,
      "Total Cost": 20.44,
      "Plan Rows": 1,
      "Plan Width": 68,
      "Plans": [
        {
          "Node Type": "Sort",
          "Parent Relationship": "Outer",
          "Parallel Aware": false,
          "Async Capable": false,
          "Startup Cost": 20.43,
          "Total Cost": 20.44,
          "Plan Rows": 1,
          "Plan Width": 68,
          "Sort Key": [
            "(CASE ticker WHEN '000660.KS'::text THEN 1 WHEN '005930.KS'::text THEN 2 WHEN '068270.KQ'::text THEN 3 WHEN '207940.KS'::text THEN 4 WHEN '035420.KS'::text THEN 5 WHEN '005380.KS'::text THEN 6 WHEN '051910.KS'::text THEN 7 WHEN '012330.KS'::text THEN 8 WHEN '035720.KS'::text THEN 9 WHEN '105560.KS'::text THEN 10 ELSE 11 END)"
          ],
          "Plans": [
            {
              "Node Type": "Bitmap Heap Scan",
              "Parent Relationship": "Outer",
              "Parallel Aware": false,
              "Async Capable": false,
              "Relation Name": "stocks_daily_info",
              "Alias": "sdi",
              "Startup Cost": 2.36,
              "Total Cost": 20.42,
              "Plan Rows": 1,
              "Plan Width": 68,
              "Recheck Cond": "(event_date = '2023-09-11'::date)",
              "Filter": "((market_cap >= '106900000000'::numeric) AND (market = 'KOSDAQ'::text))",
              "Plans": [
                {
                  "Node Type": "Bitmap Index Scan",
                  "Parent Relationship": "Outer",
                  "Parallel Aware": false,
                  "Async Capable": false,
                  "Index Name": "idx_sdi_event_date",
                  "Startup Cost": 0.0,
                  "Total Cost": 2.36,
                  "Plan Rows": 10,
                  "Plan Width": 0,
                  "Index Cond": "(event_date = '2023-09-11'::date)"
                }
              ]
            }
          ]
        }
      ]
    }
  },
  "db_statistics": {
    "table_stats": {
      "stocks_daily_info": {
        "row_count": 12700,
        "size_mb": 1.71
      },
      "fundamentals_daily": {
        "row_count": 12080,
        "size_mb": 2.33
      },
      "financials_quarterly": {
        "row_count": 8634,
        "size_mb": 0.8
      }
    },
    "existing_indexes": [
      "backtest_results_pkey",
      "community_posts_pkey",
      "financials_quarterly_pkey",
      "fundamentals_daily_pkey",
      "idx_finq_period_end",
      "idx_finq_ticker",
      "idx_fund_event_date",
      "idx_fund_ticker",
      "idx_sdi_event_date",
      "idx_sdi_ticker",
      "ix_backtest_results_strategy_id",
      "ix_community_posts_author_id",
      "ix_community_posts_strategy_id",
      "ix_ml_models_owner_id",
      "ix_strategies_owner_id",
      "ix_users_email",
      "ml_models_pkey",
      "stocks_daily_info_pkey",
      "strategies_pkey",
      "users_pkey"
    ]
  }
}
---
{
  "workload_id": 1284,
  "metadata": {
    "strategy_template": "Value Investing Style",
    "ml_model_used": null
  },
  "sql_query": "SELECT fd.bps, fd.dividend_yield, fd.eps, fd.pbr, fd.per, sdi.close_price, sdi.company_name, sdi.ma_20d, sdi.market_cap, sdi.momentum_12m, sdi.momentum_3m, sdi.rsi_14, sdi.ticker, sdi.volatility_20d FROM stocks_daily_info sdi LEFT JOIN fundamentals_daily fd ON fd.ticker = sdi.ticker AND fd.event_date = sdi.event_date WHERE sdi.market = 'KOSPI' AND sdi.market_cap >= 496300000000 AND sdi.event_date = DATE '2023-07-16' ORDER BY fd.pbr desc, fd.per desc, fd.eps desc LIMIT 19;",
  "baseline_execution_plan": {
    "Plan": {
      "Node Type": "Limit",
      "Parallel Aware": false,
      "Async Capable": false,
      "Startup Cost": 24.72,
      "Total Cost": 24.73,
      "Plan Rows": 1,
      "Plan Width": 105,
      "Plans": [
        {
          "Node Type": "Sort",
          "Parent Relationship": "Outer",
          "Parallel Aware": false,
          "Async Capable": false,
          "Startup Cost": 24.72,
          "Total Cost": 24.73,
          "Plan Rows": 1,
          "Plan Width": 105,
          "Sort Key": [
            "fd.pbr DESC",
            "fd.per DESC",
            "fd.eps DESC"
          ],
          "Plans": [
            {
              "Node Type": "Nested Loop",
              "Parent Relationship": "Outer",
              "Parallel Aware": false,
              "Async Capable": false,
              "Join Type": "Left",
              "Startup Cost": 2.65,
              "Total Cost": 24.71,
              "Plan Rows": 1,
              "Plan Width": 105,
              "Inner Unique": true,
              "Plans": [
                {
                  "Node Type": "Bitmap Heap Scan",
                  "Parent Relationship": "Outer",
                  "Parallel Aware": false,
                  "Async Capable": false,
                  "Relation Name": "stocks_daily_info",
                  "Alias": "sdi",
                  "Startup Cost": 2.36,
                  "Total Cost": 20.4,
                  "Plan Rows": 1,
                  "Plan Width": 68,
                  "Recheck Cond": "(event_date = '2023-07-16'::date)",
                  "Filter": "((market_cap >= '496300000000'::numeric) AND (market = 'KOSPI'::text))",
                  "Plans": [
                    {
                      "Node Type": "Bitmap Index Scan",
                      "Parent Relationship": "Outer",
                      "Parallel Aware": false,
                      "Async Capable": false,
                      "Index Name": "idx_sdi_event_date",
                      "Startup Cost": 0.0,
                      "Total Cost": 2.36,
                      "Plan Rows": 10,
                      "Plan Width": 0,
                      "Index Cond": "(event_date = '2023-07-16'::date)"
                    }
                  ]
                },
                {
                  "Node Type": "Index Scan",
                  "Parent Relationship": "Inner",
                  "Parallel Aware": false,
                  "Async Capable": false,
                  "Scan Direction": "Forward",
                  "Index Name": "fundamentals_daily_pkey",
                  "Relation Name": "fundamentals_daily",
                  "Alias": "fd",
                  "Startup Cost": 0.29,
                  "Total Cost": 4.3,
                  "Plan Rows": 1,
                  "Plan Width": 55,
                  "Index Cond": "((event_date = '2023-07-16'::date) AND (ticker = sdi.ticker))"
                }
              ]
            }
          ]
        }
      ]
    }
  },
  "db_statistics": {
    "table_stats": {
      "stocks_daily_info": {
        "row_count": 12700,
        "size_mb": 1.71
      },
      "fundamentals_daily": {
        "row_count": 12080,
        "size_mb": 2.33
      },
      "financials_quarterly": {
        "row_count": 8634,
        "size_mb": 0.8
      }
    },
    "existing_indexes": [
      "backtest_results_pkey",
      "community_posts_pkey",
      "financials_quarterly_pkey",
      "fundamentals_daily_pkey",
      "idx_finq_period_end",
      "idx_finq_ticker",
      "idx_fund_event_date",
      "idx_fund_ticker",
      "idx_sdi_event_date",
      "idx_sdi_ticker",
      "ix_backtest_results_strategy_id",
      "ix_community_posts_author_id",
      "ix_community_posts_strategy_id",
      "ix_ml_models_owner_id",
      "ix_strategies_owner_id",
      "ix_users_email",
      "ml_models_pkey",
      "stocks_daily_info_pkey",
      "strategies_pkey",
      "users_pkey"
    ]
  }
}
---
{
  "workload_id": 1285,
  "metadata": {
    "strategy_template": "Momentum Investing Style",
    "ml_model_used": null
  },
  "sql_query": "SELECT sdi.close_price, sdi.company_name, sdi.ma_20d, sdi.market_cap, sdi.momentum_12m, sdi.momentum_3m, sdi.rsi_14, sdi.ticker, sdi.volatility_20d FROM stocks_daily_info sdi WHERE sdi.market = 'KOSDAQ' AND sdi.market_cap >= 91000000000 AND sdi.event_date = DATE '2023-06-04' ORDER BY sdi.momentum_3m desc, sdi.momentum_12m desc, sdi.rsi_14 asc LIMIT 21;",
  "baseline_execution_plan": {
    "Plan": {
      "Node Type": "Limit",
      "Parallel Aware": false,
      "Async Capable": false,
      "Startup Cost": 20.41,
      "Total Cost": 20.41,
      "Plan Rows": 1,
      "Plan Width": 64,
      "Plans": [
        {
          "Node Type": "Sort",
          "Parent Relationship": "Outer",
          "Parallel Aware": false,
          "Async Capable": false,
          "Startup Cost": 20.41,
          "Total Cost": 20.41,
          "Plan Rows": 1,
          "Plan Width": 64,
          "Sort Key": [
            "momentum_3m DESC",
            "momentum_12m DESC",
            "rsi_14"
          ],
          "Plans": [
            {
              "Node Type": "Bitmap Heap Scan",
              "Parent Relationship": "Outer",
              "Parallel Aware": false,
              "Async Capable": false,
              "Relation Name": "stocks_daily_info",
              "Alias": "sdi",
              "Startup Cost": 2.36,
              "Total Cost": 20.4,
              "Plan Rows": 1,
              "Plan Width": 64,
              "Recheck Cond": "(event_date = '2023-06-04'::date)",
              "Filter": "((market_cap >= '91000000000'::numeric) AND (market = 'KOSDAQ'::text))",
              "Plans": [
                {
                  "Node Type": "Bitmap Index Scan",
                  "Parent Relationship": "Outer",
                  "Parallel Aware": false,
                  "Async Capable": false,
                  "Index Name": "idx_sdi_event_date",
                  "Startup Cost": 0.0,
                  "Total Cost": 2.36,
                  "Plan Rows": 10,
                  "Plan Width": 0,
                  "Index Cond": "(event_date = '2023-06-04'::date)"
                }
              ]
            }
          ]
        }
      ]
    }
  },
  "db_statistics": {
    "table_stats": {
      "stocks_daily_info": {
        "row_count": 12700,
        "size_mb": 1.71
      },
      "fundamentals_daily": {
        "row_count": 12080,
        "size_mb": 2.33
      },
      "financials_quarterly": {
        "row_count": 8634,
        "size_mb": 0.8
      }
    },
    "existing_indexes": [
      "backtest_results_pkey",
      "community_posts_pkey",
      "financials_quarterly_pkey",
      "fundamentals_daily_pkey",
      "idx_finq_period_end",
      "idx_finq_ticker",
      "idx_fund_event_date",
      "idx_fund_ticker",
      "idx_sdi_event_date",
      "idx_sdi_ticker",
      "ix_backtest_results_strategy_id",
      "ix_community_posts_author_id",
      "ix_community_posts_strategy_id",
      "ix_ml_models_owner_id",
      "ix_strategies_owner_id",
      "ix_users_email",
      "ml_models_pkey",
      "stocks_daily_info_pkey",
      "strategies_pkey",
      "users_pkey"
    ]
  }
}
---
{
  "workload_id": 1286,
  "metadata": {
    "strategy_template": "Value Investing Style",
    "ml_model_used": null
  },
  "sql_query": "SELECT fd.bps, fd.dividend_yield, fd.eps, fd.pbr, fd.per, sdi.close_price, sdi.company_name, sdi.ma_20d, sdi.market_cap, sdi.momentum_12m, sdi.momentum_3m, sdi.rsi_14, sdi.ticker, sdi.volatility_20d FROM stocks_daily_info sdi LEFT JOIN fundamentals_daily fd ON fd.ticker = sdi.ticker AND fd.event_date = sdi.event_date WHERE sdi.market = 'KOSDAQ' AND sdi.market_cap >= 483700000000 AND sdi.event_date = DATE '2023-08-24' ORDER BY fd.pbr desc, fd.per asc LIMIT 35;",
  "baseline_execution_plan": {
    "Plan": {
      "Node Type": "Limit",
      "Parallel Aware": false,
      "Async Capable": false,
      "Startup Cost": 24.72,
      "Total Cost": 24.73,
      "Plan Rows": 1,
      "Plan Width": 105,
      "Plans": [
        {
          "Node Type": "Sort",
          "Parent Relationship": "Outer",
          "Parallel Aware": false,
          "Async Capable": false,
          "Startup Cost": 24.72,
          "Total Cost": 24.73,
          "Plan Rows": 1,
          "Plan Width": 105,
          "Sort Key": [
            "fd.pbr DESC",
            "fd.per"
          ],
          "Plans": [
            {
              "Node Type": "Nested Loop",
              "Parent Relationship": "Outer",
              "Parallel Aware": false,
              "Async Capable": false,
              "Join Type": "Left",
              "Startup Cost": 2.65,
              "Total Cost": 24.71,
              "Plan Rows": 1,
              "Plan Width": 105,
              "Inner Unique": true,
              "Plans": [
                {
                  "Node Type": "Bitmap Heap Scan",
                  "Parent Relationship": "Outer",
                  "Parallel Aware": false,
                  "Async Capable": false,
                  "Relation Name": "stocks_daily_info",
                  "Alias": "sdi",
                  "Startup Cost": 2.36,
                  "Total Cost": 20.4,
                  "Plan Rows": 1,
                  "Plan Width": 68,
                  "Recheck Cond": "(event_date = '2023-08-24'::date)",
                  "Filter": "((market_cap >= '483700000000'::numeric) AND (market = 'KOSDAQ'::text))",
                  "Plans": [
                    {
                      "Node Type": "Bitmap Index Scan",
                      "Parent Relationship": "Outer",
                      "Parallel Aware": false,
                      "Async Capable": false,
                      "Index Name": "idx_sdi_event_date",
                      "Startup Cost": 0.0,
                      "Total Cost": 2.36,
                      "Plan Rows": 10,
                      "Plan Width": 0,
                      "Index Cond": "(event_date = '2023-08-24'::date)"
                    }
                  ]
                },
                {
                  "Node Type": "Index Scan",
                  "Parent Relationship": "Inner",
                  "Parallel Aware": false,
                  "Async Capable": false,
                  "Scan Direction": "Forward",
                  "Index Name": "fundamentals_daily_pkey",
                  "Relation Name": "fundamentals_daily",
                  "Alias": "fd",
                  "Startup Cost": 0.29,
                  "Total Cost": 4.3,
                  "Plan Rows": 1,
                  "Plan Width": 55,
                  "Index Cond": "((event_date = '2023-08-24'::date) AND (ticker = sdi.ticker))"
                }
              ]
            }
          ]
        }
      ]
    }
  },
  "db_statistics": {
    "table_stats": {
      "stocks_daily_info": {
        "row_count": 12700,
        "size_mb": 1.71
      },
      "fundamentals_daily": {
        "row_count": 12080,
        "size_mb": 2.33
      },
      "financials_quarterly": {
        "row_count": 8634,
        "size_mb": 0.8
      }
    },
    "existing_indexes": [
      "backtest_results_pkey",
      "community_posts_pkey",
      "financials_quarterly_pkey",
      "fundamentals_daily_pkey",
      "idx_finq_period_end",
      "idx_finq_ticker",
      "idx_fund_event_date",
      "idx_fund_ticker",
      "idx_sdi_event_date",
      "idx_sdi_ticker",
      "ix_backtest_results_strategy_id",
      "ix_community_posts_author_id",
      "ix_community_posts_strategy_id",
      "ix_ml_models_owner_id",
      "ix_strategies_owner_id",
      "ix_users_email",
      "ml_models_pkey",
      "stocks_daily_info_pkey",
      "strategies_pkey",
      "users_pkey"
    ]
  }
}
---
{
  "workload_id": 1287,
  "metadata": {
    "strategy_template": "ML Hybrid Style",
    "ml_model_used": null
  },
  "sql_query": "SELECT sdi.close_price, sdi.company_name, sdi.ma_20d, sdi.market_cap, sdi.momentum_12m, sdi.momentum_3m, sdi.rsi_14, sdi.ticker, sdi.volatility_20d FROM stocks_daily_info sdi WHERE sdi.market = 'KOSDAQ' AND sdi.market_cap >= 260400000000 AND sdi.event_date = DATE '2023-07-16' ORDER BY sdi.market_cap DESC LIMIT 36;",
  "baseline_execution_plan": {
    "Plan": {
      "Node Type": "Limit",
      "Parallel Aware": false,
      "Async Capable": false,
      "Startup Cost": 20.41,
      "Total Cost": 20.41,
      "Plan Rows": 1,
      "Plan Width": 64,
      "Plans": [
        {
          "Node Type": "Sort",
          "Parent Relationship": "Outer",
          "Parallel Aware": false,
          "Async Capable": false,
          "Startup Cost": 20.41,
          "Total Cost": 20.41,
          "Plan Rows": 1,
          "Plan Width": 64,
          "Sort Key": [
            "market_cap DESC"
          ],
          "Plans": [
            {
              "Node Type": "Bitmap Heap Scan",
              "Parent Relationship": "Outer",
              "Parallel Aware": false,
              "Async Capable": false,
              "Relation Name": "stocks_daily_info",
              "Alias": "sdi",
              "Startup Cost": 2.36,
              "Total Cost": 20.4,
              "Plan Rows": 1,
              "Plan Width": 64,
              "Recheck Cond": "(event_date = '2023-07-16'::date)",
              "Filter": "((market_cap >= '260400000000'::numeric) AND (market = 'KOSDAQ'::text))",
              "Plans": [
                {
                  "Node Type": "Bitmap Index Scan",
                  "Parent Relationship": "Outer",
                  "Parallel Aware": false,
                  "Async Capable": false,
                  "Index Name": "idx_sdi_event_date",
                  "Startup Cost": 0.0,
                  "Total Cost": 2.36,
                  "Plan Rows": 10,
                  "Plan Width": 0,
                  "Index Cond": "(event_date = '2023-07-16'::date)"
                }
              ]
            }
          ]
        }
      ]
    }
  },
  "db_statistics": {
    "table_stats": {
      "stocks_daily_info": {
        "row_count": 12700,
        "size_mb": 1.71
      },
      "fundamentals_daily": {
        "row_count": 12080,
        "size_mb": 2.33
      },
      "financials_quarterly": {
        "row_count": 8634,
        "size_mb": 0.8
      }
    },
    "existing_indexes": [
      "backtest_results_pkey",
      "community_posts_pkey",
      "financials_quarterly_pkey",
      "fundamentals_daily_pkey",
      "idx_finq_period_end",
      "idx_finq_ticker",
      "idx_fund_event_date",
      "idx_fund_ticker",
      "idx_sdi_event_date",
      "idx_sdi_ticker",
      "ix_backtest_results_strategy_id",
      "ix_community_posts_author_id",
      "ix_community_posts_strategy_id",
      "ix_ml_models_owner_id",
      "ix_strategies_owner_id",
      "ix_users_email",
      "ml_models_pkey",
      "stocks_daily_info_pkey",
      "strategies_pkey",
      "users_pkey"
    ]
  }
}
---
{
  "workload_id": 1288,
  "metadata": {
    "strategy_template": "Value Investing Style",
    "ml_model_used": null
  },
  "sql_query": "SELECT fd.bps, fd.dividend_yield, fd.eps, fd.pbr, fd.per, sdi.close_price, sdi.company_name, sdi.ma_20d, sdi.market_cap, sdi.momentum_12m, sdi.momentum_3m, sdi.rsi_14, sdi.ticker, sdi.volatility_20d FROM stocks_daily_info sdi LEFT JOIN fundamentals_daily fd ON fd.ticker = sdi.ticker AND fd.event_date = sdi.event_date WHERE sdi.market = 'KOSDAQ' AND sdi.market_cap >= 86600000000 AND sdi.event_date = DATE '2023-05-11' ORDER BY fd.pbr asc, fd.per asc LIMIT 44;",
  "baseline_execution_plan": {
    "Plan": {
      "Node Type": "Limit",
      "Parallel Aware": false,
      "Async Capable": false,
      "Startup Cost": 24.72,
      "Total Cost": 24.73,
      "Plan Rows": 1,
      "Plan Width": 105,
      "Plans": [
        {
          "Node Type": "Sort",
          "Parent Relationship": "Outer",
          "Parallel Aware": false,
          "Async Capable": false,
          "Startup Cost": 24.72,
          "Total Cost": 24.73,
          "Plan Rows": 1,
          "Plan Width": 105,
          "Sort Key": [
            "fd.pbr",
            "fd.per"
          ],
          "Plans": [
            {
              "Node Type": "Nested Loop",
              "Parent Relationship": "Outer",
              "Parallel Aware": false,
              "Async Capable": false,
              "Join Type": "Left",
              "Startup Cost": 2.65,
              "Total Cost": 24.71,
              "Plan Rows": 1,
              "Plan Width": 105,
              "Inner Unique": true,
              "Plans": [
                {
                  "Node Type": "Bitmap Heap Scan",
                  "Parent Relationship": "Outer",
                  "Parallel Aware": false,
                  "Async Capable": false,
                  "Relation Name": "stocks_daily_info",
                  "Alias": "sdi",
                  "Startup Cost": 2.36,
                  "Total Cost": 20.4,
                  "Plan Rows": 1,
                  "Plan Width": 68,
                  "Recheck Cond": "(event_date = '2023-05-11'::date)",
                  "Filter": "((market_cap >= '86600000000'::numeric) AND (market = 'KOSDAQ'::text))",
                  "Plans": [
                    {
                      "Node Type": "Bitmap Index Scan",
                      "Parent Relationship": "Outer",
                      "Parallel Aware": false,
                      "Async Capable": false,
                      "Index Name": "idx_sdi_event_date",
                      "Startup Cost": 0.0,
                      "Total Cost": 2.36,
                      "Plan Rows": 10,
                      "Plan Width": 0,
                      "Index Cond": "(event_date = '2023-05-11'::date)"
                    }
                  ]
                },
                {
                  "Node Type": "Index Scan",
                  "Parent Relationship": "Inner",
                  "Parallel Aware": false,
                  "Async Capable": false,
                  "Scan Direction": "Forward",
                  "Index Name": "fundamentals_daily_pkey",
                  "Relation Name": "fundamentals_daily",
                  "Alias": "fd",
                  "Startup Cost": 0.29,
                  "Total Cost": 4.3,
                  "Plan Rows": 1,
                  "Plan Width": 55,
                  "Index Cond": "((event_date = '2023-05-11'::date) AND (ticker = sdi.ticker))"
                }
              ]
            }
          ]
        }
      ]
    }
  },
  "db_statistics": {
    "table_stats": {
      "stocks_daily_info": {
        "row_count": 12700,
        "size_mb": 1.71
      },
      "fundamentals_daily": {
        "row_count": 12080,
        "size_mb": 2.33
      },
      "financials_quarterly": {
        "row_count": 8634,
        "size_mb": 0.8
      }
    },
    "existing_indexes": [
      "backtest_results_pkey",
      "community_posts_pkey",
      "financials_quarterly_pkey",
      "fundamentals_daily_pkey",
      "idx_finq_period_end",
      "idx_finq_ticker",
      "idx_fund_event_date",
      "idx_fund_ticker",
      "idx_sdi_event_date",
      "idx_sdi_ticker",
      "ix_backtest_results_strategy_id",
      "ix_community_posts_author_id",
      "ix_community_posts_strategy_id",
      "ix_ml_models_owner_id",
      "ix_strategies_owner_id",
      "ix_users_email",
      "ml_models_pkey",
      "stocks_daily_info_pkey",
      "strategies_pkey",
      "users_pkey"
    ]
  }
}
---
{
  "workload_id": 1289,
  "metadata": {
    "strategy_template": "Value Investing Style",
    "ml_model_used": null
  },
  "sql_query": "SELECT fd.bps, fd.dividend_yield, fd.eps, fd.pbr, fd.per, sdi.close_price, sdi.company_name, sdi.ma_20d, sdi.market_cap, sdi.momentum_12m, sdi.momentum_3m, sdi.rsi_14, sdi.ticker, sdi.volatility_20d FROM stocks_daily_info sdi LEFT JOIN fundamentals_daily fd ON fd.ticker = sdi.ticker AND fd.event_date = sdi.event_date WHERE sdi.market = 'KOSPI' AND sdi.market_cap >= 458100000000 AND sdi.event_date = DATE '2023-08-03' ORDER BY fd.pbr asc, fd.per asc, fd.eps desc LIMIT 18;",
  "baseline_execution_plan": {
    "Plan": {
      "Node Type": "Limit",
      "Parallel Aware": false,
      "Async Capable": false,
      "Startup Cost": 24.72,
      "Total Cost": 24.73,
      "Plan Rows": 1,
      "Plan Width": 105,
      "Plans": [
        {
          "Node Type": "Sort",
          "Parent Relationship": "Outer",
          "Parallel Aware": false,
          "Async Capable": false,
          "Startup Cost": 24.72,
          "Total Cost": 24.73,
          "Plan Rows": 1,
          "Plan Width": 105,
          "Sort Key": [
            "fd.pbr",
            "fd.per",
            "fd.eps DESC"
          ],
          "Plans": [
            {
              "Node Type": "Nested Loop",
              "Parent Relationship": "Outer",
              "Parallel Aware": false,
              "Async Capable": false,
              "Join Type": "Left",
              "Startup Cost": 2.65,
              "Total Cost": 24.71,
              "Plan Rows": 1,
              "Plan Width": 105,
              "Inner Unique": true,
              "Plans": [
                {
                  "Node Type": "Bitmap Heap Scan",
                  "Parent Relationship": "Outer",
                  "Parallel Aware": false,
                  "Async Capable": false,
                  "Relation Name": "stocks_daily_info",
                  "Alias": "sdi",
                  "Startup Cost": 2.36,
                  "Total Cost": 20.4,
                  "Plan Rows": 1,
                  "Plan Width": 68,
                  "Recheck Cond": "(event_date = '2023-08-03'::date)",
                  "Filter": "((market_cap >= '458100000000'::numeric) AND (market = 'KOSPI'::text))",
                  "Plans": [
                    {
                      "Node Type": "Bitmap Index Scan",
                      "Parent Relationship": "Outer",
                      "Parallel Aware": false,
                      "Async Capable": false,
                      "Index Name": "idx_sdi_event_date",
                      "Startup Cost": 0.0,
                      "Total Cost": 2.36,
                      "Plan Rows": 10,
                      "Plan Width": 0,
                      "Index Cond": "(event_date = '2023-08-03'::date)"
                    }
                  ]
                },
                {
                  "Node Type": "Index Scan",
                  "Parent Relationship": "Inner",
                  "Parallel Aware": false,
                  "Async Capable": false,
                  "Scan Direction": "Forward",
                  "Index Name": "fundamentals_daily_pkey",
                  "Relation Name": "fundamentals_daily",
                  "Alias": "fd",
                  "Startup Cost": 0.29,
                  "Total Cost": 4.3,
                  "Plan Rows": 1,
                  "Plan Width": 55,
                  "Index Cond": "((event_date = '2023-08-03'::date) AND (ticker = sdi.ticker))"
                }
              ]
            }
          ]
        }
      ]
    }
  },
  "db_statistics": {
    "table_stats": {
      "stocks_daily_info": {
        "row_count": 12700,
        "size_mb": 1.71
      },
      "fundamentals_daily": {
        "row_count": 12080,
        "size_mb": 2.33
      },
      "financials_quarterly": {
        "row_count": 8634,
        "size_mb": 0.8
      }
    },
    "existing_indexes": [
      "backtest_results_pkey",
      "community_posts_pkey",
      "financials_quarterly_pkey",
      "fundamentals_daily_pkey",
      "idx_finq_period_end",
      "idx_finq_ticker",
      "idx_fund_event_date",
      "idx_fund_ticker",
      "idx_sdi_event_date",
      "idx_sdi_ticker",
      "ix_backtest_results_strategy_id",
      "ix_community_posts_author_id",
      "ix_community_posts_strategy_id",
      "ix_ml_models_owner_id",
      "ix_strategies_owner_id",
      "ix_users_email",
      "ml_models_pkey",
      "stocks_daily_info_pkey",
      "strategies_pkey",
      "users_pkey"
    ]
  }
}
---
{
  "workload_id": 1290,
  "metadata": {
    "strategy_template": "ML Hybrid Style",
    "ml_model_used": "Return Forecast Model"
  },
  "sql_query": "SELECT sdi.close_price, sdi.company_name, sdi.ma_20d, sdi.market_cap, sdi.momentum_12m, sdi.momentum_3m, sdi.rsi_14, sdi.ticker, sdi.volatility_20d FROM stocks_daily_info sdi WHERE sdi.market = 'KOSDAQ' AND sdi.market_cap >= 87200000000 AND sdi.event_date = DATE '2023-10-04' ORDER BY CASE sdi.ticker WHEN '000660.KS' THEN 1 WHEN '005930.KS' THEN 2 WHEN '068270.KQ' THEN 3 WHEN '207940.KS' THEN 4 WHEN '035420.KS' THEN 5 WHEN '005380.KS' THEN 6 WHEN '051910.KS' THEN 7 WHEN '012330.KS' THEN 8 WHEN '035720.KS' THEN 9 WHEN '105560.KS' THEN 10 ELSE 11 END LIMIT 16;",
  "baseline_execution_plan": {
    "Plan": {
      "Node Type": "Limit",
      "Parallel Aware": false,
      "Async Capable": false,
      "Startup Cost": 20.43,
      "Total Cost": 20.44,
      "Plan Rows": 1,
      "Plan Width": 68,
      "Plans": [
        {
          "Node Type": "Sort",
          "Parent Relationship": "Outer",
          "Parallel Aware": false,
          "Async Capable": false,
          "Startup Cost": 20.43,
          "Total Cost": 20.44,
          "Plan Rows": 1,
          "Plan Width": 68,
          "Sort Key": [
            "(CASE ticker WHEN '000660.KS'::text THEN 1 WHEN '005930.KS'::text THEN 2 WHEN '068270.KQ'::text THEN 3 WHEN '207940.KS'::text THEN 4 WHEN '035420.KS'::text THEN 5 WHEN '005380.KS'::text THEN 6 WHEN '051910.KS'::text THEN 7 WHEN '012330.KS'::text THEN 8 WHEN '035720.KS'::text THEN 9 WHEN '105560.KS'::text THEN 10 ELSE 11 END)"
          ],
          "Plans": [
            {
              "Node Type": "Bitmap Heap Scan",
              "Parent Relationship": "Outer",
              "Parallel Aware": false,
              "Async Capable": false,
              "Relation Name": "stocks_daily_info",
              "Alias": "sdi",
              "Startup Cost": 2.36,
              "Total Cost": 20.42,
              "Plan Rows": 1,
              "Plan Width": 68,
              "Recheck Cond": "(event_date = '2023-10-04'::date)",
              "Filter": "((market_cap >= '87200000000'::numeric) AND (market = 'KOSDAQ'::text))",
              "Plans": [
                {
                  "Node Type": "Bitmap Index Scan",
                  "Parent Relationship": "Outer",
                  "Parallel Aware": false,
                  "Async Capable": false,
                  "Index Name": "idx_sdi_event_date",
                  "Startup Cost": 0.0,
                  "Total Cost": 2.36,
                  "Plan Rows": 10,
                  "Plan Width": 0,
                  "Index Cond": "(event_date = '2023-10-04'::date)"
                }
              ]
            }
          ]
        }
      ]
    }
  },
  "db_statistics": {
    "table_stats": {
      "stocks_daily_info": {
        "row_count": 12700,
        "size_mb": 1.71
      },
      "fundamentals_daily": {
        "row_count": 12080,
        "size_mb": 2.33
      },
      "financials_quarterly": {
        "row_count": 8634,
        "size_mb": 0.8
      }
    },
    "existing_indexes": [
      "backtest_results_pkey",
      "community_posts_pkey",
      "financials_quarterly_pkey",
      "fundamentals_daily_pkey",
      "idx_finq_period_end",
      "idx_finq_ticker",
      "idx_fund_event_date",
      "idx_fund_ticker",
      "idx_sdi_event_date",
      "idx_sdi_ticker",
      "ix_backtest_results_strategy_id",
      "ix_community_posts_author_id",
      "ix_community_posts_strategy_id",
      "ix_ml_models_owner_id",
      "ix_strategies_owner_id",
      "ix_users_email",
      "ml_models_pkey",
      "stocks_daily_info_pkey",
      "strategies_pkey",
      "users_pkey"
    ]
  }
}
---
{
  "workload_id": 1291,
  "metadata": {
    "strategy_template": "ML Hybrid Style",
    "ml_model_used": "Return Forecast Model"
  },
  "sql_query": "SELECT sdi.close_price, sdi.company_name, sdi.ma_20d, sdi.market_cap, sdi.momentum_12m, sdi.momentum_3m, sdi.rsi_14, sdi.ticker, sdi.volatility_20d FROM stocks_daily_info sdi WHERE sdi.market = 'KOSPI' AND sdi.market_cap >= 87000000000 AND sdi.event_date = DATE '2023-09-27' ORDER BY CASE sdi.ticker WHEN '000660.KS' THEN 1 WHEN '005930.KS' THEN 2 WHEN '068270.KQ' THEN 3 WHEN '207940.KS' THEN 4 WHEN '035420.KS' THEN 5 WHEN '005380.KS' THEN 6 WHEN '051910.KS' THEN 7 WHEN '012330.KS' THEN 8 WHEN '035720.KS' THEN 9 WHEN '105560.KS' THEN 10 ELSE 11 END LIMIT 34;",
  "baseline_execution_plan": {
    "Plan": {
      "Node Type": "Limit",
      "Parallel Aware": false,
      "Async Capable": false,
      "Startup Cost": 20.43,
      "Total Cost": 20.44,
      "Plan Rows": 1,
      "Plan Width": 68,
      "Plans": [
        {
          "Node Type": "Sort",
          "Parent Relationship": "Outer",
          "Parallel Aware": false,
          "Async Capable": false,
          "Startup Cost": 20.43,
          "Total Cost": 20.44,
          "Plan Rows": 1,
          "Plan Width": 68,
          "Sort Key": [
            "(CASE ticker WHEN '000660.KS'::text THEN 1 WHEN '005930.KS'::text THEN 2 WHEN '068270.KQ'::text THEN 3 WHEN '207940.KS'::text THEN 4 WHEN '035420.KS'::text THEN 5 WHEN '005380.KS'::text THEN 6 WHEN '051910.KS'::text THEN 7 WHEN '012330.KS'::text THEN 8 WHEN '035720.KS'::text THEN 9 WHEN '105560.KS'::text THEN 10 ELSE 11 END)"
          ],
          "Plans": [
            {
              "Node Type": "Bitmap Heap Scan",
              "Parent Relationship": "Outer",
              "Parallel Aware": false,
              "Async Capable": false,
              "Relation Name": "stocks_daily_info",
              "Alias": "sdi",
              "Startup Cost": 2.36,
              "Total Cost": 20.42,
              "Plan Rows": 1,
              "Plan Width": 68,
              "Recheck Cond": "(event_date = '2023-09-27'::date)",
              "Filter": "((market_cap >= '87000000000'::numeric) AND (market = 'KOSPI'::text))",
              "Plans": [
                {
                  "Node Type": "Bitmap Index Scan",
                  "Parent Relationship": "Outer",
                  "Parallel Aware": false,
                  "Async Capable": false,
                  "Index Name": "idx_sdi_event_date",
                  "Startup Cost": 0.0,
                  "Total Cost": 2.36,
                  "Plan Rows": 10,
                  "Plan Width": 0,
                  "Index Cond": "(event_date = '2023-09-27'::date)"
                }
              ]
            }
          ]
        }
      ]
    }
  },
  "db_statistics": {
    "table_stats": {
      "stocks_daily_info": {
        "row_count": 12700,
        "size_mb": 1.71
      },
      "fundamentals_daily": {
        "row_count": 12080,
        "size_mb": 2.33
      },
      "financials_quarterly": {
        "row_count": 8634,
        "size_mb": 0.8
      }
    },
    "existing_indexes": [
      "backtest_results_pkey",
      "community_posts_pkey",
      "financials_quarterly_pkey",
      "fundamentals_daily_pkey",
      "idx_finq_period_end",
      "idx_finq_ticker",
      "idx_fund_event_date",
      "idx_fund_ticker",
      "idx_sdi_event_date",
      "idx_sdi_ticker",
      "ix_backtest_results_strategy_id",
      "ix_community_posts_author_id",
      "ix_community_posts_strategy_id",
      "ix_ml_models_owner_id",
      "ix_strategies_owner_id",
      "ix_users_email",
      "ml_models_pkey",
      "stocks_daily_info_pkey",
      "strategies_pkey",
      "users_pkey"
    ]
  }
}
---
{
  "workload_id": 1292,
  "metadata": {
    "strategy_template": "ML Hybrid Style",
    "ml_model_used": "Return Forecast Model"
  },
  "sql_query": "SELECT sdi.close_price, sdi.company_name, sdi.ma_20d, sdi.market_cap, sdi.momentum_12m, sdi.momentum_3m, sdi.rsi_14, sdi.ticker, sdi.volatility_20d FROM stocks_daily_info sdi WHERE sdi.market = 'KOSPI' AND sdi.market_cap >= 288400000000 AND sdi.event_date = DATE '2023-05-26' ORDER BY CASE sdi.ticker WHEN '000660.KS' THEN 1 WHEN '005930.KS' THEN 2 WHEN '068270.KQ' THEN 3 WHEN '207940.KS' THEN 4 WHEN '035420.KS' THEN 5 WHEN '005380.KS' THEN 6 WHEN '051910.KS' THEN 7 WHEN '012330.KS' THEN 8 WHEN '035720.KS' THEN 9 WHEN '105560.KS' THEN 10 ELSE 11 END LIMIT 12;",
  "baseline_execution_plan": {
    "Plan": {
      "Node Type": "Limit",
      "Parallel Aware": false,
      "Async Capable": false,
      "Startup Cost": 20.43,
      "Total Cost": 20.44,
      "Plan Rows": 1,
      "Plan Width": 68,
      "Plans": [
        {
          "Node Type": "Sort",
          "Parent Relationship": "Outer",
          "Parallel Aware": false,
          "Async Capable": false,
          "Startup Cost": 20.43,
          "Total Cost": 20.44,
          "Plan Rows": 1,
          "Plan Width": 68,
          "Sort Key": [
            "(CASE ticker WHEN '000660.KS'::text THEN 1 WHEN '005930.KS'::text THEN 2 WHEN '068270.KQ'::text THEN 3 WHEN '207940.KS'::text THEN 4 WHEN '035420.KS'::text THEN 5 WHEN '005380.KS'::text THEN 6 WHEN '051910.KS'::text THEN 7 WHEN '012330.KS'::text THEN 8 WHEN '035720.KS'::text THEN 9 WHEN '105560.KS'::text THEN 10 ELSE 11 END)"
          ],
          "Plans": [
            {
              "Node Type": "Bitmap Heap Scan",
              "Parent Relationship": "Outer",
              "Parallel Aware": false,
              "Async Capable": false,
              "Relation Name": "stocks_daily_info",
              "Alias": "sdi",
              "Startup Cost": 2.36,
              "Total Cost": 20.42,
              "Plan Rows": 1,
              "Plan Width": 68,
              "Recheck Cond": "(event_date = '2023-05-26'::date)",
              "Filter": "((market_cap >= '288400000000'::numeric) AND (market = 'KOSPI'::text))",
              "Plans": [
                {
                  "Node Type": "Bitmap Index Scan",
                  "Parent Relationship": "Outer",
                  "Parallel Aware": false,
                  "Async Capable": false,
                  "Index Name": "idx_sdi_event_date",
                  "Startup Cost": 0.0,
                  "Total Cost": 2.36,
                  "Plan Rows": 10,
                  "Plan Width": 0,
                  "Index Cond": "(event_date = '2023-05-26'::date)"
                }
              ]
            }
          ]
        }
      ]
    }
  },
  "db_statistics": {
    "table_stats": {
      "stocks_daily_info": {
        "row_count": 12700,
        "size_mb": 1.71
      },
      "fundamentals_daily": {
        "row_count": 12080,
        "size_mb": 2.33
      },
      "financials_quarterly": {
        "row_count": 8634,
        "size_mb": 0.8
      }
    },
    "existing_indexes": [
      "backtest_results_pkey",
      "community_posts_pkey",
      "financials_quarterly_pkey",
      "fundamentals_daily_pkey",
      "idx_finq_period_end",
      "idx_finq_ticker",
      "idx_fund_event_date",
      "idx_fund_ticker",
      "idx_sdi_event_date",
      "idx_sdi_ticker",
      "ix_backtest_results_strategy_id",
      "ix_community_posts_author_id",
      "ix_community_posts_strategy_id",
      "ix_ml_models_owner_id",
      "ix_strategies_owner_id",
      "ix_users_email",
      "ml_models_pkey",
      "stocks_daily_info_pkey",
      "strategies_pkey",
      "users_pkey"
    ]
  }
}
---
{
  "workload_id": 1293,
  "metadata": {
    "strategy_template": "Value Investing Style",
    "ml_model_used": null
  },
  "sql_query": "SELECT ( SELECT COALESCE(SUM(value), 0) FROM ( SELECT value FROM financials_quarterly fq WHERE fq.ticker = sdi.ticker AND fq.item_name = 'OperatingCashFlow' AND fq.statement_type IN ('IS_Q','CF_Q') AND fq.period_end <= DATE '2023-05-27' ORDER BY fq.period_end DESC LIMIT 4 ) as recent_quarters ) AS ttm_operatingcashflow , fd.bps, fd.dividend_yield, fd.eps, fd.pbr, fd.per, sdi.close_price, sdi.company_name, sdi.ma_20d, sdi.market_cap, sdi.momentum_12m, sdi.momentum_3m, sdi.rsi_14, sdi.ticker, sdi.volatility_20d FROM stocks_daily_info sdi LEFT JOIN fundamentals_daily fd ON fd.ticker = sdi.ticker AND fd.event_date = sdi.event_date WHERE sdi.market = 'KOSPI' AND sdi.market_cap >= 466900000000 AND sdi.event_date = DATE '2023-05-27' ORDER BY fd.pbr desc, fd.per desc, fd.dividend_yield desc LIMIT 47;",
  "baseline_execution_plan": {
    "Plan": {
      "Node Type": "Limit",
      "Parallel Aware": false,
      "Async Capable": false,
      "Startup Cost": 24.72,
      "Total Cost": 29.02,
      "Plan Rows": 1,
      "Plan Width": 137,
      "Plans": [
        {
          "Node Type": "Result",
          "Parent Relationship": "Outer",
          "Parallel Aware": false,
          "Async Capable": false,
          "Startup Cost": 24.72,
          "Total Cost": 29.02,
          "Plan Rows": 1,
          "Plan Width": 137,
          "Plans": [
            {
              "Node Type": "Sort",
              "Parent Relationship": "Outer",
              "Parallel Aware": false,
              "Async Capable": false,
              "Startup Cost": 24.72,
              "Total Cost": 24.73,
              "Plan Rows": 1,
              "Plan Width": 105,
              "Sort Key": [
                "fd.pbr DESC",
                "fd.per DESC",
                "fd.dividend_yield DESC"
              ],
              "Plans": [
                {
                  "Node Type": "Nested Loop",
                  "Parent Relationship": "Outer",
                  "Parallel Aware": false,
                  "Async Capable": false,
                  "Join Type": "Left",
                  "Startup Cost": 2.65,
                  "Total Cost": 24.71,
                  "Plan Rows": 1,
                  "Plan Width": 105,
                  "Inner Unique": true,
                  "Plans": [
                    {
                      "Node Type": "Bitmap Heap Scan",
                      "Parent Relationship": "Outer",
                      "Parallel Aware": false,
                      "Async Capable": false,
                      "Relation Name": "stocks_daily_info",
                      "Alias": "sdi",
                      "Startup Cost": 2.36,
                      "Total Cost": 20.4,
                      "Plan Rows": 1,
                      "Plan Width": 68,
                      "Recheck Cond": "(event_date = '2023-05-27'::date)",
                      "Filter": "((market_cap >= '466900000000'::numeric) AND (market = 'KOSPI'::text))",
                      "Plans": [
                        {
                          "Node Type": "Bitmap Index Scan",
                          "Parent Relationship": "Outer",
                          "Parallel Aware": false,
                          "Async Capable": false,
                          "Index Name": "idx_sdi_event_date",
                          "Startup Cost": 0.0,
                          "Total Cost": 2.36,
                          "Plan Rows": 10,
                          "Plan Width": 0,
                          "Index Cond": "(event_date = '2023-05-27'::date)"
                        }
                      ]
                    },
                    {
                      "Node Type": "Index Scan",
                      "Parent Relationship": "Inner",
                      "Parallel Aware": false,
                      "Async Capable": false,
                      "Scan Direction": "Forward",
                      "Index Name": "fundamentals_daily_pkey",
                      "Relation Name": "fundamentals_daily",
                      "Alias": "fd",
                      "Startup Cost": 0.29,
                      "Total Cost": 4.3,
                      "Plan Rows": 1,
                      "Plan Width": 55,
                      "Index Cond": "((event_date = '2023-05-27'::date) AND (ticker = sdi.ticker))"
                    }
                  ]
                }
              ]
            },
            {
              "Node Type": "Aggregate",
              "Strategy": "Plain",
              "Partial Mode": "Simple",
              "Parent Relationship": "SubPlan",
              "Subplan Name": "SubPlan 1",
              "Parallel Aware": false,
              "Async Capable": false,
              "Startup Cost": 4.27,
              "Total Cost": 4.28,
              "Plan Rows": 1,
              "Plan Width": 32,
              "Plans": [
                {
                  "Node Type": "Limit",
                  "Parent Relationship": "Outer",
                  "Parallel Aware": false,
                  "Async Capable": false,
                  "Startup Cost": 0.29,
                  "Total Cost": 4.25,
                  "Plan Rows": 1,
                  "Plan Width": 12,
                  "Plans": [
                    {
                      "Node Type": "Index Scan",
                      "Parent Relationship": "Outer",
                      "Parallel Aware": false,
                      "Async Capable": false,
                      "Scan Direction": "Backward",
                      "Index Name": "idx_finq_period_end",
                      "Relation Name": "financials_quarterly",
                      "Alias": "fq",
                      "Startup Cost": 0.29,
                      "Total Cost": 4.25,
                      "Plan Rows": 1,
                      "Plan Width": 12,
                      "Index Cond": "(period_end <= '2023-05-27'::date)",
                      "Filter": "((statement_type = ANY ('{IS_Q,CF_Q}'::text[])) AND (ticker = sdi.ticker) AND (item_name = 'OperatingCashFlow'::text))"
                    }
                  ]
                }
              ]
            }
          ]
        }
      ]
    }
  },
  "db_statistics": {
    "table_stats": {
      "stocks_daily_info": {
        "row_count": 12700,
        "size_mb": 1.71
      },
      "fundamentals_daily": {
        "row_count": 12080,
        "size_mb": 2.33
      },
      "financials_quarterly": {
        "row_count": 8634,
        "size_mb": 0.8
      }
    },
    "existing_indexes": [
      "backtest_results_pkey",
      "community_posts_pkey",
      "financials_quarterly_pkey",
      "fundamentals_daily_pkey",
      "idx_finq_period_end",
      "idx_finq_ticker",
      "idx_fund_event_date",
      "idx_fund_ticker",
      "idx_sdi_event_date",
      "idx_sdi_ticker",
      "ix_backtest_results_strategy_id",
      "ix_community_posts_author_id",
      "ix_community_posts_strategy_id",
      "ix_ml_models_owner_id",
      "ix_strategies_owner_id",
      "ix_users_email",
      "ml_models_pkey",
      "stocks_daily_info_pkey",
      "strategies_pkey",
      "users_pkey"
    ]
  }
}
---
{
  "workload_id": 1294,
  "metadata": {
    "strategy_template": "Momentum Investing Style",
    "ml_model_used": null
  },
  "sql_query": "SELECT ( SELECT COALESCE(SUM(value), 0) FROM ( SELECT value FROM financials_quarterly fq WHERE fq.ticker = sdi.ticker AND fq.item_name = 'OperatingIncome' AND fq.statement_type IN ('IS_Q','CF_Q') AND fq.period_end <= DATE '2023-05-08' ORDER BY fq.period_end DESC LIMIT 4 ) as recent_quarters ) AS ttm_operatingincome , sdi.close_price, sdi.company_name, sdi.ma_20d, sdi.market_cap, sdi.momentum_12m, sdi.momentum_3m, sdi.rsi_14, sdi.ticker, sdi.volatility_20d FROM stocks_daily_info sdi WHERE sdi.market = 'KOSPI' AND sdi.market_cap >= 191100000000 AND sdi.event_date = DATE '2023-05-08' ORDER BY sdi.momentum_3m asc, sdi.momentum_12m desc, sdi.rsi_14 desc LIMIT 12;",
  "baseline_execution_plan": {
    "Plan": {
      "Node Type": "Limit",
      "Parallel Aware": false,
      "Async Capable": false,
      "Startup Cost": 20.41,
      "Total Cost": 24.7,
      "Plan Rows": 1,
      "Plan Width": 96,
      "Plans": [
        {
          "Node Type": "Result",
          "Parent Relationship": "Outer",
          "Parallel Aware": false,
          "Async Capable": false,
          "Startup Cost": 20.41,
          "Total Cost": 24.7,
          "Plan Rows": 1,
          "Plan Width": 96,
          "Plans": [
            {
              "Node Type": "Sort",
              "Parent Relationship": "Outer",
              "Parallel Aware": false,
              "Async Capable": false,
              "Startup Cost": 20.41,
              "Total Cost": 20.41,
              "Plan Rows": 1,
              "Plan Width": 64,
              "Sort Key": [
                "sdi.momentum_3m",
                "sdi.momentum_12m DESC",
                "sdi.rsi_14 DESC"
              ],
              "Plans": [
                {
                  "Node Type": "Bitmap Heap Scan",
                  "Parent Relationship": "Outer",
                  "Parallel Aware": false,
                  "Async Capable": false,
                  "Relation Name": "stocks_daily_info",
                  "Alias": "sdi",
                  "Startup Cost": 2.36,
                  "Total Cost": 20.4,
                  "Plan Rows": 1,
                  "Plan Width": 64,
                  "Recheck Cond": "(event_date = '2023-05-08'::date)",
                  "Filter": "((market_cap >= '191100000000'::numeric) AND (market = 'KOSPI'::text))",
                  "Plans": [
                    {
                      "Node Type": "Bitmap Index Scan",
                      "Parent Relationship": "Outer",
                      "Parallel Aware": false,
                      "Async Capable": false,
                      "Index Name": "idx_sdi_event_date",
                      "Startup Cost": 0.0,
                      "Total Cost": 2.36,
                      "Plan Rows": 10,
                      "Plan Width": 0,
                      "Index Cond": "(event_date = '2023-05-08'::date)"
                    }
                  ]
                }
              ]
            },
            {
              "Node Type": "Aggregate",
              "Strategy": "Plain",
              "Partial Mode": "Simple",
              "Parent Relationship": "SubPlan",
              "Subplan Name": "SubPlan 1",
              "Parallel Aware": false,
              "Async Capable": false,
              "Startup Cost": 4.27,
              "Total Cost": 4.28,
              "Plan Rows": 1,
              "Plan Width": 32,
              "Plans": [
                {
                  "Node Type": "Limit",
                  "Parent Relationship": "Outer",
                  "Parallel Aware": false,
                  "Async Capable": false,
                  "Startup Cost": 0.29,
                  "Total Cost": 4.25,
                  "Plan Rows": 1,
                  "Plan Width": 12,
                  "Plans": [
                    {
                      "Node Type": "Index Scan",
                      "Parent Relationship": "Outer",
                      "Parallel Aware": false,
                      "Async Capable": false,
                      "Scan Direction": "Backward",
                      "Index Name": "idx_finq_period_end",
                      "Relation Name": "financials_quarterly",
                      "Alias": "fq",
                      "Startup Cost": 0.29,
                      "Total Cost": 4.25,
                      "Plan Rows": 1,
                      "Plan Width": 12,
                      "Index Cond": "(period_end <= '2023-05-08'::date)",
                      "Filter": "((statement_type = ANY ('{IS_Q,CF_Q}'::text[])) AND (ticker = sdi.ticker) AND (item_name = 'OperatingIncome'::text))"
                    }
                  ]
                }
              ]
            }
          ]
        }
      ]
    }
  },
  "db_statistics": {
    "table_stats": {
      "stocks_daily_info": {
        "row_count": 12700,
        "size_mb": 1.71
      },
      "fundamentals_daily": {
        "row_count": 12080,
        "size_mb": 2.33
      },
      "financials_quarterly": {
        "row_count": 8634,
        "size_mb": 0.8
      }
    },
    "existing_indexes": [
      "backtest_results_pkey",
      "community_posts_pkey",
      "financials_quarterly_pkey",
      "fundamentals_daily_pkey",
      "idx_finq_period_end",
      "idx_finq_ticker",
      "idx_fund_event_date",
      "idx_fund_ticker",
      "idx_sdi_event_date",
      "idx_sdi_ticker",
      "ix_backtest_results_strategy_id",
      "ix_community_posts_author_id",
      "ix_community_posts_strategy_id",
      "ix_ml_models_owner_id",
      "ix_strategies_owner_id",
      "ix_users_email",
      "ml_models_pkey",
      "stocks_daily_info_pkey",
      "strategies_pkey",
      "users_pkey"
    ]
  }
}
---
{
  "workload_id": 1295,
  "metadata": {
    "strategy_template": "Momentum Investing Style",
    "ml_model_used": null
  },
  "sql_query": "SELECT sdi.close_price, sdi.company_name, sdi.ma_20d, sdi.market_cap, sdi.momentum_12m, sdi.momentum_3m, sdi.rsi_14, sdi.ticker, sdi.volatility_20d FROM stocks_daily_info sdi WHERE sdi.market = 'KOSDAQ' AND sdi.market_cap >= 195300000000 AND sdi.event_date = DATE '2023-05-16' ORDER BY sdi.momentum_3m asc, sdi.momentum_12m desc LIMIT 37;",
  "baseline_execution_plan": {
    "Plan": {
      "Node Type": "Limit",
      "Parallel Aware": false,
      "Async Capable": false,
      "Startup Cost": 20.41,
      "Total Cost": 20.41,
      "Plan Rows": 1,
      "Plan Width": 64,
      "Plans": [
        {
          "Node Type": "Sort",
          "Parent Relationship": "Outer",
          "Parallel Aware": false,
          "Async Capable": false,
          "Startup Cost": 20.41,
          "Total Cost": 20.41,
          "Plan Rows": 1,
          "Plan Width": 64,
          "Sort Key": [
            "momentum_3m",
            "momentum_12m DESC"
          ],
          "Plans": [
            {
              "Node Type": "Bitmap Heap Scan",
              "Parent Relationship": "Outer",
              "Parallel Aware": false,
              "Async Capable": false,
              "Relation Name": "stocks_daily_info",
              "Alias": "sdi",
              "Startup Cost": 2.36,
              "Total Cost": 20.4,
              "Plan Rows": 1,
              "Plan Width": 64,
              "Recheck Cond": "(event_date = '2023-05-16'::date)",
              "Filter": "((market_cap >= '195300000000'::numeric) AND (market = 'KOSDAQ'::text))",
              "Plans": [
                {
                  "Node Type": "Bitmap Index Scan",
                  "Parent Relationship": "Outer",
                  "Parallel Aware": false,
                  "Async Capable": false,
                  "Index Name": "idx_sdi_event_date",
                  "Startup Cost": 0.0,
                  "Total Cost": 2.36,
                  "Plan Rows": 10,
                  "Plan Width": 0,
                  "Index Cond": "(event_date = '2023-05-16'::date)"
                }
              ]
            }
          ]
        }
      ]
    }
  },
  "db_statistics": {
    "table_stats": {
      "stocks_daily_info": {
        "row_count": 12700,
        "size_mb": 1.71
      },
      "fundamentals_daily": {
        "row_count": 12080,
        "size_mb": 2.33
      },
      "financials_quarterly": {
        "row_count": 8634,
        "size_mb": 0.8
      }
    },
    "existing_indexes": [
      "backtest_results_pkey",
      "community_posts_pkey",
      "financials_quarterly_pkey",
      "fundamentals_daily_pkey",
      "idx_finq_period_end",
      "idx_finq_ticker",
      "idx_fund_event_date",
      "idx_fund_ticker",
      "idx_sdi_event_date",
      "idx_sdi_ticker",
      "ix_backtest_results_strategy_id",
      "ix_community_posts_author_id",
      "ix_community_posts_strategy_id",
      "ix_ml_models_owner_id",
      "ix_strategies_owner_id",
      "ix_users_email",
      "ml_models_pkey",
      "stocks_daily_info_pkey",
      "strategies_pkey",
      "users_pkey"
    ]
  }
}
---
{
  "workload_id": 1296,
  "metadata": {
    "strategy_template": "ML Hybrid Style",
    "ml_model_used": "Return Forecast Model"
  },
  "sql_query": "SELECT fd.bps, fd.dividend_yield, fd.eps, fd.pbr, fd.per, sdi.close_price, sdi.company_name, sdi.ma_20d, sdi.market_cap, sdi.momentum_12m, sdi.momentum_3m, sdi.rsi_14, sdi.ticker, sdi.volatility_20d FROM stocks_daily_info sdi LEFT JOIN fundamentals_daily fd ON fd.ticker = sdi.ticker AND fd.event_date = sdi.event_date WHERE sdi.market = 'KOSDAQ' AND sdi.market_cap >= 399800000000 AND sdi.event_date = DATE '2023-09-15' ORDER BY CASE sdi.ticker WHEN '000660.KS' THEN 1 WHEN '005930.KS' THEN 2 WHEN '068270.KQ' THEN 3 WHEN '207940.KS' THEN 4 WHEN '035420.KS' THEN 5 WHEN '005380.KS' THEN 6 WHEN '051910.KS' THEN 7 WHEN '012330.KS' THEN 8 WHEN '035720.KS' THEN 9 WHEN '105560.KS' THEN 10 ELSE 11 END LIMIT 44;",
  "baseline_execution_plan": {
    "Plan": {
      "Node Type": "Limit",
      "Parallel Aware": false,
      "Async Capable": false,
      "Startup Cost": 24.75,
      "Total Cost": 24.75,
      "Plan Rows": 1,
      "Plan Width": 109,
      "Plans": [
        {
          "Node Type": "Sort",
          "Parent Relationship": "Outer",
          "Parallel Aware": false,
          "Async Capable": false,
          "Startup Cost": 24.75,
          "Total Cost": 24.75,
          "Plan Rows": 1,
          "Plan Width": 109,
          "Sort Key": [
            "(CASE sdi.ticker WHEN '000660.KS'::text THEN 1 WHEN '005930.KS'::text THEN 2 WHEN '068270.KQ'::text THEN 3 WHEN '207940.KS'::text THEN 4 WHEN '035420.KS'::text THEN 5 WHEN '005380.KS'::text THEN 6 WHEN '051910.KS'::text THEN 7 WHEN '012330.KS'::text THEN 8 WHEN '035720.KS'::text THEN 9 WHEN '105560.KS'::text THEN 10 ELSE 11 END)"
          ],
          "Plans": [
            {
              "Node Type": "Nested Loop",
              "Parent Relationship": "Outer",
              "Parallel Aware": false,
              "Async Capable": false,
              "Join Type": "Left",
              "Startup Cost": 2.65,
              "Total Cost": 24.74,
              "Plan Rows": 1,
              "Plan Width": 109,
              "Inner Unique": true,
              "Plans": [
                {
                  "Node Type": "Bitmap Heap Scan",
                  "Parent Relationship": "Outer",
                  "Parallel Aware": false,
                  "Async Capable": false,
                  "Relation Name": "stocks_daily_info",
                  "Alias": "sdi",
                  "Startup Cost": 2.36,
                  "Total Cost": 20.4,
                  "Plan Rows": 1,
                  "Plan Width": 68,
                  "Recheck Cond": "(event_date = '2023-09-15'::date)",
                  "Filter": "((market_cap >= '399800000000'::numeric) AND (market = 'KOSDAQ'::text))",
                  "Plans": [
                    {
                      "Node Type": "Bitmap Index Scan",
                      "Parent Relationship": "Outer",
                      "Parallel Aware": false,
                      "Async Capable": false,
                      "Index Name": "idx_sdi_event_date",
                      "Startup Cost": 0.0,
                      "Total Cost": 2.36,
                      "Plan Rows": 10,
                      "Plan Width": 0,
                      "Index Cond": "(event_date = '2023-09-15'::date)"
                    }
                  ]
                },
                {
                  "Node Type": "Index Scan",
                  "Parent Relationship": "Inner",
                  "Parallel Aware": false,
                  "Async Capable": false,
                  "Scan Direction": "Forward",
                  "Index Name": "fundamentals_daily_pkey",
                  "Relation Name": "fundamentals_daily",
                  "Alias": "fd",
                  "Startup Cost": 0.29,
                  "Total Cost": 4.3,
                  "Plan Rows": 1,
                  "Plan Width": 55,
                  "Index Cond": "((event_date = '2023-09-15'::date) AND (ticker = sdi.ticker))"
                }
              ]
            }
          ]
        }
      ]
    }
  },
  "db_statistics": {
    "table_stats": {
      "stocks_daily_info": {
        "row_count": 12700,
        "size_mb": 1.71
      },
      "fundamentals_daily": {
        "row_count": 12080,
        "size_mb": 2.33
      },
      "financials_quarterly": {
        "row_count": 8634,
        "size_mb": 0.8
      }
    },
    "existing_indexes": [
      "backtest_results_pkey",
      "community_posts_pkey",
      "financials_quarterly_pkey",
      "fundamentals_daily_pkey",
      "idx_finq_period_end",
      "idx_finq_ticker",
      "idx_fund_event_date",
      "idx_fund_ticker",
      "idx_sdi_event_date",
      "idx_sdi_ticker",
      "ix_backtest_results_strategy_id",
      "ix_community_posts_author_id",
      "ix_community_posts_strategy_id",
      "ix_ml_models_owner_id",
      "ix_strategies_owner_id",
      "ix_users_email",
      "ml_models_pkey",
      "stocks_daily_info_pkey",
      "strategies_pkey",
      "users_pkey"
    ]
  }
}
---
{
  "workload_id": 1297,
  "metadata": {
    "strategy_template": "ML Hybrid Style",
    "ml_model_used": null
  },
  "sql_query": "SELECT fd.bps, fd.dividend_yield, fd.eps, fd.pbr, fd.per, sdi.close_price, sdi.company_name, sdi.ma_20d, sdi.market_cap, sdi.momentum_12m, sdi.momentum_3m, sdi.rsi_14, sdi.ticker, sdi.volatility_20d FROM stocks_daily_info sdi LEFT JOIN fundamentals_daily fd ON fd.ticker = sdi.ticker AND fd.event_date = sdi.event_date WHERE sdi.market = 'KOSPI' AND sdi.market_cap >= 373500000000 AND sdi.event_date = DATE '2023-09-17' ORDER BY sdi.rsi_14 asc, sdi.volatility_20d desc, fd.pbr asc, sdi.momentum_3m asc LIMIT 46;",
  "baseline_execution_plan": {
    "Plan": {
      "Node Type": "Limit",
      "Parallel Aware": false,
      "Async Capable": false,
      "Startup Cost": 24.72,
      "Total Cost": 24.73,
      "Plan Rows": 1,
      "Plan Width": 105,
      "Plans": [
        {
          "Node Type": "Sort",
          "Parent Relationship": "Outer",
          "Parallel Aware": false,
          "Async Capable": false,
          "Startup Cost": 24.72,
          "Total Cost": 24.73,
          "Plan Rows": 1,
          "Plan Width": 105,
          "Sort Key": [
            "sdi.rsi_14",
            "sdi.volatility_20d DESC",
            "fd.pbr",
            "sdi.momentum_3m"
          ],
          "Plans": [
            {
              "Node Type": "Nested Loop",
              "Parent Relationship": "Outer",
              "Parallel Aware": false,
              "Async Capable": false,
              "Join Type": "Left",
              "Startup Cost": 2.65,
              "Total Cost": 24.71,
              "Plan Rows": 1,
              "Plan Width": 105,
              "Inner Unique": true,
              "Plans": [
                {
                  "Node Type": "Bitmap Heap Scan",
                  "Parent Relationship": "Outer",
                  "Parallel Aware": false,
                  "Async Capable": false,
                  "Relation Name": "stocks_daily_info",
                  "Alias": "sdi",
                  "Startup Cost": 2.36,
                  "Total Cost": 20.4,
                  "Plan Rows": 1,
                  "Plan Width": 68,
                  "Recheck Cond": "(event_date = '2023-09-17'::date)",
                  "Filter": "((market_cap >= '373500000000'::numeric) AND (market = 'KOSPI'::text))",
                  "Plans": [
                    {
                      "Node Type": "Bitmap Index Scan",
                      "Parent Relationship": "Outer",
                      "Parallel Aware": false,
                      "Async Capable": false,
                      "Index Name": "idx_sdi_event_date",
                      "Startup Cost": 0.0,
                      "Total Cost": 2.36,
                      "Plan Rows": 10,
                      "Plan Width": 0,
                      "Index Cond": "(event_date = '2023-09-17'::date)"
                    }
                  ]
                },
                {
                  "Node Type": "Index Scan",
                  "Parent Relationship": "Inner",
                  "Parallel Aware": false,
                  "Async Capable": false,
                  "Scan Direction": "Forward",
                  "Index Name": "fundamentals_daily_pkey",
                  "Relation Name": "fundamentals_daily",
                  "Alias": "fd",
                  "Startup Cost": 0.29,
                  "Total Cost": 4.3,
                  "Plan Rows": 1,
                  "Plan Width": 55,
                  "Index Cond": "((event_date = '2023-09-17'::date) AND (ticker = sdi.ticker))"
                }
              ]
            }
          ]
        }
      ]
    }
  },
  "db_statistics": {
    "table_stats": {
      "stocks_daily_info": {
        "row_count": 12700,
        "size_mb": 1.71
      },
      "fundamentals_daily": {
        "row_count": 12080,
        "size_mb": 2.33
      },
      "financials_quarterly": {
        "row_count": 8634,
        "size_mb": 0.8
      }
    },
    "existing_indexes": [
      "backtest_results_pkey",
      "community_posts_pkey",
      "financials_quarterly_pkey",
      "fundamentals_daily_pkey",
      "idx_finq_period_end",
      "idx_finq_ticker",
      "idx_fund_event_date",
      "idx_fund_ticker",
      "idx_sdi_event_date",
      "idx_sdi_ticker",
      "ix_backtest_results_strategy_id",
      "ix_community_posts_author_id",
      "ix_community_posts_strategy_id",
      "ix_ml_models_owner_id",
      "ix_strategies_owner_id",
      "ix_users_email",
      "ml_models_pkey",
      "stocks_daily_info_pkey",
      "strategies_pkey",
      "users_pkey"
    ]
  }
}
---
{
  "workload_id": 1298,
  "metadata": {
    "strategy_template": "ML Hybrid Style",
    "ml_model_used": "Return Forecast Model"
  },
  "sql_query": "SELECT sdi.close_price, sdi.company_name, sdi.ma_20d, sdi.market_cap, sdi.momentum_12m, sdi.momentum_3m, sdi.rsi_14, sdi.ticker, sdi.volatility_20d FROM stocks_daily_info sdi WHERE sdi.market = 'KOSDAQ' AND sdi.market_cap >= 193200000000 AND sdi.event_date = DATE '2023-07-20' ORDER BY CASE sdi.ticker WHEN '000660.KS' THEN 1 WHEN '005930.KS' THEN 2 WHEN '068270.KQ' THEN 3 WHEN '207940.KS' THEN 4 WHEN '035420.KS' THEN 5 WHEN '005380.KS' THEN 6 WHEN '051910.KS' THEN 7 WHEN '012330.KS' THEN 8 WHEN '035720.KS' THEN 9 WHEN '105560.KS' THEN 10 ELSE 11 END LIMIT 19;",
  "baseline_execution_plan": {
    "Plan": {
      "Node Type": "Limit",
      "Parallel Aware": false,
      "Async Capable": false,
      "Startup Cost": 20.43,
      "Total Cost": 20.44,
      "Plan Rows": 1,
      "Plan Width": 68,
      "Plans": [
        {
          "Node Type": "Sort",
          "Parent Relationship": "Outer",
          "Parallel Aware": false,
          "Async Capable": false,
          "Startup Cost": 20.43,
          "Total Cost": 20.44,
          "Plan Rows": 1,
          "Plan Width": 68,
          "Sort Key": [
            "(CASE ticker WHEN '000660.KS'::text THEN 1 WHEN '005930.KS'::text THEN 2 WHEN '068270.KQ'::text THEN 3 WHEN '207940.KS'::text THEN 4 WHEN '035420.KS'::text THEN 5 WHEN '005380.KS'::text THEN 6 WHEN '051910.KS'::text THEN 7 WHEN '012330.KS'::text THEN 8 WHEN '035720.KS'::text THEN 9 WHEN '105560.KS'::text THEN 10 ELSE 11 END)"
          ],
          "Plans": [
            {
              "Node Type": "Bitmap Heap Scan",
              "Parent Relationship": "Outer",
              "Parallel Aware": false,
              "Async Capable": false,
              "Relation Name": "stocks_daily_info",
              "Alias": "sdi",
              "Startup Cost": 2.36,
              "Total Cost": 20.42,
              "Plan Rows": 1,
              "Plan Width": 68,
              "Recheck Cond": "(event_date = '2023-07-20'::date)",
              "Filter": "((market_cap >= '193200000000'::numeric) AND (market = 'KOSDAQ'::text))",
              "Plans": [
                {
                  "Node Type": "Bitmap Index Scan",
                  "Parent Relationship": "Outer",
                  "Parallel Aware": false,
                  "Async Capable": false,
                  "Index Name": "idx_sdi_event_date",
                  "Startup Cost": 0.0,
                  "Total Cost": 2.36,
                  "Plan Rows": 10,
                  "Plan Width": 0,
                  "Index Cond": "(event_date = '2023-07-20'::date)"
                }
              ]
            }
          ]
        }
      ]
    }
  },
  "db_statistics": {
    "table_stats": {
      "stocks_daily_info": {
        "row_count": 12700,
        "size_mb": 1.71
      },
      "fundamentals_daily": {
        "row_count": 12080,
        "size_mb": 2.33
      },
      "financials_quarterly": {
        "row_count": 8634,
        "size_mb": 0.8
      }
    },
    "existing_indexes": [
      "backtest_results_pkey",
      "community_posts_pkey",
      "financials_quarterly_pkey",
      "fundamentals_daily_pkey",
      "idx_finq_period_end",
      "idx_finq_ticker",
      "idx_fund_event_date",
      "idx_fund_ticker",
      "idx_sdi_event_date",
      "idx_sdi_ticker",
      "ix_backtest_results_strategy_id",
      "ix_community_posts_author_id",
      "ix_community_posts_strategy_id",
      "ix_ml_models_owner_id",
      "ix_strategies_owner_id",
      "ix_users_email",
      "ml_models_pkey",
      "stocks_daily_info_pkey",
      "strategies_pkey",
      "users_pkey"
    ]
  }
}
---
{
  "workload_id": 1299,
  "metadata": {
    "strategy_template": "Value Investing Style",
    "ml_model_used": null
  },
  "sql_query": "SELECT ( SELECT COALESCE(SUM(value), 0) FROM ( SELECT value FROM financials_quarterly fq WHERE fq.ticker = sdi.ticker AND fq.item_name = 'NetIncome' AND fq.statement_type IN ('IS_Q','CF_Q') AND fq.period_end <= DATE '2023-07-02' ORDER BY fq.period_end DESC LIMIT 4 ) as recent_quarters ) AS ttm_netincome , fd.bps, fd.dividend_yield, fd.eps, fd.pbr, fd.per, sdi.close_price, sdi.company_name, sdi.ma_20d, sdi.market_cap, sdi.momentum_12m, sdi.momentum_3m, sdi.rsi_14, sdi.ticker, sdi.volatility_20d FROM stocks_daily_info sdi LEFT JOIN fundamentals_daily fd ON fd.ticker = sdi.ticker AND fd.event_date = sdi.event_date WHERE sdi.market = 'KOSPI' AND sdi.market_cap >= 475600000000 AND sdi.event_date = DATE '2023-07-02' ORDER BY fd.pbr desc, fd.per asc, fd.dividend_yield desc LIMIT 23;",
  "baseline_execution_plan": {
    "Plan": {
      "Node Type": "Limit",
      "Parallel Aware": false,
      "Async Capable": false,
      "Startup Cost": 24.72,
      "Total Cost": 29.02,
      "Plan Rows": 1,
      "Plan Width": 137,
      "Plans": [
        {
          "Node Type": "Result",
          "Parent Relationship": "Outer",
          "Parallel Aware": false,
          "Async Capable": false,
          "Startup Cost": 24.72,
          "Total Cost": 29.02,
          "Plan Rows": 1,
          "Plan Width": 137,
          "Plans": [
            {
              "Node Type": "Sort",
              "Parent Relationship": "Outer",
              "Parallel Aware": false,
              "Async Capable": false,
              "Startup Cost": 24.72,
              "Total Cost": 24.73,
              "Plan Rows": 1,
              "Plan Width": 105,
              "Sort Key": [
                "fd.pbr DESC",
                "fd.per",
                "fd.dividend_yield DESC"
              ],
              "Plans": [
                {
                  "Node Type": "Nested Loop",
                  "Parent Relationship": "Outer",
                  "Parallel Aware": false,
                  "Async Capable": false,
                  "Join Type": "Left",
                  "Startup Cost": 2.65,
                  "Total Cost": 24.71,
                  "Plan Rows": 1,
                  "Plan Width": 105,
                  "Inner Unique": true,
                  "Plans": [
                    {
                      "Node Type": "Bitmap Heap Scan",
                      "Parent Relationship": "Outer",
                      "Parallel Aware": false,
                      "Async Capable": false,
                      "Relation Name": "stocks_daily_info",
                      "Alias": "sdi",
                      "Startup Cost": 2.36,
                      "Total Cost": 20.4,
                      "Plan Rows": 1,
                      "Plan Width": 68,
                      "Recheck Cond": "(event_date = '2023-07-02'::date)",
                      "Filter": "((market_cap >= '475600000000'::numeric) AND (market = 'KOSPI'::text))",
                      "Plans": [
                        {
                          "Node Type": "Bitmap Index Scan",
                          "Parent Relationship": "Outer",
                          "Parallel Aware": false,
                          "Async Capable": false,
                          "Index Name": "idx_sdi_event_date",
                          "Startup Cost": 0.0,
                          "Total Cost": 2.36,
                          "Plan Rows": 10,
                          "Plan Width": 0,
                          "Index Cond": "(event_date = '2023-07-02'::date)"
                        }
                      ]
                    },
                    {
                      "Node Type": "Index Scan",
                      "Parent Relationship": "Inner",
                      "Parallel Aware": false,
                      "Async Capable": false,
                      "Scan Direction": "Forward",
                      "Index Name": "fundamentals_daily_pkey",
                      "Relation Name": "fundamentals_daily",
                      "Alias": "fd",
                      "Startup Cost": 0.29,
                      "Total Cost": 4.3,
                      "Plan Rows": 1,
                      "Plan Width": 55,
                      "Index Cond": "((event_date = '2023-07-02'::date) AND (ticker = sdi.ticker))"
                    }
                  ]
                }
              ]
            },
            {
              "Node Type": "Aggregate",
              "Strategy": "Plain",
              "Partial Mode": "Simple",
              "Parent Relationship": "SubPlan",
              "Subplan Name": "SubPlan 1",
              "Parallel Aware": false,
              "Async Capable": false,
              "Startup Cost": 4.27,
              "Total Cost": 4.28,
              "Plan Rows": 1,
              "Plan Width": 32,
              "Plans": [
                {
                  "Node Type": "Limit",
                  "Parent Relationship": "Outer",
                  "Parallel Aware": false,
                  "Async Capable": false,
                  "Startup Cost": 0.29,
                  "Total Cost": 4.25,
                  "Plan Rows": 1,
                  "Plan Width": 12,
                  "Plans": [
                    {
                      "Node Type": "Index Scan",
                      "Parent Relationship": "Outer",
                      "Parallel Aware": false,
                      "Async Capable": false,
                      "Scan Direction": "Backward",
                      "Index Name": "idx_finq_period_end",
                      "Relation Name": "financials_quarterly",
                      "Alias": "fq",
                      "Startup Cost": 0.29,
                      "Total Cost": 4.25,
                      "Plan Rows": 1,
                      "Plan Width": 12,
                      "Index Cond": "(period_end <= '2023-07-02'::date)",
                      "Filter": "((statement_type = ANY ('{IS_Q,CF_Q}'::text[])) AND (ticker = sdi.ticker) AND (item_name = 'NetIncome'::text))"
                    }
                  ]
                }
              ]
            }
          ]
        }
      ]
    }
  },
  "db_statistics": {
    "table_stats": {
      "stocks_daily_info": {
        "row_count": 12700,
        "size_mb": 1.71
      },
      "fundamentals_daily": {
        "row_count": 12080,
        "size_mb": 2.33
      },
      "financials_quarterly": {
        "row_count": 8634,
        "size_mb": 0.8
      }
    },
    "existing_indexes": [
      "backtest_results_pkey",
      "community_posts_pkey",
      "financials_quarterly_pkey",
      "fundamentals_daily_pkey",
      "idx_finq_period_end",
      "idx_finq_ticker",
      "idx_fund_event_date",
      "idx_fund_ticker",
      "idx_sdi_event_date",
      "idx_sdi_ticker",
      "ix_backtest_results_strategy_id",
      "ix_community_posts_author_id",
      "ix_community_posts_strategy_id",
      "ix_ml_models_owner_id",
      "ix_strategies_owner_id",
      "ix_users_email",
      "ml_models_pkey",
      "stocks_daily_info_pkey",
      "strategies_pkey",
      "users_pkey"
    ]
  }
}
---
{
  "workload_id": 1300,
  "metadata": {
    "strategy_template": "Value Investing Style",
    "ml_model_used": null
  },
  "sql_query": "SELECT fd.bps, fd.dividend_yield, fd.eps, fd.pbr, fd.per, sdi.close_price, sdi.company_name, sdi.ma_20d, sdi.market_cap, sdi.momentum_12m, sdi.momentum_3m, sdi.rsi_14, sdi.ticker, sdi.volatility_20d FROM stocks_daily_info sdi LEFT JOIN fundamentals_daily fd ON fd.ticker = sdi.ticker AND fd.event_date = sdi.event_date WHERE sdi.market = 'KOSPI' AND sdi.market_cap >= 473100000000 AND sdi.event_date = DATE '2023-09-23' ORDER BY fd.pbr desc, fd.per asc LIMIT 24;",
  "baseline_execution_plan": {
    "Plan": {
      "Node Type": "Limit",
      "Parallel Aware": false,
      "Async Capable": false,
      "Startup Cost": 24.72,
      "Total Cost": 24.73,
      "Plan Rows": 1,
      "Plan Width": 105,
      "Plans": [
        {
          "Node Type": "Sort",
          "Parent Relationship": "Outer",
          "Parallel Aware": false,
          "Async Capable": false,
          "Startup Cost": 24.72,
          "Total Cost": 24.73,
          "Plan Rows": 1,
          "Plan Width": 105,
          "Sort Key": [
            "fd.pbr DESC",
            "fd.per"
          ],
          "Plans": [
            {
              "Node Type": "Nested Loop",
              "Parent Relationship": "Outer",
              "Parallel Aware": false,
              "Async Capable": false,
              "Join Type": "Left",
              "Startup Cost": 2.65,
              "Total Cost": 24.71,
              "Plan Rows": 1,
              "Plan Width": 105,
              "Inner Unique": true,
              "Plans": [
                {
                  "Node Type": "Bitmap Heap Scan",
                  "Parent Relationship": "Outer",
                  "Parallel Aware": false,
                  "Async Capable": false,
                  "Relation Name": "stocks_daily_info",
                  "Alias": "sdi",
                  "Startup Cost": 2.36,
                  "Total Cost": 20.4,
                  "Plan Rows": 1,
                  "Plan Width": 68,
                  "Recheck Cond": "(event_date = '2023-09-23'::date)",
                  "Filter": "((market_cap >= '473100000000'::numeric) AND (market = 'KOSPI'::text))",
                  "Plans": [
                    {
                      "Node Type": "Bitmap Index Scan",
                      "Parent Relationship": "Outer",
                      "Parallel Aware": false,
                      "Async Capable": false,
                      "Index Name": "idx_sdi_event_date",
                      "Startup Cost": 0.0,
                      "Total Cost": 2.36,
                      "Plan Rows": 10,
                      "Plan Width": 0,
                      "Index Cond": "(event_date = '2023-09-23'::date)"
                    }
                  ]
                },
                {
                  "Node Type": "Index Scan",
                  "Parent Relationship": "Inner",
                  "Parallel Aware": false,
                  "Async Capable": false,
                  "Scan Direction": "Forward",
                  "Index Name": "fundamentals_daily_pkey",
                  "Relation Name": "fundamentals_daily",
                  "Alias": "fd",
                  "Startup Cost": 0.29,
                  "Total Cost": 4.3,
                  "Plan Rows": 1,
                  "Plan Width": 55,
                  "Index Cond": "((event_date = '2023-09-23'::date) AND (ticker = sdi.ticker))"
                }
              ]
            }
          ]
        }
      ]
    }
  },
  "db_statistics": {
    "table_stats": {
      "stocks_daily_info": {
        "row_count": 12700,
        "size_mb": 1.71
      },
      "fundamentals_daily": {
        "row_count": 12080,
        "size_mb": 2.33
      },
      "financials_quarterly": {
        "row_count": 8634,
        "size_mb": 0.8
      }
    },
    "existing_indexes": [
      "backtest_results_pkey",
      "community_posts_pkey",
      "financials_quarterly_pkey",
      "fundamentals_daily_pkey",
      "idx_finq_period_end",
      "idx_finq_ticker",
      "idx_fund_event_date",
      "idx_fund_ticker",
      "idx_sdi_event_date",
      "idx_sdi_ticker",
      "ix_backtest_results_strategy_id",
      "ix_community_posts_author_id",
      "ix_community_posts_strategy_id",
      "ix_ml_models_owner_id",
      "ix_strategies_owner_id",
      "ix_users_email",
      "ml_models_pkey",
      "stocks_daily_info_pkey",
      "strategies_pkey",
      "users_pkey"
    ]
  }
}
---
