{
  "workload_id": 3501,
  "metadata": {
    "strategy_template": "ML Hybrid Style",
    "ml_model_used": null
  },
  "sql_query": "SELECT ( SELECT COALESCE(SUM(value), 0) FROM ( SELECT value FROM financials_quarterly fq WHERE fq.ticker = sdi.ticker AND fq.item_name = 'OperatingCashFlow' AND fq.statement_type IN ('IS_Q','CF_Q') AND fq.period_end <= DATE '2023-10-21' ORDER BY fq.period_end DESC LIMIT 4 ) as recent_quarters ) AS ttm_operatingcashflow , fd.bps, fd.dividend_yield, fd.eps, fd.pbr, fd.per, sdi.close_price, sdi.company_name, sdi.ma_20d, sdi.market_cap, sdi.momentum_12m, sdi.momentum_3m, sdi.rsi_14, sdi.ticker, sdi.volatility_20d FROM stocks_daily_info sdi LEFT JOIN fundamentals_daily fd ON fd.ticker = sdi.ticker AND fd.event_date = sdi.event_date WHERE sdi.market = 'KOSPI' AND sdi.market_cap >= 255700000000 AND sdi.event_date = DATE '2023-10-21' ORDER BY sdi.rsi_14 desc, fd.pbr desc, sdi.momentum_3m desc, sdi.volatility_20d asc LIMIT 17;",
  "baseline_execution_plan": {
    "Plan": {
      "Node Type": "Limit",
      "Parallel Aware": false,
      "Async Capable": false,
      "Startup Cost": 24.72,
      "Total Cost": 29.02,
      "Plan Rows": 1,
      "Plan Width": 137,
      "Plans": [
        {
          "Node Type": "Result",
          "Parent Relationship": "Outer",
          "Parallel Aware": false,
          "Async Capable": false,
          "Startup Cost": 24.72,
          "Total Cost": 29.02,
          "Plan Rows": 1,
          "Plan Width": 137,
          "Plans": [
            {
              "Node Type": "Sort",
              "Parent Relationship": "Outer",
              "Parallel Aware": false,
              "Async Capable": false,
              "Startup Cost": 24.72,
              "Total Cost": 24.73,
              "Plan Rows": 1,
              "Plan Width": 105,
              "Sort Key": [
                "sdi.rsi_14 DESC",
                "fd.pbr DESC",
                "sdi.momentum_3m DESC",
                "sdi.volatility_20d"
              ],
              "Plans": [
                {
                  "Node Type": "Nested Loop",
                  "Parent Relationship": "Outer",
                  "Parallel Aware": false,
                  "Async Capable": false,
                  "Join Type": "Left",
                  "Startup Cost": 2.65,
                  "Total Cost": 24.71,
                  "Plan Rows": 1,
                  "Plan Width": 105,
                  "Inner Unique": true,
                  "Plans": [
                    {
                      "Node Type": "Bitmap Heap Scan",
                      "Parent Relationship": "Outer",
                      "Parallel Aware": false,
                      "Async Capable": false,
                      "Relation Name": "stocks_daily_info",
                      "Alias": "sdi",
                      "Startup Cost": 2.36,
                      "Total Cost": 20.4,
                      "Plan Rows": 1,
                      "Plan Width": 68,
                      "Recheck Cond": "(event_date = '2023-10-21'::date)",
                      "Filter": "((market_cap >= '255700000000'::numeric) AND (market = 'KOSPI'::text))",
                      "Plans": [
                        {
                          "Node Type": "Bitmap Index Scan",
                          "Parent Relationship": "Outer",
                          "Parallel Aware": false,
                          "Async Capable": false,
                          "Index Name": "idx_sdi_event_date",
                          "Startup Cost": 0.0,
                          "Total Cost": 2.36,
                          "Plan Rows": 10,
                          "Plan Width": 0,
                          "Index Cond": "(event_date = '2023-10-21'::date)"
                        }
                      ]
                    },
                    {
                      "Node Type": "Index Scan",
                      "Parent Relationship": "Inner",
                      "Parallel Aware": false,
                      "Async Capable": false,
                      "Scan Direction": "Forward",
                      "Index Name": "fundamentals_daily_pkey",
                      "Relation Name": "fundamentals_daily",
                      "Alias": "fd",
                      "Startup Cost": 0.29,
                      "Total Cost": 4.3,
                      "Plan Rows": 1,
                      "Plan Width": 55,
                      "Index Cond": "((event_date = '2023-10-21'::date) AND (ticker = sdi.ticker))"
                    }
                  ]
                }
              ]
            },
            {
              "Node Type": "Aggregate",
              "Strategy": "Plain",
              "Partial Mode": "Simple",
              "Parent Relationship": "SubPlan",
              "Subplan Name": "SubPlan 1",
              "Parallel Aware": false,
              "Async Capable": false,
              "Startup Cost": 4.27,
              "Total Cost": 4.28,
              "Plan Rows": 1,
              "Plan Width": 32,
              "Plans": [
                {
                  "Node Type": "Limit",
                  "Parent Relationship": "Outer",
                  "Parallel Aware": false,
                  "Async Capable": false,
                  "Startup Cost": 0.29,
                  "Total Cost": 4.25,
                  "Plan Rows": 1,
                  "Plan Width": 12,
                  "Plans": [
                    {
                      "Node Type": "Index Scan",
                      "Parent Relationship": "Outer",
                      "Parallel Aware": false,
                      "Async Capable": false,
                      "Scan Direction": "Backward",
                      "Index Name": "idx_finq_period_end",
                      "Relation Name": "financials_quarterly",
                      "Alias": "fq",
                      "Startup Cost": 0.29,
                      "Total Cost": 4.25,
                      "Plan Rows": 1,
                      "Plan Width": 12,
                      "Index Cond": "(period_end <= '2023-10-21'::date)",
                      "Filter": "((statement_type = ANY ('{IS_Q,CF_Q}'::text[])) AND (ticker = sdi.ticker) AND (item_name = 'OperatingCashFlow'::text))"
                    }
                  ]
                }
              ]
            }
          ]
        }
      ]
    }
  },
  "db_statistics": {
    "table_stats": {
      "stocks_daily_info": {
        "row_count": 12700,
        "size_mb": 1.71
      },
      "fundamentals_daily": {
        "row_count": 12080,
        "size_mb": 2.33
      },
      "financials_quarterly": {
        "row_count": 8634,
        "size_mb": 0.8
      }
    },
    "existing_indexes": [
      "backtest_results_pkey",
      "community_posts_pkey",
      "financials_quarterly_pkey",
      "fundamentals_daily_pkey",
      "idx_finq_period_end",
      "idx_finq_ticker",
      "idx_fund_event_date",
      "idx_fund_ticker",
      "idx_sdi_event_date",
      "idx_sdi_ticker",
      "ix_backtest_results_strategy_id",
      "ix_community_posts_author_id",
      "ix_community_posts_strategy_id",
      "ix_ml_models_owner_id",
      "ix_strategies_owner_id",
      "ix_users_email",
      "ml_models_pkey",
      "stocks_daily_info_pkey",
      "strategies_pkey",
      "users_pkey"
    ]
  }
}
---
{
  "workload_id": 3502,
  "metadata": {
    "strategy_template": "Value Investing Style",
    "ml_model_used": null
  },
  "sql_query": "SELECT ( SELECT COALESCE(SUM(value), 0) FROM ( SELECT value FROM financials_quarterly fq WHERE fq.ticker = sdi.ticker AND fq.item_name = 'NetIncome' AND fq.statement_type IN ('IS_Q','CF_Q') AND fq.period_end <= DATE '2023-09-13' ORDER BY fq.period_end DESC LIMIT 4 ) as recent_quarters ) AS ttm_netincome , fd.bps, fd.dividend_yield, fd.eps, fd.pbr, fd.per, sdi.close_price, sdi.company_name, sdi.ma_20d, sdi.market_cap, sdi.momentum_12m, sdi.momentum_3m, sdi.rsi_14, sdi.ticker, sdi.volatility_20d FROM stocks_daily_info sdi LEFT JOIN fundamentals_daily fd ON fd.ticker = sdi.ticker AND fd.event_date = sdi.event_date WHERE sdi.market = 'KOSPI' AND sdi.market_cap >= 329600000000 AND sdi.event_date = DATE '2023-09-13' ORDER BY fd.pbr asc, fd.per asc, fd.dividend_yield asc LIMIT 23;",
  "baseline_execution_plan": {
    "Plan": {
      "Node Type": "Limit",
      "Parallel Aware": false,
      "Async Capable": false,
      "Startup Cost": 24.72,
      "Total Cost": 29.02,
      "Plan Rows": 1,
      "Plan Width": 137,
      "Plans": [
        {
          "Node Type": "Result",
          "Parent Relationship": "Outer",
          "Parallel Aware": false,
          "Async Capable": false,
          "Startup Cost": 24.72,
          "Total Cost": 29.02,
          "Plan Rows": 1,
          "Plan Width": 137,
          "Plans": [
            {
              "Node Type": "Sort",
              "Parent Relationship": "Outer",
              "Parallel Aware": false,
              "Async Capable": false,
              "Startup Cost": 24.72,
              "Total Cost": 24.73,
              "Plan Rows": 1,
              "Plan Width": 105,
              "Sort Key": [
                "fd.pbr",
                "fd.per",
                "fd.dividend_yield"
              ],
              "Plans": [
                {
                  "Node Type": "Nested Loop",
                  "Parent Relationship": "Outer",
                  "Parallel Aware": false,
                  "Async Capable": false,
                  "Join Type": "Left",
                  "Startup Cost": 2.65,
                  "Total Cost": 24.71,
                  "Plan Rows": 1,
                  "Plan Width": 105,
                  "Inner Unique": true,
                  "Plans": [
                    {
                      "Node Type": "Bitmap Heap Scan",
                      "Parent Relationship": "Outer",
                      "Parallel Aware": false,
                      "Async Capable": false,
                      "Relation Name": "stocks_daily_info",
                      "Alias": "sdi",
                      "Startup Cost": 2.36,
                      "Total Cost": 20.4,
                      "Plan Rows": 1,
                      "Plan Width": 68,
                      "Recheck Cond": "(event_date = '2023-09-13'::date)",
                      "Filter": "((market_cap >= '329600000000'::numeric) AND (market = 'KOSPI'::text))",
                      "Plans": [
                        {
                          "Node Type": "Bitmap Index Scan",
                          "Parent Relationship": "Outer",
                          "Parallel Aware": false,
                          "Async Capable": false,
                          "Index Name": "idx_sdi_event_date",
                          "Startup Cost": 0.0,
                          "Total Cost": 2.36,
                          "Plan Rows": 10,
                          "Plan Width": 0,
                          "Index Cond": "(event_date = '2023-09-13'::date)"
                        }
                      ]
                    },
                    {
                      "Node Type": "Index Scan",
                      "Parent Relationship": "Inner",
                      "Parallel Aware": false,
                      "Async Capable": false,
                      "Scan Direction": "Forward",
                      "Index Name": "fundamentals_daily_pkey",
                      "Relation Name": "fundamentals_daily",
                      "Alias": "fd",
                      "Startup Cost": 0.29,
                      "Total Cost": 4.3,
                      "Plan Rows": 1,
                      "Plan Width": 55,
                      "Index Cond": "((event_date = '2023-09-13'::date) AND (ticker = sdi.ticker))"
                    }
                  ]
                }
              ]
            },
            {
              "Node Type": "Aggregate",
              "Strategy": "Plain",
              "Partial Mode": "Simple",
              "Parent Relationship": "SubPlan",
              "Subplan Name": "SubPlan 1",
              "Parallel Aware": false,
              "Async Capable": false,
              "Startup Cost": 4.27,
              "Total Cost": 4.28,
              "Plan Rows": 1,
              "Plan Width": 32,
              "Plans": [
                {
                  "Node Type": "Limit",
                  "Parent Relationship": "Outer",
                  "Parallel Aware": false,
                  "Async Capable": false,
                  "Startup Cost": 0.29,
                  "Total Cost": 4.25,
                  "Plan Rows": 1,
                  "Plan Width": 12,
                  "Plans": [
                    {
                      "Node Type": "Index Scan",
                      "Parent Relationship": "Outer",
                      "Parallel Aware": false,
                      "Async Capable": false,
                      "Scan Direction": "Backward",
                      "Index Name": "idx_finq_period_end",
                      "Relation Name": "financials_quarterly",
                      "Alias": "fq",
                      "Startup Cost": 0.29,
                      "Total Cost": 4.25,
                      "Plan Rows": 1,
                      "Plan Width": 12,
                      "Index Cond": "(period_end <= '2023-09-13'::date)",
                      "Filter": "((statement_type = ANY ('{IS_Q,CF_Q}'::text[])) AND (ticker = sdi.ticker) AND (item_name = 'NetIncome'::text))"
                    }
                  ]
                }
              ]
            }
          ]
        }
      ]
    }
  },
  "db_statistics": {
    "table_stats": {
      "stocks_daily_info": {
        "row_count": 12700,
        "size_mb": 1.71
      },
      "fundamentals_daily": {
        "row_count": 12080,
        "size_mb": 2.33
      },
      "financials_quarterly": {
        "row_count": 8634,
        "size_mb": 0.8
      }
    },
    "existing_indexes": [
      "backtest_results_pkey",
      "community_posts_pkey",
      "financials_quarterly_pkey",
      "fundamentals_daily_pkey",
      "idx_finq_period_end",
      "idx_finq_ticker",
      "idx_fund_event_date",
      "idx_fund_ticker",
      "idx_sdi_event_date",
      "idx_sdi_ticker",
      "ix_backtest_results_strategy_id",
      "ix_community_posts_author_id",
      "ix_community_posts_strategy_id",
      "ix_ml_models_owner_id",
      "ix_strategies_owner_id",
      "ix_users_email",
      "ml_models_pkey",
      "stocks_daily_info_pkey",
      "strategies_pkey",
      "users_pkey"
    ]
  }
}
---
{
  "workload_id": 3503,
  "metadata": {
    "strategy_template": "Momentum Investing Style",
    "ml_model_used": null
  },
  "sql_query": "SELECT sdi.close_price, sdi.company_name, sdi.ma_20d, sdi.market_cap, sdi.momentum_12m, sdi.momentum_3m, sdi.rsi_14, sdi.ticker, sdi.volatility_20d FROM stocks_daily_info sdi WHERE sdi.market = 'KOSDAQ' AND sdi.market_cap >= 211200000000 AND sdi.event_date = DATE '2023-07-26' ORDER BY sdi.momentum_3m asc, sdi.momentum_12m desc, sdi.rsi_14 desc, sdi.volatility_20d desc LIMIT 47;",
  "baseline_execution_plan": {
    "Plan": {
      "Node Type": "Limit",
      "Parallel Aware": false,
      "Async Capable": false,
      "Startup Cost": 20.41,
      "Total Cost": 20.41,
      "Plan Rows": 1,
      "Plan Width": 64,
      "Plans": [
        {
          "Node Type": "Sort",
          "Parent Relationship": "Outer",
          "Parallel Aware": false,
          "Async Capable": false,
          "Startup Cost": 20.41,
          "Total Cost": 20.41,
          "Plan Rows": 1,
          "Plan Width": 64,
          "Sort Key": [
            "momentum_3m",
            "momentum_12m DESC",
            "rsi_14 DESC",
            "volatility_20d DESC"
          ],
          "Plans": [
            {
              "Node Type": "Bitmap Heap Scan",
              "Parent Relationship": "Outer",
              "Parallel Aware": false,
              "Async Capable": false,
              "Relation Name": "stocks_daily_info",
              "Alias": "sdi",
              "Startup Cost": 2.36,
              "Total Cost": 20.4,
              "Plan Rows": 1,
              "Plan Width": 64,
              "Recheck Cond": "(event_date = '2023-07-26'::date)",
              "Filter": "((market_cap >= '211200000000'::numeric) AND (market = 'KOSDAQ'::text))",
              "Plans": [
                {
                  "Node Type": "Bitmap Index Scan",
                  "Parent Relationship": "Outer",
                  "Parallel Aware": false,
                  "Async Capable": false,
                  "Index Name": "idx_sdi_event_date",
                  "Startup Cost": 0.0,
                  "Total Cost": 2.36,
                  "Plan Rows": 10,
                  "Plan Width": 0,
                  "Index Cond": "(event_date = '2023-07-26'::date)"
                }
              ]
            }
          ]
        }
      ]
    }
  },
  "db_statistics": {
    "table_stats": {
      "stocks_daily_info": {
        "row_count": 12700,
        "size_mb": 1.71
      },
      "fundamentals_daily": {
        "row_count": 12080,
        "size_mb": 2.33
      },
      "financials_quarterly": {
        "row_count": 8634,
        "size_mb": 0.8
      }
    },
    "existing_indexes": [
      "backtest_results_pkey",
      "community_posts_pkey",
      "financials_quarterly_pkey",
      "fundamentals_daily_pkey",
      "idx_finq_period_end",
      "idx_finq_ticker",
      "idx_fund_event_date",
      "idx_fund_ticker",
      "idx_sdi_event_date",
      "idx_sdi_ticker",
      "ix_backtest_results_strategy_id",
      "ix_community_posts_author_id",
      "ix_community_posts_strategy_id",
      "ix_ml_models_owner_id",
      "ix_strategies_owner_id",
      "ix_users_email",
      "ml_models_pkey",
      "stocks_daily_info_pkey",
      "strategies_pkey",
      "users_pkey"
    ]
  }
}
---
{
  "workload_id": 3504,
  "metadata": {
    "strategy_template": "ML Hybrid Style",
    "ml_model_used": "Return Forecast Model"
  },
  "sql_query": "SELECT sdi.close_price, sdi.company_name, sdi.ma_20d, sdi.market_cap, sdi.momentum_12m, sdi.momentum_3m, sdi.rsi_14, sdi.ticker, sdi.volatility_20d FROM stocks_daily_info sdi WHERE sdi.market = 'KOSPI' AND sdi.market_cap >= 357000000000 AND sdi.event_date = DATE '2023-05-17' ORDER BY CASE sdi.ticker WHEN '000660.KS' THEN 1 WHEN '005930.KS' THEN 2 WHEN '068270.KQ' THEN 3 WHEN '207940.KS' THEN 4 WHEN '035420.KS' THEN 5 WHEN '005380.KS' THEN 6 WHEN '051910.KS' THEN 7 WHEN '012330.KS' THEN 8 WHEN '035720.KS' THEN 9 WHEN '105560.KS' THEN 10 ELSE 11 END LIMIT 28;",
  "baseline_execution_plan": {
    "Plan": {
      "Node Type": "Limit",
      "Parallel Aware": false,
      "Async Capable": false,
      "Startup Cost": 20.43,
      "Total Cost": 20.44,
      "Plan Rows": 1,
      "Plan Width": 68,
      "Plans": [
        {
          "Node Type": "Sort",
          "Parent Relationship": "Outer",
          "Parallel Aware": false,
          "Async Capable": false,
          "Startup Cost": 20.43,
          "Total Cost": 20.44,
          "Plan Rows": 1,
          "Plan Width": 68,
          "Sort Key": [
            "(CASE ticker WHEN '000660.KS'::text THEN 1 WHEN '005930.KS'::text THEN 2 WHEN '068270.KQ'::text THEN 3 WHEN '207940.KS'::text THEN 4 WHEN '035420.KS'::text THEN 5 WHEN '005380.KS'::text THEN 6 WHEN '051910.KS'::text THEN 7 WHEN '012330.KS'::text THEN 8 WHEN '035720.KS'::text THEN 9 WHEN '105560.KS'::text THEN 10 ELSE 11 END)"
          ],
          "Plans": [
            {
              "Node Type": "Bitmap Heap Scan",
              "Parent Relationship": "Outer",
              "Parallel Aware": false,
              "Async Capable": false,
              "Relation Name": "stocks_daily_info",
              "Alias": "sdi",
              "Startup Cost": 2.36,
              "Total Cost": 20.42,
              "Plan Rows": 1,
              "Plan Width": 68,
              "Recheck Cond": "(event_date = '2023-05-17'::date)",
              "Filter": "((market_cap >= '357000000000'::numeric) AND (market = 'KOSPI'::text))",
              "Plans": [
                {
                  "Node Type": "Bitmap Index Scan",
                  "Parent Relationship": "Outer",
                  "Parallel Aware": false,
                  "Async Capable": false,
                  "Index Name": "idx_sdi_event_date",
                  "Startup Cost": 0.0,
                  "Total Cost": 2.36,
                  "Plan Rows": 10,
                  "Plan Width": 0,
                  "Index Cond": "(event_date = '2023-05-17'::date)"
                }
              ]
            }
          ]
        }
      ]
    }
  },
  "db_statistics": {
    "table_stats": {
      "stocks_daily_info": {
        "row_count": 12700,
        "size_mb": 1.71
      },
      "fundamentals_daily": {
        "row_count": 12080,
        "size_mb": 2.33
      },
      "financials_quarterly": {
        "row_count": 8634,
        "size_mb": 0.8
      }
    },
    "existing_indexes": [
      "backtest_results_pkey",
      "community_posts_pkey",
      "financials_quarterly_pkey",
      "fundamentals_daily_pkey",
      "idx_finq_period_end",
      "idx_finq_ticker",
      "idx_fund_event_date",
      "idx_fund_ticker",
      "idx_sdi_event_date",
      "idx_sdi_ticker",
      "ix_backtest_results_strategy_id",
      "ix_community_posts_author_id",
      "ix_community_posts_strategy_id",
      "ix_ml_models_owner_id",
      "ix_strategies_owner_id",
      "ix_users_email",
      "ml_models_pkey",
      "stocks_daily_info_pkey",
      "strategies_pkey",
      "users_pkey"
    ]
  }
}
---
{
  "workload_id": 3505,
  "metadata": {
    "strategy_template": "ML Hybrid Style",
    "ml_model_used": "Return Forecast Model"
  },
  "sql_query": "SELECT sdi.close_price, sdi.company_name, sdi.ma_20d, sdi.market_cap, sdi.momentum_12m, sdi.momentum_3m, sdi.rsi_14, sdi.ticker, sdi.volatility_20d FROM stocks_daily_info sdi WHERE sdi.market = 'KOSPI' AND sdi.market_cap >= 165600000000 AND sdi.event_date = DATE '2023-06-15' ORDER BY CASE sdi.ticker WHEN '000660.KS' THEN 1 WHEN '005930.KS' THEN 2 WHEN '068270.KQ' THEN 3 WHEN '207940.KS' THEN 4 WHEN '035420.KS' THEN 5 WHEN '005380.KS' THEN 6 WHEN '051910.KS' THEN 7 WHEN '012330.KS' THEN 8 WHEN '035720.KS' THEN 9 WHEN '105560.KS' THEN 10 ELSE 11 END LIMIT 13;",
  "baseline_execution_plan": {
    "Plan": {
      "Node Type": "Limit",
      "Parallel Aware": false,
      "Async Capable": false,
      "Startup Cost": 20.43,
      "Total Cost": 20.44,
      "Plan Rows": 1,
      "Plan Width": 68,
      "Plans": [
        {
          "Node Type": "Sort",
          "Parent Relationship": "Outer",
          "Parallel Aware": false,
          "Async Capable": false,
          "Startup Cost": 20.43,
          "Total Cost": 20.44,
          "Plan Rows": 1,
          "Plan Width": 68,
          "Sort Key": [
            "(CASE ticker WHEN '000660.KS'::text THEN 1 WHEN '005930.KS'::text THEN 2 WHEN '068270.KQ'::text THEN 3 WHEN '207940.KS'::text THEN 4 WHEN '035420.KS'::text THEN 5 WHEN '005380.KS'::text THEN 6 WHEN '051910.KS'::text THEN 7 WHEN '012330.KS'::text THEN 8 WHEN '035720.KS'::text THEN 9 WHEN '105560.KS'::text THEN 10 ELSE 11 END)"
          ],
          "Plans": [
            {
              "Node Type": "Bitmap Heap Scan",
              "Parent Relationship": "Outer",
              "Parallel Aware": false,
              "Async Capable": false,
              "Relation Name": "stocks_daily_info",
              "Alias": "sdi",
              "Startup Cost": 2.36,
              "Total Cost": 20.42,
              "Plan Rows": 1,
              "Plan Width": 68,
              "Recheck Cond": "(event_date = '2023-06-15'::date)",
              "Filter": "((market_cap >= '165600000000'::numeric) AND (market = 'KOSPI'::text))",
              "Plans": [
                {
                  "Node Type": "Bitmap Index Scan",
                  "Parent Relationship": "Outer",
                  "Parallel Aware": false,
                  "Async Capable": false,
                  "Index Name": "idx_sdi_event_date",
                  "Startup Cost": 0.0,
                  "Total Cost": 2.36,
                  "Plan Rows": 10,
                  "Plan Width": 0,
                  "Index Cond": "(event_date = '2023-06-15'::date)"
                }
              ]
            }
          ]
        }
      ]
    }
  },
  "db_statistics": {
    "table_stats": {
      "stocks_daily_info": {
        "row_count": 12700,
        "size_mb": 1.71
      },
      "fundamentals_daily": {
        "row_count": 12080,
        "size_mb": 2.33
      },
      "financials_quarterly": {
        "row_count": 8634,
        "size_mb": 0.8
      }
    },
    "existing_indexes": [
      "backtest_results_pkey",
      "community_posts_pkey",
      "financials_quarterly_pkey",
      "fundamentals_daily_pkey",
      "idx_finq_period_end",
      "idx_finq_ticker",
      "idx_fund_event_date",
      "idx_fund_ticker",
      "idx_sdi_event_date",
      "idx_sdi_ticker",
      "ix_backtest_results_strategy_id",
      "ix_community_posts_author_id",
      "ix_community_posts_strategy_id",
      "ix_ml_models_owner_id",
      "ix_strategies_owner_id",
      "ix_users_email",
      "ml_models_pkey",
      "stocks_daily_info_pkey",
      "strategies_pkey",
      "users_pkey"
    ]
  }
}
---
{
  "workload_id": 3506,
  "metadata": {
    "strategy_template": "Momentum Investing Style",
    "ml_model_used": null
  },
  "sql_query": "SELECT sdi.close_price, sdi.company_name, sdi.ma_20d, sdi.market_cap, sdi.momentum_12m, sdi.momentum_3m, sdi.rsi_14, sdi.ticker, sdi.volatility_20d FROM stocks_daily_info sdi WHERE sdi.market = 'KOSDAQ' AND sdi.market_cap >= 357700000000 AND sdi.event_date = DATE '2023-08-31' ORDER BY sdi.momentum_3m asc, sdi.momentum_12m asc, sdi.rsi_14 desc, sdi.volatility_20d desc LIMIT 14;",
  "baseline_execution_plan": {
    "Plan": {
      "Node Type": "Limit",
      "Parallel Aware": false,
      "Async Capable": false,
      "Startup Cost": 20.41,
      "Total Cost": 20.41,
      "Plan Rows": 1,
      "Plan Width": 64,
      "Plans": [
        {
          "Node Type": "Sort",
          "Parent Relationship": "Outer",
          "Parallel Aware": false,
          "Async Capable": false,
          "Startup Cost": 20.41,
          "Total Cost": 20.41,
          "Plan Rows": 1,
          "Plan Width": 64,
          "Sort Key": [
            "momentum_3m",
            "momentum_12m",
            "rsi_14 DESC",
            "volatility_20d DESC"
          ],
          "Plans": [
            {
              "Node Type": "Bitmap Heap Scan",
              "Parent Relationship": "Outer",
              "Parallel Aware": false,
              "Async Capable": false,
              "Relation Name": "stocks_daily_info",
              "Alias": "sdi",
              "Startup Cost": 2.36,
              "Total Cost": 20.4,
              "Plan Rows": 1,
              "Plan Width": 64,
              "Recheck Cond": "(event_date = '2023-08-31'::date)",
              "Filter": "((market_cap >= '357700000000'::numeric) AND (market = 'KOSDAQ'::text))",
              "Plans": [
                {
                  "Node Type": "Bitmap Index Scan",
                  "Parent Relationship": "Outer",
                  "Parallel Aware": false,
                  "Async Capable": false,
                  "Index Name": "idx_sdi_event_date",
                  "Startup Cost": 0.0,
                  "Total Cost": 2.36,
                  "Plan Rows": 10,
                  "Plan Width": 0,
                  "Index Cond": "(event_date = '2023-08-31'::date)"
                }
              ]
            }
          ]
        }
      ]
    }
  },
  "db_statistics": {
    "table_stats": {
      "stocks_daily_info": {
        "row_count": 12700,
        "size_mb": 1.71
      },
      "fundamentals_daily": {
        "row_count": 12080,
        "size_mb": 2.33
      },
      "financials_quarterly": {
        "row_count": 8634,
        "size_mb": 0.8
      }
    },
    "existing_indexes": [
      "backtest_results_pkey",
      "community_posts_pkey",
      "financials_quarterly_pkey",
      "fundamentals_daily_pkey",
      "idx_finq_period_end",
      "idx_finq_ticker",
      "idx_fund_event_date",
      "idx_fund_ticker",
      "idx_sdi_event_date",
      "idx_sdi_ticker",
      "ix_backtest_results_strategy_id",
      "ix_community_posts_author_id",
      "ix_community_posts_strategy_id",
      "ix_ml_models_owner_id",
      "ix_strategies_owner_id",
      "ix_users_email",
      "ml_models_pkey",
      "stocks_daily_info_pkey",
      "strategies_pkey",
      "users_pkey"
    ]
  }
}
---
{
  "workload_id": 3507,
  "metadata": {
    "strategy_template": "Value Investing Style",
    "ml_model_used": null
  },
  "sql_query": "SELECT fd.bps, fd.dividend_yield, fd.eps, fd.pbr, fd.per, sdi.close_price, sdi.company_name, sdi.ma_20d, sdi.market_cap, sdi.momentum_12m, sdi.momentum_3m, sdi.rsi_14, sdi.ticker, sdi.volatility_20d FROM stocks_daily_info sdi LEFT JOIN fundamentals_daily fd ON fd.ticker = sdi.ticker AND fd.event_date = sdi.event_date WHERE sdi.market = 'KOSPI' AND sdi.market_cap >= 471700000000 AND sdi.event_date = DATE '2023-05-31' ORDER BY fd.pbr asc, fd.per desc LIMIT 40;",
  "baseline_execution_plan": {
    "Plan": {
      "Node Type": "Limit",
      "Parallel Aware": false,
      "Async Capable": false,
      "Startup Cost": 24.72,
      "Total Cost": 24.73,
      "Plan Rows": 1,
      "Plan Width": 105,
      "Plans": [
        {
          "Node Type": "Sort",
          "Parent Relationship": "Outer",
          "Parallel Aware": false,
          "Async Capable": false,
          "Startup Cost": 24.72,
          "Total Cost": 24.73,
          "Plan Rows": 1,
          "Plan Width": 105,
          "Sort Key": [
            "fd.pbr",
            "fd.per DESC"
          ],
          "Plans": [
            {
              "Node Type": "Nested Loop",
              "Parent Relationship": "Outer",
              "Parallel Aware": false,
              "Async Capable": false,
              "Join Type": "Left",
              "Startup Cost": 2.65,
              "Total Cost": 24.71,
              "Plan Rows": 1,
              "Plan Width": 105,
              "Inner Unique": true,
              "Plans": [
                {
                  "Node Type": "Bitmap Heap Scan",
                  "Parent Relationship": "Outer",
                  "Parallel Aware": false,
                  "Async Capable": false,
                  "Relation Name": "stocks_daily_info",
                  "Alias": "sdi",
                  "Startup Cost": 2.36,
                  "Total Cost": 20.4,
                  "Plan Rows": 1,
                  "Plan Width": 68,
                  "Recheck Cond": "(event_date = '2023-05-31'::date)",
                  "Filter": "((market_cap >= '471700000000'::numeric) AND (market = 'KOSPI'::text))",
                  "Plans": [
                    {
                      "Node Type": "Bitmap Index Scan",
                      "Parent Relationship": "Outer",
                      "Parallel Aware": false,
                      "Async Capable": false,
                      "Index Name": "idx_sdi_event_date",
                      "Startup Cost": 0.0,
                      "Total Cost": 2.36,
                      "Plan Rows": 10,
                      "Plan Width": 0,
                      "Index Cond": "(event_date = '2023-05-31'::date)"
                    }
                  ]
                },
                {
                  "Node Type": "Index Scan",
                  "Parent Relationship": "Inner",
                  "Parallel Aware": false,
                  "Async Capable": false,
                  "Scan Direction": "Forward",
                  "Index Name": "fundamentals_daily_pkey",
                  "Relation Name": "fundamentals_daily",
                  "Alias": "fd",
                  "Startup Cost": 0.29,
                  "Total Cost": 4.3,
                  "Plan Rows": 1,
                  "Plan Width": 55,
                  "Index Cond": "((event_date = '2023-05-31'::date) AND (ticker = sdi.ticker))"
                }
              ]
            }
          ]
        }
      ]
    }
  },
  "db_statistics": {
    "table_stats": {
      "stocks_daily_info": {
        "row_count": 12700,
        "size_mb": 1.71
      },
      "fundamentals_daily": {
        "row_count": 12080,
        "size_mb": 2.33
      },
      "financials_quarterly": {
        "row_count": 8634,
        "size_mb": 0.8
      }
    },
    "existing_indexes": [
      "backtest_results_pkey",
      "community_posts_pkey",
      "financials_quarterly_pkey",
      "fundamentals_daily_pkey",
      "idx_finq_period_end",
      "idx_finq_ticker",
      "idx_fund_event_date",
      "idx_fund_ticker",
      "idx_sdi_event_date",
      "idx_sdi_ticker",
      "ix_backtest_results_strategy_id",
      "ix_community_posts_author_id",
      "ix_community_posts_strategy_id",
      "ix_ml_models_owner_id",
      "ix_strategies_owner_id",
      "ix_users_email",
      "ml_models_pkey",
      "stocks_daily_info_pkey",
      "strategies_pkey",
      "users_pkey"
    ]
  }
}
---
{
  "workload_id": 3508,
  "metadata": {
    "strategy_template": "Value Investing Style",
    "ml_model_used": null
  },
  "sql_query": "SELECT fd.bps, fd.dividend_yield, fd.eps, fd.pbr, fd.per, sdi.close_price, sdi.company_name, sdi.ma_20d, sdi.market_cap, sdi.momentum_12m, sdi.momentum_3m, sdi.rsi_14, sdi.ticker, sdi.volatility_20d FROM stocks_daily_info sdi LEFT JOIN fundamentals_daily fd ON fd.ticker = sdi.ticker AND fd.event_date = sdi.event_date WHERE sdi.market = 'KOSDAQ' AND sdi.market_cap >= 411400000000 AND sdi.event_date = DATE '2023-09-06' ORDER BY fd.pbr desc, fd.per desc, fd.eps desc, fd.dividend_yield desc LIMIT 16;",
  "baseline_execution_plan": {
    "Plan": {
      "Node Type": "Limit",
      "Parallel Aware": false,
      "Async Capable": false,
      "Startup Cost": 24.72,
      "Total Cost": 24.73,
      "Plan Rows": 1,
      "Plan Width": 105,
      "Plans": [
        {
          "Node Type": "Sort",
          "Parent Relationship": "Outer",
          "Parallel Aware": false,
          "Async Capable": false,
          "Startup Cost": 24.72,
          "Total Cost": 24.73,
          "Plan Rows": 1,
          "Plan Width": 105,
          "Sort Key": [
            "fd.pbr DESC",
            "fd.per DESC",
            "fd.eps DESC",
            "fd.dividend_yield DESC"
          ],
          "Plans": [
            {
              "Node Type": "Nested Loop",
              "Parent Relationship": "Outer",
              "Parallel Aware": false,
              "Async Capable": false,
              "Join Type": "Left",
              "Startup Cost": 2.65,
              "Total Cost": 24.71,
              "Plan Rows": 1,
              "Plan Width": 105,
              "Inner Unique": true,
              "Plans": [
                {
                  "Node Type": "Bitmap Heap Scan",
                  "Parent Relationship": "Outer",
                  "Parallel Aware": false,
                  "Async Capable": false,
                  "Relation Name": "stocks_daily_info",
                  "Alias": "sdi",
                  "Startup Cost": 2.36,
                  "Total Cost": 20.4,
                  "Plan Rows": 1,
                  "Plan Width": 68,
                  "Recheck Cond": "(event_date = '2023-09-06'::date)",
                  "Filter": "((market_cap >= '411400000000'::numeric) AND (market = 'KOSDAQ'::text))",
                  "Plans": [
                    {
                      "Node Type": "Bitmap Index Scan",
                      "Parent Relationship": "Outer",
                      "Parallel Aware": false,
                      "Async Capable": false,
                      "Index Name": "idx_sdi_event_date",
                      "Startup Cost": 0.0,
                      "Total Cost": 2.36,
                      "Plan Rows": 10,
                      "Plan Width": 0,
                      "Index Cond": "(event_date = '2023-09-06'::date)"
                    }
                  ]
                },
                {
                  "Node Type": "Index Scan",
                  "Parent Relationship": "Inner",
                  "Parallel Aware": false,
                  "Async Capable": false,
                  "Scan Direction": "Forward",
                  "Index Name": "fundamentals_daily_pkey",
                  "Relation Name": "fundamentals_daily",
                  "Alias": "fd",
                  "Startup Cost": 0.29,
                  "Total Cost": 4.3,
                  "Plan Rows": 1,
                  "Plan Width": 55,
                  "Index Cond": "((event_date = '2023-09-06'::date) AND (ticker = sdi.ticker))"
                }
              ]
            }
          ]
        }
      ]
    }
  },
  "db_statistics": {
    "table_stats": {
      "stocks_daily_info": {
        "row_count": 12700,
        "size_mb": 1.71
      },
      "fundamentals_daily": {
        "row_count": 12080,
        "size_mb": 2.33
      },
      "financials_quarterly": {
        "row_count": 8634,
        "size_mb": 0.8
      }
    },
    "existing_indexes": [
      "backtest_results_pkey",
      "community_posts_pkey",
      "financials_quarterly_pkey",
      "fundamentals_daily_pkey",
      "idx_finq_period_end",
      "idx_finq_ticker",
      "idx_fund_event_date",
      "idx_fund_ticker",
      "idx_sdi_event_date",
      "idx_sdi_ticker",
      "ix_backtest_results_strategy_id",
      "ix_community_posts_author_id",
      "ix_community_posts_strategy_id",
      "ix_ml_models_owner_id",
      "ix_strategies_owner_id",
      "ix_users_email",
      "ml_models_pkey",
      "stocks_daily_info_pkey",
      "strategies_pkey",
      "users_pkey"
    ]
  }
}
---
{
  "workload_id": 3509,
  "metadata": {
    "strategy_template": "Momentum Investing Style",
    "ml_model_used": null
  },
  "sql_query": "SELECT ( SELECT COALESCE(SUM(value), 0) FROM ( SELECT value FROM financials_quarterly fq WHERE fq.ticker = sdi.ticker AND fq.item_name = 'OperatingCashFlow' AND fq.statement_type IN ('IS_Q','CF_Q') AND fq.period_end <= DATE '2023-07-18' ORDER BY fq.period_end DESC LIMIT 4 ) as recent_quarters ) AS ttm_operatingcashflow , sdi.close_price, sdi.company_name, sdi.ma_20d, sdi.market_cap, sdi.momentum_12m, sdi.momentum_3m, sdi.rsi_14, sdi.ticker, sdi.volatility_20d FROM stocks_daily_info sdi WHERE sdi.market = 'KOSDAQ' AND sdi.market_cap >= 430600000000 AND sdi.event_date = DATE '2023-07-18' ORDER BY sdi.momentum_3m asc, sdi.momentum_12m asc LIMIT 33;",
  "baseline_execution_plan": {
    "Plan": {
      "Node Type": "Limit",
      "Parallel Aware": false,
      "Async Capable": false,
      "Startup Cost": 20.41,
      "Total Cost": 24.7,
      "Plan Rows": 1,
      "Plan Width": 96,
      "Plans": [
        {
          "Node Type": "Result",
          "Parent Relationship": "Outer",
          "Parallel Aware": false,
          "Async Capable": false,
          "Startup Cost": 20.41,
          "Total Cost": 24.7,
          "Plan Rows": 1,
          "Plan Width": 96,
          "Plans": [
            {
              "Node Type": "Sort",
              "Parent Relationship": "Outer",
              "Parallel Aware": false,
              "Async Capable": false,
              "Startup Cost": 20.41,
              "Total Cost": 20.41,
              "Plan Rows": 1,
              "Plan Width": 64,
              "Sort Key": [
                "sdi.momentum_3m",
                "sdi.momentum_12m"
              ],
              "Plans": [
                {
                  "Node Type": "Bitmap Heap Scan",
                  "Parent Relationship": "Outer",
                  "Parallel Aware": false,
                  "Async Capable": false,
                  "Relation Name": "stocks_daily_info",
                  "Alias": "sdi",
                  "Startup Cost": 2.36,
                  "Total Cost": 20.4,
                  "Plan Rows": 1,
                  "Plan Width": 64,
                  "Recheck Cond": "(event_date = '2023-07-18'::date)",
                  "Filter": "((market_cap >= '430600000000'::numeric) AND (market = 'KOSDAQ'::text))",
                  "Plans": [
                    {
                      "Node Type": "Bitmap Index Scan",
                      "Parent Relationship": "Outer",
                      "Parallel Aware": false,
                      "Async Capable": false,
                      "Index Name": "idx_sdi_event_date",
                      "Startup Cost": 0.0,
                      "Total Cost": 2.36,
                      "Plan Rows": 10,
                      "Plan Width": 0,
                      "Index Cond": "(event_date = '2023-07-18'::date)"
                    }
                  ]
                }
              ]
            },
            {
              "Node Type": "Aggregate",
              "Strategy": "Plain",
              "Partial Mode": "Simple",
              "Parent Relationship": "SubPlan",
              "Subplan Name": "SubPlan 1",
              "Parallel Aware": false,
              "Async Capable": false,
              "Startup Cost": 4.27,
              "Total Cost": 4.28,
              "Plan Rows": 1,
              "Plan Width": 32,
              "Plans": [
                {
                  "Node Type": "Limit",
                  "Parent Relationship": "Outer",
                  "Parallel Aware": false,
                  "Async Capable": false,
                  "Startup Cost": 0.29,
                  "Total Cost": 4.25,
                  "Plan Rows": 1,
                  "Plan Width": 12,
                  "Plans": [
                    {
                      "Node Type": "Index Scan",
                      "Parent Relationship": "Outer",
                      "Parallel Aware": false,
                      "Async Capable": false,
                      "Scan Direction": "Backward",
                      "Index Name": "idx_finq_period_end",
                      "Relation Name": "financials_quarterly",
                      "Alias": "fq",
                      "Startup Cost": 0.29,
                      "Total Cost": 4.25,
                      "Plan Rows": 1,
                      "Plan Width": 12,
                      "Index Cond": "(period_end <= '2023-07-18'::date)",
                      "Filter": "((statement_type = ANY ('{IS_Q,CF_Q}'::text[])) AND (ticker = sdi.ticker) AND (item_name = 'OperatingCashFlow'::text))"
                    }
                  ]
                }
              ]
            }
          ]
        }
      ]
    }
  },
  "db_statistics": {
    "table_stats": {
      "stocks_daily_info": {
        "row_count": 12700,
        "size_mb": 1.71
      },
      "fundamentals_daily": {
        "row_count": 12080,
        "size_mb": 2.33
      },
      "financials_quarterly": {
        "row_count": 8634,
        "size_mb": 0.8
      }
    },
    "existing_indexes": [
      "backtest_results_pkey",
      "community_posts_pkey",
      "financials_quarterly_pkey",
      "fundamentals_daily_pkey",
      "idx_finq_period_end",
      "idx_finq_ticker",
      "idx_fund_event_date",
      "idx_fund_ticker",
      "idx_sdi_event_date",
      "idx_sdi_ticker",
      "ix_backtest_results_strategy_id",
      "ix_community_posts_author_id",
      "ix_community_posts_strategy_id",
      "ix_ml_models_owner_id",
      "ix_strategies_owner_id",
      "ix_users_email",
      "ml_models_pkey",
      "stocks_daily_info_pkey",
      "strategies_pkey",
      "users_pkey"
    ]
  }
}
---
{
  "workload_id": 3510,
  "metadata": {
    "strategy_template": "ML Hybrid Style",
    "ml_model_used": "Return Forecast Model"
  },
  "sql_query": "SELECT fd.bps, fd.dividend_yield, fd.eps, fd.pbr, fd.per, sdi.close_price, sdi.company_name, sdi.ma_20d, sdi.market_cap, sdi.momentum_12m, sdi.momentum_3m, sdi.rsi_14, sdi.ticker, sdi.volatility_20d FROM stocks_daily_info sdi LEFT JOIN fundamentals_daily fd ON fd.ticker = sdi.ticker AND fd.event_date = sdi.event_date WHERE sdi.market = 'KOSDAQ' AND sdi.market_cap >= 260000000000 AND sdi.event_date = DATE '2023-07-28' ORDER BY CASE sdi.ticker WHEN '000660.KS' THEN 1 WHEN '005930.KS' THEN 2 WHEN '068270.KQ' THEN 3 WHEN '207940.KS' THEN 4 WHEN '035420.KS' THEN 5 WHEN '005380.KS' THEN 6 WHEN '051910.KS' THEN 7 WHEN '012330.KS' THEN 8 WHEN '035720.KS' THEN 9 WHEN '105560.KS' THEN 10 ELSE 11 END LIMIT 47;",
  "baseline_execution_plan": {
    "Plan": {
      "Node Type": "Limit",
      "Parallel Aware": false,
      "Async Capable": false,
      "Startup Cost": 24.75,
      "Total Cost": 24.75,
      "Plan Rows": 1,
      "Plan Width": 109,
      "Plans": [
        {
          "Node Type": "Sort",
          "Parent Relationship": "Outer",
          "Parallel Aware": false,
          "Async Capable": false,
          "Startup Cost": 24.75,
          "Total Cost": 24.75,
          "Plan Rows": 1,
          "Plan Width": 109,
          "Sort Key": [
            "(CASE sdi.ticker WHEN '000660.KS'::text THEN 1 WHEN '005930.KS'::text THEN 2 WHEN '068270.KQ'::text THEN 3 WHEN '207940.KS'::text THEN 4 WHEN '035420.KS'::text THEN 5 WHEN '005380.KS'::text THEN 6 WHEN '051910.KS'::text THEN 7 WHEN '012330.KS'::text THEN 8 WHEN '035720.KS'::text THEN 9 WHEN '105560.KS'::text THEN 10 ELSE 11 END)"
          ],
          "Plans": [
            {
              "Node Type": "Nested Loop",
              "Parent Relationship": "Outer",
              "Parallel Aware": false,
              "Async Capable": false,
              "Join Type": "Left",
              "Startup Cost": 2.65,
              "Total Cost": 24.74,
              "Plan Rows": 1,
              "Plan Width": 109,
              "Inner Unique": true,
              "Plans": [
                {
                  "Node Type": "Bitmap Heap Scan",
                  "Parent Relationship": "Outer",
                  "Parallel Aware": false,
                  "Async Capable": false,
                  "Relation Name": "stocks_daily_info",
                  "Alias": "sdi",
                  "Startup Cost": 2.36,
                  "Total Cost": 20.4,
                  "Plan Rows": 1,
                  "Plan Width": 68,
                  "Recheck Cond": "(event_date = '2023-07-28'::date)",
                  "Filter": "((market_cap >= '260000000000'::numeric) AND (market = 'KOSDAQ'::text))",
                  "Plans": [
                    {
                      "Node Type": "Bitmap Index Scan",
                      "Parent Relationship": "Outer",
                      "Parallel Aware": false,
                      "Async Capable": false,
                      "Index Name": "idx_sdi_event_date",
                      "Startup Cost": 0.0,
                      "Total Cost": 2.36,
                      "Plan Rows": 10,
                      "Plan Width": 0,
                      "Index Cond": "(event_date = '2023-07-28'::date)"
                    }
                  ]
                },
                {
                  "Node Type": "Index Scan",
                  "Parent Relationship": "Inner",
                  "Parallel Aware": false,
                  "Async Capable": false,
                  "Scan Direction": "Forward",
                  "Index Name": "fundamentals_daily_pkey",
                  "Relation Name": "fundamentals_daily",
                  "Alias": "fd",
                  "Startup Cost": 0.29,
                  "Total Cost": 4.3,
                  "Plan Rows": 1,
                  "Plan Width": 55,
                  "Index Cond": "((event_date = '2023-07-28'::date) AND (ticker = sdi.ticker))"
                }
              ]
            }
          ]
        }
      ]
    }
  },
  "db_statistics": {
    "table_stats": {
      "stocks_daily_info": {
        "row_count": 12700,
        "size_mb": 1.71
      },
      "fundamentals_daily": {
        "row_count": 12080,
        "size_mb": 2.33
      },
      "financials_quarterly": {
        "row_count": 8634,
        "size_mb": 0.8
      }
    },
    "existing_indexes": [
      "backtest_results_pkey",
      "community_posts_pkey",
      "financials_quarterly_pkey",
      "fundamentals_daily_pkey",
      "idx_finq_period_end",
      "idx_finq_ticker",
      "idx_fund_event_date",
      "idx_fund_ticker",
      "idx_sdi_event_date",
      "idx_sdi_ticker",
      "ix_backtest_results_strategy_id",
      "ix_community_posts_author_id",
      "ix_community_posts_strategy_id",
      "ix_ml_models_owner_id",
      "ix_strategies_owner_id",
      "ix_users_email",
      "ml_models_pkey",
      "stocks_daily_info_pkey",
      "strategies_pkey",
      "users_pkey"
    ]
  }
}
---
{
  "workload_id": 3511,
  "metadata": {
    "strategy_template": "Value Investing Style",
    "ml_model_used": null
  },
  "sql_query": "SELECT fd.bps, fd.dividend_yield, fd.eps, fd.pbr, fd.per, sdi.close_price, sdi.company_name, sdi.ma_20d, sdi.market_cap, sdi.momentum_12m, sdi.momentum_3m, sdi.rsi_14, sdi.ticker, sdi.volatility_20d FROM stocks_daily_info sdi LEFT JOIN fundamentals_daily fd ON fd.ticker = sdi.ticker AND fd.event_date = sdi.event_date WHERE sdi.market = 'KOSPI' AND sdi.market_cap >= 237500000000 AND sdi.event_date = DATE '2023-07-16' ORDER BY fd.pbr asc, fd.per desc, fd.eps asc LIMIT 20;",
  "baseline_execution_plan": {
    "Plan": {
      "Node Type": "Limit",
      "Parallel Aware": false,
      "Async Capable": false,
      "Startup Cost": 24.72,
      "Total Cost": 24.73,
      "Plan Rows": 1,
      "Plan Width": 105,
      "Plans": [
        {
          "Node Type": "Sort",
          "Parent Relationship": "Outer",
          "Parallel Aware": false,
          "Async Capable": false,
          "Startup Cost": 24.72,
          "Total Cost": 24.73,
          "Plan Rows": 1,
          "Plan Width": 105,
          "Sort Key": [
            "fd.pbr",
            "fd.per DESC",
            "fd.eps"
          ],
          "Plans": [
            {
              "Node Type": "Nested Loop",
              "Parent Relationship": "Outer",
              "Parallel Aware": false,
              "Async Capable": false,
              "Join Type": "Left",
              "Startup Cost": 2.65,
              "Total Cost": 24.71,
              "Plan Rows": 1,
              "Plan Width": 105,
              "Inner Unique": true,
              "Plans": [
                {
                  "Node Type": "Bitmap Heap Scan",
                  "Parent Relationship": "Outer",
                  "Parallel Aware": false,
                  "Async Capable": false,
                  "Relation Name": "stocks_daily_info",
                  "Alias": "sdi",
                  "Startup Cost": 2.36,
                  "Total Cost": 20.4,
                  "Plan Rows": 1,
                  "Plan Width": 68,
                  "Recheck Cond": "(event_date = '2023-07-16'::date)",
                  "Filter": "((market_cap >= '237500000000'::numeric) AND (market = 'KOSPI'::text))",
                  "Plans": [
                    {
                      "Node Type": "Bitmap Index Scan",
                      "Parent Relationship": "Outer",
                      "Parallel Aware": false,
                      "Async Capable": false,
                      "Index Name": "idx_sdi_event_date",
                      "Startup Cost": 0.0,
                      "Total Cost": 2.36,
                      "Plan Rows": 10,
                      "Plan Width": 0,
                      "Index Cond": "(event_date = '2023-07-16'::date)"
                    }
                  ]
                },
                {
                  "Node Type": "Index Scan",
                  "Parent Relationship": "Inner",
                  "Parallel Aware": false,
                  "Async Capable": false,
                  "Scan Direction": "Forward",
                  "Index Name": "fundamentals_daily_pkey",
                  "Relation Name": "fundamentals_daily",
                  "Alias": "fd",
                  "Startup Cost": 0.29,
                  "Total Cost": 4.3,
                  "Plan Rows": 1,
                  "Plan Width": 55,
                  "Index Cond": "((event_date = '2023-07-16'::date) AND (ticker = sdi.ticker))"
                }
              ]
            }
          ]
        }
      ]
    }
  },
  "db_statistics": {
    "table_stats": {
      "stocks_daily_info": {
        "row_count": 12700,
        "size_mb": 1.71
      },
      "fundamentals_daily": {
        "row_count": 12080,
        "size_mb": 2.33
      },
      "financials_quarterly": {
        "row_count": 8634,
        "size_mb": 0.8
      }
    },
    "existing_indexes": [
      "backtest_results_pkey",
      "community_posts_pkey",
      "financials_quarterly_pkey",
      "fundamentals_daily_pkey",
      "idx_finq_period_end",
      "idx_finq_ticker",
      "idx_fund_event_date",
      "idx_fund_ticker",
      "idx_sdi_event_date",
      "idx_sdi_ticker",
      "ix_backtest_results_strategy_id",
      "ix_community_posts_author_id",
      "ix_community_posts_strategy_id",
      "ix_ml_models_owner_id",
      "ix_strategies_owner_id",
      "ix_users_email",
      "ml_models_pkey",
      "stocks_daily_info_pkey",
      "strategies_pkey",
      "users_pkey"
    ]
  }
}
---
{
  "workload_id": 3512,
  "metadata": {
    "strategy_template": "ML Hybrid Style",
    "ml_model_used": "Return Forecast Model"
  },
  "sql_query": "SELECT fd.bps, fd.dividend_yield, fd.eps, fd.pbr, fd.per, sdi.close_price, sdi.company_name, sdi.ma_20d, sdi.market_cap, sdi.momentum_12m, sdi.momentum_3m, sdi.rsi_14, sdi.ticker, sdi.volatility_20d FROM stocks_daily_info sdi LEFT JOIN fundamentals_daily fd ON fd.ticker = sdi.ticker AND fd.event_date = sdi.event_date WHERE sdi.market = 'KOSPI' AND sdi.market_cap >= 307800000000 AND sdi.event_date = DATE '2023-07-10' ORDER BY CASE sdi.ticker WHEN '000660.KS' THEN 1 WHEN '005930.KS' THEN 2 WHEN '068270.KQ' THEN 3 WHEN '207940.KS' THEN 4 WHEN '035420.KS' THEN 5 WHEN '005380.KS' THEN 6 WHEN '051910.KS' THEN 7 WHEN '012330.KS' THEN 8 WHEN '035720.KS' THEN 9 WHEN '105560.KS' THEN 10 ELSE 11 END LIMIT 10;",
  "baseline_execution_plan": {
    "Plan": {
      "Node Type": "Limit",
      "Parallel Aware": false,
      "Async Capable": false,
      "Startup Cost": 24.75,
      "Total Cost": 24.75,
      "Plan Rows": 1,
      "Plan Width": 109,
      "Plans": [
        {
          "Node Type": "Sort",
          "Parent Relationship": "Outer",
          "Parallel Aware": false,
          "Async Capable": false,
          "Startup Cost": 24.75,
          "Total Cost": 24.75,
          "Plan Rows": 1,
          "Plan Width": 109,
          "Sort Key": [
            "(CASE sdi.ticker WHEN '000660.KS'::text THEN 1 WHEN '005930.KS'::text THEN 2 WHEN '068270.KQ'::text THEN 3 WHEN '207940.KS'::text THEN 4 WHEN '035420.KS'::text THEN 5 WHEN '005380.KS'::text THEN 6 WHEN '051910.KS'::text THEN 7 WHEN '012330.KS'::text THEN 8 WHEN '035720.KS'::text THEN 9 WHEN '105560.KS'::text THEN 10 ELSE 11 END)"
          ],
          "Plans": [
            {
              "Node Type": "Nested Loop",
              "Parent Relationship": "Outer",
              "Parallel Aware": false,
              "Async Capable": false,
              "Join Type": "Left",
              "Startup Cost": 2.65,
              "Total Cost": 24.74,
              "Plan Rows": 1,
              "Plan Width": 109,
              "Inner Unique": true,
              "Plans": [
                {
                  "Node Type": "Bitmap Heap Scan",
                  "Parent Relationship": "Outer",
                  "Parallel Aware": false,
                  "Async Capable": false,
                  "Relation Name": "stocks_daily_info",
                  "Alias": "sdi",
                  "Startup Cost": 2.36,
                  "Total Cost": 20.4,
                  "Plan Rows": 1,
                  "Plan Width": 68,
                  "Recheck Cond": "(event_date = '2023-07-10'::date)",
                  "Filter": "((market_cap >= '307800000000'::numeric) AND (market = 'KOSPI'::text))",
                  "Plans": [
                    {
                      "Node Type": "Bitmap Index Scan",
                      "Parent Relationship": "Outer",
                      "Parallel Aware": false,
                      "Async Capable": false,
                      "Index Name": "idx_sdi_event_date",
                      "Startup Cost": 0.0,
                      "Total Cost": 2.36,
                      "Plan Rows": 10,
                      "Plan Width": 0,
                      "Index Cond": "(event_date = '2023-07-10'::date)"
                    }
                  ]
                },
                {
                  "Node Type": "Index Scan",
                  "Parent Relationship": "Inner",
                  "Parallel Aware": false,
                  "Async Capable": false,
                  "Scan Direction": "Forward",
                  "Index Name": "fundamentals_daily_pkey",
                  "Relation Name": "fundamentals_daily",
                  "Alias": "fd",
                  "Startup Cost": 0.29,
                  "Total Cost": 4.3,
                  "Plan Rows": 1,
                  "Plan Width": 55,
                  "Index Cond": "((event_date = '2023-07-10'::date) AND (ticker = sdi.ticker))"
                }
              ]
            }
          ]
        }
      ]
    }
  },
  "db_statistics": {
    "table_stats": {
      "stocks_daily_info": {
        "row_count": 12700,
        "size_mb": 1.71
      },
      "fundamentals_daily": {
        "row_count": 12080,
        "size_mb": 2.33
      },
      "financials_quarterly": {
        "row_count": 8634,
        "size_mb": 0.8
      }
    },
    "existing_indexes": [
      "backtest_results_pkey",
      "community_posts_pkey",
      "financials_quarterly_pkey",
      "fundamentals_daily_pkey",
      "idx_finq_period_end",
      "idx_finq_ticker",
      "idx_fund_event_date",
      "idx_fund_ticker",
      "idx_sdi_event_date",
      "idx_sdi_ticker",
      "ix_backtest_results_strategy_id",
      "ix_community_posts_author_id",
      "ix_community_posts_strategy_id",
      "ix_ml_models_owner_id",
      "ix_strategies_owner_id",
      "ix_users_email",
      "ml_models_pkey",
      "stocks_daily_info_pkey",
      "strategies_pkey",
      "users_pkey"
    ]
  }
}
---
{
  "workload_id": 3513,
  "metadata": {
    "strategy_template": "ML Hybrid Style",
    "ml_model_used": "Return Forecast Model"
  },
  "sql_query": "SELECT fd.bps, fd.dividend_yield, fd.eps, fd.pbr, fd.per, sdi.close_price, sdi.company_name, sdi.ma_20d, sdi.market_cap, sdi.momentum_12m, sdi.momentum_3m, sdi.rsi_14, sdi.ticker, sdi.volatility_20d FROM stocks_daily_info sdi LEFT JOIN fundamentals_daily fd ON fd.ticker = sdi.ticker AND fd.event_date = sdi.event_date WHERE sdi.market = 'KOSDAQ' AND sdi.market_cap >= 54000000000 AND sdi.event_date = DATE '2023-09-18' ORDER BY CASE sdi.ticker WHEN '000660.KS' THEN 1 WHEN '005930.KS' THEN 2 WHEN '068270.KQ' THEN 3 WHEN '207940.KS' THEN 4 WHEN '035420.KS' THEN 5 WHEN '005380.KS' THEN 6 WHEN '051910.KS' THEN 7 WHEN '012330.KS' THEN 8 WHEN '035720.KS' THEN 9 WHEN '105560.KS' THEN 10 ELSE 11 END LIMIT 26;",
  "baseline_execution_plan": {
    "Plan": {
      "Node Type": "Limit",
      "Parallel Aware": false,
      "Async Capable": false,
      "Startup Cost": 24.75,
      "Total Cost": 24.75,
      "Plan Rows": 1,
      "Plan Width": 109,
      "Plans": [
        {
          "Node Type": "Sort",
          "Parent Relationship": "Outer",
          "Parallel Aware": false,
          "Async Capable": false,
          "Startup Cost": 24.75,
          "Total Cost": 24.75,
          "Plan Rows": 1,
          "Plan Width": 109,
          "Sort Key": [
            "(CASE sdi.ticker WHEN '000660.KS'::text THEN 1 WHEN '005930.KS'::text THEN 2 WHEN '068270.KQ'::text THEN 3 WHEN '207940.KS'::text THEN 4 WHEN '035420.KS'::text THEN 5 WHEN '005380.KS'::text THEN 6 WHEN '051910.KS'::text THEN 7 WHEN '012330.KS'::text THEN 8 WHEN '035720.KS'::text THEN 9 WHEN '105560.KS'::text THEN 10 ELSE 11 END)"
          ],
          "Plans": [
            {
              "Node Type": "Nested Loop",
              "Parent Relationship": "Outer",
              "Parallel Aware": false,
              "Async Capable": false,
              "Join Type": "Left",
              "Startup Cost": 2.65,
              "Total Cost": 24.74,
              "Plan Rows": 1,
              "Plan Width": 109,
              "Inner Unique": true,
              "Plans": [
                {
                  "Node Type": "Bitmap Heap Scan",
                  "Parent Relationship": "Outer",
                  "Parallel Aware": false,
                  "Async Capable": false,
                  "Relation Name": "stocks_daily_info",
                  "Alias": "sdi",
                  "Startup Cost": 2.36,
                  "Total Cost": 20.4,
                  "Plan Rows": 1,
                  "Plan Width": 68,
                  "Recheck Cond": "(event_date = '2023-09-18'::date)",
                  "Filter": "((market_cap >= '54000000000'::numeric) AND (market = 'KOSDAQ'::text))",
                  "Plans": [
                    {
                      "Node Type": "Bitmap Index Scan",
                      "Parent Relationship": "Outer",
                      "Parallel Aware": false,
                      "Async Capable": false,
                      "Index Name": "idx_sdi_event_date",
                      "Startup Cost": 0.0,
                      "Total Cost": 2.36,
                      "Plan Rows": 10,
                      "Plan Width": 0,
                      "Index Cond": "(event_date = '2023-09-18'::date)"
                    }
                  ]
                },
                {
                  "Node Type": "Index Scan",
                  "Parent Relationship": "Inner",
                  "Parallel Aware": false,
                  "Async Capable": false,
                  "Scan Direction": "Forward",
                  "Index Name": "fundamentals_daily_pkey",
                  "Relation Name": "fundamentals_daily",
                  "Alias": "fd",
                  "Startup Cost": 0.29,
                  "Total Cost": 4.3,
                  "Plan Rows": 1,
                  "Plan Width": 55,
                  "Index Cond": "((event_date = '2023-09-18'::date) AND (ticker = sdi.ticker))"
                }
              ]
            }
          ]
        }
      ]
    }
  },
  "db_statistics": {
    "table_stats": {
      "stocks_daily_info": {
        "row_count": 12700,
        "size_mb": 1.71
      },
      "fundamentals_daily": {
        "row_count": 12080,
        "size_mb": 2.33
      },
      "financials_quarterly": {
        "row_count": 8634,
        "size_mb": 0.8
      }
    },
    "existing_indexes": [
      "backtest_results_pkey",
      "community_posts_pkey",
      "financials_quarterly_pkey",
      "fundamentals_daily_pkey",
      "idx_finq_period_end",
      "idx_finq_ticker",
      "idx_fund_event_date",
      "idx_fund_ticker",
      "idx_sdi_event_date",
      "idx_sdi_ticker",
      "ix_backtest_results_strategy_id",
      "ix_community_posts_author_id",
      "ix_community_posts_strategy_id",
      "ix_ml_models_owner_id",
      "ix_strategies_owner_id",
      "ix_users_email",
      "ml_models_pkey",
      "stocks_daily_info_pkey",
      "strategies_pkey",
      "users_pkey"
    ]
  }
}
---
{
  "workload_id": 3514,
  "metadata": {
    "strategy_template": "Value Investing Style",
    "ml_model_used": null
  },
  "sql_query": "SELECT fd.bps, fd.dividend_yield, fd.eps, fd.pbr, fd.per, sdi.close_price, sdi.company_name, sdi.ma_20d, sdi.market_cap, sdi.momentum_12m, sdi.momentum_3m, sdi.rsi_14, sdi.ticker, sdi.volatility_20d FROM stocks_daily_info sdi LEFT JOIN fundamentals_daily fd ON fd.ticker = sdi.ticker AND fd.event_date = sdi.event_date WHERE sdi.market = 'KOSDAQ' AND sdi.market_cap >= 494800000000 AND sdi.event_date = DATE '2023-07-08' ORDER BY fd.pbr asc, fd.per asc, fd.dividend_yield asc, fd.eps asc LIMIT 36;",
  "baseline_execution_plan": {
    "Plan": {
      "Node Type": "Limit",
      "Parallel Aware": false,
      "Async Capable": false,
      "Startup Cost": 24.72,
      "Total Cost": 24.73,
      "Plan Rows": 1,
      "Plan Width": 105,
      "Plans": [
        {
          "Node Type": "Sort",
          "Parent Relationship": "Outer",
          "Parallel Aware": false,
          "Async Capable": false,
          "Startup Cost": 24.72,
          "Total Cost": 24.73,
          "Plan Rows": 1,
          "Plan Width": 105,
          "Sort Key": [
            "fd.pbr",
            "fd.per",
            "fd.dividend_yield",
            "fd.eps"
          ],
          "Plans": [
            {
              "Node Type": "Nested Loop",
              "Parent Relationship": "Outer",
              "Parallel Aware": false,
              "Async Capable": false,
              "Join Type": "Left",
              "Startup Cost": 2.65,
              "Total Cost": 24.71,
              "Plan Rows": 1,
              "Plan Width": 105,
              "Inner Unique": true,
              "Plans": [
                {
                  "Node Type": "Bitmap Heap Scan",
                  "Parent Relationship": "Outer",
                  "Parallel Aware": false,
                  "Async Capable": false,
                  "Relation Name": "stocks_daily_info",
                  "Alias": "sdi",
                  "Startup Cost": 2.36,
                  "Total Cost": 20.4,
                  "Plan Rows": 1,
                  "Plan Width": 68,
                  "Recheck Cond": "(event_date = '2023-07-08'::date)",
                  "Filter": "((market_cap >= '494800000000'::numeric) AND (market = 'KOSDAQ'::text))",
                  "Plans": [
                    {
                      "Node Type": "Bitmap Index Scan",
                      "Parent Relationship": "Outer",
                      "Parallel Aware": false,
                      "Async Capable": false,
                      "Index Name": "idx_sdi_event_date",
                      "Startup Cost": 0.0,
                      "Total Cost": 2.36,
                      "Plan Rows": 10,
                      "Plan Width": 0,
                      "Index Cond": "(event_date = '2023-07-08'::date)"
                    }
                  ]
                },
                {
                  "Node Type": "Index Scan",
                  "Parent Relationship": "Inner",
                  "Parallel Aware": false,
                  "Async Capable": false,
                  "Scan Direction": "Forward",
                  "Index Name": "fundamentals_daily_pkey",
                  "Relation Name": "fundamentals_daily",
                  "Alias": "fd",
                  "Startup Cost": 0.29,
                  "Total Cost": 4.3,
                  "Plan Rows": 1,
                  "Plan Width": 55,
                  "Index Cond": "((event_date = '2023-07-08'::date) AND (ticker = sdi.ticker))"
                }
              ]
            }
          ]
        }
      ]
    }
  },
  "db_statistics": {
    "table_stats": {
      "stocks_daily_info": {
        "row_count": 12700,
        "size_mb": 1.71
      },
      "fundamentals_daily": {
        "row_count": 12080,
        "size_mb": 2.33
      },
      "financials_quarterly": {
        "row_count": 8634,
        "size_mb": 0.8
      }
    },
    "existing_indexes": [
      "backtest_results_pkey",
      "community_posts_pkey",
      "financials_quarterly_pkey",
      "fundamentals_daily_pkey",
      "idx_finq_period_end",
      "idx_finq_ticker",
      "idx_fund_event_date",
      "idx_fund_ticker",
      "idx_sdi_event_date",
      "idx_sdi_ticker",
      "ix_backtest_results_strategy_id",
      "ix_community_posts_author_id",
      "ix_community_posts_strategy_id",
      "ix_ml_models_owner_id",
      "ix_strategies_owner_id",
      "ix_users_email",
      "ml_models_pkey",
      "stocks_daily_info_pkey",
      "strategies_pkey",
      "users_pkey"
    ]
  }
}
---
{
  "workload_id": 3515,
  "metadata": {
    "strategy_template": "ML Hybrid Style",
    "ml_model_used": "Return Forecast Model"
  },
  "sql_query": "SELECT fd.bps, fd.dividend_yield, fd.eps, fd.pbr, fd.per, sdi.close_price, sdi.company_name, sdi.ma_20d, sdi.market_cap, sdi.momentum_12m, sdi.momentum_3m, sdi.rsi_14, sdi.ticker, sdi.volatility_20d FROM stocks_daily_info sdi LEFT JOIN fundamentals_daily fd ON fd.ticker = sdi.ticker AND fd.event_date = sdi.event_date WHERE sdi.market = 'KOSDAQ' AND sdi.market_cap >= 444400000000 AND sdi.event_date = DATE '2023-09-27' ORDER BY CASE sdi.ticker WHEN '000660.KS' THEN 1 WHEN '005930.KS' THEN 2 WHEN '068270.KQ' THEN 3 WHEN '207940.KS' THEN 4 WHEN '035420.KS' THEN 5 WHEN '005380.KS' THEN 6 WHEN '051910.KS' THEN 7 WHEN '012330.KS' THEN 8 WHEN '035720.KS' THEN 9 WHEN '105560.KS' THEN 10 ELSE 11 END LIMIT 19;",
  "baseline_execution_plan": {
    "Plan": {
      "Node Type": "Limit",
      "Parallel Aware": false,
      "Async Capable": false,
      "Startup Cost": 24.75,
      "Total Cost": 24.75,
      "Plan Rows": 1,
      "Plan Width": 109,
      "Plans": [
        {
          "Node Type": "Sort",
          "Parent Relationship": "Outer",
          "Parallel Aware": false,
          "Async Capable": false,
          "Startup Cost": 24.75,
          "Total Cost": 24.75,
          "Plan Rows": 1,
          "Plan Width": 109,
          "Sort Key": [
            "(CASE sdi.ticker WHEN '000660.KS'::text THEN 1 WHEN '005930.KS'::text THEN 2 WHEN '068270.KQ'::text THEN 3 WHEN '207940.KS'::text THEN 4 WHEN '035420.KS'::text THEN 5 WHEN '005380.KS'::text THEN 6 WHEN '051910.KS'::text THEN 7 WHEN '012330.KS'::text THEN 8 WHEN '035720.KS'::text THEN 9 WHEN '105560.KS'::text THEN 10 ELSE 11 END)"
          ],
          "Plans": [
            {
              "Node Type": "Nested Loop",
              "Parent Relationship": "Outer",
              "Parallel Aware": false,
              "Async Capable": false,
              "Join Type": "Left",
              "Startup Cost": 2.65,
              "Total Cost": 24.74,
              "Plan Rows": 1,
              "Plan Width": 109,
              "Inner Unique": true,
              "Plans": [
                {
                  "Node Type": "Bitmap Heap Scan",
                  "Parent Relationship": "Outer",
                  "Parallel Aware": false,
                  "Async Capable": false,
                  "Relation Name": "stocks_daily_info",
                  "Alias": "sdi",
                  "Startup Cost": 2.36,
                  "Total Cost": 20.4,
                  "Plan Rows": 1,
                  "Plan Width": 68,
                  "Recheck Cond": "(event_date = '2023-09-27'::date)",
                  "Filter": "((market_cap >= '444400000000'::numeric) AND (market = 'KOSDAQ'::text))",
                  "Plans": [
                    {
                      "Node Type": "Bitmap Index Scan",
                      "Parent Relationship": "Outer",
                      "Parallel Aware": false,
                      "Async Capable": false,
                      "Index Name": "idx_sdi_event_date",
                      "Startup Cost": 0.0,
                      "Total Cost": 2.36,
                      "Plan Rows": 10,
                      "Plan Width": 0,
                      "Index Cond": "(event_date = '2023-09-27'::date)"
                    }
                  ]
                },
                {
                  "Node Type": "Index Scan",
                  "Parent Relationship": "Inner",
                  "Parallel Aware": false,
                  "Async Capable": false,
                  "Scan Direction": "Forward",
                  "Index Name": "fundamentals_daily_pkey",
                  "Relation Name": "fundamentals_daily",
                  "Alias": "fd",
                  "Startup Cost": 0.29,
                  "Total Cost": 4.3,
                  "Plan Rows": 1,
                  "Plan Width": 55,
                  "Index Cond": "((event_date = '2023-09-27'::date) AND (ticker = sdi.ticker))"
                }
              ]
            }
          ]
        }
      ]
    }
  },
  "db_statistics": {
    "table_stats": {
      "stocks_daily_info": {
        "row_count": 12700,
        "size_mb": 1.71
      },
      "fundamentals_daily": {
        "row_count": 12080,
        "size_mb": 2.33
      },
      "financials_quarterly": {
        "row_count": 8634,
        "size_mb": 0.8
      }
    },
    "existing_indexes": [
      "backtest_results_pkey",
      "community_posts_pkey",
      "financials_quarterly_pkey",
      "fundamentals_daily_pkey",
      "idx_finq_period_end",
      "idx_finq_ticker",
      "idx_fund_event_date",
      "idx_fund_ticker",
      "idx_sdi_event_date",
      "idx_sdi_ticker",
      "ix_backtest_results_strategy_id",
      "ix_community_posts_author_id",
      "ix_community_posts_strategy_id",
      "ix_ml_models_owner_id",
      "ix_strategies_owner_id",
      "ix_users_email",
      "ml_models_pkey",
      "stocks_daily_info_pkey",
      "strategies_pkey",
      "users_pkey"
    ]
  }
}
---
{
  "workload_id": 3516,
  "metadata": {
    "strategy_template": "ML Hybrid Style",
    "ml_model_used": "Return Forecast Model"
  },
  "sql_query": "SELECT sdi.close_price, sdi.company_name, sdi.ma_20d, sdi.market_cap, sdi.momentum_12m, sdi.momentum_3m, sdi.rsi_14, sdi.ticker, sdi.volatility_20d FROM stocks_daily_info sdi WHERE sdi.market = 'KOSDAQ' AND sdi.market_cap >= 282700000000 AND sdi.event_date = DATE '2023-10-19' ORDER BY CASE sdi.ticker WHEN '000660.KS' THEN 1 WHEN '005930.KS' THEN 2 WHEN '068270.KQ' THEN 3 WHEN '207940.KS' THEN 4 WHEN '035420.KS' THEN 5 WHEN '005380.KS' THEN 6 WHEN '051910.KS' THEN 7 WHEN '012330.KS' THEN 8 WHEN '035720.KS' THEN 9 WHEN '105560.KS' THEN 10 ELSE 11 END LIMIT 29;",
  "baseline_execution_plan": {
    "Plan": {
      "Node Type": "Limit",
      "Parallel Aware": false,
      "Async Capable": false,
      "Startup Cost": 20.43,
      "Total Cost": 20.44,
      "Plan Rows": 1,
      "Plan Width": 68,
      "Plans": [
        {
          "Node Type": "Sort",
          "Parent Relationship": "Outer",
          "Parallel Aware": false,
          "Async Capable": false,
          "Startup Cost": 20.43,
          "Total Cost": 20.44,
          "Plan Rows": 1,
          "Plan Width": 68,
          "Sort Key": [
            "(CASE ticker WHEN '000660.KS'::text THEN 1 WHEN '005930.KS'::text THEN 2 WHEN '068270.KQ'::text THEN 3 WHEN '207940.KS'::text THEN 4 WHEN '035420.KS'::text THEN 5 WHEN '005380.KS'::text THEN 6 WHEN '051910.KS'::text THEN 7 WHEN '012330.KS'::text THEN 8 WHEN '035720.KS'::text THEN 9 WHEN '105560.KS'::text THEN 10 ELSE 11 END)"
          ],
          "Plans": [
            {
              "Node Type": "Bitmap Heap Scan",
              "Parent Relationship": "Outer",
              "Parallel Aware": false,
              "Async Capable": false,
              "Relation Name": "stocks_daily_info",
              "Alias": "sdi",
              "Startup Cost": 2.36,
              "Total Cost": 20.42,
              "Plan Rows": 1,
              "Plan Width": 68,
              "Recheck Cond": "(event_date = '2023-10-19'::date)",
              "Filter": "((market_cap >= '282700000000'::numeric) AND (market = 'KOSDAQ'::text))",
              "Plans": [
                {
                  "Node Type": "Bitmap Index Scan",
                  "Parent Relationship": "Outer",
                  "Parallel Aware": false,
                  "Async Capable": false,
                  "Index Name": "idx_sdi_event_date",
                  "Startup Cost": 0.0,
                  "Total Cost": 2.36,
                  "Plan Rows": 10,
                  "Plan Width": 0,
                  "Index Cond": "(event_date = '2023-10-19'::date)"
                }
              ]
            }
          ]
        }
      ]
    }
  },
  "db_statistics": {
    "table_stats": {
      "stocks_daily_info": {
        "row_count": 12700,
        "size_mb": 1.71
      },
      "fundamentals_daily": {
        "row_count": 12080,
        "size_mb": 2.33
      },
      "financials_quarterly": {
        "row_count": 8634,
        "size_mb": 0.8
      }
    },
    "existing_indexes": [
      "backtest_results_pkey",
      "community_posts_pkey",
      "financials_quarterly_pkey",
      "fundamentals_daily_pkey",
      "idx_finq_period_end",
      "idx_finq_ticker",
      "idx_fund_event_date",
      "idx_fund_ticker",
      "idx_sdi_event_date",
      "idx_sdi_ticker",
      "ix_backtest_results_strategy_id",
      "ix_community_posts_author_id",
      "ix_community_posts_strategy_id",
      "ix_ml_models_owner_id",
      "ix_strategies_owner_id",
      "ix_users_email",
      "ml_models_pkey",
      "stocks_daily_info_pkey",
      "strategies_pkey",
      "users_pkey"
    ]
  }
}
---
{
  "workload_id": 3517,
  "metadata": {
    "strategy_template": "Momentum Investing Style",
    "ml_model_used": null
  },
  "sql_query": "SELECT sdi.close_price, sdi.company_name, sdi.ma_20d, sdi.market_cap, sdi.momentum_12m, sdi.momentum_3m, sdi.rsi_14, sdi.ticker, sdi.volatility_20d FROM stocks_daily_info sdi WHERE sdi.market = 'KOSPI' AND sdi.market_cap >= 362900000000 AND sdi.event_date = DATE '2023-10-20' ORDER BY sdi.momentum_3m asc, sdi.momentum_12m asc, sdi.volatility_20d desc LIMIT 21;",
  "baseline_execution_plan": {
    "Plan": {
      "Node Type": "Limit",
      "Parallel Aware": false,
      "Async Capable": false,
      "Startup Cost": 20.41,
      "Total Cost": 20.41,
      "Plan Rows": 1,
      "Plan Width": 64,
      "Plans": [
        {
          "Node Type": "Sort",
          "Parent Relationship": "Outer",
          "Parallel Aware": false,
          "Async Capable": false,
          "Startup Cost": 20.41,
          "Total Cost": 20.41,
          "Plan Rows": 1,
          "Plan Width": 64,
          "Sort Key": [
            "momentum_3m",
            "momentum_12m",
            "volatility_20d DESC"
          ],
          "Plans": [
            {
              "Node Type": "Bitmap Heap Scan",
              "Parent Relationship": "Outer",
              "Parallel Aware": false,
              "Async Capable": false,
              "Relation Name": "stocks_daily_info",
              "Alias": "sdi",
              "Startup Cost": 2.36,
              "Total Cost": 20.4,
              "Plan Rows": 1,
              "Plan Width": 64,
              "Recheck Cond": "(event_date = '2023-10-20'::date)",
              "Filter": "((market_cap >= '362900000000'::numeric) AND (market = 'KOSPI'::text))",
              "Plans": [
                {
                  "Node Type": "Bitmap Index Scan",
                  "Parent Relationship": "Outer",
                  "Parallel Aware": false,
                  "Async Capable": false,
                  "Index Name": "idx_sdi_event_date",
                  "Startup Cost": 0.0,
                  "Total Cost": 2.36,
                  "Plan Rows": 10,
                  "Plan Width": 0,
                  "Index Cond": "(event_date = '2023-10-20'::date)"
                }
              ]
            }
          ]
        }
      ]
    }
  },
  "db_statistics": {
    "table_stats": {
      "stocks_daily_info": {
        "row_count": 12700,
        "size_mb": 1.71
      },
      "fundamentals_daily": {
        "row_count": 12080,
        "size_mb": 2.33
      },
      "financials_quarterly": {
        "row_count": 8634,
        "size_mb": 0.8
      }
    },
    "existing_indexes": [
      "backtest_results_pkey",
      "community_posts_pkey",
      "financials_quarterly_pkey",
      "fundamentals_daily_pkey",
      "idx_finq_period_end",
      "idx_finq_ticker",
      "idx_fund_event_date",
      "idx_fund_ticker",
      "idx_sdi_event_date",
      "idx_sdi_ticker",
      "ix_backtest_results_strategy_id",
      "ix_community_posts_author_id",
      "ix_community_posts_strategy_id",
      "ix_ml_models_owner_id",
      "ix_strategies_owner_id",
      "ix_users_email",
      "ml_models_pkey",
      "stocks_daily_info_pkey",
      "strategies_pkey",
      "users_pkey"
    ]
  }
}
---
{
  "workload_id": 3518,
  "metadata": {
    "strategy_template": "Value Investing Style",
    "ml_model_used": null
  },
  "sql_query": "SELECT fd.bps, fd.dividend_yield, fd.eps, fd.pbr, fd.per, sdi.close_price, sdi.company_name, sdi.ma_20d, sdi.market_cap, sdi.momentum_12m, sdi.momentum_3m, sdi.rsi_14, sdi.ticker, sdi.volatility_20d FROM stocks_daily_info sdi LEFT JOIN fundamentals_daily fd ON fd.ticker = sdi.ticker AND fd.event_date = sdi.event_date WHERE sdi.market = 'KOSDAQ' AND sdi.market_cap >= 291100000000 AND sdi.event_date = DATE '2023-07-02' ORDER BY fd.pbr desc, fd.per desc, fd.eps desc LIMIT 17;",
  "baseline_execution_plan": {
    "Plan": {
      "Node Type": "Limit",
      "Parallel Aware": false,
      "Async Capable": false,
      "Startup Cost": 24.72,
      "Total Cost": 24.73,
      "Plan Rows": 1,
      "Plan Width": 105,
      "Plans": [
        {
          "Node Type": "Sort",
          "Parent Relationship": "Outer",
          "Parallel Aware": false,
          "Async Capable": false,
          "Startup Cost": 24.72,
          "Total Cost": 24.73,
          "Plan Rows": 1,
          "Plan Width": 105,
          "Sort Key": [
            "fd.pbr DESC",
            "fd.per DESC",
            "fd.eps DESC"
          ],
          "Plans": [
            {
              "Node Type": "Nested Loop",
              "Parent Relationship": "Outer",
              "Parallel Aware": false,
              "Async Capable": false,
              "Join Type": "Left",
              "Startup Cost": 2.65,
              "Total Cost": 24.71,
              "Plan Rows": 1,
              "Plan Width": 105,
              "Inner Unique": true,
              "Plans": [
                {
                  "Node Type": "Bitmap Heap Scan",
                  "Parent Relationship": "Outer",
                  "Parallel Aware": false,
                  "Async Capable": false,
                  "Relation Name": "stocks_daily_info",
                  "Alias": "sdi",
                  "Startup Cost": 2.36,
                  "Total Cost": 20.4,
                  "Plan Rows": 1,
                  "Plan Width": 68,
                  "Recheck Cond": "(event_date = '2023-07-02'::date)",
                  "Filter": "((market_cap >= '291100000000'::numeric) AND (market = 'KOSDAQ'::text))",
                  "Plans": [
                    {
                      "Node Type": "Bitmap Index Scan",
                      "Parent Relationship": "Outer",
                      "Parallel Aware": false,
                      "Async Capable": false,
                      "Index Name": "idx_sdi_event_date",
                      "Startup Cost": 0.0,
                      "Total Cost": 2.36,
                      "Plan Rows": 10,
                      "Plan Width": 0,
                      "Index Cond": "(event_date = '2023-07-02'::date)"
                    }
                  ]
                },
                {
                  "Node Type": "Index Scan",
                  "Parent Relationship": "Inner",
                  "Parallel Aware": false,
                  "Async Capable": false,
                  "Scan Direction": "Forward",
                  "Index Name": "fundamentals_daily_pkey",
                  "Relation Name": "fundamentals_daily",
                  "Alias": "fd",
                  "Startup Cost": 0.29,
                  "Total Cost": 4.3,
                  "Plan Rows": 1,
                  "Plan Width": 55,
                  "Index Cond": "((event_date = '2023-07-02'::date) AND (ticker = sdi.ticker))"
                }
              ]
            }
          ]
        }
      ]
    }
  },
  "db_statistics": {
    "table_stats": {
      "stocks_daily_info": {
        "row_count": 12700,
        "size_mb": 1.71
      },
      "fundamentals_daily": {
        "row_count": 12080,
        "size_mb": 2.33
      },
      "financials_quarterly": {
        "row_count": 8634,
        "size_mb": 0.8
      }
    },
    "existing_indexes": [
      "backtest_results_pkey",
      "community_posts_pkey",
      "financials_quarterly_pkey",
      "fundamentals_daily_pkey",
      "idx_finq_period_end",
      "idx_finq_ticker",
      "idx_fund_event_date",
      "idx_fund_ticker",
      "idx_sdi_event_date",
      "idx_sdi_ticker",
      "ix_backtest_results_strategy_id",
      "ix_community_posts_author_id",
      "ix_community_posts_strategy_id",
      "ix_ml_models_owner_id",
      "ix_strategies_owner_id",
      "ix_users_email",
      "ml_models_pkey",
      "stocks_daily_info_pkey",
      "strategies_pkey",
      "users_pkey"
    ]
  }
}
---
{
  "workload_id": 3519,
  "metadata": {
    "strategy_template": "Momentum Investing Style",
    "ml_model_used": null
  },
  "sql_query": "SELECT sdi.close_price, sdi.company_name, sdi.ma_20d, sdi.market_cap, sdi.momentum_12m, sdi.momentum_3m, sdi.rsi_14, sdi.ticker, sdi.volatility_20d FROM stocks_daily_info sdi WHERE sdi.market = 'KOSDAQ' AND sdi.market_cap >= 62000000000 AND sdi.event_date = DATE '2023-09-16' ORDER BY sdi.momentum_3m asc, sdi.momentum_12m desc, sdi.volatility_20d desc, sdi.rsi_14 asc LIMIT 21;",
  "baseline_execution_plan": {
    "Plan": {
      "Node Type": "Limit",
      "Parallel Aware": false,
      "Async Capable": false,
      "Startup Cost": 20.41,
      "Total Cost": 20.41,
      "Plan Rows": 1,
      "Plan Width": 64,
      "Plans": [
        {
          "Node Type": "Sort",
          "Parent Relationship": "Outer",
          "Parallel Aware": false,
          "Async Capable": false,
          "Startup Cost": 20.41,
          "Total Cost": 20.41,
          "Plan Rows": 1,
          "Plan Width": 64,
          "Sort Key": [
            "momentum_3m",
            "momentum_12m DESC",
            "volatility_20d DESC",
            "rsi_14"
          ],
          "Plans": [
            {
              "Node Type": "Bitmap Heap Scan",
              "Parent Relationship": "Outer",
              "Parallel Aware": false,
              "Async Capable": false,
              "Relation Name": "stocks_daily_info",
              "Alias": "sdi",
              "Startup Cost": 2.36,
              "Total Cost": 20.4,
              "Plan Rows": 1,
              "Plan Width": 64,
              "Recheck Cond": "(event_date = '2023-09-16'::date)",
              "Filter": "((market_cap >= '62000000000'::numeric) AND (market = 'KOSDAQ'::text))",
              "Plans": [
                {
                  "Node Type": "Bitmap Index Scan",
                  "Parent Relationship": "Outer",
                  "Parallel Aware": false,
                  "Async Capable": false,
                  "Index Name": "idx_sdi_event_date",
                  "Startup Cost": 0.0,
                  "Total Cost": 2.36,
                  "Plan Rows": 10,
                  "Plan Width": 0,
                  "Index Cond": "(event_date = '2023-09-16'::date)"
                }
              ]
            }
          ]
        }
      ]
    }
  },
  "db_statistics": {
    "table_stats": {
      "stocks_daily_info": {
        "row_count": 12700,
        "size_mb": 1.71
      },
      "fundamentals_daily": {
        "row_count": 12080,
        "size_mb": 2.33
      },
      "financials_quarterly": {
        "row_count": 8634,
        "size_mb": 0.8
      }
    },
    "existing_indexes": [
      "backtest_results_pkey",
      "community_posts_pkey",
      "financials_quarterly_pkey",
      "fundamentals_daily_pkey",
      "idx_finq_period_end",
      "idx_finq_ticker",
      "idx_fund_event_date",
      "idx_fund_ticker",
      "idx_sdi_event_date",
      "idx_sdi_ticker",
      "ix_backtest_results_strategy_id",
      "ix_community_posts_author_id",
      "ix_community_posts_strategy_id",
      "ix_ml_models_owner_id",
      "ix_strategies_owner_id",
      "ix_users_email",
      "ml_models_pkey",
      "stocks_daily_info_pkey",
      "strategies_pkey",
      "users_pkey"
    ]
  }
}
---
{
  "workload_id": 3520,
  "metadata": {
    "strategy_template": "ML Hybrid Style",
    "ml_model_used": "Return Forecast Model"
  },
  "sql_query": "SELECT sdi.close_price, sdi.company_name, sdi.ma_20d, sdi.market_cap, sdi.momentum_12m, sdi.momentum_3m, sdi.rsi_14, sdi.ticker, sdi.volatility_20d FROM stocks_daily_info sdi WHERE sdi.market = 'KOSPI' AND sdi.market_cap >= 491300000000 AND sdi.event_date = DATE '2023-07-31' ORDER BY CASE sdi.ticker WHEN '000660.KS' THEN 1 WHEN '005930.KS' THEN 2 WHEN '068270.KQ' THEN 3 WHEN '207940.KS' THEN 4 WHEN '035420.KS' THEN 5 WHEN '005380.KS' THEN 6 WHEN '051910.KS' THEN 7 WHEN '012330.KS' THEN 8 WHEN '035720.KS' THEN 9 WHEN '105560.KS' THEN 10 ELSE 11 END LIMIT 16;",
  "baseline_execution_plan": {
    "Plan": {
      "Node Type": "Limit",
      "Parallel Aware": false,
      "Async Capable": false,
      "Startup Cost": 20.43,
      "Total Cost": 20.44,
      "Plan Rows": 1,
      "Plan Width": 68,
      "Plans": [
        {
          "Node Type": "Sort",
          "Parent Relationship": "Outer",
          "Parallel Aware": false,
          "Async Capable": false,
          "Startup Cost": 20.43,
          "Total Cost": 20.44,
          "Plan Rows": 1,
          "Plan Width": 68,
          "Sort Key": [
            "(CASE ticker WHEN '000660.KS'::text THEN 1 WHEN '005930.KS'::text THEN 2 WHEN '068270.KQ'::text THEN 3 WHEN '207940.KS'::text THEN 4 WHEN '035420.KS'::text THEN 5 WHEN '005380.KS'::text THEN 6 WHEN '051910.KS'::text THEN 7 WHEN '012330.KS'::text THEN 8 WHEN '035720.KS'::text THEN 9 WHEN '105560.KS'::text THEN 10 ELSE 11 END)"
          ],
          "Plans": [
            {
              "Node Type": "Bitmap Heap Scan",
              "Parent Relationship": "Outer",
              "Parallel Aware": false,
              "Async Capable": false,
              "Relation Name": "stocks_daily_info",
              "Alias": "sdi",
              "Startup Cost": 2.36,
              "Total Cost": 20.42,
              "Plan Rows": 1,
              "Plan Width": 68,
              "Recheck Cond": "(event_date = '2023-07-31'::date)",
              "Filter": "((market_cap >= '491300000000'::numeric) AND (market = 'KOSPI'::text))",
              "Plans": [
                {
                  "Node Type": "Bitmap Index Scan",
                  "Parent Relationship": "Outer",
                  "Parallel Aware": false,
                  "Async Capable": false,
                  "Index Name": "idx_sdi_event_date",
                  "Startup Cost": 0.0,
                  "Total Cost": 2.36,
                  "Plan Rows": 10,
                  "Plan Width": 0,
                  "Index Cond": "(event_date = '2023-07-31'::date)"
                }
              ]
            }
          ]
        }
      ]
    }
  },
  "db_statistics": {
    "table_stats": {
      "stocks_daily_info": {
        "row_count": 12700,
        "size_mb": 1.71
      },
      "fundamentals_daily": {
        "row_count": 12080,
        "size_mb": 2.33
      },
      "financials_quarterly": {
        "row_count": 8634,
        "size_mb": 0.8
      }
    },
    "existing_indexes": [
      "backtest_results_pkey",
      "community_posts_pkey",
      "financials_quarterly_pkey",
      "fundamentals_daily_pkey",
      "idx_finq_period_end",
      "idx_finq_ticker",
      "idx_fund_event_date",
      "idx_fund_ticker",
      "idx_sdi_event_date",
      "idx_sdi_ticker",
      "ix_backtest_results_strategy_id",
      "ix_community_posts_author_id",
      "ix_community_posts_strategy_id",
      "ix_ml_models_owner_id",
      "ix_strategies_owner_id",
      "ix_users_email",
      "ml_models_pkey",
      "stocks_daily_info_pkey",
      "strategies_pkey",
      "users_pkey"
    ]
  }
}
---
{
  "workload_id": 3521,
  "metadata": {
    "strategy_template": "ML Hybrid Style",
    "ml_model_used": "Return Forecast Model"
  },
  "sql_query": "SELECT ( SELECT COALESCE(SUM(value), 0) FROM ( SELECT value FROM financials_quarterly fq WHERE fq.ticker = sdi.ticker AND fq.item_name = 'OperatingCashFlow' AND fq.statement_type IN ('IS_Q','CF_Q') AND fq.period_end <= DATE '2023-07-06' ORDER BY fq.period_end DESC LIMIT 4 ) as recent_quarters ) AS ttm_operatingcashflow , fd.bps, fd.dividend_yield, fd.eps, fd.pbr, fd.per, sdi.close_price, sdi.company_name, sdi.ma_20d, sdi.market_cap, sdi.momentum_12m, sdi.momentum_3m, sdi.rsi_14, sdi.ticker, sdi.volatility_20d FROM stocks_daily_info sdi LEFT JOIN fundamentals_daily fd ON fd.ticker = sdi.ticker AND fd.event_date = sdi.event_date WHERE sdi.market = 'KOSDAQ' AND sdi.market_cap >= 139600000000 AND sdi.event_date = DATE '2023-07-06' ORDER BY CASE sdi.ticker WHEN '000660.KS' THEN 1 WHEN '005930.KS' THEN 2 WHEN '068270.KQ' THEN 3 WHEN '207940.KS' THEN 4 WHEN '035420.KS' THEN 5 WHEN '005380.KS' THEN 6 WHEN '051910.KS' THEN 7 WHEN '012330.KS' THEN 8 WHEN '035720.KS' THEN 9 WHEN '105560.KS' THEN 10 ELSE 11 END LIMIT 39;",
  "baseline_execution_plan": {
    "Plan": {
      "Node Type": "Limit",
      "Parallel Aware": false,
      "Async Capable": false,
      "Startup Cost": 24.75,
      "Total Cost": 29.07,
      "Plan Rows": 1,
      "Plan Width": 141,
      "Plans": [
        {
          "Node Type": "Result",
          "Parent Relationship": "Outer",
          "Parallel Aware": false,
          "Async Capable": false,
          "Startup Cost": 24.75,
          "Total Cost": 29.07,
          "Plan Rows": 1,
          "Plan Width": 141,
          "Plans": [
            {
              "Node Type": "Sort",
              "Parent Relationship": "Outer",
              "Parallel Aware": false,
              "Async Capable": false,
              "Startup Cost": 24.75,
              "Total Cost": 24.75,
              "Plan Rows": 1,
              "Plan Width": 109,
              "Sort Key": [
                "(CASE sdi.ticker WHEN '000660.KS'::text THEN 1 WHEN '005930.KS'::text THEN 2 WHEN '068270.KQ'::text THEN 3 WHEN '207940.KS'::text THEN 4 WHEN '035420.KS'::text THEN 5 WHEN '005380.KS'::text THEN 6 WHEN '051910.KS'::text THEN 7 WHEN '012330.KS'::text THEN 8 WHEN '035720.KS'::text THEN 9 WHEN '105560.KS'::text THEN 10 ELSE 11 END)"
              ],
              "Plans": [
                {
                  "Node Type": "Nested Loop",
                  "Parent Relationship": "Outer",
                  "Parallel Aware": false,
                  "Async Capable": false,
                  "Join Type": "Left",
                  "Startup Cost": 2.65,
                  "Total Cost": 24.74,
                  "Plan Rows": 1,
                  "Plan Width": 109,
                  "Inner Unique": true,
                  "Plans": [
                    {
                      "Node Type": "Bitmap Heap Scan",
                      "Parent Relationship": "Outer",
                      "Parallel Aware": false,
                      "Async Capable": false,
                      "Relation Name": "stocks_daily_info",
                      "Alias": "sdi",
                      "Startup Cost": 2.36,
                      "Total Cost": 20.4,
                      "Plan Rows": 1,
                      "Plan Width": 68,
                      "Recheck Cond": "(event_date = '2023-07-06'::date)",
                      "Filter": "((market_cap >= '139600000000'::numeric) AND (market = 'KOSDAQ'::text))",
                      "Plans": [
                        {
                          "Node Type": "Bitmap Index Scan",
                          "Parent Relationship": "Outer",
                          "Parallel Aware": false,
                          "Async Capable": false,
                          "Index Name": "idx_sdi_event_date",
                          "Startup Cost": 0.0,
                          "Total Cost": 2.36,
                          "Plan Rows": 10,
                          "Plan Width": 0,
                          "Index Cond": "(event_date = '2023-07-06'::date)"
                        }
                      ]
                    },
                    {
                      "Node Type": "Index Scan",
                      "Parent Relationship": "Inner",
                      "Parallel Aware": false,
                      "Async Capable": false,
                      "Scan Direction": "Forward",
                      "Index Name": "fundamentals_daily_pkey",
                      "Relation Name": "fundamentals_daily",
                      "Alias": "fd",
                      "Startup Cost": 0.29,
                      "Total Cost": 4.3,
                      "Plan Rows": 1,
                      "Plan Width": 55,
                      "Index Cond": "((event_date = '2023-07-06'::date) AND (ticker = sdi.ticker))"
                    }
                  ]
                }
              ]
            },
            {
              "Node Type": "Aggregate",
              "Strategy": "Plain",
              "Partial Mode": "Simple",
              "Parent Relationship": "SubPlan",
              "Subplan Name": "SubPlan 1",
              "Parallel Aware": false,
              "Async Capable": false,
              "Startup Cost": 4.27,
              "Total Cost": 4.28,
              "Plan Rows": 1,
              "Plan Width": 32,
              "Plans": [
                {
                  "Node Type": "Limit",
                  "Parent Relationship": "Outer",
                  "Parallel Aware": false,
                  "Async Capable": false,
                  "Startup Cost": 0.29,
                  "Total Cost": 4.25,
                  "Plan Rows": 1,
                  "Plan Width": 12,
                  "Plans": [
                    {
                      "Node Type": "Index Scan",
                      "Parent Relationship": "Outer",
                      "Parallel Aware": false,
                      "Async Capable": false,
                      "Scan Direction": "Backward",
                      "Index Name": "idx_finq_period_end",
                      "Relation Name": "financials_quarterly",
                      "Alias": "fq",
                      "Startup Cost": 0.29,
                      "Total Cost": 4.25,
                      "Plan Rows": 1,
                      "Plan Width": 12,
                      "Index Cond": "(period_end <= '2023-07-06'::date)",
                      "Filter": "((statement_type = ANY ('{IS_Q,CF_Q}'::text[])) AND (ticker = sdi.ticker) AND (item_name = 'OperatingCashFlow'::text))"
                    }
                  ]
                }
              ]
            }
          ]
        }
      ]
    }
  },
  "db_statistics": {
    "table_stats": {
      "stocks_daily_info": {
        "row_count": 12700,
        "size_mb": 1.71
      },
      "fundamentals_daily": {
        "row_count": 12080,
        "size_mb": 2.33
      },
      "financials_quarterly": {
        "row_count": 8634,
        "size_mb": 0.8
      }
    },
    "existing_indexes": [
      "backtest_results_pkey",
      "community_posts_pkey",
      "financials_quarterly_pkey",
      "fundamentals_daily_pkey",
      "idx_finq_period_end",
      "idx_finq_ticker",
      "idx_fund_event_date",
      "idx_fund_ticker",
      "idx_sdi_event_date",
      "idx_sdi_ticker",
      "ix_backtest_results_strategy_id",
      "ix_community_posts_author_id",
      "ix_community_posts_strategy_id",
      "ix_ml_models_owner_id",
      "ix_strategies_owner_id",
      "ix_users_email",
      "ml_models_pkey",
      "stocks_daily_info_pkey",
      "strategies_pkey",
      "users_pkey"
    ]
  }
}
---
{
  "workload_id": 3522,
  "metadata": {
    "strategy_template": "Momentum Investing Style",
    "ml_model_used": null
  },
  "sql_query": "SELECT sdi.close_price, sdi.company_name, sdi.ma_20d, sdi.market_cap, sdi.momentum_12m, sdi.momentum_3m, sdi.rsi_14, sdi.ticker, sdi.volatility_20d FROM stocks_daily_info sdi WHERE sdi.market = 'KOSPI' AND sdi.market_cap >= 119100000000 AND sdi.event_date = DATE '2023-09-19' ORDER BY sdi.momentum_3m desc, sdi.momentum_12m asc, sdi.volatility_20d asc LIMIT 38;",
  "baseline_execution_plan": {
    "Plan": {
      "Node Type": "Limit",
      "Parallel Aware": false,
      "Async Capable": false,
      "Startup Cost": 20.41,
      "Total Cost": 20.41,
      "Plan Rows": 1,
      "Plan Width": 64,
      "Plans": [
        {
          "Node Type": "Sort",
          "Parent Relationship": "Outer",
          "Parallel Aware": false,
          "Async Capable": false,
          "Startup Cost": 20.41,
          "Total Cost": 20.41,
          "Plan Rows": 1,
          "Plan Width": 64,
          "Sort Key": [
            "momentum_3m DESC",
            "momentum_12m",
            "volatility_20d"
          ],
          "Plans": [
            {
              "Node Type": "Bitmap Heap Scan",
              "Parent Relationship": "Outer",
              "Parallel Aware": false,
              "Async Capable": false,
              "Relation Name": "stocks_daily_info",
              "Alias": "sdi",
              "Startup Cost": 2.36,
              "Total Cost": 20.4,
              "Plan Rows": 1,
              "Plan Width": 64,
              "Recheck Cond": "(event_date = '2023-09-19'::date)",
              "Filter": "((market_cap >= '119100000000'::numeric) AND (market = 'KOSPI'::text))",
              "Plans": [
                {
                  "Node Type": "Bitmap Index Scan",
                  "Parent Relationship": "Outer",
                  "Parallel Aware": false,
                  "Async Capable": false,
                  "Index Name": "idx_sdi_event_date",
                  "Startup Cost": 0.0,
                  "Total Cost": 2.36,
                  "Plan Rows": 10,
                  "Plan Width": 0,
                  "Index Cond": "(event_date = '2023-09-19'::date)"
                }
              ]
            }
          ]
        }
      ]
    }
  },
  "db_statistics": {
    "table_stats": {
      "stocks_daily_info": {
        "row_count": 12700,
        "size_mb": 1.71
      },
      "fundamentals_daily": {
        "row_count": 12080,
        "size_mb": 2.33
      },
      "financials_quarterly": {
        "row_count": 8634,
        "size_mb": 0.8
      }
    },
    "existing_indexes": [
      "backtest_results_pkey",
      "community_posts_pkey",
      "financials_quarterly_pkey",
      "fundamentals_daily_pkey",
      "idx_finq_period_end",
      "idx_finq_ticker",
      "idx_fund_event_date",
      "idx_fund_ticker",
      "idx_sdi_event_date",
      "idx_sdi_ticker",
      "ix_backtest_results_strategy_id",
      "ix_community_posts_author_id",
      "ix_community_posts_strategy_id",
      "ix_ml_models_owner_id",
      "ix_strategies_owner_id",
      "ix_users_email",
      "ml_models_pkey",
      "stocks_daily_info_pkey",
      "strategies_pkey",
      "users_pkey"
    ]
  }
}
---
{
  "workload_id": 3523,
  "metadata": {
    "strategy_template": "Momentum Investing Style",
    "ml_model_used": null
  },
  "sql_query": "SELECT sdi.close_price, sdi.company_name, sdi.ma_20d, sdi.market_cap, sdi.momentum_12m, sdi.momentum_3m, sdi.rsi_14, sdi.ticker, sdi.volatility_20d FROM stocks_daily_info sdi WHERE sdi.market = 'KOSDAQ' AND sdi.market_cap >= 69200000000 AND sdi.event_date = DATE '2023-05-13' ORDER BY sdi.momentum_3m desc, sdi.momentum_12m asc LIMIT 41;",
  "baseline_execution_plan": {
    "Plan": {
      "Node Type": "Limit",
      "Parallel Aware": false,
      "Async Capable": false,
      "Startup Cost": 20.41,
      "Total Cost": 20.41,
      "Plan Rows": 1,
      "Plan Width": 64,
      "Plans": [
        {
          "Node Type": "Sort",
          "Parent Relationship": "Outer",
          "Parallel Aware": false,
          "Async Capable": false,
          "Startup Cost": 20.41,
          "Total Cost": 20.41,
          "Plan Rows": 1,
          "Plan Width": 64,
          "Sort Key": [
            "momentum_3m DESC",
            "momentum_12m"
          ],
          "Plans": [
            {
              "Node Type": "Bitmap Heap Scan",
              "Parent Relationship": "Outer",
              "Parallel Aware": false,
              "Async Capable": false,
              "Relation Name": "stocks_daily_info",
              "Alias": "sdi",
              "Startup Cost": 2.36,
              "Total Cost": 20.4,
              "Plan Rows": 1,
              "Plan Width": 64,
              "Recheck Cond": "(event_date = '2023-05-13'::date)",
              "Filter": "((market_cap >= '69200000000'::numeric) AND (market = 'KOSDAQ'::text))",
              "Plans": [
                {
                  "Node Type": "Bitmap Index Scan",
                  "Parent Relationship": "Outer",
                  "Parallel Aware": false,
                  "Async Capable": false,
                  "Index Name": "idx_sdi_event_date",
                  "Startup Cost": 0.0,
                  "Total Cost": 2.36,
                  "Plan Rows": 10,
                  "Plan Width": 0,
                  "Index Cond": "(event_date = '2023-05-13'::date)"
                }
              ]
            }
          ]
        }
      ]
    }
  },
  "db_statistics": {
    "table_stats": {
      "stocks_daily_info": {
        "row_count": 12700,
        "size_mb": 1.71
      },
      "fundamentals_daily": {
        "row_count": 12080,
        "size_mb": 2.33
      },
      "financials_quarterly": {
        "row_count": 8634,
        "size_mb": 0.8
      }
    },
    "existing_indexes": [
      "backtest_results_pkey",
      "community_posts_pkey",
      "financials_quarterly_pkey",
      "fundamentals_daily_pkey",
      "idx_finq_period_end",
      "idx_finq_ticker",
      "idx_fund_event_date",
      "idx_fund_ticker",
      "idx_sdi_event_date",
      "idx_sdi_ticker",
      "ix_backtest_results_strategy_id",
      "ix_community_posts_author_id",
      "ix_community_posts_strategy_id",
      "ix_ml_models_owner_id",
      "ix_strategies_owner_id",
      "ix_users_email",
      "ml_models_pkey",
      "stocks_daily_info_pkey",
      "strategies_pkey",
      "users_pkey"
    ]
  }
}
---
{
  "workload_id": 3524,
  "metadata": {
    "strategy_template": "Momentum Investing Style",
    "ml_model_used": null
  },
  "sql_query": "SELECT sdi.close_price, sdi.company_name, sdi.ma_20d, sdi.market_cap, sdi.momentum_12m, sdi.momentum_3m, sdi.rsi_14, sdi.ticker, sdi.volatility_20d FROM stocks_daily_info sdi WHERE sdi.market = 'KOSPI' AND sdi.market_cap >= 228000000000 AND sdi.event_date = DATE '2023-06-22' ORDER BY sdi.momentum_3m desc, sdi.momentum_12m asc, sdi.rsi_14 desc, sdi.volatility_20d asc LIMIT 21;",
  "baseline_execution_plan": {
    "Plan": {
      "Node Type": "Limit",
      "Parallel Aware": false,
      "Async Capable": false,
      "Startup Cost": 20.41,
      "Total Cost": 20.41,
      "Plan Rows": 1,
      "Plan Width": 64,
      "Plans": [
        {
          "Node Type": "Sort",
          "Parent Relationship": "Outer",
          "Parallel Aware": false,
          "Async Capable": false,
          "Startup Cost": 20.41,
          "Total Cost": 20.41,
          "Plan Rows": 1,
          "Plan Width": 64,
          "Sort Key": [
            "momentum_3m DESC",
            "momentum_12m",
            "rsi_14 DESC",
            "volatility_20d"
          ],
          "Plans": [
            {
              "Node Type": "Bitmap Heap Scan",
              "Parent Relationship": "Outer",
              "Parallel Aware": false,
              "Async Capable": false,
              "Relation Name": "stocks_daily_info",
              "Alias": "sdi",
              "Startup Cost": 2.36,
              "Total Cost": 20.4,
              "Plan Rows": 1,
              "Plan Width": 64,
              "Recheck Cond": "(event_date = '2023-06-22'::date)",
              "Filter": "((market_cap >= '228000000000'::numeric) AND (market = 'KOSPI'::text))",
              "Plans": [
                {
                  "Node Type": "Bitmap Index Scan",
                  "Parent Relationship": "Outer",
                  "Parallel Aware": false,
                  "Async Capable": false,
                  "Index Name": "idx_sdi_event_date",
                  "Startup Cost": 0.0,
                  "Total Cost": 2.36,
                  "Plan Rows": 10,
                  "Plan Width": 0,
                  "Index Cond": "(event_date = '2023-06-22'::date)"
                }
              ]
            }
          ]
        }
      ]
    }
  },
  "db_statistics": {
    "table_stats": {
      "stocks_daily_info": {
        "row_count": 12700,
        "size_mb": 1.71
      },
      "fundamentals_daily": {
        "row_count": 12080,
        "size_mb": 2.33
      },
      "financials_quarterly": {
        "row_count": 8634,
        "size_mb": 0.8
      }
    },
    "existing_indexes": [
      "backtest_results_pkey",
      "community_posts_pkey",
      "financials_quarterly_pkey",
      "fundamentals_daily_pkey",
      "idx_finq_period_end",
      "idx_finq_ticker",
      "idx_fund_event_date",
      "idx_fund_ticker",
      "idx_sdi_event_date",
      "idx_sdi_ticker",
      "ix_backtest_results_strategy_id",
      "ix_community_posts_author_id",
      "ix_community_posts_strategy_id",
      "ix_ml_models_owner_id",
      "ix_strategies_owner_id",
      "ix_users_email",
      "ml_models_pkey",
      "stocks_daily_info_pkey",
      "strategies_pkey",
      "users_pkey"
    ]
  }
}
---
{
  "workload_id": 3525,
  "metadata": {
    "strategy_template": "ML Hybrid Style",
    "ml_model_used": "Return Forecast Model"
  },
  "sql_query": "SELECT ( SELECT COALESCE(SUM(value), 0) FROM ( SELECT value FROM financials_quarterly fq WHERE fq.ticker = sdi.ticker AND fq.item_name = 'OperatingIncome' AND fq.statement_type IN ('IS_Q','CF_Q') AND fq.period_end <= DATE '2023-08-22' ORDER BY fq.period_end DESC LIMIT 4 ) as recent_quarters ) AS ttm_operatingincome , sdi.close_price, sdi.company_name, sdi.ma_20d, sdi.market_cap, sdi.momentum_12m, sdi.momentum_3m, sdi.rsi_14, sdi.ticker, sdi.volatility_20d FROM stocks_daily_info sdi WHERE sdi.market = 'KOSDAQ' AND sdi.market_cap >= 391100000000 AND sdi.event_date = DATE '2023-08-22' ORDER BY CASE sdi.ticker WHEN '000660.KS' THEN 1 WHEN '005930.KS' THEN 2 WHEN '068270.KQ' THEN 3 WHEN '207940.KS' THEN 4 WHEN '035420.KS' THEN 5 WHEN '005380.KS' THEN 6 WHEN '051910.KS' THEN 7 WHEN '012330.KS' THEN 8 WHEN '035720.KS' THEN 9 WHEN '105560.KS' THEN 10 ELSE 11 END LIMIT 44;",
  "baseline_execution_plan": {
    "Plan": {
      "Node Type": "Limit",
      "Parallel Aware": false,
      "Async Capable": false,
      "Startup Cost": 20.43,
      "Total Cost": 24.75,
      "Plan Rows": 1,
      "Plan Width": 100,
      "Plans": [
        {
          "Node Type": "Result",
          "Parent Relationship": "Outer",
          "Parallel Aware": false,
          "Async Capable": false,
          "Startup Cost": 20.43,
          "Total Cost": 24.75,
          "Plan Rows": 1,
          "Plan Width": 100,
          "Plans": [
            {
              "Node Type": "Sort",
              "Parent Relationship": "Outer",
              "Parallel Aware": false,
              "Async Capable": false,
              "Startup Cost": 20.43,
              "Total Cost": 20.44,
              "Plan Rows": 1,
              "Plan Width": 68,
              "Sort Key": [
                "(CASE sdi.ticker WHEN '000660.KS'::text THEN 1 WHEN '005930.KS'::text THEN 2 WHEN '068270.KQ'::text THEN 3 WHEN '207940.KS'::text THEN 4 WHEN '035420.KS'::text THEN 5 WHEN '005380.KS'::text THEN 6 WHEN '051910.KS'::text THEN 7 WHEN '012330.KS'::text THEN 8 WHEN '035720.KS'::text THEN 9 WHEN '105560.KS'::text THEN 10 ELSE 11 END)"
              ],
              "Plans": [
                {
                  "Node Type": "Bitmap Heap Scan",
                  "Parent Relationship": "Outer",
                  "Parallel Aware": false,
                  "Async Capable": false,
                  "Relation Name": "stocks_daily_info",
                  "Alias": "sdi",
                  "Startup Cost": 2.36,
                  "Total Cost": 20.42,
                  "Plan Rows": 1,
                  "Plan Width": 68,
                  "Recheck Cond": "(event_date = '2023-08-22'::date)",
                  "Filter": "((market_cap >= '391100000000'::numeric) AND (market = 'KOSDAQ'::text))",
                  "Plans": [
                    {
                      "Node Type": "Bitmap Index Scan",
                      "Parent Relationship": "Outer",
                      "Parallel Aware": false,
                      "Async Capable": false,
                      "Index Name": "idx_sdi_event_date",
                      "Startup Cost": 0.0,
                      "Total Cost": 2.36,
                      "Plan Rows": 10,
                      "Plan Width": 0,
                      "Index Cond": "(event_date = '2023-08-22'::date)"
                    }
                  ]
                }
              ]
            },
            {
              "Node Type": "Aggregate",
              "Strategy": "Plain",
              "Partial Mode": "Simple",
              "Parent Relationship": "SubPlan",
              "Subplan Name": "SubPlan 1",
              "Parallel Aware": false,
              "Async Capable": false,
              "Startup Cost": 4.27,
              "Total Cost": 4.28,
              "Plan Rows": 1,
              "Plan Width": 32,
              "Plans": [
                {
                  "Node Type": "Limit",
                  "Parent Relationship": "Outer",
                  "Parallel Aware": false,
                  "Async Capable": false,
                  "Startup Cost": 0.29,
                  "Total Cost": 4.25,
                  "Plan Rows": 1,
                  "Plan Width": 12,
                  "Plans": [
                    {
                      "Node Type": "Index Scan",
                      "Parent Relationship": "Outer",
                      "Parallel Aware": false,
                      "Async Capable": false,
                      "Scan Direction": "Backward",
                      "Index Name": "idx_finq_period_end",
                      "Relation Name": "financials_quarterly",
                      "Alias": "fq",
                      "Startup Cost": 0.29,
                      "Total Cost": 4.25,
                      "Plan Rows": 1,
                      "Plan Width": 12,
                      "Index Cond": "(period_end <= '2023-08-22'::date)",
                      "Filter": "((statement_type = ANY ('{IS_Q,CF_Q}'::text[])) AND (ticker = sdi.ticker) AND (item_name = 'OperatingIncome'::text))"
                    }
                  ]
                }
              ]
            }
          ]
        }
      ]
    }
  },
  "db_statistics": {
    "table_stats": {
      "stocks_daily_info": {
        "row_count": 12700,
        "size_mb": 1.71
      },
      "fundamentals_daily": {
        "row_count": 12080,
        "size_mb": 2.33
      },
      "financials_quarterly": {
        "row_count": 8634,
        "size_mb": 0.8
      }
    },
    "existing_indexes": [
      "backtest_results_pkey",
      "community_posts_pkey",
      "financials_quarterly_pkey",
      "fundamentals_daily_pkey",
      "idx_finq_period_end",
      "idx_finq_ticker",
      "idx_fund_event_date",
      "idx_fund_ticker",
      "idx_sdi_event_date",
      "idx_sdi_ticker",
      "ix_backtest_results_strategy_id",
      "ix_community_posts_author_id",
      "ix_community_posts_strategy_id",
      "ix_ml_models_owner_id",
      "ix_strategies_owner_id",
      "ix_users_email",
      "ml_models_pkey",
      "stocks_daily_info_pkey",
      "strategies_pkey",
      "users_pkey"
    ]
  }
}
---
{
  "workload_id": 3526,
  "metadata": {
    "strategy_template": "Value Investing Style",
    "ml_model_used": null
  },
  "sql_query": "SELECT fd.bps, fd.dividend_yield, fd.eps, fd.pbr, fd.per, sdi.close_price, sdi.company_name, sdi.ma_20d, sdi.market_cap, sdi.momentum_12m, sdi.momentum_3m, sdi.rsi_14, sdi.ticker, sdi.volatility_20d FROM stocks_daily_info sdi LEFT JOIN fundamentals_daily fd ON fd.ticker = sdi.ticker AND fd.event_date = sdi.event_date WHERE sdi.market = 'KOSPI' AND sdi.market_cap >= 405600000000 AND sdi.event_date = DATE '2023-05-19' ORDER BY fd.pbr desc, fd.per desc, fd.dividend_yield asc, fd.eps desc LIMIT 14;",
  "baseline_execution_plan": {
    "Plan": {
      "Node Type": "Limit",
      "Parallel Aware": false,
      "Async Capable": false,
      "Startup Cost": 24.72,
      "Total Cost": 24.73,
      "Plan Rows": 1,
      "Plan Width": 105,
      "Plans": [
        {
          "Node Type": "Sort",
          "Parent Relationship": "Outer",
          "Parallel Aware": false,
          "Async Capable": false,
          "Startup Cost": 24.72,
          "Total Cost": 24.73,
          "Plan Rows": 1,
          "Plan Width": 105,
          "Sort Key": [
            "fd.pbr DESC",
            "fd.per DESC",
            "fd.dividend_yield",
            "fd.eps DESC"
          ],
          "Plans": [
            {
              "Node Type": "Nested Loop",
              "Parent Relationship": "Outer",
              "Parallel Aware": false,
              "Async Capable": false,
              "Join Type": "Left",
              "Startup Cost": 2.65,
              "Total Cost": 24.71,
              "Plan Rows": 1,
              "Plan Width": 105,
              "Inner Unique": true,
              "Plans": [
                {
                  "Node Type": "Bitmap Heap Scan",
                  "Parent Relationship": "Outer",
                  "Parallel Aware": false,
                  "Async Capable": false,
                  "Relation Name": "stocks_daily_info",
                  "Alias": "sdi",
                  "Startup Cost": 2.36,
                  "Total Cost": 20.4,
                  "Plan Rows": 1,
                  "Plan Width": 68,
                  "Recheck Cond": "(event_date = '2023-05-19'::date)",
                  "Filter": "((market_cap >= '405600000000'::numeric) AND (market = 'KOSPI'::text))",
                  "Plans": [
                    {
                      "Node Type": "Bitmap Index Scan",
                      "Parent Relationship": "Outer",
                      "Parallel Aware": false,
                      "Async Capable": false,
                      "Index Name": "idx_sdi_event_date",
                      "Startup Cost": 0.0,
                      "Total Cost": 2.36,
                      "Plan Rows": 10,
                      "Plan Width": 0,
                      "Index Cond": "(event_date = '2023-05-19'::date)"
                    }
                  ]
                },
                {
                  "Node Type": "Index Scan",
                  "Parent Relationship": "Inner",
                  "Parallel Aware": false,
                  "Async Capable": false,
                  "Scan Direction": "Forward",
                  "Index Name": "fundamentals_daily_pkey",
                  "Relation Name": "fundamentals_daily",
                  "Alias": "fd",
                  "Startup Cost": 0.29,
                  "Total Cost": 4.3,
                  "Plan Rows": 1,
                  "Plan Width": 55,
                  "Index Cond": "((event_date = '2023-05-19'::date) AND (ticker = sdi.ticker))"
                }
              ]
            }
          ]
        }
      ]
    }
  },
  "db_statistics": {
    "table_stats": {
      "stocks_daily_info": {
        "row_count": 12700,
        "size_mb": 1.71
      },
      "fundamentals_daily": {
        "row_count": 12080,
        "size_mb": 2.33
      },
      "financials_quarterly": {
        "row_count": 8634,
        "size_mb": 0.8
      }
    },
    "existing_indexes": [
      "backtest_results_pkey",
      "community_posts_pkey",
      "financials_quarterly_pkey",
      "fundamentals_daily_pkey",
      "idx_finq_period_end",
      "idx_finq_ticker",
      "idx_fund_event_date",
      "idx_fund_ticker",
      "idx_sdi_event_date",
      "idx_sdi_ticker",
      "ix_backtest_results_strategy_id",
      "ix_community_posts_author_id",
      "ix_community_posts_strategy_id",
      "ix_ml_models_owner_id",
      "ix_strategies_owner_id",
      "ix_users_email",
      "ml_models_pkey",
      "stocks_daily_info_pkey",
      "strategies_pkey",
      "users_pkey"
    ]
  }
}
---
{
  "workload_id": 3527,
  "metadata": {
    "strategy_template": "Value Investing Style",
    "ml_model_used": null
  },
  "sql_query": "SELECT ( SELECT COALESCE(SUM(value), 0) FROM ( SELECT value FROM financials_quarterly fq WHERE fq.ticker = sdi.ticker AND fq.item_name = 'NetIncome' AND fq.statement_type IN ('IS_Q','CF_Q') AND fq.period_end <= DATE '2023-08-23' ORDER BY fq.period_end DESC LIMIT 4 ) as recent_quarters ) AS ttm_netincome , fd.bps, fd.dividend_yield, fd.eps, fd.pbr, fd.per, sdi.close_price, sdi.company_name, sdi.ma_20d, sdi.market_cap, sdi.momentum_12m, sdi.momentum_3m, sdi.rsi_14, sdi.ticker, sdi.volatility_20d FROM stocks_daily_info sdi LEFT JOIN fundamentals_daily fd ON fd.ticker = sdi.ticker AND fd.event_date = sdi.event_date WHERE sdi.market = 'KOSDAQ' AND sdi.market_cap >= 407600000000 AND sdi.event_date = DATE '2023-08-23' ORDER BY fd.pbr asc, fd.per asc LIMIT 15;",
  "baseline_execution_plan": {
    "Plan": {
      "Node Type": "Limit",
      "Parallel Aware": false,
      "Async Capable": false,
      "Startup Cost": 24.72,
      "Total Cost": 29.02,
      "Plan Rows": 1,
      "Plan Width": 137,
      "Plans": [
        {
          "Node Type": "Result",
          "Parent Relationship": "Outer",
          "Parallel Aware": false,
          "Async Capable": false,
          "Startup Cost": 24.72,
          "Total Cost": 29.02,
          "Plan Rows": 1,
          "Plan Width": 137,
          "Plans": [
            {
              "Node Type": "Sort",
              "Parent Relationship": "Outer",
              "Parallel Aware": false,
              "Async Capable": false,
              "Startup Cost": 24.72,
              "Total Cost": 24.73,
              "Plan Rows": 1,
              "Plan Width": 105,
              "Sort Key": [
                "fd.pbr",
                "fd.per"
              ],
              "Plans": [
                {
                  "Node Type": "Nested Loop",
                  "Parent Relationship": "Outer",
                  "Parallel Aware": false,
                  "Async Capable": false,
                  "Join Type": "Left",
                  "Startup Cost": 2.65,
                  "Total Cost": 24.71,
                  "Plan Rows": 1,
                  "Plan Width": 105,
                  "Inner Unique": true,
                  "Plans": [
                    {
                      "Node Type": "Bitmap Heap Scan",
                      "Parent Relationship": "Outer",
                      "Parallel Aware": false,
                      "Async Capable": false,
                      "Relation Name": "stocks_daily_info",
                      "Alias": "sdi",
                      "Startup Cost": 2.36,
                      "Total Cost": 20.4,
                      "Plan Rows": 1,
                      "Plan Width": 68,
                      "Recheck Cond": "(event_date = '2023-08-23'::date)",
                      "Filter": "((market_cap >= '407600000000'::numeric) AND (market = 'KOSDAQ'::text))",
                      "Plans": [
                        {
                          "Node Type": "Bitmap Index Scan",
                          "Parent Relationship": "Outer",
                          "Parallel Aware": false,
                          "Async Capable": false,
                          "Index Name": "idx_sdi_event_date",
                          "Startup Cost": 0.0,
                          "Total Cost": 2.36,
                          "Plan Rows": 10,
                          "Plan Width": 0,
                          "Index Cond": "(event_date = '2023-08-23'::date)"
                        }
                      ]
                    },
                    {
                      "Node Type": "Index Scan",
                      "Parent Relationship": "Inner",
                      "Parallel Aware": false,
                      "Async Capable": false,
                      "Scan Direction": "Forward",
                      "Index Name": "fundamentals_daily_pkey",
                      "Relation Name": "fundamentals_daily",
                      "Alias": "fd",
                      "Startup Cost": 0.29,
                      "Total Cost": 4.3,
                      "Plan Rows": 1,
                      "Plan Width": 55,
                      "Index Cond": "((event_date = '2023-08-23'::date) AND (ticker = sdi.ticker))"
                    }
                  ]
                }
              ]
            },
            {
              "Node Type": "Aggregate",
              "Strategy": "Plain",
              "Partial Mode": "Simple",
              "Parent Relationship": "SubPlan",
              "Subplan Name": "SubPlan 1",
              "Parallel Aware": false,
              "Async Capable": false,
              "Startup Cost": 4.27,
              "Total Cost": 4.28,
              "Plan Rows": 1,
              "Plan Width": 32,
              "Plans": [
                {
                  "Node Type": "Limit",
                  "Parent Relationship": "Outer",
                  "Parallel Aware": false,
                  "Async Capable": false,
                  "Startup Cost": 0.29,
                  "Total Cost": 4.25,
                  "Plan Rows": 1,
                  "Plan Width": 12,
                  "Plans": [
                    {
                      "Node Type": "Index Scan",
                      "Parent Relationship": "Outer",
                      "Parallel Aware": false,
                      "Async Capable": false,
                      "Scan Direction": "Backward",
                      "Index Name": "idx_finq_period_end",
                      "Relation Name": "financials_quarterly",
                      "Alias": "fq",
                      "Startup Cost": 0.29,
                      "Total Cost": 4.25,
                      "Plan Rows": 1,
                      "Plan Width": 12,
                      "Index Cond": "(period_end <= '2023-08-23'::date)",
                      "Filter": "((statement_type = ANY ('{IS_Q,CF_Q}'::text[])) AND (ticker = sdi.ticker) AND (item_name = 'NetIncome'::text))"
                    }
                  ]
                }
              ]
            }
          ]
        }
      ]
    }
  },
  "db_statistics": {
    "table_stats": {
      "stocks_daily_info": {
        "row_count": 12700,
        "size_mb": 1.71
      },
      "fundamentals_daily": {
        "row_count": 12080,
        "size_mb": 2.33
      },
      "financials_quarterly": {
        "row_count": 8634,
        "size_mb": 0.8
      }
    },
    "existing_indexes": [
      "backtest_results_pkey",
      "community_posts_pkey",
      "financials_quarterly_pkey",
      "fundamentals_daily_pkey",
      "idx_finq_period_end",
      "idx_finq_ticker",
      "idx_fund_event_date",
      "idx_fund_ticker",
      "idx_sdi_event_date",
      "idx_sdi_ticker",
      "ix_backtest_results_strategy_id",
      "ix_community_posts_author_id",
      "ix_community_posts_strategy_id",
      "ix_ml_models_owner_id",
      "ix_strategies_owner_id",
      "ix_users_email",
      "ml_models_pkey",
      "stocks_daily_info_pkey",
      "strategies_pkey",
      "users_pkey"
    ]
  }
}
---
{
  "workload_id": 3528,
  "metadata": {
    "strategy_template": "Value Investing Style",
    "ml_model_used": null
  },
  "sql_query": "SELECT fd.bps, fd.dividend_yield, fd.eps, fd.pbr, fd.per, sdi.close_price, sdi.company_name, sdi.ma_20d, sdi.market_cap, sdi.momentum_12m, sdi.momentum_3m, sdi.rsi_14, sdi.ticker, sdi.volatility_20d FROM stocks_daily_info sdi LEFT JOIN fundamentals_daily fd ON fd.ticker = sdi.ticker AND fd.event_date = sdi.event_date WHERE sdi.market = 'KOSPI' AND sdi.market_cap >= 315700000000 AND sdi.event_date = DATE '2023-05-16' ORDER BY fd.pbr desc, fd.per desc, fd.dividend_yield desc LIMIT 18;",
  "baseline_execution_plan": {
    "Plan": {
      "Node Type": "Limit",
      "Parallel Aware": false,
      "Async Capable": false,
      "Startup Cost": 24.72,
      "Total Cost": 24.73,
      "Plan Rows": 1,
      "Plan Width": 105,
      "Plans": [
        {
          "Node Type": "Sort",
          "Parent Relationship": "Outer",
          "Parallel Aware": false,
          "Async Capable": false,
          "Startup Cost": 24.72,
          "Total Cost": 24.73,
          "Plan Rows": 1,
          "Plan Width": 105,
          "Sort Key": [
            "fd.pbr DESC",
            "fd.per DESC",
            "fd.dividend_yield DESC"
          ],
          "Plans": [
            {
              "Node Type": "Nested Loop",
              "Parent Relationship": "Outer",
              "Parallel Aware": false,
              "Async Capable": false,
              "Join Type": "Left",
              "Startup Cost": 2.65,
              "Total Cost": 24.71,
              "Plan Rows": 1,
              "Plan Width": 105,
              "Inner Unique": true,
              "Plans": [
                {
                  "Node Type": "Bitmap Heap Scan",
                  "Parent Relationship": "Outer",
                  "Parallel Aware": false,
                  "Async Capable": false,
                  "Relation Name": "stocks_daily_info",
                  "Alias": "sdi",
                  "Startup Cost": 2.36,
                  "Total Cost": 20.4,
                  "Plan Rows": 1,
                  "Plan Width": 68,
                  "Recheck Cond": "(event_date = '2023-05-16'::date)",
                  "Filter": "((market_cap >= '315700000000'::numeric) AND (market = 'KOSPI'::text))",
                  "Plans": [
                    {
                      "Node Type": "Bitmap Index Scan",
                      "Parent Relationship": "Outer",
                      "Parallel Aware": false,
                      "Async Capable": false,
                      "Index Name": "idx_sdi_event_date",
                      "Startup Cost": 0.0,
                      "Total Cost": 2.36,
                      "Plan Rows": 10,
                      "Plan Width": 0,
                      "Index Cond": "(event_date = '2023-05-16'::date)"
                    }
                  ]
                },
                {
                  "Node Type": "Index Scan",
                  "Parent Relationship": "Inner",
                  "Parallel Aware": false,
                  "Async Capable": false,
                  "Scan Direction": "Forward",
                  "Index Name": "fundamentals_daily_pkey",
                  "Relation Name": "fundamentals_daily",
                  "Alias": "fd",
                  "Startup Cost": 0.29,
                  "Total Cost": 4.3,
                  "Plan Rows": 1,
                  "Plan Width": 55,
                  "Index Cond": "((event_date = '2023-05-16'::date) AND (ticker = sdi.ticker))"
                }
              ]
            }
          ]
        }
      ]
    }
  },
  "db_statistics": {
    "table_stats": {
      "stocks_daily_info": {
        "row_count": 12700,
        "size_mb": 1.71
      },
      "fundamentals_daily": {
        "row_count": 12080,
        "size_mb": 2.33
      },
      "financials_quarterly": {
        "row_count": 8634,
        "size_mb": 0.8
      }
    },
    "existing_indexes": [
      "backtest_results_pkey",
      "community_posts_pkey",
      "financials_quarterly_pkey",
      "fundamentals_daily_pkey",
      "idx_finq_period_end",
      "idx_finq_ticker",
      "idx_fund_event_date",
      "idx_fund_ticker",
      "idx_sdi_event_date",
      "idx_sdi_ticker",
      "ix_backtest_results_strategy_id",
      "ix_community_posts_author_id",
      "ix_community_posts_strategy_id",
      "ix_ml_models_owner_id",
      "ix_strategies_owner_id",
      "ix_users_email",
      "ml_models_pkey",
      "stocks_daily_info_pkey",
      "strategies_pkey",
      "users_pkey"
    ]
  }
}
---
{
  "workload_id": 3529,
  "metadata": {
    "strategy_template": "ML Hybrid Style",
    "ml_model_used": "Return Forecast Model"
  },
  "sql_query": "SELECT fd.bps, fd.dividend_yield, fd.eps, fd.pbr, fd.per, sdi.close_price, sdi.company_name, sdi.ma_20d, sdi.market_cap, sdi.momentum_12m, sdi.momentum_3m, sdi.rsi_14, sdi.ticker, sdi.volatility_20d FROM stocks_daily_info sdi LEFT JOIN fundamentals_daily fd ON fd.ticker = sdi.ticker AND fd.event_date = sdi.event_date WHERE sdi.market = 'KOSPI' AND sdi.market_cap >= 117000000000 AND sdi.event_date = DATE '2023-07-21' ORDER BY CASE sdi.ticker WHEN '000660.KS' THEN 1 WHEN '005930.KS' THEN 2 WHEN '068270.KQ' THEN 3 WHEN '207940.KS' THEN 4 WHEN '035420.KS' THEN 5 WHEN '005380.KS' THEN 6 WHEN '051910.KS' THEN 7 WHEN '012330.KS' THEN 8 WHEN '035720.KS' THEN 9 WHEN '105560.KS' THEN 10 ELSE 11 END LIMIT 38;",
  "baseline_execution_plan": {
    "Plan": {
      "Node Type": "Limit",
      "Parallel Aware": false,
      "Async Capable": false,
      "Startup Cost": 24.75,
      "Total Cost": 24.75,
      "Plan Rows": 1,
      "Plan Width": 109,
      "Plans": [
        {
          "Node Type": "Sort",
          "Parent Relationship": "Outer",
          "Parallel Aware": false,
          "Async Capable": false,
          "Startup Cost": 24.75,
          "Total Cost": 24.75,
          "Plan Rows": 1,
          "Plan Width": 109,
          "Sort Key": [
            "(CASE sdi.ticker WHEN '000660.KS'::text THEN 1 WHEN '005930.KS'::text THEN 2 WHEN '068270.KQ'::text THEN 3 WHEN '207940.KS'::text THEN 4 WHEN '035420.KS'::text THEN 5 WHEN '005380.KS'::text THEN 6 WHEN '051910.KS'::text THEN 7 WHEN '012330.KS'::text THEN 8 WHEN '035720.KS'::text THEN 9 WHEN '105560.KS'::text THEN 10 ELSE 11 END)"
          ],
          "Plans": [
            {
              "Node Type": "Nested Loop",
              "Parent Relationship": "Outer",
              "Parallel Aware": false,
              "Async Capable": false,
              "Join Type": "Left",
              "Startup Cost": 2.65,
              "Total Cost": 24.74,
              "Plan Rows": 1,
              "Plan Width": 109,
              "Inner Unique": true,
              "Plans": [
                {
                  "Node Type": "Bitmap Heap Scan",
                  "Parent Relationship": "Outer",
                  "Parallel Aware": false,
                  "Async Capable": false,
                  "Relation Name": "stocks_daily_info",
                  "Alias": "sdi",
                  "Startup Cost": 2.36,
                  "Total Cost": 20.4,
                  "Plan Rows": 1,
                  "Plan Width": 68,
                  "Recheck Cond": "(event_date = '2023-07-21'::date)",
                  "Filter": "((market_cap >= '117000000000'::numeric) AND (market = 'KOSPI'::text))",
                  "Plans": [
                    {
                      "Node Type": "Bitmap Index Scan",
                      "Parent Relationship": "Outer",
                      "Parallel Aware": false,
                      "Async Capable": false,
                      "Index Name": "idx_sdi_event_date",
                      "Startup Cost": 0.0,
                      "Total Cost": 2.36,
                      "Plan Rows": 10,
                      "Plan Width": 0,
                      "Index Cond": "(event_date = '2023-07-21'::date)"
                    }
                  ]
                },
                {
                  "Node Type": "Index Scan",
                  "Parent Relationship": "Inner",
                  "Parallel Aware": false,
                  "Async Capable": false,
                  "Scan Direction": "Forward",
                  "Index Name": "fundamentals_daily_pkey",
                  "Relation Name": "fundamentals_daily",
                  "Alias": "fd",
                  "Startup Cost": 0.29,
                  "Total Cost": 4.3,
                  "Plan Rows": 1,
                  "Plan Width": 55,
                  "Index Cond": "((event_date = '2023-07-21'::date) AND (ticker = sdi.ticker))"
                }
              ]
            }
          ]
        }
      ]
    }
  },
  "db_statistics": {
    "table_stats": {
      "stocks_daily_info": {
        "row_count": 12700,
        "size_mb": 1.71
      },
      "fundamentals_daily": {
        "row_count": 12080,
        "size_mb": 2.33
      },
      "financials_quarterly": {
        "row_count": 8634,
        "size_mb": 0.8
      }
    },
    "existing_indexes": [
      "backtest_results_pkey",
      "community_posts_pkey",
      "financials_quarterly_pkey",
      "fundamentals_daily_pkey",
      "idx_finq_period_end",
      "idx_finq_ticker",
      "idx_fund_event_date",
      "idx_fund_ticker",
      "idx_sdi_event_date",
      "idx_sdi_ticker",
      "ix_backtest_results_strategy_id",
      "ix_community_posts_author_id",
      "ix_community_posts_strategy_id",
      "ix_ml_models_owner_id",
      "ix_strategies_owner_id",
      "ix_users_email",
      "ml_models_pkey",
      "stocks_daily_info_pkey",
      "strategies_pkey",
      "users_pkey"
    ]
  }
}
---
{
  "workload_id": 3530,
  "metadata": {
    "strategy_template": "ML Hybrid Style",
    "ml_model_used": "Return Forecast Model"
  },
  "sql_query": "SELECT sdi.close_price, sdi.company_name, sdi.ma_20d, sdi.market_cap, sdi.momentum_12m, sdi.momentum_3m, sdi.rsi_14, sdi.ticker, sdi.volatility_20d FROM stocks_daily_info sdi WHERE sdi.market = 'KOSDAQ' AND sdi.market_cap >= 182900000000 AND sdi.event_date = DATE '2023-06-30' ORDER BY CASE sdi.ticker WHEN '000660.KS' THEN 1 WHEN '005930.KS' THEN 2 WHEN '068270.KQ' THEN 3 WHEN '207940.KS' THEN 4 WHEN '035420.KS' THEN 5 WHEN '005380.KS' THEN 6 WHEN '051910.KS' THEN 7 WHEN '012330.KS' THEN 8 WHEN '035720.KS' THEN 9 WHEN '105560.KS' THEN 10 ELSE 11 END LIMIT 18;",
  "baseline_execution_plan": {
    "Plan": {
      "Node Type": "Limit",
      "Parallel Aware": false,
      "Async Capable": false,
      "Startup Cost": 20.43,
      "Total Cost": 20.44,
      "Plan Rows": 1,
      "Plan Width": 68,
      "Plans": [
        {
          "Node Type": "Sort",
          "Parent Relationship": "Outer",
          "Parallel Aware": false,
          "Async Capable": false,
          "Startup Cost": 20.43,
          "Total Cost": 20.44,
          "Plan Rows": 1,
          "Plan Width": 68,
          "Sort Key": [
            "(CASE ticker WHEN '000660.KS'::text THEN 1 WHEN '005930.KS'::text THEN 2 WHEN '068270.KQ'::text THEN 3 WHEN '207940.KS'::text THEN 4 WHEN '035420.KS'::text THEN 5 WHEN '005380.KS'::text THEN 6 WHEN '051910.KS'::text THEN 7 WHEN '012330.KS'::text THEN 8 WHEN '035720.KS'::text THEN 9 WHEN '105560.KS'::text THEN 10 ELSE 11 END)"
          ],
          "Plans": [
            {
              "Node Type": "Bitmap Heap Scan",
              "Parent Relationship": "Outer",
              "Parallel Aware": false,
              "Async Capable": false,
              "Relation Name": "stocks_daily_info",
              "Alias": "sdi",
              "Startup Cost": 2.36,
              "Total Cost": 20.42,
              "Plan Rows": 1,
              "Plan Width": 68,
              "Recheck Cond": "(event_date = '2023-06-30'::date)",
              "Filter": "((market_cap >= '182900000000'::numeric) AND (market = 'KOSDAQ'::text))",
              "Plans": [
                {
                  "Node Type": "Bitmap Index Scan",
                  "Parent Relationship": "Outer",
                  "Parallel Aware": false,
                  "Async Capable": false,
                  "Index Name": "idx_sdi_event_date",
                  "Startup Cost": 0.0,
                  "Total Cost": 2.36,
                  "Plan Rows": 10,
                  "Plan Width": 0,
                  "Index Cond": "(event_date = '2023-06-30'::date)"
                }
              ]
            }
          ]
        }
      ]
    }
  },
  "db_statistics": {
    "table_stats": {
      "stocks_daily_info": {
        "row_count": 12700,
        "size_mb": 1.71
      },
      "fundamentals_daily": {
        "row_count": 12080,
        "size_mb": 2.33
      },
      "financials_quarterly": {
        "row_count": 8634,
        "size_mb": 0.8
      }
    },
    "existing_indexes": [
      "backtest_results_pkey",
      "community_posts_pkey",
      "financials_quarterly_pkey",
      "fundamentals_daily_pkey",
      "idx_finq_period_end",
      "idx_finq_ticker",
      "idx_fund_event_date",
      "idx_fund_ticker",
      "idx_sdi_event_date",
      "idx_sdi_ticker",
      "ix_backtest_results_strategy_id",
      "ix_community_posts_author_id",
      "ix_community_posts_strategy_id",
      "ix_ml_models_owner_id",
      "ix_strategies_owner_id",
      "ix_users_email",
      "ml_models_pkey",
      "stocks_daily_info_pkey",
      "strategies_pkey",
      "users_pkey"
    ]
  }
}
---
{
  "workload_id": 3531,
  "metadata": {
    "strategy_template": "Momentum Investing Style",
    "ml_model_used": null
  },
  "sql_query": "SELECT ( SELECT COALESCE(SUM(value), 0) FROM ( SELECT value FROM financials_quarterly fq WHERE fq.ticker = sdi.ticker AND fq.item_name = 'OperatingIncome' AND fq.statement_type IN ('IS_Q','CF_Q') AND fq.period_end <= DATE '2023-08-03' ORDER BY fq.period_end DESC LIMIT 4 ) as recent_quarters ) AS ttm_operatingincome , sdi.close_price, sdi.company_name, sdi.ma_20d, sdi.market_cap, sdi.momentum_12m, sdi.momentum_3m, sdi.rsi_14, sdi.ticker, sdi.volatility_20d FROM stocks_daily_info sdi WHERE sdi.market = 'KOSPI' AND sdi.market_cap >= 243700000000 AND sdi.event_date = DATE '2023-08-03' ORDER BY sdi.momentum_3m asc, sdi.momentum_12m desc, sdi.rsi_14 desc, sdi.volatility_20d desc LIMIT 24;",
  "baseline_execution_plan": {
    "Plan": {
      "Node Type": "Limit",
      "Parallel Aware": false,
      "Async Capable": false,
      "Startup Cost": 20.41,
      "Total Cost": 24.7,
      "Plan Rows": 1,
      "Plan Width": 96,
      "Plans": [
        {
          "Node Type": "Result",
          "Parent Relationship": "Outer",
          "Parallel Aware": false,
          "Async Capable": false,
          "Startup Cost": 20.41,
          "Total Cost": 24.7,
          "Plan Rows": 1,
          "Plan Width": 96,
          "Plans": [
            {
              "Node Type": "Sort",
              "Parent Relationship": "Outer",
              "Parallel Aware": false,
              "Async Capable": false,
              "Startup Cost": 20.41,
              "Total Cost": 20.41,
              "Plan Rows": 1,
              "Plan Width": 64,
              "Sort Key": [
                "sdi.momentum_3m",
                "sdi.momentum_12m DESC",
                "sdi.rsi_14 DESC",
                "sdi.volatility_20d DESC"
              ],
              "Plans": [
                {
                  "Node Type": "Bitmap Heap Scan",
                  "Parent Relationship": "Outer",
                  "Parallel Aware": false,
                  "Async Capable": false,
                  "Relation Name": "stocks_daily_info",
                  "Alias": "sdi",
                  "Startup Cost": 2.36,
                  "Total Cost": 20.4,
                  "Plan Rows": 1,
                  "Plan Width": 64,
                  "Recheck Cond": "(event_date = '2023-08-03'::date)",
                  "Filter": "((market_cap >= '243700000000'::numeric) AND (market = 'KOSPI'::text))",
                  "Plans": [
                    {
                      "Node Type": "Bitmap Index Scan",
                      "Parent Relationship": "Outer",
                      "Parallel Aware": false,
                      "Async Capable": false,
                      "Index Name": "idx_sdi_event_date",
                      "Startup Cost": 0.0,
                      "Total Cost": 2.36,
                      "Plan Rows": 10,
                      "Plan Width": 0,
                      "Index Cond": "(event_date = '2023-08-03'::date)"
                    }
                  ]
                }
              ]
            },
            {
              "Node Type": "Aggregate",
              "Strategy": "Plain",
              "Partial Mode": "Simple",
              "Parent Relationship": "SubPlan",
              "Subplan Name": "SubPlan 1",
              "Parallel Aware": false,
              "Async Capable": false,
              "Startup Cost": 4.27,
              "Total Cost": 4.28,
              "Plan Rows": 1,
              "Plan Width": 32,
              "Plans": [
                {
                  "Node Type": "Limit",
                  "Parent Relationship": "Outer",
                  "Parallel Aware": false,
                  "Async Capable": false,
                  "Startup Cost": 0.29,
                  "Total Cost": 4.25,
                  "Plan Rows": 1,
                  "Plan Width": 12,
                  "Plans": [
                    {
                      "Node Type": "Index Scan",
                      "Parent Relationship": "Outer",
                      "Parallel Aware": false,
                      "Async Capable": false,
                      "Scan Direction": "Backward",
                      "Index Name": "idx_finq_period_end",
                      "Relation Name": "financials_quarterly",
                      "Alias": "fq",
                      "Startup Cost": 0.29,
                      "Total Cost": 4.25,
                      "Plan Rows": 1,
                      "Plan Width": 12,
                      "Index Cond": "(period_end <= '2023-08-03'::date)",
                      "Filter": "((statement_type = ANY ('{IS_Q,CF_Q}'::text[])) AND (ticker = sdi.ticker) AND (item_name = 'OperatingIncome'::text))"
                    }
                  ]
                }
              ]
            }
          ]
        }
      ]
    }
  },
  "db_statistics": {
    "table_stats": {
      "stocks_daily_info": {
        "row_count": 12700,
        "size_mb": 1.71
      },
      "fundamentals_daily": {
        "row_count": 12080,
        "size_mb": 2.33
      },
      "financials_quarterly": {
        "row_count": 8634,
        "size_mb": 0.8
      }
    },
    "existing_indexes": [
      "backtest_results_pkey",
      "community_posts_pkey",
      "financials_quarterly_pkey",
      "fundamentals_daily_pkey",
      "idx_finq_period_end",
      "idx_finq_ticker",
      "idx_fund_event_date",
      "idx_fund_ticker",
      "idx_sdi_event_date",
      "idx_sdi_ticker",
      "ix_backtest_results_strategy_id",
      "ix_community_posts_author_id",
      "ix_community_posts_strategy_id",
      "ix_ml_models_owner_id",
      "ix_strategies_owner_id",
      "ix_users_email",
      "ml_models_pkey",
      "stocks_daily_info_pkey",
      "strategies_pkey",
      "users_pkey"
    ]
  }
}
---
{
  "workload_id": 3532,
  "metadata": {
    "strategy_template": "ML Hybrid Style",
    "ml_model_used": "Return Forecast Model"
  },
  "sql_query": "SELECT sdi.close_price, sdi.company_name, sdi.ma_20d, sdi.market_cap, sdi.momentum_12m, sdi.momentum_3m, sdi.rsi_14, sdi.ticker, sdi.volatility_20d FROM stocks_daily_info sdi WHERE sdi.market = 'KOSPI' AND sdi.market_cap >= 76500000000 AND sdi.event_date = DATE '2023-06-29' ORDER BY CASE sdi.ticker WHEN '000660.KS' THEN 1 WHEN '005930.KS' THEN 2 WHEN '068270.KQ' THEN 3 WHEN '207940.KS' THEN 4 WHEN '035420.KS' THEN 5 WHEN '005380.KS' THEN 6 WHEN '051910.KS' THEN 7 WHEN '012330.KS' THEN 8 WHEN '035720.KS' THEN 9 WHEN '105560.KS' THEN 10 ELSE 11 END LIMIT 19;",
  "baseline_execution_plan": {
    "Plan": {
      "Node Type": "Limit",
      "Parallel Aware": false,
      "Async Capable": false,
      "Startup Cost": 20.43,
      "Total Cost": 20.44,
      "Plan Rows": 1,
      "Plan Width": 68,
      "Plans": [
        {
          "Node Type": "Sort",
          "Parent Relationship": "Outer",
          "Parallel Aware": false,
          "Async Capable": false,
          "Startup Cost": 20.43,
          "Total Cost": 20.44,
          "Plan Rows": 1,
          "Plan Width": 68,
          "Sort Key": [
            "(CASE ticker WHEN '000660.KS'::text THEN 1 WHEN '005930.KS'::text THEN 2 WHEN '068270.KQ'::text THEN 3 WHEN '207940.KS'::text THEN 4 WHEN '035420.KS'::text THEN 5 WHEN '005380.KS'::text THEN 6 WHEN '051910.KS'::text THEN 7 WHEN '012330.KS'::text THEN 8 WHEN '035720.KS'::text THEN 9 WHEN '105560.KS'::text THEN 10 ELSE 11 END)"
          ],
          "Plans": [
            {
              "Node Type": "Bitmap Heap Scan",
              "Parent Relationship": "Outer",
              "Parallel Aware": false,
              "Async Capable": false,
              "Relation Name": "stocks_daily_info",
              "Alias": "sdi",
              "Startup Cost": 2.36,
              "Total Cost": 20.42,
              "Plan Rows": 1,
              "Plan Width": 68,
              "Recheck Cond": "(event_date = '2023-06-29'::date)",
              "Filter": "((market_cap >= '76500000000'::numeric) AND (market = 'KOSPI'::text))",
              "Plans": [
                {
                  "Node Type": "Bitmap Index Scan",
                  "Parent Relationship": "Outer",
                  "Parallel Aware": false,
                  "Async Capable": false,
                  "Index Name": "idx_sdi_event_date",
                  "Startup Cost": 0.0,
                  "Total Cost": 2.36,
                  "Plan Rows": 10,
                  "Plan Width": 0,
                  "Index Cond": "(event_date = '2023-06-29'::date)"
                }
              ]
            }
          ]
        }
      ]
    }
  },
  "db_statistics": {
    "table_stats": {
      "stocks_daily_info": {
        "row_count": 12700,
        "size_mb": 1.71
      },
      "fundamentals_daily": {
        "row_count": 12080,
        "size_mb": 2.33
      },
      "financials_quarterly": {
        "row_count": 8634,
        "size_mb": 0.8
      }
    },
    "existing_indexes": [
      "backtest_results_pkey",
      "community_posts_pkey",
      "financials_quarterly_pkey",
      "fundamentals_daily_pkey",
      "idx_finq_period_end",
      "idx_finq_ticker",
      "idx_fund_event_date",
      "idx_fund_ticker",
      "idx_sdi_event_date",
      "idx_sdi_ticker",
      "ix_backtest_results_strategy_id",
      "ix_community_posts_author_id",
      "ix_community_posts_strategy_id",
      "ix_ml_models_owner_id",
      "ix_strategies_owner_id",
      "ix_users_email",
      "ml_models_pkey",
      "stocks_daily_info_pkey",
      "strategies_pkey",
      "users_pkey"
    ]
  }
}
---
{
  "workload_id": 3533,
  "metadata": {
    "strategy_template": "Value Investing Style",
    "ml_model_used": null
  },
  "sql_query": "SELECT fd.bps, fd.dividend_yield, fd.eps, fd.pbr, fd.per, sdi.close_price, sdi.company_name, sdi.ma_20d, sdi.market_cap, sdi.momentum_12m, sdi.momentum_3m, sdi.rsi_14, sdi.ticker, sdi.volatility_20d FROM stocks_daily_info sdi LEFT JOIN fundamentals_daily fd ON fd.ticker = sdi.ticker AND fd.event_date = sdi.event_date WHERE sdi.market = 'KOSDAQ' AND sdi.market_cap >= 145900000000 AND sdi.event_date = DATE '2023-07-06' ORDER BY fd.pbr desc, fd.per desc LIMIT 38;",
  "baseline_execution_plan": {
    "Plan": {
      "Node Type": "Limit",
      "Parallel Aware": false,
      "Async Capable": false,
      "Startup Cost": 24.72,
      "Total Cost": 24.73,
      "Plan Rows": 1,
      "Plan Width": 105,
      "Plans": [
        {
          "Node Type": "Sort",
          "Parent Relationship": "Outer",
          "Parallel Aware": false,
          "Async Capable": false,
          "Startup Cost": 24.72,
          "Total Cost": 24.73,
          "Plan Rows": 1,
          "Plan Width": 105,
          "Sort Key": [
            "fd.pbr DESC",
            "fd.per DESC"
          ],
          "Plans": [
            {
              "Node Type": "Nested Loop",
              "Parent Relationship": "Outer",
              "Parallel Aware": false,
              "Async Capable": false,
              "Join Type": "Left",
              "Startup Cost": 2.65,
              "Total Cost": 24.71,
              "Plan Rows": 1,
              "Plan Width": 105,
              "Inner Unique": true,
              "Plans": [
                {
                  "Node Type": "Bitmap Heap Scan",
                  "Parent Relationship": "Outer",
                  "Parallel Aware": false,
                  "Async Capable": false,
                  "Relation Name": "stocks_daily_info",
                  "Alias": "sdi",
                  "Startup Cost": 2.36,
                  "Total Cost": 20.4,
                  "Plan Rows": 1,
                  "Plan Width": 68,
                  "Recheck Cond": "(event_date = '2023-07-06'::date)",
                  "Filter": "((market_cap >= '145900000000'::numeric) AND (market = 'KOSDAQ'::text))",
                  "Plans": [
                    {
                      "Node Type": "Bitmap Index Scan",
                      "Parent Relationship": "Outer",
                      "Parallel Aware": false,
                      "Async Capable": false,
                      "Index Name": "idx_sdi_event_date",
                      "Startup Cost": 0.0,
                      "Total Cost": 2.36,
                      "Plan Rows": 10,
                      "Plan Width": 0,
                      "Index Cond": "(event_date = '2023-07-06'::date)"
                    }
                  ]
                },
                {
                  "Node Type": "Index Scan",
                  "Parent Relationship": "Inner",
                  "Parallel Aware": false,
                  "Async Capable": false,
                  "Scan Direction": "Forward",
                  "Index Name": "fundamentals_daily_pkey",
                  "Relation Name": "fundamentals_daily",
                  "Alias": "fd",
                  "Startup Cost": 0.29,
                  "Total Cost": 4.3,
                  "Plan Rows": 1,
                  "Plan Width": 55,
                  "Index Cond": "((event_date = '2023-07-06'::date) AND (ticker = sdi.ticker))"
                }
              ]
            }
          ]
        }
      ]
    }
  },
  "db_statistics": {
    "table_stats": {
      "stocks_daily_info": {
        "row_count": 12700,
        "size_mb": 1.71
      },
      "fundamentals_daily": {
        "row_count": 12080,
        "size_mb": 2.33
      },
      "financials_quarterly": {
        "row_count": 8634,
        "size_mb": 0.8
      }
    },
    "existing_indexes": [
      "backtest_results_pkey",
      "community_posts_pkey",
      "financials_quarterly_pkey",
      "fundamentals_daily_pkey",
      "idx_finq_period_end",
      "idx_finq_ticker",
      "idx_fund_event_date",
      "idx_fund_ticker",
      "idx_sdi_event_date",
      "idx_sdi_ticker",
      "ix_backtest_results_strategy_id",
      "ix_community_posts_author_id",
      "ix_community_posts_strategy_id",
      "ix_ml_models_owner_id",
      "ix_strategies_owner_id",
      "ix_users_email",
      "ml_models_pkey",
      "stocks_daily_info_pkey",
      "strategies_pkey",
      "users_pkey"
    ]
  }
}
---
{
  "workload_id": 3534,
  "metadata": {
    "strategy_template": "Momentum Investing Style",
    "ml_model_used": null
  },
  "sql_query": "SELECT sdi.close_price, sdi.company_name, sdi.ma_20d, sdi.market_cap, sdi.momentum_12m, sdi.momentum_3m, sdi.rsi_14, sdi.ticker, sdi.volatility_20d FROM stocks_daily_info sdi WHERE sdi.market = 'KOSPI' AND sdi.market_cap >= 160900000000 AND sdi.event_date = DATE '2023-09-13' ORDER BY sdi.momentum_3m asc, sdi.momentum_12m desc, sdi.volatility_20d desc, sdi.rsi_14 asc LIMIT 29;",
  "baseline_execution_plan": {
    "Plan": {
      "Node Type": "Limit",
      "Parallel Aware": false,
      "Async Capable": false,
      "Startup Cost": 20.41,
      "Total Cost": 20.41,
      "Plan Rows": 1,
      "Plan Width": 64,
      "Plans": [
        {
          "Node Type": "Sort",
          "Parent Relationship": "Outer",
          "Parallel Aware": false,
          "Async Capable": false,
          "Startup Cost": 20.41,
          "Total Cost": 20.41,
          "Plan Rows": 1,
          "Plan Width": 64,
          "Sort Key": [
            "momentum_3m",
            "momentum_12m DESC",
            "volatility_20d DESC",
            "rsi_14"
          ],
          "Plans": [
            {
              "Node Type": "Bitmap Heap Scan",
              "Parent Relationship": "Outer",
              "Parallel Aware": false,
              "Async Capable": false,
              "Relation Name": "stocks_daily_info",
              "Alias": "sdi",
              "Startup Cost": 2.36,
              "Total Cost": 20.4,
              "Plan Rows": 1,
              "Plan Width": 64,
              "Recheck Cond": "(event_date = '2023-09-13'::date)",
              "Filter": "((market_cap >= '160900000000'::numeric) AND (market = 'KOSPI'::text))",
              "Plans": [
                {
                  "Node Type": "Bitmap Index Scan",
                  "Parent Relationship": "Outer",
                  "Parallel Aware": false,
                  "Async Capable": false,
                  "Index Name": "idx_sdi_event_date",
                  "Startup Cost": 0.0,
                  "Total Cost": 2.36,
                  "Plan Rows": 10,
                  "Plan Width": 0,
                  "Index Cond": "(event_date = '2023-09-13'::date)"
                }
              ]
            }
          ]
        }
      ]
    }
  },
  "db_statistics": {
    "table_stats": {
      "stocks_daily_info": {
        "row_count": 12700,
        "size_mb": 1.71
      },
      "fundamentals_daily": {
        "row_count": 12080,
        "size_mb": 2.33
      },
      "financials_quarterly": {
        "row_count": 8634,
        "size_mb": 0.8
      }
    },
    "existing_indexes": [
      "backtest_results_pkey",
      "community_posts_pkey",
      "financials_quarterly_pkey",
      "fundamentals_daily_pkey",
      "idx_finq_period_end",
      "idx_finq_ticker",
      "idx_fund_event_date",
      "idx_fund_ticker",
      "idx_sdi_event_date",
      "idx_sdi_ticker",
      "ix_backtest_results_strategy_id",
      "ix_community_posts_author_id",
      "ix_community_posts_strategy_id",
      "ix_ml_models_owner_id",
      "ix_strategies_owner_id",
      "ix_users_email",
      "ml_models_pkey",
      "stocks_daily_info_pkey",
      "strategies_pkey",
      "users_pkey"
    ]
  }
}
---
{
  "workload_id": 3535,
  "metadata": {
    "strategy_template": "Value Investing Style",
    "ml_model_used": null
  },
  "sql_query": "SELECT ( SELECT COALESCE(SUM(value), 0) FROM ( SELECT value FROM financials_quarterly fq WHERE fq.ticker = sdi.ticker AND fq.item_name = 'NetIncome' AND fq.statement_type IN ('IS_Q','CF_Q') AND fq.period_end <= DATE '2023-06-05' ORDER BY fq.period_end DESC LIMIT 4 ) as recent_quarters ) AS ttm_netincome , fd.bps, fd.dividend_yield, fd.eps, fd.pbr, fd.per, sdi.close_price, sdi.company_name, sdi.ma_20d, sdi.market_cap, sdi.momentum_12m, sdi.momentum_3m, sdi.rsi_14, sdi.ticker, sdi.volatility_20d FROM stocks_daily_info sdi LEFT JOIN fundamentals_daily fd ON fd.ticker = sdi.ticker AND fd.event_date = sdi.event_date WHERE sdi.market = 'KOSPI' AND sdi.market_cap >= 69900000000 AND sdi.event_date = DATE '2023-06-05' ORDER BY fd.pbr asc, fd.per desc LIMIT 26;",
  "baseline_execution_plan": {
    "Plan": {
      "Node Type": "Limit",
      "Parallel Aware": false,
      "Async Capable": false,
      "Startup Cost": 24.72,
      "Total Cost": 29.02,
      "Plan Rows": 1,
      "Plan Width": 137,
      "Plans": [
        {
          "Node Type": "Result",
          "Parent Relationship": "Outer",
          "Parallel Aware": false,
          "Async Capable": false,
          "Startup Cost": 24.72,
          "Total Cost": 29.02,
          "Plan Rows": 1,
          "Plan Width": 137,
          "Plans": [
            {
              "Node Type": "Sort",
              "Parent Relationship": "Outer",
              "Parallel Aware": false,
              "Async Capable": false,
              "Startup Cost": 24.72,
              "Total Cost": 24.73,
              "Plan Rows": 1,
              "Plan Width": 105,
              "Sort Key": [
                "fd.pbr",
                "fd.per DESC"
              ],
              "Plans": [
                {
                  "Node Type": "Nested Loop",
                  "Parent Relationship": "Outer",
                  "Parallel Aware": false,
                  "Async Capable": false,
                  "Join Type": "Left",
                  "Startup Cost": 2.65,
                  "Total Cost": 24.71,
                  "Plan Rows": 1,
                  "Plan Width": 105,
                  "Inner Unique": true,
                  "Plans": [
                    {
                      "Node Type": "Bitmap Heap Scan",
                      "Parent Relationship": "Outer",
                      "Parallel Aware": false,
                      "Async Capable": false,
                      "Relation Name": "stocks_daily_info",
                      "Alias": "sdi",
                      "Startup Cost": 2.36,
                      "Total Cost": 20.4,
                      "Plan Rows": 1,
                      "Plan Width": 68,
                      "Recheck Cond": "(event_date = '2023-06-05'::date)",
                      "Filter": "((market_cap >= '69900000000'::numeric) AND (market = 'KOSPI'::text))",
                      "Plans": [
                        {
                          "Node Type": "Bitmap Index Scan",
                          "Parent Relationship": "Outer",
                          "Parallel Aware": false,
                          "Async Capable": false,
                          "Index Name": "idx_sdi_event_date",
                          "Startup Cost": 0.0,
                          "Total Cost": 2.36,
                          "Plan Rows": 10,
                          "Plan Width": 0,
                          "Index Cond": "(event_date = '2023-06-05'::date)"
                        }
                      ]
                    },
                    {
                      "Node Type": "Index Scan",
                      "Parent Relationship": "Inner",
                      "Parallel Aware": false,
                      "Async Capable": false,
                      "Scan Direction": "Forward",
                      "Index Name": "fundamentals_daily_pkey",
                      "Relation Name": "fundamentals_daily",
                      "Alias": "fd",
                      "Startup Cost": 0.29,
                      "Total Cost": 4.3,
                      "Plan Rows": 1,
                      "Plan Width": 55,
                      "Index Cond": "((event_date = '2023-06-05'::date) AND (ticker = sdi.ticker))"
                    }
                  ]
                }
              ]
            },
            {
              "Node Type": "Aggregate",
              "Strategy": "Plain",
              "Partial Mode": "Simple",
              "Parent Relationship": "SubPlan",
              "Subplan Name": "SubPlan 1",
              "Parallel Aware": false,
              "Async Capable": false,
              "Startup Cost": 4.27,
              "Total Cost": 4.28,
              "Plan Rows": 1,
              "Plan Width": 32,
              "Plans": [
                {
                  "Node Type": "Limit",
                  "Parent Relationship": "Outer",
                  "Parallel Aware": false,
                  "Async Capable": false,
                  "Startup Cost": 0.29,
                  "Total Cost": 4.25,
                  "Plan Rows": 1,
                  "Plan Width": 12,
                  "Plans": [
                    {
                      "Node Type": "Index Scan",
                      "Parent Relationship": "Outer",
                      "Parallel Aware": false,
                      "Async Capable": false,
                      "Scan Direction": "Backward",
                      "Index Name": "idx_finq_period_end",
                      "Relation Name": "financials_quarterly",
                      "Alias": "fq",
                      "Startup Cost": 0.29,
                      "Total Cost": 4.25,
                      "Plan Rows": 1,
                      "Plan Width": 12,
                      "Index Cond": "(period_end <= '2023-06-05'::date)",
                      "Filter": "((statement_type = ANY ('{IS_Q,CF_Q}'::text[])) AND (ticker = sdi.ticker) AND (item_name = 'NetIncome'::text))"
                    }
                  ]
                }
              ]
            }
          ]
        }
      ]
    }
  },
  "db_statistics": {
    "table_stats": {
      "stocks_daily_info": {
        "row_count": 12700,
        "size_mb": 1.71
      },
      "fundamentals_daily": {
        "row_count": 12080,
        "size_mb": 2.33
      },
      "financials_quarterly": {
        "row_count": 8634,
        "size_mb": 0.8
      }
    },
    "existing_indexes": [
      "backtest_results_pkey",
      "community_posts_pkey",
      "financials_quarterly_pkey",
      "fundamentals_daily_pkey",
      "idx_finq_period_end",
      "idx_finq_ticker",
      "idx_fund_event_date",
      "idx_fund_ticker",
      "idx_sdi_event_date",
      "idx_sdi_ticker",
      "ix_backtest_results_strategy_id",
      "ix_community_posts_author_id",
      "ix_community_posts_strategy_id",
      "ix_ml_models_owner_id",
      "ix_strategies_owner_id",
      "ix_users_email",
      "ml_models_pkey",
      "stocks_daily_info_pkey",
      "strategies_pkey",
      "users_pkey"
    ]
  }
}
---
{
  "workload_id": 3536,
  "metadata": {
    "strategy_template": "Momentum Investing Style",
    "ml_model_used": null
  },
  "sql_query": "SELECT sdi.close_price, sdi.company_name, sdi.ma_20d, sdi.market_cap, sdi.momentum_12m, sdi.momentum_3m, sdi.rsi_14, sdi.ticker, sdi.volatility_20d FROM stocks_daily_info sdi WHERE sdi.market = 'KOSPI' AND sdi.market_cap >= 175100000000 AND sdi.event_date = DATE '2023-08-21' ORDER BY sdi.momentum_3m desc, sdi.momentum_12m asc, sdi.volatility_20d asc, sdi.rsi_14 desc LIMIT 16;",
  "baseline_execution_plan": {
    "Plan": {
      "Node Type": "Limit",
      "Parallel Aware": false,
      "Async Capable": false,
      "Startup Cost": 20.41,
      "Total Cost": 20.41,
      "Plan Rows": 1,
      "Plan Width": 64,
      "Plans": [
        {
          "Node Type": "Sort",
          "Parent Relationship": "Outer",
          "Parallel Aware": false,
          "Async Capable": false,
          "Startup Cost": 20.41,
          "Total Cost": 20.41,
          "Plan Rows": 1,
          "Plan Width": 64,
          "Sort Key": [
            "momentum_3m DESC",
            "momentum_12m",
            "volatility_20d",
            "rsi_14 DESC"
          ],
          "Plans": [
            {
              "Node Type": "Bitmap Heap Scan",
              "Parent Relationship": "Outer",
              "Parallel Aware": false,
              "Async Capable": false,
              "Relation Name": "stocks_daily_info",
              "Alias": "sdi",
              "Startup Cost": 2.36,
              "Total Cost": 20.4,
              "Plan Rows": 1,
              "Plan Width": 64,
              "Recheck Cond": "(event_date = '2023-08-21'::date)",
              "Filter": "((market_cap >= '175100000000'::numeric) AND (market = 'KOSPI'::text))",
              "Plans": [
                {
                  "Node Type": "Bitmap Index Scan",
                  "Parent Relationship": "Outer",
                  "Parallel Aware": false,
                  "Async Capable": false,
                  "Index Name": "idx_sdi_event_date",
                  "Startup Cost": 0.0,
                  "Total Cost": 2.36,
                  "Plan Rows": 10,
                  "Plan Width": 0,
                  "Index Cond": "(event_date = '2023-08-21'::date)"
                }
              ]
            }
          ]
        }
      ]
    }
  },
  "db_statistics": {
    "table_stats": {
      "stocks_daily_info": {
        "row_count": 12700,
        "size_mb": 1.71
      },
      "fundamentals_daily": {
        "row_count": 12080,
        "size_mb": 2.33
      },
      "financials_quarterly": {
        "row_count": 8634,
        "size_mb": 0.8
      }
    },
    "existing_indexes": [
      "backtest_results_pkey",
      "community_posts_pkey",
      "financials_quarterly_pkey",
      "fundamentals_daily_pkey",
      "idx_finq_period_end",
      "idx_finq_ticker",
      "idx_fund_event_date",
      "idx_fund_ticker",
      "idx_sdi_event_date",
      "idx_sdi_ticker",
      "ix_backtest_results_strategy_id",
      "ix_community_posts_author_id",
      "ix_community_posts_strategy_id",
      "ix_ml_models_owner_id",
      "ix_strategies_owner_id",
      "ix_users_email",
      "ml_models_pkey",
      "stocks_daily_info_pkey",
      "strategies_pkey",
      "users_pkey"
    ]
  }
}
---
{
  "workload_id": 3537,
  "metadata": {
    "strategy_template": "Value Investing Style",
    "ml_model_used": null
  },
  "sql_query": "SELECT fd.bps, fd.dividend_yield, fd.eps, fd.pbr, fd.per, sdi.close_price, sdi.company_name, sdi.ma_20d, sdi.market_cap, sdi.momentum_12m, sdi.momentum_3m, sdi.rsi_14, sdi.ticker, sdi.volatility_20d FROM stocks_daily_info sdi LEFT JOIN fundamentals_daily fd ON fd.ticker = sdi.ticker AND fd.event_date = sdi.event_date WHERE sdi.market = 'KOSDAQ' AND sdi.market_cap >= 414800000000 AND sdi.event_date = DATE '2023-06-09' ORDER BY fd.pbr asc, fd.per desc, fd.dividend_yield asc LIMIT 21;",
  "baseline_execution_plan": {
    "Plan": {
      "Node Type": "Limit",
      "Parallel Aware": false,
      "Async Capable": false,
      "Startup Cost": 24.72,
      "Total Cost": 24.73,
      "Plan Rows": 1,
      "Plan Width": 105,
      "Plans": [
        {
          "Node Type": "Sort",
          "Parent Relationship": "Outer",
          "Parallel Aware": false,
          "Async Capable": false,
          "Startup Cost": 24.72,
          "Total Cost": 24.73,
          "Plan Rows": 1,
          "Plan Width": 105,
          "Sort Key": [
            "fd.pbr",
            "fd.per DESC",
            "fd.dividend_yield"
          ],
          "Plans": [
            {
              "Node Type": "Nested Loop",
              "Parent Relationship": "Outer",
              "Parallel Aware": false,
              "Async Capable": false,
              "Join Type": "Left",
              "Startup Cost": 2.65,
              "Total Cost": 24.71,
              "Plan Rows": 1,
              "Plan Width": 105,
              "Inner Unique": true,
              "Plans": [
                {
                  "Node Type": "Bitmap Heap Scan",
                  "Parent Relationship": "Outer",
                  "Parallel Aware": false,
                  "Async Capable": false,
                  "Relation Name": "stocks_daily_info",
                  "Alias": "sdi",
                  "Startup Cost": 2.36,
                  "Total Cost": 20.4,
                  "Plan Rows": 1,
                  "Plan Width": 68,
                  "Recheck Cond": "(event_date = '2023-06-09'::date)",
                  "Filter": "((market_cap >= '414800000000'::numeric) AND (market = 'KOSDAQ'::text))",
                  "Plans": [
                    {
                      "Node Type": "Bitmap Index Scan",
                      "Parent Relationship": "Outer",
                      "Parallel Aware": false,
                      "Async Capable": false,
                      "Index Name": "idx_sdi_event_date",
                      "Startup Cost": 0.0,
                      "Total Cost": 2.36,
                      "Plan Rows": 10,
                      "Plan Width": 0,
                      "Index Cond": "(event_date = '2023-06-09'::date)"
                    }
                  ]
                },
                {
                  "Node Type": "Index Scan",
                  "Parent Relationship": "Inner",
                  "Parallel Aware": false,
                  "Async Capable": false,
                  "Scan Direction": "Forward",
                  "Index Name": "fundamentals_daily_pkey",
                  "Relation Name": "fundamentals_daily",
                  "Alias": "fd",
                  "Startup Cost": 0.29,
                  "Total Cost": 4.3,
                  "Plan Rows": 1,
                  "Plan Width": 55,
                  "Index Cond": "((event_date = '2023-06-09'::date) AND (ticker = sdi.ticker))"
                }
              ]
            }
          ]
        }
      ]
    }
  },
  "db_statistics": {
    "table_stats": {
      "stocks_daily_info": {
        "row_count": 12700,
        "size_mb": 1.71
      },
      "fundamentals_daily": {
        "row_count": 12080,
        "size_mb": 2.33
      },
      "financials_quarterly": {
        "row_count": 8634,
        "size_mb": 0.8
      }
    },
    "existing_indexes": [
      "backtest_results_pkey",
      "community_posts_pkey",
      "financials_quarterly_pkey",
      "fundamentals_daily_pkey",
      "idx_finq_period_end",
      "idx_finq_ticker",
      "idx_fund_event_date",
      "idx_fund_ticker",
      "idx_sdi_event_date",
      "idx_sdi_ticker",
      "ix_backtest_results_strategy_id",
      "ix_community_posts_author_id",
      "ix_community_posts_strategy_id",
      "ix_ml_models_owner_id",
      "ix_strategies_owner_id",
      "ix_users_email",
      "ml_models_pkey",
      "stocks_daily_info_pkey",
      "strategies_pkey",
      "users_pkey"
    ]
  }
}
---
{
  "workload_id": 3538,
  "metadata": {
    "strategy_template": "ML Hybrid Style",
    "ml_model_used": "Return Forecast Model"
  },
  "sql_query": "SELECT sdi.close_price, sdi.company_name, sdi.ma_20d, sdi.market_cap, sdi.momentum_12m, sdi.momentum_3m, sdi.rsi_14, sdi.ticker, sdi.volatility_20d FROM stocks_daily_info sdi WHERE sdi.market = 'KOSPI' AND sdi.market_cap >= 116300000000 AND sdi.event_date = DATE '2023-07-07' ORDER BY CASE sdi.ticker WHEN '000660.KS' THEN 1 WHEN '005930.KS' THEN 2 WHEN '068270.KQ' THEN 3 WHEN '207940.KS' THEN 4 WHEN '035420.KS' THEN 5 WHEN '005380.KS' THEN 6 WHEN '051910.KS' THEN 7 WHEN '012330.KS' THEN 8 WHEN '035720.KS' THEN 9 WHEN '105560.KS' THEN 10 ELSE 11 END LIMIT 45;",
  "baseline_execution_plan": {
    "Plan": {
      "Node Type": "Limit",
      "Parallel Aware": false,
      "Async Capable": false,
      "Startup Cost": 20.43,
      "Total Cost": 20.44,
      "Plan Rows": 1,
      "Plan Width": 68,
      "Plans": [
        {
          "Node Type": "Sort",
          "Parent Relationship": "Outer",
          "Parallel Aware": false,
          "Async Capable": false,
          "Startup Cost": 20.43,
          "Total Cost": 20.44,
          "Plan Rows": 1,
          "Plan Width": 68,
          "Sort Key": [
            "(CASE ticker WHEN '000660.KS'::text THEN 1 WHEN '005930.KS'::text THEN 2 WHEN '068270.KQ'::text THEN 3 WHEN '207940.KS'::text THEN 4 WHEN '035420.KS'::text THEN 5 WHEN '005380.KS'::text THEN 6 WHEN '051910.KS'::text THEN 7 WHEN '012330.KS'::text THEN 8 WHEN '035720.KS'::text THEN 9 WHEN '105560.KS'::text THEN 10 ELSE 11 END)"
          ],
          "Plans": [
            {
              "Node Type": "Bitmap Heap Scan",
              "Parent Relationship": "Outer",
              "Parallel Aware": false,
              "Async Capable": false,
              "Relation Name": "stocks_daily_info",
              "Alias": "sdi",
              "Startup Cost": 2.36,
              "Total Cost": 20.42,
              "Plan Rows": 1,
              "Plan Width": 68,
              "Recheck Cond": "(event_date = '2023-07-07'::date)",
              "Filter": "((market_cap >= '116300000000'::numeric) AND (market = 'KOSPI'::text))",
              "Plans": [
                {
                  "Node Type": "Bitmap Index Scan",
                  "Parent Relationship": "Outer",
                  "Parallel Aware": false,
                  "Async Capable": false,
                  "Index Name": "idx_sdi_event_date",
                  "Startup Cost": 0.0,
                  "Total Cost": 2.36,
                  "Plan Rows": 10,
                  "Plan Width": 0,
                  "Index Cond": "(event_date = '2023-07-07'::date)"
                }
              ]
            }
          ]
        }
      ]
    }
  },
  "db_statistics": {
    "table_stats": {
      "stocks_daily_info": {
        "row_count": 12700,
        "size_mb": 1.71
      },
      "fundamentals_daily": {
        "row_count": 12080,
        "size_mb": 2.33
      },
      "financials_quarterly": {
        "row_count": 8634,
        "size_mb": 0.8
      }
    },
    "existing_indexes": [
      "backtest_results_pkey",
      "community_posts_pkey",
      "financials_quarterly_pkey",
      "fundamentals_daily_pkey",
      "idx_finq_period_end",
      "idx_finq_ticker",
      "idx_fund_event_date",
      "idx_fund_ticker",
      "idx_sdi_event_date",
      "idx_sdi_ticker",
      "ix_backtest_results_strategy_id",
      "ix_community_posts_author_id",
      "ix_community_posts_strategy_id",
      "ix_ml_models_owner_id",
      "ix_strategies_owner_id",
      "ix_users_email",
      "ml_models_pkey",
      "stocks_daily_info_pkey",
      "strategies_pkey",
      "users_pkey"
    ]
  }
}
---
{
  "workload_id": 3539,
  "metadata": {
    "strategy_template": "Value Investing Style",
    "ml_model_used": null
  },
  "sql_query": "SELECT fd.bps, fd.dividend_yield, fd.eps, fd.pbr, fd.per, sdi.close_price, sdi.company_name, sdi.ma_20d, sdi.market_cap, sdi.momentum_12m, sdi.momentum_3m, sdi.rsi_14, sdi.ticker, sdi.volatility_20d FROM stocks_daily_info sdi LEFT JOIN fundamentals_daily fd ON fd.ticker = sdi.ticker AND fd.event_date = sdi.event_date WHERE sdi.market = 'KOSPI' AND sdi.market_cap >= 405400000000 AND sdi.event_date = DATE '2023-09-14' ORDER BY fd.pbr desc, fd.per asc LIMIT 37;",
  "baseline_execution_plan": {
    "Plan": {
      "Node Type": "Limit",
      "Parallel Aware": false,
      "Async Capable": false,
      "Startup Cost": 24.72,
      "Total Cost": 24.73,
      "Plan Rows": 1,
      "Plan Width": 105,
      "Plans": [
        {
          "Node Type": "Sort",
          "Parent Relationship": "Outer",
          "Parallel Aware": false,
          "Async Capable": false,
          "Startup Cost": 24.72,
          "Total Cost": 24.73,
          "Plan Rows": 1,
          "Plan Width": 105,
          "Sort Key": [
            "fd.pbr DESC",
            "fd.per"
          ],
          "Plans": [
            {
              "Node Type": "Nested Loop",
              "Parent Relationship": "Outer",
              "Parallel Aware": false,
              "Async Capable": false,
              "Join Type": "Left",
              "Startup Cost": 2.65,
              "Total Cost": 24.71,
              "Plan Rows": 1,
              "Plan Width": 105,
              "Inner Unique": true,
              "Plans": [
                {
                  "Node Type": "Bitmap Heap Scan",
                  "Parent Relationship": "Outer",
                  "Parallel Aware": false,
                  "Async Capable": false,
                  "Relation Name": "stocks_daily_info",
                  "Alias": "sdi",
                  "Startup Cost": 2.36,
                  "Total Cost": 20.4,
                  "Plan Rows": 1,
                  "Plan Width": 68,
                  "Recheck Cond": "(event_date = '2023-09-14'::date)",
                  "Filter": "((market_cap >= '405400000000'::numeric) AND (market = 'KOSPI'::text))",
                  "Plans": [
                    {
                      "Node Type": "Bitmap Index Scan",
                      "Parent Relationship": "Outer",
                      "Parallel Aware": false,
                      "Async Capable": false,
                      "Index Name": "idx_sdi_event_date",
                      "Startup Cost": 0.0,
                      "Total Cost": 2.36,
                      "Plan Rows": 10,
                      "Plan Width": 0,
                      "Index Cond": "(event_date = '2023-09-14'::date)"
                    }
                  ]
                },
                {
                  "Node Type": "Index Scan",
                  "Parent Relationship": "Inner",
                  "Parallel Aware": false,
                  "Async Capable": false,
                  "Scan Direction": "Forward",
                  "Index Name": "fundamentals_daily_pkey",
                  "Relation Name": "fundamentals_daily",
                  "Alias": "fd",
                  "Startup Cost": 0.29,
                  "Total Cost": 4.3,
                  "Plan Rows": 1,
                  "Plan Width": 55,
                  "Index Cond": "((event_date = '2023-09-14'::date) AND (ticker = sdi.ticker))"
                }
              ]
            }
          ]
        }
      ]
    }
  },
  "db_statistics": {
    "table_stats": {
      "stocks_daily_info": {
        "row_count": 12700,
        "size_mb": 1.71
      },
      "fundamentals_daily": {
        "row_count": 12080,
        "size_mb": 2.33
      },
      "financials_quarterly": {
        "row_count": 8634,
        "size_mb": 0.8
      }
    },
    "existing_indexes": [
      "backtest_results_pkey",
      "community_posts_pkey",
      "financials_quarterly_pkey",
      "fundamentals_daily_pkey",
      "idx_finq_period_end",
      "idx_finq_ticker",
      "idx_fund_event_date",
      "idx_fund_ticker",
      "idx_sdi_event_date",
      "idx_sdi_ticker",
      "ix_backtest_results_strategy_id",
      "ix_community_posts_author_id",
      "ix_community_posts_strategy_id",
      "ix_ml_models_owner_id",
      "ix_strategies_owner_id",
      "ix_users_email",
      "ml_models_pkey",
      "stocks_daily_info_pkey",
      "strategies_pkey",
      "users_pkey"
    ]
  }
}
---
{
  "workload_id": 3540,
  "metadata": {
    "strategy_template": "Value Investing Style",
    "ml_model_used": null
  },
  "sql_query": "SELECT fd.bps, fd.dividend_yield, fd.eps, fd.pbr, fd.per, sdi.close_price, sdi.company_name, sdi.ma_20d, sdi.market_cap, sdi.momentum_12m, sdi.momentum_3m, sdi.rsi_14, sdi.ticker, sdi.volatility_20d FROM stocks_daily_info sdi LEFT JOIN fundamentals_daily fd ON fd.ticker = sdi.ticker AND fd.event_date = sdi.event_date WHERE sdi.market = 'KOSPI' AND sdi.market_cap >= 274100000000 AND sdi.event_date = DATE '2023-08-29' ORDER BY fd.pbr asc, fd.per asc, fd.eps asc LIMIT 16;",
  "baseline_execution_plan": {
    "Plan": {
      "Node Type": "Limit",
      "Parallel Aware": false,
      "Async Capable": false,
      "Startup Cost": 24.72,
      "Total Cost": 24.73,
      "Plan Rows": 1,
      "Plan Width": 105,
      "Plans": [
        {
          "Node Type": "Sort",
          "Parent Relationship": "Outer",
          "Parallel Aware": false,
          "Async Capable": false,
          "Startup Cost": 24.72,
          "Total Cost": 24.73,
          "Plan Rows": 1,
          "Plan Width": 105,
          "Sort Key": [
            "fd.pbr",
            "fd.per",
            "fd.eps"
          ],
          "Plans": [
            {
              "Node Type": "Nested Loop",
              "Parent Relationship": "Outer",
              "Parallel Aware": false,
              "Async Capable": false,
              "Join Type": "Left",
              "Startup Cost": 2.65,
              "Total Cost": 24.71,
              "Plan Rows": 1,
              "Plan Width": 105,
              "Inner Unique": true,
              "Plans": [
                {
                  "Node Type": "Bitmap Heap Scan",
                  "Parent Relationship": "Outer",
                  "Parallel Aware": false,
                  "Async Capable": false,
                  "Relation Name": "stocks_daily_info",
                  "Alias": "sdi",
                  "Startup Cost": 2.36,
                  "Total Cost": 20.4,
                  "Plan Rows": 1,
                  "Plan Width": 68,
                  "Recheck Cond": "(event_date = '2023-08-29'::date)",
                  "Filter": "((market_cap >= '274100000000'::numeric) AND (market = 'KOSPI'::text))",
                  "Plans": [
                    {
                      "Node Type": "Bitmap Index Scan",
                      "Parent Relationship": "Outer",
                      "Parallel Aware": false,
                      "Async Capable": false,
                      "Index Name": "idx_sdi_event_date",
                      "Startup Cost": 0.0,
                      "Total Cost": 2.36,
                      "Plan Rows": 10,
                      "Plan Width": 0,
                      "Index Cond": "(event_date = '2023-08-29'::date)"
                    }
                  ]
                },
                {
                  "Node Type": "Index Scan",
                  "Parent Relationship": "Inner",
                  "Parallel Aware": false,
                  "Async Capable": false,
                  "Scan Direction": "Forward",
                  "Index Name": "fundamentals_daily_pkey",
                  "Relation Name": "fundamentals_daily",
                  "Alias": "fd",
                  "Startup Cost": 0.29,
                  "Total Cost": 4.3,
                  "Plan Rows": 1,
                  "Plan Width": 55,
                  "Index Cond": "((event_date = '2023-08-29'::date) AND (ticker = sdi.ticker))"
                }
              ]
            }
          ]
        }
      ]
    }
  },
  "db_statistics": {
    "table_stats": {
      "stocks_daily_info": {
        "row_count": 12700,
        "size_mb": 1.71
      },
      "fundamentals_daily": {
        "row_count": 12080,
        "size_mb": 2.33
      },
      "financials_quarterly": {
        "row_count": 8634,
        "size_mb": 0.8
      }
    },
    "existing_indexes": [
      "backtest_results_pkey",
      "community_posts_pkey",
      "financials_quarterly_pkey",
      "fundamentals_daily_pkey",
      "idx_finq_period_end",
      "idx_finq_ticker",
      "idx_fund_event_date",
      "idx_fund_ticker",
      "idx_sdi_event_date",
      "idx_sdi_ticker",
      "ix_backtest_results_strategy_id",
      "ix_community_posts_author_id",
      "ix_community_posts_strategy_id",
      "ix_ml_models_owner_id",
      "ix_strategies_owner_id",
      "ix_users_email",
      "ml_models_pkey",
      "stocks_daily_info_pkey",
      "strategies_pkey",
      "users_pkey"
    ]
  }
}
---
{
  "workload_id": 3541,
  "metadata": {
    "strategy_template": "Momentum Investing Style",
    "ml_model_used": null
  },
  "sql_query": "SELECT sdi.close_price, sdi.company_name, sdi.ma_20d, sdi.market_cap, sdi.momentum_12m, sdi.momentum_3m, sdi.rsi_14, sdi.ticker, sdi.volatility_20d FROM stocks_daily_info sdi WHERE sdi.market = 'KOSPI' AND sdi.market_cap >= 349100000000 AND sdi.event_date = DATE '2023-08-30' ORDER BY sdi.momentum_3m desc, sdi.momentum_12m desc, sdi.volatility_20d asc, sdi.rsi_14 desc LIMIT 11;",
  "baseline_execution_plan": {
    "Plan": {
      "Node Type": "Limit",
      "Parallel Aware": false,
      "Async Capable": false,
      "Startup Cost": 20.41,
      "Total Cost": 20.41,
      "Plan Rows": 1,
      "Plan Width": 64,
      "Plans": [
        {
          "Node Type": "Sort",
          "Parent Relationship": "Outer",
          "Parallel Aware": false,
          "Async Capable": false,
          "Startup Cost": 20.41,
          "Total Cost": 20.41,
          "Plan Rows": 1,
          "Plan Width": 64,
          "Sort Key": [
            "momentum_3m DESC",
            "momentum_12m DESC",
            "volatility_20d",
            "rsi_14 DESC"
          ],
          "Plans": [
            {
              "Node Type": "Bitmap Heap Scan",
              "Parent Relationship": "Outer",
              "Parallel Aware": false,
              "Async Capable": false,
              "Relation Name": "stocks_daily_info",
              "Alias": "sdi",
              "Startup Cost": 2.36,
              "Total Cost": 20.4,
              "Plan Rows": 1,
              "Plan Width": 64,
              "Recheck Cond": "(event_date = '2023-08-30'::date)",
              "Filter": "((market_cap >= '349100000000'::numeric) AND (market = 'KOSPI'::text))",
              "Plans": [
                {
                  "Node Type": "Bitmap Index Scan",
                  "Parent Relationship": "Outer",
                  "Parallel Aware": false,
                  "Async Capable": false,
                  "Index Name": "idx_sdi_event_date",
                  "Startup Cost": 0.0,
                  "Total Cost": 2.36,
                  "Plan Rows": 10,
                  "Plan Width": 0,
                  "Index Cond": "(event_date = '2023-08-30'::date)"
                }
              ]
            }
          ]
        }
      ]
    }
  },
  "db_statistics": {
    "table_stats": {
      "stocks_daily_info": {
        "row_count": 12700,
        "size_mb": 1.71
      },
      "fundamentals_daily": {
        "row_count": 12080,
        "size_mb": 2.33
      },
      "financials_quarterly": {
        "row_count": 8634,
        "size_mb": 0.8
      }
    },
    "existing_indexes": [
      "backtest_results_pkey",
      "community_posts_pkey",
      "financials_quarterly_pkey",
      "fundamentals_daily_pkey",
      "idx_finq_period_end",
      "idx_finq_ticker",
      "idx_fund_event_date",
      "idx_fund_ticker",
      "idx_sdi_event_date",
      "idx_sdi_ticker",
      "ix_backtest_results_strategy_id",
      "ix_community_posts_author_id",
      "ix_community_posts_strategy_id",
      "ix_ml_models_owner_id",
      "ix_strategies_owner_id",
      "ix_users_email",
      "ml_models_pkey",
      "stocks_daily_info_pkey",
      "strategies_pkey",
      "users_pkey"
    ]
  }
}
---
{
  "workload_id": 3542,
  "metadata": {
    "strategy_template": "ML Hybrid Style",
    "ml_model_used": "Return Forecast Model"
  },
  "sql_query": "SELECT fd.bps, fd.dividend_yield, fd.eps, fd.pbr, fd.per, sdi.close_price, sdi.company_name, sdi.ma_20d, sdi.market_cap, sdi.momentum_12m, sdi.momentum_3m, sdi.rsi_14, sdi.ticker, sdi.volatility_20d FROM stocks_daily_info sdi LEFT JOIN fundamentals_daily fd ON fd.ticker = sdi.ticker AND fd.event_date = sdi.event_date WHERE sdi.market = 'KOSDAQ' AND sdi.market_cap >= 243800000000 AND sdi.event_date = DATE '2023-09-26' ORDER BY CASE sdi.ticker WHEN '000660.KS' THEN 1 WHEN '005930.KS' THEN 2 WHEN '068270.KQ' THEN 3 WHEN '207940.KS' THEN 4 WHEN '035420.KS' THEN 5 WHEN '005380.KS' THEN 6 WHEN '051910.KS' THEN 7 WHEN '012330.KS' THEN 8 WHEN '035720.KS' THEN 9 WHEN '105560.KS' THEN 10 ELSE 11 END LIMIT 22;",
  "baseline_execution_plan": {
    "Plan": {
      "Node Type": "Limit",
      "Parallel Aware": false,
      "Async Capable": false,
      "Startup Cost": 24.75,
      "Total Cost": 24.75,
      "Plan Rows": 1,
      "Plan Width": 109,
      "Plans": [
        {
          "Node Type": "Sort",
          "Parent Relationship": "Outer",
          "Parallel Aware": false,
          "Async Capable": false,
          "Startup Cost": 24.75,
          "Total Cost": 24.75,
          "Plan Rows": 1,
          "Plan Width": 109,
          "Sort Key": [
            "(CASE sdi.ticker WHEN '000660.KS'::text THEN 1 WHEN '005930.KS'::text THEN 2 WHEN '068270.KQ'::text THEN 3 WHEN '207940.KS'::text THEN 4 WHEN '035420.KS'::text THEN 5 WHEN '005380.KS'::text THEN 6 WHEN '051910.KS'::text THEN 7 WHEN '012330.KS'::text THEN 8 WHEN '035720.KS'::text THEN 9 WHEN '105560.KS'::text THEN 10 ELSE 11 END)"
          ],
          "Plans": [
            {
              "Node Type": "Nested Loop",
              "Parent Relationship": "Outer",
              "Parallel Aware": false,
              "Async Capable": false,
              "Join Type": "Left",
              "Startup Cost": 2.65,
              "Total Cost": 24.74,
              "Plan Rows": 1,
              "Plan Width": 109,
              "Inner Unique": true,
              "Plans": [
                {
                  "Node Type": "Bitmap Heap Scan",
                  "Parent Relationship": "Outer",
                  "Parallel Aware": false,
                  "Async Capable": false,
                  "Relation Name": "stocks_daily_info",
                  "Alias": "sdi",
                  "Startup Cost": 2.36,
                  "Total Cost": 20.4,
                  "Plan Rows": 1,
                  "Plan Width": 68,
                  "Recheck Cond": "(event_date = '2023-09-26'::date)",
                  "Filter": "((market_cap >= '243800000000'::numeric) AND (market = 'KOSDAQ'::text))",
                  "Plans": [
                    {
                      "Node Type": "Bitmap Index Scan",
                      "Parent Relationship": "Outer",
                      "Parallel Aware": false,
                      "Async Capable": false,
                      "Index Name": "idx_sdi_event_date",
                      "Startup Cost": 0.0,
                      "Total Cost": 2.36,
                      "Plan Rows": 10,
                      "Plan Width": 0,
                      "Index Cond": "(event_date = '2023-09-26'::date)"
                    }
                  ]
                },
                {
                  "Node Type": "Index Scan",
                  "Parent Relationship": "Inner",
                  "Parallel Aware": false,
                  "Async Capable": false,
                  "Scan Direction": "Forward",
                  "Index Name": "fundamentals_daily_pkey",
                  "Relation Name": "fundamentals_daily",
                  "Alias": "fd",
                  "Startup Cost": 0.29,
                  "Total Cost": 4.3,
                  "Plan Rows": 1,
                  "Plan Width": 55,
                  "Index Cond": "((event_date = '2023-09-26'::date) AND (ticker = sdi.ticker))"
                }
              ]
            }
          ]
        }
      ]
    }
  },
  "db_statistics": {
    "table_stats": {
      "stocks_daily_info": {
        "row_count": 12700,
        "size_mb": 1.71
      },
      "fundamentals_daily": {
        "row_count": 12080,
        "size_mb": 2.33
      },
      "financials_quarterly": {
        "row_count": 8634,
        "size_mb": 0.8
      }
    },
    "existing_indexes": [
      "backtest_results_pkey",
      "community_posts_pkey",
      "financials_quarterly_pkey",
      "fundamentals_daily_pkey",
      "idx_finq_period_end",
      "idx_finq_ticker",
      "idx_fund_event_date",
      "idx_fund_ticker",
      "idx_sdi_event_date",
      "idx_sdi_ticker",
      "ix_backtest_results_strategy_id",
      "ix_community_posts_author_id",
      "ix_community_posts_strategy_id",
      "ix_ml_models_owner_id",
      "ix_strategies_owner_id",
      "ix_users_email",
      "ml_models_pkey",
      "stocks_daily_info_pkey",
      "strategies_pkey",
      "users_pkey"
    ]
  }
}
---
{
  "workload_id": 3543,
  "metadata": {
    "strategy_template": "Momentum Investing Style",
    "ml_model_used": null
  },
  "sql_query": "SELECT sdi.close_price, sdi.company_name, sdi.ma_20d, sdi.market_cap, sdi.momentum_12m, sdi.momentum_3m, sdi.rsi_14, sdi.ticker, sdi.volatility_20d FROM stocks_daily_info sdi WHERE sdi.market = 'KOSPI' AND sdi.market_cap >= 216500000000 AND sdi.event_date = DATE '2023-09-18' ORDER BY sdi.momentum_3m asc, sdi.momentum_12m asc, sdi.rsi_14 desc LIMIT 22;",
  "baseline_execution_plan": {
    "Plan": {
      "Node Type": "Limit",
      "Parallel Aware": false,
      "Async Capable": false,
      "Startup Cost": 20.41,
      "Total Cost": 20.41,
      "Plan Rows": 1,
      "Plan Width": 64,
      "Plans": [
        {
          "Node Type": "Sort",
          "Parent Relationship": "Outer",
          "Parallel Aware": false,
          "Async Capable": false,
          "Startup Cost": 20.41,
          "Total Cost": 20.41,
          "Plan Rows": 1,
          "Plan Width": 64,
          "Sort Key": [
            "momentum_3m",
            "momentum_12m",
            "rsi_14 DESC"
          ],
          "Plans": [
            {
              "Node Type": "Bitmap Heap Scan",
              "Parent Relationship": "Outer",
              "Parallel Aware": false,
              "Async Capable": false,
              "Relation Name": "stocks_daily_info",
              "Alias": "sdi",
              "Startup Cost": 2.36,
              "Total Cost": 20.4,
              "Plan Rows": 1,
              "Plan Width": 64,
              "Recheck Cond": "(event_date = '2023-09-18'::date)",
              "Filter": "((market_cap >= '216500000000'::numeric) AND (market = 'KOSPI'::text))",
              "Plans": [
                {
                  "Node Type": "Bitmap Index Scan",
                  "Parent Relationship": "Outer",
                  "Parallel Aware": false,
                  "Async Capable": false,
                  "Index Name": "idx_sdi_event_date",
                  "Startup Cost": 0.0,
                  "Total Cost": 2.36,
                  "Plan Rows": 10,
                  "Plan Width": 0,
                  "Index Cond": "(event_date = '2023-09-18'::date)"
                }
              ]
            }
          ]
        }
      ]
    }
  },
  "db_statistics": {
    "table_stats": {
      "stocks_daily_info": {
        "row_count": 12700,
        "size_mb": 1.71
      },
      "fundamentals_daily": {
        "row_count": 12080,
        "size_mb": 2.33
      },
      "financials_quarterly": {
        "row_count": 8634,
        "size_mb": 0.8
      }
    },
    "existing_indexes": [
      "backtest_results_pkey",
      "community_posts_pkey",
      "financials_quarterly_pkey",
      "fundamentals_daily_pkey",
      "idx_finq_period_end",
      "idx_finq_ticker",
      "idx_fund_event_date",
      "idx_fund_ticker",
      "idx_sdi_event_date",
      "idx_sdi_ticker",
      "ix_backtest_results_strategy_id",
      "ix_community_posts_author_id",
      "ix_community_posts_strategy_id",
      "ix_ml_models_owner_id",
      "ix_strategies_owner_id",
      "ix_users_email",
      "ml_models_pkey",
      "stocks_daily_info_pkey",
      "strategies_pkey",
      "users_pkey"
    ]
  }
}
---
{
  "workload_id": 3544,
  "metadata": {
    "strategy_template": "Value Investing Style",
    "ml_model_used": null
  },
  "sql_query": "SELECT fd.bps, fd.dividend_yield, fd.eps, fd.pbr, fd.per, sdi.close_price, sdi.company_name, sdi.ma_20d, sdi.market_cap, sdi.momentum_12m, sdi.momentum_3m, sdi.rsi_14, sdi.ticker, sdi.volatility_20d FROM stocks_daily_info sdi LEFT JOIN fundamentals_daily fd ON fd.ticker = sdi.ticker AND fd.event_date = sdi.event_date WHERE sdi.market = 'KOSPI' AND sdi.market_cap >= 460600000000 AND sdi.event_date = DATE '2023-05-20' ORDER BY fd.pbr desc, fd.per desc, fd.dividend_yield asc LIMIT 26;",
  "baseline_execution_plan": {
    "Plan": {
      "Node Type": "Limit",
      "Parallel Aware": false,
      "Async Capable": false,
      "Startup Cost": 24.72,
      "Total Cost": 24.73,
      "Plan Rows": 1,
      "Plan Width": 105,
      "Plans": [
        {
          "Node Type": "Sort",
          "Parent Relationship": "Outer",
          "Parallel Aware": false,
          "Async Capable": false,
          "Startup Cost": 24.72,
          "Total Cost": 24.73,
          "Plan Rows": 1,
          "Plan Width": 105,
          "Sort Key": [
            "fd.pbr DESC",
            "fd.per DESC",
            "fd.dividend_yield"
          ],
          "Plans": [
            {
              "Node Type": "Nested Loop",
              "Parent Relationship": "Outer",
              "Parallel Aware": false,
              "Async Capable": false,
              "Join Type": "Left",
              "Startup Cost": 2.65,
              "Total Cost": 24.71,
              "Plan Rows": 1,
              "Plan Width": 105,
              "Inner Unique": true,
              "Plans": [
                {
                  "Node Type": "Bitmap Heap Scan",
                  "Parent Relationship": "Outer",
                  "Parallel Aware": false,
                  "Async Capable": false,
                  "Relation Name": "stocks_daily_info",
                  "Alias": "sdi",
                  "Startup Cost": 2.36,
                  "Total Cost": 20.4,
                  "Plan Rows": 1,
                  "Plan Width": 68,
                  "Recheck Cond": "(event_date = '2023-05-20'::date)",
                  "Filter": "((market_cap >= '460600000000'::numeric) AND (market = 'KOSPI'::text))",
                  "Plans": [
                    {
                      "Node Type": "Bitmap Index Scan",
                      "Parent Relationship": "Outer",
                      "Parallel Aware": false,
                      "Async Capable": false,
                      "Index Name": "idx_sdi_event_date",
                      "Startup Cost": 0.0,
                      "Total Cost": 2.36,
                      "Plan Rows": 10,
                      "Plan Width": 0,
                      "Index Cond": "(event_date = '2023-05-20'::date)"
                    }
                  ]
                },
                {
                  "Node Type": "Index Scan",
                  "Parent Relationship": "Inner",
                  "Parallel Aware": false,
                  "Async Capable": false,
                  "Scan Direction": "Forward",
                  "Index Name": "fundamentals_daily_pkey",
                  "Relation Name": "fundamentals_daily",
                  "Alias": "fd",
                  "Startup Cost": 0.29,
                  "Total Cost": 4.3,
                  "Plan Rows": 1,
                  "Plan Width": 55,
                  "Index Cond": "((event_date = '2023-05-20'::date) AND (ticker = sdi.ticker))"
                }
              ]
            }
          ]
        }
      ]
    }
  },
  "db_statistics": {
    "table_stats": {
      "stocks_daily_info": {
        "row_count": 12700,
        "size_mb": 1.71
      },
      "fundamentals_daily": {
        "row_count": 12080,
        "size_mb": 2.33
      },
      "financials_quarterly": {
        "row_count": 8634,
        "size_mb": 0.8
      }
    },
    "existing_indexes": [
      "backtest_results_pkey",
      "community_posts_pkey",
      "financials_quarterly_pkey",
      "fundamentals_daily_pkey",
      "idx_finq_period_end",
      "idx_finq_ticker",
      "idx_fund_event_date",
      "idx_fund_ticker",
      "idx_sdi_event_date",
      "idx_sdi_ticker",
      "ix_backtest_results_strategy_id",
      "ix_community_posts_author_id",
      "ix_community_posts_strategy_id",
      "ix_ml_models_owner_id",
      "ix_strategies_owner_id",
      "ix_users_email",
      "ml_models_pkey",
      "stocks_daily_info_pkey",
      "strategies_pkey",
      "users_pkey"
    ]
  }
}
---
{
  "workload_id": 3545,
  "metadata": {
    "strategy_template": "Value Investing Style",
    "ml_model_used": null
  },
  "sql_query": "SELECT fd.bps, fd.dividend_yield, fd.eps, fd.pbr, fd.per, sdi.close_price, sdi.company_name, sdi.ma_20d, sdi.market_cap, sdi.momentum_12m, sdi.momentum_3m, sdi.rsi_14, sdi.ticker, sdi.volatility_20d FROM stocks_daily_info sdi LEFT JOIN fundamentals_daily fd ON fd.ticker = sdi.ticker AND fd.event_date = sdi.event_date WHERE sdi.market = 'KOSPI' AND sdi.market_cap >= 98100000000 AND sdi.event_date = DATE '2023-07-26' ORDER BY fd.pbr asc, fd.per desc, fd.eps desc, fd.dividend_yield asc LIMIT 44;",
  "baseline_execution_plan": {
    "Plan": {
      "Node Type": "Limit",
      "Parallel Aware": false,
      "Async Capable": false,
      "Startup Cost": 24.72,
      "Total Cost": 24.73,
      "Plan Rows": 1,
      "Plan Width": 105,
      "Plans": [
        {
          "Node Type": "Sort",
          "Parent Relationship": "Outer",
          "Parallel Aware": false,
          "Async Capable": false,
          "Startup Cost": 24.72,
          "Total Cost": 24.73,
          "Plan Rows": 1,
          "Plan Width": 105,
          "Sort Key": [
            "fd.pbr",
            "fd.per DESC",
            "fd.eps DESC",
            "fd.dividend_yield"
          ],
          "Plans": [
            {
              "Node Type": "Nested Loop",
              "Parent Relationship": "Outer",
              "Parallel Aware": false,
              "Async Capable": false,
              "Join Type": "Left",
              "Startup Cost": 2.65,
              "Total Cost": 24.71,
              "Plan Rows": 1,
              "Plan Width": 105,
              "Inner Unique": true,
              "Plans": [
                {
                  "Node Type": "Bitmap Heap Scan",
                  "Parent Relationship": "Outer",
                  "Parallel Aware": false,
                  "Async Capable": false,
                  "Relation Name": "stocks_daily_info",
                  "Alias": "sdi",
                  "Startup Cost": 2.36,
                  "Total Cost": 20.4,
                  "Plan Rows": 1,
                  "Plan Width": 68,
                  "Recheck Cond": "(event_date = '2023-07-26'::date)",
                  "Filter": "((market_cap >= '98100000000'::numeric) AND (market = 'KOSPI'::text))",
                  "Plans": [
                    {
                      "Node Type": "Bitmap Index Scan",
                      "Parent Relationship": "Outer",
                      "Parallel Aware": false,
                      "Async Capable": false,
                      "Index Name": "idx_sdi_event_date",
                      "Startup Cost": 0.0,
                      "Total Cost": 2.36,
                      "Plan Rows": 10,
                      "Plan Width": 0,
                      "Index Cond": "(event_date = '2023-07-26'::date)"
                    }
                  ]
                },
                {
                  "Node Type": "Index Scan",
                  "Parent Relationship": "Inner",
                  "Parallel Aware": false,
                  "Async Capable": false,
                  "Scan Direction": "Forward",
                  "Index Name": "fundamentals_daily_pkey",
                  "Relation Name": "fundamentals_daily",
                  "Alias": "fd",
                  "Startup Cost": 0.29,
                  "Total Cost": 4.3,
                  "Plan Rows": 1,
                  "Plan Width": 55,
                  "Index Cond": "((event_date = '2023-07-26'::date) AND (ticker = sdi.ticker))"
                }
              ]
            }
          ]
        }
      ]
    }
  },
  "db_statistics": {
    "table_stats": {
      "stocks_daily_info": {
        "row_count": 12700,
        "size_mb": 1.71
      },
      "fundamentals_daily": {
        "row_count": 12080,
        "size_mb": 2.33
      },
      "financials_quarterly": {
        "row_count": 8634,
        "size_mb": 0.8
      }
    },
    "existing_indexes": [
      "backtest_results_pkey",
      "community_posts_pkey",
      "financials_quarterly_pkey",
      "fundamentals_daily_pkey",
      "idx_finq_period_end",
      "idx_finq_ticker",
      "idx_fund_event_date",
      "idx_fund_ticker",
      "idx_sdi_event_date",
      "idx_sdi_ticker",
      "ix_backtest_results_strategy_id",
      "ix_community_posts_author_id",
      "ix_community_posts_strategy_id",
      "ix_ml_models_owner_id",
      "ix_strategies_owner_id",
      "ix_users_email",
      "ml_models_pkey",
      "stocks_daily_info_pkey",
      "strategies_pkey",
      "users_pkey"
    ]
  }
}
---
{
  "workload_id": 3546,
  "metadata": {
    "strategy_template": "ML Hybrid Style",
    "ml_model_used": "Return Forecast Model"
  },
  "sql_query": "SELECT fd.bps, fd.dividend_yield, fd.eps, fd.pbr, fd.per, sdi.close_price, sdi.company_name, sdi.ma_20d, sdi.market_cap, sdi.momentum_12m, sdi.momentum_3m, sdi.rsi_14, sdi.ticker, sdi.volatility_20d FROM stocks_daily_info sdi LEFT JOIN fundamentals_daily fd ON fd.ticker = sdi.ticker AND fd.event_date = sdi.event_date WHERE sdi.market = 'KOSPI' AND sdi.market_cap >= 367000000000 AND sdi.event_date = DATE '2023-09-13' ORDER BY CASE sdi.ticker WHEN '000660.KS' THEN 1 WHEN '005930.KS' THEN 2 WHEN '068270.KQ' THEN 3 WHEN '207940.KS' THEN 4 WHEN '035420.KS' THEN 5 WHEN '005380.KS' THEN 6 WHEN '051910.KS' THEN 7 WHEN '012330.KS' THEN 8 WHEN '035720.KS' THEN 9 WHEN '105560.KS' THEN 10 ELSE 11 END LIMIT 44;",
  "baseline_execution_plan": {
    "Plan": {
      "Node Type": "Limit",
      "Parallel Aware": false,
      "Async Capable": false,
      "Startup Cost": 24.75,
      "Total Cost": 24.75,
      "Plan Rows": 1,
      "Plan Width": 109,
      "Plans": [
        {
          "Node Type": "Sort",
          "Parent Relationship": "Outer",
          "Parallel Aware": false,
          "Async Capable": false,
          "Startup Cost": 24.75,
          "Total Cost": 24.75,
          "Plan Rows": 1,
          "Plan Width": 109,
          "Sort Key": [
            "(CASE sdi.ticker WHEN '000660.KS'::text THEN 1 WHEN '005930.KS'::text THEN 2 WHEN '068270.KQ'::text THEN 3 WHEN '207940.KS'::text THEN 4 WHEN '035420.KS'::text THEN 5 WHEN '005380.KS'::text THEN 6 WHEN '051910.KS'::text THEN 7 WHEN '012330.KS'::text THEN 8 WHEN '035720.KS'::text THEN 9 WHEN '105560.KS'::text THEN 10 ELSE 11 END)"
          ],
          "Plans": [
            {
              "Node Type": "Nested Loop",
              "Parent Relationship": "Outer",
              "Parallel Aware": false,
              "Async Capable": false,
              "Join Type": "Left",
              "Startup Cost": 2.65,
              "Total Cost": 24.74,
              "Plan Rows": 1,
              "Plan Width": 109,
              "Inner Unique": true,
              "Plans": [
                {
                  "Node Type": "Bitmap Heap Scan",
                  "Parent Relationship": "Outer",
                  "Parallel Aware": false,
                  "Async Capable": false,
                  "Relation Name": "stocks_daily_info",
                  "Alias": "sdi",
                  "Startup Cost": 2.36,
                  "Total Cost": 20.4,
                  "Plan Rows": 1,
                  "Plan Width": 68,
                  "Recheck Cond": "(event_date = '2023-09-13'::date)",
                  "Filter": "((market_cap >= '367000000000'::numeric) AND (market = 'KOSPI'::text))",
                  "Plans": [
                    {
                      "Node Type": "Bitmap Index Scan",
                      "Parent Relationship": "Outer",
                      "Parallel Aware": false,
                      "Async Capable": false,
                      "Index Name": "idx_sdi_event_date",
                      "Startup Cost": 0.0,
                      "Total Cost": 2.36,
                      "Plan Rows": 10,
                      "Plan Width": 0,
                      "Index Cond": "(event_date = '2023-09-13'::date)"
                    }
                  ]
                },
                {
                  "Node Type": "Index Scan",
                  "Parent Relationship": "Inner",
                  "Parallel Aware": false,
                  "Async Capable": false,
                  "Scan Direction": "Forward",
                  "Index Name": "fundamentals_daily_pkey",
                  "Relation Name": "fundamentals_daily",
                  "Alias": "fd",
                  "Startup Cost": 0.29,
                  "Total Cost": 4.3,
                  "Plan Rows": 1,
                  "Plan Width": 55,
                  "Index Cond": "((event_date = '2023-09-13'::date) AND (ticker = sdi.ticker))"
                }
              ]
            }
          ]
        }
      ]
    }
  },
  "db_statistics": {
    "table_stats": {
      "stocks_daily_info": {
        "row_count": 12700,
        "size_mb": 1.71
      },
      "fundamentals_daily": {
        "row_count": 12080,
        "size_mb": 2.33
      },
      "financials_quarterly": {
        "row_count": 8634,
        "size_mb": 0.8
      }
    },
    "existing_indexes": [
      "backtest_results_pkey",
      "community_posts_pkey",
      "financials_quarterly_pkey",
      "fundamentals_daily_pkey",
      "idx_finq_period_end",
      "idx_finq_ticker",
      "idx_fund_event_date",
      "idx_fund_ticker",
      "idx_sdi_event_date",
      "idx_sdi_ticker",
      "ix_backtest_results_strategy_id",
      "ix_community_posts_author_id",
      "ix_community_posts_strategy_id",
      "ix_ml_models_owner_id",
      "ix_strategies_owner_id",
      "ix_users_email",
      "ml_models_pkey",
      "stocks_daily_info_pkey",
      "strategies_pkey",
      "users_pkey"
    ]
  }
}
---
{
  "workload_id": 3547,
  "metadata": {
    "strategy_template": "Momentum Investing Style",
    "ml_model_used": null
  },
  "sql_query": "SELECT ( SELECT COALESCE(SUM(value), 0) FROM ( SELECT value FROM financials_quarterly fq WHERE fq.ticker = sdi.ticker AND fq.item_name = 'OperatingCashFlow' AND fq.statement_type IN ('IS_Q','CF_Q') AND fq.period_end <= DATE '2023-09-29' ORDER BY fq.period_end DESC LIMIT 4 ) as recent_quarters ) AS ttm_operatingcashflow , sdi.close_price, sdi.company_name, sdi.ma_20d, sdi.market_cap, sdi.momentum_12m, sdi.momentum_3m, sdi.rsi_14, sdi.ticker, sdi.volatility_20d FROM stocks_daily_info sdi WHERE sdi.market = 'KOSPI' AND sdi.market_cap >= 358400000000 AND sdi.event_date = DATE '2023-09-29' ORDER BY sdi.momentum_3m asc, sdi.momentum_12m asc, sdi.rsi_14 desc LIMIT 27;",
  "baseline_execution_plan": {
    "Plan": {
      "Node Type": "Limit",
      "Parallel Aware": false,
      "Async Capable": false,
      "Startup Cost": 20.41,
      "Total Cost": 24.7,
      "Plan Rows": 1,
      "Plan Width": 96,
      "Plans": [
        {
          "Node Type": "Result",
          "Parent Relationship": "Outer",
          "Parallel Aware": false,
          "Async Capable": false,
          "Startup Cost": 20.41,
          "Total Cost": 24.7,
          "Plan Rows": 1,
          "Plan Width": 96,
          "Plans": [
            {
              "Node Type": "Sort",
              "Parent Relationship": "Outer",
              "Parallel Aware": false,
              "Async Capable": false,
              "Startup Cost": 20.41,
              "Total Cost": 20.41,
              "Plan Rows": 1,
              "Plan Width": 64,
              "Sort Key": [
                "sdi.momentum_3m",
                "sdi.momentum_12m",
                "sdi.rsi_14 DESC"
              ],
              "Plans": [
                {
                  "Node Type": "Bitmap Heap Scan",
                  "Parent Relationship": "Outer",
                  "Parallel Aware": false,
                  "Async Capable": false,
                  "Relation Name": "stocks_daily_info",
                  "Alias": "sdi",
                  "Startup Cost": 2.36,
                  "Total Cost": 20.4,
                  "Plan Rows": 1,
                  "Plan Width": 64,
                  "Recheck Cond": "(event_date = '2023-09-29'::date)",
                  "Filter": "((market_cap >= '358400000000'::numeric) AND (market = 'KOSPI'::text))",
                  "Plans": [
                    {
                      "Node Type": "Bitmap Index Scan",
                      "Parent Relationship": "Outer",
                      "Parallel Aware": false,
                      "Async Capable": false,
                      "Index Name": "idx_sdi_event_date",
                      "Startup Cost": 0.0,
                      "Total Cost": 2.36,
                      "Plan Rows": 10,
                      "Plan Width": 0,
                      "Index Cond": "(event_date = '2023-09-29'::date)"
                    }
                  ]
                }
              ]
            },
            {
              "Node Type": "Aggregate",
              "Strategy": "Plain",
              "Partial Mode": "Simple",
              "Parent Relationship": "SubPlan",
              "Subplan Name": "SubPlan 1",
              "Parallel Aware": false,
              "Async Capable": false,
              "Startup Cost": 4.27,
              "Total Cost": 4.28,
              "Plan Rows": 1,
              "Plan Width": 32,
              "Plans": [
                {
                  "Node Type": "Limit",
                  "Parent Relationship": "Outer",
                  "Parallel Aware": false,
                  "Async Capable": false,
                  "Startup Cost": 0.29,
                  "Total Cost": 4.25,
                  "Plan Rows": 1,
                  "Plan Width": 12,
                  "Plans": [
                    {
                      "Node Type": "Index Scan",
                      "Parent Relationship": "Outer",
                      "Parallel Aware": false,
                      "Async Capable": false,
                      "Scan Direction": "Backward",
                      "Index Name": "idx_finq_period_end",
                      "Relation Name": "financials_quarterly",
                      "Alias": "fq",
                      "Startup Cost": 0.29,
                      "Total Cost": 4.25,
                      "Plan Rows": 1,
                      "Plan Width": 12,
                      "Index Cond": "(period_end <= '2023-09-29'::date)",
                      "Filter": "((statement_type = ANY ('{IS_Q,CF_Q}'::text[])) AND (ticker = sdi.ticker) AND (item_name = 'OperatingCashFlow'::text))"
                    }
                  ]
                }
              ]
            }
          ]
        }
      ]
    }
  },
  "db_statistics": {
    "table_stats": {
      "stocks_daily_info": {
        "row_count": 12700,
        "size_mb": 1.71
      },
      "fundamentals_daily": {
        "row_count": 12080,
        "size_mb": 2.33
      },
      "financials_quarterly": {
        "row_count": 8634,
        "size_mb": 0.8
      }
    },
    "existing_indexes": [
      "backtest_results_pkey",
      "community_posts_pkey",
      "financials_quarterly_pkey",
      "fundamentals_daily_pkey",
      "idx_finq_period_end",
      "idx_finq_ticker",
      "idx_fund_event_date",
      "idx_fund_ticker",
      "idx_sdi_event_date",
      "idx_sdi_ticker",
      "ix_backtest_results_strategy_id",
      "ix_community_posts_author_id",
      "ix_community_posts_strategy_id",
      "ix_ml_models_owner_id",
      "ix_strategies_owner_id",
      "ix_users_email",
      "ml_models_pkey",
      "stocks_daily_info_pkey",
      "strategies_pkey",
      "users_pkey"
    ]
  }
}
---
{
  "workload_id": 3548,
  "metadata": {
    "strategy_template": "Momentum Investing Style",
    "ml_model_used": null
  },
  "sql_query": "SELECT sdi.close_price, sdi.company_name, sdi.ma_20d, sdi.market_cap, sdi.momentum_12m, sdi.momentum_3m, sdi.rsi_14, sdi.ticker, sdi.volatility_20d FROM stocks_daily_info sdi WHERE sdi.market = 'KOSPI' AND sdi.market_cap >= 92800000000 AND sdi.event_date = DATE '2023-07-06' ORDER BY sdi.momentum_3m desc, sdi.momentum_12m desc, sdi.rsi_14 asc LIMIT 18;",
  "baseline_execution_plan": {
    "Plan": {
      "Node Type": "Limit",
      "Parallel Aware": false,
      "Async Capable": false,
      "Startup Cost": 20.41,
      "Total Cost": 20.41,
      "Plan Rows": 1,
      "Plan Width": 64,
      "Plans": [
        {
          "Node Type": "Sort",
          "Parent Relationship": "Outer",
          "Parallel Aware": false,
          "Async Capable": false,
          "Startup Cost": 20.41,
          "Total Cost": 20.41,
          "Plan Rows": 1,
          "Plan Width": 64,
          "Sort Key": [
            "momentum_3m DESC",
            "momentum_12m DESC",
            "rsi_14"
          ],
          "Plans": [
            {
              "Node Type": "Bitmap Heap Scan",
              "Parent Relationship": "Outer",
              "Parallel Aware": false,
              "Async Capable": false,
              "Relation Name": "stocks_daily_info",
              "Alias": "sdi",
              "Startup Cost": 2.36,
              "Total Cost": 20.4,
              "Plan Rows": 1,
              "Plan Width": 64,
              "Recheck Cond": "(event_date = '2023-07-06'::date)",
              "Filter": "((market_cap >= '92800000000'::numeric) AND (market = 'KOSPI'::text))",
              "Plans": [
                {
                  "Node Type": "Bitmap Index Scan",
                  "Parent Relationship": "Outer",
                  "Parallel Aware": false,
                  "Async Capable": false,
                  "Index Name": "idx_sdi_event_date",
                  "Startup Cost": 0.0,
                  "Total Cost": 2.36,
                  "Plan Rows": 10,
                  "Plan Width": 0,
                  "Index Cond": "(event_date = '2023-07-06'::date)"
                }
              ]
            }
          ]
        }
      ]
    }
  },
  "db_statistics": {
    "table_stats": {
      "stocks_daily_info": {
        "row_count": 12700,
        "size_mb": 1.71
      },
      "fundamentals_daily": {
        "row_count": 12080,
        "size_mb": 2.33
      },
      "financials_quarterly": {
        "row_count": 8634,
        "size_mb": 0.8
      }
    },
    "existing_indexes": [
      "backtest_results_pkey",
      "community_posts_pkey",
      "financials_quarterly_pkey",
      "fundamentals_daily_pkey",
      "idx_finq_period_end",
      "idx_finq_ticker",
      "idx_fund_event_date",
      "idx_fund_ticker",
      "idx_sdi_event_date",
      "idx_sdi_ticker",
      "ix_backtest_results_strategy_id",
      "ix_community_posts_author_id",
      "ix_community_posts_strategy_id",
      "ix_ml_models_owner_id",
      "ix_strategies_owner_id",
      "ix_users_email",
      "ml_models_pkey",
      "stocks_daily_info_pkey",
      "strategies_pkey",
      "users_pkey"
    ]
  }
}
---
{
  "workload_id": 3549,
  "metadata": {
    "strategy_template": "Momentum Investing Style",
    "ml_model_used": null
  },
  "sql_query": "SELECT ( SELECT COALESCE(SUM(value), 0) FROM ( SELECT value FROM financials_quarterly fq WHERE fq.ticker = sdi.ticker AND fq.item_name = 'OperatingCashFlow' AND fq.statement_type IN ('IS_Q','CF_Q') AND fq.period_end <= DATE '2023-06-29' ORDER BY fq.period_end DESC LIMIT 4 ) as recent_quarters ) AS ttm_operatingcashflow , sdi.close_price, sdi.company_name, sdi.ma_20d, sdi.market_cap, sdi.momentum_12m, sdi.momentum_3m, sdi.rsi_14, sdi.ticker, sdi.volatility_20d FROM stocks_daily_info sdi WHERE sdi.market = 'KOSDAQ' AND sdi.market_cap >= 297400000000 AND sdi.event_date = DATE '2023-06-29' ORDER BY sdi.momentum_3m asc, sdi.momentum_12m desc, sdi.rsi_14 asc, sdi.volatility_20d desc LIMIT 40;",
  "baseline_execution_plan": {
    "Plan": {
      "Node Type": "Limit",
      "Parallel Aware": false,
      "Async Capable": false,
      "Startup Cost": 20.41,
      "Total Cost": 24.7,
      "Plan Rows": 1,
      "Plan Width": 96,
      "Plans": [
        {
          "Node Type": "Result",
          "Parent Relationship": "Outer",
          "Parallel Aware": false,
          "Async Capable": false,
          "Startup Cost": 20.41,
          "Total Cost": 24.7,
          "Plan Rows": 1,
          "Plan Width": 96,
          "Plans": [
            {
              "Node Type": "Sort",
              "Parent Relationship": "Outer",
              "Parallel Aware": false,
              "Async Capable": false,
              "Startup Cost": 20.41,
              "Total Cost": 20.41,
              "Plan Rows": 1,
              "Plan Width": 64,
              "Sort Key": [
                "sdi.momentum_3m",
                "sdi.momentum_12m DESC",
                "sdi.rsi_14",
                "sdi.volatility_20d DESC"
              ],
              "Plans": [
                {
                  "Node Type": "Bitmap Heap Scan",
                  "Parent Relationship": "Outer",
                  "Parallel Aware": false,
                  "Async Capable": false,
                  "Relation Name": "stocks_daily_info",
                  "Alias": "sdi",
                  "Startup Cost": 2.36,
                  "Total Cost": 20.4,
                  "Plan Rows": 1,
                  "Plan Width": 64,
                  "Recheck Cond": "(event_date = '2023-06-29'::date)",
                  "Filter": "((market_cap >= '297400000000'::numeric) AND (market = 'KOSDAQ'::text))",
                  "Plans": [
                    {
                      "Node Type": "Bitmap Index Scan",
                      "Parent Relationship": "Outer",
                      "Parallel Aware": false,
                      "Async Capable": false,
                      "Index Name": "idx_sdi_event_date",
                      "Startup Cost": 0.0,
                      "Total Cost": 2.36,
                      "Plan Rows": 10,
                      "Plan Width": 0,
                      "Index Cond": "(event_date = '2023-06-29'::date)"
                    }
                  ]
                }
              ]
            },
            {
              "Node Type": "Aggregate",
              "Strategy": "Plain",
              "Partial Mode": "Simple",
              "Parent Relationship": "SubPlan",
              "Subplan Name": "SubPlan 1",
              "Parallel Aware": false,
              "Async Capable": false,
              "Startup Cost": 4.27,
              "Total Cost": 4.28,
              "Plan Rows": 1,
              "Plan Width": 32,
              "Plans": [
                {
                  "Node Type": "Limit",
                  "Parent Relationship": "Outer",
                  "Parallel Aware": false,
                  "Async Capable": false,
                  "Startup Cost": 0.29,
                  "Total Cost": 4.25,
                  "Plan Rows": 1,
                  "Plan Width": 12,
                  "Plans": [
                    {
                      "Node Type": "Index Scan",
                      "Parent Relationship": "Outer",
                      "Parallel Aware": false,
                      "Async Capable": false,
                      "Scan Direction": "Backward",
                      "Index Name": "idx_finq_period_end",
                      "Relation Name": "financials_quarterly",
                      "Alias": "fq",
                      "Startup Cost": 0.29,
                      "Total Cost": 4.25,
                      "Plan Rows": 1,
                      "Plan Width": 12,
                      "Index Cond": "(period_end <= '2023-06-29'::date)",
                      "Filter": "((statement_type = ANY ('{IS_Q,CF_Q}'::text[])) AND (ticker = sdi.ticker) AND (item_name = 'OperatingCashFlow'::text))"
                    }
                  ]
                }
              ]
            }
          ]
        }
      ]
    }
  },
  "db_statistics": {
    "table_stats": {
      "stocks_daily_info": {
        "row_count": 12700,
        "size_mb": 1.71
      },
      "fundamentals_daily": {
        "row_count": 12080,
        "size_mb": 2.33
      },
      "financials_quarterly": {
        "row_count": 8634,
        "size_mb": 0.8
      }
    },
    "existing_indexes": [
      "backtest_results_pkey",
      "community_posts_pkey",
      "financials_quarterly_pkey",
      "fundamentals_daily_pkey",
      "idx_finq_period_end",
      "idx_finq_ticker",
      "idx_fund_event_date",
      "idx_fund_ticker",
      "idx_sdi_event_date",
      "idx_sdi_ticker",
      "ix_backtest_results_strategy_id",
      "ix_community_posts_author_id",
      "ix_community_posts_strategy_id",
      "ix_ml_models_owner_id",
      "ix_strategies_owner_id",
      "ix_users_email",
      "ml_models_pkey",
      "stocks_daily_info_pkey",
      "strategies_pkey",
      "users_pkey"
    ]
  }
}
---
{
  "workload_id": 3550,
  "metadata": {
    "strategy_template": "Value Investing Style",
    "ml_model_used": null
  },
  "sql_query": "SELECT fd.bps, fd.dividend_yield, fd.eps, fd.pbr, fd.per, sdi.close_price, sdi.company_name, sdi.ma_20d, sdi.market_cap, sdi.momentum_12m, sdi.momentum_3m, sdi.rsi_14, sdi.ticker, sdi.volatility_20d FROM stocks_daily_info sdi LEFT JOIN fundamentals_daily fd ON fd.ticker = sdi.ticker AND fd.event_date = sdi.event_date WHERE sdi.market = 'KOSDAQ' AND sdi.market_cap >= 344100000000 AND sdi.event_date = DATE '2023-07-11' ORDER BY fd.pbr desc, fd.per asc LIMIT 21;",
  "baseline_execution_plan": {
    "Plan": {
      "Node Type": "Limit",
      "Parallel Aware": false,
      "Async Capable": false,
      "Startup Cost": 24.72,
      "Total Cost": 24.73,
      "Plan Rows": 1,
      "Plan Width": 105,
      "Plans": [
        {
          "Node Type": "Sort",
          "Parent Relationship": "Outer",
          "Parallel Aware": false,
          "Async Capable": false,
          "Startup Cost": 24.72,
          "Total Cost": 24.73,
          "Plan Rows": 1,
          "Plan Width": 105,
          "Sort Key": [
            "fd.pbr DESC",
            "fd.per"
          ],
          "Plans": [
            {
              "Node Type": "Nested Loop",
              "Parent Relationship": "Outer",
              "Parallel Aware": false,
              "Async Capable": false,
              "Join Type": "Left",
              "Startup Cost": 2.65,
              "Total Cost": 24.71,
              "Plan Rows": 1,
              "Plan Width": 105,
              "Inner Unique": true,
              "Plans": [
                {
                  "Node Type": "Bitmap Heap Scan",
                  "Parent Relationship": "Outer",
                  "Parallel Aware": false,
                  "Async Capable": false,
                  "Relation Name": "stocks_daily_info",
                  "Alias": "sdi",
                  "Startup Cost": 2.36,
                  "Total Cost": 20.4,
                  "Plan Rows": 1,
                  "Plan Width": 68,
                  "Recheck Cond": "(event_date = '2023-07-11'::date)",
                  "Filter": "((market_cap >= '344100000000'::numeric) AND (market = 'KOSDAQ'::text))",
                  "Plans": [
                    {
                      "Node Type": "Bitmap Index Scan",
                      "Parent Relationship": "Outer",
                      "Parallel Aware": false,
                      "Async Capable": false,
                      "Index Name": "idx_sdi_event_date",
                      "Startup Cost": 0.0,
                      "Total Cost": 2.36,
                      "Plan Rows": 10,
                      "Plan Width": 0,
                      "Index Cond": "(event_date = '2023-07-11'::date)"
                    }
                  ]
                },
                {
                  "Node Type": "Index Scan",
                  "Parent Relationship": "Inner",
                  "Parallel Aware": false,
                  "Async Capable": false,
                  "Scan Direction": "Forward",
                  "Index Name": "fundamentals_daily_pkey",
                  "Relation Name": "fundamentals_daily",
                  "Alias": "fd",
                  "Startup Cost": 0.29,
                  "Total Cost": 4.3,
                  "Plan Rows": 1,
                  "Plan Width": 55,
                  "Index Cond": "((event_date = '2023-07-11'::date) AND (ticker = sdi.ticker))"
                }
              ]
            }
          ]
        }
      ]
    }
  },
  "db_statistics": {
    "table_stats": {
      "stocks_daily_info": {
        "row_count": 12700,
        "size_mb": 1.71
      },
      "fundamentals_daily": {
        "row_count": 12080,
        "size_mb": 2.33
      },
      "financials_quarterly": {
        "row_count": 8634,
        "size_mb": 0.8
      }
    },
    "existing_indexes": [
      "backtest_results_pkey",
      "community_posts_pkey",
      "financials_quarterly_pkey",
      "fundamentals_daily_pkey",
      "idx_finq_period_end",
      "idx_finq_ticker",
      "idx_fund_event_date",
      "idx_fund_ticker",
      "idx_sdi_event_date",
      "idx_sdi_ticker",
      "ix_backtest_results_strategy_id",
      "ix_community_posts_author_id",
      "ix_community_posts_strategy_id",
      "ix_ml_models_owner_id",
      "ix_strategies_owner_id",
      "ix_users_email",
      "ml_models_pkey",
      "stocks_daily_info_pkey",
      "strategies_pkey",
      "users_pkey"
    ]
  }
}
---
{
  "workload_id": 3551,
  "metadata": {
    "strategy_template": "ML Hybrid Style",
    "ml_model_used": "Return Forecast Model"
  },
  "sql_query": "SELECT fd.bps, fd.dividend_yield, fd.eps, fd.pbr, fd.per, sdi.close_price, sdi.company_name, sdi.ma_20d, sdi.market_cap, sdi.momentum_12m, sdi.momentum_3m, sdi.rsi_14, sdi.ticker, sdi.volatility_20d FROM stocks_daily_info sdi LEFT JOIN fundamentals_daily fd ON fd.ticker = sdi.ticker AND fd.event_date = sdi.event_date WHERE sdi.market = 'KOSPI' AND sdi.market_cap >= 112700000000 AND sdi.event_date = DATE '2023-06-08' ORDER BY CASE sdi.ticker WHEN '000660.KS' THEN 1 WHEN '005930.KS' THEN 2 WHEN '068270.KQ' THEN 3 WHEN '207940.KS' THEN 4 WHEN '035420.KS' THEN 5 WHEN '005380.KS' THEN 6 WHEN '051910.KS' THEN 7 WHEN '012330.KS' THEN 8 WHEN '035720.KS' THEN 9 WHEN '105560.KS' THEN 10 ELSE 11 END LIMIT 40;",
  "baseline_execution_plan": {
    "Plan": {
      "Node Type": "Limit",
      "Parallel Aware": false,
      "Async Capable": false,
      "Startup Cost": 24.75,
      "Total Cost": 24.75,
      "Plan Rows": 1,
      "Plan Width": 109,
      "Plans": [
        {
          "Node Type": "Sort",
          "Parent Relationship": "Outer",
          "Parallel Aware": false,
          "Async Capable": false,
          "Startup Cost": 24.75,
          "Total Cost": 24.75,
          "Plan Rows": 1,
          "Plan Width": 109,
          "Sort Key": [
            "(CASE sdi.ticker WHEN '000660.KS'::text THEN 1 WHEN '005930.KS'::text THEN 2 WHEN '068270.KQ'::text THEN 3 WHEN '207940.KS'::text THEN 4 WHEN '035420.KS'::text THEN 5 WHEN '005380.KS'::text THEN 6 WHEN '051910.KS'::text THEN 7 WHEN '012330.KS'::text THEN 8 WHEN '035720.KS'::text THEN 9 WHEN '105560.KS'::text THEN 10 ELSE 11 END)"
          ],
          "Plans": [
            {
              "Node Type": "Nested Loop",
              "Parent Relationship": "Outer",
              "Parallel Aware": false,
              "Async Capable": false,
              "Join Type": "Left",
              "Startup Cost": 2.65,
              "Total Cost": 24.74,
              "Plan Rows": 1,
              "Plan Width": 109,
              "Inner Unique": true,
              "Plans": [
                {
                  "Node Type": "Bitmap Heap Scan",
                  "Parent Relationship": "Outer",
                  "Parallel Aware": false,
                  "Async Capable": false,
                  "Relation Name": "stocks_daily_info",
                  "Alias": "sdi",
                  "Startup Cost": 2.36,
                  "Total Cost": 20.4,
                  "Plan Rows": 1,
                  "Plan Width": 68,
                  "Recheck Cond": "(event_date = '2023-06-08'::date)",
                  "Filter": "((market_cap >= '112700000000'::numeric) AND (market = 'KOSPI'::text))",
                  "Plans": [
                    {
                      "Node Type": "Bitmap Index Scan",
                      "Parent Relationship": "Outer",
                      "Parallel Aware": false,
                      "Async Capable": false,
                      "Index Name": "idx_sdi_event_date",
                      "Startup Cost": 0.0,
                      "Total Cost": 2.36,
                      "Plan Rows": 10,
                      "Plan Width": 0,
                      "Index Cond": "(event_date = '2023-06-08'::date)"
                    }
                  ]
                },
                {
                  "Node Type": "Index Scan",
                  "Parent Relationship": "Inner",
                  "Parallel Aware": false,
                  "Async Capable": false,
                  "Scan Direction": "Forward",
                  "Index Name": "fundamentals_daily_pkey",
                  "Relation Name": "fundamentals_daily",
                  "Alias": "fd",
                  "Startup Cost": 0.29,
                  "Total Cost": 4.3,
                  "Plan Rows": 1,
                  "Plan Width": 55,
                  "Index Cond": "((event_date = '2023-06-08'::date) AND (ticker = sdi.ticker))"
                }
              ]
            }
          ]
        }
      ]
    }
  },
  "db_statistics": {
    "table_stats": {
      "stocks_daily_info": {
        "row_count": 12700,
        "size_mb": 1.71
      },
      "fundamentals_daily": {
        "row_count": 12080,
        "size_mb": 2.33
      },
      "financials_quarterly": {
        "row_count": 8634,
        "size_mb": 0.8
      }
    },
    "existing_indexes": [
      "backtest_results_pkey",
      "community_posts_pkey",
      "financials_quarterly_pkey",
      "fundamentals_daily_pkey",
      "idx_finq_period_end",
      "idx_finq_ticker",
      "idx_fund_event_date",
      "idx_fund_ticker",
      "idx_sdi_event_date",
      "idx_sdi_ticker",
      "ix_backtest_results_strategy_id",
      "ix_community_posts_author_id",
      "ix_community_posts_strategy_id",
      "ix_ml_models_owner_id",
      "ix_strategies_owner_id",
      "ix_users_email",
      "ml_models_pkey",
      "stocks_daily_info_pkey",
      "strategies_pkey",
      "users_pkey"
    ]
  }
}
---
{
  "workload_id": 3552,
  "metadata": {
    "strategy_template": "Momentum Investing Style",
    "ml_model_used": null
  },
  "sql_query": "SELECT sdi.close_price, sdi.company_name, sdi.ma_20d, sdi.market_cap, sdi.momentum_12m, sdi.momentum_3m, sdi.rsi_14, sdi.ticker, sdi.volatility_20d FROM stocks_daily_info sdi WHERE sdi.market = 'KOSDAQ' AND sdi.market_cap >= 326400000000 AND sdi.event_date = DATE '2023-07-18' ORDER BY sdi.momentum_3m asc, sdi.momentum_12m desc, sdi.rsi_14 desc LIMIT 39;",
  "baseline_execution_plan": {
    "Plan": {
      "Node Type": "Limit",
      "Parallel Aware": false,
      "Async Capable": false,
      "Startup Cost": 20.41,
      "Total Cost": 20.41,
      "Plan Rows": 1,
      "Plan Width": 64,
      "Plans": [
        {
          "Node Type": "Sort",
          "Parent Relationship": "Outer",
          "Parallel Aware": false,
          "Async Capable": false,
          "Startup Cost": 20.41,
          "Total Cost": 20.41,
          "Plan Rows": 1,
          "Plan Width": 64,
          "Sort Key": [
            "momentum_3m",
            "momentum_12m DESC",
            "rsi_14 DESC"
          ],
          "Plans": [
            {
              "Node Type": "Bitmap Heap Scan",
              "Parent Relationship": "Outer",
              "Parallel Aware": false,
              "Async Capable": false,
              "Relation Name": "stocks_daily_info",
              "Alias": "sdi",
              "Startup Cost": 2.36,
              "Total Cost": 20.4,
              "Plan Rows": 1,
              "Plan Width": 64,
              "Recheck Cond": "(event_date = '2023-07-18'::date)",
              "Filter": "((market_cap >= '326400000000'::numeric) AND (market = 'KOSDAQ'::text))",
              "Plans": [
                {
                  "Node Type": "Bitmap Index Scan",
                  "Parent Relationship": "Outer",
                  "Parallel Aware": false,
                  "Async Capable": false,
                  "Index Name": "idx_sdi_event_date",
                  "Startup Cost": 0.0,
                  "Total Cost": 2.36,
                  "Plan Rows": 10,
                  "Plan Width": 0,
                  "Index Cond": "(event_date = '2023-07-18'::date)"
                }
              ]
            }
          ]
        }
      ]
    }
  },
  "db_statistics": {
    "table_stats": {
      "stocks_daily_info": {
        "row_count": 12700,
        "size_mb": 1.71
      },
      "fundamentals_daily": {
        "row_count": 12080,
        "size_mb": 2.33
      },
      "financials_quarterly": {
        "row_count": 8634,
        "size_mb": 0.8
      }
    },
    "existing_indexes": [
      "backtest_results_pkey",
      "community_posts_pkey",
      "financials_quarterly_pkey",
      "fundamentals_daily_pkey",
      "idx_finq_period_end",
      "idx_finq_ticker",
      "idx_fund_event_date",
      "idx_fund_ticker",
      "idx_sdi_event_date",
      "idx_sdi_ticker",
      "ix_backtest_results_strategy_id",
      "ix_community_posts_author_id",
      "ix_community_posts_strategy_id",
      "ix_ml_models_owner_id",
      "ix_strategies_owner_id",
      "ix_users_email",
      "ml_models_pkey",
      "stocks_daily_info_pkey",
      "strategies_pkey",
      "users_pkey"
    ]
  }
}
---
{
  "workload_id": 3553,
  "metadata": {
    "strategy_template": "Momentum Investing Style",
    "ml_model_used": null
  },
  "sql_query": "SELECT ( SELECT COALESCE(SUM(value), 0) FROM ( SELECT value FROM financials_quarterly fq WHERE fq.ticker = sdi.ticker AND fq.item_name = 'OperatingIncome' AND fq.statement_type IN ('IS_Q','CF_Q') AND fq.period_end <= DATE '2023-10-05' ORDER BY fq.period_end DESC LIMIT 4 ) as recent_quarters ) AS ttm_operatingincome , sdi.close_price, sdi.company_name, sdi.ma_20d, sdi.market_cap, sdi.momentum_12m, sdi.momentum_3m, sdi.rsi_14, sdi.ticker, sdi.volatility_20d FROM stocks_daily_info sdi WHERE sdi.market = 'KOSPI' AND sdi.market_cap >= 408300000000 AND sdi.event_date = DATE '2023-10-05' ORDER BY sdi.momentum_3m desc, sdi.momentum_12m desc, sdi.rsi_14 asc LIMIT 18;",
  "baseline_execution_plan": {
    "Plan": {
      "Node Type": "Limit",
      "Parallel Aware": false,
      "Async Capable": false,
      "Startup Cost": 20.41,
      "Total Cost": 24.7,
      "Plan Rows": 1,
      "Plan Width": 96,
      "Plans": [
        {
          "Node Type": "Result",
          "Parent Relationship": "Outer",
          "Parallel Aware": false,
          "Async Capable": false,
          "Startup Cost": 20.41,
          "Total Cost": 24.7,
          "Plan Rows": 1,
          "Plan Width": 96,
          "Plans": [
            {
              "Node Type": "Sort",
              "Parent Relationship": "Outer",
              "Parallel Aware": false,
              "Async Capable": false,
              "Startup Cost": 20.41,
              "Total Cost": 20.41,
              "Plan Rows": 1,
              "Plan Width": 64,
              "Sort Key": [
                "sdi.momentum_3m DESC",
                "sdi.momentum_12m DESC",
                "sdi.rsi_14"
              ],
              "Plans": [
                {
                  "Node Type": "Bitmap Heap Scan",
                  "Parent Relationship": "Outer",
                  "Parallel Aware": false,
                  "Async Capable": false,
                  "Relation Name": "stocks_daily_info",
                  "Alias": "sdi",
                  "Startup Cost": 2.36,
                  "Total Cost": 20.4,
                  "Plan Rows": 1,
                  "Plan Width": 64,
                  "Recheck Cond": "(event_date = '2023-10-05'::date)",
                  "Filter": "((market_cap >= '408300000000'::numeric) AND (market = 'KOSPI'::text))",
                  "Plans": [
                    {
                      "Node Type": "Bitmap Index Scan",
                      "Parent Relationship": "Outer",
                      "Parallel Aware": false,
                      "Async Capable": false,
                      "Index Name": "idx_sdi_event_date",
                      "Startup Cost": 0.0,
                      "Total Cost": 2.36,
                      "Plan Rows": 10,
                      "Plan Width": 0,
                      "Index Cond": "(event_date = '2023-10-05'::date)"
                    }
                  ]
                }
              ]
            },
            {
              "Node Type": "Aggregate",
              "Strategy": "Plain",
              "Partial Mode": "Simple",
              "Parent Relationship": "SubPlan",
              "Subplan Name": "SubPlan 1",
              "Parallel Aware": false,
              "Async Capable": false,
              "Startup Cost": 4.27,
              "Total Cost": 4.28,
              "Plan Rows": 1,
              "Plan Width": 32,
              "Plans": [
                {
                  "Node Type": "Limit",
                  "Parent Relationship": "Outer",
                  "Parallel Aware": false,
                  "Async Capable": false,
                  "Startup Cost": 0.29,
                  "Total Cost": 4.25,
                  "Plan Rows": 1,
                  "Plan Width": 12,
                  "Plans": [
                    {
                      "Node Type": "Index Scan",
                      "Parent Relationship": "Outer",
                      "Parallel Aware": false,
                      "Async Capable": false,
                      "Scan Direction": "Backward",
                      "Index Name": "idx_finq_period_end",
                      "Relation Name": "financials_quarterly",
                      "Alias": "fq",
                      "Startup Cost": 0.29,
                      "Total Cost": 4.25,
                      "Plan Rows": 1,
                      "Plan Width": 12,
                      "Index Cond": "(period_end <= '2023-10-05'::date)",
                      "Filter": "((statement_type = ANY ('{IS_Q,CF_Q}'::text[])) AND (ticker = sdi.ticker) AND (item_name = 'OperatingIncome'::text))"
                    }
                  ]
                }
              ]
            }
          ]
        }
      ]
    }
  },
  "db_statistics": {
    "table_stats": {
      "stocks_daily_info": {
        "row_count": 12700,
        "size_mb": 1.71
      },
      "fundamentals_daily": {
        "row_count": 12080,
        "size_mb": 2.33
      },
      "financials_quarterly": {
        "row_count": 8634,
        "size_mb": 0.8
      }
    },
    "existing_indexes": [
      "backtest_results_pkey",
      "community_posts_pkey",
      "financials_quarterly_pkey",
      "fundamentals_daily_pkey",
      "idx_finq_period_end",
      "idx_finq_ticker",
      "idx_fund_event_date",
      "idx_fund_ticker",
      "idx_sdi_event_date",
      "idx_sdi_ticker",
      "ix_backtest_results_strategy_id",
      "ix_community_posts_author_id",
      "ix_community_posts_strategy_id",
      "ix_ml_models_owner_id",
      "ix_strategies_owner_id",
      "ix_users_email",
      "ml_models_pkey",
      "stocks_daily_info_pkey",
      "strategies_pkey",
      "users_pkey"
    ]
  }
}
---
{
  "workload_id": 3554,
  "metadata": {
    "strategy_template": "Momentum Investing Style",
    "ml_model_used": null
  },
  "sql_query": "SELECT sdi.close_price, sdi.company_name, sdi.ma_20d, sdi.market_cap, sdi.momentum_12m, sdi.momentum_3m, sdi.rsi_14, sdi.ticker, sdi.volatility_20d FROM stocks_daily_info sdi WHERE sdi.market = 'KOSDAQ' AND sdi.market_cap >= 344400000000 AND sdi.event_date = DATE '2023-10-06' ORDER BY sdi.momentum_3m asc, sdi.momentum_12m desc, sdi.rsi_14 desc LIMIT 26;",
  "baseline_execution_plan": {
    "Plan": {
      "Node Type": "Limit",
      "Parallel Aware": false,
      "Async Capable": false,
      "Startup Cost": 20.41,
      "Total Cost": 20.41,
      "Plan Rows": 1,
      "Plan Width": 64,
      "Plans": [
        {
          "Node Type": "Sort",
          "Parent Relationship": "Outer",
          "Parallel Aware": false,
          "Async Capable": false,
          "Startup Cost": 20.41,
          "Total Cost": 20.41,
          "Plan Rows": 1,
          "Plan Width": 64,
          "Sort Key": [
            "momentum_3m",
            "momentum_12m DESC",
            "rsi_14 DESC"
          ],
          "Plans": [
            {
              "Node Type": "Bitmap Heap Scan",
              "Parent Relationship": "Outer",
              "Parallel Aware": false,
              "Async Capable": false,
              "Relation Name": "stocks_daily_info",
              "Alias": "sdi",
              "Startup Cost": 2.36,
              "Total Cost": 20.4,
              "Plan Rows": 1,
              "Plan Width": 64,
              "Recheck Cond": "(event_date = '2023-10-06'::date)",
              "Filter": "((market_cap >= '344400000000'::numeric) AND (market = 'KOSDAQ'::text))",
              "Plans": [
                {
                  "Node Type": "Bitmap Index Scan",
                  "Parent Relationship": "Outer",
                  "Parallel Aware": false,
                  "Async Capable": false,
                  "Index Name": "idx_sdi_event_date",
                  "Startup Cost": 0.0,
                  "Total Cost": 2.36,
                  "Plan Rows": 10,
                  "Plan Width": 0,
                  "Index Cond": "(event_date = '2023-10-06'::date)"
                }
              ]
            }
          ]
        }
      ]
    }
  },
  "db_statistics": {
    "table_stats": {
      "stocks_daily_info": {
        "row_count": 12700,
        "size_mb": 1.71
      },
      "fundamentals_daily": {
        "row_count": 12080,
        "size_mb": 2.33
      },
      "financials_quarterly": {
        "row_count": 8634,
        "size_mb": 0.8
      }
    },
    "existing_indexes": [
      "backtest_results_pkey",
      "community_posts_pkey",
      "financials_quarterly_pkey",
      "fundamentals_daily_pkey",
      "idx_finq_period_end",
      "idx_finq_ticker",
      "idx_fund_event_date",
      "idx_fund_ticker",
      "idx_sdi_event_date",
      "idx_sdi_ticker",
      "ix_backtest_results_strategy_id",
      "ix_community_posts_author_id",
      "ix_community_posts_strategy_id",
      "ix_ml_models_owner_id",
      "ix_strategies_owner_id",
      "ix_users_email",
      "ml_models_pkey",
      "stocks_daily_info_pkey",
      "strategies_pkey",
      "users_pkey"
    ]
  }
}
---
{
  "workload_id": 3555,
  "metadata": {
    "strategy_template": "Value Investing Style",
    "ml_model_used": null
  },
  "sql_query": "SELECT fd.bps, fd.dividend_yield, fd.eps, fd.pbr, fd.per, sdi.close_price, sdi.company_name, sdi.ma_20d, sdi.market_cap, sdi.momentum_12m, sdi.momentum_3m, sdi.rsi_14, sdi.ticker, sdi.volatility_20d FROM stocks_daily_info sdi LEFT JOIN fundamentals_daily fd ON fd.ticker = sdi.ticker AND fd.event_date = sdi.event_date WHERE sdi.market = 'KOSDAQ' AND sdi.market_cap >= 115100000000 AND sdi.event_date = DATE '2023-09-23' ORDER BY fd.pbr asc, fd.per asc, fd.dividend_yield desc LIMIT 48;",
  "baseline_execution_plan": {
    "Plan": {
      "Node Type": "Limit",
      "Parallel Aware": false,
      "Async Capable": false,
      "Startup Cost": 24.72,
      "Total Cost": 24.73,
      "Plan Rows": 1,
      "Plan Width": 105,
      "Plans": [
        {
          "Node Type": "Sort",
          "Parent Relationship": "Outer",
          "Parallel Aware": false,
          "Async Capable": false,
          "Startup Cost": 24.72,
          "Total Cost": 24.73,
          "Plan Rows": 1,
          "Plan Width": 105,
          "Sort Key": [
            "fd.pbr",
            "fd.per",
            "fd.dividend_yield DESC"
          ],
          "Plans": [
            {
              "Node Type": "Nested Loop",
              "Parent Relationship": "Outer",
              "Parallel Aware": false,
              "Async Capable": false,
              "Join Type": "Left",
              "Startup Cost": 2.65,
              "Total Cost": 24.71,
              "Plan Rows": 1,
              "Plan Width": 105,
              "Inner Unique": true,
              "Plans": [
                {
                  "Node Type": "Bitmap Heap Scan",
                  "Parent Relationship": "Outer",
                  "Parallel Aware": false,
                  "Async Capable": false,
                  "Relation Name": "stocks_daily_info",
                  "Alias": "sdi",
                  "Startup Cost": 2.36,
                  "Total Cost": 20.4,
                  "Plan Rows": 1,
                  "Plan Width": 68,
                  "Recheck Cond": "(event_date = '2023-09-23'::date)",
                  "Filter": "((market_cap >= '115100000000'::numeric) AND (market = 'KOSDAQ'::text))",
                  "Plans": [
                    {
                      "Node Type": "Bitmap Index Scan",
                      "Parent Relationship": "Outer",
                      "Parallel Aware": false,
                      "Async Capable": false,
                      "Index Name": "idx_sdi_event_date",
                      "Startup Cost": 0.0,
                      "Total Cost": 2.36,
                      "Plan Rows": 10,
                      "Plan Width": 0,
                      "Index Cond": "(event_date = '2023-09-23'::date)"
                    }
                  ]
                },
                {
                  "Node Type": "Index Scan",
                  "Parent Relationship": "Inner",
                  "Parallel Aware": false,
                  "Async Capable": false,
                  "Scan Direction": "Forward",
                  "Index Name": "fundamentals_daily_pkey",
                  "Relation Name": "fundamentals_daily",
                  "Alias": "fd",
                  "Startup Cost": 0.29,
                  "Total Cost": 4.3,
                  "Plan Rows": 1,
                  "Plan Width": 55,
                  "Index Cond": "((event_date = '2023-09-23'::date) AND (ticker = sdi.ticker))"
                }
              ]
            }
          ]
        }
      ]
    }
  },
  "db_statistics": {
    "table_stats": {
      "stocks_daily_info": {
        "row_count": 12700,
        "size_mb": 1.71
      },
      "fundamentals_daily": {
        "row_count": 12080,
        "size_mb": 2.33
      },
      "financials_quarterly": {
        "row_count": 8634,
        "size_mb": 0.8
      }
    },
    "existing_indexes": [
      "backtest_results_pkey",
      "community_posts_pkey",
      "financials_quarterly_pkey",
      "fundamentals_daily_pkey",
      "idx_finq_period_end",
      "idx_finq_ticker",
      "idx_fund_event_date",
      "idx_fund_ticker",
      "idx_sdi_event_date",
      "idx_sdi_ticker",
      "ix_backtest_results_strategy_id",
      "ix_community_posts_author_id",
      "ix_community_posts_strategy_id",
      "ix_ml_models_owner_id",
      "ix_strategies_owner_id",
      "ix_users_email",
      "ml_models_pkey",
      "stocks_daily_info_pkey",
      "strategies_pkey",
      "users_pkey"
    ]
  }
}
---
{
  "workload_id": 3556,
  "metadata": {
    "strategy_template": "Momentum Investing Style",
    "ml_model_used": null
  },
  "sql_query": "SELECT ( SELECT COALESCE(SUM(value), 0) FROM ( SELECT value FROM financials_quarterly fq WHERE fq.ticker = sdi.ticker AND fq.item_name = 'NetIncome' AND fq.statement_type IN ('IS_Q','CF_Q') AND fq.period_end <= DATE '2023-05-04' ORDER BY fq.period_end DESC LIMIT 4 ) as recent_quarters ) AS ttm_netincome , sdi.close_price, sdi.company_name, sdi.ma_20d, sdi.market_cap, sdi.momentum_12m, sdi.momentum_3m, sdi.rsi_14, sdi.ticker, sdi.volatility_20d FROM stocks_daily_info sdi WHERE sdi.market = 'KOSDAQ' AND sdi.market_cap >= 320000000000 AND sdi.event_date = DATE '2023-05-04' ORDER BY sdi.momentum_3m asc, sdi.momentum_12m desc LIMIT 14;",
  "baseline_execution_plan": {
    "Plan": {
      "Node Type": "Limit",
      "Parallel Aware": false,
      "Async Capable": false,
      "Startup Cost": 20.41,
      "Total Cost": 24.7,
      "Plan Rows": 1,
      "Plan Width": 96,
      "Plans": [
        {
          "Node Type": "Result",
          "Parent Relationship": "Outer",
          "Parallel Aware": false,
          "Async Capable": false,
          "Startup Cost": 20.41,
          "Total Cost": 24.7,
          "Plan Rows": 1,
          "Plan Width": 96,
          "Plans": [
            {
              "Node Type": "Sort",
              "Parent Relationship": "Outer",
              "Parallel Aware": false,
              "Async Capable": false,
              "Startup Cost": 20.41,
              "Total Cost": 20.41,
              "Plan Rows": 1,
              "Plan Width": 64,
              "Sort Key": [
                "sdi.momentum_3m",
                "sdi.momentum_12m DESC"
              ],
              "Plans": [
                {
                  "Node Type": "Bitmap Heap Scan",
                  "Parent Relationship": "Outer",
                  "Parallel Aware": false,
                  "Async Capable": false,
                  "Relation Name": "stocks_daily_info",
                  "Alias": "sdi",
                  "Startup Cost": 2.36,
                  "Total Cost": 20.4,
                  "Plan Rows": 1,
                  "Plan Width": 64,
                  "Recheck Cond": "(event_date = '2023-05-04'::date)",
                  "Filter": "((market_cap >= '320000000000'::numeric) AND (market = 'KOSDAQ'::text))",
                  "Plans": [
                    {
                      "Node Type": "Bitmap Index Scan",
                      "Parent Relationship": "Outer",
                      "Parallel Aware": false,
                      "Async Capable": false,
                      "Index Name": "idx_sdi_event_date",
                      "Startup Cost": 0.0,
                      "Total Cost": 2.36,
                      "Plan Rows": 10,
                      "Plan Width": 0,
                      "Index Cond": "(event_date = '2023-05-04'::date)"
                    }
                  ]
                }
              ]
            },
            {
              "Node Type": "Aggregate",
              "Strategy": "Plain",
              "Partial Mode": "Simple",
              "Parent Relationship": "SubPlan",
              "Subplan Name": "SubPlan 1",
              "Parallel Aware": false,
              "Async Capable": false,
              "Startup Cost": 4.27,
              "Total Cost": 4.28,
              "Plan Rows": 1,
              "Plan Width": 32,
              "Plans": [
                {
                  "Node Type": "Limit",
                  "Parent Relationship": "Outer",
                  "Parallel Aware": false,
                  "Async Capable": false,
                  "Startup Cost": 0.29,
                  "Total Cost": 4.25,
                  "Plan Rows": 1,
                  "Plan Width": 12,
                  "Plans": [
                    {
                      "Node Type": "Index Scan",
                      "Parent Relationship": "Outer",
                      "Parallel Aware": false,
                      "Async Capable": false,
                      "Scan Direction": "Backward",
                      "Index Name": "idx_finq_period_end",
                      "Relation Name": "financials_quarterly",
                      "Alias": "fq",
                      "Startup Cost": 0.29,
                      "Total Cost": 4.25,
                      "Plan Rows": 1,
                      "Plan Width": 12,
                      "Index Cond": "(period_end <= '2023-05-04'::date)",
                      "Filter": "((statement_type = ANY ('{IS_Q,CF_Q}'::text[])) AND (ticker = sdi.ticker) AND (item_name = 'NetIncome'::text))"
                    }
                  ]
                }
              ]
            }
          ]
        }
      ]
    }
  },
  "db_statistics": {
    "table_stats": {
      "stocks_daily_info": {
        "row_count": 12700,
        "size_mb": 1.71
      },
      "fundamentals_daily": {
        "row_count": 12080,
        "size_mb": 2.33
      },
      "financials_quarterly": {
        "row_count": 8634,
        "size_mb": 0.8
      }
    },
    "existing_indexes": [
      "backtest_results_pkey",
      "community_posts_pkey",
      "financials_quarterly_pkey",
      "fundamentals_daily_pkey",
      "idx_finq_period_end",
      "idx_finq_ticker",
      "idx_fund_event_date",
      "idx_fund_ticker",
      "idx_sdi_event_date",
      "idx_sdi_ticker",
      "ix_backtest_results_strategy_id",
      "ix_community_posts_author_id",
      "ix_community_posts_strategy_id",
      "ix_ml_models_owner_id",
      "ix_strategies_owner_id",
      "ix_users_email",
      "ml_models_pkey",
      "stocks_daily_info_pkey",
      "strategies_pkey",
      "users_pkey"
    ]
  }
}
---
{
  "workload_id": 3557,
  "metadata": {
    "strategy_template": "ML Hybrid Style",
    "ml_model_used": "Return Forecast Model"
  },
  "sql_query": "SELECT sdi.close_price, sdi.company_name, sdi.ma_20d, sdi.market_cap, sdi.momentum_12m, sdi.momentum_3m, sdi.rsi_14, sdi.ticker, sdi.volatility_20d FROM stocks_daily_info sdi WHERE sdi.market = 'KOSDAQ' AND sdi.market_cap >= 239800000000 AND sdi.event_date = DATE '2023-06-28' ORDER BY CASE sdi.ticker WHEN '000660.KS' THEN 1 WHEN '005930.KS' THEN 2 WHEN '068270.KQ' THEN 3 WHEN '207940.KS' THEN 4 WHEN '035420.KS' THEN 5 WHEN '005380.KS' THEN 6 WHEN '051910.KS' THEN 7 WHEN '012330.KS' THEN 8 WHEN '035720.KS' THEN 9 WHEN '105560.KS' THEN 10 ELSE 11 END LIMIT 19;",
  "baseline_execution_plan": {
    "Plan": {
      "Node Type": "Limit",
      "Parallel Aware": false,
      "Async Capable": false,
      "Startup Cost": 20.43,
      "Total Cost": 20.44,
      "Plan Rows": 1,
      "Plan Width": 68,
      "Plans": [
        {
          "Node Type": "Sort",
          "Parent Relationship": "Outer",
          "Parallel Aware": false,
          "Async Capable": false,
          "Startup Cost": 20.43,
          "Total Cost": 20.44,
          "Plan Rows": 1,
          "Plan Width": 68,
          "Sort Key": [
            "(CASE ticker WHEN '000660.KS'::text THEN 1 WHEN '005930.KS'::text THEN 2 WHEN '068270.KQ'::text THEN 3 WHEN '207940.KS'::text THEN 4 WHEN '035420.KS'::text THEN 5 WHEN '005380.KS'::text THEN 6 WHEN '051910.KS'::text THEN 7 WHEN '012330.KS'::text THEN 8 WHEN '035720.KS'::text THEN 9 WHEN '105560.KS'::text THEN 10 ELSE 11 END)"
          ],
          "Plans": [
            {
              "Node Type": "Bitmap Heap Scan",
              "Parent Relationship": "Outer",
              "Parallel Aware": false,
              "Async Capable": false,
              "Relation Name": "stocks_daily_info",
              "Alias": "sdi",
              "Startup Cost": 2.36,
              "Total Cost": 20.42,
              "Plan Rows": 1,
              "Plan Width": 68,
              "Recheck Cond": "(event_date = '2023-06-28'::date)",
              "Filter": "((market_cap >= '239800000000'::numeric) AND (market = 'KOSDAQ'::text))",
              "Plans": [
                {
                  "Node Type": "Bitmap Index Scan",
                  "Parent Relationship": "Outer",
                  "Parallel Aware": false,
                  "Async Capable": false,
                  "Index Name": "idx_sdi_event_date",
                  "Startup Cost": 0.0,
                  "Total Cost": 2.36,
                  "Plan Rows": 10,
                  "Plan Width": 0,
                  "Index Cond": "(event_date = '2023-06-28'::date)"
                }
              ]
            }
          ]
        }
      ]
    }
  },
  "db_statistics": {
    "table_stats": {
      "stocks_daily_info": {
        "row_count": 12700,
        "size_mb": 1.71
      },
      "fundamentals_daily": {
        "row_count": 12080,
        "size_mb": 2.33
      },
      "financials_quarterly": {
        "row_count": 8634,
        "size_mb": 0.8
      }
    },
    "existing_indexes": [
      "backtest_results_pkey",
      "community_posts_pkey",
      "financials_quarterly_pkey",
      "fundamentals_daily_pkey",
      "idx_finq_period_end",
      "idx_finq_ticker",
      "idx_fund_event_date",
      "idx_fund_ticker",
      "idx_sdi_event_date",
      "idx_sdi_ticker",
      "ix_backtest_results_strategy_id",
      "ix_community_posts_author_id",
      "ix_community_posts_strategy_id",
      "ix_ml_models_owner_id",
      "ix_strategies_owner_id",
      "ix_users_email",
      "ml_models_pkey",
      "stocks_daily_info_pkey",
      "strategies_pkey",
      "users_pkey"
    ]
  }
}
---
{
  "workload_id": 3558,
  "metadata": {
    "strategy_template": "Momentum Investing Style",
    "ml_model_used": null
  },
  "sql_query": "SELECT sdi.close_price, sdi.company_name, sdi.ma_20d, sdi.market_cap, sdi.momentum_12m, sdi.momentum_3m, sdi.rsi_14, sdi.ticker, sdi.volatility_20d FROM stocks_daily_info sdi WHERE sdi.market = 'KOSDAQ' AND sdi.market_cap >= 233100000000 AND sdi.event_date = DATE '2023-05-09' ORDER BY sdi.momentum_3m asc, sdi.momentum_12m desc LIMIT 36;",
  "baseline_execution_plan": {
    "Plan": {
      "Node Type": "Limit",
      "Parallel Aware": false,
      "Async Capable": false,
      "Startup Cost": 20.41,
      "Total Cost": 20.41,
      "Plan Rows": 1,
      "Plan Width": 64,
      "Plans": [
        {
          "Node Type": "Sort",
          "Parent Relationship": "Outer",
          "Parallel Aware": false,
          "Async Capable": false,
          "Startup Cost": 20.41,
          "Total Cost": 20.41,
          "Plan Rows": 1,
          "Plan Width": 64,
          "Sort Key": [
            "momentum_3m",
            "momentum_12m DESC"
          ],
          "Plans": [
            {
              "Node Type": "Bitmap Heap Scan",
              "Parent Relationship": "Outer",
              "Parallel Aware": false,
              "Async Capable": false,
              "Relation Name": "stocks_daily_info",
              "Alias": "sdi",
              "Startup Cost": 2.36,
              "Total Cost": 20.4,
              "Plan Rows": 1,
              "Plan Width": 64,
              "Recheck Cond": "(event_date = '2023-05-09'::date)",
              "Filter": "((market_cap >= '233100000000'::numeric) AND (market = 'KOSDAQ'::text))",
              "Plans": [
                {
                  "Node Type": "Bitmap Index Scan",
                  "Parent Relationship": "Outer",
                  "Parallel Aware": false,
                  "Async Capable": false,
                  "Index Name": "idx_sdi_event_date",
                  "Startup Cost": 0.0,
                  "Total Cost": 2.36,
                  "Plan Rows": 10,
                  "Plan Width": 0,
                  "Index Cond": "(event_date = '2023-05-09'::date)"
                }
              ]
            }
          ]
        }
      ]
    }
  },
  "db_statistics": {
    "table_stats": {
      "stocks_daily_info": {
        "row_count": 12700,
        "size_mb": 1.71
      },
      "fundamentals_daily": {
        "row_count": 12080,
        "size_mb": 2.33
      },
      "financials_quarterly": {
        "row_count": 8634,
        "size_mb": 0.8
      }
    },
    "existing_indexes": [
      "backtest_results_pkey",
      "community_posts_pkey",
      "financials_quarterly_pkey",
      "fundamentals_daily_pkey",
      "idx_finq_period_end",
      "idx_finq_ticker",
      "idx_fund_event_date",
      "idx_fund_ticker",
      "idx_sdi_event_date",
      "idx_sdi_ticker",
      "ix_backtest_results_strategy_id",
      "ix_community_posts_author_id",
      "ix_community_posts_strategy_id",
      "ix_ml_models_owner_id",
      "ix_strategies_owner_id",
      "ix_users_email",
      "ml_models_pkey",
      "stocks_daily_info_pkey",
      "strategies_pkey",
      "users_pkey"
    ]
  }
}
---
{
  "workload_id": 3559,
  "metadata": {
    "strategy_template": "ML Hybrid Style",
    "ml_model_used": "Return Forecast Model"
  },
  "sql_query": "SELECT sdi.close_price, sdi.company_name, sdi.ma_20d, sdi.market_cap, sdi.momentum_12m, sdi.momentum_3m, sdi.rsi_14, sdi.ticker, sdi.volatility_20d FROM stocks_daily_info sdi WHERE sdi.market = 'KOSDAQ' AND sdi.market_cap >= 184900000000 AND sdi.event_date = DATE '2023-08-02' ORDER BY CASE sdi.ticker WHEN '000660.KS' THEN 1 WHEN '005930.KS' THEN 2 WHEN '068270.KQ' THEN 3 WHEN '207940.KS' THEN 4 WHEN '035420.KS' THEN 5 WHEN '005380.KS' THEN 6 WHEN '051910.KS' THEN 7 WHEN '012330.KS' THEN 8 WHEN '035720.KS' THEN 9 WHEN '105560.KS' THEN 10 ELSE 11 END LIMIT 40;",
  "baseline_execution_plan": {
    "Plan": {
      "Node Type": "Limit",
      "Parallel Aware": false,
      "Async Capable": false,
      "Startup Cost": 20.43,
      "Total Cost": 20.44,
      "Plan Rows": 1,
      "Plan Width": 68,
      "Plans": [
        {
          "Node Type": "Sort",
          "Parent Relationship": "Outer",
          "Parallel Aware": false,
          "Async Capable": false,
          "Startup Cost": 20.43,
          "Total Cost": 20.44,
          "Plan Rows": 1,
          "Plan Width": 68,
          "Sort Key": [
            "(CASE ticker WHEN '000660.KS'::text THEN 1 WHEN '005930.KS'::text THEN 2 WHEN '068270.KQ'::text THEN 3 WHEN '207940.KS'::text THEN 4 WHEN '035420.KS'::text THEN 5 WHEN '005380.KS'::text THEN 6 WHEN '051910.KS'::text THEN 7 WHEN '012330.KS'::text THEN 8 WHEN '035720.KS'::text THEN 9 WHEN '105560.KS'::text THEN 10 ELSE 11 END)"
          ],
          "Plans": [
            {
              "Node Type": "Bitmap Heap Scan",
              "Parent Relationship": "Outer",
              "Parallel Aware": false,
              "Async Capable": false,
              "Relation Name": "stocks_daily_info",
              "Alias": "sdi",
              "Startup Cost": 2.36,
              "Total Cost": 20.42,
              "Plan Rows": 1,
              "Plan Width": 68,
              "Recheck Cond": "(event_date = '2023-08-02'::date)",
              "Filter": "((market_cap >= '184900000000'::numeric) AND (market = 'KOSDAQ'::text))",
              "Plans": [
                {
                  "Node Type": "Bitmap Index Scan",
                  "Parent Relationship": "Outer",
                  "Parallel Aware": false,
                  "Async Capable": false,
                  "Index Name": "idx_sdi_event_date",
                  "Startup Cost": 0.0,
                  "Total Cost": 2.36,
                  "Plan Rows": 10,
                  "Plan Width": 0,
                  "Index Cond": "(event_date = '2023-08-02'::date)"
                }
              ]
            }
          ]
        }
      ]
    }
  },
  "db_statistics": {
    "table_stats": {
      "stocks_daily_info": {
        "row_count": 12700,
        "size_mb": 1.71
      },
      "fundamentals_daily": {
        "row_count": 12080,
        "size_mb": 2.33
      },
      "financials_quarterly": {
        "row_count": 8634,
        "size_mb": 0.8
      }
    },
    "existing_indexes": [
      "backtest_results_pkey",
      "community_posts_pkey",
      "financials_quarterly_pkey",
      "fundamentals_daily_pkey",
      "idx_finq_period_end",
      "idx_finq_ticker",
      "idx_fund_event_date",
      "idx_fund_ticker",
      "idx_sdi_event_date",
      "idx_sdi_ticker",
      "ix_backtest_results_strategy_id",
      "ix_community_posts_author_id",
      "ix_community_posts_strategy_id",
      "ix_ml_models_owner_id",
      "ix_strategies_owner_id",
      "ix_users_email",
      "ml_models_pkey",
      "stocks_daily_info_pkey",
      "strategies_pkey",
      "users_pkey"
    ]
  }
}
---
{
  "workload_id": 3560,
  "metadata": {
    "strategy_template": "Value Investing Style",
    "ml_model_used": null
  },
  "sql_query": "SELECT fd.bps, fd.dividend_yield, fd.eps, fd.pbr, fd.per, sdi.close_price, sdi.company_name, sdi.ma_20d, sdi.market_cap, sdi.momentum_12m, sdi.momentum_3m, sdi.rsi_14, sdi.ticker, sdi.volatility_20d FROM stocks_daily_info sdi LEFT JOIN fundamentals_daily fd ON fd.ticker = sdi.ticker AND fd.event_date = sdi.event_date WHERE sdi.market = 'KOSDAQ' AND sdi.market_cap >= 364000000000 AND sdi.event_date = DATE '2023-05-10' ORDER BY fd.pbr desc, fd.per asc, fd.eps desc LIMIT 23;",
  "baseline_execution_plan": {
    "Plan": {
      "Node Type": "Limit",
      "Parallel Aware": false,
      "Async Capable": false,
      "Startup Cost": 24.72,
      "Total Cost": 24.73,
      "Plan Rows": 1,
      "Plan Width": 105,
      "Plans": [
        {
          "Node Type": "Sort",
          "Parent Relationship": "Outer",
          "Parallel Aware": false,
          "Async Capable": false,
          "Startup Cost": 24.72,
          "Total Cost": 24.73,
          "Plan Rows": 1,
          "Plan Width": 105,
          "Sort Key": [
            "fd.pbr DESC",
            "fd.per",
            "fd.eps DESC"
          ],
          "Plans": [
            {
              "Node Type": "Nested Loop",
              "Parent Relationship": "Outer",
              "Parallel Aware": false,
              "Async Capable": false,
              "Join Type": "Left",
              "Startup Cost": 2.65,
              "Total Cost": 24.71,
              "Plan Rows": 1,
              "Plan Width": 105,
              "Inner Unique": true,
              "Plans": [
                {
                  "Node Type": "Bitmap Heap Scan",
                  "Parent Relationship": "Outer",
                  "Parallel Aware": false,
                  "Async Capable": false,
                  "Relation Name": "stocks_daily_info",
                  "Alias": "sdi",
                  "Startup Cost": 2.36,
                  "Total Cost": 20.4,
                  "Plan Rows": 1,
                  "Plan Width": 68,
                  "Recheck Cond": "(event_date = '2023-05-10'::date)",
                  "Filter": "((market_cap >= '364000000000'::numeric) AND (market = 'KOSDAQ'::text))",
                  "Plans": [
                    {
                      "Node Type": "Bitmap Index Scan",
                      "Parent Relationship": "Outer",
                      "Parallel Aware": false,
                      "Async Capable": false,
                      "Index Name": "idx_sdi_event_date",
                      "Startup Cost": 0.0,
                      "Total Cost": 2.36,
                      "Plan Rows": 10,
                      "Plan Width": 0,
                      "Index Cond": "(event_date = '2023-05-10'::date)"
                    }
                  ]
                },
                {
                  "Node Type": "Index Scan",
                  "Parent Relationship": "Inner",
                  "Parallel Aware": false,
                  "Async Capable": false,
                  "Scan Direction": "Forward",
                  "Index Name": "fundamentals_daily_pkey",
                  "Relation Name": "fundamentals_daily",
                  "Alias": "fd",
                  "Startup Cost": 0.29,
                  "Total Cost": 4.3,
                  "Plan Rows": 1,
                  "Plan Width": 55,
                  "Index Cond": "((event_date = '2023-05-10'::date) AND (ticker = sdi.ticker))"
                }
              ]
            }
          ]
        }
      ]
    }
  },
  "db_statistics": {
    "table_stats": {
      "stocks_daily_info": {
        "row_count": 12700,
        "size_mb": 1.71
      },
      "fundamentals_daily": {
        "row_count": 12080,
        "size_mb": 2.33
      },
      "financials_quarterly": {
        "row_count": 8634,
        "size_mb": 0.8
      }
    },
    "existing_indexes": [
      "backtest_results_pkey",
      "community_posts_pkey",
      "financials_quarterly_pkey",
      "fundamentals_daily_pkey",
      "idx_finq_period_end",
      "idx_finq_ticker",
      "idx_fund_event_date",
      "idx_fund_ticker",
      "idx_sdi_event_date",
      "idx_sdi_ticker",
      "ix_backtest_results_strategy_id",
      "ix_community_posts_author_id",
      "ix_community_posts_strategy_id",
      "ix_ml_models_owner_id",
      "ix_strategies_owner_id",
      "ix_users_email",
      "ml_models_pkey",
      "stocks_daily_info_pkey",
      "strategies_pkey",
      "users_pkey"
    ]
  }
}
---
{
  "workload_id": 3561,
  "metadata": {
    "strategy_template": "Value Investing Style",
    "ml_model_used": null
  },
  "sql_query": "SELECT fd.bps, fd.dividend_yield, fd.eps, fd.pbr, fd.per, sdi.close_price, sdi.company_name, sdi.ma_20d, sdi.market_cap, sdi.momentum_12m, sdi.momentum_3m, sdi.rsi_14, sdi.ticker, sdi.volatility_20d FROM stocks_daily_info sdi LEFT JOIN fundamentals_daily fd ON fd.ticker = sdi.ticker AND fd.event_date = sdi.event_date WHERE sdi.market = 'KOSPI' AND sdi.market_cap >= 166900000000 AND sdi.event_date = DATE '2023-09-22' ORDER BY fd.pbr desc, fd.per asc LIMIT 19;",
  "baseline_execution_plan": {
    "Plan": {
      "Node Type": "Limit",
      "Parallel Aware": false,
      "Async Capable": false,
      "Startup Cost": 24.72,
      "Total Cost": 24.73,
      "Plan Rows": 1,
      "Plan Width": 105,
      "Plans": [
        {
          "Node Type": "Sort",
          "Parent Relationship": "Outer",
          "Parallel Aware": false,
          "Async Capable": false,
          "Startup Cost": 24.72,
          "Total Cost": 24.73,
          "Plan Rows": 1,
          "Plan Width": 105,
          "Sort Key": [
            "fd.pbr DESC",
            "fd.per"
          ],
          "Plans": [
            {
              "Node Type": "Nested Loop",
              "Parent Relationship": "Outer",
              "Parallel Aware": false,
              "Async Capable": false,
              "Join Type": "Left",
              "Startup Cost": 2.65,
              "Total Cost": 24.71,
              "Plan Rows": 1,
              "Plan Width": 105,
              "Inner Unique": true,
              "Plans": [
                {
                  "Node Type": "Bitmap Heap Scan",
                  "Parent Relationship": "Outer",
                  "Parallel Aware": false,
                  "Async Capable": false,
                  "Relation Name": "stocks_daily_info",
                  "Alias": "sdi",
                  "Startup Cost": 2.36,
                  "Total Cost": 20.4,
                  "Plan Rows": 1,
                  "Plan Width": 68,
                  "Recheck Cond": "(event_date = '2023-09-22'::date)",
                  "Filter": "((market_cap >= '166900000000'::numeric) AND (market = 'KOSPI'::text))",
                  "Plans": [
                    {
                      "Node Type": "Bitmap Index Scan",
                      "Parent Relationship": "Outer",
                      "Parallel Aware": false,
                      "Async Capable": false,
                      "Index Name": "idx_sdi_event_date",
                      "Startup Cost": 0.0,
                      "Total Cost": 2.36,
                      "Plan Rows": 10,
                      "Plan Width": 0,
                      "Index Cond": "(event_date = '2023-09-22'::date)"
                    }
                  ]
                },
                {
                  "Node Type": "Index Scan",
                  "Parent Relationship": "Inner",
                  "Parallel Aware": false,
                  "Async Capable": false,
                  "Scan Direction": "Forward",
                  "Index Name": "fundamentals_daily_pkey",
                  "Relation Name": "fundamentals_daily",
                  "Alias": "fd",
                  "Startup Cost": 0.29,
                  "Total Cost": 4.3,
                  "Plan Rows": 1,
                  "Plan Width": 55,
                  "Index Cond": "((event_date = '2023-09-22'::date) AND (ticker = sdi.ticker))"
                }
              ]
            }
          ]
        }
      ]
    }
  },
  "db_statistics": {
    "table_stats": {
      "stocks_daily_info": {
        "row_count": 12700,
        "size_mb": 1.71
      },
      "fundamentals_daily": {
        "row_count": 12080,
        "size_mb": 2.33
      },
      "financials_quarterly": {
        "row_count": 8634,
        "size_mb": 0.8
      }
    },
    "existing_indexes": [
      "backtest_results_pkey",
      "community_posts_pkey",
      "financials_quarterly_pkey",
      "fundamentals_daily_pkey",
      "idx_finq_period_end",
      "idx_finq_ticker",
      "idx_fund_event_date",
      "idx_fund_ticker",
      "idx_sdi_event_date",
      "idx_sdi_ticker",
      "ix_backtest_results_strategy_id",
      "ix_community_posts_author_id",
      "ix_community_posts_strategy_id",
      "ix_ml_models_owner_id",
      "ix_strategies_owner_id",
      "ix_users_email",
      "ml_models_pkey",
      "stocks_daily_info_pkey",
      "strategies_pkey",
      "users_pkey"
    ]
  }
}
---
{
  "workload_id": 3562,
  "metadata": {
    "strategy_template": "Momentum Investing Style",
    "ml_model_used": null
  },
  "sql_query": "SELECT sdi.close_price, sdi.company_name, sdi.ma_20d, sdi.market_cap, sdi.momentum_12m, sdi.momentum_3m, sdi.rsi_14, sdi.ticker, sdi.volatility_20d FROM stocks_daily_info sdi WHERE sdi.market = 'KOSDAQ' AND sdi.market_cap >= 265700000000 AND sdi.event_date = DATE '2023-10-05' ORDER BY sdi.momentum_3m desc, sdi.momentum_12m asc LIMIT 32;",
  "baseline_execution_plan": {
    "Plan": {
      "Node Type": "Limit",
      "Parallel Aware": false,
      "Async Capable": false,
      "Startup Cost": 20.41,
      "Total Cost": 20.41,
      "Plan Rows": 1,
      "Plan Width": 64,
      "Plans": [
        {
          "Node Type": "Sort",
          "Parent Relationship": "Outer",
          "Parallel Aware": false,
          "Async Capable": false,
          "Startup Cost": 20.41,
          "Total Cost": 20.41,
          "Plan Rows": 1,
          "Plan Width": 64,
          "Sort Key": [
            "momentum_3m DESC",
            "momentum_12m"
          ],
          "Plans": [
            {
              "Node Type": "Bitmap Heap Scan",
              "Parent Relationship": "Outer",
              "Parallel Aware": false,
              "Async Capable": false,
              "Relation Name": "stocks_daily_info",
              "Alias": "sdi",
              "Startup Cost": 2.36,
              "Total Cost": 20.4,
              "Plan Rows": 1,
              "Plan Width": 64,
              "Recheck Cond": "(event_date = '2023-10-05'::date)",
              "Filter": "((market_cap >= '265700000000'::numeric) AND (market = 'KOSDAQ'::text))",
              "Plans": [
                {
                  "Node Type": "Bitmap Index Scan",
                  "Parent Relationship": "Outer",
                  "Parallel Aware": false,
                  "Async Capable": false,
                  "Index Name": "idx_sdi_event_date",
                  "Startup Cost": 0.0,
                  "Total Cost": 2.36,
                  "Plan Rows": 10,
                  "Plan Width": 0,
                  "Index Cond": "(event_date = '2023-10-05'::date)"
                }
              ]
            }
          ]
        }
      ]
    }
  },
  "db_statistics": {
    "table_stats": {
      "stocks_daily_info": {
        "row_count": 12700,
        "size_mb": 1.71
      },
      "fundamentals_daily": {
        "row_count": 12080,
        "size_mb": 2.33
      },
      "financials_quarterly": {
        "row_count": 8634,
        "size_mb": 0.8
      }
    },
    "existing_indexes": [
      "backtest_results_pkey",
      "community_posts_pkey",
      "financials_quarterly_pkey",
      "fundamentals_daily_pkey",
      "idx_finq_period_end",
      "idx_finq_ticker",
      "idx_fund_event_date",
      "idx_fund_ticker",
      "idx_sdi_event_date",
      "idx_sdi_ticker",
      "ix_backtest_results_strategy_id",
      "ix_community_posts_author_id",
      "ix_community_posts_strategy_id",
      "ix_ml_models_owner_id",
      "ix_strategies_owner_id",
      "ix_users_email",
      "ml_models_pkey",
      "stocks_daily_info_pkey",
      "strategies_pkey",
      "users_pkey"
    ]
  }
}
---
{
  "workload_id": 3563,
  "metadata": {
    "strategy_template": "Momentum Investing Style",
    "ml_model_used": null
  },
  "sql_query": "SELECT sdi.close_price, sdi.company_name, sdi.ma_20d, sdi.market_cap, sdi.momentum_12m, sdi.momentum_3m, sdi.rsi_14, sdi.ticker, sdi.volatility_20d FROM stocks_daily_info sdi WHERE sdi.market = 'KOSDAQ' AND sdi.market_cap >= 377300000000 AND sdi.event_date = DATE '2023-05-21' ORDER BY sdi.momentum_3m asc, sdi.momentum_12m asc, sdi.volatility_20d asc, sdi.rsi_14 desc LIMIT 41;",
  "baseline_execution_plan": {
    "Plan": {
      "Node Type": "Limit",
      "Parallel Aware": false,
      "Async Capable": false,
      "Startup Cost": 20.41,
      "Total Cost": 20.41,
      "Plan Rows": 1,
      "Plan Width": 64,
      "Plans": [
        {
          "Node Type": "Sort",
          "Parent Relationship": "Outer",
          "Parallel Aware": false,
          "Async Capable": false,
          "Startup Cost": 20.41,
          "Total Cost": 20.41,
          "Plan Rows": 1,
          "Plan Width": 64,
          "Sort Key": [
            "momentum_3m",
            "momentum_12m",
            "volatility_20d",
            "rsi_14 DESC"
          ],
          "Plans": [
            {
              "Node Type": "Bitmap Heap Scan",
              "Parent Relationship": "Outer",
              "Parallel Aware": false,
              "Async Capable": false,
              "Relation Name": "stocks_daily_info",
              "Alias": "sdi",
              "Startup Cost": 2.36,
              "Total Cost": 20.4,
              "Plan Rows": 1,
              "Plan Width": 64,
              "Recheck Cond": "(event_date = '2023-05-21'::date)",
              "Filter": "((market_cap >= '377300000000'::numeric) AND (market = 'KOSDAQ'::text))",
              "Plans": [
                {
                  "Node Type": "Bitmap Index Scan",
                  "Parent Relationship": "Outer",
                  "Parallel Aware": false,
                  "Async Capable": false,
                  "Index Name": "idx_sdi_event_date",
                  "Startup Cost": 0.0,
                  "Total Cost": 2.36,
                  "Plan Rows": 10,
                  "Plan Width": 0,
                  "Index Cond": "(event_date = '2023-05-21'::date)"
                }
              ]
            }
          ]
        }
      ]
    }
  },
  "db_statistics": {
    "table_stats": {
      "stocks_daily_info": {
        "row_count": 12700,
        "size_mb": 1.71
      },
      "fundamentals_daily": {
        "row_count": 12080,
        "size_mb": 2.33
      },
      "financials_quarterly": {
        "row_count": 8634,
        "size_mb": 0.8
      }
    },
    "existing_indexes": [
      "backtest_results_pkey",
      "community_posts_pkey",
      "financials_quarterly_pkey",
      "fundamentals_daily_pkey",
      "idx_finq_period_end",
      "idx_finq_ticker",
      "idx_fund_event_date",
      "idx_fund_ticker",
      "idx_sdi_event_date",
      "idx_sdi_ticker",
      "ix_backtest_results_strategy_id",
      "ix_community_posts_author_id",
      "ix_community_posts_strategy_id",
      "ix_ml_models_owner_id",
      "ix_strategies_owner_id",
      "ix_users_email",
      "ml_models_pkey",
      "stocks_daily_info_pkey",
      "strategies_pkey",
      "users_pkey"
    ]
  }
}
---
{
  "workload_id": 3564,
  "metadata": {
    "strategy_template": "ML Hybrid Style",
    "ml_model_used": "Return Forecast Model"
  },
  "sql_query": "SELECT fd.bps, fd.dividend_yield, fd.eps, fd.pbr, fd.per, sdi.close_price, sdi.company_name, sdi.ma_20d, sdi.market_cap, sdi.momentum_12m, sdi.momentum_3m, sdi.rsi_14, sdi.ticker, sdi.volatility_20d FROM stocks_daily_info sdi LEFT JOIN fundamentals_daily fd ON fd.ticker = sdi.ticker AND fd.event_date = sdi.event_date WHERE sdi.market = 'KOSPI' AND sdi.market_cap >= 391900000000 AND sdi.event_date = DATE '2023-06-08' ORDER BY CASE sdi.ticker WHEN '000660.KS' THEN 1 WHEN '005930.KS' THEN 2 WHEN '068270.KQ' THEN 3 WHEN '207940.KS' THEN 4 WHEN '035420.KS' THEN 5 WHEN '005380.KS' THEN 6 WHEN '051910.KS' THEN 7 WHEN '012330.KS' THEN 8 WHEN '035720.KS' THEN 9 WHEN '105560.KS' THEN 10 ELSE 11 END LIMIT 18;",
  "baseline_execution_plan": {
    "Plan": {
      "Node Type": "Limit",
      "Parallel Aware": false,
      "Async Capable": false,
      "Startup Cost": 24.75,
      "Total Cost": 24.75,
      "Plan Rows": 1,
      "Plan Width": 109,
      "Plans": [
        {
          "Node Type": "Sort",
          "Parent Relationship": "Outer",
          "Parallel Aware": false,
          "Async Capable": false,
          "Startup Cost": 24.75,
          "Total Cost": 24.75,
          "Plan Rows": 1,
          "Plan Width": 109,
          "Sort Key": [
            "(CASE sdi.ticker WHEN '000660.KS'::text THEN 1 WHEN '005930.KS'::text THEN 2 WHEN '068270.KQ'::text THEN 3 WHEN '207940.KS'::text THEN 4 WHEN '035420.KS'::text THEN 5 WHEN '005380.KS'::text THEN 6 WHEN '051910.KS'::text THEN 7 WHEN '012330.KS'::text THEN 8 WHEN '035720.KS'::text THEN 9 WHEN '105560.KS'::text THEN 10 ELSE 11 END)"
          ],
          "Plans": [
            {
              "Node Type": "Nested Loop",
              "Parent Relationship": "Outer",
              "Parallel Aware": false,
              "Async Capable": false,
              "Join Type": "Left",
              "Startup Cost": 2.65,
              "Total Cost": 24.74,
              "Plan Rows": 1,
              "Plan Width": 109,
              "Inner Unique": true,
              "Plans": [
                {
                  "Node Type": "Bitmap Heap Scan",
                  "Parent Relationship": "Outer",
                  "Parallel Aware": false,
                  "Async Capable": false,
                  "Relation Name": "stocks_daily_info",
                  "Alias": "sdi",
                  "Startup Cost": 2.36,
                  "Total Cost": 20.4,
                  "Plan Rows": 1,
                  "Plan Width": 68,
                  "Recheck Cond": "(event_date = '2023-06-08'::date)",
                  "Filter": "((market_cap >= '391900000000'::numeric) AND (market = 'KOSPI'::text))",
                  "Plans": [
                    {
                      "Node Type": "Bitmap Index Scan",
                      "Parent Relationship": "Outer",
                      "Parallel Aware": false,
                      "Async Capable": false,
                      "Index Name": "idx_sdi_event_date",
                      "Startup Cost": 0.0,
                      "Total Cost": 2.36,
                      "Plan Rows": 10,
                      "Plan Width": 0,
                      "Index Cond": "(event_date = '2023-06-08'::date)"
                    }
                  ]
                },
                {
                  "Node Type": "Index Scan",
                  "Parent Relationship": "Inner",
                  "Parallel Aware": false,
                  "Async Capable": false,
                  "Scan Direction": "Forward",
                  "Index Name": "fundamentals_daily_pkey",
                  "Relation Name": "fundamentals_daily",
                  "Alias": "fd",
                  "Startup Cost": 0.29,
                  "Total Cost": 4.3,
                  "Plan Rows": 1,
                  "Plan Width": 55,
                  "Index Cond": "((event_date = '2023-06-08'::date) AND (ticker = sdi.ticker))"
                }
              ]
            }
          ]
        }
      ]
    }
  },
  "db_statistics": {
    "table_stats": {
      "stocks_daily_info": {
        "row_count": 12700,
        "size_mb": 1.71
      },
      "fundamentals_daily": {
        "row_count": 12080,
        "size_mb": 2.33
      },
      "financials_quarterly": {
        "row_count": 8634,
        "size_mb": 0.8
      }
    },
    "existing_indexes": [
      "backtest_results_pkey",
      "community_posts_pkey",
      "financials_quarterly_pkey",
      "fundamentals_daily_pkey",
      "idx_finq_period_end",
      "idx_finq_ticker",
      "idx_fund_event_date",
      "idx_fund_ticker",
      "idx_sdi_event_date",
      "idx_sdi_ticker",
      "ix_backtest_results_strategy_id",
      "ix_community_posts_author_id",
      "ix_community_posts_strategy_id",
      "ix_ml_models_owner_id",
      "ix_strategies_owner_id",
      "ix_users_email",
      "ml_models_pkey",
      "stocks_daily_info_pkey",
      "strategies_pkey",
      "users_pkey"
    ]
  }
}
---
{
  "workload_id": 3565,
  "metadata": {
    "strategy_template": "Momentum Investing Style",
    "ml_model_used": null
  },
  "sql_query": "SELECT ( SELECT COALESCE(SUM(value), 0) FROM ( SELECT value FROM financials_quarterly fq WHERE fq.ticker = sdi.ticker AND fq.item_name = 'OperatingIncome' AND fq.statement_type IN ('IS_Q','CF_Q') AND fq.period_end <= DATE '2023-05-30' ORDER BY fq.period_end DESC LIMIT 4 ) as recent_quarters ) AS ttm_operatingincome , sdi.close_price, sdi.company_name, sdi.ma_20d, sdi.market_cap, sdi.momentum_12m, sdi.momentum_3m, sdi.rsi_14, sdi.ticker, sdi.volatility_20d FROM stocks_daily_info sdi WHERE sdi.market = 'KOSPI' AND sdi.market_cap >= 106100000000 AND sdi.event_date = DATE '2023-05-30' ORDER BY sdi.momentum_3m asc, sdi.momentum_12m asc LIMIT 35;",
  "baseline_execution_plan": {
    "Plan": {
      "Node Type": "Limit",
      "Parallel Aware": false,
      "Async Capable": false,
      "Startup Cost": 20.41,
      "Total Cost": 24.7,
      "Plan Rows": 1,
      "Plan Width": 96,
      "Plans": [
        {
          "Node Type": "Result",
          "Parent Relationship": "Outer",
          "Parallel Aware": false,
          "Async Capable": false,
          "Startup Cost": 20.41,
          "Total Cost": 24.7,
          "Plan Rows": 1,
          "Plan Width": 96,
          "Plans": [
            {
              "Node Type": "Sort",
              "Parent Relationship": "Outer",
              "Parallel Aware": false,
              "Async Capable": false,
              "Startup Cost": 20.41,
              "Total Cost": 20.41,
              "Plan Rows": 1,
              "Plan Width": 64,
              "Sort Key": [
                "sdi.momentum_3m",
                "sdi.momentum_12m"
              ],
              "Plans": [
                {
                  "Node Type": "Bitmap Heap Scan",
                  "Parent Relationship": "Outer",
                  "Parallel Aware": false,
                  "Async Capable": false,
                  "Relation Name": "stocks_daily_info",
                  "Alias": "sdi",
                  "Startup Cost": 2.36,
                  "Total Cost": 20.4,
                  "Plan Rows": 1,
                  "Plan Width": 64,
                  "Recheck Cond": "(event_date = '2023-05-30'::date)",
                  "Filter": "((market_cap >= '106100000000'::numeric) AND (market = 'KOSPI'::text))",
                  "Plans": [
                    {
                      "Node Type": "Bitmap Index Scan",
                      "Parent Relationship": "Outer",
                      "Parallel Aware": false,
                      "Async Capable": false,
                      "Index Name": "idx_sdi_event_date",
                      "Startup Cost": 0.0,
                      "Total Cost": 2.36,
                      "Plan Rows": 10,
                      "Plan Width": 0,
                      "Index Cond": "(event_date = '2023-05-30'::date)"
                    }
                  ]
                }
              ]
            },
            {
              "Node Type": "Aggregate",
              "Strategy": "Plain",
              "Partial Mode": "Simple",
              "Parent Relationship": "SubPlan",
              "Subplan Name": "SubPlan 1",
              "Parallel Aware": false,
              "Async Capable": false,
              "Startup Cost": 4.27,
              "Total Cost": 4.28,
              "Plan Rows": 1,
              "Plan Width": 32,
              "Plans": [
                {
                  "Node Type": "Limit",
                  "Parent Relationship": "Outer",
                  "Parallel Aware": false,
                  "Async Capable": false,
                  "Startup Cost": 0.29,
                  "Total Cost": 4.25,
                  "Plan Rows": 1,
                  "Plan Width": 12,
                  "Plans": [
                    {
                      "Node Type": "Index Scan",
                      "Parent Relationship": "Outer",
                      "Parallel Aware": false,
                      "Async Capable": false,
                      "Scan Direction": "Backward",
                      "Index Name": "idx_finq_period_end",
                      "Relation Name": "financials_quarterly",
                      "Alias": "fq",
                      "Startup Cost": 0.29,
                      "Total Cost": 4.25,
                      "Plan Rows": 1,
                      "Plan Width": 12,
                      "Index Cond": "(period_end <= '2023-05-30'::date)",
                      "Filter": "((statement_type = ANY ('{IS_Q,CF_Q}'::text[])) AND (ticker = sdi.ticker) AND (item_name = 'OperatingIncome'::text))"
                    }
                  ]
                }
              ]
            }
          ]
        }
      ]
    }
  },
  "db_statistics": {
    "table_stats": {
      "stocks_daily_info": {
        "row_count": 12700,
        "size_mb": 1.71
      },
      "fundamentals_daily": {
        "row_count": 12080,
        "size_mb": 2.33
      },
      "financials_quarterly": {
        "row_count": 8634,
        "size_mb": 0.8
      }
    },
    "existing_indexes": [
      "backtest_results_pkey",
      "community_posts_pkey",
      "financials_quarterly_pkey",
      "fundamentals_daily_pkey",
      "idx_finq_period_end",
      "idx_finq_ticker",
      "idx_fund_event_date",
      "idx_fund_ticker",
      "idx_sdi_event_date",
      "idx_sdi_ticker",
      "ix_backtest_results_strategy_id",
      "ix_community_posts_author_id",
      "ix_community_posts_strategy_id",
      "ix_ml_models_owner_id",
      "ix_strategies_owner_id",
      "ix_users_email",
      "ml_models_pkey",
      "stocks_daily_info_pkey",
      "strategies_pkey",
      "users_pkey"
    ]
  }
}
---
{
  "workload_id": 3566,
  "metadata": {
    "strategy_template": "Momentum Investing Style",
    "ml_model_used": null
  },
  "sql_query": "SELECT sdi.close_price, sdi.company_name, sdi.ma_20d, sdi.market_cap, sdi.momentum_12m, sdi.momentum_3m, sdi.rsi_14, sdi.ticker, sdi.volatility_20d FROM stocks_daily_info sdi WHERE sdi.market = 'KOSPI' AND sdi.market_cap >= 294500000000 AND sdi.event_date = DATE '2023-07-11' ORDER BY sdi.momentum_3m desc, sdi.momentum_12m desc, sdi.rsi_14 desc, sdi.volatility_20d asc LIMIT 35;",
  "baseline_execution_plan": {
    "Plan": {
      "Node Type": "Limit",
      "Parallel Aware": false,
      "Async Capable": false,
      "Startup Cost": 20.41,
      "Total Cost": 20.41,
      "Plan Rows": 1,
      "Plan Width": 64,
      "Plans": [
        {
          "Node Type": "Sort",
          "Parent Relationship": "Outer",
          "Parallel Aware": false,
          "Async Capable": false,
          "Startup Cost": 20.41,
          "Total Cost": 20.41,
          "Plan Rows": 1,
          "Plan Width": 64,
          "Sort Key": [
            "momentum_3m DESC",
            "momentum_12m DESC",
            "rsi_14 DESC",
            "volatility_20d"
          ],
          "Plans": [
            {
              "Node Type": "Bitmap Heap Scan",
              "Parent Relationship": "Outer",
              "Parallel Aware": false,
              "Async Capable": false,
              "Relation Name": "stocks_daily_info",
              "Alias": "sdi",
              "Startup Cost": 2.36,
              "Total Cost": 20.4,
              "Plan Rows": 1,
              "Plan Width": 64,
              "Recheck Cond": "(event_date = '2023-07-11'::date)",
              "Filter": "((market_cap >= '294500000000'::numeric) AND (market = 'KOSPI'::text))",
              "Plans": [
                {
                  "Node Type": "Bitmap Index Scan",
                  "Parent Relationship": "Outer",
                  "Parallel Aware": false,
                  "Async Capable": false,
                  "Index Name": "idx_sdi_event_date",
                  "Startup Cost": 0.0,
                  "Total Cost": 2.36,
                  "Plan Rows": 10,
                  "Plan Width": 0,
                  "Index Cond": "(event_date = '2023-07-11'::date)"
                }
              ]
            }
          ]
        }
      ]
    }
  },
  "db_statistics": {
    "table_stats": {
      "stocks_daily_info": {
        "row_count": 12700,
        "size_mb": 1.71
      },
      "fundamentals_daily": {
        "row_count": 12080,
        "size_mb": 2.33
      },
      "financials_quarterly": {
        "row_count": 8634,
        "size_mb": 0.8
      }
    },
    "existing_indexes": [
      "backtest_results_pkey",
      "community_posts_pkey",
      "financials_quarterly_pkey",
      "fundamentals_daily_pkey",
      "idx_finq_period_end",
      "idx_finq_ticker",
      "idx_fund_event_date",
      "idx_fund_ticker",
      "idx_sdi_event_date",
      "idx_sdi_ticker",
      "ix_backtest_results_strategy_id",
      "ix_community_posts_author_id",
      "ix_community_posts_strategy_id",
      "ix_ml_models_owner_id",
      "ix_strategies_owner_id",
      "ix_users_email",
      "ml_models_pkey",
      "stocks_daily_info_pkey",
      "strategies_pkey",
      "users_pkey"
    ]
  }
}
---
{
  "workload_id": 3567,
  "metadata": {
    "strategy_template": "ML Hybrid Style",
    "ml_model_used": "Return Forecast Model"
  },
  "sql_query": "SELECT fd.bps, fd.dividend_yield, fd.eps, fd.pbr, fd.per, sdi.close_price, sdi.company_name, sdi.ma_20d, sdi.market_cap, sdi.momentum_12m, sdi.momentum_3m, sdi.rsi_14, sdi.ticker, sdi.volatility_20d FROM stocks_daily_info sdi LEFT JOIN fundamentals_daily fd ON fd.ticker = sdi.ticker AND fd.event_date = sdi.event_date WHERE sdi.market = 'KOSDAQ' AND sdi.market_cap >= 282400000000 AND sdi.event_date = DATE '2023-10-13' ORDER BY CASE sdi.ticker WHEN '000660.KS' THEN 1 WHEN '005930.KS' THEN 2 WHEN '068270.KQ' THEN 3 WHEN '207940.KS' THEN 4 WHEN '035420.KS' THEN 5 WHEN '005380.KS' THEN 6 WHEN '051910.KS' THEN 7 WHEN '012330.KS' THEN 8 WHEN '035720.KS' THEN 9 WHEN '105560.KS' THEN 10 ELSE 11 END LIMIT 38;",
  "baseline_execution_plan": {
    "Plan": {
      "Node Type": "Limit",
      "Parallel Aware": false,
      "Async Capable": false,
      "Startup Cost": 24.75,
      "Total Cost": 24.75,
      "Plan Rows": 1,
      "Plan Width": 109,
      "Plans": [
        {
          "Node Type": "Sort",
          "Parent Relationship": "Outer",
          "Parallel Aware": false,
          "Async Capable": false,
          "Startup Cost": 24.75,
          "Total Cost": 24.75,
          "Plan Rows": 1,
          "Plan Width": 109,
          "Sort Key": [
            "(CASE sdi.ticker WHEN '000660.KS'::text THEN 1 WHEN '005930.KS'::text THEN 2 WHEN '068270.KQ'::text THEN 3 WHEN '207940.KS'::text THEN 4 WHEN '035420.KS'::text THEN 5 WHEN '005380.KS'::text THEN 6 WHEN '051910.KS'::text THEN 7 WHEN '012330.KS'::text THEN 8 WHEN '035720.KS'::text THEN 9 WHEN '105560.KS'::text THEN 10 ELSE 11 END)"
          ],
          "Plans": [
            {
              "Node Type": "Nested Loop",
              "Parent Relationship": "Outer",
              "Parallel Aware": false,
              "Async Capable": false,
              "Join Type": "Left",
              "Startup Cost": 2.65,
              "Total Cost": 24.74,
              "Plan Rows": 1,
              "Plan Width": 109,
              "Inner Unique": true,
              "Plans": [
                {
                  "Node Type": "Bitmap Heap Scan",
                  "Parent Relationship": "Outer",
                  "Parallel Aware": false,
                  "Async Capable": false,
                  "Relation Name": "stocks_daily_info",
                  "Alias": "sdi",
                  "Startup Cost": 2.36,
                  "Total Cost": 20.4,
                  "Plan Rows": 1,
                  "Plan Width": 68,
                  "Recheck Cond": "(event_date = '2023-10-13'::date)",
                  "Filter": "((market_cap >= '282400000000'::numeric) AND (market = 'KOSDAQ'::text))",
                  "Plans": [
                    {
                      "Node Type": "Bitmap Index Scan",
                      "Parent Relationship": "Outer",
                      "Parallel Aware": false,
                      "Async Capable": false,
                      "Index Name": "idx_sdi_event_date",
                      "Startup Cost": 0.0,
                      "Total Cost": 2.36,
                      "Plan Rows": 10,
                      "Plan Width": 0,
                      "Index Cond": "(event_date = '2023-10-13'::date)"
                    }
                  ]
                },
                {
                  "Node Type": "Index Scan",
                  "Parent Relationship": "Inner",
                  "Parallel Aware": false,
                  "Async Capable": false,
                  "Scan Direction": "Forward",
                  "Index Name": "fundamentals_daily_pkey",
                  "Relation Name": "fundamentals_daily",
                  "Alias": "fd",
                  "Startup Cost": 0.29,
                  "Total Cost": 4.3,
                  "Plan Rows": 1,
                  "Plan Width": 55,
                  "Index Cond": "((event_date = '2023-10-13'::date) AND (ticker = sdi.ticker))"
                }
              ]
            }
          ]
        }
      ]
    }
  },
  "db_statistics": {
    "table_stats": {
      "stocks_daily_info": {
        "row_count": 12700,
        "size_mb": 1.71
      },
      "fundamentals_daily": {
        "row_count": 12080,
        "size_mb": 2.33
      },
      "financials_quarterly": {
        "row_count": 8634,
        "size_mb": 0.8
      }
    },
    "existing_indexes": [
      "backtest_results_pkey",
      "community_posts_pkey",
      "financials_quarterly_pkey",
      "fundamentals_daily_pkey",
      "idx_finq_period_end",
      "idx_finq_ticker",
      "idx_fund_event_date",
      "idx_fund_ticker",
      "idx_sdi_event_date",
      "idx_sdi_ticker",
      "ix_backtest_results_strategy_id",
      "ix_community_posts_author_id",
      "ix_community_posts_strategy_id",
      "ix_ml_models_owner_id",
      "ix_strategies_owner_id",
      "ix_users_email",
      "ml_models_pkey",
      "stocks_daily_info_pkey",
      "strategies_pkey",
      "users_pkey"
    ]
  }
}
---
{
  "workload_id": 3568,
  "metadata": {
    "strategy_template": "Value Investing Style",
    "ml_model_used": null
  },
  "sql_query": "SELECT fd.bps, fd.dividend_yield, fd.eps, fd.pbr, fd.per, sdi.close_price, sdi.company_name, sdi.ma_20d, sdi.market_cap, sdi.momentum_12m, sdi.momentum_3m, sdi.rsi_14, sdi.ticker, sdi.volatility_20d FROM stocks_daily_info sdi LEFT JOIN fundamentals_daily fd ON fd.ticker = sdi.ticker AND fd.event_date = sdi.event_date WHERE sdi.market = 'KOSDAQ' AND sdi.market_cap >= 280200000000 AND sdi.event_date = DATE '2023-05-03' ORDER BY fd.pbr asc, fd.per desc LIMIT 10;",
  "baseline_execution_plan": {
    "Plan": {
      "Node Type": "Limit",
      "Parallel Aware": false,
      "Async Capable": false,
      "Startup Cost": 24.72,
      "Total Cost": 24.73,
      "Plan Rows": 1,
      "Plan Width": 105,
      "Plans": [
        {
          "Node Type": "Sort",
          "Parent Relationship": "Outer",
          "Parallel Aware": false,
          "Async Capable": false,
          "Startup Cost": 24.72,
          "Total Cost": 24.73,
          "Plan Rows": 1,
          "Plan Width": 105,
          "Sort Key": [
            "fd.pbr",
            "fd.per DESC"
          ],
          "Plans": [
            {
              "Node Type": "Nested Loop",
              "Parent Relationship": "Outer",
              "Parallel Aware": false,
              "Async Capable": false,
              "Join Type": "Left",
              "Startup Cost": 2.65,
              "Total Cost": 24.71,
              "Plan Rows": 1,
              "Plan Width": 105,
              "Inner Unique": true,
              "Plans": [
                {
                  "Node Type": "Bitmap Heap Scan",
                  "Parent Relationship": "Outer",
                  "Parallel Aware": false,
                  "Async Capable": false,
                  "Relation Name": "stocks_daily_info",
                  "Alias": "sdi",
                  "Startup Cost": 2.36,
                  "Total Cost": 20.4,
                  "Plan Rows": 1,
                  "Plan Width": 68,
                  "Recheck Cond": "(event_date = '2023-05-03'::date)",
                  "Filter": "((market_cap >= '280200000000'::numeric) AND (market = 'KOSDAQ'::text))",
                  "Plans": [
                    {
                      "Node Type": "Bitmap Index Scan",
                      "Parent Relationship": "Outer",
                      "Parallel Aware": false,
                      "Async Capable": false,
                      "Index Name": "idx_sdi_event_date",
                      "Startup Cost": 0.0,
                      "Total Cost": 2.36,
                      "Plan Rows": 10,
                      "Plan Width": 0,
                      "Index Cond": "(event_date = '2023-05-03'::date)"
                    }
                  ]
                },
                {
                  "Node Type": "Index Scan",
                  "Parent Relationship": "Inner",
                  "Parallel Aware": false,
                  "Async Capable": false,
                  "Scan Direction": "Forward",
                  "Index Name": "fundamentals_daily_pkey",
                  "Relation Name": "fundamentals_daily",
                  "Alias": "fd",
                  "Startup Cost": 0.29,
                  "Total Cost": 4.3,
                  "Plan Rows": 1,
                  "Plan Width": 55,
                  "Index Cond": "((event_date = '2023-05-03'::date) AND (ticker = sdi.ticker))"
                }
              ]
            }
          ]
        }
      ]
    }
  },
  "db_statistics": {
    "table_stats": {
      "stocks_daily_info": {
        "row_count": 12700,
        "size_mb": 1.71
      },
      "fundamentals_daily": {
        "row_count": 12080,
        "size_mb": 2.33
      },
      "financials_quarterly": {
        "row_count": 8634,
        "size_mb": 0.8
      }
    },
    "existing_indexes": [
      "backtest_results_pkey",
      "community_posts_pkey",
      "financials_quarterly_pkey",
      "fundamentals_daily_pkey",
      "idx_finq_period_end",
      "idx_finq_ticker",
      "idx_fund_event_date",
      "idx_fund_ticker",
      "idx_sdi_event_date",
      "idx_sdi_ticker",
      "ix_backtest_results_strategy_id",
      "ix_community_posts_author_id",
      "ix_community_posts_strategy_id",
      "ix_ml_models_owner_id",
      "ix_strategies_owner_id",
      "ix_users_email",
      "ml_models_pkey",
      "stocks_daily_info_pkey",
      "strategies_pkey",
      "users_pkey"
    ]
  }
}
---
{
  "workload_id": 3569,
  "metadata": {
    "strategy_template": "Momentum Investing Style",
    "ml_model_used": null
  },
  "sql_query": "SELECT sdi.close_price, sdi.company_name, sdi.ma_20d, sdi.market_cap, sdi.momentum_12m, sdi.momentum_3m, sdi.rsi_14, sdi.ticker, sdi.volatility_20d FROM stocks_daily_info sdi WHERE sdi.market = 'KOSPI' AND sdi.market_cap >= 380200000000 AND sdi.event_date = DATE '2023-09-24' ORDER BY sdi.momentum_3m asc, sdi.momentum_12m asc, sdi.volatility_20d desc LIMIT 47;",
  "baseline_execution_plan": {
    "Plan": {
      "Node Type": "Limit",
      "Parallel Aware": false,
      "Async Capable": false,
      "Startup Cost": 20.41,
      "Total Cost": 20.41,
      "Plan Rows": 1,
      "Plan Width": 64,
      "Plans": [
        {
          "Node Type": "Sort",
          "Parent Relationship": "Outer",
          "Parallel Aware": false,
          "Async Capable": false,
          "Startup Cost": 20.41,
          "Total Cost": 20.41,
          "Plan Rows": 1,
          "Plan Width": 64,
          "Sort Key": [
            "momentum_3m",
            "momentum_12m",
            "volatility_20d DESC"
          ],
          "Plans": [
            {
              "Node Type": "Bitmap Heap Scan",
              "Parent Relationship": "Outer",
              "Parallel Aware": false,
              "Async Capable": false,
              "Relation Name": "stocks_daily_info",
              "Alias": "sdi",
              "Startup Cost": 2.36,
              "Total Cost": 20.4,
              "Plan Rows": 1,
              "Plan Width": 64,
              "Recheck Cond": "(event_date = '2023-09-24'::date)",
              "Filter": "((market_cap >= '380200000000'::numeric) AND (market = 'KOSPI'::text))",
              "Plans": [
                {
                  "Node Type": "Bitmap Index Scan",
                  "Parent Relationship": "Outer",
                  "Parallel Aware": false,
                  "Async Capable": false,
                  "Index Name": "idx_sdi_event_date",
                  "Startup Cost": 0.0,
                  "Total Cost": 2.36,
                  "Plan Rows": 10,
                  "Plan Width": 0,
                  "Index Cond": "(event_date = '2023-09-24'::date)"
                }
              ]
            }
          ]
        }
      ]
    }
  },
  "db_statistics": {
    "table_stats": {
      "stocks_daily_info": {
        "row_count": 12700,
        "size_mb": 1.71
      },
      "fundamentals_daily": {
        "row_count": 12080,
        "size_mb": 2.33
      },
      "financials_quarterly": {
        "row_count": 8634,
        "size_mb": 0.8
      }
    },
    "existing_indexes": [
      "backtest_results_pkey",
      "community_posts_pkey",
      "financials_quarterly_pkey",
      "fundamentals_daily_pkey",
      "idx_finq_period_end",
      "idx_finq_ticker",
      "idx_fund_event_date",
      "idx_fund_ticker",
      "idx_sdi_event_date",
      "idx_sdi_ticker",
      "ix_backtest_results_strategy_id",
      "ix_community_posts_author_id",
      "ix_community_posts_strategy_id",
      "ix_ml_models_owner_id",
      "ix_strategies_owner_id",
      "ix_users_email",
      "ml_models_pkey",
      "stocks_daily_info_pkey",
      "strategies_pkey",
      "users_pkey"
    ]
  }
}
---
{
  "workload_id": 3570,
  "metadata": {
    "strategy_template": "Value Investing Style",
    "ml_model_used": null
  },
  "sql_query": "SELECT fd.bps, fd.dividend_yield, fd.eps, fd.pbr, fd.per, sdi.close_price, sdi.company_name, sdi.ma_20d, sdi.market_cap, sdi.momentum_12m, sdi.momentum_3m, sdi.rsi_14, sdi.ticker, sdi.volatility_20d FROM stocks_daily_info sdi LEFT JOIN fundamentals_daily fd ON fd.ticker = sdi.ticker AND fd.event_date = sdi.event_date WHERE sdi.market = 'KOSDAQ' AND sdi.market_cap >= 372800000000 AND sdi.event_date = DATE '2023-08-26' ORDER BY fd.pbr desc, fd.per asc, fd.dividend_yield desc LIMIT 33;",
  "baseline_execution_plan": {
    "Plan": {
      "Node Type": "Limit",
      "Parallel Aware": false,
      "Async Capable": false,
      "Startup Cost": 24.72,
      "Total Cost": 24.73,
      "Plan Rows": 1,
      "Plan Width": 105,
      "Plans": [
        {
          "Node Type": "Sort",
          "Parent Relationship": "Outer",
          "Parallel Aware": false,
          "Async Capable": false,
          "Startup Cost": 24.72,
          "Total Cost": 24.73,
          "Plan Rows": 1,
          "Plan Width": 105,
          "Sort Key": [
            "fd.pbr DESC",
            "fd.per",
            "fd.dividend_yield DESC"
          ],
          "Plans": [
            {
              "Node Type": "Nested Loop",
              "Parent Relationship": "Outer",
              "Parallel Aware": false,
              "Async Capable": false,
              "Join Type": "Left",
              "Startup Cost": 2.65,
              "Total Cost": 24.71,
              "Plan Rows": 1,
              "Plan Width": 105,
              "Inner Unique": true,
              "Plans": [
                {
                  "Node Type": "Bitmap Heap Scan",
                  "Parent Relationship": "Outer",
                  "Parallel Aware": false,
                  "Async Capable": false,
                  "Relation Name": "stocks_daily_info",
                  "Alias": "sdi",
                  "Startup Cost": 2.36,
                  "Total Cost": 20.4,
                  "Plan Rows": 1,
                  "Plan Width": 68,
                  "Recheck Cond": "(event_date = '2023-08-26'::date)",
                  "Filter": "((market_cap >= '372800000000'::numeric) AND (market = 'KOSDAQ'::text))",
                  "Plans": [
                    {
                      "Node Type": "Bitmap Index Scan",
                      "Parent Relationship": "Outer",
                      "Parallel Aware": false,
                      "Async Capable": false,
                      "Index Name": "idx_sdi_event_date",
                      "Startup Cost": 0.0,
                      "Total Cost": 2.36,
                      "Plan Rows": 10,
                      "Plan Width": 0,
                      "Index Cond": "(event_date = '2023-08-26'::date)"
                    }
                  ]
                },
                {
                  "Node Type": "Index Scan",
                  "Parent Relationship": "Inner",
                  "Parallel Aware": false,
                  "Async Capable": false,
                  "Scan Direction": "Forward",
                  "Index Name": "fundamentals_daily_pkey",
                  "Relation Name": "fundamentals_daily",
                  "Alias": "fd",
                  "Startup Cost": 0.29,
                  "Total Cost": 4.3,
                  "Plan Rows": 1,
                  "Plan Width": 55,
                  "Index Cond": "((event_date = '2023-08-26'::date) AND (ticker = sdi.ticker))"
                }
              ]
            }
          ]
        }
      ]
    }
  },
  "db_statistics": {
    "table_stats": {
      "stocks_daily_info": {
        "row_count": 12700,
        "size_mb": 1.71
      },
      "fundamentals_daily": {
        "row_count": 12080,
        "size_mb": 2.33
      },
      "financials_quarterly": {
        "row_count": 8634,
        "size_mb": 0.8
      }
    },
    "existing_indexes": [
      "backtest_results_pkey",
      "community_posts_pkey",
      "financials_quarterly_pkey",
      "fundamentals_daily_pkey",
      "idx_finq_period_end",
      "idx_finq_ticker",
      "idx_fund_event_date",
      "idx_fund_ticker",
      "idx_sdi_event_date",
      "idx_sdi_ticker",
      "ix_backtest_results_strategy_id",
      "ix_community_posts_author_id",
      "ix_community_posts_strategy_id",
      "ix_ml_models_owner_id",
      "ix_strategies_owner_id",
      "ix_users_email",
      "ml_models_pkey",
      "stocks_daily_info_pkey",
      "strategies_pkey",
      "users_pkey"
    ]
  }
}
---
{
  "workload_id": 3571,
  "metadata": {
    "strategy_template": "Value Investing Style",
    "ml_model_used": null
  },
  "sql_query": "SELECT ( SELECT COALESCE(SUM(value), 0) FROM ( SELECT value FROM financials_quarterly fq WHERE fq.ticker = sdi.ticker AND fq.item_name = 'OperatingIncome' AND fq.statement_type IN ('IS_Q','CF_Q') AND fq.period_end <= DATE '2023-07-30' ORDER BY fq.period_end DESC LIMIT 4 ) as recent_quarters ) AS ttm_operatingincome , fd.bps, fd.dividend_yield, fd.eps, fd.pbr, fd.per, sdi.close_price, sdi.company_name, sdi.ma_20d, sdi.market_cap, sdi.momentum_12m, sdi.momentum_3m, sdi.rsi_14, sdi.ticker, sdi.volatility_20d FROM stocks_daily_info sdi LEFT JOIN fundamentals_daily fd ON fd.ticker = sdi.ticker AND fd.event_date = sdi.event_date WHERE sdi.market = 'KOSPI' AND sdi.market_cap >= 339400000000 AND sdi.event_date = DATE '2023-07-30' ORDER BY fd.pbr desc, fd.per desc LIMIT 31;",
  "baseline_execution_plan": {
    "Plan": {
      "Node Type": "Limit",
      "Parallel Aware": false,
      "Async Capable": false,
      "Startup Cost": 24.72,
      "Total Cost": 29.02,
      "Plan Rows": 1,
      "Plan Width": 137,
      "Plans": [
        {
          "Node Type": "Result",
          "Parent Relationship": "Outer",
          "Parallel Aware": false,
          "Async Capable": false,
          "Startup Cost": 24.72,
          "Total Cost": 29.02,
          "Plan Rows": 1,
          "Plan Width": 137,
          "Plans": [
            {
              "Node Type": "Sort",
              "Parent Relationship": "Outer",
              "Parallel Aware": false,
              "Async Capable": false,
              "Startup Cost": 24.72,
              "Total Cost": 24.73,
              "Plan Rows": 1,
              "Plan Width": 105,
              "Sort Key": [
                "fd.pbr DESC",
                "fd.per DESC"
              ],
              "Plans": [
                {
                  "Node Type": "Nested Loop",
                  "Parent Relationship": "Outer",
                  "Parallel Aware": false,
                  "Async Capable": false,
                  "Join Type": "Left",
                  "Startup Cost": 2.65,
                  "Total Cost": 24.71,
                  "Plan Rows": 1,
                  "Plan Width": 105,
                  "Inner Unique": true,
                  "Plans": [
                    {
                      "Node Type": "Bitmap Heap Scan",
                      "Parent Relationship": "Outer",
                      "Parallel Aware": false,
                      "Async Capable": false,
                      "Relation Name": "stocks_daily_info",
                      "Alias": "sdi",
                      "Startup Cost": 2.36,
                      "Total Cost": 20.4,
                      "Plan Rows": 1,
                      "Plan Width": 68,
                      "Recheck Cond": "(event_date = '2023-07-30'::date)",
                      "Filter": "((market_cap >= '339400000000'::numeric) AND (market = 'KOSPI'::text))",
                      "Plans": [
                        {
                          "Node Type": "Bitmap Index Scan",
                          "Parent Relationship": "Outer",
                          "Parallel Aware": false,
                          "Async Capable": false,
                          "Index Name": "idx_sdi_event_date",
                          "Startup Cost": 0.0,
                          "Total Cost": 2.36,
                          "Plan Rows": 10,
                          "Plan Width": 0,
                          "Index Cond": "(event_date = '2023-07-30'::date)"
                        }
                      ]
                    },
                    {
                      "Node Type": "Index Scan",
                      "Parent Relationship": "Inner",
                      "Parallel Aware": false,
                      "Async Capable": false,
                      "Scan Direction": "Forward",
                      "Index Name": "fundamentals_daily_pkey",
                      "Relation Name": "fundamentals_daily",
                      "Alias": "fd",
                      "Startup Cost": 0.29,
                      "Total Cost": 4.3,
                      "Plan Rows": 1,
                      "Plan Width": 55,
                      "Index Cond": "((event_date = '2023-07-30'::date) AND (ticker = sdi.ticker))"
                    }
                  ]
                }
              ]
            },
            {
              "Node Type": "Aggregate",
              "Strategy": "Plain",
              "Partial Mode": "Simple",
              "Parent Relationship": "SubPlan",
              "Subplan Name": "SubPlan 1",
              "Parallel Aware": false,
              "Async Capable": false,
              "Startup Cost": 4.27,
              "Total Cost": 4.28,
              "Plan Rows": 1,
              "Plan Width": 32,
              "Plans": [
                {
                  "Node Type": "Limit",
                  "Parent Relationship": "Outer",
                  "Parallel Aware": false,
                  "Async Capable": false,
                  "Startup Cost": 0.29,
                  "Total Cost": 4.25,
                  "Plan Rows": 1,
                  "Plan Width": 12,
                  "Plans": [
                    {
                      "Node Type": "Index Scan",
                      "Parent Relationship": "Outer",
                      "Parallel Aware": false,
                      "Async Capable": false,
                      "Scan Direction": "Backward",
                      "Index Name": "idx_finq_period_end",
                      "Relation Name": "financials_quarterly",
                      "Alias": "fq",
                      "Startup Cost": 0.29,
                      "Total Cost": 4.25,
                      "Plan Rows": 1,
                      "Plan Width": 12,
                      "Index Cond": "(period_end <= '2023-07-30'::date)",
                      "Filter": "((statement_type = ANY ('{IS_Q,CF_Q}'::text[])) AND (ticker = sdi.ticker) AND (item_name = 'OperatingIncome'::text))"
                    }
                  ]
                }
              ]
            }
          ]
        }
      ]
    }
  },
  "db_statistics": {
    "table_stats": {
      "stocks_daily_info": {
        "row_count": 12700,
        "size_mb": 1.71
      },
      "fundamentals_daily": {
        "row_count": 12080,
        "size_mb": 2.33
      },
      "financials_quarterly": {
        "row_count": 8634,
        "size_mb": 0.8
      }
    },
    "existing_indexes": [
      "backtest_results_pkey",
      "community_posts_pkey",
      "financials_quarterly_pkey",
      "fundamentals_daily_pkey",
      "idx_finq_period_end",
      "idx_finq_ticker",
      "idx_fund_event_date",
      "idx_fund_ticker",
      "idx_sdi_event_date",
      "idx_sdi_ticker",
      "ix_backtest_results_strategy_id",
      "ix_community_posts_author_id",
      "ix_community_posts_strategy_id",
      "ix_ml_models_owner_id",
      "ix_strategies_owner_id",
      "ix_users_email",
      "ml_models_pkey",
      "stocks_daily_info_pkey",
      "strategies_pkey",
      "users_pkey"
    ]
  }
}
---
{
  "workload_id": 3572,
  "metadata": {
    "strategy_template": "Value Investing Style",
    "ml_model_used": null
  },
  "sql_query": "SELECT fd.bps, fd.dividend_yield, fd.eps, fd.pbr, fd.per, sdi.close_price, sdi.company_name, sdi.ma_20d, sdi.market_cap, sdi.momentum_12m, sdi.momentum_3m, sdi.rsi_14, sdi.ticker, sdi.volatility_20d FROM stocks_daily_info sdi LEFT JOIN fundamentals_daily fd ON fd.ticker = sdi.ticker AND fd.event_date = sdi.event_date WHERE sdi.market = 'KOSPI' AND sdi.market_cap >= 184200000000 AND sdi.event_date = DATE '2023-08-20' ORDER BY fd.pbr asc, fd.per desc LIMIT 12;",
  "baseline_execution_plan": {
    "Plan": {
      "Node Type": "Limit",
      "Parallel Aware": false,
      "Async Capable": false,
      "Startup Cost": 24.72,
      "Total Cost": 24.73,
      "Plan Rows": 1,
      "Plan Width": 105,
      "Plans": [
        {
          "Node Type": "Sort",
          "Parent Relationship": "Outer",
          "Parallel Aware": false,
          "Async Capable": false,
          "Startup Cost": 24.72,
          "Total Cost": 24.73,
          "Plan Rows": 1,
          "Plan Width": 105,
          "Sort Key": [
            "fd.pbr",
            "fd.per DESC"
          ],
          "Plans": [
            {
              "Node Type": "Nested Loop",
              "Parent Relationship": "Outer",
              "Parallel Aware": false,
              "Async Capable": false,
              "Join Type": "Left",
              "Startup Cost": 2.65,
              "Total Cost": 24.71,
              "Plan Rows": 1,
              "Plan Width": 105,
              "Inner Unique": true,
              "Plans": [
                {
                  "Node Type": "Bitmap Heap Scan",
                  "Parent Relationship": "Outer",
                  "Parallel Aware": false,
                  "Async Capable": false,
                  "Relation Name": "stocks_daily_info",
                  "Alias": "sdi",
                  "Startup Cost": 2.36,
                  "Total Cost": 20.4,
                  "Plan Rows": 1,
                  "Plan Width": 68,
                  "Recheck Cond": "(event_date = '2023-08-20'::date)",
                  "Filter": "((market_cap >= '184200000000'::numeric) AND (market = 'KOSPI'::text))",
                  "Plans": [
                    {
                      "Node Type": "Bitmap Index Scan",
                      "Parent Relationship": "Outer",
                      "Parallel Aware": false,
                      "Async Capable": false,
                      "Index Name": "idx_sdi_event_date",
                      "Startup Cost": 0.0,
                      "Total Cost": 2.36,
                      "Plan Rows": 10,
                      "Plan Width": 0,
                      "Index Cond": "(event_date = '2023-08-20'::date)"
                    }
                  ]
                },
                {
                  "Node Type": "Index Scan",
                  "Parent Relationship": "Inner",
                  "Parallel Aware": false,
                  "Async Capable": false,
                  "Scan Direction": "Forward",
                  "Index Name": "fundamentals_daily_pkey",
                  "Relation Name": "fundamentals_daily",
                  "Alias": "fd",
                  "Startup Cost": 0.29,
                  "Total Cost": 4.3,
                  "Plan Rows": 1,
                  "Plan Width": 55,
                  "Index Cond": "((event_date = '2023-08-20'::date) AND (ticker = sdi.ticker))"
                }
              ]
            }
          ]
        }
      ]
    }
  },
  "db_statistics": {
    "table_stats": {
      "stocks_daily_info": {
        "row_count": 12700,
        "size_mb": 1.71
      },
      "fundamentals_daily": {
        "row_count": 12080,
        "size_mb": 2.33
      },
      "financials_quarterly": {
        "row_count": 8634,
        "size_mb": 0.8
      }
    },
    "existing_indexes": [
      "backtest_results_pkey",
      "community_posts_pkey",
      "financials_quarterly_pkey",
      "fundamentals_daily_pkey",
      "idx_finq_period_end",
      "idx_finq_ticker",
      "idx_fund_event_date",
      "idx_fund_ticker",
      "idx_sdi_event_date",
      "idx_sdi_ticker",
      "ix_backtest_results_strategy_id",
      "ix_community_posts_author_id",
      "ix_community_posts_strategy_id",
      "ix_ml_models_owner_id",
      "ix_strategies_owner_id",
      "ix_users_email",
      "ml_models_pkey",
      "stocks_daily_info_pkey",
      "strategies_pkey",
      "users_pkey"
    ]
  }
}
---
{
  "workload_id": 3573,
  "metadata": {
    "strategy_template": "Value Investing Style",
    "ml_model_used": null
  },
  "sql_query": "SELECT fd.bps, fd.dividend_yield, fd.eps, fd.pbr, fd.per, sdi.close_price, sdi.company_name, sdi.ma_20d, sdi.market_cap, sdi.momentum_12m, sdi.momentum_3m, sdi.rsi_14, sdi.ticker, sdi.volatility_20d FROM stocks_daily_info sdi LEFT JOIN fundamentals_daily fd ON fd.ticker = sdi.ticker AND fd.event_date = sdi.event_date WHERE sdi.market = 'KOSDAQ' AND sdi.market_cap >= 158000000000 AND sdi.event_date = DATE '2023-05-12' ORDER BY fd.pbr desc, fd.per desc, fd.dividend_yield asc, fd.eps asc LIMIT 19;",
  "baseline_execution_plan": {
    "Plan": {
      "Node Type": "Limit",
      "Parallel Aware": false,
      "Async Capable": false,
      "Startup Cost": 24.72,
      "Total Cost": 24.73,
      "Plan Rows": 1,
      "Plan Width": 105,
      "Plans": [
        {
          "Node Type": "Sort",
          "Parent Relationship": "Outer",
          "Parallel Aware": false,
          "Async Capable": false,
          "Startup Cost": 24.72,
          "Total Cost": 24.73,
          "Plan Rows": 1,
          "Plan Width": 105,
          "Sort Key": [
            "fd.pbr DESC",
            "fd.per DESC",
            "fd.dividend_yield",
            "fd.eps"
          ],
          "Plans": [
            {
              "Node Type": "Nested Loop",
              "Parent Relationship": "Outer",
              "Parallel Aware": false,
              "Async Capable": false,
              "Join Type": "Left",
              "Startup Cost": 2.65,
              "Total Cost": 24.71,
              "Plan Rows": 1,
              "Plan Width": 105,
              "Inner Unique": true,
              "Plans": [
                {
                  "Node Type": "Bitmap Heap Scan",
                  "Parent Relationship": "Outer",
                  "Parallel Aware": false,
                  "Async Capable": false,
                  "Relation Name": "stocks_daily_info",
                  "Alias": "sdi",
                  "Startup Cost": 2.36,
                  "Total Cost": 20.4,
                  "Plan Rows": 1,
                  "Plan Width": 68,
                  "Recheck Cond": "(event_date = '2023-05-12'::date)",
                  "Filter": "((market_cap >= '158000000000'::numeric) AND (market = 'KOSDAQ'::text))",
                  "Plans": [
                    {
                      "Node Type": "Bitmap Index Scan",
                      "Parent Relationship": "Outer",
                      "Parallel Aware": false,
                      "Async Capable": false,
                      "Index Name": "idx_sdi_event_date",
                      "Startup Cost": 0.0,
                      "Total Cost": 2.36,
                      "Plan Rows": 10,
                      "Plan Width": 0,
                      "Index Cond": "(event_date = '2023-05-12'::date)"
                    }
                  ]
                },
                {
                  "Node Type": "Index Scan",
                  "Parent Relationship": "Inner",
                  "Parallel Aware": false,
                  "Async Capable": false,
                  "Scan Direction": "Forward",
                  "Index Name": "fundamentals_daily_pkey",
                  "Relation Name": "fundamentals_daily",
                  "Alias": "fd",
                  "Startup Cost": 0.29,
                  "Total Cost": 4.3,
                  "Plan Rows": 1,
                  "Plan Width": 55,
                  "Index Cond": "((event_date = '2023-05-12'::date) AND (ticker = sdi.ticker))"
                }
              ]
            }
          ]
        }
      ]
    }
  },
  "db_statistics": {
    "table_stats": {
      "stocks_daily_info": {
        "row_count": 12700,
        "size_mb": 1.71
      },
      "fundamentals_daily": {
        "row_count": 12080,
        "size_mb": 2.33
      },
      "financials_quarterly": {
        "row_count": 8634,
        "size_mb": 0.8
      }
    },
    "existing_indexes": [
      "backtest_results_pkey",
      "community_posts_pkey",
      "financials_quarterly_pkey",
      "fundamentals_daily_pkey",
      "idx_finq_period_end",
      "idx_finq_ticker",
      "idx_fund_event_date",
      "idx_fund_ticker",
      "idx_sdi_event_date",
      "idx_sdi_ticker",
      "ix_backtest_results_strategy_id",
      "ix_community_posts_author_id",
      "ix_community_posts_strategy_id",
      "ix_ml_models_owner_id",
      "ix_strategies_owner_id",
      "ix_users_email",
      "ml_models_pkey",
      "stocks_daily_info_pkey",
      "strategies_pkey",
      "users_pkey"
    ]
  }
}
---
{
  "workload_id": 3574,
  "metadata": {
    "strategy_template": "Value Investing Style",
    "ml_model_used": null
  },
  "sql_query": "SELECT ( SELECT COALESCE(SUM(value), 0) FROM ( SELECT value FROM financials_quarterly fq WHERE fq.ticker = sdi.ticker AND fq.item_name = 'NetIncome' AND fq.statement_type IN ('IS_Q','CF_Q') AND fq.period_end <= DATE '2023-08-26' ORDER BY fq.period_end DESC LIMIT 4 ) as recent_quarters ) AS ttm_netincome , fd.bps, fd.dividend_yield, fd.eps, fd.pbr, fd.per, sdi.close_price, sdi.company_name, sdi.ma_20d, sdi.market_cap, sdi.momentum_12m, sdi.momentum_3m, sdi.rsi_14, sdi.ticker, sdi.volatility_20d FROM stocks_daily_info sdi LEFT JOIN fundamentals_daily fd ON fd.ticker = sdi.ticker AND fd.event_date = sdi.event_date WHERE sdi.market = 'KOSDAQ' AND sdi.market_cap >= 246300000000 AND sdi.event_date = DATE '2023-08-26' ORDER BY fd.pbr desc, fd.per asc LIMIT 23;",
  "baseline_execution_plan": {
    "Plan": {
      "Node Type": "Limit",
      "Parallel Aware": false,
      "Async Capable": false,
      "Startup Cost": 24.72,
      "Total Cost": 29.02,
      "Plan Rows": 1,
      "Plan Width": 137,
      "Plans": [
        {
          "Node Type": "Result",
          "Parent Relationship": "Outer",
          "Parallel Aware": false,
          "Async Capable": false,
          "Startup Cost": 24.72,
          "Total Cost": 29.02,
          "Plan Rows": 1,
          "Plan Width": 137,
          "Plans": [
            {
              "Node Type": "Sort",
              "Parent Relationship": "Outer",
              "Parallel Aware": false,
              "Async Capable": false,
              "Startup Cost": 24.72,
              "Total Cost": 24.73,
              "Plan Rows": 1,
              "Plan Width": 105,
              "Sort Key": [
                "fd.pbr DESC",
                "fd.per"
              ],
              "Plans": [
                {
                  "Node Type": "Nested Loop",
                  "Parent Relationship": "Outer",
                  "Parallel Aware": false,
                  "Async Capable": false,
                  "Join Type": "Left",
                  "Startup Cost": 2.65,
                  "Total Cost": 24.71,
                  "Plan Rows": 1,
                  "Plan Width": 105,
                  "Inner Unique": true,
                  "Plans": [
                    {
                      "Node Type": "Bitmap Heap Scan",
                      "Parent Relationship": "Outer",
                      "Parallel Aware": false,
                      "Async Capable": false,
                      "Relation Name": "stocks_daily_info",
                      "Alias": "sdi",
                      "Startup Cost": 2.36,
                      "Total Cost": 20.4,
                      "Plan Rows": 1,
                      "Plan Width": 68,
                      "Recheck Cond": "(event_date = '2023-08-26'::date)",
                      "Filter": "((market_cap >= '246300000000'::numeric) AND (market = 'KOSDAQ'::text))",
                      "Plans": [
                        {
                          "Node Type": "Bitmap Index Scan",
                          "Parent Relationship": "Outer",
                          "Parallel Aware": false,
                          "Async Capable": false,
                          "Index Name": "idx_sdi_event_date",
                          "Startup Cost": 0.0,
                          "Total Cost": 2.36,
                          "Plan Rows": 10,
                          "Plan Width": 0,
                          "Index Cond": "(event_date = '2023-08-26'::date)"
                        }
                      ]
                    },
                    {
                      "Node Type": "Index Scan",
                      "Parent Relationship": "Inner",
                      "Parallel Aware": false,
                      "Async Capable": false,
                      "Scan Direction": "Forward",
                      "Index Name": "fundamentals_daily_pkey",
                      "Relation Name": "fundamentals_daily",
                      "Alias": "fd",
                      "Startup Cost": 0.29,
                      "Total Cost": 4.3,
                      "Plan Rows": 1,
                      "Plan Width": 55,
                      "Index Cond": "((event_date = '2023-08-26'::date) AND (ticker = sdi.ticker))"
                    }
                  ]
                }
              ]
            },
            {
              "Node Type": "Aggregate",
              "Strategy": "Plain",
              "Partial Mode": "Simple",
              "Parent Relationship": "SubPlan",
              "Subplan Name": "SubPlan 1",
              "Parallel Aware": false,
              "Async Capable": false,
              "Startup Cost": 4.27,
              "Total Cost": 4.28,
              "Plan Rows": 1,
              "Plan Width": 32,
              "Plans": [
                {
                  "Node Type": "Limit",
                  "Parent Relationship": "Outer",
                  "Parallel Aware": false,
                  "Async Capable": false,
                  "Startup Cost": 0.29,
                  "Total Cost": 4.25,
                  "Plan Rows": 1,
                  "Plan Width": 12,
                  "Plans": [
                    {
                      "Node Type": "Index Scan",
                      "Parent Relationship": "Outer",
                      "Parallel Aware": false,
                      "Async Capable": false,
                      "Scan Direction": "Backward",
                      "Index Name": "idx_finq_period_end",
                      "Relation Name": "financials_quarterly",
                      "Alias": "fq",
                      "Startup Cost": 0.29,
                      "Total Cost": 4.25,
                      "Plan Rows": 1,
                      "Plan Width": 12,
                      "Index Cond": "(period_end <= '2023-08-26'::date)",
                      "Filter": "((statement_type = ANY ('{IS_Q,CF_Q}'::text[])) AND (ticker = sdi.ticker) AND (item_name = 'NetIncome'::text))"
                    }
                  ]
                }
              ]
            }
          ]
        }
      ]
    }
  },
  "db_statistics": {
    "table_stats": {
      "stocks_daily_info": {
        "row_count": 12700,
        "size_mb": 1.71
      },
      "fundamentals_daily": {
        "row_count": 12080,
        "size_mb": 2.33
      },
      "financials_quarterly": {
        "row_count": 8634,
        "size_mb": 0.8
      }
    },
    "existing_indexes": [
      "backtest_results_pkey",
      "community_posts_pkey",
      "financials_quarterly_pkey",
      "fundamentals_daily_pkey",
      "idx_finq_period_end",
      "idx_finq_ticker",
      "idx_fund_event_date",
      "idx_fund_ticker",
      "idx_sdi_event_date",
      "idx_sdi_ticker",
      "ix_backtest_results_strategy_id",
      "ix_community_posts_author_id",
      "ix_community_posts_strategy_id",
      "ix_ml_models_owner_id",
      "ix_strategies_owner_id",
      "ix_users_email",
      "ml_models_pkey",
      "stocks_daily_info_pkey",
      "strategies_pkey",
      "users_pkey"
    ]
  }
}
---
{
  "workload_id": 3575,
  "metadata": {
    "strategy_template": "Momentum Investing Style",
    "ml_model_used": null
  },
  "sql_query": "SELECT sdi.close_price, sdi.company_name, sdi.ma_20d, sdi.market_cap, sdi.momentum_12m, sdi.momentum_3m, sdi.rsi_14, sdi.ticker, sdi.volatility_20d FROM stocks_daily_info sdi WHERE sdi.market = 'KOSDAQ' AND sdi.market_cap >= 165500000000 AND sdi.event_date = DATE '2023-06-01' ORDER BY sdi.momentum_3m asc, sdi.momentum_12m desc LIMIT 42;",
  "baseline_execution_plan": {
    "Plan": {
      "Node Type": "Limit",
      "Parallel Aware": false,
      "Async Capable": false,
      "Startup Cost": 20.41,
      "Total Cost": 20.41,
      "Plan Rows": 1,
      "Plan Width": 64,
      "Plans": [
        {
          "Node Type": "Sort",
          "Parent Relationship": "Outer",
          "Parallel Aware": false,
          "Async Capable": false,
          "Startup Cost": 20.41,
          "Total Cost": 20.41,
          "Plan Rows": 1,
          "Plan Width": 64,
          "Sort Key": [
            "momentum_3m",
            "momentum_12m DESC"
          ],
          "Plans": [
            {
              "Node Type": "Bitmap Heap Scan",
              "Parent Relationship": "Outer",
              "Parallel Aware": false,
              "Async Capable": false,
              "Relation Name": "stocks_daily_info",
              "Alias": "sdi",
              "Startup Cost": 2.36,
              "Total Cost": 20.4,
              "Plan Rows": 1,
              "Plan Width": 64,
              "Recheck Cond": "(event_date = '2023-06-01'::date)",
              "Filter": "((market_cap >= '165500000000'::numeric) AND (market = 'KOSDAQ'::text))",
              "Plans": [
                {
                  "Node Type": "Bitmap Index Scan",
                  "Parent Relationship": "Outer",
                  "Parallel Aware": false,
                  "Async Capable": false,
                  "Index Name": "idx_sdi_event_date",
                  "Startup Cost": 0.0,
                  "Total Cost": 2.36,
                  "Plan Rows": 10,
                  "Plan Width": 0,
                  "Index Cond": "(event_date = '2023-06-01'::date)"
                }
              ]
            }
          ]
        }
      ]
    }
  },
  "db_statistics": {
    "table_stats": {
      "stocks_daily_info": {
        "row_count": 12700,
        "size_mb": 1.71
      },
      "fundamentals_daily": {
        "row_count": 12080,
        "size_mb": 2.33
      },
      "financials_quarterly": {
        "row_count": 8634,
        "size_mb": 0.8
      }
    },
    "existing_indexes": [
      "backtest_results_pkey",
      "community_posts_pkey",
      "financials_quarterly_pkey",
      "fundamentals_daily_pkey",
      "idx_finq_period_end",
      "idx_finq_ticker",
      "idx_fund_event_date",
      "idx_fund_ticker",
      "idx_sdi_event_date",
      "idx_sdi_ticker",
      "ix_backtest_results_strategy_id",
      "ix_community_posts_author_id",
      "ix_community_posts_strategy_id",
      "ix_ml_models_owner_id",
      "ix_strategies_owner_id",
      "ix_users_email",
      "ml_models_pkey",
      "stocks_daily_info_pkey",
      "strategies_pkey",
      "users_pkey"
    ]
  }
}
---
{
  "workload_id": 3576,
  "metadata": {
    "strategy_template": "Value Investing Style",
    "ml_model_used": null
  },
  "sql_query": "SELECT fd.bps, fd.dividend_yield, fd.eps, fd.pbr, fd.per, sdi.close_price, sdi.company_name, sdi.ma_20d, sdi.market_cap, sdi.momentum_12m, sdi.momentum_3m, sdi.rsi_14, sdi.ticker, sdi.volatility_20d FROM stocks_daily_info sdi LEFT JOIN fundamentals_daily fd ON fd.ticker = sdi.ticker AND fd.event_date = sdi.event_date WHERE sdi.market = 'KOSDAQ' AND sdi.market_cap >= 245100000000 AND sdi.event_date = DATE '2023-09-08' ORDER BY fd.pbr asc, fd.per desc LIMIT 17;",
  "baseline_execution_plan": {
    "Plan": {
      "Node Type": "Limit",
      "Parallel Aware": false,
      "Async Capable": false,
      "Startup Cost": 24.72,
      "Total Cost": 24.73,
      "Plan Rows": 1,
      "Plan Width": 105,
      "Plans": [
        {
          "Node Type": "Sort",
          "Parent Relationship": "Outer",
          "Parallel Aware": false,
          "Async Capable": false,
          "Startup Cost": 24.72,
          "Total Cost": 24.73,
          "Plan Rows": 1,
          "Plan Width": 105,
          "Sort Key": [
            "fd.pbr",
            "fd.per DESC"
          ],
          "Plans": [
            {
              "Node Type": "Nested Loop",
              "Parent Relationship": "Outer",
              "Parallel Aware": false,
              "Async Capable": false,
              "Join Type": "Left",
              "Startup Cost": 2.65,
              "Total Cost": 24.71,
              "Plan Rows": 1,
              "Plan Width": 105,
              "Inner Unique": true,
              "Plans": [
                {
                  "Node Type": "Bitmap Heap Scan",
                  "Parent Relationship": "Outer",
                  "Parallel Aware": false,
                  "Async Capable": false,
                  "Relation Name": "stocks_daily_info",
                  "Alias": "sdi",
                  "Startup Cost": 2.36,
                  "Total Cost": 20.4,
                  "Plan Rows": 1,
                  "Plan Width": 68,
                  "Recheck Cond": "(event_date = '2023-09-08'::date)",
                  "Filter": "((market_cap >= '245100000000'::numeric) AND (market = 'KOSDAQ'::text))",
                  "Plans": [
                    {
                      "Node Type": "Bitmap Index Scan",
                      "Parent Relationship": "Outer",
                      "Parallel Aware": false,
                      "Async Capable": false,
                      "Index Name": "idx_sdi_event_date",
                      "Startup Cost": 0.0,
                      "Total Cost": 2.36,
                      "Plan Rows": 10,
                      "Plan Width": 0,
                      "Index Cond": "(event_date = '2023-09-08'::date)"
                    }
                  ]
                },
                {
                  "Node Type": "Index Scan",
                  "Parent Relationship": "Inner",
                  "Parallel Aware": false,
                  "Async Capable": false,
                  "Scan Direction": "Forward",
                  "Index Name": "fundamentals_daily_pkey",
                  "Relation Name": "fundamentals_daily",
                  "Alias": "fd",
                  "Startup Cost": 0.29,
                  "Total Cost": 4.3,
                  "Plan Rows": 1,
                  "Plan Width": 55,
                  "Index Cond": "((event_date = '2023-09-08'::date) AND (ticker = sdi.ticker))"
                }
              ]
            }
          ]
        }
      ]
    }
  },
  "db_statistics": {
    "table_stats": {
      "stocks_daily_info": {
        "row_count": 12700,
        "size_mb": 1.71
      },
      "fundamentals_daily": {
        "row_count": 12080,
        "size_mb": 2.33
      },
      "financials_quarterly": {
        "row_count": 8634,
        "size_mb": 0.8
      }
    },
    "existing_indexes": [
      "backtest_results_pkey",
      "community_posts_pkey",
      "financials_quarterly_pkey",
      "fundamentals_daily_pkey",
      "idx_finq_period_end",
      "idx_finq_ticker",
      "idx_fund_event_date",
      "idx_fund_ticker",
      "idx_sdi_event_date",
      "idx_sdi_ticker",
      "ix_backtest_results_strategy_id",
      "ix_community_posts_author_id",
      "ix_community_posts_strategy_id",
      "ix_ml_models_owner_id",
      "ix_strategies_owner_id",
      "ix_users_email",
      "ml_models_pkey",
      "stocks_daily_info_pkey",
      "strategies_pkey",
      "users_pkey"
    ]
  }
}
---
{
  "workload_id": 3577,
  "metadata": {
    "strategy_template": "ML Hybrid Style",
    "ml_model_used": null
  },
  "sql_query": "SELECT fd.bps, fd.dividend_yield, fd.eps, fd.pbr, fd.per, sdi.close_price, sdi.company_name, sdi.ma_20d, sdi.market_cap, sdi.momentum_12m, sdi.momentum_3m, sdi.rsi_14, sdi.ticker, sdi.volatility_20d FROM stocks_daily_info sdi LEFT JOIN fundamentals_daily fd ON fd.ticker = sdi.ticker AND fd.event_date = sdi.event_date WHERE sdi.market = 'KOSDAQ' AND sdi.market_cap >= 275600000000 AND sdi.event_date = DATE '2023-09-02' ORDER BY sdi.momentum_3m desc, fd.pbr asc LIMIT 31;",
  "baseline_execution_plan": {
    "Plan": {
      "Node Type": "Limit",
      "Parallel Aware": false,
      "Async Capable": false,
      "Startup Cost": 24.72,
      "Total Cost": 24.73,
      "Plan Rows": 1,
      "Plan Width": 105,
      "Plans": [
        {
          "Node Type": "Sort",
          "Parent Relationship": "Outer",
          "Parallel Aware": false,
          "Async Capable": false,
          "Startup Cost": 24.72,
          "Total Cost": 24.73,
          "Plan Rows": 1,
          "Plan Width": 105,
          "Sort Key": [
            "sdi.momentum_3m DESC",
            "fd.pbr"
          ],
          "Plans": [
            {
              "Node Type": "Nested Loop",
              "Parent Relationship": "Outer",
              "Parallel Aware": false,
              "Async Capable": false,
              "Join Type": "Left",
              "Startup Cost": 2.65,
              "Total Cost": 24.71,
              "Plan Rows": 1,
              "Plan Width": 105,
              "Inner Unique": true,
              "Plans": [
                {
                  "Node Type": "Bitmap Heap Scan",
                  "Parent Relationship": "Outer",
                  "Parallel Aware": false,
                  "Async Capable": false,
                  "Relation Name": "stocks_daily_info",
                  "Alias": "sdi",
                  "Startup Cost": 2.36,
                  "Total Cost": 20.4,
                  "Plan Rows": 1,
                  "Plan Width": 68,
                  "Recheck Cond": "(event_date = '2023-09-02'::date)",
                  "Filter": "((market_cap >= '275600000000'::numeric) AND (market = 'KOSDAQ'::text))",
                  "Plans": [
                    {
                      "Node Type": "Bitmap Index Scan",
                      "Parent Relationship": "Outer",
                      "Parallel Aware": false,
                      "Async Capable": false,
                      "Index Name": "idx_sdi_event_date",
                      "Startup Cost": 0.0,
                      "Total Cost": 2.36,
                      "Plan Rows": 10,
                      "Plan Width": 0,
                      "Index Cond": "(event_date = '2023-09-02'::date)"
                    }
                  ]
                },
                {
                  "Node Type": "Index Scan",
                  "Parent Relationship": "Inner",
                  "Parallel Aware": false,
                  "Async Capable": false,
                  "Scan Direction": "Forward",
                  "Index Name": "fundamentals_daily_pkey",
                  "Relation Name": "fundamentals_daily",
                  "Alias": "fd",
                  "Startup Cost": 0.29,
                  "Total Cost": 4.3,
                  "Plan Rows": 1,
                  "Plan Width": 55,
                  "Index Cond": "((event_date = '2023-09-02'::date) AND (ticker = sdi.ticker))"
                }
              ]
            }
          ]
        }
      ]
    }
  },
  "db_statistics": {
    "table_stats": {
      "stocks_daily_info": {
        "row_count": 12700,
        "size_mb": 1.71
      },
      "fundamentals_daily": {
        "row_count": 12080,
        "size_mb": 2.33
      },
      "financials_quarterly": {
        "row_count": 8634,
        "size_mb": 0.8
      }
    },
    "existing_indexes": [
      "backtest_results_pkey",
      "community_posts_pkey",
      "financials_quarterly_pkey",
      "fundamentals_daily_pkey",
      "idx_finq_period_end",
      "idx_finq_ticker",
      "idx_fund_event_date",
      "idx_fund_ticker",
      "idx_sdi_event_date",
      "idx_sdi_ticker",
      "ix_backtest_results_strategy_id",
      "ix_community_posts_author_id",
      "ix_community_posts_strategy_id",
      "ix_ml_models_owner_id",
      "ix_strategies_owner_id",
      "ix_users_email",
      "ml_models_pkey",
      "stocks_daily_info_pkey",
      "strategies_pkey",
      "users_pkey"
    ]
  }
}
---
{
  "workload_id": 3578,
  "metadata": {
    "strategy_template": "Value Investing Style",
    "ml_model_used": null
  },
  "sql_query": "SELECT fd.bps, fd.dividend_yield, fd.eps, fd.pbr, fd.per, sdi.close_price, sdi.company_name, sdi.ma_20d, sdi.market_cap, sdi.momentum_12m, sdi.momentum_3m, sdi.rsi_14, sdi.ticker, sdi.volatility_20d FROM stocks_daily_info sdi LEFT JOIN fundamentals_daily fd ON fd.ticker = sdi.ticker AND fd.event_date = sdi.event_date WHERE sdi.market = 'KOSDAQ' AND sdi.market_cap >= 375600000000 AND sdi.event_date = DATE '2023-10-12' ORDER BY fd.pbr asc, fd.per asc, fd.dividend_yield desc, fd.eps asc LIMIT 36;",
  "baseline_execution_plan": {
    "Plan": {
      "Node Type": "Limit",
      "Parallel Aware": false,
      "Async Capable": false,
      "Startup Cost": 24.72,
      "Total Cost": 24.73,
      "Plan Rows": 1,
      "Plan Width": 105,
      "Plans": [
        {
          "Node Type": "Sort",
          "Parent Relationship": "Outer",
          "Parallel Aware": false,
          "Async Capable": false,
          "Startup Cost": 24.72,
          "Total Cost": 24.73,
          "Plan Rows": 1,
          "Plan Width": 105,
          "Sort Key": [
            "fd.pbr",
            "fd.per",
            "fd.dividend_yield DESC",
            "fd.eps"
          ],
          "Plans": [
            {
              "Node Type": "Nested Loop",
              "Parent Relationship": "Outer",
              "Parallel Aware": false,
              "Async Capable": false,
              "Join Type": "Left",
              "Startup Cost": 2.65,
              "Total Cost": 24.71,
              "Plan Rows": 1,
              "Plan Width": 105,
              "Inner Unique": true,
              "Plans": [
                {
                  "Node Type": "Bitmap Heap Scan",
                  "Parent Relationship": "Outer",
                  "Parallel Aware": false,
                  "Async Capable": false,
                  "Relation Name": "stocks_daily_info",
                  "Alias": "sdi",
                  "Startup Cost": 2.36,
                  "Total Cost": 20.4,
                  "Plan Rows": 1,
                  "Plan Width": 68,
                  "Recheck Cond": "(event_date = '2023-10-12'::date)",
                  "Filter": "((market_cap >= '375600000000'::numeric) AND (market = 'KOSDAQ'::text))",
                  "Plans": [
                    {
                      "Node Type": "Bitmap Index Scan",
                      "Parent Relationship": "Outer",
                      "Parallel Aware": false,
                      "Async Capable": false,
                      "Index Name": "idx_sdi_event_date",
                      "Startup Cost": 0.0,
                      "Total Cost": 2.36,
                      "Plan Rows": 10,
                      "Plan Width": 0,
                      "Index Cond": "(event_date = '2023-10-12'::date)"
                    }
                  ]
                },
                {
                  "Node Type": "Index Scan",
                  "Parent Relationship": "Inner",
                  "Parallel Aware": false,
                  "Async Capable": false,
                  "Scan Direction": "Forward",
                  "Index Name": "fundamentals_daily_pkey",
                  "Relation Name": "fundamentals_daily",
                  "Alias": "fd",
                  "Startup Cost": 0.29,
                  "Total Cost": 4.3,
                  "Plan Rows": 1,
                  "Plan Width": 55,
                  "Index Cond": "((event_date = '2023-10-12'::date) AND (ticker = sdi.ticker))"
                }
              ]
            }
          ]
        }
      ]
    }
  },
  "db_statistics": {
    "table_stats": {
      "stocks_daily_info": {
        "row_count": 12700,
        "size_mb": 1.71
      },
      "fundamentals_daily": {
        "row_count": 12080,
        "size_mb": 2.33
      },
      "financials_quarterly": {
        "row_count": 8634,
        "size_mb": 0.8
      }
    },
    "existing_indexes": [
      "backtest_results_pkey",
      "community_posts_pkey",
      "financials_quarterly_pkey",
      "fundamentals_daily_pkey",
      "idx_finq_period_end",
      "idx_finq_ticker",
      "idx_fund_event_date",
      "idx_fund_ticker",
      "idx_sdi_event_date",
      "idx_sdi_ticker",
      "ix_backtest_results_strategy_id",
      "ix_community_posts_author_id",
      "ix_community_posts_strategy_id",
      "ix_ml_models_owner_id",
      "ix_strategies_owner_id",
      "ix_users_email",
      "ml_models_pkey",
      "stocks_daily_info_pkey",
      "strategies_pkey",
      "users_pkey"
    ]
  }
}
---
{
  "workload_id": 3579,
  "metadata": {
    "strategy_template": "Value Investing Style",
    "ml_model_used": null
  },
  "sql_query": "SELECT fd.bps, fd.dividend_yield, fd.eps, fd.pbr, fd.per, sdi.close_price, sdi.company_name, sdi.ma_20d, sdi.market_cap, sdi.momentum_12m, sdi.momentum_3m, sdi.rsi_14, sdi.ticker, sdi.volatility_20d FROM stocks_daily_info sdi LEFT JOIN fundamentals_daily fd ON fd.ticker = sdi.ticker AND fd.event_date = sdi.event_date WHERE sdi.market = 'KOSPI' AND sdi.market_cap >= 376100000000 AND sdi.event_date = DATE '2023-10-25' ORDER BY fd.pbr asc, fd.per asc, fd.dividend_yield desc LIMIT 25;",
  "baseline_execution_plan": {
    "Plan": {
      "Node Type": "Limit",
      "Parallel Aware": false,
      "Async Capable": false,
      "Startup Cost": 24.72,
      "Total Cost": 24.73,
      "Plan Rows": 1,
      "Plan Width": 105,
      "Plans": [
        {
          "Node Type": "Sort",
          "Parent Relationship": "Outer",
          "Parallel Aware": false,
          "Async Capable": false,
          "Startup Cost": 24.72,
          "Total Cost": 24.73,
          "Plan Rows": 1,
          "Plan Width": 105,
          "Sort Key": [
            "fd.pbr",
            "fd.per",
            "fd.dividend_yield DESC"
          ],
          "Plans": [
            {
              "Node Type": "Nested Loop",
              "Parent Relationship": "Outer",
              "Parallel Aware": false,
              "Async Capable": false,
              "Join Type": "Left",
              "Startup Cost": 2.65,
              "Total Cost": 24.71,
              "Plan Rows": 1,
              "Plan Width": 105,
              "Inner Unique": true,
              "Plans": [
                {
                  "Node Type": "Bitmap Heap Scan",
                  "Parent Relationship": "Outer",
                  "Parallel Aware": false,
                  "Async Capable": false,
                  "Relation Name": "stocks_daily_info",
                  "Alias": "sdi",
                  "Startup Cost": 2.36,
                  "Total Cost": 20.4,
                  "Plan Rows": 1,
                  "Plan Width": 68,
                  "Recheck Cond": "(event_date = '2023-10-25'::date)",
                  "Filter": "((market_cap >= '376100000000'::numeric) AND (market = 'KOSPI'::text))",
                  "Plans": [
                    {
                      "Node Type": "Bitmap Index Scan",
                      "Parent Relationship": "Outer",
                      "Parallel Aware": false,
                      "Async Capable": false,
                      "Index Name": "idx_sdi_event_date",
                      "Startup Cost": 0.0,
                      "Total Cost": 2.36,
                      "Plan Rows": 10,
                      "Plan Width": 0,
                      "Index Cond": "(event_date = '2023-10-25'::date)"
                    }
                  ]
                },
                {
                  "Node Type": "Index Scan",
                  "Parent Relationship": "Inner",
                  "Parallel Aware": false,
                  "Async Capable": false,
                  "Scan Direction": "Forward",
                  "Index Name": "fundamentals_daily_pkey",
                  "Relation Name": "fundamentals_daily",
                  "Alias": "fd",
                  "Startup Cost": 0.29,
                  "Total Cost": 4.3,
                  "Plan Rows": 1,
                  "Plan Width": 55,
                  "Index Cond": "((event_date = '2023-10-25'::date) AND (ticker = sdi.ticker))"
                }
              ]
            }
          ]
        }
      ]
    }
  },
  "db_statistics": {
    "table_stats": {
      "stocks_daily_info": {
        "row_count": 12700,
        "size_mb": 1.71
      },
      "fundamentals_daily": {
        "row_count": 12080,
        "size_mb": 2.33
      },
      "financials_quarterly": {
        "row_count": 8634,
        "size_mb": 0.8
      }
    },
    "existing_indexes": [
      "backtest_results_pkey",
      "community_posts_pkey",
      "financials_quarterly_pkey",
      "fundamentals_daily_pkey",
      "idx_finq_period_end",
      "idx_finq_ticker",
      "idx_fund_event_date",
      "idx_fund_ticker",
      "idx_sdi_event_date",
      "idx_sdi_ticker",
      "ix_backtest_results_strategy_id",
      "ix_community_posts_author_id",
      "ix_community_posts_strategy_id",
      "ix_ml_models_owner_id",
      "ix_strategies_owner_id",
      "ix_users_email",
      "ml_models_pkey",
      "stocks_daily_info_pkey",
      "strategies_pkey",
      "users_pkey"
    ]
  }
}
---
{
  "workload_id": 3580,
  "metadata": {
    "strategy_template": "Value Investing Style",
    "ml_model_used": null
  },
  "sql_query": "SELECT fd.bps, fd.dividend_yield, fd.eps, fd.pbr, fd.per, sdi.close_price, sdi.company_name, sdi.ma_20d, sdi.market_cap, sdi.momentum_12m, sdi.momentum_3m, sdi.rsi_14, sdi.ticker, sdi.volatility_20d FROM stocks_daily_info sdi LEFT JOIN fundamentals_daily fd ON fd.ticker = sdi.ticker AND fd.event_date = sdi.event_date WHERE sdi.market = 'KOSDAQ' AND sdi.market_cap >= 152400000000 AND sdi.event_date = DATE '2023-05-31' ORDER BY fd.pbr asc, fd.per asc, fd.dividend_yield asc, fd.eps desc LIMIT 39;",
  "baseline_execution_plan": {
    "Plan": {
      "Node Type": "Limit",
      "Parallel Aware": false,
      "Async Capable": false,
      "Startup Cost": 24.72,
      "Total Cost": 24.73,
      "Plan Rows": 1,
      "Plan Width": 105,
      "Plans": [
        {
          "Node Type": "Sort",
          "Parent Relationship": "Outer",
          "Parallel Aware": false,
          "Async Capable": false,
          "Startup Cost": 24.72,
          "Total Cost": 24.73,
          "Plan Rows": 1,
          "Plan Width": 105,
          "Sort Key": [
            "fd.pbr",
            "fd.per",
            "fd.dividend_yield",
            "fd.eps DESC"
          ],
          "Plans": [
            {
              "Node Type": "Nested Loop",
              "Parent Relationship": "Outer",
              "Parallel Aware": false,
              "Async Capable": false,
              "Join Type": "Left",
              "Startup Cost": 2.65,
              "Total Cost": 24.71,
              "Plan Rows": 1,
              "Plan Width": 105,
              "Inner Unique": true,
              "Plans": [
                {
                  "Node Type": "Bitmap Heap Scan",
                  "Parent Relationship": "Outer",
                  "Parallel Aware": false,
                  "Async Capable": false,
                  "Relation Name": "stocks_daily_info",
                  "Alias": "sdi",
                  "Startup Cost": 2.36,
                  "Total Cost": 20.4,
                  "Plan Rows": 1,
                  "Plan Width": 68,
                  "Recheck Cond": "(event_date = '2023-05-31'::date)",
                  "Filter": "((market_cap >= '152400000000'::numeric) AND (market = 'KOSDAQ'::text))",
                  "Plans": [
                    {
                      "Node Type": "Bitmap Index Scan",
                      "Parent Relationship": "Outer",
                      "Parallel Aware": false,
                      "Async Capable": false,
                      "Index Name": "idx_sdi_event_date",
                      "Startup Cost": 0.0,
                      "Total Cost": 2.36,
                      "Plan Rows": 10,
                      "Plan Width": 0,
                      "Index Cond": "(event_date = '2023-05-31'::date)"
                    }
                  ]
                },
                {
                  "Node Type": "Index Scan",
                  "Parent Relationship": "Inner",
                  "Parallel Aware": false,
                  "Async Capable": false,
                  "Scan Direction": "Forward",
                  "Index Name": "fundamentals_daily_pkey",
                  "Relation Name": "fundamentals_daily",
                  "Alias": "fd",
                  "Startup Cost": 0.29,
                  "Total Cost": 4.3,
                  "Plan Rows": 1,
                  "Plan Width": 55,
                  "Index Cond": "((event_date = '2023-05-31'::date) AND (ticker = sdi.ticker))"
                }
              ]
            }
          ]
        }
      ]
    }
  },
  "db_statistics": {
    "table_stats": {
      "stocks_daily_info": {
        "row_count": 12700,
        "size_mb": 1.71
      },
      "fundamentals_daily": {
        "row_count": 12080,
        "size_mb": 2.33
      },
      "financials_quarterly": {
        "row_count": 8634,
        "size_mb": 0.8
      }
    },
    "existing_indexes": [
      "backtest_results_pkey",
      "community_posts_pkey",
      "financials_quarterly_pkey",
      "fundamentals_daily_pkey",
      "idx_finq_period_end",
      "idx_finq_ticker",
      "idx_fund_event_date",
      "idx_fund_ticker",
      "idx_sdi_event_date",
      "idx_sdi_ticker",
      "ix_backtest_results_strategy_id",
      "ix_community_posts_author_id",
      "ix_community_posts_strategy_id",
      "ix_ml_models_owner_id",
      "ix_strategies_owner_id",
      "ix_users_email",
      "ml_models_pkey",
      "stocks_daily_info_pkey",
      "strategies_pkey",
      "users_pkey"
    ]
  }
}
---
{
  "workload_id": 3581,
  "metadata": {
    "strategy_template": "Value Investing Style",
    "ml_model_used": null
  },
  "sql_query": "SELECT fd.bps, fd.dividend_yield, fd.eps, fd.pbr, fd.per, sdi.close_price, sdi.company_name, sdi.ma_20d, sdi.market_cap, sdi.momentum_12m, sdi.momentum_3m, sdi.rsi_14, sdi.ticker, sdi.volatility_20d FROM stocks_daily_info sdi LEFT JOIN fundamentals_daily fd ON fd.ticker = sdi.ticker AND fd.event_date = sdi.event_date WHERE sdi.market = 'KOSPI' AND sdi.market_cap >= 458600000000 AND sdi.event_date = DATE '2023-08-23' ORDER BY fd.pbr desc, fd.per desc, fd.dividend_yield asc, fd.eps desc LIMIT 23;",
  "baseline_execution_plan": {
    "Plan": {
      "Node Type": "Limit",
      "Parallel Aware": false,
      "Async Capable": false,
      "Startup Cost": 24.72,
      "Total Cost": 24.73,
      "Plan Rows": 1,
      "Plan Width": 105,
      "Plans": [
        {
          "Node Type": "Sort",
          "Parent Relationship": "Outer",
          "Parallel Aware": false,
          "Async Capable": false,
          "Startup Cost": 24.72,
          "Total Cost": 24.73,
          "Plan Rows": 1,
          "Plan Width": 105,
          "Sort Key": [
            "fd.pbr DESC",
            "fd.per DESC",
            "fd.dividend_yield",
            "fd.eps DESC"
          ],
          "Plans": [
            {
              "Node Type": "Nested Loop",
              "Parent Relationship": "Outer",
              "Parallel Aware": false,
              "Async Capable": false,
              "Join Type": "Left",
              "Startup Cost": 2.65,
              "Total Cost": 24.71,
              "Plan Rows": 1,
              "Plan Width": 105,
              "Inner Unique": true,
              "Plans": [
                {
                  "Node Type": "Bitmap Heap Scan",
                  "Parent Relationship": "Outer",
                  "Parallel Aware": false,
                  "Async Capable": false,
                  "Relation Name": "stocks_daily_info",
                  "Alias": "sdi",
                  "Startup Cost": 2.36,
                  "Total Cost": 20.4,
                  "Plan Rows": 1,
                  "Plan Width": 68,
                  "Recheck Cond": "(event_date = '2023-08-23'::date)",
                  "Filter": "((market_cap >= '458600000000'::numeric) AND (market = 'KOSPI'::text))",
                  "Plans": [
                    {
                      "Node Type": "Bitmap Index Scan",
                      "Parent Relationship": "Outer",
                      "Parallel Aware": false,
                      "Async Capable": false,
                      "Index Name": "idx_sdi_event_date",
                      "Startup Cost": 0.0,
                      "Total Cost": 2.36,
                      "Plan Rows": 10,
                      "Plan Width": 0,
                      "Index Cond": "(event_date = '2023-08-23'::date)"
                    }
                  ]
                },
                {
                  "Node Type": "Index Scan",
                  "Parent Relationship": "Inner",
                  "Parallel Aware": false,
                  "Async Capable": false,
                  "Scan Direction": "Forward",
                  "Index Name": "fundamentals_daily_pkey",
                  "Relation Name": "fundamentals_daily",
                  "Alias": "fd",
                  "Startup Cost": 0.29,
                  "Total Cost": 4.3,
                  "Plan Rows": 1,
                  "Plan Width": 55,
                  "Index Cond": "((event_date = '2023-08-23'::date) AND (ticker = sdi.ticker))"
                }
              ]
            }
          ]
        }
      ]
    }
  },
  "db_statistics": {
    "table_stats": {
      "stocks_daily_info": {
        "row_count": 12700,
        "size_mb": 1.71
      },
      "fundamentals_daily": {
        "row_count": 12080,
        "size_mb": 2.33
      },
      "financials_quarterly": {
        "row_count": 8634,
        "size_mb": 0.8
      }
    },
    "existing_indexes": [
      "backtest_results_pkey",
      "community_posts_pkey",
      "financials_quarterly_pkey",
      "fundamentals_daily_pkey",
      "idx_finq_period_end",
      "idx_finq_ticker",
      "idx_fund_event_date",
      "idx_fund_ticker",
      "idx_sdi_event_date",
      "idx_sdi_ticker",
      "ix_backtest_results_strategy_id",
      "ix_community_posts_author_id",
      "ix_community_posts_strategy_id",
      "ix_ml_models_owner_id",
      "ix_strategies_owner_id",
      "ix_users_email",
      "ml_models_pkey",
      "stocks_daily_info_pkey",
      "strategies_pkey",
      "users_pkey"
    ]
  }
}
---
{
  "workload_id": 3582,
  "metadata": {
    "strategy_template": "Value Investing Style",
    "ml_model_used": null
  },
  "sql_query": "SELECT fd.bps, fd.dividend_yield, fd.eps, fd.pbr, fd.per, sdi.close_price, sdi.company_name, sdi.ma_20d, sdi.market_cap, sdi.momentum_12m, sdi.momentum_3m, sdi.rsi_14, sdi.ticker, sdi.volatility_20d FROM stocks_daily_info sdi LEFT JOIN fundamentals_daily fd ON fd.ticker = sdi.ticker AND fd.event_date = sdi.event_date WHERE sdi.market = 'KOSDAQ' AND sdi.market_cap >= 238000000000 AND sdi.event_date = DATE '2023-08-25' ORDER BY fd.pbr asc, fd.per desc LIMIT 21;",
  "baseline_execution_plan": {
    "Plan": {
      "Node Type": "Limit",
      "Parallel Aware": false,
      "Async Capable": false,
      "Startup Cost": 24.72,
      "Total Cost": 24.73,
      "Plan Rows": 1,
      "Plan Width": 105,
      "Plans": [
        {
          "Node Type": "Sort",
          "Parent Relationship": "Outer",
          "Parallel Aware": false,
          "Async Capable": false,
          "Startup Cost": 24.72,
          "Total Cost": 24.73,
          "Plan Rows": 1,
          "Plan Width": 105,
          "Sort Key": [
            "fd.pbr",
            "fd.per DESC"
          ],
          "Plans": [
            {
              "Node Type": "Nested Loop",
              "Parent Relationship": "Outer",
              "Parallel Aware": false,
              "Async Capable": false,
              "Join Type": "Left",
              "Startup Cost": 2.65,
              "Total Cost": 24.71,
              "Plan Rows": 1,
              "Plan Width": 105,
              "Inner Unique": true,
              "Plans": [
                {
                  "Node Type": "Bitmap Heap Scan",
                  "Parent Relationship": "Outer",
                  "Parallel Aware": false,
                  "Async Capable": false,
                  "Relation Name": "stocks_daily_info",
                  "Alias": "sdi",
                  "Startup Cost": 2.36,
                  "Total Cost": 20.4,
                  "Plan Rows": 1,
                  "Plan Width": 68,
                  "Recheck Cond": "(event_date = '2023-08-25'::date)",
                  "Filter": "((market_cap >= '238000000000'::numeric) AND (market = 'KOSDAQ'::text))",
                  "Plans": [
                    {
                      "Node Type": "Bitmap Index Scan",
                      "Parent Relationship": "Outer",
                      "Parallel Aware": false,
                      "Async Capable": false,
                      "Index Name": "idx_sdi_event_date",
                      "Startup Cost": 0.0,
                      "Total Cost": 2.36,
                      "Plan Rows": 10,
                      "Plan Width": 0,
                      "Index Cond": "(event_date = '2023-08-25'::date)"
                    }
                  ]
                },
                {
                  "Node Type": "Index Scan",
                  "Parent Relationship": "Inner",
                  "Parallel Aware": false,
                  "Async Capable": false,
                  "Scan Direction": "Forward",
                  "Index Name": "fundamentals_daily_pkey",
                  "Relation Name": "fundamentals_daily",
                  "Alias": "fd",
                  "Startup Cost": 0.29,
                  "Total Cost": 4.3,
                  "Plan Rows": 1,
                  "Plan Width": 55,
                  "Index Cond": "((event_date = '2023-08-25'::date) AND (ticker = sdi.ticker))"
                }
              ]
            }
          ]
        }
      ]
    }
  },
  "db_statistics": {
    "table_stats": {
      "stocks_daily_info": {
        "row_count": 12700,
        "size_mb": 1.71
      },
      "fundamentals_daily": {
        "row_count": 12080,
        "size_mb": 2.33
      },
      "financials_quarterly": {
        "row_count": 8634,
        "size_mb": 0.8
      }
    },
    "existing_indexes": [
      "backtest_results_pkey",
      "community_posts_pkey",
      "financials_quarterly_pkey",
      "fundamentals_daily_pkey",
      "idx_finq_period_end",
      "idx_finq_ticker",
      "idx_fund_event_date",
      "idx_fund_ticker",
      "idx_sdi_event_date",
      "idx_sdi_ticker",
      "ix_backtest_results_strategy_id",
      "ix_community_posts_author_id",
      "ix_community_posts_strategy_id",
      "ix_ml_models_owner_id",
      "ix_strategies_owner_id",
      "ix_users_email",
      "ml_models_pkey",
      "stocks_daily_info_pkey",
      "strategies_pkey",
      "users_pkey"
    ]
  }
}
---
{
  "workload_id": 3583,
  "metadata": {
    "strategy_template": "Value Investing Style",
    "ml_model_used": null
  },
  "sql_query": "SELECT fd.bps, fd.dividend_yield, fd.eps, fd.pbr, fd.per, sdi.close_price, sdi.company_name, sdi.ma_20d, sdi.market_cap, sdi.momentum_12m, sdi.momentum_3m, sdi.rsi_14, sdi.ticker, sdi.volatility_20d FROM stocks_daily_info sdi LEFT JOIN fundamentals_daily fd ON fd.ticker = sdi.ticker AND fd.event_date = sdi.event_date WHERE sdi.market = 'KOSPI' AND sdi.market_cap >= 348600000000 AND sdi.event_date = DATE '2023-08-10' ORDER BY fd.pbr asc, fd.per desc LIMIT 41;",
  "baseline_execution_plan": {
    "Plan": {
      "Node Type": "Limit",
      "Parallel Aware": false,
      "Async Capable": false,
      "Startup Cost": 24.72,
      "Total Cost": 24.73,
      "Plan Rows": 1,
      "Plan Width": 105,
      "Plans": [
        {
          "Node Type": "Sort",
          "Parent Relationship": "Outer",
          "Parallel Aware": false,
          "Async Capable": false,
          "Startup Cost": 24.72,
          "Total Cost": 24.73,
          "Plan Rows": 1,
          "Plan Width": 105,
          "Sort Key": [
            "fd.pbr",
            "fd.per DESC"
          ],
          "Plans": [
            {
              "Node Type": "Nested Loop",
              "Parent Relationship": "Outer",
              "Parallel Aware": false,
              "Async Capable": false,
              "Join Type": "Left",
              "Startup Cost": 2.65,
              "Total Cost": 24.71,
              "Plan Rows": 1,
              "Plan Width": 105,
              "Inner Unique": true,
              "Plans": [
                {
                  "Node Type": "Bitmap Heap Scan",
                  "Parent Relationship": "Outer",
                  "Parallel Aware": false,
                  "Async Capable": false,
                  "Relation Name": "stocks_daily_info",
                  "Alias": "sdi",
                  "Startup Cost": 2.36,
                  "Total Cost": 20.4,
                  "Plan Rows": 1,
                  "Plan Width": 68,
                  "Recheck Cond": "(event_date = '2023-08-10'::date)",
                  "Filter": "((market_cap >= '348600000000'::numeric) AND (market = 'KOSPI'::text))",
                  "Plans": [
                    {
                      "Node Type": "Bitmap Index Scan",
                      "Parent Relationship": "Outer",
                      "Parallel Aware": false,
                      "Async Capable": false,
                      "Index Name": "idx_sdi_event_date",
                      "Startup Cost": 0.0,
                      "Total Cost": 2.36,
                      "Plan Rows": 10,
                      "Plan Width": 0,
                      "Index Cond": "(event_date = '2023-08-10'::date)"
                    }
                  ]
                },
                {
                  "Node Type": "Index Scan",
                  "Parent Relationship": "Inner",
                  "Parallel Aware": false,
                  "Async Capable": false,
                  "Scan Direction": "Forward",
                  "Index Name": "fundamentals_daily_pkey",
                  "Relation Name": "fundamentals_daily",
                  "Alias": "fd",
                  "Startup Cost": 0.29,
                  "Total Cost": 4.3,
                  "Plan Rows": 1,
                  "Plan Width": 55,
                  "Index Cond": "((event_date = '2023-08-10'::date) AND (ticker = sdi.ticker))"
                }
              ]
            }
          ]
        }
      ]
    }
  },
  "db_statistics": {
    "table_stats": {
      "stocks_daily_info": {
        "row_count": 12700,
        "size_mb": 1.71
      },
      "fundamentals_daily": {
        "row_count": 12080,
        "size_mb": 2.33
      },
      "financials_quarterly": {
        "row_count": 8634,
        "size_mb": 0.8
      }
    },
    "existing_indexes": [
      "backtest_results_pkey",
      "community_posts_pkey",
      "financials_quarterly_pkey",
      "fundamentals_daily_pkey",
      "idx_finq_period_end",
      "idx_finq_ticker",
      "idx_fund_event_date",
      "idx_fund_ticker",
      "idx_sdi_event_date",
      "idx_sdi_ticker",
      "ix_backtest_results_strategy_id",
      "ix_community_posts_author_id",
      "ix_community_posts_strategy_id",
      "ix_ml_models_owner_id",
      "ix_strategies_owner_id",
      "ix_users_email",
      "ml_models_pkey",
      "stocks_daily_info_pkey",
      "strategies_pkey",
      "users_pkey"
    ]
  }
}
---
{
  "workload_id": 3584,
  "metadata": {
    "strategy_template": "ML Hybrid Style",
    "ml_model_used": null
  },
  "sql_query": "SELECT fd.bps, fd.dividend_yield, fd.eps, fd.pbr, fd.per, sdi.close_price, sdi.company_name, sdi.ma_20d, sdi.market_cap, sdi.momentum_12m, sdi.momentum_3m, sdi.rsi_14, sdi.ticker, sdi.volatility_20d FROM stocks_daily_info sdi LEFT JOIN fundamentals_daily fd ON fd.ticker = sdi.ticker AND fd.event_date = sdi.event_date WHERE sdi.market = 'KOSPI' AND sdi.market_cap >= 222100000000 AND sdi.event_date = DATE '2023-09-23' ORDER BY sdi.momentum_3m asc, fd.pbr asc LIMIT 30;",
  "baseline_execution_plan": {
    "Plan": {
      "Node Type": "Limit",
      "Parallel Aware": false,
      "Async Capable": false,
      "Startup Cost": 24.72,
      "Total Cost": 24.73,
      "Plan Rows": 1,
      "Plan Width": 105,
      "Plans": [
        {
          "Node Type": "Sort",
          "Parent Relationship": "Outer",
          "Parallel Aware": false,
          "Async Capable": false,
          "Startup Cost": 24.72,
          "Total Cost": 24.73,
          "Plan Rows": 1,
          "Plan Width": 105,
          "Sort Key": [
            "sdi.momentum_3m",
            "fd.pbr"
          ],
          "Plans": [
            {
              "Node Type": "Nested Loop",
              "Parent Relationship": "Outer",
              "Parallel Aware": false,
              "Async Capable": false,
              "Join Type": "Left",
              "Startup Cost": 2.65,
              "Total Cost": 24.71,
              "Plan Rows": 1,
              "Plan Width": 105,
              "Inner Unique": true,
              "Plans": [
                {
                  "Node Type": "Bitmap Heap Scan",
                  "Parent Relationship": "Outer",
                  "Parallel Aware": false,
                  "Async Capable": false,
                  "Relation Name": "stocks_daily_info",
                  "Alias": "sdi",
                  "Startup Cost": 2.36,
                  "Total Cost": 20.4,
                  "Plan Rows": 1,
                  "Plan Width": 68,
                  "Recheck Cond": "(event_date = '2023-09-23'::date)",
                  "Filter": "((market_cap >= '222100000000'::numeric) AND (market = 'KOSPI'::text))",
                  "Plans": [
                    {
                      "Node Type": "Bitmap Index Scan",
                      "Parent Relationship": "Outer",
                      "Parallel Aware": false,
                      "Async Capable": false,
                      "Index Name": "idx_sdi_event_date",
                      "Startup Cost": 0.0,
                      "Total Cost": 2.36,
                      "Plan Rows": 10,
                      "Plan Width": 0,
                      "Index Cond": "(event_date = '2023-09-23'::date)"
                    }
                  ]
                },
                {
                  "Node Type": "Index Scan",
                  "Parent Relationship": "Inner",
                  "Parallel Aware": false,
                  "Async Capable": false,
                  "Scan Direction": "Forward",
                  "Index Name": "fundamentals_daily_pkey",
                  "Relation Name": "fundamentals_daily",
                  "Alias": "fd",
                  "Startup Cost": 0.29,
                  "Total Cost": 4.3,
                  "Plan Rows": 1,
                  "Plan Width": 55,
                  "Index Cond": "((event_date = '2023-09-23'::date) AND (ticker = sdi.ticker))"
                }
              ]
            }
          ]
        }
      ]
    }
  },
  "db_statistics": {
    "table_stats": {
      "stocks_daily_info": {
        "row_count": 12700,
        "size_mb": 1.71
      },
      "fundamentals_daily": {
        "row_count": 12080,
        "size_mb": 2.33
      },
      "financials_quarterly": {
        "row_count": 8634,
        "size_mb": 0.8
      }
    },
    "existing_indexes": [
      "backtest_results_pkey",
      "community_posts_pkey",
      "financials_quarterly_pkey",
      "fundamentals_daily_pkey",
      "idx_finq_period_end",
      "idx_finq_ticker",
      "idx_fund_event_date",
      "idx_fund_ticker",
      "idx_sdi_event_date",
      "idx_sdi_ticker",
      "ix_backtest_results_strategy_id",
      "ix_community_posts_author_id",
      "ix_community_posts_strategy_id",
      "ix_ml_models_owner_id",
      "ix_strategies_owner_id",
      "ix_users_email",
      "ml_models_pkey",
      "stocks_daily_info_pkey",
      "strategies_pkey",
      "users_pkey"
    ]
  }
}
---
{
  "workload_id": 3585,
  "metadata": {
    "strategy_template": "Momentum Investing Style",
    "ml_model_used": null
  },
  "sql_query": "SELECT sdi.close_price, sdi.company_name, sdi.ma_20d, sdi.market_cap, sdi.momentum_12m, sdi.momentum_3m, sdi.rsi_14, sdi.ticker, sdi.volatility_20d FROM stocks_daily_info sdi WHERE sdi.market = 'KOSDAQ' AND sdi.market_cap >= 117500000000 AND sdi.event_date = DATE '2023-07-11' ORDER BY sdi.momentum_3m asc, sdi.momentum_12m desc LIMIT 16;",
  "baseline_execution_plan": {
    "Plan": {
      "Node Type": "Limit",
      "Parallel Aware": false,
      "Async Capable": false,
      "Startup Cost": 20.41,
      "Total Cost": 20.41,
      "Plan Rows": 1,
      "Plan Width": 64,
      "Plans": [
        {
          "Node Type": "Sort",
          "Parent Relationship": "Outer",
          "Parallel Aware": false,
          "Async Capable": false,
          "Startup Cost": 20.41,
          "Total Cost": 20.41,
          "Plan Rows": 1,
          "Plan Width": 64,
          "Sort Key": [
            "momentum_3m",
            "momentum_12m DESC"
          ],
          "Plans": [
            {
              "Node Type": "Bitmap Heap Scan",
              "Parent Relationship": "Outer",
              "Parallel Aware": false,
              "Async Capable": false,
              "Relation Name": "stocks_daily_info",
              "Alias": "sdi",
              "Startup Cost": 2.36,
              "Total Cost": 20.4,
              "Plan Rows": 1,
              "Plan Width": 64,
              "Recheck Cond": "(event_date = '2023-07-11'::date)",
              "Filter": "((market_cap >= '117500000000'::numeric) AND (market = 'KOSDAQ'::text))",
              "Plans": [
                {
                  "Node Type": "Bitmap Index Scan",
                  "Parent Relationship": "Outer",
                  "Parallel Aware": false,
                  "Async Capable": false,
                  "Index Name": "idx_sdi_event_date",
                  "Startup Cost": 0.0,
                  "Total Cost": 2.36,
                  "Plan Rows": 10,
                  "Plan Width": 0,
                  "Index Cond": "(event_date = '2023-07-11'::date)"
                }
              ]
            }
          ]
        }
      ]
    }
  },
  "db_statistics": {
    "table_stats": {
      "stocks_daily_info": {
        "row_count": 12700,
        "size_mb": 1.71
      },
      "fundamentals_daily": {
        "row_count": 12080,
        "size_mb": 2.33
      },
      "financials_quarterly": {
        "row_count": 8634,
        "size_mb": 0.8
      }
    },
    "existing_indexes": [
      "backtest_results_pkey",
      "community_posts_pkey",
      "financials_quarterly_pkey",
      "fundamentals_daily_pkey",
      "idx_finq_period_end",
      "idx_finq_ticker",
      "idx_fund_event_date",
      "idx_fund_ticker",
      "idx_sdi_event_date",
      "idx_sdi_ticker",
      "ix_backtest_results_strategy_id",
      "ix_community_posts_author_id",
      "ix_community_posts_strategy_id",
      "ix_ml_models_owner_id",
      "ix_strategies_owner_id",
      "ix_users_email",
      "ml_models_pkey",
      "stocks_daily_info_pkey",
      "strategies_pkey",
      "users_pkey"
    ]
  }
}
---
{
  "workload_id": 3586,
  "metadata": {
    "strategy_template": "Momentum Investing Style",
    "ml_model_used": null
  },
  "sql_query": "SELECT sdi.close_price, sdi.company_name, sdi.ma_20d, sdi.market_cap, sdi.momentum_12m, sdi.momentum_3m, sdi.rsi_14, sdi.ticker, sdi.volatility_20d FROM stocks_daily_info sdi WHERE sdi.market = 'KOSPI' AND sdi.market_cap >= 261200000000 AND sdi.event_date = DATE '2023-08-17' ORDER BY sdi.momentum_3m asc, sdi.momentum_12m asc, sdi.volatility_20d desc, sdi.rsi_14 desc LIMIT 49;",
  "baseline_execution_plan": {
    "Plan": {
      "Node Type": "Limit",
      "Parallel Aware": false,
      "Async Capable": false,
      "Startup Cost": 20.41,
      "Total Cost": 20.41,
      "Plan Rows": 1,
      "Plan Width": 64,
      "Plans": [
        {
          "Node Type": "Sort",
          "Parent Relationship": "Outer",
          "Parallel Aware": false,
          "Async Capable": false,
          "Startup Cost": 20.41,
          "Total Cost": 20.41,
          "Plan Rows": 1,
          "Plan Width": 64,
          "Sort Key": [
            "momentum_3m",
            "momentum_12m",
            "volatility_20d DESC",
            "rsi_14 DESC"
          ],
          "Plans": [
            {
              "Node Type": "Bitmap Heap Scan",
              "Parent Relationship": "Outer",
              "Parallel Aware": false,
              "Async Capable": false,
              "Relation Name": "stocks_daily_info",
              "Alias": "sdi",
              "Startup Cost": 2.36,
              "Total Cost": 20.4,
              "Plan Rows": 1,
              "Plan Width": 64,
              "Recheck Cond": "(event_date = '2023-08-17'::date)",
              "Filter": "((market_cap >= '261200000000'::numeric) AND (market = 'KOSPI'::text))",
              "Plans": [
                {
                  "Node Type": "Bitmap Index Scan",
                  "Parent Relationship": "Outer",
                  "Parallel Aware": false,
                  "Async Capable": false,
                  "Index Name": "idx_sdi_event_date",
                  "Startup Cost": 0.0,
                  "Total Cost": 2.36,
                  "Plan Rows": 10,
                  "Plan Width": 0,
                  "Index Cond": "(event_date = '2023-08-17'::date)"
                }
              ]
            }
          ]
        }
      ]
    }
  },
  "db_statistics": {
    "table_stats": {
      "stocks_daily_info": {
        "row_count": 12700,
        "size_mb": 1.71
      },
      "fundamentals_daily": {
        "row_count": 12080,
        "size_mb": 2.33
      },
      "financials_quarterly": {
        "row_count": 8634,
        "size_mb": 0.8
      }
    },
    "existing_indexes": [
      "backtest_results_pkey",
      "community_posts_pkey",
      "financials_quarterly_pkey",
      "fundamentals_daily_pkey",
      "idx_finq_period_end",
      "idx_finq_ticker",
      "idx_fund_event_date",
      "idx_fund_ticker",
      "idx_sdi_event_date",
      "idx_sdi_ticker",
      "ix_backtest_results_strategy_id",
      "ix_community_posts_author_id",
      "ix_community_posts_strategy_id",
      "ix_ml_models_owner_id",
      "ix_strategies_owner_id",
      "ix_users_email",
      "ml_models_pkey",
      "stocks_daily_info_pkey",
      "strategies_pkey",
      "users_pkey"
    ]
  }
}
---
{
  "workload_id": 3587,
  "metadata": {
    "strategy_template": "Momentum Investing Style",
    "ml_model_used": null
  },
  "sql_query": "SELECT sdi.close_price, sdi.company_name, sdi.ma_20d, sdi.market_cap, sdi.momentum_12m, sdi.momentum_3m, sdi.rsi_14, sdi.ticker, sdi.volatility_20d FROM stocks_daily_info sdi WHERE sdi.market = 'KOSPI' AND sdi.market_cap >= 498300000000 AND sdi.event_date = DATE '2023-06-28' ORDER BY sdi.momentum_3m asc, sdi.momentum_12m desc LIMIT 41;",
  "baseline_execution_plan": {
    "Plan": {
      "Node Type": "Limit",
      "Parallel Aware": false,
      "Async Capable": false,
      "Startup Cost": 20.41,
      "Total Cost": 20.41,
      "Plan Rows": 1,
      "Plan Width": 64,
      "Plans": [
        {
          "Node Type": "Sort",
          "Parent Relationship": "Outer",
          "Parallel Aware": false,
          "Async Capable": false,
          "Startup Cost": 20.41,
          "Total Cost": 20.41,
          "Plan Rows": 1,
          "Plan Width": 64,
          "Sort Key": [
            "momentum_3m",
            "momentum_12m DESC"
          ],
          "Plans": [
            {
              "Node Type": "Bitmap Heap Scan",
              "Parent Relationship": "Outer",
              "Parallel Aware": false,
              "Async Capable": false,
              "Relation Name": "stocks_daily_info",
              "Alias": "sdi",
              "Startup Cost": 2.36,
              "Total Cost": 20.4,
              "Plan Rows": 1,
              "Plan Width": 64,
              "Recheck Cond": "(event_date = '2023-06-28'::date)",
              "Filter": "((market_cap >= '498300000000'::numeric) AND (market = 'KOSPI'::text))",
              "Plans": [
                {
                  "Node Type": "Bitmap Index Scan",
                  "Parent Relationship": "Outer",
                  "Parallel Aware": false,
                  "Async Capable": false,
                  "Index Name": "idx_sdi_event_date",
                  "Startup Cost": 0.0,
                  "Total Cost": 2.36,
                  "Plan Rows": 10,
                  "Plan Width": 0,
                  "Index Cond": "(event_date = '2023-06-28'::date)"
                }
              ]
            }
          ]
        }
      ]
    }
  },
  "db_statistics": {
    "table_stats": {
      "stocks_daily_info": {
        "row_count": 12700,
        "size_mb": 1.71
      },
      "fundamentals_daily": {
        "row_count": 12080,
        "size_mb": 2.33
      },
      "financials_quarterly": {
        "row_count": 8634,
        "size_mb": 0.8
      }
    },
    "existing_indexes": [
      "backtest_results_pkey",
      "community_posts_pkey",
      "financials_quarterly_pkey",
      "fundamentals_daily_pkey",
      "idx_finq_period_end",
      "idx_finq_ticker",
      "idx_fund_event_date",
      "idx_fund_ticker",
      "idx_sdi_event_date",
      "idx_sdi_ticker",
      "ix_backtest_results_strategy_id",
      "ix_community_posts_author_id",
      "ix_community_posts_strategy_id",
      "ix_ml_models_owner_id",
      "ix_strategies_owner_id",
      "ix_users_email",
      "ml_models_pkey",
      "stocks_daily_info_pkey",
      "strategies_pkey",
      "users_pkey"
    ]
  }
}
---
{
  "workload_id": 3588,
  "metadata": {
    "strategy_template": "ML Hybrid Style",
    "ml_model_used": "Return Forecast Model"
  },
  "sql_query": "SELECT sdi.close_price, sdi.company_name, sdi.ma_20d, sdi.market_cap, sdi.momentum_12m, sdi.momentum_3m, sdi.rsi_14, sdi.ticker, sdi.volatility_20d FROM stocks_daily_info sdi WHERE sdi.market = 'KOSDAQ' AND sdi.market_cap >= 493700000000 AND sdi.event_date = DATE '2023-10-06' ORDER BY CASE sdi.ticker WHEN '000660.KS' THEN 1 WHEN '005930.KS' THEN 2 WHEN '068270.KQ' THEN 3 WHEN '207940.KS' THEN 4 WHEN '035420.KS' THEN 5 WHEN '005380.KS' THEN 6 WHEN '051910.KS' THEN 7 WHEN '012330.KS' THEN 8 WHEN '035720.KS' THEN 9 WHEN '105560.KS' THEN 10 ELSE 11 END LIMIT 44;",
  "baseline_execution_plan": {
    "Plan": {
      "Node Type": "Limit",
      "Parallel Aware": false,
      "Async Capable": false,
      "Startup Cost": 20.43,
      "Total Cost": 20.44,
      "Plan Rows": 1,
      "Plan Width": 68,
      "Plans": [
        {
          "Node Type": "Sort",
          "Parent Relationship": "Outer",
          "Parallel Aware": false,
          "Async Capable": false,
          "Startup Cost": 20.43,
          "Total Cost": 20.44,
          "Plan Rows": 1,
          "Plan Width": 68,
          "Sort Key": [
            "(CASE ticker WHEN '000660.KS'::text THEN 1 WHEN '005930.KS'::text THEN 2 WHEN '068270.KQ'::text THEN 3 WHEN '207940.KS'::text THEN 4 WHEN '035420.KS'::text THEN 5 WHEN '005380.KS'::text THEN 6 WHEN '051910.KS'::text THEN 7 WHEN '012330.KS'::text THEN 8 WHEN '035720.KS'::text THEN 9 WHEN '105560.KS'::text THEN 10 ELSE 11 END)"
          ],
          "Plans": [
            {
              "Node Type": "Bitmap Heap Scan",
              "Parent Relationship": "Outer",
              "Parallel Aware": false,
              "Async Capable": false,
              "Relation Name": "stocks_daily_info",
              "Alias": "sdi",
              "Startup Cost": 2.36,
              "Total Cost": 20.42,
              "Plan Rows": 1,
              "Plan Width": 68,
              "Recheck Cond": "(event_date = '2023-10-06'::date)",
              "Filter": "((market_cap >= '493700000000'::numeric) AND (market = 'KOSDAQ'::text))",
              "Plans": [
                {
                  "Node Type": "Bitmap Index Scan",
                  "Parent Relationship": "Outer",
                  "Parallel Aware": false,
                  "Async Capable": false,
                  "Index Name": "idx_sdi_event_date",
                  "Startup Cost": 0.0,
                  "Total Cost": 2.36,
                  "Plan Rows": 10,
                  "Plan Width": 0,
                  "Index Cond": "(event_date = '2023-10-06'::date)"
                }
              ]
            }
          ]
        }
      ]
    }
  },
  "db_statistics": {
    "table_stats": {
      "stocks_daily_info": {
        "row_count": 12700,
        "size_mb": 1.71
      },
      "fundamentals_daily": {
        "row_count": 12080,
        "size_mb": 2.33
      },
      "financials_quarterly": {
        "row_count": 8634,
        "size_mb": 0.8
      }
    },
    "existing_indexes": [
      "backtest_results_pkey",
      "community_posts_pkey",
      "financials_quarterly_pkey",
      "fundamentals_daily_pkey",
      "idx_finq_period_end",
      "idx_finq_ticker",
      "idx_fund_event_date",
      "idx_fund_ticker",
      "idx_sdi_event_date",
      "idx_sdi_ticker",
      "ix_backtest_results_strategy_id",
      "ix_community_posts_author_id",
      "ix_community_posts_strategy_id",
      "ix_ml_models_owner_id",
      "ix_strategies_owner_id",
      "ix_users_email",
      "ml_models_pkey",
      "stocks_daily_info_pkey",
      "strategies_pkey",
      "users_pkey"
    ]
  }
}
---
{
  "workload_id": 3589,
  "metadata": {
    "strategy_template": "Momentum Investing Style",
    "ml_model_used": null
  },
  "sql_query": "SELECT sdi.close_price, sdi.company_name, sdi.ma_20d, sdi.market_cap, sdi.momentum_12m, sdi.momentum_3m, sdi.rsi_14, sdi.ticker, sdi.volatility_20d FROM stocks_daily_info sdi WHERE sdi.market = 'KOSDAQ' AND sdi.market_cap >= 472100000000 AND sdi.event_date = DATE '2023-10-20' ORDER BY sdi.momentum_3m asc, sdi.momentum_12m desc LIMIT 43;",
  "baseline_execution_plan": {
    "Plan": {
      "Node Type": "Limit",
      "Parallel Aware": false,
      "Async Capable": false,
      "Startup Cost": 20.41,
      "Total Cost": 20.41,
      "Plan Rows": 1,
      "Plan Width": 64,
      "Plans": [
        {
          "Node Type": "Sort",
          "Parent Relationship": "Outer",
          "Parallel Aware": false,
          "Async Capable": false,
          "Startup Cost": 20.41,
          "Total Cost": 20.41,
          "Plan Rows": 1,
          "Plan Width": 64,
          "Sort Key": [
            "momentum_3m",
            "momentum_12m DESC"
          ],
          "Plans": [
            {
              "Node Type": "Bitmap Heap Scan",
              "Parent Relationship": "Outer",
              "Parallel Aware": false,
              "Async Capable": false,
              "Relation Name": "stocks_daily_info",
              "Alias": "sdi",
              "Startup Cost": 2.36,
              "Total Cost": 20.4,
              "Plan Rows": 1,
              "Plan Width": 64,
              "Recheck Cond": "(event_date = '2023-10-20'::date)",
              "Filter": "((market_cap >= '472100000000'::numeric) AND (market = 'KOSDAQ'::text))",
              "Plans": [
                {
                  "Node Type": "Bitmap Index Scan",
                  "Parent Relationship": "Outer",
                  "Parallel Aware": false,
                  "Async Capable": false,
                  "Index Name": "idx_sdi_event_date",
                  "Startup Cost": 0.0,
                  "Total Cost": 2.36,
                  "Plan Rows": 10,
                  "Plan Width": 0,
                  "Index Cond": "(event_date = '2023-10-20'::date)"
                }
              ]
            }
          ]
        }
      ]
    }
  },
  "db_statistics": {
    "table_stats": {
      "stocks_daily_info": {
        "row_count": 12700,
        "size_mb": 1.71
      },
      "fundamentals_daily": {
        "row_count": 12080,
        "size_mb": 2.33
      },
      "financials_quarterly": {
        "row_count": 8634,
        "size_mb": 0.8
      }
    },
    "existing_indexes": [
      "backtest_results_pkey",
      "community_posts_pkey",
      "financials_quarterly_pkey",
      "fundamentals_daily_pkey",
      "idx_finq_period_end",
      "idx_finq_ticker",
      "idx_fund_event_date",
      "idx_fund_ticker",
      "idx_sdi_event_date",
      "idx_sdi_ticker",
      "ix_backtest_results_strategy_id",
      "ix_community_posts_author_id",
      "ix_community_posts_strategy_id",
      "ix_ml_models_owner_id",
      "ix_strategies_owner_id",
      "ix_users_email",
      "ml_models_pkey",
      "stocks_daily_info_pkey",
      "strategies_pkey",
      "users_pkey"
    ]
  }
}
---
{
  "workload_id": 3590,
  "metadata": {
    "strategy_template": "Value Investing Style",
    "ml_model_used": null
  },
  "sql_query": "SELECT fd.bps, fd.dividend_yield, fd.eps, fd.pbr, fd.per, sdi.close_price, sdi.company_name, sdi.ma_20d, sdi.market_cap, sdi.momentum_12m, sdi.momentum_3m, sdi.rsi_14, sdi.ticker, sdi.volatility_20d FROM stocks_daily_info sdi LEFT JOIN fundamentals_daily fd ON fd.ticker = sdi.ticker AND fd.event_date = sdi.event_date WHERE sdi.market = 'KOSPI' AND sdi.market_cap >= 252100000000 AND sdi.event_date = DATE '2023-08-21' ORDER BY fd.pbr desc, fd.per desc, fd.dividend_yield asc LIMIT 46;",
  "baseline_execution_plan": {
    "Plan": {
      "Node Type": "Limit",
      "Parallel Aware": false,
      "Async Capable": false,
      "Startup Cost": 24.72,
      "Total Cost": 24.73,
      "Plan Rows": 1,
      "Plan Width": 105,
      "Plans": [
        {
          "Node Type": "Sort",
          "Parent Relationship": "Outer",
          "Parallel Aware": false,
          "Async Capable": false,
          "Startup Cost": 24.72,
          "Total Cost": 24.73,
          "Plan Rows": 1,
          "Plan Width": 105,
          "Sort Key": [
            "fd.pbr DESC",
            "fd.per DESC",
            "fd.dividend_yield"
          ],
          "Plans": [
            {
              "Node Type": "Nested Loop",
              "Parent Relationship": "Outer",
              "Parallel Aware": false,
              "Async Capable": false,
              "Join Type": "Left",
              "Startup Cost": 2.65,
              "Total Cost": 24.71,
              "Plan Rows": 1,
              "Plan Width": 105,
              "Inner Unique": true,
              "Plans": [
                {
                  "Node Type": "Bitmap Heap Scan",
                  "Parent Relationship": "Outer",
                  "Parallel Aware": false,
                  "Async Capable": false,
                  "Relation Name": "stocks_daily_info",
                  "Alias": "sdi",
                  "Startup Cost": 2.36,
                  "Total Cost": 20.4,
                  "Plan Rows": 1,
                  "Plan Width": 68,
                  "Recheck Cond": "(event_date = '2023-08-21'::date)",
                  "Filter": "((market_cap >= '252100000000'::numeric) AND (market = 'KOSPI'::text))",
                  "Plans": [
                    {
                      "Node Type": "Bitmap Index Scan",
                      "Parent Relationship": "Outer",
                      "Parallel Aware": false,
                      "Async Capable": false,
                      "Index Name": "idx_sdi_event_date",
                      "Startup Cost": 0.0,
                      "Total Cost": 2.36,
                      "Plan Rows": 10,
                      "Plan Width": 0,
                      "Index Cond": "(event_date = '2023-08-21'::date)"
                    }
                  ]
                },
                {
                  "Node Type": "Index Scan",
                  "Parent Relationship": "Inner",
                  "Parallel Aware": false,
                  "Async Capable": false,
                  "Scan Direction": "Forward",
                  "Index Name": "fundamentals_daily_pkey",
                  "Relation Name": "fundamentals_daily",
                  "Alias": "fd",
                  "Startup Cost": 0.29,
                  "Total Cost": 4.3,
                  "Plan Rows": 1,
                  "Plan Width": 55,
                  "Index Cond": "((event_date = '2023-08-21'::date) AND (ticker = sdi.ticker))"
                }
              ]
            }
          ]
        }
      ]
    }
  },
  "db_statistics": {
    "table_stats": {
      "stocks_daily_info": {
        "row_count": 12700,
        "size_mb": 1.71
      },
      "fundamentals_daily": {
        "row_count": 12080,
        "size_mb": 2.33
      },
      "financials_quarterly": {
        "row_count": 8634,
        "size_mb": 0.8
      }
    },
    "existing_indexes": [
      "backtest_results_pkey",
      "community_posts_pkey",
      "financials_quarterly_pkey",
      "fundamentals_daily_pkey",
      "idx_finq_period_end",
      "idx_finq_ticker",
      "idx_fund_event_date",
      "idx_fund_ticker",
      "idx_sdi_event_date",
      "idx_sdi_ticker",
      "ix_backtest_results_strategy_id",
      "ix_community_posts_author_id",
      "ix_community_posts_strategy_id",
      "ix_ml_models_owner_id",
      "ix_strategies_owner_id",
      "ix_users_email",
      "ml_models_pkey",
      "stocks_daily_info_pkey",
      "strategies_pkey",
      "users_pkey"
    ]
  }
}
---
{
  "workload_id": 3591,
  "metadata": {
    "strategy_template": "Value Investing Style",
    "ml_model_used": null
  },
  "sql_query": "SELECT fd.bps, fd.dividend_yield, fd.eps, fd.pbr, fd.per, sdi.close_price, sdi.company_name, sdi.ma_20d, sdi.market_cap, sdi.momentum_12m, sdi.momentum_3m, sdi.rsi_14, sdi.ticker, sdi.volatility_20d FROM stocks_daily_info sdi LEFT JOIN fundamentals_daily fd ON fd.ticker = sdi.ticker AND fd.event_date = sdi.event_date WHERE sdi.market = 'KOSPI' AND sdi.market_cap >= 400300000000 AND sdi.event_date = DATE '2023-10-26' ORDER BY fd.pbr asc, fd.per desc, fd.eps desc, fd.dividend_yield desc LIMIT 47;",
  "baseline_execution_plan": {
    "Plan": {
      "Node Type": "Limit",
      "Parallel Aware": false,
      "Async Capable": false,
      "Startup Cost": 24.72,
      "Total Cost": 24.73,
      "Plan Rows": 1,
      "Plan Width": 105,
      "Plans": [
        {
          "Node Type": "Sort",
          "Parent Relationship": "Outer",
          "Parallel Aware": false,
          "Async Capable": false,
          "Startup Cost": 24.72,
          "Total Cost": 24.73,
          "Plan Rows": 1,
          "Plan Width": 105,
          "Sort Key": [
            "fd.pbr",
            "fd.per DESC",
            "fd.eps DESC",
            "fd.dividend_yield DESC"
          ],
          "Plans": [
            {
              "Node Type": "Nested Loop",
              "Parent Relationship": "Outer",
              "Parallel Aware": false,
              "Async Capable": false,
              "Join Type": "Left",
              "Startup Cost": 2.65,
              "Total Cost": 24.71,
              "Plan Rows": 1,
              "Plan Width": 105,
              "Inner Unique": true,
              "Plans": [
                {
                  "Node Type": "Bitmap Heap Scan",
                  "Parent Relationship": "Outer",
                  "Parallel Aware": false,
                  "Async Capable": false,
                  "Relation Name": "stocks_daily_info",
                  "Alias": "sdi",
                  "Startup Cost": 2.36,
                  "Total Cost": 20.4,
                  "Plan Rows": 1,
                  "Plan Width": 68,
                  "Recheck Cond": "(event_date = '2023-10-26'::date)",
                  "Filter": "((market_cap >= '400300000000'::numeric) AND (market = 'KOSPI'::text))",
                  "Plans": [
                    {
                      "Node Type": "Bitmap Index Scan",
                      "Parent Relationship": "Outer",
                      "Parallel Aware": false,
                      "Async Capable": false,
                      "Index Name": "idx_sdi_event_date",
                      "Startup Cost": 0.0,
                      "Total Cost": 2.36,
                      "Plan Rows": 10,
                      "Plan Width": 0,
                      "Index Cond": "(event_date = '2023-10-26'::date)"
                    }
                  ]
                },
                {
                  "Node Type": "Index Scan",
                  "Parent Relationship": "Inner",
                  "Parallel Aware": false,
                  "Async Capable": false,
                  "Scan Direction": "Forward",
                  "Index Name": "fundamentals_daily_pkey",
                  "Relation Name": "fundamentals_daily",
                  "Alias": "fd",
                  "Startup Cost": 0.29,
                  "Total Cost": 4.3,
                  "Plan Rows": 1,
                  "Plan Width": 55,
                  "Index Cond": "((event_date = '2023-10-26'::date) AND (ticker = sdi.ticker))"
                }
              ]
            }
          ]
        }
      ]
    }
  },
  "db_statistics": {
    "table_stats": {
      "stocks_daily_info": {
        "row_count": 12700,
        "size_mb": 1.71
      },
      "fundamentals_daily": {
        "row_count": 12080,
        "size_mb": 2.33
      },
      "financials_quarterly": {
        "row_count": 8634,
        "size_mb": 0.8
      }
    },
    "existing_indexes": [
      "backtest_results_pkey",
      "community_posts_pkey",
      "financials_quarterly_pkey",
      "fundamentals_daily_pkey",
      "idx_finq_period_end",
      "idx_finq_ticker",
      "idx_fund_event_date",
      "idx_fund_ticker",
      "idx_sdi_event_date",
      "idx_sdi_ticker",
      "ix_backtest_results_strategy_id",
      "ix_community_posts_author_id",
      "ix_community_posts_strategy_id",
      "ix_ml_models_owner_id",
      "ix_strategies_owner_id",
      "ix_users_email",
      "ml_models_pkey",
      "stocks_daily_info_pkey",
      "strategies_pkey",
      "users_pkey"
    ]
  }
}
---
{
  "workload_id": 3592,
  "metadata": {
    "strategy_template": "Value Investing Style",
    "ml_model_used": null
  },
  "sql_query": "SELECT fd.bps, fd.dividend_yield, fd.eps, fd.pbr, fd.per, sdi.close_price, sdi.company_name, sdi.ma_20d, sdi.market_cap, sdi.momentum_12m, sdi.momentum_3m, sdi.rsi_14, sdi.ticker, sdi.volatility_20d FROM stocks_daily_info sdi LEFT JOIN fundamentals_daily fd ON fd.ticker = sdi.ticker AND fd.event_date = sdi.event_date WHERE sdi.market = 'KOSDAQ' AND sdi.market_cap >= 452100000000 AND sdi.event_date = DATE '2023-06-19' ORDER BY fd.pbr asc, fd.per asc LIMIT 29;",
  "baseline_execution_plan": {
    "Plan": {
      "Node Type": "Limit",
      "Parallel Aware": false,
      "Async Capable": false,
      "Startup Cost": 24.72,
      "Total Cost": 24.73,
      "Plan Rows": 1,
      "Plan Width": 105,
      "Plans": [
        {
          "Node Type": "Sort",
          "Parent Relationship": "Outer",
          "Parallel Aware": false,
          "Async Capable": false,
          "Startup Cost": 24.72,
          "Total Cost": 24.73,
          "Plan Rows": 1,
          "Plan Width": 105,
          "Sort Key": [
            "fd.pbr",
            "fd.per"
          ],
          "Plans": [
            {
              "Node Type": "Nested Loop",
              "Parent Relationship": "Outer",
              "Parallel Aware": false,
              "Async Capable": false,
              "Join Type": "Left",
              "Startup Cost": 2.65,
              "Total Cost": 24.71,
              "Plan Rows": 1,
              "Plan Width": 105,
              "Inner Unique": true,
              "Plans": [
                {
                  "Node Type": "Bitmap Heap Scan",
                  "Parent Relationship": "Outer",
                  "Parallel Aware": false,
                  "Async Capable": false,
                  "Relation Name": "stocks_daily_info",
                  "Alias": "sdi",
                  "Startup Cost": 2.36,
                  "Total Cost": 20.4,
                  "Plan Rows": 1,
                  "Plan Width": 68,
                  "Recheck Cond": "(event_date = '2023-06-19'::date)",
                  "Filter": "((market_cap >= '452100000000'::numeric) AND (market = 'KOSDAQ'::text))",
                  "Plans": [
                    {
                      "Node Type": "Bitmap Index Scan",
                      "Parent Relationship": "Outer",
                      "Parallel Aware": false,
                      "Async Capable": false,
                      "Index Name": "idx_sdi_event_date",
                      "Startup Cost": 0.0,
                      "Total Cost": 2.36,
                      "Plan Rows": 10,
                      "Plan Width": 0,
                      "Index Cond": "(event_date = '2023-06-19'::date)"
                    }
                  ]
                },
                {
                  "Node Type": "Index Scan",
                  "Parent Relationship": "Inner",
                  "Parallel Aware": false,
                  "Async Capable": false,
                  "Scan Direction": "Forward",
                  "Index Name": "fundamentals_daily_pkey",
                  "Relation Name": "fundamentals_daily",
                  "Alias": "fd",
                  "Startup Cost": 0.29,
                  "Total Cost": 4.3,
                  "Plan Rows": 1,
                  "Plan Width": 55,
                  "Index Cond": "((event_date = '2023-06-19'::date) AND (ticker = sdi.ticker))"
                }
              ]
            }
          ]
        }
      ]
    }
  },
  "db_statistics": {
    "table_stats": {
      "stocks_daily_info": {
        "row_count": 12700,
        "size_mb": 1.71
      },
      "fundamentals_daily": {
        "row_count": 12080,
        "size_mb": 2.33
      },
      "financials_quarterly": {
        "row_count": 8634,
        "size_mb": 0.8
      }
    },
    "existing_indexes": [
      "backtest_results_pkey",
      "community_posts_pkey",
      "financials_quarterly_pkey",
      "fundamentals_daily_pkey",
      "idx_finq_period_end",
      "idx_finq_ticker",
      "idx_fund_event_date",
      "idx_fund_ticker",
      "idx_sdi_event_date",
      "idx_sdi_ticker",
      "ix_backtest_results_strategy_id",
      "ix_community_posts_author_id",
      "ix_community_posts_strategy_id",
      "ix_ml_models_owner_id",
      "ix_strategies_owner_id",
      "ix_users_email",
      "ml_models_pkey",
      "stocks_daily_info_pkey",
      "strategies_pkey",
      "users_pkey"
    ]
  }
}
---
{
  "workload_id": 3593,
  "metadata": {
    "strategy_template": "Momentum Investing Style",
    "ml_model_used": null
  },
  "sql_query": "SELECT sdi.close_price, sdi.company_name, sdi.ma_20d, sdi.market_cap, sdi.momentum_12m, sdi.momentum_3m, sdi.rsi_14, sdi.ticker, sdi.volatility_20d FROM stocks_daily_info sdi WHERE sdi.market = 'KOSDAQ' AND sdi.market_cap >= 323300000000 AND sdi.event_date = DATE '2023-09-06' ORDER BY sdi.momentum_3m asc, sdi.momentum_12m asc LIMIT 32;",
  "baseline_execution_plan": {
    "Plan": {
      "Node Type": "Limit",
      "Parallel Aware": false,
      "Async Capable": false,
      "Startup Cost": 20.41,
      "Total Cost": 20.41,
      "Plan Rows": 1,
      "Plan Width": 64,
      "Plans": [
        {
          "Node Type": "Sort",
          "Parent Relationship": "Outer",
          "Parallel Aware": false,
          "Async Capable": false,
          "Startup Cost": 20.41,
          "Total Cost": 20.41,
          "Plan Rows": 1,
          "Plan Width": 64,
          "Sort Key": [
            "momentum_3m",
            "momentum_12m"
          ],
          "Plans": [
            {
              "Node Type": "Bitmap Heap Scan",
              "Parent Relationship": "Outer",
              "Parallel Aware": false,
              "Async Capable": false,
              "Relation Name": "stocks_daily_info",
              "Alias": "sdi",
              "Startup Cost": 2.36,
              "Total Cost": 20.4,
              "Plan Rows": 1,
              "Plan Width": 64,
              "Recheck Cond": "(event_date = '2023-09-06'::date)",
              "Filter": "((market_cap >= '323300000000'::numeric) AND (market = 'KOSDAQ'::text))",
              "Plans": [
                {
                  "Node Type": "Bitmap Index Scan",
                  "Parent Relationship": "Outer",
                  "Parallel Aware": false,
                  "Async Capable": false,
                  "Index Name": "idx_sdi_event_date",
                  "Startup Cost": 0.0,
                  "Total Cost": 2.36,
                  "Plan Rows": 10,
                  "Plan Width": 0,
                  "Index Cond": "(event_date = '2023-09-06'::date)"
                }
              ]
            }
          ]
        }
      ]
    }
  },
  "db_statistics": {
    "table_stats": {
      "stocks_daily_info": {
        "row_count": 12700,
        "size_mb": 1.71
      },
      "fundamentals_daily": {
        "row_count": 12080,
        "size_mb": 2.33
      },
      "financials_quarterly": {
        "row_count": 8634,
        "size_mb": 0.8
      }
    },
    "existing_indexes": [
      "backtest_results_pkey",
      "community_posts_pkey",
      "financials_quarterly_pkey",
      "fundamentals_daily_pkey",
      "idx_finq_period_end",
      "idx_finq_ticker",
      "idx_fund_event_date",
      "idx_fund_ticker",
      "idx_sdi_event_date",
      "idx_sdi_ticker",
      "ix_backtest_results_strategy_id",
      "ix_community_posts_author_id",
      "ix_community_posts_strategy_id",
      "ix_ml_models_owner_id",
      "ix_strategies_owner_id",
      "ix_users_email",
      "ml_models_pkey",
      "stocks_daily_info_pkey",
      "strategies_pkey",
      "users_pkey"
    ]
  }
}
---
{
  "workload_id": 3594,
  "metadata": {
    "strategy_template": "ML Hybrid Style",
    "ml_model_used": "Return Forecast Model"
  },
  "sql_query": "SELECT fd.bps, fd.dividend_yield, fd.eps, fd.pbr, fd.per, sdi.close_price, sdi.company_name, sdi.ma_20d, sdi.market_cap, sdi.momentum_12m, sdi.momentum_3m, sdi.rsi_14, sdi.ticker, sdi.volatility_20d FROM stocks_daily_info sdi LEFT JOIN fundamentals_daily fd ON fd.ticker = sdi.ticker AND fd.event_date = sdi.event_date WHERE sdi.market = 'KOSPI' AND sdi.market_cap >= 480400000000 AND sdi.event_date = DATE '2023-06-16' ORDER BY CASE sdi.ticker WHEN '000660.KS' THEN 1 WHEN '005930.KS' THEN 2 WHEN '068270.KQ' THEN 3 WHEN '207940.KS' THEN 4 WHEN '035420.KS' THEN 5 WHEN '005380.KS' THEN 6 WHEN '051910.KS' THEN 7 WHEN '012330.KS' THEN 8 WHEN '035720.KS' THEN 9 WHEN '105560.KS' THEN 10 ELSE 11 END LIMIT 47;",
  "baseline_execution_plan": {
    "Plan": {
      "Node Type": "Limit",
      "Parallel Aware": false,
      "Async Capable": false,
      "Startup Cost": 24.75,
      "Total Cost": 24.75,
      "Plan Rows": 1,
      "Plan Width": 109,
      "Plans": [
        {
          "Node Type": "Sort",
          "Parent Relationship": "Outer",
          "Parallel Aware": false,
          "Async Capable": false,
          "Startup Cost": 24.75,
          "Total Cost": 24.75,
          "Plan Rows": 1,
          "Plan Width": 109,
          "Sort Key": [
            "(CASE sdi.ticker WHEN '000660.KS'::text THEN 1 WHEN '005930.KS'::text THEN 2 WHEN '068270.KQ'::text THEN 3 WHEN '207940.KS'::text THEN 4 WHEN '035420.KS'::text THEN 5 WHEN '005380.KS'::text THEN 6 WHEN '051910.KS'::text THEN 7 WHEN '012330.KS'::text THEN 8 WHEN '035720.KS'::text THEN 9 WHEN '105560.KS'::text THEN 10 ELSE 11 END)"
          ],
          "Plans": [
            {
              "Node Type": "Nested Loop",
              "Parent Relationship": "Outer",
              "Parallel Aware": false,
              "Async Capable": false,
              "Join Type": "Left",
              "Startup Cost": 2.65,
              "Total Cost": 24.74,
              "Plan Rows": 1,
              "Plan Width": 109,
              "Inner Unique": true,
              "Plans": [
                {
                  "Node Type": "Bitmap Heap Scan",
                  "Parent Relationship": "Outer",
                  "Parallel Aware": false,
                  "Async Capable": false,
                  "Relation Name": "stocks_daily_info",
                  "Alias": "sdi",
                  "Startup Cost": 2.36,
                  "Total Cost": 20.4,
                  "Plan Rows": 1,
                  "Plan Width": 68,
                  "Recheck Cond": "(event_date = '2023-06-16'::date)",
                  "Filter": "((market_cap >= '480400000000'::numeric) AND (market = 'KOSPI'::text))",
                  "Plans": [
                    {
                      "Node Type": "Bitmap Index Scan",
                      "Parent Relationship": "Outer",
                      "Parallel Aware": false,
                      "Async Capable": false,
                      "Index Name": "idx_sdi_event_date",
                      "Startup Cost": 0.0,
                      "Total Cost": 2.36,
                      "Plan Rows": 10,
                      "Plan Width": 0,
                      "Index Cond": "(event_date = '2023-06-16'::date)"
                    }
                  ]
                },
                {
                  "Node Type": "Index Scan",
                  "Parent Relationship": "Inner",
                  "Parallel Aware": false,
                  "Async Capable": false,
                  "Scan Direction": "Forward",
                  "Index Name": "fundamentals_daily_pkey",
                  "Relation Name": "fundamentals_daily",
                  "Alias": "fd",
                  "Startup Cost": 0.29,
                  "Total Cost": 4.3,
                  "Plan Rows": 1,
                  "Plan Width": 55,
                  "Index Cond": "((event_date = '2023-06-16'::date) AND (ticker = sdi.ticker))"
                }
              ]
            }
          ]
        }
      ]
    }
  },
  "db_statistics": {
    "table_stats": {
      "stocks_daily_info": {
        "row_count": 12700,
        "size_mb": 1.71
      },
      "fundamentals_daily": {
        "row_count": 12080,
        "size_mb": 2.33
      },
      "financials_quarterly": {
        "row_count": 8634,
        "size_mb": 0.8
      }
    },
    "existing_indexes": [
      "backtest_results_pkey",
      "community_posts_pkey",
      "financials_quarterly_pkey",
      "fundamentals_daily_pkey",
      "idx_finq_period_end",
      "idx_finq_ticker",
      "idx_fund_event_date",
      "idx_fund_ticker",
      "idx_sdi_event_date",
      "idx_sdi_ticker",
      "ix_backtest_results_strategy_id",
      "ix_community_posts_author_id",
      "ix_community_posts_strategy_id",
      "ix_ml_models_owner_id",
      "ix_strategies_owner_id",
      "ix_users_email",
      "ml_models_pkey",
      "stocks_daily_info_pkey",
      "strategies_pkey",
      "users_pkey"
    ]
  }
}
---
{
  "workload_id": 3595,
  "metadata": {
    "strategy_template": "Momentum Investing Style",
    "ml_model_used": null
  },
  "sql_query": "SELECT sdi.close_price, sdi.company_name, sdi.ma_20d, sdi.market_cap, sdi.momentum_12m, sdi.momentum_3m, sdi.rsi_14, sdi.ticker, sdi.volatility_20d FROM stocks_daily_info sdi WHERE sdi.market = 'KOSPI' AND sdi.market_cap >= 404600000000 AND sdi.event_date = DATE '2023-06-27' ORDER BY sdi.momentum_3m desc, sdi.momentum_12m asc, sdi.rsi_14 desc LIMIT 16;",
  "baseline_execution_plan": {
    "Plan": {
      "Node Type": "Limit",
      "Parallel Aware": false,
      "Async Capable": false,
      "Startup Cost": 20.41,
      "Total Cost": 20.41,
      "Plan Rows": 1,
      "Plan Width": 64,
      "Plans": [
        {
          "Node Type": "Sort",
          "Parent Relationship": "Outer",
          "Parallel Aware": false,
          "Async Capable": false,
          "Startup Cost": 20.41,
          "Total Cost": 20.41,
          "Plan Rows": 1,
          "Plan Width": 64,
          "Sort Key": [
            "momentum_3m DESC",
            "momentum_12m",
            "rsi_14 DESC"
          ],
          "Plans": [
            {
              "Node Type": "Bitmap Heap Scan",
              "Parent Relationship": "Outer",
              "Parallel Aware": false,
              "Async Capable": false,
              "Relation Name": "stocks_daily_info",
              "Alias": "sdi",
              "Startup Cost": 2.36,
              "Total Cost": 20.4,
              "Plan Rows": 1,
              "Plan Width": 64,
              "Recheck Cond": "(event_date = '2023-06-27'::date)",
              "Filter": "((market_cap >= '404600000000'::numeric) AND (market = 'KOSPI'::text))",
              "Plans": [
                {
                  "Node Type": "Bitmap Index Scan",
                  "Parent Relationship": "Outer",
                  "Parallel Aware": false,
                  "Async Capable": false,
                  "Index Name": "idx_sdi_event_date",
                  "Startup Cost": 0.0,
                  "Total Cost": 2.36,
                  "Plan Rows": 10,
                  "Plan Width": 0,
                  "Index Cond": "(event_date = '2023-06-27'::date)"
                }
              ]
            }
          ]
        }
      ]
    }
  },
  "db_statistics": {
    "table_stats": {
      "stocks_daily_info": {
        "row_count": 12700,
        "size_mb": 1.71
      },
      "fundamentals_daily": {
        "row_count": 12080,
        "size_mb": 2.33
      },
      "financials_quarterly": {
        "row_count": 8634,
        "size_mb": 0.8
      }
    },
    "existing_indexes": [
      "backtest_results_pkey",
      "community_posts_pkey",
      "financials_quarterly_pkey",
      "fundamentals_daily_pkey",
      "idx_finq_period_end",
      "idx_finq_ticker",
      "idx_fund_event_date",
      "idx_fund_ticker",
      "idx_sdi_event_date",
      "idx_sdi_ticker",
      "ix_backtest_results_strategy_id",
      "ix_community_posts_author_id",
      "ix_community_posts_strategy_id",
      "ix_ml_models_owner_id",
      "ix_strategies_owner_id",
      "ix_users_email",
      "ml_models_pkey",
      "stocks_daily_info_pkey",
      "strategies_pkey",
      "users_pkey"
    ]
  }
}
---
{
  "workload_id": 3596,
  "metadata": {
    "strategy_template": "ML Hybrid Style",
    "ml_model_used": "Return Forecast Model"
  },
  "sql_query": "SELECT fd.bps, fd.dividend_yield, fd.eps, fd.pbr, fd.per, sdi.close_price, sdi.company_name, sdi.ma_20d, sdi.market_cap, sdi.momentum_12m, sdi.momentum_3m, sdi.rsi_14, sdi.ticker, sdi.volatility_20d FROM stocks_daily_info sdi LEFT JOIN fundamentals_daily fd ON fd.ticker = sdi.ticker AND fd.event_date = sdi.event_date WHERE sdi.market = 'KOSPI' AND sdi.market_cap >= 177100000000 AND sdi.event_date = DATE '2023-08-11' ORDER BY CASE sdi.ticker WHEN '000660.KS' THEN 1 WHEN '005930.KS' THEN 2 WHEN '068270.KQ' THEN 3 WHEN '207940.KS' THEN 4 WHEN '035420.KS' THEN 5 WHEN '005380.KS' THEN 6 WHEN '051910.KS' THEN 7 WHEN '012330.KS' THEN 8 WHEN '035720.KS' THEN 9 WHEN '105560.KS' THEN 10 ELSE 11 END LIMIT 43;",
  "baseline_execution_plan": {
    "Plan": {
      "Node Type": "Limit",
      "Parallel Aware": false,
      "Async Capable": false,
      "Startup Cost": 24.75,
      "Total Cost": 24.75,
      "Plan Rows": 1,
      "Plan Width": 109,
      "Plans": [
        {
          "Node Type": "Sort",
          "Parent Relationship": "Outer",
          "Parallel Aware": false,
          "Async Capable": false,
          "Startup Cost": 24.75,
          "Total Cost": 24.75,
          "Plan Rows": 1,
          "Plan Width": 109,
          "Sort Key": [
            "(CASE sdi.ticker WHEN '000660.KS'::text THEN 1 WHEN '005930.KS'::text THEN 2 WHEN '068270.KQ'::text THEN 3 WHEN '207940.KS'::text THEN 4 WHEN '035420.KS'::text THEN 5 WHEN '005380.KS'::text THEN 6 WHEN '051910.KS'::text THEN 7 WHEN '012330.KS'::text THEN 8 WHEN '035720.KS'::text THEN 9 WHEN '105560.KS'::text THEN 10 ELSE 11 END)"
          ],
          "Plans": [
            {
              "Node Type": "Nested Loop",
              "Parent Relationship": "Outer",
              "Parallel Aware": false,
              "Async Capable": false,
              "Join Type": "Left",
              "Startup Cost": 2.65,
              "Total Cost": 24.74,
              "Plan Rows": 1,
              "Plan Width": 109,
              "Inner Unique": true,
              "Plans": [
                {
                  "Node Type": "Bitmap Heap Scan",
                  "Parent Relationship": "Outer",
                  "Parallel Aware": false,
                  "Async Capable": false,
                  "Relation Name": "stocks_daily_info",
                  "Alias": "sdi",
                  "Startup Cost": 2.36,
                  "Total Cost": 20.4,
                  "Plan Rows": 1,
                  "Plan Width": 68,
                  "Recheck Cond": "(event_date = '2023-08-11'::date)",
                  "Filter": "((market_cap >= '177100000000'::numeric) AND (market = 'KOSPI'::text))",
                  "Plans": [
                    {
                      "Node Type": "Bitmap Index Scan",
                      "Parent Relationship": "Outer",
                      "Parallel Aware": false,
                      "Async Capable": false,
                      "Index Name": "idx_sdi_event_date",
                      "Startup Cost": 0.0,
                      "Total Cost": 2.36,
                      "Plan Rows": 10,
                      "Plan Width": 0,
                      "Index Cond": "(event_date = '2023-08-11'::date)"
                    }
                  ]
                },
                {
                  "Node Type": "Index Scan",
                  "Parent Relationship": "Inner",
                  "Parallel Aware": false,
                  "Async Capable": false,
                  "Scan Direction": "Forward",
                  "Index Name": "fundamentals_daily_pkey",
                  "Relation Name": "fundamentals_daily",
                  "Alias": "fd",
                  "Startup Cost": 0.29,
                  "Total Cost": 4.3,
                  "Plan Rows": 1,
                  "Plan Width": 55,
                  "Index Cond": "((event_date = '2023-08-11'::date) AND (ticker = sdi.ticker))"
                }
              ]
            }
          ]
        }
      ]
    }
  },
  "db_statistics": {
    "table_stats": {
      "stocks_daily_info": {
        "row_count": 12700,
        "size_mb": 1.71
      },
      "fundamentals_daily": {
        "row_count": 12080,
        "size_mb": 2.33
      },
      "financials_quarterly": {
        "row_count": 8634,
        "size_mb": 0.8
      }
    },
    "existing_indexes": [
      "backtest_results_pkey",
      "community_posts_pkey",
      "financials_quarterly_pkey",
      "fundamentals_daily_pkey",
      "idx_finq_period_end",
      "idx_finq_ticker",
      "idx_fund_event_date",
      "idx_fund_ticker",
      "idx_sdi_event_date",
      "idx_sdi_ticker",
      "ix_backtest_results_strategy_id",
      "ix_community_posts_author_id",
      "ix_community_posts_strategy_id",
      "ix_ml_models_owner_id",
      "ix_strategies_owner_id",
      "ix_users_email",
      "ml_models_pkey",
      "stocks_daily_info_pkey",
      "strategies_pkey",
      "users_pkey"
    ]
  }
}
---
{
  "workload_id": 3597,
  "metadata": {
    "strategy_template": "Momentum Investing Style",
    "ml_model_used": null
  },
  "sql_query": "SELECT sdi.close_price, sdi.company_name, sdi.ma_20d, sdi.market_cap, sdi.momentum_12m, sdi.momentum_3m, sdi.rsi_14, sdi.ticker, sdi.volatility_20d FROM stocks_daily_info sdi WHERE sdi.market = 'KOSPI' AND sdi.market_cap >= 328800000000 AND sdi.event_date = DATE '2023-05-18' ORDER BY sdi.momentum_3m desc, sdi.momentum_12m asc, sdi.rsi_14 asc LIMIT 23;",
  "baseline_execution_plan": {
    "Plan": {
      "Node Type": "Limit",
      "Parallel Aware": false,
      "Async Capable": false,
      "Startup Cost": 20.41,
      "Total Cost": 20.41,
      "Plan Rows": 1,
      "Plan Width": 64,
      "Plans": [
        {
          "Node Type": "Sort",
          "Parent Relationship": "Outer",
          "Parallel Aware": false,
          "Async Capable": false,
          "Startup Cost": 20.41,
          "Total Cost": 20.41,
          "Plan Rows": 1,
          "Plan Width": 64,
          "Sort Key": [
            "momentum_3m DESC",
            "momentum_12m",
            "rsi_14"
          ],
          "Plans": [
            {
              "Node Type": "Bitmap Heap Scan",
              "Parent Relationship": "Outer",
              "Parallel Aware": false,
              "Async Capable": false,
              "Relation Name": "stocks_daily_info",
              "Alias": "sdi",
              "Startup Cost": 2.36,
              "Total Cost": 20.4,
              "Plan Rows": 1,
              "Plan Width": 64,
              "Recheck Cond": "(event_date = '2023-05-18'::date)",
              "Filter": "((market_cap >= '328800000000'::numeric) AND (market = 'KOSPI'::text))",
              "Plans": [
                {
                  "Node Type": "Bitmap Index Scan",
                  "Parent Relationship": "Outer",
                  "Parallel Aware": false,
                  "Async Capable": false,
                  "Index Name": "idx_sdi_event_date",
                  "Startup Cost": 0.0,
                  "Total Cost": 2.36,
                  "Plan Rows": 10,
                  "Plan Width": 0,
                  "Index Cond": "(event_date = '2023-05-18'::date)"
                }
              ]
            }
          ]
        }
      ]
    }
  },
  "db_statistics": {
    "table_stats": {
      "stocks_daily_info": {
        "row_count": 12700,
        "size_mb": 1.71
      },
      "fundamentals_daily": {
        "row_count": 12080,
        "size_mb": 2.33
      },
      "financials_quarterly": {
        "row_count": 8634,
        "size_mb": 0.8
      }
    },
    "existing_indexes": [
      "backtest_results_pkey",
      "community_posts_pkey",
      "financials_quarterly_pkey",
      "fundamentals_daily_pkey",
      "idx_finq_period_end",
      "idx_finq_ticker",
      "idx_fund_event_date",
      "idx_fund_ticker",
      "idx_sdi_event_date",
      "idx_sdi_ticker",
      "ix_backtest_results_strategy_id",
      "ix_community_posts_author_id",
      "ix_community_posts_strategy_id",
      "ix_ml_models_owner_id",
      "ix_strategies_owner_id",
      "ix_users_email",
      "ml_models_pkey",
      "stocks_daily_info_pkey",
      "strategies_pkey",
      "users_pkey"
    ]
  }
}
---
{
  "workload_id": 3598,
  "metadata": {
    "strategy_template": "ML Hybrid Style",
    "ml_model_used": null
  },
  "sql_query": "SELECT sdi.close_price, sdi.company_name, sdi.ma_20d, sdi.market_cap, sdi.momentum_12m, sdi.momentum_3m, sdi.rsi_14, sdi.ticker, sdi.volatility_20d FROM stocks_daily_info sdi WHERE sdi.market = 'KOSPI' AND sdi.market_cap >= 324100000000 AND sdi.event_date = DATE '2023-05-07' ORDER BY sdi.rsi_14 asc LIMIT 17;",
  "baseline_execution_plan": {
    "Plan": {
      "Node Type": "Limit",
      "Parallel Aware": false,
      "Async Capable": false,
      "Startup Cost": 20.41,
      "Total Cost": 20.41,
      "Plan Rows": 1,
      "Plan Width": 64,
      "Plans": [
        {
          "Node Type": "Sort",
          "Parent Relationship": "Outer",
          "Parallel Aware": false,
          "Async Capable": false,
          "Startup Cost": 20.41,
          "Total Cost": 20.41,
          "Plan Rows": 1,
          "Plan Width": 64,
          "Sort Key": [
            "rsi_14"
          ],
          "Plans": [
            {
              "Node Type": "Bitmap Heap Scan",
              "Parent Relationship": "Outer",
              "Parallel Aware": false,
              "Async Capable": false,
              "Relation Name": "stocks_daily_info",
              "Alias": "sdi",
              "Startup Cost": 2.36,
              "Total Cost": 20.4,
              "Plan Rows": 1,
              "Plan Width": 64,
              "Recheck Cond": "(event_date = '2023-05-07'::date)",
              "Filter": "((market_cap >= '324100000000'::numeric) AND (market = 'KOSPI'::text))",
              "Plans": [
                {
                  "Node Type": "Bitmap Index Scan",
                  "Parent Relationship": "Outer",
                  "Parallel Aware": false,
                  "Async Capable": false,
                  "Index Name": "idx_sdi_event_date",
                  "Startup Cost": 0.0,
                  "Total Cost": 2.36,
                  "Plan Rows": 10,
                  "Plan Width": 0,
                  "Index Cond": "(event_date = '2023-05-07'::date)"
                }
              ]
            }
          ]
        }
      ]
    }
  },
  "db_statistics": {
    "table_stats": {
      "stocks_daily_info": {
        "row_count": 12700,
        "size_mb": 1.71
      },
      "fundamentals_daily": {
        "row_count": 12080,
        "size_mb": 2.33
      },
      "financials_quarterly": {
        "row_count": 8634,
        "size_mb": 0.8
      }
    },
    "existing_indexes": [
      "backtest_results_pkey",
      "community_posts_pkey",
      "financials_quarterly_pkey",
      "fundamentals_daily_pkey",
      "idx_finq_period_end",
      "idx_finq_ticker",
      "idx_fund_event_date",
      "idx_fund_ticker",
      "idx_sdi_event_date",
      "idx_sdi_ticker",
      "ix_backtest_results_strategy_id",
      "ix_community_posts_author_id",
      "ix_community_posts_strategy_id",
      "ix_ml_models_owner_id",
      "ix_strategies_owner_id",
      "ix_users_email",
      "ml_models_pkey",
      "stocks_daily_info_pkey",
      "strategies_pkey",
      "users_pkey"
    ]
  }
}
---
{
  "workload_id": 3599,
  "metadata": {
    "strategy_template": "ML Hybrid Style",
    "ml_model_used": null
  },
  "sql_query": "SELECT sdi.close_price, sdi.company_name, sdi.ma_20d, sdi.market_cap, sdi.momentum_12m, sdi.momentum_3m, sdi.rsi_14, sdi.ticker, sdi.volatility_20d FROM stocks_daily_info sdi WHERE sdi.market = 'KOSDAQ' AND sdi.market_cap >= 188600000000 AND sdi.event_date = DATE '2023-10-09' ORDER BY sdi.volatility_20d asc LIMIT 26;",
  "baseline_execution_plan": {
    "Plan": {
      "Node Type": "Limit",
      "Parallel Aware": false,
      "Async Capable": false,
      "Startup Cost": 20.41,
      "Total Cost": 20.41,
      "Plan Rows": 1,
      "Plan Width": 64,
      "Plans": [
        {
          "Node Type": "Sort",
          "Parent Relationship": "Outer",
          "Parallel Aware": false,
          "Async Capable": false,
          "Startup Cost": 20.41,
          "Total Cost": 20.41,
          "Plan Rows": 1,
          "Plan Width": 64,
          "Sort Key": [
            "volatility_20d"
          ],
          "Plans": [
            {
              "Node Type": "Bitmap Heap Scan",
              "Parent Relationship": "Outer",
              "Parallel Aware": false,
              "Async Capable": false,
              "Relation Name": "stocks_daily_info",
              "Alias": "sdi",
              "Startup Cost": 2.36,
              "Total Cost": 20.4,
              "Plan Rows": 1,
              "Plan Width": 64,
              "Recheck Cond": "(event_date = '2023-10-09'::date)",
              "Filter": "((market_cap >= '188600000000'::numeric) AND (market = 'KOSDAQ'::text))",
              "Plans": [
                {
                  "Node Type": "Bitmap Index Scan",
                  "Parent Relationship": "Outer",
                  "Parallel Aware": false,
                  "Async Capable": false,
                  "Index Name": "idx_sdi_event_date",
                  "Startup Cost": 0.0,
                  "Total Cost": 2.36,
                  "Plan Rows": 10,
                  "Plan Width": 0,
                  "Index Cond": "(event_date = '2023-10-09'::date)"
                }
              ]
            }
          ]
        }
      ]
    }
  },
  "db_statistics": {
    "table_stats": {
      "stocks_daily_info": {
        "row_count": 12700,
        "size_mb": 1.71
      },
      "fundamentals_daily": {
        "row_count": 12080,
        "size_mb": 2.33
      },
      "financials_quarterly": {
        "row_count": 8634,
        "size_mb": 0.8
      }
    },
    "existing_indexes": [
      "backtest_results_pkey",
      "community_posts_pkey",
      "financials_quarterly_pkey",
      "fundamentals_daily_pkey",
      "idx_finq_period_end",
      "idx_finq_ticker",
      "idx_fund_event_date",
      "idx_fund_ticker",
      "idx_sdi_event_date",
      "idx_sdi_ticker",
      "ix_backtest_results_strategy_id",
      "ix_community_posts_author_id",
      "ix_community_posts_strategy_id",
      "ix_ml_models_owner_id",
      "ix_strategies_owner_id",
      "ix_users_email",
      "ml_models_pkey",
      "stocks_daily_info_pkey",
      "strategies_pkey",
      "users_pkey"
    ]
  }
}
---
{
  "workload_id": 3600,
  "metadata": {
    "strategy_template": "Momentum Investing Style",
    "ml_model_used": null
  },
  "sql_query": "SELECT sdi.close_price, sdi.company_name, sdi.ma_20d, sdi.market_cap, sdi.momentum_12m, sdi.momentum_3m, sdi.rsi_14, sdi.ticker, sdi.volatility_20d FROM stocks_daily_info sdi WHERE sdi.market = 'KOSPI' AND sdi.market_cap >= 397900000000 AND sdi.event_date = DATE '2023-08-14' ORDER BY sdi.momentum_3m desc, sdi.momentum_12m asc, sdi.volatility_20d desc, sdi.rsi_14 desc LIMIT 50;",
  "baseline_execution_plan": {
    "Plan": {
      "Node Type": "Limit",
      "Parallel Aware": false,
      "Async Capable": false,
      "Startup Cost": 20.41,
      "Total Cost": 20.41,
      "Plan Rows": 1,
      "Plan Width": 64,
      "Plans": [
        {
          "Node Type": "Sort",
          "Parent Relationship": "Outer",
          "Parallel Aware": false,
          "Async Capable": false,
          "Startup Cost": 20.41,
          "Total Cost": 20.41,
          "Plan Rows": 1,
          "Plan Width": 64,
          "Sort Key": [
            "momentum_3m DESC",
            "momentum_12m",
            "volatility_20d DESC",
            "rsi_14 DESC"
          ],
          "Plans": [
            {
              "Node Type": "Bitmap Heap Scan",
              "Parent Relationship": "Outer",
              "Parallel Aware": false,
              "Async Capable": false,
              "Relation Name": "stocks_daily_info",
              "Alias": "sdi",
              "Startup Cost": 2.36,
              "Total Cost": 20.4,
              "Plan Rows": 1,
              "Plan Width": 64,
              "Recheck Cond": "(event_date = '2023-08-14'::date)",
              "Filter": "((market_cap >= '397900000000'::numeric) AND (market = 'KOSPI'::text))",
              "Plans": [
                {
                  "Node Type": "Bitmap Index Scan",
                  "Parent Relationship": "Outer",
                  "Parallel Aware": false,
                  "Async Capable": false,
                  "Index Name": "idx_sdi_event_date",
                  "Startup Cost": 0.0,
                  "Total Cost": 2.36,
                  "Plan Rows": 10,
                  "Plan Width": 0,
                  "Index Cond": "(event_date = '2023-08-14'::date)"
                }
              ]
            }
          ]
        }
      ]
    }
  },
  "db_statistics": {
    "table_stats": {
      "stocks_daily_info": {
        "row_count": 12700,
        "size_mb": 1.71
      },
      "fundamentals_daily": {
        "row_count": 12080,
        "size_mb": 2.33
      },
      "financials_quarterly": {
        "row_count": 8634,
        "size_mb": 0.8
      }
    },
    "existing_indexes": [
      "backtest_results_pkey",
      "community_posts_pkey",
      "financials_quarterly_pkey",
      "fundamentals_daily_pkey",
      "idx_finq_period_end",
      "idx_finq_ticker",
      "idx_fund_event_date",
      "idx_fund_ticker",
      "idx_sdi_event_date",
      "idx_sdi_ticker",
      "ix_backtest_results_strategy_id",
      "ix_community_posts_author_id",
      "ix_community_posts_strategy_id",
      "ix_ml_models_owner_id",
      "ix_strategies_owner_id",
      "ix_users_email",
      "ml_models_pkey",
      "stocks_daily_info_pkey",
      "strategies_pkey",
      "users_pkey"
    ]
  }
}
---
